[rospy.client][INFO] 2021-12-14 09:53:10,106: init_node, name[/joint_state_publisher], pid[10525]
[xmlrpc][INFO] 2021-12-14 09:53:10,106: XML-RPC server binding to 0.0.0.0:0
[xmlrpc][INFO] 2021-12-14 09:53:10,107: Started XML-RPC server [http://wng:33455/]
[rospy.init][INFO] 2021-12-14 09:53:10,107: ROS Slave URI: [http://wng:33455/]
[rospy.impl.masterslave][INFO] 2021-12-14 09:53:10,107: _ready: http://wng:33455/
[rospy.registration][INFO] 2021-12-14 09:53:10,107: Registering with master node http://localhost:11311
[xmlrpc][INFO] 2021-12-14 09:53:10,108: xml rpc node: starting XML-RPC server
[rospy.init][INFO] 2021-12-14 09:53:10,207: registered with master
[rospy.rosout][INFO] 2021-12-14 09:53:10,207: initializing /rosout core topic
[rospy.rosout][INFO] 2021-12-14 09:53:10,209: connected to core topic /rosout
[rospy.simtime][INFO] 2021-12-14 09:53:10,210: /use_sim_time is not set, will not subscribe to simulated time [/clock] topic
[rospy.internal][INFO] 2021-12-14 09:53:10,279: topic[/move_group/fake_controller_joint_states] adding connection to [http://wng:39503/], count 0
[rospy.internal][INFO] 2021-12-14 09:53:10,362: topic[/rosout] adding connection to [/rosout], count 0
[rospy.internal][INFO] 2021-12-14 09:53:10,462: topic[/joint_states] adding connection to [/joint_state_desired_publisher], count 0
[rospy.internal][INFO] 2021-12-14 09:53:10,463: topic[/joint_states] adding connection to [/robot_state_publisher], count 1
[rospy.internal][INFO] 2021-12-14 09:53:47,633: topic[/joint_states] adding connection to [/move_group_commander_wrappers_1639443198195065724], count 2
[rospy.core][INFO] 2021-12-14 09:56:49,930: signal_shutdown [signal-2]
[rospy.internal][INFO] 2021-12-14 09:56:49,937: topic[/joint_states] removing connection to /joint_state_desired_publisher
[rospy.internal][INFO] 2021-12-14 09:56:49,937: topic[/joint_states] removing connection to /robot_state_publisher
[rospy.internal][INFO] 2021-12-14 09:56:49,937: topic[/joint_states] removing connection to /move_group_commander_wrappers_1639443198195065724
[rospy.internal][INFO] 2021-12-14 09:56:49,938: topic[/rosout] removing connection to /rosout
[rospy.internal][INFO] 2021-12-14 09:56:49,938: topic[/move_group/fake_controller_joint_states] removing connection to http://wng:39503/
[rospy.impl.masterslave][INFO] 2021-12-14 09:56:49,938: signal-2
[rospy.core][INFO] 2021-12-14 09:56:50,054: signal_shutdown [atexit]
