[rospy.client][INFO] 2021-12-14 09:53:10,399: init_node, name[/server_endpoint], pid[10523]
[xmlrpc][INFO] 2021-12-14 09:53:10,400: XML-RPC server binding to 0.0.0.0:0
[xmlrpc][INFO] 2021-12-14 09:53:10,400: Started XML-RPC server [http://wng:42009/]
[rospy.init][INFO] 2021-12-14 09:53:10,400: ROS Slave URI: [http://wng:42009/]
[rospy.impl.masterslave][INFO] 2021-12-14 09:53:10,400: _ready: http://wng:42009/
[rospy.registration][INFO] 2021-12-14 09:53:10,401: Registering with master node http://localhost:11311
[xmlrpc][INFO] 2021-12-14 09:53:10,401: xml rpc node: starting XML-RPC server
[rospy.init][INFO] 2021-12-14 09:53:10,501: registered with master
[rospy.rosout][INFO] 2021-12-14 09:53:10,501: initializing /rosout core topic
[rospy.rosout][INFO] 2021-12-14 09:53:10,502: connected to core topic /rosout
[rospy.simtime][INFO] 2021-12-14 09:53:10,503: /use_sim_time is not set, will not subscribe to simulated time [/clock] topic
[rosout][INFO] 2021-12-14 09:53:10,509: Starting server on 192.168.0.8:10000
[rospy.internal][INFO] 2021-12-14 09:53:10,763: topic[/rosout] adding connection to [/rosout], count 0
[rosout][INFO] 2021-12-14 09:53:46,085: Connection from 192.168.0.8
[rosout][INFO] 2021-12-14 09:53:46,089: RegisterPublisher(execution_check, <class 'panda_move.msg._ExecutionCheck.ExecutionCheck'>) OK
[rospy.internal][INFO] 2021-12-14 09:53:46,138: topic[/execution_check] adding connection to [http://wng:42009/], count 0
[rospy.internal][INFO] 2021-12-14 09:53:46,140: topic[/execution_check] adding connection to [/server_endpoint], count 0
[rosout][ERROR] 2021-12-14 09:54:34,791: Exception: No more data available
[rosout][INFO] 2021-12-14 09:54:34,792: Disconnected from 192.168.0.8
[rospy.core][INFO] 2021-12-14 09:56:49,931: signal_shutdown [signal-2]
[rospy.internal][INFO] 2021-12-14 09:56:49,939: topic[/execution_check] removing connection to /server_endpoint
[rospy.internal][INFO] 2021-12-14 09:56:49,939: topic[/rosout] removing connection to /rosout
[rospy.internal][INFO] 2021-12-14 09:56:49,940: topic[/execution_check] removing connection to http://wng:42009/
[rospy.impl.masterslave][INFO] 2021-12-14 09:56:49,940: signal-2
[rospy.internal][ERROR] 2021-12-14 09:56:49,940: Unable to initiate TCP/IP socket to wng:39937 (http://wng:42009/): Traceback (most recent call last):
  File "/opt/ros/melodic/lib/python2.7/dist-packages/rospy/impl/tcpros_base.py", line 562, in connect
    self.read_header()
  File "/opt/ros/melodic/lib/python2.7/dist-packages/rospy/impl/tcpros_base.py", line 657, in read_header
    self._validate_header(read_ros_handshake_header(sock, self.read_buff, self.protocol.buff_size))
  File "/opt/ros/melodic/lib/python2.7/dist-packages/rospy/impl/tcpros_base.py", line 600, in _validate_header
    raise TransportInitError("remote error reported: %s"%header['error'])
TransportInitError: remote error reported: node shutting down

[rospy.core][INFO] 2021-12-14 09:56:50,056: signal_shutdown [atexit]
