[rospy.client][INFO] 2021-12-14 09:47:08,597: init_node, name[/server_endpoint], pid[9722]
[xmlrpc][INFO] 2021-12-14 09:47:08,597: XML-RPC server binding to 0.0.0.0:0
[xmlrpc][INFO] 2021-12-14 09:47:08,598: Started XML-RPC server [http://wng:42563/]
[rospy.init][INFO] 2021-12-14 09:47:08,598: ROS Slave URI: [http://wng:42563/]
[rospy.impl.masterslave][INFO] 2021-12-14 09:47:08,598: _ready: http://wng:42563/
[rospy.registration][INFO] 2021-12-14 09:47:08,599: Registering with master node http://localhost:11311
[xmlrpc][INFO] 2021-12-14 09:47:08,599: xml rpc node: starting XML-RPC server
[rospy.init][INFO] 2021-12-14 09:47:08,698: registered with master
[rospy.rosout][INFO] 2021-12-14 09:47:08,699: initializing /rosout core topic
[rospy.rosout][INFO] 2021-12-14 09:47:08,700: connected to core topic /rosout
[rospy.simtime][INFO] 2021-12-14 09:47:08,700: /use_sim_time is not set, will not subscribe to simulated time [/clock] topic
[rosout][INFO] 2021-12-14 09:47:08,706: Starting server on 192.168.0.8:10000
[rospy.internal][INFO] 2021-12-14 09:47:08,934: topic[/rosout] adding connection to [/rosout], count 0
[rosout][INFO] 2021-12-14 09:50:04,668: Connection from 192.168.0.8
[rosout][INFO] 2021-12-14 09:50:04,674: RegisterPublisher(execution_check, <class 'panda_move.msg._ExecutionCheck.ExecutionCheck'>) OK
[rospy.internal][INFO] 2021-12-14 09:50:04,725: topic[/execution_check] adding connection to [http://wng:42563/], count 0
[rospy.internal][INFO] 2021-12-14 09:50:04,727: topic[/execution_check] adding connection to [/server_endpoint], count 0
[rospy.core][INFO] 2021-12-14 09:51:19,344: signal_shutdown [signal-2]
[rospy.internal][INFO] 2021-12-14 09:51:19,350: topic[/execution_check] removing connection to /server_endpoint
[rospy.internal][INFO] 2021-12-14 09:51:19,350: topic[/rosout] removing connection to /rosout
[rospy.internal][INFO] 2021-12-14 09:51:19,350: topic[/execution_check] removing connection to http://wng:42563/
[rospy.impl.masterslave][INFO] 2021-12-14 09:51:19,351: signal-2
[rospy.internal][WARNING] 2021-12-14 09:51:19,351: Unknown error initiating TCP/IP socket to wng:35015 (http://wng:42563/): Traceback (most recent call last):
  File "/opt/ros/melodic/lib/python2.7/dist-packages/rospy/impl/tcpros_base.py", line 562, in connect
    self.read_header()
  File "/opt/ros/melodic/lib/python2.7/dist-packages/rospy/impl/tcpros_base.py", line 657, in read_header
    self._validate_header(read_ros_handshake_header(sock, self.read_buff, self.protocol.buff_size))
  File "/opt/ros/melodic/lib/python2.7/dist-packages/rosgraph/network.py", line 359, in read_ros_handshake_header
    raise ROSHandshakeException("connection from sender terminated before handshake header received. %s bytes were received. Please check sender for additional details."%b.tell())
ROSHandshakeException: connection from sender terminated before handshake header received. 0 bytes were received. Please check sender for additional details.

[rospy.core][INFO] 2021-12-14 09:51:19,466: signal_shutdown [atexit]
