[rospy.client][INFO] 2021-09-10 15:33:41,094: init_node, name[/joint_state_publisher], pid[3977]
[xmlrpc][INFO] 2021-09-10 15:33:41,094: XML-RPC server binding to 0.0.0.0:0
[xmlrpc][INFO] 2021-09-10 15:33:41,094: Started XML-RPC server [http://wng:34853/]
[rospy.init][INFO] 2021-09-10 15:33:41,094: ROS Slave URI: [http://wng:34853/]
[rospy.impl.masterslave][INFO] 2021-09-10 15:33:41,094: _ready: http://wng:34853/
[xmlrpc][INFO] 2021-09-10 15:33:41,095: xml rpc node: starting XML-RPC server
[rospy.registration][INFO] 2021-09-10 15:33:41,095: Registering with master node http://localhost:11311
[rospy.init][INFO] 2021-09-10 15:33:41,195: registered with master
[rospy.rosout][INFO] 2021-09-10 15:33:41,195: initializing /rosout core topic
[rospy.rosout][INFO] 2021-09-10 15:33:41,197: connected to core topic /rosout
[rospy.simtime][INFO] 2021-09-10 15:33:41,198: /use_sim_time is not set, will not subscribe to simulated time [/clock] topic
[rospy.internal][INFO] 2021-09-10 15:33:41,259: topic[/move_group/fake_controller_joint_states] adding connection to [http://wng:36447/], count 0
[rospy.internal][INFO] 2021-09-10 15:33:41,408: topic[/rosout] adding connection to [/rosout], count 0
[rospy.internal][INFO] 2021-09-10 15:33:41,508: topic[/joint_states] adding connection to [/joint_state_desired_publisher], count 0
[rospy.internal][INFO] 2021-09-10 15:33:41,508: topic[/joint_states] adding connection to [/robot_state_publisher], count 1
[rospy.core][INFO] 2021-09-10 15:34:01,501: signal_shutdown [signal-2]
[rospy.internal][INFO] 2021-09-10 15:34:01,504: topic[/joint_states] removing connection to /joint_state_desired_publisher
[rospy.internal][INFO] 2021-09-10 15:34:01,505: topic[/joint_states] removing connection to /robot_state_publisher
[rospy.internal][INFO] 2021-09-10 15:34:01,505: topic[/rosout] removing connection to /rosout
[rospy.internal][INFO] 2021-09-10 15:34:01,505: topic[/move_group/fake_controller_joint_states] removing connection to http://wng:36447/
[rospy.impl.masterslave][INFO] 2021-09-10 15:34:01,505: signal-2
[rospy.internal][WARNING] 2021-09-10 15:34:01,505: Unknown error initiating TCP/IP socket to wng:34085 (http://wng:36447/): Traceback (most recent call last):
  File "/opt/ros/melodic/lib/python2.7/dist-packages/rospy/impl/tcpros_base.py", line 562, in connect
    self.read_header()
  File "/opt/ros/melodic/lib/python2.7/dist-packages/rospy/impl/tcpros_base.py", line 657, in read_header
    self._validate_header(read_ros_handshake_header(sock, self.read_buff, self.protocol.buff_size))
AttributeError: 'NoneType' object has no attribute 'buff_size'

[rospy.core][INFO] 2021-09-10 15:34:01,637: signal_shutdown [atexit]
