[rospy.client][INFO] 2021-09-10 15:33:48,026: init_node, name[/PandaMove], pid[3976]
[xmlrpc][INFO] 2021-09-10 15:33:48,027: XML-RPC server binding to 0.0.0.0:0
[xmlrpc][INFO] 2021-09-10 15:33:48,027: Started XML-RPC server [http://wng:37167/]
[rospy.init][INFO] 2021-09-10 15:33:48,027: ROS Slave URI: [http://wng:37167/]
[rospy.impl.masterslave][INFO] 2021-09-10 15:33:48,027: _ready: http://wng:37167/
[xmlrpc][INFO] 2021-09-10 15:33:48,027: xml rpc node: starting XML-RPC server
[rospy.registration][INFO] 2021-09-10 15:33:48,027: Registering with master node http://localhost:11311
[rospy.init][INFO] 2021-09-10 15:33:48,127: registered with master
[rospy.rosout][INFO] 2021-09-10 15:33:48,127: initializing /rosout core topic
[rospy.rosout][INFO] 2021-09-10 15:33:48,128: connected to core topic /rosout
[rospy.simtime][INFO] 2021-09-10 15:33:48,129: /use_sim_time is not set, will not subscribe to simulated time [/clock] topic
[rospy.internal][INFO] 2021-09-10 15:33:49,648: topic[/rosout] adding connection to [/rosout], count 0
[rosout][INFO] 2021-09-10 15:33:49,667: wait for update_place_pose_state
[rospy.internal][INFO] 2021-09-10 15:33:49,668: topic[/collision_object] adding connection to [/move_group], count 0
[rospy.internal][INFO] 2021-09-10 15:33:49,669: topic[/attached_collision_object] adding connection to [/move_group], count 0
[rospy.internal][INFO] 2021-09-10 15:33:49,769: topic[/tf_static] adding connection to [/move_group], count 0
[rospy.internal][INFO] 2021-09-10 15:33:49,802: topic[/tf_static] adding connection to [/move_group_commander_wrappers_1631255628000922271], count 1
[rospy.internal][INFO] 2021-09-10 15:33:49,803: topic[/tf_static] adding connection to [/rviz_wng_3941_2131612342184363631], count 2
[rospy.internal][INFO] 2021-09-10 15:33:49,904: topic[/action] adding connection to [/rviz_wng_3941_2131612342184363631], count 0
[rosout][INFO] 2021-09-10 15:33:50,368: pan
[rosout][INFO] 2021-09-10 15:33:50,376: wait for update_place_pose_state
[rosout][INFO] 2021-09-10 15:33:51,081: pot
[rosout][INFO] 2021-09-10 15:33:51,099: wait for update_place_pose_state
[rosout][INFO] 2021-09-10 15:33:51,823: plate
[rosout][INFO] 2021-09-10 15:33:51,838: wait for update_place_pose_state
[rosout][INFO] 2021-09-10 15:33:52,549: bowl
[rosout][INFO] 2021-09-10 15:33:52,561: wait for update_place_pose_state
[rosout][INFO] 2021-09-10 15:33:53,276: spatula
[rosout][INFO] 2021-09-10 15:33:53,281: wait for update_place_pose_state
[rosout][INFO] 2021-09-10 15:33:53,996: spreader
[rosout][INFO] 2021-09-10 15:33:54,003: wait for update_place_pose_state
[rosout][INFO] 2021-09-10 15:33:54,723: scooper
[rosout][INFO] 2021-09-10 15:33:54,729: wait for update_place_pose_state
[rosout][INFO] 2021-09-10 15:33:55,451: knife
[rosout][INFO] 2021-09-10 15:33:55,459: wait for update_place_pose_state
[rosout][INFO] 2021-09-10 15:33:56,182: cutting_board
[rosout][INFO] 2021-09-10 15:33:56,190: wait for update_place_pose_state
[rosout][INFO] 2021-09-10 15:33:56,915: tuna
[rosout][INFO] 2021-09-10 15:33:56,921: wait for update_place_pose_state
[rosout][INFO] 2021-09-10 15:33:57,654: onion
[rosout][INFO] 2021-09-10 15:33:57,667: wait for update_place_pose_state
[rosout][INFO] 2021-09-10 15:33:58,399: butter
[rosout][INFO] 2021-09-10 15:33:58,401: wait for update_place_pose_state
[rosout][INFO] 2021-09-10 15:33:59,147: lettuce
[rosout][INFO] 2021-09-10 15:33:59,155: wait for update_place_pose_state
[rosout][INFO] 2021-09-10 15:33:59,894: bread1
[rosout][INFO] 2021-09-10 15:33:59,900: wait for update_place_pose_state
[rosout][INFO] 2021-09-10 15:34:00,651: bread2
[rosout][INFO] 2021-09-10 15:34:00,655: wait for update_place_pose_state
[rosout][INFO] 2021-09-10 15:34:01,398: salt_bottle
[rosout][INFO] 2021-09-10 15:34:01,409: wait for update_place_pose_state
[rospy.core][INFO] 2021-09-10 15:34:01,500: signal_shutdown [signal-2]
[rospy.internal][INFO] 2021-09-10 15:34:01,504: topic[/collision_object] removing connection to /move_group
[rospy.internal][INFO] 2021-09-10 15:34:01,505: topic[/rosout] removing connection to /rosout
[rospy.internal][INFO] 2021-09-10 15:34:01,505: topic[/tf_static] removing connection to /move_group
[rospy.internal][INFO] 2021-09-10 15:34:01,505: topic[/tf_static] removing connection to /move_group_commander_wrappers_1631255628000922271
[rospy.internal][INFO] 2021-09-10 15:34:01,505: topic[/tf_static] removing connection to /rviz_wng_3941_2131612342184363631
[rospy.internal][INFO] 2021-09-10 15:34:01,505: topic[/attached_collision_object] removing connection to /move_group
[rospy.internal][INFO] 2021-09-10 15:34:01,505: topic[/action] removing connection to /rviz_wng_3941_2131612342184363631
[rospy.impl.masterslave][INFO] 2021-09-10 15:34:01,505: signal-2
[rosout][ERROR] 2021-09-10 15:34:02,121: cannot get object pose: pan
[rosout][ERROR] 2021-09-10 15:34:02,124: list index out of range
[rosout][ERROR] 2021-09-10 15:34:02,127: self.objects
[rospy.core][INFO] 2021-09-10 15:34:02,175: signal_shutdown [atexit]
