[rospy.client][INFO] 2021-09-09 16:10:39,703: init_node, name[/joint_state_publisher], pid[795]
[xmlrpc][INFO] 2021-09-09 16:10:39,703: XML-RPC server binding to 0.0.0.0:0
[xmlrpc][INFO] 2021-09-09 16:10:39,704: Started XML-RPC server [http://wng:33747/]
[rospy.init][INFO] 2021-09-09 16:10:39,704: ROS Slave URI: [http://wng:33747/]
[rospy.impl.masterslave][INFO] 2021-09-09 16:10:39,704: _ready: http://wng:33747/
[xmlrpc][INFO] 2021-09-09 16:10:39,704: xml rpc node: starting XML-RPC server
[rospy.registration][INFO] 2021-09-09 16:10:39,704: Registering with master node http://localhost:11311
[rospy.init][INFO] 2021-09-09 16:10:39,804: registered with master
[rospy.rosout][INFO] 2021-09-09 16:10:39,804: initializing /rosout core topic
[rospy.rosout][INFO] 2021-09-09 16:10:39,806: connected to core topic /rosout
[rospy.simtime][INFO] 2021-09-09 16:10:39,807: /use_sim_time is not set, will not subscribe to simulated time [/clock] topic
[rospy.internal][INFO] 2021-09-09 16:10:39,869: topic[/move_group/fake_controller_joint_states] adding connection to [http://wng:38571/], count 0
[rospy.internal][INFO] 2021-09-09 16:10:40,057: topic[/rosout] adding connection to [/rosout], count 0
[rospy.internal][INFO] 2021-09-09 16:10:40,058: topic[/joint_states] adding connection to [/joint_state_desired_publisher], count 0
[rospy.internal][INFO] 2021-09-09 16:10:40,058: topic[/joint_states] adding connection to [/robot_state_publisher], count 1
[rospy.core][INFO] 2021-09-09 16:10:55,633: signal_shutdown [signal-2]
[rospy.internal][INFO] 2021-09-09 16:10:55,635: topic[/joint_states] removing connection to /joint_state_desired_publisher
[rospy.internal][INFO] 2021-09-09 16:10:55,635: topic[/joint_states] removing connection to /robot_state_publisher
[rospy.internal][INFO] 2021-09-09 16:10:55,635: topic[/rosout] removing connection to /rosout
[rospy.internal][INFO] 2021-09-09 16:10:55,636: topic[/move_group/fake_controller_joint_states] removing connection to http://wng:38571/
[rospy.impl.masterslave][INFO] 2021-09-09 16:10:55,636: signal-2
[rospy.core][INFO] 2021-09-09 16:10:55,739: signal_shutdown [atexit]
