[rosmaster.main][INFO] 2021-09-09 16:10:39,253: initialization complete, waiting for shutdown
[rosmaster.main][INFO] 2021-09-09 16:10:39,253: Starting ROS Master Node
[xmlrpc][INFO] 2021-09-09 16:10:39,254: XML-RPC server binding to 0.0.0.0:11311
[xmlrpc][INFO] 2021-09-09 16:10:39,254: Started XML-RPC server [http://wng:11311/]
[xmlrpc][INFO] 2021-09-09 16:10:39,254: xml rpc node: starting XML-RPC server
[rosmaster.master][INFO] 2021-09-09 16:10:39,254: Master initialized: port[11311], uri[http://wng:11311/]
[rosmaster.master][INFO] 2021-09-09 16:10:39,313: +PARAM [/run_id] by /roslaunch
[rosmaster.master][INFO] 2021-09-09 16:10:39,314: +PARAM [/roslaunch/uris/host_wng__33013] by /roslaunch
[rosmaster.master][INFO] 2021-09-09 16:10:39,358: +SERVICE [/rosout/get_loggers] /rosout http://wng:34757/
[rosmaster.master][INFO] 2021-09-09 16:10:39,358: +SERVICE [/rosout/set_logger_level] /rosout http://wng:34757/
[rosmaster.master][INFO] 2021-09-09 16:10:39,359: +PUB [/rosout_agg] /rosout http://wng:34757/
[rosmaster.master][INFO] 2021-09-09 16:10:39,360: +SUB [/rosout] /rosout http://wng:34757/
[rosmaster.master][INFO] 2021-09-09 16:10:39,431: +PARAM [/move_group/planner_configs/RRTkConfigDefault/goal_bias] by /roslaunch
[rosmaster.master][INFO] 2021-09-09 16:10:39,431: +PARAM [/move_group/panda_arm/planner_configs] by /roslaunch
[rosmaster.master][INFO] 2021-09-09 16:10:39,431: +PARAM [/robot_description_semantic] by /roslaunch
[rosmaster.master][INFO] 2021-09-09 16:10:39,431: +PARAM [/move_group/planner_configs/SPARStwokConfigDefault/stretch_factor] by /roslaunch
[rosmaster.master][INFO] 2021-09-09 16:10:39,431: +PARAM [/robot_description_planning/joint_limits/panda_joint3/has_acceleration_limits] by /roslaunch
[rosmaster.master][INFO] 2021-09-09 16:10:39,432: +PARAM [/move_group/planner_configs/STRIDEkConfigDefault/max_degree] by /roslaunch
[rosmaster.master][INFO] 2021-09-09 16:10:39,432: +PARAM [/move_group/planner_configs/RRTstarkConfigDefault/range] by /roslaunch
[rosmaster.master][INFO] 2021-09-09 16:10:39,432: +PARAM [/move_group/planner_configs/SPARSkConfigDefault/sparse_delta_fraction] by /roslaunch
[rosmaster.master][INFO] 2021-09-09 16:10:39,432: +PARAM [/move_group/planner_configs/FMTkConfigDefault/radius_multiplier] by /roslaunch
[rosmaster.master][INFO] 2021-09-09 16:10:39,432: +PARAM [/move_group/controller_list] by /roslaunch
[rosmaster.master][INFO] 2021-09-09 16:10:39,432: +PARAM [/move_group/planner_configs/BFMTkConfigDefault/cache_cc] by /roslaunch
[rosmaster.master][INFO] 2021-09-09 16:10:39,432: +PARAM [/move_group/planner_configs/STRIDEkConfigDefault/goal_bias] by /roslaunch
[rosmaster.master][INFO] 2021-09-09 16:10:39,432: +PARAM [/move_group/max_safe_path_cost] by /roslaunch
[rosmaster.master][INFO] 2021-09-09 16:10:39,433: +PARAM [/move_group/planner_configs/BiTRRTkConfigDefault/temp_change_factor] by /roslaunch
[rosmaster.master][INFO] 2021-09-09 16:10:39,433: +PARAM [/move_group/planner_configs/SPARStwokConfigDefault/sparse_delta_fraction] by /roslaunch
[rosmaster.master][INFO] 2021-09-09 16:10:39,433: +PARAM [/move_group/hand/planner_configs] by /roslaunch
[rosmaster.master][INFO] 2021-09-09 16:10:39,433: +PARAM [/move_group/planner_configs/RRTstarkConfigDefault/goal_bias] by /roslaunch
[rosmaster.master][INFO] 2021-09-09 16:10:39,433: +PARAM [/move_group/planner_configs/STRIDEkConfigDefault/range] by /roslaunch
[rosmaster.master][INFO] 2021-09-09 16:10:39,433: +PARAM [/move_group/planning_scene_monitor/publish_planning_scene] by /roslaunch
[rosmaster.master][INFO] 2021-09-09 16:10:39,433: +PARAM [/move_group/octomap_frame] by /roslaunch
[rosmaster.master][INFO] 2021-09-09 16:10:39,433: +PARAM [/move_group/planner_configs/PRMkConfigDefault/type] by /roslaunch
[rosmaster.master][INFO] 2021-09-09 16:10:39,434: +PARAM [/move_group/planner_configs/BiESTkConfigDefault/range] by /roslaunch
[rosmaster.master][INFO] 2021-09-09 16:10:39,434: +PARAM [/move_group/planner_configs/ESTkConfigDefault/range] by /roslaunch
[rosmaster.master][INFO] 2021-09-09 16:10:39,434: +PARAM [/move_group/planner_configs/KPIECEkConfigDefault/min_valid_path_fraction] by /roslaunch
[rosmaster.master][INFO] 2021-09-09 16:10:39,434: +PARAM [/robot_description_planning/joint_limits/panda_finger_joint2/max_acceleration] by /roslaunch
[rosmaster.master][INFO] 2021-09-09 16:10:39,434: +PARAM [/move_group/planner_configs/BKPIECEkConfigDefault/border_fraction] by /roslaunch
[rosmaster.master][INFO] 2021-09-09 16:10:39,434: +PARAM [/move_group/planner_configs/SPARStwokConfigDefault/max_failures] by /roslaunch
[rosmaster.master][INFO] 2021-09-09 16:10:39,434: +PARAM [/move_group/planner_configs/BiTRRTkConfigDefault/frountier_node_ratio] by /roslaunch
[rosmaster.master][INFO] 2021-09-09 16:10:39,434: +PARAM [/move_group/planner_configs/PRMkConfigDefault/max_nearest_neighbors] by /roslaunch
[rosmaster.master][INFO] 2021-09-09 16:10:39,434: +PARAM [/rviz_wng_757_8798814526227169179/panda_arm/kinematics_solver] by /roslaunch
[rosmaster.master][INFO] 2021-09-09 16:10:39,435: +PARAM [/move_group/planner_configs/BiTRRTkConfigDefault/cost_threshold] by /roslaunch
[rosmaster.master][INFO] 2021-09-09 16:10:39,435: +PARAM [/robot_description_kinematics/panda_arm/kinematics_solver] by /roslaunch
[rosmaster.master][INFO] 2021-09-09 16:10:39,435: +PARAM [/move_group/planner_configs/TRRTkConfigDefault/goal_bias] by /roslaunch
[rosmaster.master][INFO] 2021-09-09 16:10:39,435: +PARAM [/move_group/planner_configs/LBTRRTkConfigDefault/type] by /roslaunch
[rosmaster.master][INFO] 2021-09-09 16:10:39,435: +PARAM [/move_group/planner_configs/FMTkConfigDefault/cache_cc] by /roslaunch
[rosmaster.master][INFO] 2021-09-09 16:10:39,435: +PARAM [/robot_description_planning/joint_limits/panda_joint2/max_velocity] by /roslaunch
[rosmaster.master][INFO] 2021-09-09 16:10:39,435: +PARAM [/robot_description_planning/joint_limits/panda_joint5/max_acceleration] by /roslaunch
[rosmaster.master][INFO] 2021-09-09 16:10:39,435: +PARAM [/move_group/planner_configs/FMTkConfigDefault/type] by /roslaunch
[rosmaster.master][INFO] 2021-09-09 16:10:39,435: +PARAM [/move_group/planner_configs/ProjESTkConfigDefault/type] by /roslaunch
[rosmaster.master][INFO] 2021-09-09 16:10:39,436: +PARAM [/move_group/planner_configs/LBTRRTkConfigDefault/epsilon] by /roslaunch
[rosmaster.master][INFO] 2021-09-09 16:10:39,436: +PARAM [/move_group/planner_configs/LazyPRMkConfigDefault/type] by /roslaunch
[rosmaster.master][INFO] 2021-09-09 16:10:39,436: +PARAM [/move_group/planner_configs/STRIDEkConfigDefault/min_degree] by /roslaunch
[rosmaster.master][INFO] 2021-09-09 16:10:39,436: +PARAM [/move_group/planner_configs/TRRTkConfigDefault/max_states_failed] by /roslaunch
[rosmaster.master][INFO] 2021-09-09 16:10:39,436: +PARAM [/move_group/planner_configs/BKPIECEkConfigDefault/min_valid_path_fraction] by /roslaunch
[rosmaster.master][INFO] 2021-09-09 16:10:39,436: +PARAM [/move_group/planner_configs/SBLkConfigDefault/range] by /roslaunch
[rosmaster.master][INFO] 2021-09-09 16:10:39,436: +PARAM [/robot_description_planning/joint_limits/panda_finger_joint2/has_acceleration_limits] by /roslaunch
[rosmaster.master][INFO] 2021-09-09 16:10:39,436: +PARAM [/robot_description_planning/joint_limits/panda_joint6/max_velocity] by /roslaunch
[rosmaster.master][INFO] 2021-09-09 16:10:39,437: +PARAM [/move_group/planner_configs/TRRTkConfigDefault/frountierNodeRatio] by /roslaunch
[rosmaster.master][INFO] 2021-09-09 16:10:39,437: +PARAM [/move_group/planner_configs/BFMTkConfigDefault/type] by /roslaunch
[rosmaster.master][INFO] 2021-09-09 16:10:39,437: +PARAM [/robot_description_planning/joint_limits/panda_joint3/max_acceleration] by /roslaunch
[rosmaster.master][INFO] 2021-09-09 16:10:39,437: +PARAM [/move_group/planning_plugin] by /roslaunch
[rosmaster.master][INFO] 2021-09-09 16:10:39,437: +PARAM [/robot_description_planning/joint_limits/panda_joint7/max_velocity] by /roslaunch
[rosmaster.master][INFO] 2021-09-09 16:10:39,437: +PARAM [/move_group/planning_scene_monitor/publish_geometry_updates] by /roslaunch
[rosmaster.master][INFO] 2021-09-09 16:10:39,437: +PARAM [/move_group/planner_configs/LazyPRMkConfigDefault/range] by /roslaunch
[rosmaster.master][INFO] 2021-09-09 16:10:39,437: +PARAM [/move_group/planner_configs/TRRTkConfigDefault/type] by /roslaunch
[rosmaster.master][INFO] 2021-09-09 16:10:39,437: +PARAM [/robot_description_planning/joint_limits/panda_joint5/max_velocity] by /roslaunch
[rosmaster.master][INFO] 2021-09-09 16:10:39,437: +PARAM [/move_group/planner_configs/BiTRRTkConfigDefault/init_temperature] by /roslaunch
[rosmaster.master][INFO] 2021-09-09 16:10:39,438: +PARAM [/move_group/planner_configs/SPARSkConfigDefault/max_failures] by /roslaunch
[rosmaster.master][INFO] 2021-09-09 16:10:39,438: +PARAM [/move_group/planner_configs/BiTRRTkConfigDefault/range] by /roslaunch
[rosmaster.master][INFO] 2021-09-09 16:10:39,438: +PARAM [/move_group/planner_configs/PDSTkConfigDefault/type] by /roslaunch
[rosmaster.master][INFO] 2021-09-09 16:10:39,438: +PARAM [/move_group/trajectory_execution/allowed_goal_duration_margin] by /roslaunch
[rosmaster.master][INFO] 2021-09-09 16:10:39,438: +PARAM [/rosdistro] by /roslaunch
[rosmaster.master][INFO] 2021-09-09 16:10:39,438: +PARAM [/robot_description_planning/joint_limits/panda_joint1/has_velocity_limits] by /roslaunch
[rosmaster.master][INFO] 2021-09-09 16:10:39,438: +PARAM [/move_group/planner_configs/STRIDEkConfigDefault/max_pts_per_leaf] by /roslaunch
[rosmaster.master][INFO] 2021-09-09 16:10:39,438: +PARAM [/move_group/planner_configs/BFMTkConfigDefault/nearest_k] by /roslaunch
[rosmaster.master][INFO] 2021-09-09 16:10:39,438: +PARAM [/move_group/planner_configs/LazyPRMstarkConfigDefault/type] by /roslaunch
[rosmaster.master][INFO] 2021-09-09 16:10:39,438: +PARAM [/robot_description_kinematics/panda_arm/kinematics_solver_timeout] by /roslaunch
[rosmaster.master][INFO] 2021-09-09 16:10:39,438: +PARAM [/move_group/planner_configs/PRMstarkConfigDefault/type] by /roslaunch
[rosmaster.master][INFO] 2021-09-09 16:10:39,439: +PARAM [/move_group/planner_configs/RRTkConfigDefault/range] by /roslaunch
[rosmaster.master][INFO] 2021-09-09 16:10:39,439: +PARAM [/move_group/allow_trajectory_execution] by /roslaunch
[rosmaster.master][INFO] 2021-09-09 16:10:39,439: +PARAM [/move_group/planner_configs/SPARSkConfigDefault/stretch_factor] by /roslaunch
[rosmaster.master][INFO] 2021-09-09 16:10:39,439: +PARAM [/ROS_IP] by /roslaunch
[rosmaster.master][INFO] 2021-09-09 16:10:39,439: +PARAM [/move_group/planner_configs/ESTkConfigDefault/type] by /roslaunch
[rosmaster.master][INFO] 2021-09-09 16:10:39,439: +PARAM [/robot_description_planning/joint_limits/panda_joint4/max_acceleration] by /roslaunch
[rosmaster.master][INFO] 2021-09-09 16:10:39,439: +PARAM [/move_group/start_state_max_bounds_error] by /roslaunch
[rosmaster.master][INFO] 2021-09-09 16:10:39,439: +PARAM [/rviz_wng_757_8798814526227169179/panda_arm/kinematics_solver_search_resolution] by /roslaunch
[rosmaster.master][INFO] 2021-09-09 16:10:39,439: +PARAM [/robot_description_planning/joint_limits/panda_finger_joint2/has_velocity_limits] by /roslaunch
[rosmaster.master][INFO] 2021-09-09 16:10:39,439: +PARAM [/move_group/max_range] by /roslaunch
[rosmaster.master][INFO] 2021-09-09 16:10:39,439: +PARAM [/robot_description_kinematics/panda_arm/kinematics_solver_search_resolution] by /roslaunch
[rosmaster.master][INFO] 2021-09-09 16:10:39,440: +PARAM [/robot_description_planning/joint_limits/panda_joint2/max_acceleration] by /roslaunch
[rosmaster.master][INFO] 2021-09-09 16:10:39,440: +PARAM [/move_group/planner_configs/RRTstarkConfigDefault/type] by /roslaunch
[rosmaster.master][INFO] 2021-09-09 16:10:39,440: +PARAM [/move_group/planner_configs/STRIDEkConfigDefault/min_valid_path_fraction] by /roslaunch
[rosmaster.master][INFO] 2021-09-09 16:10:39,440: +PARAM [/robot_description_planning/joint_limits/panda_joint7/has_acceleration_limits] by /roslaunch
[rosmaster.master][INFO] 2021-09-09 16:10:39,440: +PARAM [/move_group/planner_configs/BiTRRTkConfigDefault/frountier_threshold] by /roslaunch
[rosmaster.master][INFO] 2021-09-09 16:10:39,440: +PARAM [/robot_description_planning/joint_limits/panda_joint5/has_acceleration_limits] by /roslaunch
[rosmaster.master][INFO] 2021-09-09 16:10:39,440: +PARAM [/joint_state_publisher/use_gui] by /roslaunch
[rosmaster.master][INFO] 2021-09-09 16:10:39,440: +PARAM [/move_group/planner_configs/BKPIECEkConfigDefault/type] by /roslaunch
[rosmaster.master][INFO] 2021-09-09 16:10:39,440: +PARAM [/robot_description_planning/joint_limits/panda_joint7/max_acceleration] by /roslaunch
[rosmaster.master][INFO] 2021-09-09 16:10:39,440: +PARAM [/robot_description_planning/joint_limits/panda_joint6/max_acceleration] by /roslaunch
[rosmaster.master][INFO] 2021-09-09 16:10:39,440: +PARAM [/move_group/trajectory_execution/allowed_execution_duration_scaling] by /roslaunch
[rosmaster.master][INFO] 2021-09-09 16:10:39,441: +PARAM [/move_group/planner_configs/KPIECEkConfigDefault/border_fraction] by /roslaunch
[rosmaster.master][INFO] 2021-09-09 16:10:39,441: +PARAM [/move_group/trajectory_execution/allowed_start_tolerance] by /roslaunch
[rosmaster.master][INFO] 2021-09-09 16:10:39,441: +PARAM [/rviz_wng_757_8798814526227169179/panda_arm/kinematics_solver_timeout] by /roslaunch
[rosmaster.master][INFO] 2021-09-09 16:10:39,441: +PARAM [/robot_description_planning/joint_limits/panda_joint3/max_velocity] by /roslaunch
[rosmaster.master][INFO] 2021-09-09 16:10:39,441: +PARAM [/move_group/moveit_manage_controllers] by /roslaunch
[rosmaster.master][INFO] 2021-09-09 16:10:39,441: +PARAM [/move_group/panda_arm_hand/planner_configs] by /roslaunch
[rosmaster.master][INFO] 2021-09-09 16:10:39,441: +PARAM [/move_group/planner_configs/FMTkConfigDefault/heuristics] by /roslaunch
[rosmaster.master][INFO] 2021-09-09 16:10:39,441: +PARAM [/move_group/planner_configs/BFMTkConfigDefault/optimality] by /roslaunch
[rosmaster.master][INFO] 2021-09-09 16:10:39,441: +PARAM [/robot_description_planning/joint_limits/panda_joint2/has_acceleration_limits] by /roslaunch
[rosmaster.master][INFO] 2021-09-09 16:10:39,441: +PARAM [/move_group/planner_configs/FMTkConfigDefault/nearest_k] by /roslaunch
[rosmaster.master][INFO] 2021-09-09 16:10:39,442: +PARAM [/move_group/planner_configs/ProjESTkConfigDefault/goal_bias] by /roslaunch
[rosmaster.master][INFO] 2021-09-09 16:10:39,442: +PARAM [/move_group/planner_configs/ESTkConfigDefault/goal_bias] by /roslaunch
[rosmaster.master][INFO] 2021-09-09 16:10:39,442: +PARAM [/move_group/planner_configs/BFMTkConfigDefault/radius_multiplier] by /roslaunch
[rosmaster.master][INFO] 2021-09-09 16:10:39,442: +PARAM [/move_group/planner_configs/LBKPIECEkConfigDefault/border_fraction] by /roslaunch
[rosmaster.master][INFO] 2021-09-09 16:10:39,442: +PARAM [/move_group/jiggle_fraction] by /roslaunch
[rosmaster.master][INFO] 2021-09-09 16:10:39,442: +PARAM [/move_group/planner_configs/SPARStwokConfigDefault/dense_delta_fraction] by /roslaunch
[rosmaster.master][INFO] 2021-09-09 16:10:39,442: +PARAM [/move_group/planner_configs/BFMTkConfigDefault/num_samples] by /roslaunch
[rosmaster.master][INFO] 2021-09-09 16:10:39,442: +PARAM [/move_group/planner_configs/TRRTkConfigDefault/range] by /roslaunch
[rosmaster.master][INFO] 2021-09-09 16:10:39,442: +PARAM [/move_group/planning_scene_monitor/publish_state_updates] by /roslaunch
[rosmaster.master][INFO] 2021-09-09 16:10:39,442: +PARAM [/move_group/planner_configs/TRRTkConfigDefault/temp_change_factor] by /roslaunch
[rosmaster.master][INFO] 2021-09-09 16:10:39,442: +PARAM [/robot_description_planning/joint_limits/panda_joint1/max_velocity] by /roslaunch
[rosmaster.master][INFO] 2021-09-09 16:10:39,442: +PARAM [/move_group/planner_configs/BKPIECEkConfigDefault/range] by /roslaunch
[rosmaster.master][INFO] 2021-09-09 16:10:39,442: +PARAM [/move_group/planner_configs/SBLkConfigDefault/type] by /roslaunch
[rosmaster.master][INFO] 2021-09-09 16:10:39,443: +PARAM [/robot_description_planning/joint_limits/panda_finger_joint1/has_velocity_limits] by /roslaunch
[rosmaster.master][INFO] 2021-09-09 16:10:39,443: +PARAM [/move_group/planner_configs/LBTRRTkConfigDefault/range] by /roslaunch
[rosmaster.master][INFO] 2021-09-09 16:10:39,443: +PARAM [/robot_description] by /roslaunch
[rosmaster.master][INFO] 2021-09-09 16:10:39,443: +PARAM [/move_group/planner_configs/FMTkConfigDefault/extended_fmt] by /roslaunch
[rosmaster.master][INFO] 2021-09-09 16:10:39,443: +PARAM [/move_group/planner_configs/LBKPIECEkConfigDefault/range] by /roslaunch
[rosmaster.master][INFO] 2021-09-09 16:10:39,443: +PARAM [/robot_description_planning/joint_limits/panda_joint5/has_velocity_limits] by /roslaunch
[rosmaster.master][INFO] 2021-09-09 16:10:39,443: +PARAM [/robot_description_planning/joint_limits/panda_finger_joint1/max_velocity] by /roslaunch
[rosmaster.master][INFO] 2021-09-09 16:10:39,443: +PARAM [/move_group/moveit_controller_manager] by /roslaunch
[rosmaster.master][INFO] 2021-09-09 16:10:39,443: +PARAM [/robot_description_planning/joint_limits/panda_joint1/max_acceleration] by /roslaunch
[rosmaster.master][INFO] 2021-09-09 16:10:39,443: +PARAM [/move_group/planner_configs/TRRTkConfigDefault/frountier_threshold] by /roslaunch
[rosmaster.master][INFO] 2021-09-09 16:10:39,443: +PARAM [/move_group/planner_configs/BFMTkConfigDefault/heuristics] by /roslaunch
[rosmaster.master][INFO] 2021-09-09 16:10:39,443: +PARAM [/robot_description_planning/joint_limits/panda_finger_joint1/has_acceleration_limits] by /roslaunch
[rosmaster.master][INFO] 2021-09-09 16:10:39,444: +PARAM [/move_group/planner_configs/KPIECEkConfigDefault/range] by /roslaunch
[rosmaster.master][INFO] 2021-09-09 16:10:39,444: +PARAM [/robot_description_planning/joint_limits/panda_joint7/has_velocity_limits] by /roslaunch
[rosmaster.master][INFO] 2021-09-09 16:10:39,444: +PARAM [/move_group/planner_configs/KPIECEkConfigDefault/goal_bias] by /roslaunch
[rosmaster.master][INFO] 2021-09-09 16:10:39,444: +PARAM [/move_group/planner_configs/RRTConnectkConfigDefault/range] by /roslaunch
[rosmaster.master][INFO] 2021-09-09 16:10:39,444: +PARAM [/robot_description_planning/joint_limits/panda_joint4/has_velocity_limits] by /roslaunch
[rosmaster.master][INFO] 2021-09-09 16:10:39,444: +PARAM [/move_group/request_adapters] by /roslaunch
[rosmaster.master][INFO] 2021-09-09 16:10:39,444: +PARAM [/move_group/planner_configs/TRRTkConfigDefault/min_temperature] by /roslaunch
[rosmaster.master][INFO] 2021-09-09 16:10:39,444: +PARAM [/robot_description_planning/joint_limits/panda_joint6/has_acceleration_limits] by /roslaunch
[rosmaster.master][INFO] 2021-09-09 16:10:39,444: +PARAM [/move_group/planner_configs/BFMTkConfigDefault/balanced] by /roslaunch
[rosmaster.master][INFO] 2021-09-09 16:10:39,444: +PARAM [/move_group/planner_configs/ProjESTkConfigDefault/range] by /roslaunch
[rosmaster.master][INFO] 2021-09-09 16:10:39,444: +PARAM [/move_group/octomap_resolution] by /roslaunch
[rosmaster.master][INFO] 2021-09-09 16:10:39,444: +PARAM [/move_group/planner_configs/STRIDEkConfigDefault/degree] by /roslaunch
[rosmaster.master][INFO] 2021-09-09 16:10:39,444: +PARAM [/move_group/planner_configs/KPIECEkConfigDefault/failed_expansion_score_factor] by /roslaunch
[rosmaster.master][INFO] 2021-09-09 16:10:39,445: +PARAM [/move_group/initial] by /roslaunch
[rosmaster.master][INFO] 2021-09-09 16:10:39,445: +PARAM [/move_group/planning_scene_monitor/publish_transforms_updates] by /roslaunch
[rosmaster.master][INFO] 2021-09-09 16:10:39,445: +PARAM [/move_group/planner_configs/SPARSkConfigDefault/type] by /roslaunch
[rosmaster.master][INFO] 2021-09-09 16:10:39,445: +PARAM [/move_group/planner_configs/TRRTkConfigDefault/init_temperature] by /roslaunch
[rosmaster.master][INFO] 2021-09-09 16:10:39,445: +PARAM [/move_group/sensors] by /roslaunch
[rosmaster.master][INFO] 2021-09-09 16:10:39,445: +PARAM [/robot_description_planning/joint_limits/panda_joint1/has_acceleration_limits] by /roslaunch
[rosmaster.master][INFO] 2021-09-09 16:10:39,445: +PARAM [/move_group/planner_configs/STRIDEkConfigDefault/type] by /roslaunch
[rosmaster.master][INFO] 2021-09-09 16:10:39,445: +PARAM [/move_group/planner_configs/TrajOptDefault/type] by /roslaunch
[rosmaster.master][INFO] 2021-09-09 16:10:39,445: +PARAM [/move_group/planner_configs/RRTstarkConfigDefault/delay_collision_checking] by /roslaunch
[rosmaster.master][INFO] 2021-09-09 16:10:39,445: +PARAM [/move_group/planner_configs/KPIECEkConfigDefault/type] by /roslaunch
[rosmaster.master][INFO] 2021-09-09 16:10:39,445: +PARAM [/robot_description_planning/joint_limits/panda_joint3/has_velocity_limits] by /roslaunch
[rosmaster.master][INFO] 2021-09-09 16:10:39,445: +PARAM [/robot_description_planning/joint_limits/panda_joint6/has_velocity_limits] by /roslaunch
[rosmaster.master][INFO] 2021-09-09 16:10:39,445: +PARAM [/move_group/planner_configs/BiTRRTkConfigDefault/type] by /roslaunch
[rosmaster.master][INFO] 2021-09-09 16:10:39,446: +PARAM [/robot_description_planning/joint_limits/panda_finger_joint2/max_velocity] by /roslaunch
[rosmaster.master][INFO] 2021-09-09 16:10:39,446: +PARAM [/move_group/planner_configs/RRTConnectkConfigDefault/type] by /roslaunch
[rosmaster.master][INFO] 2021-09-09 16:10:39,446: +PARAM [/move_group/planner_configs/SPARSkConfigDefault/dense_delta_fraction] by /roslaunch
[rosmaster.master][INFO] 2021-09-09 16:10:39,446: +PARAM [/move_group/planner_configs/LBTRRTkConfigDefault/goal_bias] by /roslaunch
[rosmaster.master][INFO] 2021-09-09 16:10:39,446: +PARAM [/robot_description_planning/joint_limits/panda_finger_joint1/max_acceleration] by /roslaunch
[rosmaster.master][INFO] 2021-09-09 16:10:39,446: +PARAM [/move_group/planner_configs/BKPIECEkConfigDefault/failed_expansion_score_factor] by /roslaunch
[rosmaster.master][INFO] 2021-09-09 16:10:39,446: +PARAM [/move_group/planner_configs/LBKPIECEkConfigDefault/min_valid_path_fraction] by /roslaunch
[rosmaster.master][INFO] 2021-09-09 16:10:39,446: +PARAM [/rosversion] by /roslaunch
[rosmaster.master][INFO] 2021-09-09 16:10:39,446: +PARAM [/move_group/planner_configs/BiESTkConfigDefault/type] by /roslaunch
[rosmaster.master][INFO] 2021-09-09 16:10:39,446: +PARAM [/robot_description_planning/joint_limits/panda_joint2/has_velocity_limits] by /roslaunch
[rosmaster.master][INFO] 2021-09-09 16:10:39,446: +PARAM [/move_group/planner_configs/STRIDEkConfigDefault/estimated_dimension] by /roslaunch
[rosmaster.master][INFO] 2021-09-09 16:10:39,446: +PARAM [/move_group/planner_configs/STRIDEkConfigDefault/use_projected_distance] by /roslaunch
[rosmaster.master][INFO] 2021-09-09 16:10:39,446: +PARAM [/move_group/planner_configs/TRRTkConfigDefault/k_constant] by /roslaunch
[rosmaster.master][INFO] 2021-09-09 16:10:39,447: +PARAM [/move_group/planner_configs/FMTkConfigDefault/num_samples] by /roslaunch
[rosmaster.master][INFO] 2021-09-09 16:10:39,447: +PARAM [/move_group/planner_configs/LBKPIECEkConfigDefault/type] by /roslaunch
[rosmaster.master][INFO] 2021-09-09 16:10:39,447: +PARAM [/move_group/planner_configs/BFMTkConfigDefault/extended_fmt] by /roslaunch
[rosmaster.master][INFO] 2021-09-09 16:10:39,447: +PARAM [/robot_description_planning/joint_limits/panda_joint4/max_velocity] by /roslaunch
[rosmaster.master][INFO] 2021-09-09 16:10:39,447: +PARAM [/robot_description_planning/joint_limits/panda_joint4/has_acceleration_limits] by /roslaunch
[rosmaster.master][INFO] 2021-09-09 16:10:39,447: +PARAM [/move_group/planner_configs/SPARStwokConfigDefault/type] by /roslaunch
[rosmaster.master][INFO] 2021-09-09 16:10:39,447: +PARAM [/move_group/planner_configs/RRTkConfigDefault/type] by /roslaunch
[rosmaster.master][INFO] 2021-09-09 16:10:39,447: +PARAM [/source_list] by /roslaunch
[rosmaster.master][INFO] 2021-09-09 16:10:39,490: +PUB [/rosout] /joint_state_desired_publisher http://wng:33345/
[rosmaster.master][INFO] 2021-09-09 16:10:39,491: +SERVICE [/joint_state_desired_publisher/get_loggers] /joint_state_desired_publisher http://wng:33345/
[rosmaster.master][INFO] 2021-09-09 16:10:39,491: +SERVICE [/joint_state_desired_publisher/set_logger_level] /joint_state_desired_publisher http://wng:33345/
[rosmaster.master][INFO] 2021-09-09 16:10:39,493: +SUB [/joint_states] /joint_state_desired_publisher http://wng:33345/
[rosmaster.master][INFO] 2021-09-09 16:10:39,504: +PUB [/rosout] /robot_state_publisher http://wng:35849/
[rosmaster.master][INFO] 2021-09-09 16:10:39,504: +SERVICE [/robot_state_publisher/get_loggers] /robot_state_publisher http://wng:35849/
[rosmaster.master][INFO] 2021-09-09 16:10:39,505: +SERVICE [/robot_state_publisher/set_logger_level] /robot_state_publisher http://wng:35849/
[rosmaster.master][INFO] 2021-09-09 16:10:39,507: +PUB [/tf] /robot_state_publisher http://wng:35849/
[rosmaster.master][INFO] 2021-09-09 16:10:39,507: +PUB [/tf_static] /robot_state_publisher http://wng:35849/
[rosmaster.master][INFO] 2021-09-09 16:10:39,509: +SUB [/joint_states] /robot_state_publisher http://wng:35849/
[rosmaster.master][INFO] 2021-09-09 16:10:39,544: +PUB [/rosout] /move_group http://wng:38571/
[rosmaster.master][INFO] 2021-09-09 16:10:39,545: +SERVICE [/move_group/get_loggers] /move_group http://wng:38571/
[rosmaster.master][INFO] 2021-09-09 16:10:39,545: +SERVICE [/move_group/set_logger_level] /move_group http://wng:38571/
[rosmaster.master][INFO] 2021-09-09 16:10:39,546: +SUB [/tf] /move_group http://wng:38571/
[rosmaster.master][INFO] 2021-09-09 16:10:39,547: +SUB [/tf_static] /move_group http://wng:38571/
[rosmaster.master][INFO] 2021-09-09 16:10:39,551: +CACHEDPARAM [/rosout_disable_topics_generation] by /move_group
[rosmaster.master][INFO] 2021-09-09 16:10:39,554: publisherUpdate[/rosout] -> http://wng:34757/ ['http://wng:33345/']
[rosmaster.master][INFO] 2021-09-09 16:10:39,555: publisherUpdate[/rosout] -> http://wng:34757/ ['http://wng:33345/']: sec=0.00, result=[1, '', 0]
[rosmaster.master][INFO] 2021-09-09 16:10:39,555: publisherUpdate[/rosout] -> http://wng:34757/ ['http://wng:33345/', 'http://wng:35849/']
[rosmaster.master][INFO] 2021-09-09 16:10:39,556: publisherUpdate[/rosout] -> http://wng:34757/ ['http://wng:33345/', 'http://wng:35849/']: sec=0.00, result=[1, '', 0]
[rosmaster.master][INFO] 2021-09-09 16:10:39,556: publisherUpdate[/rosout] -> http://wng:34757/ ['http://wng:33345/', 'http://wng:35849/', 'http://wng:38571/']
[rosmaster.master][INFO] 2021-09-09 16:10:39,556: publisherUpdate[/rosout] -> http://wng:34757/ ['http://wng:33345/', 'http://wng:35849/', 'http://wng:38571/']: sec=0.00, result=[1, '', 0]
[rosmaster.master][INFO] 2021-09-09 16:10:39,602: +SERVICE [/move_group/planning_scene_monitor/set_parameters] /move_group http://wng:38571/
[rosmaster.master][INFO] 2021-09-09 16:10:39,602: +PUB [/move_group/planning_scene_monitor/parameter_descriptions] /move_group http://wng:38571/
[rosmaster.master][INFO] 2021-09-09 16:10:39,603: +PUB [/move_group/planning_scene_monitor/parameter_updates] /move_group http://wng:38571/
[rosmaster.master][INFO] 2021-09-09 16:10:39,604: +PARAM [/move_group/planning_scene_monitor/publish_planning_scene] by /move_group
[rosmaster.master][INFO] 2021-09-09 16:10:39,604: +PARAM [/move_group/planning_scene_monitor/publish_planning_scene_hz] by /move_group
[rosmaster.master][INFO] 2021-09-09 16:10:39,605: +PARAM [/move_group/planning_scene_monitor/publish_geometry_updates] by /move_group
[rosmaster.master][INFO] 2021-09-09 16:10:39,605: +PARAM [/move_group/planning_scene_monitor/publish_state_updates] by /move_group
[rosmaster.master][INFO] 2021-09-09 16:10:39,605: +PARAM [/move_group/planning_scene_monitor/publish_transforms_updates] by /move_group
[rosmaster.master][INFO] 2021-09-09 16:10:39,606: +PUB [/move_group/monitored_planning_scene] /move_group http://wng:38571/
[rosmaster.master][INFO] 2021-09-09 16:10:39,606: +PARAM [/move_group/planning_scene_monitor/publish_planning_scene] by /move_group
[rosmaster.master][INFO] 2021-09-09 16:10:39,606: +PARAM [/move_group/planning_scene_monitor/publish_planning_scene_hz] by /move_group
[rosmaster.master][INFO] 2021-09-09 16:10:39,607: +PARAM [/move_group/planning_scene_monitor/publish_geometry_updates] by /move_group
[rosmaster.master][INFO] 2021-09-09 16:10:39,607: +PARAM [/move_group/planning_scene_monitor/publish_state_updates] by /move_group
[rosmaster.master][INFO] 2021-09-09 16:10:39,607: +PARAM [/move_group/planning_scene_monitor/publish_transforms_updates] by /move_group
[rosmaster.master][INFO] 2021-09-09 16:10:39,609: +SUB [/planning_scene] /move_group http://wng:38571/
[rosmaster.master][INFO] 2021-09-09 16:10:39,610: +SUB [/collision_object] /move_group http://wng:38571/
[rosmaster.master][INFO] 2021-09-09 16:10:39,611: +SUB [/planning_scene_world] /move_group http://wng:38571/
[rosmaster.master][INFO] 2021-09-09 16:10:39,617: +PUB [/move_group/filtered_cloud] /move_group http://wng:38571/
[rosmaster.master][INFO] 2021-09-09 16:10:39,617: +SERVICE [/move_group/save_map] /move_group http://wng:38571/
[rosmaster.master][INFO] 2021-09-09 16:10:39,618: +SERVICE [/move_group/load_map] /move_group http://wng:38571/
[rosmaster.master][INFO] 2021-09-09 16:10:39,621: +SUB [/camera/depth_registered/points] /move_group http://wng:38571/
[rosmaster.master][INFO] 2021-09-09 16:10:39,623: +SUB [/joint_states_desired] /move_group http://wng:38571/
[rosmaster.master][INFO] 2021-09-09 16:10:39,624: +SUB [/attached_collision_object] /move_group http://wng:38571/
[rosmaster.master][INFO] 2021-09-09 16:10:39,640: +PUB [/rosout] /rviz_wng_757_8798814526227169179 http://wng:33253/
[rosmaster.master][INFO] 2021-09-09 16:10:39,640: +SERVICE [/rviz_wng_757_8798814526227169179/get_loggers] /rviz_wng_757_8798814526227169179 http://wng:33253/
[rosmaster.master][INFO] 2021-09-09 16:10:39,640: +SERVICE [/rviz_wng_757_8798814526227169179/set_logger_level] /rviz_wng_757_8798814526227169179 http://wng:33253/
[rosmaster.master][INFO] 2021-09-09 16:10:39,641: +CACHEDPARAM [/rosout_disable_topics_generation] by /rviz_wng_757_8798814526227169179
[rosmaster.master][INFO] 2021-09-09 16:10:39,654: publisherUpdate[/rosout] -> http://wng:34757/ ['http://wng:33345/', 'http://wng:35849/', 'http://wng:38571/', 'http://wng:33253/']
[rosmaster.master][INFO] 2021-09-09 16:10:39,655: publisherUpdate[/rosout] -> http://wng:34757/ ['http://wng:33345/', 'http://wng:35849/', 'http://wng:38571/', 'http://wng:33253/']: sec=0.00, result=[1, '', 0]
[rosmaster.master][INFO] 2021-09-09 16:10:39,668: +SERVICE [/move_group/ompl/set_parameters] /move_group http://wng:38571/
[rosmaster.master][INFO] 2021-09-09 16:10:39,668: +PUB [/move_group/ompl/parameter_descriptions] /move_group http://wng:38571/
[rosmaster.master][INFO] 2021-09-09 16:10:39,668: +PUB [/move_group/ompl/parameter_updates] /move_group http://wng:38571/
[rosmaster.master][INFO] 2021-09-09 16:10:39,670: +PARAM [/move_group/ompl/simplify_solutions] by /move_group
[rosmaster.master][INFO] 2021-09-09 16:10:39,670: +PARAM [/move_group/ompl/minimum_waypoint_count] by /move_group
[rosmaster.master][INFO] 2021-09-09 16:10:39,671: +PARAM [/move_group/ompl/maximum_waypoint_distance] by /move_group
[rosmaster.master][INFO] 2021-09-09 16:10:39,671: +PARAM [/move_group/ompl/link_for_exploration_tree] by /move_group
[rosmaster.master][INFO] 2021-09-09 16:10:39,671: +PARAM [/move_group/ompl/display_random_valid_states] by /move_group
[rosmaster.master][INFO] 2021-09-09 16:10:39,671: +PARAM [/move_group/ompl/simplify_solutions] by /move_group
[rosmaster.master][INFO] 2021-09-09 16:10:39,672: +PARAM [/move_group/ompl/minimum_waypoint_count] by /move_group
[rosmaster.master][INFO] 2021-09-09 16:10:39,672: +PARAM [/move_group/ompl/maximum_waypoint_distance] by /move_group
[rosmaster.master][INFO] 2021-09-09 16:10:39,672: +PARAM [/move_group/ompl/link_for_exploration_tree] by /move_group
[rosmaster.master][INFO] 2021-09-09 16:10:39,673: +PARAM [/move_group/ompl/display_random_valid_states] by /move_group
[rosmaster.master][INFO] 2021-09-09 16:10:39,676: +PUB [/move_group/display_planned_path] /move_group http://wng:38571/
[rosmaster.master][INFO] 2021-09-09 16:10:39,676: +PUB [/move_group/display_contacts] /move_group http://wng:38571/
[rosmaster.master][INFO] 2021-09-09 16:10:39,680: +PUB [/move_group/fake_controller_joint_states] /move_group http://wng:38571/
[rosmaster.master][INFO] 2021-09-09 16:10:39,702: +SUB [/trajectory_execution_event] /move_group http://wng:38571/
[rosmaster.master][INFO] 2021-09-09 16:10:39,703: +SERVICE [/move_group/trajectory_execution/set_parameters] /move_group http://wng:38571/
[rosmaster.master][INFO] 2021-09-09 16:10:39,703: +PUB [/move_group/trajectory_execution/parameter_descriptions] /move_group http://wng:38571/
[rosmaster.master][INFO] 2021-09-09 16:10:39,703: +PUB [/move_group/trajectory_execution/parameter_updates] /move_group http://wng:38571/
[rosmaster.master][INFO] 2021-09-09 16:10:39,704: +PARAM [/move_group/trajectory_execution/execution_duration_monitoring] by /move_group
[rosmaster.master][INFO] 2021-09-09 16:10:39,705: +PARAM [/move_group/trajectory_execution/allowed_execution_duration_scaling] by /move_group
[rosmaster.master][INFO] 2021-09-09 16:10:39,705: +PARAM [/move_group/trajectory_execution/allowed_goal_duration_margin] by /move_group
[rosmaster.master][INFO] 2021-09-09 16:10:39,705: +PARAM [/move_group/trajectory_execution/execution_velocity_scaling] by /move_group
[rosmaster.master][INFO] 2021-09-09 16:10:39,705: +PARAM [/move_group/trajectory_execution/allowed_start_tolerance] by /move_group
[rosmaster.master][INFO] 2021-09-09 16:10:39,706: +PARAM [/move_group/trajectory_execution/wait_for_trajectory_completion] by /move_group
[rosmaster.master][INFO] 2021-09-09 16:10:39,706: +PARAM [/move_group/trajectory_execution/execution_duration_monitoring] by /move_group
[rosmaster.master][INFO] 2021-09-09 16:10:39,706: +PARAM [/move_group/trajectory_execution/allowed_execution_duration_scaling] by /move_group
[rosmaster.master][INFO] 2021-09-09 16:10:39,706: +PARAM [/move_group/trajectory_execution/allowed_goal_duration_margin] by /move_group
[rosmaster.master][INFO] 2021-09-09 16:10:39,707: +PARAM [/move_group/trajectory_execution/execution_velocity_scaling] by /move_group
[rosmaster.master][INFO] 2021-09-09 16:10:39,707: +PARAM [/move_group/trajectory_execution/allowed_start_tolerance] by /move_group
[rosmaster.master][INFO] 2021-09-09 16:10:39,707: +PARAM [/move_group/trajectory_execution/wait_for_trajectory_completion] by /move_group
[rosmaster.master][INFO] 2021-09-09 16:10:39,708: +SERVICE [/move_group/plan_execution/set_parameters] /move_group http://wng:38571/
[rosmaster.master][INFO] 2021-09-09 16:10:39,708: +PUB [/move_group/plan_execution/parameter_descriptions] /move_group http://wng:38571/
[rosmaster.master][INFO] 2021-09-09 16:10:39,708: +PUB [/move_group/plan_execution/parameter_updates] /move_group http://wng:38571/
[rosmaster.master][INFO] 2021-09-09 16:10:39,709: +PARAM [/move_group/plan_execution/max_replan_attempts] by /move_group
[rosmaster.master][INFO] 2021-09-09 16:10:39,709: +PARAM [/move_group/plan_execution/record_trajectory_state_frequency] by /move_group
[rosmaster.master][INFO] 2021-09-09 16:10:39,710: +PARAM [/move_group/plan_execution/max_replan_attempts] by /move_group
[rosmaster.master][INFO] 2021-09-09 16:10:39,710: +PARAM [/move_group/plan_execution/record_trajectory_state_frequency] by /move_group
[rosmaster.master][INFO] 2021-09-09 16:10:39,710: +SERVICE [/move_group/sense_for_plan/set_parameters] /move_group http://wng:38571/
[rosmaster.master][INFO] 2021-09-09 16:10:39,711: +PUB [/move_group/sense_for_plan/parameter_descriptions] /move_group http://wng:38571/
[rosmaster.master][INFO] 2021-09-09 16:10:39,711: +PUB [/move_group/sense_for_plan/parameter_updates] /move_group http://wng:38571/
[rosmaster.master][INFO] 2021-09-09 16:10:39,711: +PARAM [/move_group/sense_for_plan/max_safe_path_cost] by /move_group
[rosmaster.master][INFO] 2021-09-09 16:10:39,712: +PARAM [/move_group/sense_for_plan/max_look_attempts] by /move_group
[rosmaster.master][INFO] 2021-09-09 16:10:39,712: +PARAM [/move_group/sense_for_plan/max_cost_sources] by /move_group
[rosmaster.master][INFO] 2021-09-09 16:10:39,712: +PARAM [/move_group/sense_for_plan/discard_overlapping_cost_sources] by /move_group
[rosmaster.master][INFO] 2021-09-09 16:10:39,712: +PARAM [/move_group/sense_for_plan/max_safe_path_cost] by /move_group
[rosmaster.master][INFO] 2021-09-09 16:10:39,713: +PARAM [/move_group/sense_for_plan/max_look_attempts] by /move_group
[rosmaster.master][INFO] 2021-09-09 16:10:39,713: +PARAM [/move_group/sense_for_plan/max_cost_sources] by /move_group
[rosmaster.master][INFO] 2021-09-09 16:10:39,713: +PARAM [/move_group/sense_for_plan/discard_overlapping_cost_sources] by /move_group
[rosmaster.master][INFO] 2021-09-09 16:10:39,713: +PUB [/move_group/display_cost_sources] /move_group http://wng:38571/
[rosmaster.master][INFO] 2021-09-09 16:10:39,713: +PUB [/move_group/motion_plan_request] /move_group http://wng:38571/
[rosmaster.master][INFO] 2021-09-09 16:10:39,717: +SERVICE [/apply_planning_scene] /move_group http://wng:38571/
[rosmaster.master][INFO] 2021-09-09 16:10:39,717: +SERVICE [/clear_octomap] /move_group http://wng:38571/
[rosmaster.master][INFO] 2021-09-09 16:10:39,717: +SERVICE [/compute_cartesian_path] /move_group http://wng:38571/
[rosmaster.master][INFO] 2021-09-09 16:10:39,718: +PUB [/execute_trajectory/result] /move_group http://wng:38571/
[rosmaster.master][INFO] 2021-09-09 16:10:39,718: +PUB [/execute_trajectory/feedback] /move_group http://wng:38571/
[rosmaster.master][INFO] 2021-09-09 16:10:39,718: +PUB [/execute_trajectory/status] /move_group http://wng:38571/
[rosmaster.master][INFO] 2021-09-09 16:10:39,720: +SUB [/execute_trajectory/goal] /move_group http://wng:38571/
[rosmaster.master][INFO] 2021-09-09 16:10:39,721: +SUB [/execute_trajectory/cancel] /move_group http://wng:38571/
[rosmaster.master][INFO] 2021-09-09 16:10:39,721: +SERVICE [/get_planning_scene] /move_group http://wng:38571/
[rosmaster.master][INFO] 2021-09-09 16:10:39,721: +SERVICE [/compute_fk] /move_group http://wng:38571/
[rosmaster.master][INFO] 2021-09-09 16:10:39,722: +SERVICE [/compute_ik] /move_group http://wng:38571/
[rosmaster.master][INFO] 2021-09-09 16:10:39,722: +PUB [/move_group/result] /move_group http://wng:38571/
[rosmaster.master][INFO] 2021-09-09 16:10:39,724: +PUB [/move_group/feedback] /move_group http://wng:38571/
[rosmaster.master][INFO] 2021-09-09 16:10:39,724: +PUB [/move_group/status] /move_group http://wng:38571/
[rosmaster.master][INFO] 2021-09-09 16:10:39,726: +SUB [/move_group/goal] /move_group http://wng:38571/
[rosmaster.master][INFO] 2021-09-09 16:10:39,727: +SUB [/move_group/cancel] /move_group http://wng:38571/
[rosmaster.master][INFO] 2021-09-09 16:10:39,729: +PUB [/move_group/display_grasp_markers] /move_group http://wng:38571/
[rosmaster.master][INFO] 2021-09-09 16:10:39,730: +PUB [/pickup/result] /move_group http://wng:38571/
[rosmaster.master][INFO] 2021-09-09 16:10:39,730: +PUB [/pickup/feedback] /move_group http://wng:38571/
[rosmaster.master][INFO] 2021-09-09 16:10:39,731: +PUB [/pickup/status] /move_group http://wng:38571/
[rosmaster.master][INFO] 2021-09-09 16:10:39,732: +SUB [/pickup/goal] /move_group http://wng:38571/
[rosmaster.master][INFO] 2021-09-09 16:10:39,733: +SUB [/pickup/cancel] /move_group http://wng:38571/
[rosmaster.master][INFO] 2021-09-09 16:10:39,733: +PUB [/place/result] /move_group http://wng:38571/
[rosmaster.master][INFO] 2021-09-09 16:10:39,733: +PUB [/place/feedback] /move_group http://wng:38571/
[rosmaster.master][INFO] 2021-09-09 16:10:39,734: +PUB [/place/status] /move_group http://wng:38571/
[rosmaster.master][INFO] 2021-09-09 16:10:39,735: +SUB [/place/goal] /move_group http://wng:38571/
[rosmaster.master][INFO] 2021-09-09 16:10:39,736: +SUB [/place/cancel] /move_group http://wng:38571/
[rosmaster.master][INFO] 2021-09-09 16:10:39,736: +SERVICE [/plan_kinematic_path] /move_group http://wng:38571/
[rosmaster.master][INFO] 2021-09-09 16:10:39,737: +SERVICE [/query_planner_interface] /move_group http://wng:38571/
[rosmaster.master][INFO] 2021-09-09 16:10:39,737: +SERVICE [/get_planner_params] /move_group http://wng:38571/
[rosmaster.master][INFO] 2021-09-09 16:10:39,737: +SERVICE [/set_planner_params] /move_group http://wng:38571/
[rosmaster.master][INFO] 2021-09-09 16:10:39,737: +SERVICE [/check_state_validity] /move_group http://wng:38571/
[rosmaster.master][INFO] 2021-09-09 16:10:39,757: +CACHEDPARAM [/rosout/omit_topics] by /rosout
[rosmaster.master][INFO] 2021-09-09 16:10:39,805: +PUB [/rosout] /joint_state_publisher http://wng:33747/
[rosmaster.master][INFO] 2021-09-09 16:10:39,807: +SERVICE [/joint_state_publisher/get_loggers] /joint_state_publisher http://wng:33747/
[rosmaster.master][INFO] 2021-09-09 16:10:39,808: +SERVICE [/joint_state_publisher/set_logger_level] /joint_state_publisher http://wng:33747/
[rosmaster.master][INFO] 2021-09-09 16:10:39,819: +SUB [/move_group/fake_controller_joint_states] /joint_state_publisher http://wng:33747/
[rosmaster.master][INFO] 2021-09-09 16:10:39,819: +PUB [/joint_states] /joint_state_publisher http://wng:33747/
[rosmaster.master][INFO] 2021-09-09 16:10:39,855: publisherUpdate[/rosout] -> http://wng:34757/ ['http://wng:33345/', 'http://wng:35849/', 'http://wng:38571/', 'http://wng:33253/', 'http://wng:33747/']
[rosmaster.master][INFO] 2021-09-09 16:10:39,856: publisherUpdate[/rosout] -> http://wng:34757/ ['http://wng:33345/', 'http://wng:35849/', 'http://wng:38571/', 'http://wng:33253/', 'http://wng:33747/']: sec=0.00, result=[1, '', 0]
[rosmaster.master][INFO] 2021-09-09 16:10:39,856: publisherUpdate[/joint_states] -> http://wng:33345/ ['http://wng:33747/']
[rosmaster.master][INFO] 2021-09-09 16:10:39,856: publisherUpdate[/joint_states] -> http://wng:35849/ ['http://wng:33747/']
[rosmaster.master][INFO] 2021-09-09 16:10:39,857: publisherUpdate[/joint_states] -> http://wng:33345/ ['http://wng:33747/']: sec=0.00, result=[1, '', 0]
[rosmaster.master][INFO] 2021-09-09 16:10:39,857: publisherUpdate[/joint_states] -> http://wng:35849/ ['http://wng:33747/']: sec=0.00, result=[1, '', 0]
[rosmaster.master][INFO] 2021-09-09 16:10:40,122: +PUB [/joint_states_desired] /joint_state_desired_publisher http://wng:33345/
[rosmaster.master][INFO] 2021-09-09 16:10:40,122: +CACHEDPARAM [/rosout_disable_topics_generation] by /joint_state_desired_publisher
[rosmaster.master][INFO] 2021-09-09 16:10:40,157: publisherUpdate[/joint_states_desired] -> http://wng:38571/ ['http://wng:33345/']
[rosmaster.master][INFO] 2021-09-09 16:10:40,158: publisherUpdate[/joint_states_desired] -> http://wng:38571/ ['http://wng:33345/']: sec=0.00, result=[1, '', 0]
[rosmaster.master][INFO] 2021-09-09 16:10:40,310: +PUB [/rosout] /server_endpoint http://wng:44293/
[rosmaster.master][INFO] 2021-09-09 16:10:40,312: +SERVICE [/server_endpoint/get_loggers] /server_endpoint http://wng:44293/
[rosmaster.master][INFO] 2021-09-09 16:10:40,312: +SERVICE [/server_endpoint/set_logger_level] /server_endpoint http://wng:44293/
[rosmaster.master][INFO] 2021-09-09 16:10:40,313: +SERVICE [/init_sync] /server_endpoint http://wng:44293/
[rosmaster.master][INFO] 2021-09-09 16:10:40,313: +SERVICE [/scene_sync] /server_endpoint http://wng:44293/
[rosmaster.master][INFO] 2021-09-09 16:10:40,313: +SERVICE [/panda_plan] /server_endpoint http://wng:44293/
[rosmaster.master][INFO] 2021-09-09 16:10:40,314: +SERVICE [/hand_sync] /server_endpoint http://wng:44293/
[rosmaster.master][INFO] 2021-09-09 16:10:40,314: +SERVICE [/motion_check] /server_endpoint http://wng:44293/
[rosmaster.master][INFO] 2021-09-09 16:10:40,315: +SUB [/execution_check] /server_endpoint http://wng:44293/
[rosmaster.master][INFO] 2021-09-09 16:10:40,316: +CACHEDPARAM [/rosout_disable_topics_generation] by /server_endpoint
[rosmaster.master][INFO] 2021-09-09 16:10:40,357: publisherUpdate[/rosout] -> http://wng:34757/ ['http://wng:33345/', 'http://wng:35849/', 'http://wng:38571/', 'http://wng:33253/', 'http://wng:33747/', 'http://wng:44293/']
[rosmaster.master][INFO] 2021-09-09 16:10:40,358: publisherUpdate[/rosout] -> http://wng:34757/ ['http://wng:33345/', 'http://wng:35849/', 'http://wng:38571/', 'http://wng:33253/', 'http://wng:33747/', 'http://wng:44293/']: sec=0.00, result=[1, '', 0]
[rosmaster.master][INFO] 2021-09-09 16:10:40,815: +SUB [/tf] /rviz_wng_757_8798814526227169179 http://wng:33253/
[rosmaster.master][INFO] 2021-09-09 16:10:40,816: +SUB [/tf_static] /rviz_wng_757_8798814526227169179 http://wng:33253/
[rosmaster.master][INFO] 2021-09-09 16:10:40,836: +PUB [/initialpose] /rviz_wng_757_8798814526227169179 http://wng:33253/
[rosmaster.master][INFO] 2021-09-09 16:10:40,837: +PUB [/goal] /rviz_wng_757_8798814526227169179 http://wng:33253/
[rosmaster.master][INFO] 2021-09-09 16:10:40,879: +SUB [/visualization_marker] /rviz_wng_757_8798814526227169179 http://wng:33253/
[rosmaster.master][INFO] 2021-09-09 16:10:40,880: +SUB [/visualization_marker_array] /rviz_wng_757_8798814526227169179 http://wng:33253/
[rosmaster.master][INFO] 2021-09-09 16:10:40,880: -SUB [/visualization_marker] /rviz_wng_757_8798814526227169179 http://wng:33253/
[rosmaster.master][INFO] 2021-09-09 16:10:40,880: -SUB [/visualization_marker_array] /rviz_wng_757_8798814526227169179 http://wng:33253/
[rosmaster.master][INFO] 2021-09-09 16:10:40,881: +SUB [/action] /rviz_wng_757_8798814526227169179 http://wng:33253/
[rosmaster.master][INFO] 2021-09-09 16:10:40,882: +SUB [/action_array] /rviz_wng_757_8798814526227169179 http://wng:33253/
[rosmaster.master][INFO] 2021-09-09 16:10:40,889: +PUB [/planning_scene] /rviz_wng_757_8798814526227169179 http://wng:33253/
[rosmaster.master][INFO] 2021-09-09 16:10:40,890: +PUB [/planning_scene_world] /rviz_wng_757_8798814526227169179 http://wng:33253/
[rosmaster.master][INFO] 2021-09-09 16:10:40,891: +SUB [/recognize_objects/status] /rviz_wng_757_8798814526227169179 http://wng:33253/
[rosmaster.master][INFO] 2021-09-09 16:10:40,892: +SUB [/recognize_objects/feedback] /rviz_wng_757_8798814526227169179 http://wng:33253/
[rosmaster.master][INFO] 2021-09-09 16:10:40,893: +SUB [/recognize_objects/result] /rviz_wng_757_8798814526227169179 http://wng:33253/
[rosmaster.master][INFO] 2021-09-09 16:10:40,893: +PUB [/recognize_objects/goal] /rviz_wng_757_8798814526227169179 http://wng:33253/
[rosmaster.master][INFO] 2021-09-09 16:10:40,893: +PUB [/recognize_objects/cancel] /rviz_wng_757_8798814526227169179 http://wng:33253/
[rosmaster.master][INFO] 2021-09-09 16:10:40,894: +SUB [/recognized_object_array] /rviz_wng_757_8798814526227169179 http://wng:33253/
[rosmaster.master][INFO] 2021-09-09 16:10:40,958: publisherUpdate[/planning_scene] -> http://wng:38571/ ['http://wng:33253/']
[rosmaster.master][INFO] 2021-09-09 16:10:40,964: publisherUpdate[/planning_scene] -> http://wng:38571/ ['http://wng:33253/']: sec=0.00, result=[1, '', 0]
[rosmaster.master][INFO] 2021-09-09 16:10:40,964: publisherUpdate[/planning_scene_world] -> http://wng:38571/ ['http://wng:33253/']
[rosmaster.master][INFO] 2021-09-09 16:10:40,966: publisherUpdate[/planning_scene_world] -> http://wng:38571/ ['http://wng:33253/']: sec=0.00, result=[1, '', 0]
[rosmaster.master][INFO] 2021-09-09 16:10:43,896: -SUB [/recognize_objects/status] /rviz_wng_757_8798814526227169179 http://wng:33253/
[rosmaster.master][INFO] 2021-09-09 16:10:43,897: -PUB [/recognize_objects/cancel] /rviz_wng_757_8798814526227169179 http://wng:33253/
[rosmaster.master][INFO] 2021-09-09 16:10:43,898: -PUB [/recognize_objects/goal] /rviz_wng_757_8798814526227169179 http://wng:33253/
[rosmaster.master][INFO] 2021-09-09 16:10:43,900: -SUB [/recognize_objects/feedback] /rviz_wng_757_8798814526227169179 http://wng:33253/
[rosmaster.master][INFO] 2021-09-09 16:10:43,901: -SUB [/recognize_objects/result] /rviz_wng_757_8798814526227169179 http://wng:33253/
[rosmaster.master][INFO] 2021-09-09 16:10:43,967: +PUB [/feedback] /rviz_wng_757_8798814526227169179 http://wng:33253/
[rosmaster.master][INFO] 2021-09-09 16:10:43,967: -PUB [/feedback] /rviz_wng_757_8798814526227169179 http://wng:33253/
[rosmaster.master][INFO] 2021-09-09 16:10:43,968: +PUB [/feedback] /rviz_wng_757_8798814526227169179 http://wng:33253/
[rosmaster.master][INFO] 2021-09-09 16:10:43,968: -PUB [/goal] /rviz_wng_757_8798814526227169179 http://wng:33253/
[rosmaster.master][INFO] 2021-09-09 16:10:43,969: -PUB [/initialpose] /rviz_wng_757_8798814526227169179 http://wng:33253/
[rosmaster.master][INFO] 2021-09-09 16:10:43,984: +SERVICE [/rviz_wng_757_8798814526227169179/reload_shaders] /rviz_wng_757_8798814526227169179 http://wng:33253/
[rosmaster.master][INFO] 2021-09-09 16:10:43,984: +SERVICE [/rviz_wng_757_8798814526227169179/load_config] /rviz_wng_757_8798814526227169179 http://wng:33253/
[rosmaster.master][INFO] 2021-09-09 16:10:43,985: +SERVICE [/rviz_wng_757_8798814526227169179/save_config] /rviz_wng_757_8798814526227169179 http://wng:33253/
[rosmaster.master][INFO] 2021-09-09 16:10:44,047: +SERVICE [/rviz_wng_757_8798814526227169179/motionplanning_planning_scene_monitor/set_parameters] /rviz_wng_757_8798814526227169179 http://wng:33253/
[rosmaster.master][INFO] 2021-09-09 16:10:44,047: +PUB [/rviz_wng_757_8798814526227169179/motionplanning_planning_scene_monitor/parameter_descriptions] /rviz_wng_757_8798814526227169179 http://wng:33253/
[rosmaster.master][INFO] 2021-09-09 16:10:44,048: +PUB [/rviz_wng_757_8798814526227169179/motionplanning_planning_scene_monitor/parameter_updates] /rviz_wng_757_8798814526227169179 http://wng:33253/
[rosmaster.master][INFO] 2021-09-09 16:10:44,049: +PARAM [/rviz_wng_757_8798814526227169179/motionplanning_planning_scene_monitor/publish_planning_scene] by /rviz_wng_757_8798814526227169179
[rosmaster.master][INFO] 2021-09-09 16:10:44,049: +PARAM [/rviz_wng_757_8798814526227169179/motionplanning_planning_scene_monitor/publish_planning_scene_hz] by /rviz_wng_757_8798814526227169179
[rosmaster.master][INFO] 2021-09-09 16:10:44,049: +PARAM [/rviz_wng_757_8798814526227169179/motionplanning_planning_scene_monitor/publish_geometry_updates] by /rviz_wng_757_8798814526227169179
[rosmaster.master][INFO] 2021-09-09 16:10:44,049: +PARAM [/rviz_wng_757_8798814526227169179/motionplanning_planning_scene_monitor/publish_state_updates] by /rviz_wng_757_8798814526227169179
[rosmaster.master][INFO] 2021-09-09 16:10:44,050: +PARAM [/rviz_wng_757_8798814526227169179/motionplanning_planning_scene_monitor/publish_transforms_updates] by /rviz_wng_757_8798814526227169179
[rosmaster.master][INFO] 2021-09-09 16:10:44,050: +PARAM [/rviz_wng_757_8798814526227169179/motionplanning_planning_scene_monitor/publish_planning_scene] by /rviz_wng_757_8798814526227169179
[rosmaster.master][INFO] 2021-09-09 16:10:44,050: +PARAM [/rviz_wng_757_8798814526227169179/motionplanning_planning_scene_monitor/publish_planning_scene_hz] by /rviz_wng_757_8798814526227169179
[rosmaster.master][INFO] 2021-09-09 16:10:44,050: +PARAM [/rviz_wng_757_8798814526227169179/motionplanning_planning_scene_monitor/publish_geometry_updates] by /rviz_wng_757_8798814526227169179
[rosmaster.master][INFO] 2021-09-09 16:10:44,050: +PARAM [/rviz_wng_757_8798814526227169179/motionplanning_planning_scene_monitor/publish_state_updates] by /rviz_wng_757_8798814526227169179
[rosmaster.master][INFO] 2021-09-09 16:10:44,051: +PARAM [/rviz_wng_757_8798814526227169179/motionplanning_planning_scene_monitor/publish_transforms_updates] by /rviz_wng_757_8798814526227169179
[rosmaster.master][INFO] 2021-09-09 16:10:55,633: -SUB [/move_group/fake_controller_joint_states] /joint_state_publisher http://wng:33747/
[rosmaster.master][INFO] 2021-09-09 16:10:55,634: -SUB [/execution_check] /server_endpoint http://wng:44293/
[rosmaster.master][INFO] 2021-09-09 16:10:55,634: -PUB [/joint_states] /joint_state_publisher http://wng:33747/
[rosmaster.master][INFO] 2021-09-09 16:10:55,634: -PUB [/rosout] /server_endpoint http://wng:44293/
[rosmaster.master][INFO] 2021-09-09 16:10:55,634: -PUB [/rosout] /joint_state_publisher http://wng:33747/
[rosmaster.master][INFO] 2021-09-09 16:10:55,634: -SERVICE [/hand_sync] /server_endpoint rosrpc://wng:41149
[rosmaster.master][INFO] 2021-09-09 16:10:55,634: -SERVICE [/joint_state_publisher/get_loggers] /joint_state_publisher rosrpc://wng:43179
[rosmaster.master][INFO] 2021-09-09 16:10:55,635: -SERVICE [/panda_plan] /server_endpoint rosrpc://wng:41149
[rosmaster.master][INFO] 2021-09-09 16:10:55,635: -SERVICE [/joint_state_publisher/set_logger_level] /joint_state_publisher rosrpc://wng:43179
[rosmaster.master][INFO] 2021-09-09 16:10:55,635: -SERVICE [/server_endpoint/get_loggers] /server_endpoint rosrpc://wng:41149
[rosmaster.master][INFO] 2021-09-09 16:10:55,635: -SERVICE [/scene_sync] /server_endpoint rosrpc://wng:41149
[rosmaster.master][INFO] 2021-09-09 16:10:55,635: -SERVICE [/server_endpoint/set_logger_level] /server_endpoint rosrpc://wng:41149
[rosmaster.master][INFO] 2021-09-09 16:10:55,635: -SERVICE [/motion_check] /server_endpoint rosrpc://wng:41149
[rosmaster.master][INFO] 2021-09-09 16:10:55,635: -SERVICE [/init_sync] /server_endpoint rosrpc://wng:41149
[rosmaster.master][INFO] 2021-09-09 16:10:55,680: publisherUpdate[/joint_states] -> http://wng:33345/ []
[rosmaster.master][INFO] 2021-09-09 16:10:55,680: publisherUpdate[/joint_states] -> http://wng:35849/ []
[rosmaster.master][INFO] 2021-09-09 16:10:55,680: publisherUpdate[/joint_states] -> http://wng:33345/ []: sec=0.00, result=[1, '', 0]
[rosmaster.master][INFO] 2021-09-09 16:10:55,680: publisherUpdate[/rosout] -> http://wng:34757/ ['http://wng:33345/', 'http://wng:35849/', 'http://wng:38571/', 'http://wng:33253/', 'http://wng:33747/']
[rosmaster.master][INFO] 2021-09-09 16:10:55,681: publisherUpdate[/joint_states] -> http://wng:35849/ []: sec=0.00, result=[1, '', 0]
[rosmaster.master][INFO] 2021-09-09 16:10:55,681: publisherUpdate[/rosout] -> http://wng:34757/ ['http://wng:33345/', 'http://wng:35849/', 'http://wng:38571/', 'http://wng:33253/', 'http://wng:33747/']: sec=0.00, result=[1, '', 0]
[rosmaster.master][INFO] 2021-09-09 16:10:55,681: publisherUpdate[/rosout] -> http://wng:34757/ ['http://wng:33345/', 'http://wng:35849/', 'http://wng:38571/', 'http://wng:33253/']
[rosmaster.master][INFO] 2021-09-09 16:10:55,681: publisherUpdate[/rosout] -> http://wng:34757/ ['http://wng:33345/', 'http://wng:35849/', 'http://wng:38571/', 'http://wng:33253/']: sec=0.00, result=[1, '', 0]
[rosmaster.master][INFO] 2021-09-09 16:10:55,689: -PUB [/rosout] /move_group http://wng:38571/
[rosmaster.master][INFO] 2021-09-09 16:10:55,689: -PUB [/move_group/planning_scene_monitor/parameter_descriptions] /move_group http://wng:38571/
[rosmaster.master][INFO] 2021-09-09 16:10:55,689: -PUB [/move_group/planning_scene_monitor/parameter_updates] /move_group http://wng:38571/
[rosmaster.master][INFO] 2021-09-09 16:10:55,689: -PUB [/move_group/monitored_planning_scene] /move_group http://wng:38571/
[rosmaster.master][INFO] 2021-09-09 16:10:55,690: -PUB [/move_group/filtered_cloud] /move_group http://wng:38571/
[rosmaster.master][INFO] 2021-09-09 16:10:55,690: -PUB [/move_group/ompl/parameter_descriptions] /move_group http://wng:38571/
[rosmaster.master][INFO] 2021-09-09 16:10:55,690: -PUB [/move_group/ompl/parameter_updates] /move_group http://wng:38571/
[rosmaster.master][INFO] 2021-09-09 16:10:55,690: -PUB [/move_group/display_planned_path] /move_group http://wng:38571/
[rosmaster.master][INFO] 2021-09-09 16:10:55,690: -PUB [/move_group/display_contacts] /move_group http://wng:38571/
[rosmaster.master][INFO] 2021-09-09 16:10:55,690: -PUB [/move_group/fake_controller_joint_states] /move_group http://wng:38571/
[rosmaster.master][INFO] 2021-09-09 16:10:55,691: -PUB [/move_group/trajectory_execution/parameter_descriptions] /move_group http://wng:38571/
[rosmaster.master][INFO] 2021-09-09 16:10:55,691: -PUB [/move_group/trajectory_execution/parameter_updates] /move_group http://wng:38571/
[rosmaster.master][INFO] 2021-09-09 16:10:55,691: -PUB [/move_group/plan_execution/parameter_descriptions] /move_group http://wng:38571/
[rosmaster.master][INFO] 2021-09-09 16:10:55,692: -PUB [/move_group/plan_execution/parameter_updates] /move_group http://wng:38571/
[rosmaster.master][INFO] 2021-09-09 16:10:55,692: -PUB [/move_group/sense_for_plan/parameter_descriptions] /move_group http://wng:38571/
[rosmaster.master][INFO] 2021-09-09 16:10:55,692: -PUB [/move_group/sense_for_plan/parameter_updates] /move_group http://wng:38571/
[rosmaster.master][INFO] 2021-09-09 16:10:55,692: -PUB [/move_group/display_cost_sources] /move_group http://wng:38571/
[rosmaster.master][INFO] 2021-09-09 16:10:55,692: -PUB [/move_group/motion_plan_request] /move_group http://wng:38571/
[rosmaster.master][INFO] 2021-09-09 16:10:55,692: -PUB [/execute_trajectory/result] /move_group http://wng:38571/
[rosmaster.master][INFO] 2021-09-09 16:10:55,693: -PUB [/execute_trajectory/feedback] /move_group http://wng:38571/
[rosmaster.master][INFO] 2021-09-09 16:10:55,693: -PUB [/execute_trajectory/status] /move_group http://wng:38571/
[rosmaster.master][INFO] 2021-09-09 16:10:55,693: -PUB [/move_group/result] /move_group http://wng:38571/
[rosmaster.master][INFO] 2021-09-09 16:10:55,693: -PUB [/move_group/feedback] /move_group http://wng:38571/
[rosmaster.master][INFO] 2021-09-09 16:10:55,693: -PUB [/move_group/status] /move_group http://wng:38571/
[rosmaster.master][INFO] 2021-09-09 16:10:55,694: -PUB [/move_group/display_grasp_markers] /move_group http://wng:38571/
[rosmaster.master][INFO] 2021-09-09 16:10:55,694: -PUB [/pickup/result] /move_group http://wng:38571/
[rosmaster.master][INFO] 2021-09-09 16:10:55,694: -PUB [/pickup/feedback] /move_group http://wng:38571/
[rosmaster.master][INFO] 2021-09-09 16:10:55,694: -PUB [/pickup/status] /move_group http://wng:38571/
[rosmaster.master][INFO] 2021-09-09 16:10:55,694: -PUB [/place/result] /move_group http://wng:38571/
[rosmaster.master][INFO] 2021-09-09 16:10:55,695: -PUB [/place/feedback] /move_group http://wng:38571/
[rosmaster.master][INFO] 2021-09-09 16:10:55,695: -PUB [/place/status] /move_group http://wng:38571/
[rosmaster.master][INFO] 2021-09-09 16:10:55,695: -SUB [/tf] /move_group http://wng:38571/
[rosmaster.master][INFO] 2021-09-09 16:10:55,695: -SUB [/tf_static] /move_group http://wng:38571/
[rosmaster.master][INFO] 2021-09-09 16:10:55,695: -SUB [/planning_scene] /move_group http://wng:38571/
[rosmaster.master][INFO] 2021-09-09 16:10:55,696: -SUB [/collision_object] /move_group http://wng:38571/
[rosmaster.master][INFO] 2021-09-09 16:10:55,696: -SUB [/planning_scene_world] /move_group http://wng:38571/
[rosmaster.master][INFO] 2021-09-09 16:10:55,696: -SUB [/camera/depth_registered/points] /move_group http://wng:38571/
[rosmaster.master][INFO] 2021-09-09 16:10:55,696: -SUB [/joint_states_desired] /move_group http://wng:38571/
[rosmaster.master][INFO] 2021-09-09 16:10:55,696: -SUB [/attached_collision_object] /move_group http://wng:38571/
[rosmaster.master][INFO] 2021-09-09 16:10:55,697: -SUB [/trajectory_execution_event] /move_group http://wng:38571/
[rosmaster.master][INFO] 2021-09-09 16:10:55,697: -SUB [/execute_trajectory/goal] /move_group http://wng:38571/
[rosmaster.master][INFO] 2021-09-09 16:10:55,697: -SUB [/execute_trajectory/cancel] /move_group http://wng:38571/
[rosmaster.master][INFO] 2021-09-09 16:10:55,697: -SUB [/move_group/goal] /move_group http://wng:38571/
[rosmaster.master][INFO] 2021-09-09 16:10:55,697: -SUB [/move_group/cancel] /move_group http://wng:38571/
[rosmaster.master][INFO] 2021-09-09 16:10:55,698: -SUB [/pickup/goal] /move_group http://wng:38571/
[rosmaster.master][INFO] 2021-09-09 16:10:55,698: -SUB [/pickup/cancel] /move_group http://wng:38571/
[rosmaster.master][INFO] 2021-09-09 16:10:55,698: -SUB [/place/goal] /move_group http://wng:38571/
[rosmaster.master][INFO] 2021-09-09 16:10:55,698: -SUB [/place/cancel] /move_group http://wng:38571/
[rosmaster.master][INFO] 2021-09-09 16:10:55,698: -SERVICE [/move_group/get_loggers] /move_group rosrpc://wng:33735
[rosmaster.master][INFO] 2021-09-09 16:10:55,699: -SERVICE [/move_group/set_logger_level] /move_group rosrpc://wng:33735
[rosmaster.master][INFO] 2021-09-09 16:10:55,699: -SERVICE [/move_group/planning_scene_monitor/set_parameters] /move_group rosrpc://wng:33735
[rosmaster.master][INFO] 2021-09-09 16:10:55,699: -SERVICE [/move_group/save_map] /move_group rosrpc://wng:33735
[rosmaster.master][INFO] 2021-09-09 16:10:55,699: -SERVICE [/move_group/load_map] /move_group rosrpc://wng:33735
[rosmaster.master][INFO] 2021-09-09 16:10:55,700: -SERVICE [/move_group/ompl/set_parameters] /move_group rosrpc://wng:33735
[rosmaster.master][INFO] 2021-09-09 16:10:55,700: -SERVICE [/move_group/trajectory_execution/set_parameters] /move_group rosrpc://wng:33735
[rosmaster.master][INFO] 2021-09-09 16:10:55,700: -SERVICE [/move_group/plan_execution/set_parameters] /move_group rosrpc://wng:33735
[rosmaster.master][INFO] 2021-09-09 16:10:55,700: -SERVICE [/move_group/sense_for_plan/set_parameters] /move_group rosrpc://wng:33735
[rosmaster.master][INFO] 2021-09-09 16:10:55,700: -SERVICE [/apply_planning_scene] /move_group rosrpc://wng:33735
[rosmaster.master][INFO] 2021-09-09 16:10:55,701: -SERVICE [/clear_octomap] /move_group rosrpc://wng:33735
[rosmaster.master][INFO] 2021-09-09 16:10:55,701: -SERVICE [/compute_cartesian_path] /move_group rosrpc://wng:33735
[rosmaster.master][INFO] 2021-09-09 16:10:55,701: -SERVICE [/get_planning_scene] /move_group rosrpc://wng:33735
[rosmaster.master][INFO] 2021-09-09 16:10:55,701: -SERVICE [/compute_fk] /move_group rosrpc://wng:33735
[rosmaster.master][INFO] 2021-09-09 16:10:55,702: -SERVICE [/compute_ik] /move_group rosrpc://wng:33735
[rosmaster.master][INFO] 2021-09-09 16:10:55,702: -SERVICE [/plan_kinematic_path] /move_group rosrpc://wng:33735
[rosmaster.master][INFO] 2021-09-09 16:10:55,702: -SERVICE [/query_planner_interface] /move_group rosrpc://wng:33735
[rosmaster.master][INFO] 2021-09-09 16:10:55,702: -SERVICE [/get_planner_params] /move_group rosrpc://wng:33735
[rosmaster.master][INFO] 2021-09-09 16:10:55,702: -SERVICE [/set_planner_params] /move_group rosrpc://wng:33735
[rosmaster.master][INFO] 2021-09-09 16:10:55,703: -SERVICE [/check_state_validity] /move_group rosrpc://wng:33735
[rosmaster.master][INFO] 2021-09-09 16:10:55,703: -CACHEDPARAM [/rosout_disable_topics_generation] by /move_group
[rosmaster.master][INFO] 2021-09-09 16:10:55,780: -PUB [/rosout] /joint_state_desired_publisher http://wng:33345/
[rosmaster.master][INFO] 2021-09-09 16:10:55,781: -PUB [/rosout] /robot_state_publisher http://wng:35849/
[rosmaster.master][INFO] 2021-09-09 16:10:55,781: publisherUpdate[/rosout] -> http://wng:34757/ ['http://wng:33345/', 'http://wng:35849/', 'http://wng:33253/']
[rosmaster.master][INFO] 2021-09-09 16:10:55,781: -PUB [/joint_states_desired] /joint_state_desired_publisher http://wng:33345/
[rosmaster.master][INFO] 2021-09-09 16:10:55,782: -PUB [/tf] /robot_state_publisher http://wng:35849/
[rosmaster.master][INFO] 2021-09-09 16:10:55,782: publisherUpdate[/rosout] -> http://wng:34757/ ['http://wng:33345/', 'http://wng:35849/', 'http://wng:33253/']: sec=0.00, result=[1, '', 0]
[rosmaster.master][INFO] 2021-09-09 16:10:55,782: -SUB [/joint_states] /joint_state_desired_publisher http://wng:33345/
[rosmaster.master][INFO] 2021-09-09 16:10:55,782: publisherUpdate[/rosout] -> http://wng:34757/ ['http://wng:35849/', 'http://wng:33253/']
[rosmaster.master][INFO] 2021-09-09 16:10:55,783: -PUB [/tf_static] /robot_state_publisher http://wng:35849/
[rosmaster.master][INFO] 2021-09-09 16:10:55,783: publisherUpdate[/rosout] -> http://wng:34757/ ['http://wng:35849/', 'http://wng:33253/']: sec=0.00, result=[1, '', 0]
[rosmaster.master][INFO] 2021-09-09 16:10:55,783: -SERVICE [/joint_state_desired_publisher/get_loggers] /joint_state_desired_publisher rosrpc://wng:60873
[rosmaster.master][INFO] 2021-09-09 16:10:55,783: publisherUpdate[/rosout] -> http://wng:34757/ ['http://wng:33253/']
[rosmaster.master][INFO] 2021-09-09 16:10:55,783: -SUB [/joint_states] /robot_state_publisher http://wng:35849/
[rosmaster.master][INFO] 2021-09-09 16:10:55,784: publisherUpdate[/rosout] -> http://wng:34757/ ['http://wng:33253/']: sec=0.00, result=[1, '', 0]
[rosmaster.master][INFO] 2021-09-09 16:10:55,784: -SERVICE [/joint_state_desired_publisher/set_logger_level] /joint_state_desired_publisher rosrpc://wng:60873
[rosmaster.master][INFO] 2021-09-09 16:10:55,784: publisherUpdate[/tf] -> http://wng:33253/ []
[rosmaster.master][INFO] 2021-09-09 16:10:55,784: -SERVICE [/robot_state_publisher/get_loggers] /robot_state_publisher rosrpc://wng:53081
[rosmaster.master][INFO] 2021-09-09 16:10:55,785: -CACHEDPARAM [/rosout_disable_topics_generation] by /joint_state_desired_publisher
[rosmaster.master][INFO] 2021-09-09 16:10:55,785: -SERVICE [/robot_state_publisher/set_logger_level] /robot_state_publisher rosrpc://wng:53081
[rosmaster.master][INFO] 2021-09-09 16:11:00,455: publisherUpdate[/tf] -> http://wng:33253/ []: sec=4.67, exception=[Errno 111] Connection refused
[rosmaster.threadpool][ERROR] 2021-09-09 16:11:00,456: Traceback (most recent call last):
  File "/opt/ros/melodic/lib/python2.7/dist-packages/rosmaster/threadpool.py", line 218, in run
    result = cmd(*args)
  File "/opt/ros/melodic/lib/python2.7/dist-packages/rosmaster/master_api.py", line 210, in publisher_update_task
    ret = xmlrpcapi(api).publisherUpdate('/master', topic, pub_uris)
  File "/usr/lib/python2.7/xmlrpclib.py", line 1243, in __call__
    return self.__send(self.__name, args)
  File "/usr/lib/python2.7/xmlrpclib.py", line 1602, in __request
    verbose=self.__verbose
  File "/usr/lib/python2.7/xmlrpclib.py", line 1283, in request
    return self.single_request(host, handler, request_body, verbose)
  File "/usr/lib/python2.7/xmlrpclib.py", line 1311, in single_request
    self.send_content(h, request_body)
  File "/usr/lib/python2.7/xmlrpclib.py", line 1459, in send_content
    connection.endheaders(request_body)
  File "/usr/lib/python2.7/httplib.py", line 1095, in endheaders
    self._send_output(message_body)
  File "/usr/lib/python2.7/httplib.py", line 898, in _send_output
    self.send(msg)
  File "/usr/lib/python2.7/httplib.py", line 860, in send
    self.connect()
  File "/usr/lib/python2.7/httplib.py", line 837, in connect
    self.timeout, self.source_address)
  File "/usr/lib/python2.7/socket.py", line 575, in create_connection
    raise err
error: [Errno 111] Connection refused

[rosmaster.master][INFO] 2021-09-09 16:11:00,456: publisherUpdate[/tf_static] -> http://wng:33253/ []
[rosmaster.master][INFO] 2021-09-09 16:11:00,457: publisherUpdate[/tf_static] -> http://wng:33253/ []: sec=0.00, exception=[Errno 111] Connection refused
[rosmaster.threadpool][ERROR] 2021-09-09 16:11:00,457: Traceback (most recent call last):
  File "/opt/ros/melodic/lib/python2.7/dist-packages/rosmaster/threadpool.py", line 218, in run
    result = cmd(*args)
  File "/opt/ros/melodic/lib/python2.7/dist-packages/rosmaster/master_api.py", line 210, in publisher_update_task
    ret = xmlrpcapi(api).publisherUpdate('/master', topic, pub_uris)
  File "/usr/lib/python2.7/xmlrpclib.py", line 1243, in __call__
    return self.__send(self.__name, args)
  File "/usr/lib/python2.7/xmlrpclib.py", line 1602, in __request
    verbose=self.__verbose
  File "/usr/lib/python2.7/xmlrpclib.py", line 1283, in request
    return self.single_request(host, handler, request_body, verbose)
  File "/usr/lib/python2.7/xmlrpclib.py", line 1311, in single_request
    self.send_content(h, request_body)
  File "/usr/lib/python2.7/xmlrpclib.py", line 1459, in send_content
    connection.endheaders(request_body)
  File "/usr/lib/python2.7/httplib.py", line 1095, in endheaders
    self._send_output(message_body)
  File "/usr/lib/python2.7/httplib.py", line 898, in _send_output
    self.send(msg)
  File "/usr/lib/python2.7/httplib.py", line 860, in send
    self.connect()
  File "/usr/lib/python2.7/httplib.py", line 837, in connect
    self.timeout, self.source_address)
  File "/usr/lib/python2.7/socket.py", line 575, in create_connection
    raise err
error: [Errno 111] Connection refused

[rosmaster.master][INFO] 2021-09-09 16:11:00,696: -PUB [/rosout_agg] /rosout http://wng:34757/
[rosmaster.master][INFO] 2021-09-09 16:11:00,696: -SUB [/rosout] /rosout http://wng:34757/
[rosmaster.master][INFO] 2021-09-09 16:11:00,697: -SERVICE [/rosout/get_loggers] /rosout rosrpc://wng:34277
[rosmaster.master][INFO] 2021-09-09 16:11:00,697: -SERVICE [/rosout/set_logger_level] /rosout rosrpc://wng:34277
[rosmaster.master][INFO] 2021-09-09 16:11:00,697: -CACHEDPARAM [/rosout/omit_topics] by /rosout
[rosmaster.main][INFO] 2021-09-09 16:11:00,739: keyboard interrupt, will exit
[rosmaster.main][INFO] 2021-09-09 16:11:00,739: stopping master...
[rospy.core][INFO] 2021-09-09 16:11:00,740: signal_shutdown [atexit]
