[rospy.client][INFO] 2021-09-24 11:01:25,118: init_node, name[/joint_state_publisher], pid[32476]
[xmlrpc][INFO] 2021-09-24 11:01:25,118: XML-RPC server binding to 0.0.0.0:0
[xmlrpc][INFO] 2021-09-24 11:01:25,118: Started XML-RPC server [http://wng:40227/]
[rospy.init][INFO] 2021-09-24 11:01:25,118: ROS Slave URI: [http://wng:40227/]
[rospy.impl.masterslave][INFO] 2021-09-24 11:01:25,118: _ready: http://wng:40227/
[xmlrpc][INFO] 2021-09-24 11:01:25,119: xml rpc node: starting XML-RPC server
[rospy.registration][INFO] 2021-09-24 11:01:25,119: Registering with master node http://localhost:11311
[rospy.init][INFO] 2021-09-24 11:01:25,219: registered with master
[rospy.rosout][INFO] 2021-09-24 11:01:25,219: initializing /rosout core topic
[rospy.rosout][INFO] 2021-09-24 11:01:25,221: connected to core topic /rosout
[rospy.simtime][INFO] 2021-09-24 11:01:25,221: /use_sim_time is not set, will not subscribe to simulated time [/clock] topic
[rospy.internal][INFO] 2021-09-24 11:01:25,284: topic[/move_group/fake_controller_joint_states] adding connection to [http://wng:44619/], count 0
[rospy.internal][INFO] 2021-09-24 11:01:25,436: topic[/rosout] adding connection to [/rosout], count 0
[rospy.internal][INFO] 2021-09-24 11:01:25,437: topic[/joint_states] adding connection to [/joint_state_desired_publisher], count 0
[rospy.internal][INFO] 2021-09-24 11:01:25,438: topic[/joint_states] adding connection to [/robot_state_publisher], count 1
[rospy.internal][INFO] 2021-09-24 11:02:08,408: topic[/joint_states] adding connection to [/move_group_commander_wrappers_1632448904686546905], count 2
[rospy.internal][INFO] 2021-09-24 11:20:30,867: topic[/joint_states] removing connection to /move_group_commander_wrappers_1632448904686546905
[rospy.core][INFO] 2021-09-24 11:20:37,921: signal_shutdown [signal-2]
[rospy.internal][INFO] 2021-09-24 11:20:37,923: topic[/joint_states] removing connection to /joint_state_desired_publisher
[rospy.internal][INFO] 2021-09-24 11:20:37,923: topic[/joint_states] removing connection to /robot_state_publisher
[rospy.internal][INFO] 2021-09-24 11:20:37,924: topic[/rosout] removing connection to /rosout
[rospy.internal][INFO] 2021-09-24 11:20:37,924: topic[/move_group/fake_controller_joint_states] removing connection to http://wng:44619/
[rospy.impl.masterslave][INFO] 2021-09-24 11:20:37,924: signal-2
[rospy.internal][WARNING] 2021-09-24 11:20:37,925: Unknown error initiating TCP/IP socket to wng:34199 (http://wng:44619/): Traceback (most recent call last):
  File "/opt/ros/melodic/lib/python2.7/dist-packages/rospy/impl/tcpros_base.py", line 563, in connect
    self.local_endpoint = self.socket.getsockname()
AttributeError: 'NoneType' object has no attribute 'getsockname'

[rospy.core][INFO] 2021-09-24 11:20:38,037: signal_shutdown [atexit]
