[rospy.client][INFO] 2021-09-24 11:01:25,594: init_node, name[/server_endpoint], pid[32474]
[xmlrpc][INFO] 2021-09-24 11:01:25,594: XML-RPC server binding to 0.0.0.0:0
[xmlrpc][INFO] 2021-09-24 11:01:25,595: Started XML-RPC server [http://wng:33081/]
[rospy.init][INFO] 2021-09-24 11:01:25,595: ROS Slave URI: [http://wng:33081/]
[rospy.impl.masterslave][INFO] 2021-09-24 11:01:25,595: _ready: http://wng:33081/
[rospy.registration][INFO] 2021-09-24 11:01:25,595: Registering with master node http://localhost:11311
[xmlrpc][INFO] 2021-09-24 11:01:25,595: xml rpc node: starting XML-RPC server
[rospy.init][INFO] 2021-09-24 11:01:25,695: registered with master
[rospy.rosout][INFO] 2021-09-24 11:01:25,695: initializing /rosout core topic
[rospy.rosout][INFO] 2021-09-24 11:01:25,696: connected to core topic /rosout
[rospy.simtime][INFO] 2021-09-24 11:01:25,698: /use_sim_time is not set, will not subscribe to simulated time [/clock] topic
[rosout][INFO] 2021-09-24 11:01:25,706: Starting server on 192.168.1.146:10000
[rospy.internal][INFO] 2021-09-24 11:01:25,941: topic[/rosout] adding connection to [/rosout], count 0
[rosout][INFO] 2021-09-24 11:01:36,893: Connection from 192.168.1.146
[rosout][INFO] 2021-09-24 11:01:36,898: RegisterPublisher(execution_check, <class 'panda_move.msg._ExecutionCheck.ExecutionCheck'>) OK
[rospy.internal][INFO] 2021-09-24 11:01:36,982: topic[/execution_check] adding connection to [http://wng:33081/], count 0
[rospy.internal][INFO] 2021-09-24 11:01:36,983: topic[/execution_check] adding connection to [/server_endpoint], count 0
[rospy.core][INFO] 2021-09-24 11:20:37,931: signal_shutdown [signal-2]
[rospy.internal][INFO] 2021-09-24 11:20:37,934: topic[/execution_check] removing connection to /server_endpoint
[rospy.internal][ERROR] 2021-09-24 11:20:37,935: Unable to initiate TCP/IP socket to wng:39051 (http://wng:33081/): Traceback (most recent call last):
  File "/opt/ros/melodic/lib/python2.7/dist-packages/rospy/impl/tcpros_base.py", line 562, in connect
    self.read_header()
  File "/opt/ros/melodic/lib/python2.7/dist-packages/rospy/impl/tcpros_base.py", line 657, in read_header
    self._validate_header(read_ros_handshake_header(sock, self.read_buff, self.protocol.buff_size))
  File "/opt/ros/melodic/lib/python2.7/dist-packages/rospy/impl/tcpros_base.py", line 600, in _validate_header
    raise TransportInitError("remote error reported: %s"%header['error'])
TransportInitError: remote error reported: node shutting down

[rospy.internal][INFO] 2021-09-24 11:20:37,935: topic[/rosout] removing connection to /rosout
[rospy.internal][INFO] 2021-09-24 11:20:37,935: topic[/execution_check] removing connection to http://wng:33081/
[rospy.impl.masterslave][INFO] 2021-09-24 11:20:37,935: signal-2
[rospy.core][INFO] 2021-09-24 11:20:38,099: signal_shutdown [atexit]
