[rospy.client][INFO] 2021-11-24 16:42:44,506: init_node, name[/joint_state_publisher], pid[17755]
[xmlrpc][INFO] 2021-11-24 16:42:44,506: XML-RPC server binding to 0.0.0.0:0
[xmlrpc][INFO] 2021-11-24 16:42:44,507: Started XML-RPC server [http://wng:40291/]
[rospy.init][INFO] 2021-11-24 16:42:44,507: ROS Slave URI: [http://wng:40291/]
[rospy.impl.masterslave][INFO] 2021-11-24 16:42:44,507: _ready: http://wng:40291/
[rospy.registration][INFO] 2021-11-24 16:42:44,507: Registering with master node http://localhost:11311
[xmlrpc][INFO] 2021-11-24 16:42:44,508: xml rpc node: starting XML-RPC server
[rospy.init][INFO] 2021-11-24 16:42:44,607: registered with master
[rospy.rosout][INFO] 2021-11-24 16:42:44,607: initializing /rosout core topic
[rospy.rosout][INFO] 2021-11-24 16:42:44,609: connected to core topic /rosout
[rospy.simtime][INFO] 2021-11-24 16:42:44,610: /use_sim_time is not set, will not subscribe to simulated time [/clock] topic
[rospy.internal][INFO] 2021-11-24 16:42:44,672: topic[/move_group/fake_controller_joint_states] adding connection to [http://wng:40435/], count 0
[rospy.internal][INFO] 2021-11-24 16:42:44,901: topic[/rosout] adding connection to [/rosout], count 0
[rospy.internal][INFO] 2021-11-24 16:42:44,902: topic[/joint_states] adding connection to [/robot_state_publisher], count 0
[rospy.internal][INFO] 2021-11-24 16:42:44,902: topic[/joint_states] adding connection to [/joint_state_desired_publisher], count 1
[rospy.internal][INFO] 2021-11-24 16:43:10,692: topic[/joint_states] adding connection to [/move_group_commander_wrappers_1637739765156066925], count 2
[rospy.core][INFO] 2021-11-24 16:43:14,992: signal_shutdown [signal-2]
[rospy.internal][INFO] 2021-11-24 16:43:14,994: topic[/joint_states] removing connection to /robot_state_publisher
[rospy.internal][INFO] 2021-11-24 16:43:14,994: topic[/joint_states] removing connection to /joint_state_desired_publisher
[rospy.internal][INFO] 2021-11-24 16:43:14,994: topic[/joint_states] removing connection to /move_group_commander_wrappers_1637739765156066925
[rospy.internal][INFO] 2021-11-24 16:43:14,995: topic[/rosout] removing connection to /rosout
[rospy.internal][INFO] 2021-11-24 16:43:14,995: topic[/move_group/fake_controller_joint_states] removing connection to http://wng:40435/
[rospy.impl.masterslave][INFO] 2021-11-24 16:43:14,995: signal-2
[rospy.core][INFO] 2021-11-24 16:43:15,096: signal_shutdown [atexit]
