[rospy.client][INFO] 2021-11-24 16:42:45,027: init_node, name[/server_endpoint], pid[17753]
[xmlrpc][INFO] 2021-11-24 16:42:45,027: XML-RPC server binding to 0.0.0.0:0
[xmlrpc][INFO] 2021-11-24 16:42:45,027: Started XML-RPC server [http://wng:38245/]
[rospy.init][INFO] 2021-11-24 16:42:45,027: ROS Slave URI: [http://wng:38245/]
[rospy.impl.masterslave][INFO] 2021-11-24 16:42:45,027: _ready: http://wng:38245/
[rospy.registration][INFO] 2021-11-24 16:42:45,027: Registering with master node http://localhost:11311
[xmlrpc][INFO] 2021-11-24 16:42:45,028: xml rpc node: starting XML-RPC server
[rospy.init][INFO] 2021-11-24 16:42:45,127: registered with master
[rospy.rosout][INFO] 2021-11-24 16:42:45,128: initializing /rosout core topic
[rospy.rosout][INFO] 2021-11-24 16:42:45,128: connected to core topic /rosout
[rospy.simtime][INFO] 2021-11-24 16:42:45,129: /use_sim_time is not set, will not subscribe to simulated time [/clock] topic
[rosout][INFO] 2021-11-24 16:42:45,134: Starting server on 192.168.1.146:10000
[rospy.internal][INFO] 2021-11-24 16:42:45,407: topic[/rosout] adding connection to [/rosout], count 0
[rosout][INFO] 2021-11-24 16:42:58,663: Connection from 192.168.1.146
[rosout][INFO] 2021-11-24 16:42:58,668: RegisterPublisher(execution_check, <class 'panda_move.msg._ExecutionCheck.ExecutionCheck'>) OK
[rospy.internal][INFO] 2021-11-24 16:42:58,761: topic[/execution_check] adding connection to [http://wng:38245/], count 0
[rospy.internal][INFO] 2021-11-24 16:42:58,761: topic[/execution_check] adding connection to [/server_endpoint], count 0
[rospy.core][INFO] 2021-11-24 16:43:14,992: signal_shutdown [signal-2]
[rospy.internal][ERROR] 2021-11-24 16:43:14,997: Unable to initiate TCP/IP socket to wng:35279 (http://wng:38245/): Traceback (most recent call last):
  File "/opt/ros/melodic/lib/python2.7/dist-packages/rospy/impl/tcpros_base.py", line 562, in connect
    self.read_header()
  File "/opt/ros/melodic/lib/python2.7/dist-packages/rospy/impl/tcpros_base.py", line 657, in read_header
    self._validate_header(read_ros_handshake_header(sock, self.read_buff, self.protocol.buff_size))
  File "/opt/ros/melodic/lib/python2.7/dist-packages/rospy/impl/tcpros_base.py", line 600, in _validate_header
    raise TransportInitError("remote error reported: %s"%header['error'])
TransportInitError: remote error reported: node shutting down

[rospy.internal][INFO] 2021-11-24 16:43:14,997: topic[/execution_check] removing connection to /server_endpoint
[rospy.internal][INFO] 2021-11-24 16:43:14,997: topic[/rosout] removing connection to /rosout
[rospy.internal][INFO] 2021-11-24 16:43:14,998: topic[/execution_check] removing connection to http://wng:38245/
[rospy.impl.masterslave][INFO] 2021-11-24 16:43:14,998: signal-2
[rospy.core][INFO] 2021-11-24 16:43:15,163: signal_shutdown [atexit]
