[rospy.client][INFO] 2021-12-01 15:21:18,654: init_node, name[/joint_state_publisher], pid[6686]
[xmlrpc][INFO] 2021-12-01 15:21:18,654: XML-RPC server binding to 0.0.0.0:0
[xmlrpc][INFO] 2021-12-01 15:21:18,654: Started XML-RPC server [http://wng:37111/]
[rospy.init][INFO] 2021-12-01 15:21:18,654: ROS Slave URI: [http://wng:37111/]
[rospy.impl.masterslave][INFO] 2021-12-01 15:21:18,655: _ready: http://wng:37111/
[xmlrpc][INFO] 2021-12-01 15:21:18,655: xml rpc node: starting XML-RPC server
[rospy.registration][INFO] 2021-12-01 15:21:18,655: Registering with master node http://localhost:11311
[rospy.init][INFO] 2021-12-01 15:21:18,755: registered with master
[rospy.rosout][INFO] 2021-12-01 15:21:18,755: initializing /rosout core topic
[rospy.rosout][INFO] 2021-12-01 15:21:18,757: connected to core topic /rosout
[rospy.simtime][INFO] 2021-12-01 15:21:18,757: /use_sim_time is not set, will not subscribe to simulated time [/clock] topic
[rospy.internal][INFO] 2021-12-01 15:21:18,825: topic[/move_group/fake_controller_joint_states] adding connection to [http://wng:38453/], count 0
[rospy.internal][INFO] 2021-12-01 15:21:19,055: topic[/rosout] adding connection to [/rosout], count 0
[rospy.internal][INFO] 2021-12-01 15:21:19,056: topic[/joint_states] adding connection to [/joint_state_desired_publisher], count 0
[rospy.internal][INFO] 2021-12-01 15:21:19,056: topic[/joint_states] adding connection to [/robot_state_publisher], count 1
[rospy.internal][INFO] 2021-12-01 15:22:02,243: topic[/joint_states] adding connection to [/move_group_commander_wrappers_1638339687719728899], count 2
[rospy.internal][INFO] 2021-12-01 15:34:38,480: topic[/joint_states] removing connection to /move_group_commander_wrappers_1638339687719728899
[rospy.core][INFO] 2021-12-01 15:41:37,282: signal_shutdown [signal-2]
[rospy.internal][INFO] 2021-12-01 15:41:37,286: topic[/joint_states] removing connection to /joint_state_desired_publisher
[rospy.internal][INFO] 2021-12-01 15:41:37,286: topic[/joint_states] removing connection to /robot_state_publisher
[rospy.internal][INFO] 2021-12-01 15:41:37,286: topic[/rosout] removing connection to /rosout
[rospy.internal][INFO] 2021-12-01 15:41:37,287: topic[/move_group/fake_controller_joint_states] removing connection to http://wng:38453/
[rospy.internal][WARNING] 2021-12-01 15:41:37,287: Unknown error initiating TCP/IP socket to wng:49401 (http://wng:38453/): Traceback (most recent call last):
  File "/opt/ros/melodic/lib/python2.7/dist-packages/rospy/impl/tcpros_base.py", line 562, in connect
    self.read_header()
  File "/opt/ros/melodic/lib/python2.7/dist-packages/rospy/impl/tcpros_base.py", line 657, in read_header
    self._validate_header(read_ros_handshake_header(sock, self.read_buff, self.protocol.buff_size))
AttributeError: 'NoneType' object has no attribute 'buff_size'

[rospy.topics][ERROR] 2021-12-01 15:41:37,288: Traceback (most recent call last):
  File "/opt/ros/melodic/lib/python2.7/dist-packages/rospy/topics.py", line 326, in close
    c.close()
  File "/opt/ros/melodic/lib/python2.7/dist-packages/rospy/impl/tcpros_base.py", line 846, in close
    self.socket.close()
AttributeError: 'NoneType' object has no attribute 'close'

[rospy.impl.masterslave][INFO] 2021-12-01 15:41:37,288: signal-2
[rospy.core][INFO] 2021-12-01 15:41:37,451: signal_shutdown [atexit]
