[rospy.client][INFO] 2021-09-06 16:14:20,275: init_node, name[/joint_state_publisher], pid[887]
[xmlrpc][INFO] 2021-09-06 16:14:20,275: XML-RPC server binding to 0.0.0.0:0
[xmlrpc][INFO] 2021-09-06 16:14:20,281: Started XML-RPC server [http://wng:36263/]
[rospy.impl.masterslave][INFO] 2021-09-06 16:14:20,285: _ready: http://wng:36263/
[rospy.registration][INFO] 2021-09-06 16:14:20,285: Registering with master node http://localhost:11311
[rospy.init][INFO] 2021-09-06 16:14:20,281: ROS Slave URI: [http://wng:36263/]
[rospy.init][INFO] 2021-09-06 16:14:20,286: registered with master
[rospy.rosout][INFO] 2021-09-06 16:14:20,286: initializing /rosout core topic
[rospy.rosout][INFO] 2021-09-06 16:14:20,289: connected to core topic /rosout
[xmlrpc][INFO] 2021-09-06 16:14:20,289: xml rpc node: starting XML-RPC server
[rospy.simtime][INFO] 2021-09-06 16:14:20,289: /use_sim_time is not set, will not subscribe to simulated time [/clock] topic
[rospy.internal][INFO] 2021-09-06 16:14:20,410: topic[/move_group/fake_controller_joint_states] adding connection to [http://wng:42649/], count 0
[rospy.internal][INFO] 2021-09-06 16:14:20,521: topic[/rosout] adding connection to [/rosout], count 0
[rospy.internal][INFO] 2021-09-06 16:14:20,619: topic[/joint_states] adding connection to [/joint_state_desired_publisher], count 0
[rospy.internal][INFO] 2021-09-06 16:14:20,619: topic[/joint_states] adding connection to [/robot_state_publisher], count 1
[rospy.internal][INFO] 2021-09-06 16:14:52,846: topic[/joint_states] adding connection to [/move_group_commander_wrappers_1630912468781107602], count 2
[rospy.core][INFO] 2021-09-06 16:15:16,626: signal_shutdown [signal-2]
[rospy.internal][INFO] 2021-09-06 16:15:16,629: topic[/joint_states] removing connection to /joint_state_desired_publisher
[rospy.internal][INFO] 2021-09-06 16:15:16,633: topic[/joint_states] removing connection to /robot_state_publisher
[rospy.internal][INFO] 2021-09-06 16:15:16,638: topic[/joint_states] removing connection to /move_group_commander_wrappers_1630912468781107602
[rospy.internal][INFO] 2021-09-06 16:15:16,638: topic[/rosout] removing connection to /rosout
[rospy.internal][WARNING] 2021-09-06 16:15:16,638: Unknown error initiating TCP/IP socket to wng:36155 (http://wng:42649/): Traceback (most recent call last):
  File "/opt/ros/melodic/lib/python2.7/dist-packages/rospy/impl/tcpros_base.py", line 562, in connect
    self.read_header()
  File "/opt/ros/melodic/lib/python2.7/dist-packages/rospy/impl/tcpros_base.py", line 657, in read_header
    self._validate_header(read_ros_handshake_header(sock, self.read_buff, self.protocol.buff_size))
AttributeError: 'NoneType' object has no attribute 'buff_size'

[rospy.internal][INFO] 2021-09-06 16:15:16,638: topic[/move_group/fake_controller_joint_states] removing connection to http://wng:42649/
[rospy.topics][ERROR] 2021-09-06 16:15:16,639: Traceback (most recent call last):
  File "/opt/ros/melodic/lib/python2.7/dist-packages/rospy/topics.py", line 326, in close
    c.close()
  File "/opt/ros/melodic/lib/python2.7/dist-packages/rospy/impl/tcpros_base.py", line 846, in close
    self.socket.close()
AttributeError: 'NoneType' object has no attribute 'close'

[rospy.impl.masterslave][INFO] 2021-09-06 16:15:16,639: signal-2
[rospy.core][INFO] 2021-09-06 16:15:16,771: signal_shutdown [atexit]
