[rospy.client][INFO] 2021-09-06 16:14:28,809: init_node, name[/PandaMove], pid[886]
[xmlrpc][INFO] 2021-09-06 16:14:28,809: XML-RPC server binding to 0.0.0.0:0
[xmlrpc][INFO] 2021-09-06 16:14:28,809: Started XML-RPC server [http://wng:42803/]
[rospy.init][INFO] 2021-09-06 16:14:28,809: ROS Slave URI: [http://wng:42803/]
[rospy.impl.masterslave][INFO] 2021-09-06 16:14:28,809: _ready: http://wng:42803/
[rospy.registration][INFO] 2021-09-06 16:14:28,810: Registering with master node http://localhost:11311
[xmlrpc][INFO] 2021-09-06 16:14:28,810: xml rpc node: starting XML-RPC server
[rospy.init][INFO] 2021-09-06 16:14:28,909: registered with master
[rospy.rosout][INFO] 2021-09-06 16:14:28,910: initializing /rosout core topic
[rospy.rosout][INFO] 2021-09-06 16:14:28,911: connected to core topic /rosout
[rospy.simtime][INFO] 2021-09-06 16:14:28,911: /use_sim_time is not set, will not subscribe to simulated time [/clock] topic
[rospy.internal][INFO] 2021-09-06 16:14:30,572: topic[/rosout] adding connection to [/rosout], count 0
[rospy.internal][INFO] 2021-09-06 16:14:30,582: topic[/collision_object] adding connection to [/move_group], count 0
[rospy.internal][INFO] 2021-09-06 16:14:30,590: topic[/attached_collision_object] adding connection to [/move_group], count 0
[rosout][INFO] 2021-09-06 16:14:30,590: wait for update_place_pose_state
[rospy.internal][INFO] 2021-09-06 16:14:30,679: topic[/tf_static] adding connection to [/move_group], count 0
[rospy.internal][INFO] 2021-09-06 16:14:30,707: topic[/tf_static] adding connection to [/move_group_commander_wrappers_1630912468781107602], count 1
[rospy.internal][INFO] 2021-09-06 16:14:30,738: topic[/tf_static] adding connection to [/rviz_wng_821_8488786822627091870], count 2
[rospy.internal][INFO] 2021-09-06 16:14:30,839: topic[/action] adding connection to [/rviz_wng_821_8488786822627091870], count 0
[rosout][INFO] 2021-09-06 16:14:31,292: pan
[rosout][INFO] 2021-09-06 16:14:31,306: wait for update_place_pose_state
[rosout][INFO] 2021-09-06 16:14:32,012: pot
[rosout][INFO] 2021-09-06 16:14:32,037: wait for update_place_pose_state
[rosout][INFO] 2021-09-06 16:14:32,777: plate
[rosout][INFO] 2021-09-06 16:14:32,789: wait for update_place_pose_state
[rosout][INFO] 2021-09-06 16:14:33,509: bowl
[rosout][INFO] 2021-09-06 16:14:33,528: wait for update_place_pose_state
[rosout][INFO] 2021-09-06 16:14:34,263: spatula
[rosout][INFO] 2021-09-06 16:14:34,276: wait for update_place_pose_state
[rosout][INFO] 2021-09-06 16:14:34,992: spreader
[rosout][INFO] 2021-09-06 16:14:35,001: wait for update_place_pose_state
[rosout][INFO] 2021-09-06 16:14:35,720: scooper
[rosout][INFO] 2021-09-06 16:14:35,727: wait for update_place_pose_state
[rosout][INFO] 2021-09-06 16:14:36,455: knife
[rosout][INFO] 2021-09-06 16:14:36,466: wait for update_place_pose_state
[rosout][INFO] 2021-09-06 16:14:37,195: cutting_board
[rosout][INFO] 2021-09-06 16:14:37,204: wait for update_place_pose_state
[rosout][INFO] 2021-09-06 16:14:37,928: onion
[rosout][INFO] 2021-09-06 16:14:37,938: wait for update_place_pose_state
[rosout][INFO] 2021-09-06 16:14:38,667: spinach
[rosout][INFO] 2021-09-06 16:14:38,674: wait for update_place_pose_state
[rosout][INFO] 2021-09-06 16:14:39,406: green_pepper
[rosout][INFO] 2021-09-06 16:14:39,417: wait for update_place_pose_state
[rosout][INFO] 2021-09-06 16:14:40,164: cheese
[rosout][INFO] 2021-09-06 16:14:40,166: wait for update_place_pose_state
[rosout][INFO] 2021-09-06 16:14:40,903: oregano
[rosout][INFO] 2021-09-06 16:14:41,014: wait for update_place_pose_state
[rosout][INFO] 2021-09-06 16:14:41,767: black_olive
[rosout][INFO] 2021-09-06 16:14:41,775: wait for update_place_pose_state
[rosout][INFO] 2021-09-06 16:14:42,522: tomato
[rosout][INFO] 2021-09-06 16:14:42,529: wait for update_place_pose_state
[rosout][INFO] 2021-09-06 16:14:43,286: chopped_onion
[rosout][INFO] 2021-09-06 16:14:43,292: wait for update_place_pose_state
[rosout][INFO] 2021-09-06 16:14:44,043: chopped_spinach
[rosout][INFO] 2021-09-06 16:14:44,068: wait for update_place_pose_state
[rosout][INFO] 2021-09-06 16:14:44,823: chopped_green_pepper
[rosout][INFO] 2021-09-06 16:14:44,845: wait for update_place_pose_state
[rosout][INFO] 2021-09-06 16:14:45,599: chopped_cheese
[rosout][INFO] 2021-09-06 16:14:45,607: wait for update_place_pose_state
[rosout][INFO] 2021-09-06 16:14:46,360: chopped_tomato
[rospy.core][INFO] 2021-09-06 16:15:16,629: signal_shutdown [signal-2]
[rospy.internal][INFO] 2021-09-06 16:15:16,632: topic[/collision_object] removing connection to /move_group
[rospy.internal][INFO] 2021-09-06 16:15:16,632: topic[/rosout] removing connection to /rosout
[rospy.internal][INFO] 2021-09-06 16:15:16,632: topic[/tf_static] removing connection to /move_group
[rospy.internal][INFO] 2021-09-06 16:15:16,633: topic[/tf_static] removing connection to /move_group_commander_wrappers_1630912468781107602
[rospy.internal][INFO] 2021-09-06 16:15:16,633: topic[/tf_static] removing connection to /rviz_wng_821_8488786822627091870
[rospy.internal][INFO] 2021-09-06 16:15:16,634: topic[/attached_collision_object] removing connection to /move_group
[rospy.internal][INFO] 2021-09-06 16:15:16,635: topic[/action] removing connection to /rviz_wng_821_8488786822627091870
[rospy.impl.masterslave][INFO] 2021-09-06 16:15:16,635: signal-2
[rospy.core][INFO] 2021-09-06 16:15:31,650: signal_shutdown [signal-15]
