[rospy.client][INFO] 2021-09-06 16:14:20,592: init_node, name[/server_endpoint], pid[885]
[xmlrpc][INFO] 2021-09-06 16:14:20,593: XML-RPC server binding to 0.0.0.0:0
[xmlrpc][INFO] 2021-09-06 16:14:20,593: Started XML-RPC server [http://wng:41639/]
[rospy.init][INFO] 2021-09-06 16:14:20,593: ROS Slave URI: [http://wng:41639/]
[rospy.impl.masterslave][INFO] 2021-09-06 16:14:20,593: _ready: http://wng:41639/
[rospy.registration][INFO] 2021-09-06 16:14:20,593: Registering with master node http://localhost:11311
[xmlrpc][INFO] 2021-09-06 16:14:20,593: xml rpc node: starting XML-RPC server
[rospy.init][INFO] 2021-09-06 16:14:20,693: registered with master
[rospy.rosout][INFO] 2021-09-06 16:14:20,694: initializing /rosout core topic
[rospy.rosout][INFO] 2021-09-06 16:14:20,694: connected to core topic /rosout
[rospy.simtime][INFO] 2021-09-06 16:14:20,695: /use_sim_time is not set, will not subscribe to simulated time [/clock] topic
[rosout][INFO] 2021-09-06 16:14:20,700: Starting server on 192.168.1.146:10000
[rospy.internal][INFO] 2021-09-06 16:14:20,920: topic[/rosout] adding connection to [/rosout], count 0
[rosout][INFO] 2021-09-06 16:14:49,653: Connection from 192.168.1.146
[rosout][INFO] 2021-09-06 16:14:49,657: RegisterPublisher(execution_check, <class 'panda_move.msg._ExecutionCheck.ExecutionCheck'>) OK
[rospy.internal][INFO] 2021-09-06 16:14:49,721: topic[/execution_check] adding connection to [http://wng:41639/], count 0
[rospy.internal][INFO] 2021-09-06 16:14:49,723: topic[/execution_check] adding connection to [/server_endpoint], count 0
[rospy.core][INFO] 2021-09-06 16:15:16,637: signal_shutdown [signal-2]
[rospy.internal][INFO] 2021-09-06 16:15:16,641: topic[/execution_check] removing connection to /server_endpoint
[rospy.internal][INFO] 2021-09-06 16:15:16,641: topic[/rosout] removing connection to /rosout
[rospy.internal][INFO] 2021-09-06 16:15:16,641: topic[/execution_check] removing connection to http://wng:41639/
[rospy.impl.masterslave][INFO] 2021-09-06 16:15:16,642: signal-2
[rospy.internal][ERROR] 2021-09-06 16:15:16,642: Unable to initiate TCP/IP socket to wng:43647 (http://wng:41639/): Traceback (most recent call last):
  File "/opt/ros/melodic/lib/python2.7/dist-packages/rospy/impl/tcpros_base.py", line 562, in connect
    self.read_header()
  File "/opt/ros/melodic/lib/python2.7/dist-packages/rospy/impl/tcpros_base.py", line 657, in read_header
    self._validate_header(read_ros_handshake_header(sock, self.read_buff, self.protocol.buff_size))
  File "/opt/ros/melodic/lib/python2.7/dist-packages/rospy/impl/tcpros_base.py", line 600, in _validate_header
    raise TransportInitError("remote error reported: %s"%header['error'])
TransportInitError: remote error reported: node shutting down

[rospy.core][INFO] 2021-09-06 16:15:16,757: signal_shutdown [atexit]
