[rospy.client][INFO] 2021-09-10 10:37:12,942: init_node, name[/joint_state_publisher], pid[6397]
[xmlrpc][INFO] 2021-09-10 10:37:12,943: XML-RPC server binding to 0.0.0.0:0
[xmlrpc][INFO] 2021-09-10 10:37:12,943: Started XML-RPC server [http://wng:36047/]
[rospy.init][INFO] 2021-09-10 10:37:12,943: ROS Slave URI: [http://wng:36047/]
[rospy.impl.masterslave][INFO] 2021-09-10 10:37:12,943: _ready: http://wng:36047/
[xmlrpc][INFO] 2021-09-10 10:37:12,944: xml rpc node: starting XML-RPC server
[rospy.registration][INFO] 2021-09-10 10:37:12,944: Registering with master node http://localhost:11311
[rospy.init][INFO] 2021-09-10 10:37:13,043: registered with master
[rospy.rosout][INFO] 2021-09-10 10:37:13,044: initializing /rosout core topic
[rospy.rosout][INFO] 2021-09-10 10:37:13,046: connected to core topic /rosout
[rospy.simtime][INFO] 2021-09-10 10:37:13,046: /use_sim_time is not set, will not subscribe to simulated time [/clock] topic
[rospy.internal][INFO] 2021-09-10 10:37:13,108: topic[/move_group/fake_controller_joint_states] adding connection to [http://wng:40989/], count 0
[rospy.internal][INFO] 2021-09-10 10:37:13,343: topic[/rosout] adding connection to [/rosout], count 0
[rospy.internal][INFO] 2021-09-10 10:37:13,344: topic[/joint_states] adding connection to [/robot_state_publisher], count 0
[rospy.internal][INFO] 2021-09-10 10:37:13,349: topic[/joint_states] adding connection to [/joint_state_desired_publisher], count 1
[rospy.internal][INFO] 2021-09-10 10:37:43,010: topic[/joint_states] adding connection to [/move_group_commander_wrappers_1631237840112747950], count 2
[rospy.internal][INFO] 2021-09-10 11:07:22,560: topic[/joint_states] removing connection to /move_group_commander_wrappers_1631237840112747950
[rospy.core][INFO] 2021-09-10 11:07:26,410: signal_shutdown [signal-2]
[rospy.internal][INFO] 2021-09-10 11:07:26,412: topic[/joint_states] removing connection to /robot_state_publisher
[rospy.internal][INFO] 2021-09-10 11:07:26,417: topic[/joint_states] removing connection to /joint_state_desired_publisher
[rospy.internal][INFO] 2021-09-10 11:07:26,418: topic[/rosout] removing connection to /rosout
[rospy.internal][INFO] 2021-09-10 11:07:26,418: topic[/move_group/fake_controller_joint_states] removing connection to http://wng:40989/
[rospy.impl.masterslave][INFO] 2021-09-10 11:07:26,418: signal-2
[rospy.core][INFO] 2021-09-10 11:07:26,582: signal_shutdown [atexit]
