[rospy.client][INFO] 2021-09-10 16:11:28,883: init_node, name[/joint_state_publisher], pid[9188]
[xmlrpc][INFO] 2021-09-10 16:11:28,883: XML-RPC server binding to 0.0.0.0:0
[xmlrpc][INFO] 2021-09-10 16:11:28,883: Started XML-RPC server [http://wng:43559/]
[rospy.init][INFO] 2021-09-10 16:11:28,883: ROS Slave URI: [http://wng:43559/]
[rospy.impl.masterslave][INFO] 2021-09-10 16:11:28,884: _ready: http://wng:43559/
[xmlrpc][INFO] 2021-09-10 16:11:28,884: xml rpc node: starting XML-RPC server
[rospy.registration][INFO] 2021-09-10 16:11:28,884: Registering with master node http://localhost:11311
[rospy.init][INFO] 2021-09-10 16:11:28,984: registered with master
[rospy.rosout][INFO] 2021-09-10 16:11:28,984: initializing /rosout core topic
[rospy.rosout][INFO] 2021-09-10 16:11:28,986: connected to core topic /rosout
[rospy.simtime][INFO] 2021-09-10 16:11:28,986: /use_sim_time is not set, will not subscribe to simulated time [/clock] topic
[rospy.internal][INFO] 2021-09-10 16:11:29,049: topic[/move_group/fake_controller_joint_states] adding connection to [http://wng:39463/], count 0
[rospy.internal][INFO] 2021-09-10 16:11:29,269: topic[/rosout] adding connection to [/rosout], count 0
[rospy.internal][INFO] 2021-09-10 16:11:29,270: topic[/joint_states] adding connection to [/joint_state_desired_publisher], count 0
[rospy.internal][INFO] 2021-09-10 16:11:29,369: topic[/joint_states] adding connection to [/robot_state_publisher], count 1
[rospy.core][INFO] 2021-09-10 16:11:40,546: signal_shutdown [signal-2]
[rospy.internal][INFO] 2021-09-10 16:11:40,550: topic[/joint_states] removing connection to /joint_state_desired_publisher
[rospy.internal][INFO] 2021-09-10 16:11:40,550: topic[/joint_states] removing connection to /robot_state_publisher
[rospy.internal][INFO] 2021-09-10 16:11:40,550: topic[/rosout] removing connection to /rosout
[rospy.internal][INFO] 2021-09-10 16:11:40,550: topic[/move_group/fake_controller_joint_states] removing connection to http://wng:39463/
[rospy.impl.masterslave][INFO] 2021-09-10 16:11:40,551: signal-2
[rospy.core][INFO] 2021-09-10 16:11:40,654: signal_shutdown [atexit]
