[rospy.client][INFO] 2021-09-10 16:11:36,013: init_node, name[/PandaMove], pid[9187]
[xmlrpc][INFO] 2021-09-10 16:11:36,014: XML-RPC server binding to 0.0.0.0:0
[xmlrpc][INFO] 2021-09-10 16:11:36,014: Started XML-RPC server [http://wng:38181/]
[rospy.init][INFO] 2021-09-10 16:11:36,014: ROS Slave URI: [http://wng:38181/]
[rospy.impl.masterslave][INFO] 2021-09-10 16:11:36,014: _ready: http://wng:38181/
[xmlrpc][INFO] 2021-09-10 16:11:36,015: xml rpc node: starting XML-RPC server
[rospy.registration][INFO] 2021-09-10 16:11:36,015: Registering with master node http://localhost:11311
[rospy.init][INFO] 2021-09-10 16:11:36,114: registered with master
[rospy.rosout][INFO] 2021-09-10 16:11:36,115: initializing /rosout core topic
[rospy.rosout][INFO] 2021-09-10 16:11:36,116: connected to core topic /rosout
[rospy.simtime][INFO] 2021-09-10 16:11:36,116: /use_sim_time is not set, will not subscribe to simulated time [/clock] topic
[rospy.internal][INFO] 2021-09-10 16:11:37,614: topic[/rosout] adding connection to [/rosout], count 0
[rospy.internal][INFO] 2021-09-10 16:11:37,633: topic[/collision_object] adding connection to [/move_group], count 0
[rospy.internal][INFO] 2021-09-10 16:11:37,633: topic[/attached_collision_object] adding connection to [/move_group], count 0
[rosout][INFO] 2021-09-10 16:11:37,633: wait for update_place_pose_state
[rospy.internal][INFO] 2021-09-10 16:11:37,733: topic[/tf_static] adding connection to [/move_group], count 0
[rospy.internal][INFO] 2021-09-10 16:11:37,762: topic[/tf_static] adding connection to [/move_group_commander_wrappers_1631257895987664894], count 1
[rospy.internal][INFO] 2021-09-10 16:11:37,763: topic[/tf_static] adding connection to [/rviz_wng_9151_5555312490010017689], count 2
[rospy.internal][INFO] 2021-09-10 16:11:37,863: topic[/action] adding connection to [/rviz_wng_9151_5555312490010017689], count 0
[rosout][INFO] 2021-09-10 16:11:38,335: pan
[rosout][INFO] 2021-09-10 16:11:38,343: wait for update_place_pose_state
[rosout][INFO] 2021-09-10 16:11:39,047: pot
[rosout][INFO] 2021-09-10 16:11:39,065: wait for update_place_pose_state
[rosout][INFO] 2021-09-10 16:11:39,773: plate
[rosout][INFO] 2021-09-10 16:11:39,779: wait for update_place_pose_state
[rosout][INFO] 2021-09-10 16:11:40,488: bowl
[rosout][INFO] 2021-09-10 16:11:40,503: wait for update_place_pose_state
[rospy.core][INFO] 2021-09-10 16:11:40,547: signal_shutdown [signal-2]
[rospy.internal][INFO] 2021-09-10 16:11:40,551: topic[/collision_object] removing connection to /move_group
[rospy.internal][INFO] 2021-09-10 16:11:40,551: topic[/rosout] removing connection to /rosout
[rospy.internal][INFO] 2021-09-10 16:11:40,551: topic[/tf_static] removing connection to /move_group
[rospy.internal][INFO] 2021-09-10 16:11:40,551: topic[/tf_static] removing connection to /move_group_commander_wrappers_1631257895987664894
[rospy.internal][INFO] 2021-09-10 16:11:40,551: topic[/tf_static] removing connection to /rviz_wng_9151_5555312490010017689
[rospy.internal][INFO] 2021-09-10 16:11:40,551: topic[/attached_collision_object] removing connection to /move_group
[rospy.internal][INFO] 2021-09-10 16:11:40,552: topic[/action] removing connection to /rviz_wng_9151_5555312490010017689
[rospy.impl.masterslave][INFO] 2021-09-10 16:11:40,552: signal-2
[rosout][ERROR] 2021-09-10 16:11:40,737: cannot get object pose: pan
[rosout][ERROR] 2021-09-10 16:11:40,738: list index out of range
[rosout][ERROR] 2021-09-10 16:11:40,739: self.objects
[rospy.core][INFO] 2021-09-10 16:11:40,754: signal_shutdown [atexit]
