[rospy.client][INFO] 2021-09-06 15:35:58,347: init_node, name[/joint_state_publisher], pid[27915]
[xmlrpc][INFO] 2021-09-06 15:35:58,348: XML-RPC server binding to 0.0.0.0:0
[xmlrpc][INFO] 2021-09-06 15:35:58,348: Started XML-RPC server [http://wng:36999/]
[rospy.init][INFO] 2021-09-06 15:35:58,348: ROS Slave URI: [http://wng:36999/]
[rospy.impl.masterslave][INFO] 2021-09-06 15:35:58,348: _ready: http://wng:36999/
[xmlrpc][INFO] 2021-09-06 15:35:58,349: xml rpc node: starting XML-RPC server
[rospy.registration][INFO] 2021-09-06 15:35:58,349: Registering with master node http://localhost:11311
[rospy.init][INFO] 2021-09-06 15:35:58,448: registered with master
[rospy.rosout][INFO] 2021-09-06 15:35:58,449: initializing /rosout core topic
[rospy.rosout][INFO] 2021-09-06 15:35:58,451: connected to core topic /rosout
[rospy.simtime][INFO] 2021-09-06 15:35:58,451: /use_sim_time is not set, will not subscribe to simulated time [/clock] topic
[rospy.internal][INFO] 2021-09-06 15:35:58,513: topic[/move_group/fake_controller_joint_states] adding connection to [http://wng:44521/], count 0
[rospy.internal][INFO] 2021-09-06 15:35:58,749: topic[/rosout] adding connection to [/rosout], count 0
[rospy.internal][INFO] 2021-09-06 15:35:58,750: topic[/joint_states] adding connection to [/joint_state_desired_publisher], count 0
[rospy.internal][INFO] 2021-09-06 15:35:58,756: topic[/joint_states] adding connection to [/robot_state_publisher], count 1
[rospy.core][INFO] 2021-09-06 15:36:24,052: signal_shutdown [signal-2]
[rospy.internal][INFO] 2021-09-06 15:36:24,054: topic[/joint_states] removing connection to /joint_state_desired_publisher
[rospy.internal][INFO] 2021-09-06 15:36:24,054: topic[/joint_states] removing connection to /robot_state_publisher
[rospy.internal][INFO] 2021-09-06 15:36:24,055: topic[/rosout] removing connection to /rosout
[rospy.internal][INFO] 2021-09-06 15:36:24,055: topic[/move_group/fake_controller_joint_states] removing connection to http://wng:44521/
[rospy.impl.masterslave][INFO] 2021-09-06 15:36:24,055: signal-2
[rospy.internal][WARNING] 2021-09-06 15:36:24,055: Unknown error initiating TCP/IP socket to wng:60541 (http://wng:44521/): Traceback (most recent call last):
  File "/opt/ros/melodic/lib/python2.7/dist-packages/rospy/impl/tcpros_base.py", line 563, in connect
    self.local_endpoint = self.socket.getsockname()
AttributeError: 'NoneType' object has no attribute 'getsockname'

[rospy.core][INFO] 2021-09-06 15:36:24,163: signal_shutdown [atexit]
