[rospy.client][INFO] 2021-09-06 15:36:07,545: init_node, name[/PandaMove], pid[27914]
[xmlrpc][INFO] 2021-09-06 15:36:07,545: XML-RPC server binding to 0.0.0.0:0
[xmlrpc][INFO] 2021-09-06 15:36:07,545: Started XML-RPC server [http://wng:35273/]
[rospy.init][INFO] 2021-09-06 15:36:07,545: ROS Slave URI: [http://wng:35273/]
[rospy.impl.masterslave][INFO] 2021-09-06 15:36:07,545: _ready: http://wng:35273/
[rospy.registration][INFO] 2021-09-06 15:36:07,546: Registering with master node http://localhost:11311
[xmlrpc][INFO] 2021-09-06 15:36:07,546: xml rpc node: starting XML-RPC server
[rospy.init][INFO] 2021-09-06 15:36:07,646: registered with master
[rospy.rosout][INFO] 2021-09-06 15:36:07,646: initializing /rosout core topic
[rospy.rosout][INFO] 2021-09-06 15:36:07,647: connected to core topic /rosout
[rospy.simtime][INFO] 2021-09-06 15:36:07,647: /use_sim_time is not set, will not subscribe to simulated time [/clock] topic
[rospy.internal][INFO] 2021-09-06 15:36:09,375: topic[/rosout] adding connection to [/rosout], count 0
[rospy.internal][INFO] 2021-09-06 15:36:09,375: topic[/attached_collision_object] adding connection to [/move_group], count 0
[rospy.internal][INFO] 2021-09-06 15:36:09,385: topic[/collision_object] adding connection to [/move_group], count 0
[rosout][INFO] 2021-09-06 15:36:09,493: wait for update_place_pose_state
[rospy.internal][INFO] 2021-09-06 15:36:09,675: topic[/tf_static] adding connection to [/move_group], count 0
[rospy.internal][INFO] 2021-09-06 15:36:09,698: topic[/tf_static] adding connection to [/move_group_commander_wrappers_1630910167519188781], count 1
[rospy.internal][INFO] 2021-09-06 15:36:09,699: topic[/tf_static] adding connection to [/rviz_wng_27878_908278099080503606], count 2
[rospy.internal][INFO] 2021-09-06 15:36:09,699: topic[/action] adding connection to [/rviz_wng_27878_908278099080503606], count 0
[rosout][INFO] 2021-09-06 15:36:10,195: pan
[rosout][INFO] 2021-09-06 15:36:10,206: wait for update_place_pose_state
[rosout][INFO] 2021-09-06 15:36:10,911: pot
[rosout][INFO] 2021-09-06 15:36:10,927: wait for update_place_pose_state
[rosout][INFO] 2021-09-06 15:36:11,635: plate
[rosout][INFO] 2021-09-06 15:36:11,641: wait for update_place_pose_state
[rosout][INFO] 2021-09-06 15:36:12,351: bowl
[rosout][INFO] 2021-09-06 15:36:12,365: wait for update_place_pose_state
[rosout][INFO] 2021-09-06 15:36:13,082: spatula
[rosout][INFO] 2021-09-06 15:36:13,090: wait for update_place_pose_state
[rosout][INFO] 2021-09-06 15:36:13,808: spreader
[rosout][INFO] 2021-09-06 15:36:13,814: wait for update_place_pose_state
[rosout][INFO] 2021-09-06 15:36:14,533: scooper
[rosout][INFO] 2021-09-06 15:36:14,540: wait for update_place_pose_state
[rosout][INFO] 2021-09-06 15:36:15,263: knife
[rosout][INFO] 2021-09-06 15:36:15,273: wait for update_place_pose_state
[rosout][INFO] 2021-09-06 15:36:16,000: cutting_board
[rosout][INFO] 2021-09-06 15:36:16,009: wait for update_place_pose_state
[rosout][INFO] 2021-09-06 15:36:16,734: onion
[rosout][INFO] 2021-09-06 15:36:16,741: wait for update_place_pose_state
[rosout][INFO] 2021-09-06 15:36:17,470: spinach
[rosout][INFO] 2021-09-06 15:36:17,476: wait for update_place_pose_state
[rosout][ERROR] 2021-09-06 15:36:18,214: 'green_pepper'
[rosout][INFO] 2021-09-06 15:36:18,215: wait for update_place_pose_state
[rosout][ERROR] 2021-09-06 15:36:18,926: cannot get object pose: green_pepper
[rosout][ERROR] 2021-09-06 15:36:18,927: list index out of range
[rosout][ERROR] 2021-09-06 15:36:18,928: self.objects
[rospy.core][INFO] 2021-09-06 15:36:18,939: signal_shutdown [atexit]
[rospy.internal][INFO] 2021-09-06 15:36:18,941: topic[/collision_object] removing connection to /move_group
[rospy.internal][INFO] 2021-09-06 15:36:18,942: topic[/rosout] removing connection to /rosout
[rospy.internal][INFO] 2021-09-06 15:36:18,942: topic[/tf_static] removing connection to /move_group
[rospy.internal][INFO] 2021-09-06 15:36:18,942: topic[/tf_static] removing connection to /move_group_commander_wrappers_1630910167519188781
[rospy.internal][INFO] 2021-09-06 15:36:18,942: topic[/tf_static] removing connection to /rviz_wng_27878_908278099080503606
[rospy.internal][INFO] 2021-09-06 15:36:18,942: topic[/attached_collision_object] removing connection to /move_group
[rospy.internal][INFO] 2021-09-06 15:36:18,942: topic[/action] removing connection to /rviz_wng_27878_908278099080503606
[rospy.impl.masterslave][INFO] 2021-09-06 15:36:18,942: atexit
