[rospy.client][INFO] 2021-11-29 10:32:22,322: init_node, name[/server_endpoint], pid[17235]
[xmlrpc][INFO] 2021-11-29 10:32:22,322: XML-RPC server binding to 0.0.0.0:0
[xmlrpc][INFO] 2021-11-29 10:32:22,322: Started XML-RPC server [http://wng:39721/]
[rospy.init][INFO] 2021-11-29 10:32:22,323: ROS Slave URI: [http://wng:39721/]
[rospy.impl.masterslave][INFO] 2021-11-29 10:32:22,323: _ready: http://wng:39721/
[rospy.registration][INFO] 2021-11-29 10:32:22,323: Registering with master node http://localhost:11311
[xmlrpc][INFO] 2021-11-29 10:32:22,323: xml rpc node: starting XML-RPC server
[rospy.init][INFO] 2021-11-29 10:32:22,423: registered with master
[rospy.rosout][INFO] 2021-11-29 10:32:22,423: initializing /rosout core topic
[rospy.rosout][INFO] 2021-11-29 10:32:22,425: connected to core topic /rosout
[rospy.simtime][INFO] 2021-11-29 10:32:22,426: /use_sim_time is not set, will not subscribe to simulated time [/clock] topic
[rosout][INFO] 2021-11-29 10:32:22,439: Starting server on 192.168.1.146:10000
[rospy.internal][INFO] 2021-11-29 10:32:22,528: topic[/rosout] adding connection to [/rosout], count 0
[rosout][INFO] 2021-11-29 10:32:33,528: Connection from 192.168.1.146
[rosout][INFO] 2021-11-29 10:32:33,534: RegisterPublisher(execution_check, <class 'panda_move.msg._ExecutionCheck.ExecutionCheck'>) OK
[rospy.internal][INFO] 2021-11-29 10:32:33,592: topic[/execution_check] adding connection to [http://wng:39721/], count 0
[rospy.internal][INFO] 2021-11-29 10:32:33,593: topic[/execution_check] adding connection to [/server_endpoint], count 0
[rospy.core][INFO] 2021-11-29 10:50:51,339: signal_shutdown [signal-2]
[rospy.internal][INFO] 2021-11-29 10:50:51,342: topic[/execution_check] removing connection to /server_endpoint
[rospy.internal][INFO] 2021-11-29 10:50:51,343: topic[/rosout] removing connection to /rosout
[rospy.internal][INFO] 2021-11-29 10:50:51,343: topic[/execution_check] removing connection to http://wng:39721/
[rospy.impl.masterslave][INFO] 2021-11-29 10:50:51,343: signal-2
[rospy.internal][ERROR] 2021-11-29 10:50:51,343: Unable to initiate TCP/IP socket to wng:44015 (http://wng:39721/): Traceback (most recent call last):
  File "/opt/ros/melodic/lib/python2.7/dist-packages/rospy/impl/tcpros_base.py", line 562, in connect
    self.read_header()
  File "/opt/ros/melodic/lib/python2.7/dist-packages/rospy/impl/tcpros_base.py", line 657, in read_header
    self._validate_header(read_ros_handshake_header(sock, self.read_buff, self.protocol.buff_size))
  File "/opt/ros/melodic/lib/python2.7/dist-packages/rospy/impl/tcpros_base.py", line 600, in _validate_header
    raise TransportInitError("remote error reported: %s"%header['error'])
TransportInitError: remote error reported: node shutting down

[rospy.core][INFO] 2021-11-29 10:50:51,475: signal_shutdown [atexit]
