[rospy.client][INFO] 2021-09-17 12:47:42,706: init_node, name[/joint_state_publisher], pid[13088]
[xmlrpc][INFO] 2021-09-17 12:47:42,706: XML-RPC server binding to 0.0.0.0:0
[xmlrpc][INFO] 2021-09-17 12:47:42,707: Started XML-RPC server [http://wng:44205/]
[rospy.init][INFO] 2021-09-17 12:47:42,707: ROS Slave URI: [http://wng:44205/]
[rospy.impl.masterslave][INFO] 2021-09-17 12:47:42,707: _ready: http://wng:44205/
[xmlrpc][INFO] 2021-09-17 12:47:42,707: xml rpc node: starting XML-RPC server
[rospy.registration][INFO] 2021-09-17 12:47:42,707: Registering with master node http://localhost:11311
[rospy.init][INFO] 2021-09-17 12:47:42,807: registered with master
[rospy.rosout][INFO] 2021-09-17 12:47:42,807: initializing /rosout core topic
[rospy.rosout][INFO] 2021-09-17 12:47:42,810: connected to core topic /rosout
[rospy.simtime][INFO] 2021-09-17 12:47:42,810: /use_sim_time is not set, will not subscribe to simulated time [/clock] topic
[rospy.internal][INFO] 2021-09-17 12:47:42,872: topic[/move_group/fake_controller_joint_states] adding connection to [http://wng:40571/], count 0
[rospy.internal][INFO] 2021-09-17 12:47:43,079: topic[/rosout] adding connection to [/rosout], count 0
[rospy.internal][INFO] 2021-09-17 12:47:43,079: topic[/joint_states] adding connection to [/joint_state_desired_publisher], count 0
[rospy.internal][INFO] 2021-09-17 12:47:43,179: topic[/joint_states] adding connection to [/robot_state_publisher], count 1
[rospy.internal][INFO] 2021-09-17 12:48:12,858: topic[/joint_states] adding connection to [/move_group_commander_wrappers_1631850471196270858], count 2
[rospy.internal][INFO] 2021-09-17 12:55:35,055: topic[/joint_states] removing connection to /move_group_commander_wrappers_1631850471196270858
[rospy.core][INFO] 2021-09-17 12:56:40,971: signal_shutdown [signal-2]
[rospy.internal][INFO] 2021-09-17 12:56:40,977: topic[/joint_states] removing connection to /joint_state_desired_publisher
[rospy.internal][INFO] 2021-09-17 12:56:40,977: topic[/joint_states] removing connection to /robot_state_publisher
[rospy.internal][INFO] 2021-09-17 12:56:40,978: topic[/rosout] removing connection to /rosout
[rospy.internal][INFO] 2021-09-17 12:56:40,978: topic[/move_group/fake_controller_joint_states] removing connection to http://wng:40571/
[rospy.internal][WARNING] 2021-09-17 12:56:40,978: Unknown error initiating TCP/IP socket to wng:45043 (http://wng:40571/): Traceback (most recent call last):
  File "/opt/ros/melodic/lib/python2.7/dist-packages/rospy/impl/tcpros_base.py", line 562, in connect
    self.read_header()
  File "/opt/ros/melodic/lib/python2.7/dist-packages/rospy/impl/tcpros_base.py", line 657, in read_header
    self._validate_header(read_ros_handshake_header(sock, self.read_buff, self.protocol.buff_size))
AttributeError: 'NoneType' object has no attribute 'buff_size'

[rospy.topics][ERROR] 2021-09-17 12:56:40,979: Traceback (most recent call last):
  File "/opt/ros/melodic/lib/python2.7/dist-packages/rospy/topics.py", line 326, in close
    c.close()
  File "/opt/ros/melodic/lib/python2.7/dist-packages/rospy/impl/tcpros_base.py", line 846, in close
    self.socket.close()
AttributeError: 'NoneType' object has no attribute 'close'

[rospy.impl.masterslave][INFO] 2021-09-17 12:56:40,979: signal-2
[rospy.core][INFO] 2021-09-17 12:56:41,095: signal_shutdown [atexit]
