[rosmaster.main][INFO] 2021-09-06 15:37:09,701: initialization complete, waiting for shutdown
[rosmaster.main][INFO] 2021-09-06 15:37:09,701: Starting ROS Master Node
[xmlrpc][INFO] 2021-09-06 15:37:09,701: XML-RPC server binding to 0.0.0.0:11311
[xmlrpc][INFO] 2021-09-06 15:37:09,701: Started XML-RPC server [http://wng:11311/]
[xmlrpc][INFO] 2021-09-06 15:37:09,702: xml rpc node: starting XML-RPC server
[rosmaster.master][INFO] 2021-09-06 15:37:09,702: Master initialized: port[11311], uri[http://wng:11311/]
[rosmaster.master][INFO] 2021-09-06 15:37:09,763: +PARAM [/run_id] by /roslaunch
[rosmaster.master][INFO] 2021-09-06 15:37:09,764: +PARAM [/roslaunch/uris/host_wng__34111] by /roslaunch
[rosmaster.master][INFO] 2021-09-06 15:37:09,813: +SERVICE [/rosout/get_loggers] /rosout http://wng:41969/
[rosmaster.master][INFO] 2021-09-06 15:37:09,813: +SERVICE [/rosout/set_logger_level] /rosout http://wng:41969/
[rosmaster.master][INFO] 2021-09-06 15:37:09,813: +PUB [/rosout_agg] /rosout http://wng:41969/
[rosmaster.master][INFO] 2021-09-06 15:37:09,815: +SUB [/rosout] /rosout http://wng:41969/
[rosmaster.master][INFO] 2021-09-06 15:37:09,868: +PARAM [/move_group/planner_configs/RRTkConfigDefault/goal_bias] by /roslaunch
[rosmaster.master][INFO] 2021-09-06 15:37:09,868: +PARAM [/move_group/panda_arm/planner_configs] by /roslaunch
[rosmaster.master][INFO] 2021-09-06 15:37:09,868: +PARAM [/robot_description_semantic] by /roslaunch
[rosmaster.master][INFO] 2021-09-06 15:37:09,868: +PARAM [/move_group/planner_configs/SPARStwokConfigDefault/stretch_factor] by /roslaunch
[rosmaster.master][INFO] 2021-09-06 15:37:09,868: +PARAM [/robot_description_planning/joint_limits/panda_joint3/has_acceleration_limits] by /roslaunch
[rosmaster.master][INFO] 2021-09-06 15:37:09,868: +PARAM [/move_group/planner_configs/STRIDEkConfigDefault/max_degree] by /roslaunch
[rosmaster.master][INFO] 2021-09-06 15:37:09,868: +PARAM [/move_group/planner_configs/RRTstarkConfigDefault/range] by /roslaunch
[rosmaster.master][INFO] 2021-09-06 15:37:09,868: +PARAM [/move_group/planner_configs/SPARSkConfigDefault/sparse_delta_fraction] by /roslaunch
[rosmaster.master][INFO] 2021-09-06 15:37:09,868: +PARAM [/move_group/planner_configs/FMTkConfigDefault/radius_multiplier] by /roslaunch
[rosmaster.master][INFO] 2021-09-06 15:37:09,868: +PARAM [/move_group/controller_list] by /roslaunch
[rosmaster.master][INFO] 2021-09-06 15:37:09,868: +PARAM [/move_group/planner_configs/BFMTkConfigDefault/cache_cc] by /roslaunch
[rosmaster.master][INFO] 2021-09-06 15:37:09,868: +PARAM [/move_group/planner_configs/STRIDEkConfigDefault/goal_bias] by /roslaunch
[rosmaster.master][INFO] 2021-09-06 15:37:09,868: +PARAM [/move_group/max_safe_path_cost] by /roslaunch
[rosmaster.master][INFO] 2021-09-06 15:37:09,868: +PARAM [/move_group/planner_configs/BiTRRTkConfigDefault/temp_change_factor] by /roslaunch
[rosmaster.master][INFO] 2021-09-06 15:37:09,868: +PARAM [/move_group/planner_configs/SPARStwokConfigDefault/sparse_delta_fraction] by /roslaunch
[rosmaster.master][INFO] 2021-09-06 15:37:09,868: +PARAM [/move_group/hand/planner_configs] by /roslaunch
[rosmaster.master][INFO] 2021-09-06 15:37:09,869: +PARAM [/move_group/planner_configs/RRTstarkConfigDefault/goal_bias] by /roslaunch
[rosmaster.master][INFO] 2021-09-06 15:37:09,869: +PARAM [/move_group/planner_configs/STRIDEkConfigDefault/range] by /roslaunch
[rosmaster.master][INFO] 2021-09-06 15:37:09,869: +PARAM [/move_group/planning_scene_monitor/publish_planning_scene] by /roslaunch
[rosmaster.master][INFO] 2021-09-06 15:37:09,869: +PARAM [/move_group/octomap_frame] by /roslaunch
[rosmaster.master][INFO] 2021-09-06 15:37:09,869: +PARAM [/move_group/planner_configs/PRMkConfigDefault/type] by /roslaunch
[rosmaster.master][INFO] 2021-09-06 15:37:09,869: +PARAM [/move_group/planner_configs/BiESTkConfigDefault/range] by /roslaunch
[rosmaster.master][INFO] 2021-09-06 15:37:09,869: +PARAM [/move_group/planner_configs/ESTkConfigDefault/range] by /roslaunch
[rosmaster.master][INFO] 2021-09-06 15:37:09,869: +PARAM [/move_group/planner_configs/KPIECEkConfigDefault/min_valid_path_fraction] by /roslaunch
[rosmaster.master][INFO] 2021-09-06 15:37:09,869: +PARAM [/robot_description_planning/joint_limits/panda_finger_joint2/max_acceleration] by /roslaunch
[rosmaster.master][INFO] 2021-09-06 15:37:09,869: +PARAM [/move_group/planner_configs/BKPIECEkConfigDefault/border_fraction] by /roslaunch
[rosmaster.master][INFO] 2021-09-06 15:37:09,869: +PARAM [/move_group/planner_configs/SPARStwokConfigDefault/max_failures] by /roslaunch
[rosmaster.master][INFO] 2021-09-06 15:37:09,869: +PARAM [/move_group/planner_configs/BiTRRTkConfigDefault/frountier_node_ratio] by /roslaunch
[rosmaster.master][INFO] 2021-09-06 15:37:09,869: +PARAM [/move_group/planner_configs/PRMkConfigDefault/max_nearest_neighbors] by /roslaunch
[rosmaster.master][INFO] 2021-09-06 15:37:09,869: +PARAM [/move_group/planner_configs/BiTRRTkConfigDefault/cost_threshold] by /roslaunch
[rosmaster.master][INFO] 2021-09-06 15:37:09,869: +PARAM [/robot_description_kinematics/panda_arm/kinematics_solver] by /roslaunch
[rosmaster.master][INFO] 2021-09-06 15:37:09,869: +PARAM [/move_group/planner_configs/TRRTkConfigDefault/goal_bias] by /roslaunch
[rosmaster.master][INFO] 2021-09-06 15:37:09,869: +PARAM [/move_group/planner_configs/LBTRRTkConfigDefault/type] by /roslaunch
[rosmaster.master][INFO] 2021-09-06 15:37:09,869: +PARAM [/move_group/planner_configs/FMTkConfigDefault/cache_cc] by /roslaunch
[rosmaster.master][INFO] 2021-09-06 15:37:09,869: +PARAM [/robot_description_planning/joint_limits/panda_joint2/max_velocity] by /roslaunch
[rosmaster.master][INFO] 2021-09-06 15:37:09,869: +PARAM [/robot_description_planning/joint_limits/panda_joint5/max_acceleration] by /roslaunch
[rosmaster.master][INFO] 2021-09-06 15:37:09,869: +PARAM [/move_group/planner_configs/FMTkConfigDefault/type] by /roslaunch
[rosmaster.master][INFO] 2021-09-06 15:37:09,869: +PARAM [/move_group/planner_configs/ProjESTkConfigDefault/type] by /roslaunch
[rosmaster.master][INFO] 2021-09-06 15:37:09,869: +PARAM [/move_group/planner_configs/LBTRRTkConfigDefault/epsilon] by /roslaunch
[rosmaster.master][INFO] 2021-09-06 15:37:09,870: +PARAM [/move_group/planner_configs/LazyPRMkConfigDefault/type] by /roslaunch
[rosmaster.master][INFO] 2021-09-06 15:37:09,870: +PARAM [/move_group/planner_configs/STRIDEkConfigDefault/min_degree] by /roslaunch
[rosmaster.master][INFO] 2021-09-06 15:37:09,870: +PARAM [/move_group/planner_configs/TRRTkConfigDefault/max_states_failed] by /roslaunch
[rosmaster.master][INFO] 2021-09-06 15:37:09,870: +PARAM [/move_group/planner_configs/BKPIECEkConfigDefault/min_valid_path_fraction] by /roslaunch
[rosmaster.master][INFO] 2021-09-06 15:37:09,870: +PARAM [/move_group/planner_configs/SBLkConfigDefault/range] by /roslaunch
[rosmaster.master][INFO] 2021-09-06 15:37:09,870: +PARAM [/robot_description_planning/joint_limits/panda_finger_joint2/has_acceleration_limits] by /roslaunch
[rosmaster.master][INFO] 2021-09-06 15:37:09,870: +PARAM [/robot_description_planning/joint_limits/panda_joint6/max_velocity] by /roslaunch
[rosmaster.master][INFO] 2021-09-06 15:37:09,870: +PARAM [/move_group/planner_configs/TRRTkConfigDefault/frountierNodeRatio] by /roslaunch
[rosmaster.master][INFO] 2021-09-06 15:37:09,870: +PARAM [/move_group/planner_configs/BFMTkConfigDefault/type] by /roslaunch
[rosmaster.master][INFO] 2021-09-06 15:37:09,870: +PARAM [/robot_description_planning/joint_limits/panda_joint3/max_acceleration] by /roslaunch
[rosmaster.master][INFO] 2021-09-06 15:37:09,870: +PARAM [/move_group/planning_plugin] by /roslaunch
[rosmaster.master][INFO] 2021-09-06 15:37:09,870: +PARAM [/robot_description_planning/joint_limits/panda_joint7/max_velocity] by /roslaunch
[rosmaster.master][INFO] 2021-09-06 15:37:09,870: +PARAM [/move_group/planning_scene_monitor/publish_geometry_updates] by /roslaunch
[rosmaster.master][INFO] 2021-09-06 15:37:09,870: +PARAM [/move_group/planner_configs/LazyPRMkConfigDefault/range] by /roslaunch
[rosmaster.master][INFO] 2021-09-06 15:37:09,870: +PARAM [/move_group/planner_configs/TRRTkConfigDefault/type] by /roslaunch
[rosmaster.master][INFO] 2021-09-06 15:37:09,870: +PARAM [/robot_description_planning/joint_limits/panda_joint5/max_velocity] by /roslaunch
[rosmaster.master][INFO] 2021-09-06 15:37:09,870: +PARAM [/move_group/planner_configs/BiTRRTkConfigDefault/init_temperature] by /roslaunch
[rosmaster.master][INFO] 2021-09-06 15:37:09,870: +PARAM [/move_group/planner_configs/SPARSkConfigDefault/max_failures] by /roslaunch
[rosmaster.master][INFO] 2021-09-06 15:37:09,870: +PARAM [/move_group/planner_configs/BiTRRTkConfigDefault/range] by /roslaunch
[rosmaster.master][INFO] 2021-09-06 15:37:09,870: +PARAM [/move_group/planner_configs/PDSTkConfigDefault/type] by /roslaunch
[rosmaster.master][INFO] 2021-09-06 15:37:09,870: +PARAM [/move_group/trajectory_execution/allowed_goal_duration_margin] by /roslaunch
[rosmaster.master][INFO] 2021-09-06 15:37:09,870: +PARAM [/rosdistro] by /roslaunch
[rosmaster.master][INFO] 2021-09-06 15:37:09,870: +PARAM [/robot_description_planning/joint_limits/panda_joint1/has_velocity_limits] by /roslaunch
[rosmaster.master][INFO] 2021-09-06 15:37:09,870: +PARAM [/move_group/planner_configs/STRIDEkConfigDefault/max_pts_per_leaf] by /roslaunch
[rosmaster.master][INFO] 2021-09-06 15:37:09,870: +PARAM [/move_group/planner_configs/BFMTkConfigDefault/nearest_k] by /roslaunch
[rosmaster.master][INFO] 2021-09-06 15:37:09,871: +PARAM [/move_group/planner_configs/LazyPRMstarkConfigDefault/type] by /roslaunch
[rosmaster.master][INFO] 2021-09-06 15:37:09,871: +PARAM [/robot_description_kinematics/panda_arm/kinematics_solver_timeout] by /roslaunch
[rosmaster.master][INFO] 2021-09-06 15:37:09,871: +PARAM [/move_group/planner_configs/PRMstarkConfigDefault/type] by /roslaunch
[rosmaster.master][INFO] 2021-09-06 15:37:09,871: +PARAM [/move_group/planner_configs/RRTkConfigDefault/range] by /roslaunch
[rosmaster.master][INFO] 2021-09-06 15:37:09,871: +PARAM [/move_group/allow_trajectory_execution] by /roslaunch
[rosmaster.master][INFO] 2021-09-06 15:37:09,871: +PARAM [/move_group/planner_configs/SPARSkConfigDefault/stretch_factor] by /roslaunch
[rosmaster.master][INFO] 2021-09-06 15:37:09,871: +PARAM [/ROS_IP] by /roslaunch
[rosmaster.master][INFO] 2021-09-06 15:37:09,871: +PARAM [/move_group/planner_configs/ESTkConfigDefault/type] by /roslaunch
[rosmaster.master][INFO] 2021-09-06 15:37:09,871: +PARAM [/robot_description_planning/joint_limits/panda_joint4/max_acceleration] by /roslaunch
[rosmaster.master][INFO] 2021-09-06 15:37:09,871: +PARAM [/move_group/start_state_max_bounds_error] by /roslaunch
[rosmaster.master][INFO] 2021-09-06 15:37:09,871: +PARAM [/robot_description_planning/joint_limits/panda_finger_joint2/has_velocity_limits] by /roslaunch
[rosmaster.master][INFO] 2021-09-06 15:37:09,871: +PARAM [/move_group/max_range] by /roslaunch
[rosmaster.master][INFO] 2021-09-06 15:37:09,871: +PARAM [/robot_description_kinematics/panda_arm/kinematics_solver_search_resolution] by /roslaunch
[rosmaster.master][INFO] 2021-09-06 15:37:09,871: +PARAM [/robot_description_planning/joint_limits/panda_joint2/max_acceleration] by /roslaunch
[rosmaster.master][INFO] 2021-09-06 15:37:09,871: +PARAM [/move_group/planner_configs/RRTstarkConfigDefault/type] by /roslaunch
[rosmaster.master][INFO] 2021-09-06 15:37:09,871: +PARAM [/move_group/planner_configs/STRIDEkConfigDefault/min_valid_path_fraction] by /roslaunch
[rosmaster.master][INFO] 2021-09-06 15:37:09,871: +PARAM [/robot_description_planning/joint_limits/panda_joint7/has_acceleration_limits] by /roslaunch
[rosmaster.master][INFO] 2021-09-06 15:37:09,871: +PARAM [/move_group/planner_configs/BiTRRTkConfigDefault/frountier_threshold] by /roslaunch
[rosmaster.master][INFO] 2021-09-06 15:37:09,871: +PARAM [/robot_description_planning/joint_limits/panda_joint5/has_acceleration_limits] by /roslaunch
[rosmaster.master][INFO] 2021-09-06 15:37:09,871: +PARAM [/joint_state_publisher/use_gui] by /roslaunch
[rosmaster.master][INFO] 2021-09-06 15:37:09,871: +PARAM [/move_group/planner_configs/BKPIECEkConfigDefault/type] by /roslaunch
[rosmaster.master][INFO] 2021-09-06 15:37:09,871: +PARAM [/robot_description_planning/joint_limits/panda_joint7/max_acceleration] by /roslaunch
[rosmaster.master][INFO] 2021-09-06 15:37:09,871: +PARAM [/robot_description_planning/joint_limits/panda_joint6/max_acceleration] by /roslaunch
[rosmaster.master][INFO] 2021-09-06 15:37:09,871: +PARAM [/move_group/trajectory_execution/allowed_execution_duration_scaling] by /roslaunch
[rosmaster.master][INFO] 2021-09-06 15:37:09,872: +PARAM [/move_group/planner_configs/KPIECEkConfigDefault/border_fraction] by /roslaunch
[rosmaster.master][INFO] 2021-09-06 15:37:09,872: +PARAM [/move_group/trajectory_execution/allowed_start_tolerance] by /roslaunch
[rosmaster.master][INFO] 2021-09-06 15:37:09,872: +PARAM [/robot_description_planning/joint_limits/panda_joint3/max_velocity] by /roslaunch
[rosmaster.master][INFO] 2021-09-06 15:37:09,872: +PARAM [/move_group/moveit_manage_controllers] by /roslaunch
[rosmaster.master][INFO] 2021-09-06 15:37:09,872: +PARAM [/move_group/panda_arm_hand/planner_configs] by /roslaunch
[rosmaster.master][INFO] 2021-09-06 15:37:09,872: +PARAM [/move_group/planner_configs/FMTkConfigDefault/heuristics] by /roslaunch
[rosmaster.master][INFO] 2021-09-06 15:37:09,872: +PARAM [/move_group/planner_configs/BFMTkConfigDefault/optimality] by /roslaunch
[rosmaster.master][INFO] 2021-09-06 15:37:09,872: +PARAM [/robot_description_planning/joint_limits/panda_joint2/has_acceleration_limits] by /roslaunch
[rosmaster.master][INFO] 2021-09-06 15:37:09,872: +PARAM [/move_group/planner_configs/FMTkConfigDefault/nearest_k] by /roslaunch
[rosmaster.master][INFO] 2021-09-06 15:37:09,872: +PARAM [/move_group/planner_configs/ProjESTkConfigDefault/goal_bias] by /roslaunch
[rosmaster.master][INFO] 2021-09-06 15:37:09,872: +PARAM [/move_group/planner_configs/ESTkConfigDefault/goal_bias] by /roslaunch
[rosmaster.master][INFO] 2021-09-06 15:37:09,872: +PARAM [/move_group/planner_configs/BFMTkConfigDefault/radius_multiplier] by /roslaunch
[rosmaster.master][INFO] 2021-09-06 15:37:09,872: +PARAM [/move_group/planner_configs/LBKPIECEkConfigDefault/border_fraction] by /roslaunch
[rosmaster.master][INFO] 2021-09-06 15:37:09,872: +PARAM [/move_group/jiggle_fraction] by /roslaunch
[rosmaster.master][INFO] 2021-09-06 15:37:09,872: +PARAM [/move_group/planner_configs/SPARStwokConfigDefault/dense_delta_fraction] by /roslaunch
[rosmaster.master][INFO] 2021-09-06 15:37:09,872: +PARAM [/move_group/planner_configs/BFMTkConfigDefault/num_samples] by /roslaunch
[rosmaster.master][INFO] 2021-09-06 15:37:09,872: +PARAM [/move_group/planner_configs/TRRTkConfigDefault/range] by /roslaunch
[rosmaster.master][INFO] 2021-09-06 15:37:09,872: +PARAM [/move_group/planning_scene_monitor/publish_state_updates] by /roslaunch
[rosmaster.master][INFO] 2021-09-06 15:37:09,872: +PARAM [/move_group/planner_configs/TRRTkConfigDefault/temp_change_factor] by /roslaunch
[rosmaster.master][INFO] 2021-09-06 15:37:09,872: +PARAM [/robot_description_planning/joint_limits/panda_joint1/max_velocity] by /roslaunch
[rosmaster.master][INFO] 2021-09-06 15:37:09,872: +PARAM [/move_group/planner_configs/BKPIECEkConfigDefault/range] by /roslaunch
[rosmaster.master][INFO] 2021-09-06 15:37:09,872: +PARAM [/rviz_wng_28172_3359737207201535330/panda_arm/kinematics_solver] by /roslaunch
[rosmaster.master][INFO] 2021-09-06 15:37:09,872: +PARAM [/move_group/planner_configs/SBLkConfigDefault/type] by /roslaunch
[rosmaster.master][INFO] 2021-09-06 15:37:09,872: +PARAM [/robot_description_planning/joint_limits/panda_finger_joint1/has_velocity_limits] by /roslaunch
[rosmaster.master][INFO] 2021-09-06 15:37:09,873: +PARAM [/move_group/planner_configs/LBTRRTkConfigDefault/range] by /roslaunch
[rosmaster.master][INFO] 2021-09-06 15:37:09,873: +PARAM [/robot_description] by /roslaunch
[rosmaster.master][INFO] 2021-09-06 15:37:09,873: +PARAM [/move_group/planner_configs/FMTkConfigDefault/extended_fmt] by /roslaunch
[rosmaster.master][INFO] 2021-09-06 15:37:09,873: +PARAM [/move_group/planner_configs/LBKPIECEkConfigDefault/range] by /roslaunch
[rosmaster.master][INFO] 2021-09-06 15:37:09,873: +PARAM [/robot_description_planning/joint_limits/panda_joint5/has_velocity_limits] by /roslaunch
[rosmaster.master][INFO] 2021-09-06 15:37:09,873: +PARAM [/robot_description_planning/joint_limits/panda_finger_joint1/max_velocity] by /roslaunch
[rosmaster.master][INFO] 2021-09-06 15:37:09,873: +PARAM [/move_group/moveit_controller_manager] by /roslaunch
[rosmaster.master][INFO] 2021-09-06 15:37:09,873: +PARAM [/robot_description_planning/joint_limits/panda_joint1/max_acceleration] by /roslaunch
[rosmaster.master][INFO] 2021-09-06 15:37:09,873: +PARAM [/move_group/planner_configs/TRRTkConfigDefault/frountier_threshold] by /roslaunch
[rosmaster.master][INFO] 2021-09-06 15:37:09,873: +PARAM [/move_group/planner_configs/BFMTkConfigDefault/heuristics] by /roslaunch
[rosmaster.master][INFO] 2021-09-06 15:37:09,873: +PARAM [/robot_description_planning/joint_limits/panda_finger_joint1/has_acceleration_limits] by /roslaunch
[rosmaster.master][INFO] 2021-09-06 15:37:09,873: +PARAM [/move_group/planner_configs/KPIECEkConfigDefault/range] by /roslaunch
[rosmaster.master][INFO] 2021-09-06 15:37:09,873: +PARAM [/rviz_wng_28172_3359737207201535330/panda_arm/kinematics_solver_timeout] by /roslaunch
[rosmaster.master][INFO] 2021-09-06 15:37:09,873: +PARAM [/robot_description_planning/joint_limits/panda_joint7/has_velocity_limits] by /roslaunch
[rosmaster.master][INFO] 2021-09-06 15:37:09,873: +PARAM [/move_group/planner_configs/KPIECEkConfigDefault/goal_bias] by /roslaunch
[rosmaster.master][INFO] 2021-09-06 15:37:09,873: +PARAM [/move_group/planner_configs/RRTConnectkConfigDefault/range] by /roslaunch
[rosmaster.master][INFO] 2021-09-06 15:37:09,873: +PARAM [/robot_description_planning/joint_limits/panda_joint4/has_velocity_limits] by /roslaunch
[rosmaster.master][INFO] 2021-09-06 15:37:09,873: +PARAM [/move_group/request_adapters] by /roslaunch
[rosmaster.master][INFO] 2021-09-06 15:37:09,873: +PARAM [/move_group/planner_configs/TRRTkConfigDefault/min_temperature] by /roslaunch
[rosmaster.master][INFO] 2021-09-06 15:37:09,873: +PARAM [/rviz_wng_28172_3359737207201535330/panda_arm/kinematics_solver_search_resolution] by /roslaunch
[rosmaster.master][INFO] 2021-09-06 15:37:09,873: +PARAM [/robot_description_planning/joint_limits/panda_joint6/has_acceleration_limits] by /roslaunch
[rosmaster.master][INFO] 2021-09-06 15:37:09,873: +PARAM [/move_group/planner_configs/BFMTkConfigDefault/balanced] by /roslaunch
[rosmaster.master][INFO] 2021-09-06 15:37:09,873: +PARAM [/move_group/planner_configs/ProjESTkConfigDefault/range] by /roslaunch
[rosmaster.master][INFO] 2021-09-06 15:37:09,873: +PARAM [/move_group/octomap_resolution] by /roslaunch
[rosmaster.master][INFO] 2021-09-06 15:37:09,874: +PARAM [/move_group/planner_configs/STRIDEkConfigDefault/degree] by /roslaunch
[rosmaster.master][INFO] 2021-09-06 15:37:09,874: +PARAM [/move_group/planner_configs/KPIECEkConfigDefault/failed_expansion_score_factor] by /roslaunch
[rosmaster.master][INFO] 2021-09-06 15:37:09,874: +PARAM [/move_group/initial] by /roslaunch
[rosmaster.master][INFO] 2021-09-06 15:37:09,874: +PARAM [/move_group/planning_scene_monitor/publish_transforms_updates] by /roslaunch
[rosmaster.master][INFO] 2021-09-06 15:37:09,874: +PARAM [/move_group/planner_configs/SPARSkConfigDefault/type] by /roslaunch
[rosmaster.master][INFO] 2021-09-06 15:37:09,874: +PARAM [/move_group/planner_configs/TRRTkConfigDefault/init_temperature] by /roslaunch
[rosmaster.master][INFO] 2021-09-06 15:37:09,874: +PARAM [/move_group/sensors] by /roslaunch
[rosmaster.master][INFO] 2021-09-06 15:37:09,874: +PARAM [/robot_description_planning/joint_limits/panda_joint1/has_acceleration_limits] by /roslaunch
[rosmaster.master][INFO] 2021-09-06 15:37:09,874: +PARAM [/move_group/planner_configs/STRIDEkConfigDefault/type] by /roslaunch
[rosmaster.master][INFO] 2021-09-06 15:37:09,874: +PARAM [/move_group/planner_configs/TrajOptDefault/type] by /roslaunch
[rosmaster.master][INFO] 2021-09-06 15:37:09,874: +PARAM [/move_group/planner_configs/RRTstarkConfigDefault/delay_collision_checking] by /roslaunch
[rosmaster.master][INFO] 2021-09-06 15:37:09,874: +PARAM [/move_group/planner_configs/KPIECEkConfigDefault/type] by /roslaunch
[rosmaster.master][INFO] 2021-09-06 15:37:09,874: +PARAM [/robot_description_planning/joint_limits/panda_joint3/has_velocity_limits] by /roslaunch
[rosmaster.master][INFO] 2021-09-06 15:37:09,874: +PARAM [/robot_description_planning/joint_limits/panda_joint6/has_velocity_limits] by /roslaunch
[rosmaster.master][INFO] 2021-09-06 15:37:09,874: +PARAM [/move_group/planner_configs/BiTRRTkConfigDefault/type] by /roslaunch
[rosmaster.master][INFO] 2021-09-06 15:37:09,874: +PARAM [/robot_description_planning/joint_limits/panda_finger_joint2/max_velocity] by /roslaunch
[rosmaster.master][INFO] 2021-09-06 15:37:09,874: +PARAM [/move_group/planner_configs/RRTConnectkConfigDefault/type] by /roslaunch
[rosmaster.master][INFO] 2021-09-06 15:37:09,874: +PARAM [/move_group/planner_configs/SPARSkConfigDefault/dense_delta_fraction] by /roslaunch
[rosmaster.master][INFO] 2021-09-06 15:37:09,874: +PARAM [/move_group/planner_configs/LBTRRTkConfigDefault/goal_bias] by /roslaunch
[rosmaster.master][INFO] 2021-09-06 15:37:09,874: +PARAM [/robot_description_planning/joint_limits/panda_finger_joint1/max_acceleration] by /roslaunch
[rosmaster.master][INFO] 2021-09-06 15:37:09,874: +PARAM [/move_group/planner_configs/BKPIECEkConfigDefault/failed_expansion_score_factor] by /roslaunch
[rosmaster.master][INFO] 2021-09-06 15:37:09,874: +PARAM [/move_group/planner_configs/LBKPIECEkConfigDefault/min_valid_path_fraction] by /roslaunch
[rosmaster.master][INFO] 2021-09-06 15:37:09,874: +PARAM [/rosversion] by /roslaunch
[rosmaster.master][INFO] 2021-09-06 15:37:09,874: +PARAM [/move_group/planner_configs/BiESTkConfigDefault/type] by /roslaunch
[rosmaster.master][INFO] 2021-09-06 15:37:09,875: +PARAM [/robot_description_planning/joint_limits/panda_joint2/has_velocity_limits] by /roslaunch
[rosmaster.master][INFO] 2021-09-06 15:37:09,875: +PARAM [/move_group/planner_configs/STRIDEkConfigDefault/estimated_dimension] by /roslaunch
[rosmaster.master][INFO] 2021-09-06 15:37:09,875: +PARAM [/move_group/planner_configs/STRIDEkConfigDefault/use_projected_distance] by /roslaunch
[rosmaster.master][INFO] 2021-09-06 15:37:09,875: +PARAM [/move_group/planner_configs/TRRTkConfigDefault/k_constant] by /roslaunch
[rosmaster.master][INFO] 2021-09-06 15:37:09,875: +PARAM [/move_group/planner_configs/FMTkConfigDefault/num_samples] by /roslaunch
[rosmaster.master][INFO] 2021-09-06 15:37:09,875: +PARAM [/move_group/planner_configs/LBKPIECEkConfigDefault/type] by /roslaunch
[rosmaster.master][INFO] 2021-09-06 15:37:09,875: +PARAM [/move_group/planner_configs/BFMTkConfigDefault/extended_fmt] by /roslaunch
[rosmaster.master][INFO] 2021-09-06 15:37:09,875: +PARAM [/robot_description_planning/joint_limits/panda_joint4/max_velocity] by /roslaunch
[rosmaster.master][INFO] 2021-09-06 15:37:09,875: +PARAM [/robot_description_planning/joint_limits/panda_joint4/has_acceleration_limits] by /roslaunch
[rosmaster.master][INFO] 2021-09-06 15:37:09,875: +PARAM [/move_group/planner_configs/SPARStwokConfigDefault/type] by /roslaunch
[rosmaster.master][INFO] 2021-09-06 15:37:09,875: +PARAM [/move_group/planner_configs/RRTkConfigDefault/type] by /roslaunch
[rosmaster.master][INFO] 2021-09-06 15:37:09,875: +PARAM [/source_list] by /roslaunch
[rosmaster.master][INFO] 2021-09-06 15:37:09,905: +PUB [/rosout] /joint_state_desired_publisher http://wng:43079/
[rosmaster.master][INFO] 2021-09-06 15:37:09,906: +SERVICE [/joint_state_desired_publisher/get_loggers] /joint_state_desired_publisher http://wng:43079/
[rosmaster.master][INFO] 2021-09-06 15:37:09,906: +SERVICE [/joint_state_desired_publisher/set_logger_level] /joint_state_desired_publisher http://wng:43079/
[rosmaster.master][INFO] 2021-09-06 15:37:09,908: +SUB [/joint_states] /joint_state_desired_publisher http://wng:43079/
[rosmaster.master][INFO] 2021-09-06 15:37:09,917: +PUB [/rosout] /robot_state_publisher http://wng:41147/
[rosmaster.master][INFO] 2021-09-06 15:37:09,918: +SERVICE [/robot_state_publisher/get_loggers] /robot_state_publisher http://wng:41147/
[rosmaster.master][INFO] 2021-09-06 15:37:09,918: +SERVICE [/robot_state_publisher/set_logger_level] /robot_state_publisher http://wng:41147/
[rosmaster.master][INFO] 2021-09-06 15:37:09,921: +PUB [/tf] /robot_state_publisher http://wng:41147/
[rosmaster.master][INFO] 2021-09-06 15:37:09,921: +PUB [/tf_static] /robot_state_publisher http://wng:41147/
[rosmaster.master][INFO] 2021-09-06 15:37:09,923: +SUB [/joint_states] /robot_state_publisher http://wng:41147/
[rosmaster.master][INFO] 2021-09-06 15:37:09,955: +PUB [/rosout] /move_group http://wng:37961/
[rosmaster.master][INFO] 2021-09-06 15:37:09,955: +SERVICE [/move_group/get_loggers] /move_group http://wng:37961/
[rosmaster.master][INFO] 2021-09-06 15:37:09,955: +SERVICE [/move_group/set_logger_level] /move_group http://wng:37961/
[rosmaster.master][INFO] 2021-09-06 15:37:09,957: +SUB [/tf] /move_group http://wng:37961/
[rosmaster.master][INFO] 2021-09-06 15:37:09,958: +SUB [/tf_static] /move_group http://wng:37961/
[rosmaster.master][INFO] 2021-09-06 15:37:09,961: +CACHEDPARAM [/rosout_disable_topics_generation] by /move_group
[rosmaster.master][INFO] 2021-09-06 15:37:10,001: publisherUpdate[/rosout] -> http://wng:41969/ ['http://wng:43079/']
[rosmaster.master][INFO] 2021-09-06 15:37:10,003: publisherUpdate[/rosout] -> http://wng:41969/ ['http://wng:43079/']: sec=0.00, result=[1, '', 0]
[rosmaster.master][INFO] 2021-09-06 15:37:10,003: publisherUpdate[/rosout] -> http://wng:41969/ ['http://wng:43079/', 'http://wng:41147/']
[rosmaster.master][INFO] 2021-09-06 15:37:10,004: publisherUpdate[/rosout] -> http://wng:41969/ ['http://wng:43079/', 'http://wng:41147/']: sec=0.00, result=[1, '', 0]
[rosmaster.master][INFO] 2021-09-06 15:37:10,004: publisherUpdate[/rosout] -> http://wng:41969/ ['http://wng:43079/', 'http://wng:41147/', 'http://wng:37961/']
[rosmaster.master][INFO] 2021-09-06 15:37:10,005: publisherUpdate[/rosout] -> http://wng:41969/ ['http://wng:43079/', 'http://wng:41147/', 'http://wng:37961/']: sec=0.00, result=[1, '', 0]
[rosmaster.master][INFO] 2021-09-06 15:37:10,013: +SERVICE [/move_group/planning_scene_monitor/set_parameters] /move_group http://wng:37961/
[rosmaster.master][INFO] 2021-09-06 15:37:10,014: +PUB [/move_group/planning_scene_monitor/parameter_descriptions] /move_group http://wng:37961/
[rosmaster.master][INFO] 2021-09-06 15:37:10,014: +PUB [/move_group/planning_scene_monitor/parameter_updates] /move_group http://wng:37961/
[rosmaster.master][INFO] 2021-09-06 15:37:10,015: +PARAM [/move_group/planning_scene_monitor/publish_planning_scene] by /move_group
[rosmaster.master][INFO] 2021-09-06 15:37:10,016: +PARAM [/move_group/planning_scene_monitor/publish_planning_scene_hz] by /move_group
[rosmaster.master][INFO] 2021-09-06 15:37:10,016: +PARAM [/move_group/planning_scene_monitor/publish_geometry_updates] by /move_group
[rosmaster.master][INFO] 2021-09-06 15:37:10,016: +PARAM [/move_group/planning_scene_monitor/publish_state_updates] by /move_group
[rosmaster.master][INFO] 2021-09-06 15:37:10,017: +PARAM [/move_group/planning_scene_monitor/publish_transforms_updates] by /move_group
[rosmaster.master][INFO] 2021-09-06 15:37:10,017: +PUB [/move_group/monitored_planning_scene] /move_group http://wng:37961/
[rosmaster.master][INFO] 2021-09-06 15:37:10,017: +PARAM [/move_group/planning_scene_monitor/publish_planning_scene] by /move_group
[rosmaster.master][INFO] 2021-09-06 15:37:10,018: +PARAM [/move_group/planning_scene_monitor/publish_planning_scene_hz] by /move_group
[rosmaster.master][INFO] 2021-09-06 15:37:10,018: +PARAM [/move_group/planning_scene_monitor/publish_geometry_updates] by /move_group
[rosmaster.master][INFO] 2021-09-06 15:37:10,018: +PARAM [/move_group/planning_scene_monitor/publish_state_updates] by /move_group
[rosmaster.master][INFO] 2021-09-06 15:37:10,018: +PARAM [/move_group/planning_scene_monitor/publish_transforms_updates] by /move_group
[rosmaster.master][INFO] 2021-09-06 15:37:10,019: +SUB [/planning_scene] /move_group http://wng:37961/
[rosmaster.master][INFO] 2021-09-06 15:37:10,020: +SUB [/collision_object] /move_group http://wng:37961/
[rosmaster.master][INFO] 2021-09-06 15:37:10,021: +SUB [/planning_scene_world] /move_group http://wng:37961/
[rosmaster.master][INFO] 2021-09-06 15:37:10,026: +PUB [/move_group/filtered_cloud] /move_group http://wng:37961/
[rosmaster.master][INFO] 2021-09-06 15:37:10,026: +SERVICE [/move_group/save_map] /move_group http://wng:37961/
[rosmaster.master][INFO] 2021-09-06 15:37:10,026: +SERVICE [/move_group/load_map] /move_group http://wng:37961/
[rosmaster.master][INFO] 2021-09-06 15:37:10,029: +SUB [/camera/depth_registered/points] /move_group http://wng:37961/
[rosmaster.master][INFO] 2021-09-06 15:37:10,030: +SUB [/joint_states_desired] /move_group http://wng:37961/
[rosmaster.master][INFO] 2021-09-06 15:37:10,031: +SUB [/attached_collision_object] /move_group http://wng:37961/
[rosmaster.master][INFO] 2021-09-06 15:37:10,038: +PUB [/rosout] /rviz_wng_28172_3359737207201535330 http://wng:42329/
[rosmaster.master][INFO] 2021-09-06 15:37:10,038: +SERVICE [/rviz_wng_28172_3359737207201535330/get_loggers] /rviz_wng_28172_3359737207201535330 http://wng:42329/
[rosmaster.master][INFO] 2021-09-06 15:37:10,039: +SERVICE [/rviz_wng_28172_3359737207201535330/set_logger_level] /rviz_wng_28172_3359737207201535330 http://wng:42329/
[rosmaster.master][INFO] 2021-09-06 15:37:10,039: +CACHEDPARAM [/rosout_disable_topics_generation] by /rviz_wng_28172_3359737207201535330
[rosmaster.master][INFO] 2021-09-06 15:37:10,072: +SERVICE [/move_group/ompl/set_parameters] /move_group http://wng:37961/
[rosmaster.master][INFO] 2021-09-06 15:37:10,073: +PUB [/move_group/ompl/parameter_descriptions] /move_group http://wng:37961/
[rosmaster.master][INFO] 2021-09-06 15:37:10,073: +PUB [/move_group/ompl/parameter_updates] /move_group http://wng:37961/
[rosmaster.master][INFO] 2021-09-06 15:37:10,074: +PARAM [/move_group/ompl/simplify_solutions] by /move_group
[rosmaster.master][INFO] 2021-09-06 15:37:10,075: +PARAM [/move_group/ompl/minimum_waypoint_count] by /move_group
[rosmaster.master][INFO] 2021-09-06 15:37:10,075: +PARAM [/move_group/ompl/maximum_waypoint_distance] by /move_group
[rosmaster.master][INFO] 2021-09-06 15:37:10,075: +PARAM [/move_group/ompl/link_for_exploration_tree] by /move_group
[rosmaster.master][INFO] 2021-09-06 15:37:10,076: +PARAM [/move_group/ompl/display_random_valid_states] by /move_group
[rosmaster.master][INFO] 2021-09-06 15:37:10,076: +PARAM [/move_group/ompl/simplify_solutions] by /move_group
[rosmaster.master][INFO] 2021-09-06 15:37:10,076: +PARAM [/move_group/ompl/minimum_waypoint_count] by /move_group
[rosmaster.master][INFO] 2021-09-06 15:37:10,077: +PARAM [/move_group/ompl/maximum_waypoint_distance] by /move_group
[rosmaster.master][INFO] 2021-09-06 15:37:10,077: +PARAM [/move_group/ompl/link_for_exploration_tree] by /move_group
[rosmaster.master][INFO] 2021-09-06 15:37:10,077: +PARAM [/move_group/ompl/display_random_valid_states] by /move_group
[rosmaster.master][INFO] 2021-09-06 15:37:10,081: +PUB [/move_group/display_planned_path] /move_group http://wng:37961/
[rosmaster.master][INFO] 2021-09-06 15:37:10,082: +PUB [/move_group/display_contacts] /move_group http://wng:37961/
[rosmaster.master][INFO] 2021-09-06 15:37:10,085: +PUB [/move_group/fake_controller_joint_states] /move_group http://wng:37961/
[rosmaster.master][INFO] 2021-09-06 15:37:10,102: publisherUpdate[/rosout] -> http://wng:41969/ ['http://wng:43079/', 'http://wng:41147/', 'http://wng:37961/', 'http://wng:42329/']
[rosmaster.master][INFO] 2021-09-06 15:37:10,103: publisherUpdate[/rosout] -> http://wng:41969/ ['http://wng:43079/', 'http://wng:41147/', 'http://wng:37961/', 'http://wng:42329/']: sec=0.00, result=[1, '', 0]
[rosmaster.master][INFO] 2021-09-06 15:37:10,107: +SUB [/trajectory_execution_event] /move_group http://wng:37961/
[rosmaster.master][INFO] 2021-09-06 15:37:10,107: +SERVICE [/move_group/trajectory_execution/set_parameters] /move_group http://wng:37961/
[rosmaster.master][INFO] 2021-09-06 15:37:10,108: +PUB [/move_group/trajectory_execution/parameter_descriptions] /move_group http://wng:37961/
[rosmaster.master][INFO] 2021-09-06 15:37:10,108: +PUB [/move_group/trajectory_execution/parameter_updates] /move_group http://wng:37961/
[rosmaster.master][INFO] 2021-09-06 15:37:10,110: +PARAM [/move_group/trajectory_execution/execution_duration_monitoring] by /move_group
[rosmaster.master][INFO] 2021-09-06 15:37:10,110: +PARAM [/move_group/trajectory_execution/allowed_execution_duration_scaling] by /move_group
[rosmaster.master][INFO] 2021-09-06 15:37:10,110: +PARAM [/move_group/trajectory_execution/allowed_goal_duration_margin] by /move_group
[rosmaster.master][INFO] 2021-09-06 15:37:10,110: +PARAM [/move_group/trajectory_execution/execution_velocity_scaling] by /move_group
[rosmaster.master][INFO] 2021-09-06 15:37:10,111: +PARAM [/move_group/trajectory_execution/allowed_start_tolerance] by /move_group
[rosmaster.master][INFO] 2021-09-06 15:37:10,111: +PARAM [/move_group/trajectory_execution/wait_for_trajectory_completion] by /move_group
[rosmaster.master][INFO] 2021-09-06 15:37:10,111: +PARAM [/move_group/trajectory_execution/execution_duration_monitoring] by /move_group
[rosmaster.master][INFO] 2021-09-06 15:37:10,111: +PARAM [/move_group/trajectory_execution/allowed_execution_duration_scaling] by /move_group
[rosmaster.master][INFO] 2021-09-06 15:37:10,112: +PARAM [/move_group/trajectory_execution/allowed_goal_duration_margin] by /move_group
[rosmaster.master][INFO] 2021-09-06 15:37:10,112: +PARAM [/move_group/trajectory_execution/execution_velocity_scaling] by /move_group
[rosmaster.master][INFO] 2021-09-06 15:37:10,112: +PARAM [/move_group/trajectory_execution/allowed_start_tolerance] by /move_group
[rosmaster.master][INFO] 2021-09-06 15:37:10,112: +PARAM [/move_group/trajectory_execution/wait_for_trajectory_completion] by /move_group
[rosmaster.master][INFO] 2021-09-06 15:37:10,112: +SERVICE [/move_group/plan_execution/set_parameters] /move_group http://wng:37961/
[rosmaster.master][INFO] 2021-09-06 15:37:10,113: +PUB [/move_group/plan_execution/parameter_descriptions] /move_group http://wng:37961/
[rosmaster.master][INFO] 2021-09-06 15:37:10,113: +PUB [/move_group/plan_execution/parameter_updates] /move_group http://wng:37961/
[rosmaster.master][INFO] 2021-09-06 15:37:10,113: +PARAM [/move_group/plan_execution/max_replan_attempts] by /move_group
[rosmaster.master][INFO] 2021-09-06 15:37:10,114: +PARAM [/move_group/plan_execution/record_trajectory_state_frequency] by /move_group
[rosmaster.master][INFO] 2021-09-06 15:37:10,114: +PARAM [/move_group/plan_execution/max_replan_attempts] by /move_group
[rosmaster.master][INFO] 2021-09-06 15:37:10,114: +PARAM [/move_group/plan_execution/record_trajectory_state_frequency] by /move_group
[rosmaster.master][INFO] 2021-09-06 15:37:10,114: +SERVICE [/move_group/sense_for_plan/set_parameters] /move_group http://wng:37961/
[rosmaster.master][INFO] 2021-09-06 15:37:10,115: +PUB [/move_group/sense_for_plan/parameter_descriptions] /move_group http://wng:37961/
[rosmaster.master][INFO] 2021-09-06 15:37:10,115: +PUB [/move_group/sense_for_plan/parameter_updates] /move_group http://wng:37961/
[rosmaster.master][INFO] 2021-09-06 15:37:10,116: +PARAM [/move_group/sense_for_plan/max_safe_path_cost] by /move_group
[rosmaster.master][INFO] 2021-09-06 15:37:10,116: +PARAM [/move_group/sense_for_plan/max_look_attempts] by /move_group
[rosmaster.master][INFO] 2021-09-06 15:37:10,116: +PARAM [/move_group/sense_for_plan/max_cost_sources] by /move_group
[rosmaster.master][INFO] 2021-09-06 15:37:10,116: +PARAM [/move_group/sense_for_plan/discard_overlapping_cost_sources] by /move_group
[rosmaster.master][INFO] 2021-09-06 15:37:10,116: +PARAM [/move_group/sense_for_plan/max_safe_path_cost] by /move_group
[rosmaster.master][INFO] 2021-09-06 15:37:10,117: +PARAM [/move_group/sense_for_plan/max_look_attempts] by /move_group
[rosmaster.master][INFO] 2021-09-06 15:37:10,117: +PARAM [/move_group/sense_for_plan/max_cost_sources] by /move_group
[rosmaster.master][INFO] 2021-09-06 15:37:10,117: +PARAM [/move_group/sense_for_plan/discard_overlapping_cost_sources] by /move_group
[rosmaster.master][INFO] 2021-09-06 15:37:10,117: +PUB [/move_group/display_cost_sources] /move_group http://wng:37961/
[rosmaster.master][INFO] 2021-09-06 15:37:10,117: +PUB [/move_group/motion_plan_request] /move_group http://wng:37961/
[rosmaster.master][INFO] 2021-09-06 15:37:10,121: +SERVICE [/apply_planning_scene] /move_group http://wng:37961/
[rosmaster.master][INFO] 2021-09-06 15:37:10,121: +SERVICE [/clear_octomap] /move_group http://wng:37961/
[rosmaster.master][INFO] 2021-09-06 15:37:10,122: +SERVICE [/compute_cartesian_path] /move_group http://wng:37961/
[rosmaster.master][INFO] 2021-09-06 15:37:10,122: +PUB [/execute_trajectory/result] /move_group http://wng:37961/
[rosmaster.master][INFO] 2021-09-06 15:37:10,123: +PUB [/execute_trajectory/feedback] /move_group http://wng:37961/
[rosmaster.master][INFO] 2021-09-06 15:37:10,123: +PUB [/execute_trajectory/status] /move_group http://wng:37961/
[rosmaster.master][INFO] 2021-09-06 15:37:10,124: +SUB [/execute_trajectory/goal] /move_group http://wng:37961/
[rosmaster.master][INFO] 2021-09-06 15:37:10,125: +SUB [/execute_trajectory/cancel] /move_group http://wng:37961/
[rosmaster.master][INFO] 2021-09-06 15:37:10,125: +SERVICE [/get_planning_scene] /move_group http://wng:37961/
[rosmaster.master][INFO] 2021-09-06 15:37:10,125: +SERVICE [/compute_fk] /move_group http://wng:37961/
[rosmaster.master][INFO] 2021-09-06 15:37:10,126: +SERVICE [/compute_ik] /move_group http://wng:37961/
[rosmaster.master][INFO] 2021-09-06 15:37:10,126: +PUB [/move_group/result] /move_group http://wng:37961/
[rosmaster.master][INFO] 2021-09-06 15:37:10,126: +PUB [/move_group/feedback] /move_group http://wng:37961/
[rosmaster.master][INFO] 2021-09-06 15:37:10,127: +PUB [/move_group/status] /move_group http://wng:37961/
[rosmaster.master][INFO] 2021-09-06 15:37:10,128: +SUB [/move_group/goal] /move_group http://wng:37961/
[rosmaster.master][INFO] 2021-09-06 15:37:10,129: +SUB [/move_group/cancel] /move_group http://wng:37961/
[rosmaster.master][INFO] 2021-09-06 15:37:10,131: +PUB [/move_group/display_grasp_markers] /move_group http://wng:37961/
[rosmaster.master][INFO] 2021-09-06 15:37:10,132: +PUB [/pickup/result] /move_group http://wng:37961/
[rosmaster.master][INFO] 2021-09-06 15:37:10,132: +PUB [/pickup/feedback] /move_group http://wng:37961/
[rosmaster.master][INFO] 2021-09-06 15:37:10,132: +PUB [/pickup/status] /move_group http://wng:37961/
[rosmaster.master][INFO] 2021-09-06 15:37:10,134: +SUB [/pickup/goal] /move_group http://wng:37961/
[rosmaster.master][INFO] 2021-09-06 15:37:10,136: +SUB [/pickup/cancel] /move_group http://wng:37961/
[rosmaster.master][INFO] 2021-09-06 15:37:10,136: +PUB [/place/result] /move_group http://wng:37961/
[rosmaster.master][INFO] 2021-09-06 15:37:10,137: +PUB [/place/feedback] /move_group http://wng:37961/
[rosmaster.master][INFO] 2021-09-06 15:37:10,137: +PUB [/place/status] /move_group http://wng:37961/
[rosmaster.master][INFO] 2021-09-06 15:37:10,139: +SUB [/place/goal] /move_group http://wng:37961/
[rosmaster.master][INFO] 2021-09-06 15:37:10,140: +SUB [/place/cancel] /move_group http://wng:37961/
[rosmaster.master][INFO] 2021-09-06 15:37:10,141: +SERVICE [/plan_kinematic_path] /move_group http://wng:37961/
[rosmaster.master][INFO] 2021-09-06 15:37:10,141: +SERVICE [/query_planner_interface] /move_group http://wng:37961/
[rosmaster.master][INFO] 2021-09-06 15:37:10,141: +SERVICE [/get_planner_params] /move_group http://wng:37961/
[rosmaster.master][INFO] 2021-09-06 15:37:10,142: +SERVICE [/set_planner_params] /move_group http://wng:37961/
[rosmaster.master][INFO] 2021-09-06 15:37:10,142: +SERVICE [/check_state_validity] /move_group http://wng:37961/
[rosmaster.master][INFO] 2021-09-06 15:37:10,204: +PUB [/rosout] /joint_state_publisher http://wng:39233/
[rosmaster.master][INFO] 2021-09-06 15:37:10,204: +CACHEDPARAM [/rosout/omit_topics] by /rosout
[rosmaster.master][INFO] 2021-09-06 15:37:10,205: publisherUpdate[/rosout] -> http://wng:41969/ ['http://wng:43079/', 'http://wng:41147/', 'http://wng:37961/', 'http://wng:42329/', 'http://wng:39233/']
[rosmaster.master][INFO] 2021-09-06 15:37:10,206: publisherUpdate[/rosout] -> http://wng:41969/ ['http://wng:43079/', 'http://wng:41147/', 'http://wng:37961/', 'http://wng:42329/', 'http://wng:39233/']: sec=0.00, result=[1, '', 0]
[rosmaster.master][INFO] 2021-09-06 15:37:10,206: +SERVICE [/joint_state_publisher/get_loggers] /joint_state_publisher http://wng:39233/
[rosmaster.master][INFO] 2021-09-06 15:37:10,206: +SERVICE [/joint_state_publisher/set_logger_level] /joint_state_publisher http://wng:39233/
[rosmaster.master][INFO] 2021-09-06 15:37:10,217: +SUB [/move_group/fake_controller_joint_states] /joint_state_publisher http://wng:39233/
[rosmaster.master][INFO] 2021-09-06 15:37:10,218: +PUB [/joint_states] /joint_state_publisher http://wng:39233/
[rosmaster.master][INFO] 2021-09-06 15:37:10,302: publisherUpdate[/joint_states] -> http://wng:43079/ ['http://wng:39233/']
[rosmaster.master][INFO] 2021-09-06 15:37:10,303: publisherUpdate[/joint_states] -> http://wng:43079/ ['http://wng:39233/']: sec=0.00, result=[1, '', 0]
[rosmaster.master][INFO] 2021-09-06 15:37:10,303: publisherUpdate[/joint_states] -> http://wng:41147/ ['http://wng:39233/']
[rosmaster.master][INFO] 2021-09-06 15:37:10,303: publisherUpdate[/joint_states] -> http://wng:41147/ ['http://wng:39233/']: sec=0.00, result=[1, '', 0]
[rosmaster.master][INFO] 2021-09-06 15:37:10,496: +SUB [/tf] /rviz_wng_28172_3359737207201535330 http://wng:42329/
[rosmaster.master][INFO] 2021-09-06 15:37:10,498: +SUB [/tf_static] /rviz_wng_28172_3359737207201535330 http://wng:42329/
[rosmaster.master][INFO] 2021-09-06 15:37:10,520: +PUB [/joint_states_desired] /joint_state_desired_publisher http://wng:43079/
[rosmaster.master][INFO] 2021-09-06 15:37:10,520: +CACHEDPARAM [/rosout_disable_topics_generation] by /joint_state_desired_publisher
[rosmaster.master][INFO] 2021-09-06 15:37:10,521: +PUB [/initialpose] /rviz_wng_28172_3359737207201535330 http://wng:42329/
[rosmaster.master][INFO] 2021-09-06 15:37:10,522: +PUB [/goal] /rviz_wng_28172_3359737207201535330 http://wng:42329/
[rosmaster.master][INFO] 2021-09-06 15:37:10,566: +SUB [/visualization_marker] /rviz_wng_28172_3359737207201535330 http://wng:42329/
[rosmaster.master][INFO] 2021-09-06 15:37:10,567: +SUB [/visualization_marker_array] /rviz_wng_28172_3359737207201535330 http://wng:42329/
[rosmaster.master][INFO] 2021-09-06 15:37:10,567: -SUB [/visualization_marker] /rviz_wng_28172_3359737207201535330 http://wng:42329/
[rosmaster.master][INFO] 2021-09-06 15:37:10,567: -SUB [/visualization_marker_array] /rviz_wng_28172_3359737207201535330 http://wng:42329/
[rosmaster.master][INFO] 2021-09-06 15:37:10,568: +SUB [/action] /rviz_wng_28172_3359737207201535330 http://wng:42329/
[rosmaster.master][INFO] 2021-09-06 15:37:10,569: +SUB [/action_array] /rviz_wng_28172_3359737207201535330 http://wng:42329/
[rosmaster.master][INFO] 2021-09-06 15:37:10,577: +PUB [/planning_scene] /rviz_wng_28172_3359737207201535330 http://wng:42329/
[rosmaster.master][INFO] 2021-09-06 15:37:10,578: +PUB [/planning_scene_world] /rviz_wng_28172_3359737207201535330 http://wng:42329/
[rosmaster.master][INFO] 2021-09-06 15:37:10,579: +SUB [/recognize_objects/status] /rviz_wng_28172_3359737207201535330 http://wng:42329/
[rosmaster.master][INFO] 2021-09-06 15:37:10,580: +SUB [/recognize_objects/feedback] /rviz_wng_28172_3359737207201535330 http://wng:42329/
[rosmaster.master][INFO] 2021-09-06 15:37:10,581: +SUB [/recognize_objects/result] /rviz_wng_28172_3359737207201535330 http://wng:42329/
[rosmaster.master][INFO] 2021-09-06 15:37:10,581: +PUB [/recognize_objects/goal] /rviz_wng_28172_3359737207201535330 http://wng:42329/
[rosmaster.master][INFO] 2021-09-06 15:37:10,581: +PUB [/recognize_objects/cancel] /rviz_wng_28172_3359737207201535330 http://wng:42329/
[rosmaster.master][INFO] 2021-09-06 15:37:10,582: +SUB [/recognized_object_array] /rviz_wng_28172_3359737207201535330 http://wng:42329/
[rosmaster.master][INFO] 2021-09-06 15:37:10,603: publisherUpdate[/joint_states_desired] -> http://wng:37961/ ['http://wng:43079/']
[rosmaster.master][INFO] 2021-09-06 15:37:10,604: publisherUpdate[/joint_states_desired] -> http://wng:37961/ ['http://wng:43079/']: sec=0.00, result=[1, '', 0]
[rosmaster.master][INFO] 2021-09-06 15:37:10,604: publisherUpdate[/planning_scene] -> http://wng:37961/ ['http://wng:42329/']
[rosmaster.master][INFO] 2021-09-06 15:37:10,604: publisherUpdate[/planning_scene] -> http://wng:37961/ ['http://wng:42329/']: sec=0.00, result=[1, '', 0]
[rosmaster.master][INFO] 2021-09-06 15:37:10,604: publisherUpdate[/planning_scene_world] -> http://wng:37961/ ['http://wng:42329/']
[rosmaster.master][INFO] 2021-09-06 15:37:10,605: publisherUpdate[/planning_scene_world] -> http://wng:37961/ ['http://wng:42329/']: sec=0.00, result=[1, '', 0]
[rosmaster.master][INFO] 2021-09-06 15:37:10,683: +PUB [/rosout] /server_endpoint http://wng:44099/
[rosmaster.master][INFO] 2021-09-06 15:37:10,689: +SERVICE [/server_endpoint/get_loggers] /server_endpoint http://wng:44099/
[rosmaster.master][INFO] 2021-09-06 15:37:10,691: +SERVICE [/server_endpoint/set_logger_level] /server_endpoint http://wng:44099/
[rosmaster.master][INFO] 2021-09-06 15:37:10,693: +SERVICE [/init_sync] /server_endpoint http://wng:44099/
[rosmaster.master][INFO] 2021-09-06 15:37:10,696: +SERVICE [/scene_sync] /server_endpoint http://wng:44099/
[rosmaster.master][INFO] 2021-09-06 15:37:10,698: +SERVICE [/panda_plan] /server_endpoint http://wng:44099/
[rosmaster.master][INFO] 2021-09-06 15:37:10,700: +SERVICE [/hand_sync] /server_endpoint http://wng:44099/
[rosmaster.master][INFO] 2021-09-06 15:37:10,702: +SERVICE [/motion_check] /server_endpoint http://wng:44099/
[rosmaster.master][INFO] 2021-09-06 15:37:10,704: publisherUpdate[/rosout] -> http://wng:41969/ ['http://wng:43079/', 'http://wng:41147/', 'http://wng:37961/', 'http://wng:42329/', 'http://wng:39233/', 'http://wng:44099/']
[rosmaster.master][INFO] 2021-09-06 15:37:10,710: publisherUpdate[/rosout] -> http://wng:41969/ ['http://wng:43079/', 'http://wng:41147/', 'http://wng:37961/', 'http://wng:42329/', 'http://wng:39233/', 'http://wng:44099/']: sec=0.01, result=[1, '', 0]
[rosmaster.master][INFO] 2021-09-06 15:37:10,707: +SUB [/execution_check] /server_endpoint http://wng:44099/
[rosmaster.master][INFO] 2021-09-06 15:37:10,714: +CACHEDPARAM [/rosout_disable_topics_generation] by /server_endpoint
[rosmaster.master][INFO] 2021-09-06 15:37:13,602: -SUB [/recognize_objects/status] /rviz_wng_28172_3359737207201535330 http://wng:42329/
[rosmaster.master][INFO] 2021-09-06 15:37:13,604: -PUB [/recognize_objects/cancel] /rviz_wng_28172_3359737207201535330 http://wng:42329/
[rosmaster.master][INFO] 2021-09-06 15:37:13,605: -PUB [/recognize_objects/goal] /rviz_wng_28172_3359737207201535330 http://wng:42329/
[rosmaster.master][INFO] 2021-09-06 15:37:13,606: -SUB [/recognize_objects/feedback] /rviz_wng_28172_3359737207201535330 http://wng:42329/
[rosmaster.master][INFO] 2021-09-06 15:37:13,607: -SUB [/recognize_objects/result] /rviz_wng_28172_3359737207201535330 http://wng:42329/
[rosmaster.master][INFO] 2021-09-06 15:37:13,676: +PUB [/feedback] /rviz_wng_28172_3359737207201535330 http://wng:42329/
[rosmaster.master][INFO] 2021-09-06 15:37:13,676: -PUB [/feedback] /rviz_wng_28172_3359737207201535330 http://wng:42329/
[rosmaster.master][INFO] 2021-09-06 15:37:13,677: +PUB [/feedback] /rviz_wng_28172_3359737207201535330 http://wng:42329/
[rosmaster.master][INFO] 2021-09-06 15:37:13,677: -PUB [/goal] /rviz_wng_28172_3359737207201535330 http://wng:42329/
[rosmaster.master][INFO] 2021-09-06 15:37:13,678: -PUB [/initialpose] /rviz_wng_28172_3359737207201535330 http://wng:42329/
[rosmaster.master][INFO] 2021-09-06 15:37:13,693: +SERVICE [/rviz_wng_28172_3359737207201535330/reload_shaders] /rviz_wng_28172_3359737207201535330 http://wng:42329/
[rosmaster.master][INFO] 2021-09-06 15:37:13,693: +SERVICE [/rviz_wng_28172_3359737207201535330/load_config] /rviz_wng_28172_3359737207201535330 http://wng:42329/
[rosmaster.master][INFO] 2021-09-06 15:37:13,694: +SERVICE [/rviz_wng_28172_3359737207201535330/save_config] /rviz_wng_28172_3359737207201535330 http://wng:42329/
[rosmaster.master][INFO] 2021-09-06 15:37:13,752: +SERVICE [/rviz_wng_28172_3359737207201535330/motionplanning_planning_scene_monitor/set_parameters] /rviz_wng_28172_3359737207201535330 http://wng:42329/
[rosmaster.master][INFO] 2021-09-06 15:37:13,753: +PUB [/rviz_wng_28172_3359737207201535330/motionplanning_planning_scene_monitor/parameter_descriptions] /rviz_wng_28172_3359737207201535330 http://wng:42329/
[rosmaster.master][INFO] 2021-09-06 15:37:13,753: +PUB [/rviz_wng_28172_3359737207201535330/motionplanning_planning_scene_monitor/parameter_updates] /rviz_wng_28172_3359737207201535330 http://wng:42329/
[rosmaster.master][INFO] 2021-09-06 15:37:13,754: +PARAM [/rviz_wng_28172_3359737207201535330/motionplanning_planning_scene_monitor/publish_planning_scene] by /rviz_wng_28172_3359737207201535330
[rosmaster.master][INFO] 2021-09-06 15:37:13,754: +PARAM [/rviz_wng_28172_3359737207201535330/motionplanning_planning_scene_monitor/publish_planning_scene_hz] by /rviz_wng_28172_3359737207201535330
[rosmaster.master][INFO] 2021-09-06 15:37:13,754: +PARAM [/rviz_wng_28172_3359737207201535330/motionplanning_planning_scene_monitor/publish_geometry_updates] by /rviz_wng_28172_3359737207201535330
[rosmaster.master][INFO] 2021-09-06 15:37:13,754: +PARAM [/rviz_wng_28172_3359737207201535330/motionplanning_planning_scene_monitor/publish_state_updates] by /rviz_wng_28172_3359737207201535330
[rosmaster.master][INFO] 2021-09-06 15:37:13,755: +PARAM [/rviz_wng_28172_3359737207201535330/motionplanning_planning_scene_monitor/publish_transforms_updates] by /rviz_wng_28172_3359737207201535330
[rosmaster.master][INFO] 2021-09-06 15:37:13,755: +PARAM [/rviz_wng_28172_3359737207201535330/motionplanning_planning_scene_monitor/publish_planning_scene] by /rviz_wng_28172_3359737207201535330
[rosmaster.master][INFO] 2021-09-06 15:37:13,755: +PARAM [/rviz_wng_28172_3359737207201535330/motionplanning_planning_scene_monitor/publish_planning_scene_hz] by /rviz_wng_28172_3359737207201535330
[rosmaster.master][INFO] 2021-09-06 15:37:13,755: +PARAM [/rviz_wng_28172_3359737207201535330/motionplanning_planning_scene_monitor/publish_geometry_updates] by /rviz_wng_28172_3359737207201535330
[rosmaster.master][INFO] 2021-09-06 15:37:13,755: +PARAM [/rviz_wng_28172_3359737207201535330/motionplanning_planning_scene_monitor/publish_state_updates] by /rviz_wng_28172_3359737207201535330
[rosmaster.master][INFO] 2021-09-06 15:37:13,756: +PARAM [/rviz_wng_28172_3359737207201535330/motionplanning_planning_scene_monitor/publish_transforms_updates] by /rviz_wng_28172_3359737207201535330
[rosmaster.master][INFO] 2021-09-06 15:37:13,807: +SUB [/move_group/monitored_planning_scene] /rviz_wng_28172_3359737207201535330 http://wng:42329/
[rosmaster.master][INFO] 2021-09-06 15:37:14,040: +SUB [/move_group/display_planned_path] /rviz_wng_28172_3359737207201535330 http://wng:42329/
[rosmaster.master][INFO] 2021-09-06 15:37:14,041: +PUB [/rviz_moveit_motion_planning_display/robot_interaction_interactive_marker_topic/update_full] /rviz_wng_28172_3359737207201535330 http://wng:42329/
[rosmaster.master][INFO] 2021-09-06 15:37:14,041: +PUB [/rviz_moveit_motion_planning_display/robot_interaction_interactive_marker_topic/update] /rviz_wng_28172_3359737207201535330 http://wng:42329/
[rosmaster.master][INFO] 2021-09-06 15:37:14,042: +SUB [/rviz_moveit_motion_planning_display/robot_interaction_interactive_marker_topic/feedback] /rviz_wng_28172_3359737207201535330 http://wng:42329/
[rosmaster.master][INFO] 2021-09-06 15:37:14,042: -PUB [/feedback] /rviz_wng_28172_3359737207201535330 http://wng:42329/
[rosmaster.master][INFO] 2021-09-06 15:37:14,043: +SUB [/rviz_moveit_motion_planning_display/robot_interaction_interactive_marker_topic/update] /rviz_wng_28172_3359737207201535330 http://wng:42329/
[rosmaster.master][INFO] 2021-09-06 15:37:14,044: +SUB [/rviz_moveit_motion_planning_display/robot_interaction_interactive_marker_topic/update_full] /rviz_wng_28172_3359737207201535330 http://wng:42329/
[rosmaster.master][INFO] 2021-09-06 15:37:14,045: +PUB [/rviz_moveit_motion_planning_display/robot_interaction_interactive_marker_topic/feedback] /rviz_wng_28172_3359737207201535330 http://wng:42329/
[rosmaster.master][INFO] 2021-09-06 15:37:14,051: +PUB [/trajectory_execution_event] /rviz_wng_28172_3359737207201535330 http://wng:42329/
[rosmaster.master][INFO] 2021-09-06 15:37:14,052: +PUB [/attached_collision_object] /rviz_wng_28172_3359737207201535330 http://wng:42329/
[rosmaster.master][INFO] 2021-09-06 15:37:14,053: +SUB [/move_group/status] /rviz_wng_28172_3359737207201535330 http://wng:42329/
[rosmaster.master][INFO] 2021-09-06 15:37:14,054: +SUB [/move_group/feedback] /rviz_wng_28172_3359737207201535330 http://wng:42329/
[rosmaster.master][INFO] 2021-09-06 15:37:14,055: +SUB [/move_group/result] /rviz_wng_28172_3359737207201535330 http://wng:42329/
[rosmaster.master][INFO] 2021-09-06 15:37:14,055: +PUB [/move_group/goal] /rviz_wng_28172_3359737207201535330 http://wng:42329/
[rosmaster.master][INFO] 2021-09-06 15:37:14,055: +PUB [/move_group/cancel] /rviz_wng_28172_3359737207201535330 http://wng:42329/
[rosmaster.master][INFO] 2021-09-06 15:37:14,110: publisherUpdate[/rviz_moveit_motion_planning_display/robot_interaction_interactive_marker_topic/feedback] -> http://wng:42329/ ['http://wng:42329/']
[rosmaster.master][INFO] 2021-09-06 15:37:14,111: publisherUpdate[/rviz_moveit_motion_planning_display/robot_interaction_interactive_marker_topic/feedback] -> http://wng:42329/ ['http://wng:42329/']: sec=0.00, result=[1, '', 0]
[rosmaster.master][INFO] 2021-09-06 15:37:14,111: publisherUpdate[/trajectory_execution_event] -> http://wng:37961/ ['http://wng:42329/']
[rosmaster.master][INFO] 2021-09-06 15:37:14,111: publisherUpdate[/trajectory_execution_event] -> http://wng:37961/ ['http://wng:42329/']: sec=0.00, result=[1, '', 0]
[rosmaster.master][INFO] 2021-09-06 15:37:14,112: publisherUpdate[/attached_collision_object] -> http://wng:37961/ ['http://wng:42329/']
[rosmaster.master][INFO] 2021-09-06 15:37:14,112: publisherUpdate[/attached_collision_object] -> http://wng:37961/ ['http://wng:42329/']: sec=0.00, result=[1, '', 0]
[rosmaster.master][INFO] 2021-09-06 15:37:14,112: publisherUpdate[/move_group/goal] -> http://wng:37961/ ['http://wng:42329/']
[rosmaster.master][INFO] 2021-09-06 15:37:14,112: publisherUpdate[/move_group/goal] -> http://wng:37961/ ['http://wng:42329/']: sec=0.00, result=[1, '', 0]
[rosmaster.master][INFO] 2021-09-06 15:37:14,112: publisherUpdate[/move_group/cancel] -> http://wng:37961/ ['http://wng:42329/']
[rosmaster.master][INFO] 2021-09-06 15:37:14,113: publisherUpdate[/move_group/cancel] -> http://wng:37961/ ['http://wng:42329/']: sec=0.00, result=[1, '', 0]
[rosmaster.master][INFO] 2021-09-06 15:37:14,317: +SUB [/pickup/status] /rviz_wng_28172_3359737207201535330 http://wng:42329/
[rosmaster.master][INFO] 2021-09-06 15:37:14,318: +SUB [/pickup/feedback] /rviz_wng_28172_3359737207201535330 http://wng:42329/
[rosmaster.master][INFO] 2021-09-06 15:37:14,319: +SUB [/pickup/result] /rviz_wng_28172_3359737207201535330 http://wng:42329/
[rosmaster.master][INFO] 2021-09-06 15:37:14,320: +PUB [/pickup/goal] /rviz_wng_28172_3359737207201535330 http://wng:42329/
[rosmaster.master][INFO] 2021-09-06 15:37:14,320: +PUB [/pickup/cancel] /rviz_wng_28172_3359737207201535330 http://wng:42329/
[rosmaster.master][INFO] 2021-09-06 15:37:14,413: publisherUpdate[/pickup/goal] -> http://wng:37961/ ['http://wng:42329/']
[rosmaster.master][INFO] 2021-09-06 15:37:14,414: publisherUpdate[/pickup/goal] -> http://wng:37961/ ['http://wng:42329/']: sec=0.00, result=[1, '', 0]
[rosmaster.master][INFO] 2021-09-06 15:37:14,414: publisherUpdate[/pickup/cancel] -> http://wng:37961/ ['http://wng:42329/']
[rosmaster.master][INFO] 2021-09-06 15:37:14,415: publisherUpdate[/pickup/cancel] -> http://wng:37961/ ['http://wng:42329/']: sec=0.00, result=[1, '', 0]
[rosmaster.master][INFO] 2021-09-06 15:37:14,553: -SUB [/rviz_moveit_motion_planning_display/robot_interaction_interactive_marker_topic/update_full] /rviz_wng_28172_3359737207201535330 http://wng:42329/
[rosmaster.master][INFO] 2021-09-06 15:37:14,619: +SUB [/place/status] /rviz_wng_28172_3359737207201535330 http://wng:42329/
[rosmaster.master][INFO] 2021-09-06 15:37:14,620: +SUB [/place/feedback] /rviz_wng_28172_3359737207201535330 http://wng:42329/
[rosmaster.master][INFO] 2021-09-06 15:37:14,621: +SUB [/place/result] /rviz_wng_28172_3359737207201535330 http://wng:42329/
[rosmaster.master][INFO] 2021-09-06 15:37:14,622: +PUB [/place/goal] /rviz_wng_28172_3359737207201535330 http://wng:42329/
[rosmaster.master][INFO] 2021-09-06 15:37:14,622: +PUB [/place/cancel] /rviz_wng_28172_3359737207201535330 http://wng:42329/
[rosmaster.master][INFO] 2021-09-06 15:37:14,715: publisherUpdate[/place/goal] -> http://wng:37961/ ['http://wng:42329/']
[rosmaster.master][INFO] 2021-09-06 15:37:14,716: publisherUpdate[/place/goal] -> http://wng:37961/ ['http://wng:42329/']: sec=0.00, result=[1, '', 0]
[rosmaster.master][INFO] 2021-09-06 15:37:14,716: publisherUpdate[/place/cancel] -> http://wng:37961/ ['http://wng:42329/']
[rosmaster.master][INFO] 2021-09-06 15:37:14,716: publisherUpdate[/place/cancel] -> http://wng:37961/ ['http://wng:42329/']: sec=0.00, result=[1, '', 0]
[rosmaster.master][INFO] 2021-09-06 15:37:14,820: +SUB [/execute_trajectory/status] /rviz_wng_28172_3359737207201535330 http://wng:42329/
[rosmaster.master][INFO] 2021-09-06 15:37:14,821: +SUB [/execute_trajectory/feedback] /rviz_wng_28172_3359737207201535330 http://wng:42329/
[rosmaster.master][INFO] 2021-09-06 15:37:14,822: +SUB [/execute_trajectory/result] /rviz_wng_28172_3359737207201535330 http://wng:42329/
[rosmaster.master][INFO] 2021-09-06 15:37:14,823: +PUB [/execute_trajectory/goal] /rviz_wng_28172_3359737207201535330 http://wng:42329/
[rosmaster.master][INFO] 2021-09-06 15:37:14,823: +PUB [/execute_trajectory/cancel] /rviz_wng_28172_3359737207201535330 http://wng:42329/
[rosmaster.master][INFO] 2021-09-06 15:37:14,917: publisherUpdate[/execute_trajectory/goal] -> http://wng:37961/ ['http://wng:42329/']
[rosmaster.master][INFO] 2021-09-06 15:37:14,917: publisherUpdate[/execute_trajectory/goal] -> http://wng:37961/ ['http://wng:42329/']: sec=0.00, result=[1, '', 0]
[rosmaster.master][INFO] 2021-09-06 15:37:14,917: publisherUpdate[/execute_trajectory/cancel] -> http://wng:37961/ ['http://wng:42329/']
[rosmaster.master][INFO] 2021-09-06 15:37:14,918: publisherUpdate[/execute_trajectory/cancel] -> http://wng:37961/ ['http://wng:42329/']: sec=0.00, result=[1, '', 0]
[rosmaster.master][INFO] 2021-09-06 15:39:34,460: -SUB [/move_group/fake_controller_joint_states] /joint_state_publisher http://wng:39233/
[rosmaster.master][INFO] 2021-09-06 15:39:34,461: -SUB [/execution_check] /server_endpoint http://wng:44099/
[rosmaster.master][INFO] 2021-09-06 15:39:34,461: -PUB [/joint_states] /joint_state_publisher http://wng:39233/
[rosmaster.master][INFO] 2021-09-06 15:39:34,461: -PUB [/rosout] /server_endpoint http://wng:44099/
[rosmaster.master][INFO] 2021-09-06 15:39:34,461: -PUB [/rosout] /joint_state_publisher http://wng:39233/
[rosmaster.master][INFO] 2021-09-06 15:39:34,461: -SERVICE [/hand_sync] /server_endpoint rosrpc://wng:38551
[rosmaster.master][INFO] 2021-09-06 15:39:34,461: -SERVICE [/joint_state_publisher/get_loggers] /joint_state_publisher rosrpc://wng:42021
[rosmaster.master][INFO] 2021-09-06 15:39:34,461: -SERVICE [/panda_plan] /server_endpoint rosrpc://wng:38551
[rosmaster.master][INFO] 2021-09-06 15:39:34,461: -SERVICE [/joint_state_publisher/set_logger_level] /joint_state_publisher rosrpc://wng:42021
[rosmaster.master][INFO] 2021-09-06 15:39:34,461: -SERVICE [/server_endpoint/get_loggers] /server_endpoint rosrpc://wng:38551
[rosmaster.master][INFO] 2021-09-06 15:39:34,461: -SERVICE [/scene_sync] /server_endpoint rosrpc://wng:38551
[rosmaster.master][INFO] 2021-09-06 15:39:34,461: -SERVICE [/server_endpoint/set_logger_level] /server_endpoint rosrpc://wng:38551
[rosmaster.master][INFO] 2021-09-06 15:39:34,462: -SERVICE [/motion_check] /server_endpoint rosrpc://wng:38551
[rosmaster.master][INFO] 2021-09-06 15:39:34,462: -SERVICE [/init_sync] /server_endpoint rosrpc://wng:38551
[rosmaster.master][INFO] 2021-09-06 15:39:34,525: publisherUpdate[/joint_states] -> http://wng:43079/ []
[rosmaster.master][INFO] 2021-09-06 15:39:34,525: publisherUpdate[/joint_states] -> http://wng:41147/ []
[rosmaster.master][INFO] 2021-09-06 15:39:34,526: publisherUpdate[/joint_states] -> http://wng:43079/ []: sec=0.00, result=[1, '', 0]
[rosmaster.master][INFO] 2021-09-06 15:39:34,526: publisherUpdate[/joint_states] -> http://wng:41147/ []: sec=0.00, result=[1, '', 0]
[rosmaster.master][INFO] 2021-09-06 15:39:34,526: publisherUpdate[/rosout] -> http://wng:41969/ ['http://wng:43079/', 'http://wng:41147/', 'http://wng:37961/', 'http://wng:42329/', 'http://wng:39233/']
[rosmaster.master][INFO] 2021-09-06 15:39:34,526: publisherUpdate[/rosout] -> http://wng:41969/ ['http://wng:43079/', 'http://wng:41147/', 'http://wng:37961/', 'http://wng:42329/', 'http://wng:39233/']: sec=0.00, result=[1, '', 0]
[rosmaster.master][INFO] 2021-09-06 15:39:34,526: publisherUpdate[/rosout] -> http://wng:41969/ ['http://wng:43079/', 'http://wng:41147/', 'http://wng:37961/', 'http://wng:42329/']
[rosmaster.master][INFO] 2021-09-06 15:39:34,526: publisherUpdate[/rosout] -> http://wng:41969/ ['http://wng:43079/', 'http://wng:41147/', 'http://wng:37961/', 'http://wng:42329/']: sec=0.00, result=[1, '', 0]
[rosmaster.master][INFO] 2021-09-06 15:39:34,537: -PUB [/rosout] /move_group http://wng:37961/
[rosmaster.master][INFO] 2021-09-06 15:39:34,537: -PUB [/move_group/planning_scene_monitor/parameter_descriptions] /move_group http://wng:37961/
[rosmaster.master][INFO] 2021-09-06 15:39:34,537: -PUB [/move_group/planning_scene_monitor/parameter_updates] /move_group http://wng:37961/
[rosmaster.master][INFO] 2021-09-06 15:39:34,538: -PUB [/move_group/monitored_planning_scene] /move_group http://wng:37961/
[rosmaster.master][INFO] 2021-09-06 15:39:34,538: -PUB [/move_group/filtered_cloud] /move_group http://wng:37961/
[rosmaster.master][INFO] 2021-09-06 15:39:34,538: -PUB [/move_group/ompl/parameter_descriptions] /move_group http://wng:37961/
[rosmaster.master][INFO] 2021-09-06 15:39:34,538: -PUB [/move_group/ompl/parameter_updates] /move_group http://wng:37961/
[rosmaster.master][INFO] 2021-09-06 15:39:34,538: -PUB [/move_group/display_planned_path] /move_group http://wng:37961/
[rosmaster.master][INFO] 2021-09-06 15:39:34,539: -PUB [/move_group/display_contacts] /move_group http://wng:37961/
[rosmaster.master][INFO] 2021-09-06 15:39:34,539: -PUB [/move_group/fake_controller_joint_states] /move_group http://wng:37961/
[rosmaster.master][INFO] 2021-09-06 15:39:34,539: -PUB [/move_group/trajectory_execution/parameter_descriptions] /move_group http://wng:37961/
[rosmaster.master][INFO] 2021-09-06 15:39:34,539: -PUB [/move_group/trajectory_execution/parameter_updates] /move_group http://wng:37961/
[rosmaster.master][INFO] 2021-09-06 15:39:34,539: -PUB [/move_group/plan_execution/parameter_descriptions] /move_group http://wng:37961/
[rosmaster.master][INFO] 2021-09-06 15:39:34,539: -PUB [/move_group/plan_execution/parameter_updates] /move_group http://wng:37961/
[rosmaster.master][INFO] 2021-09-06 15:39:34,540: -PUB [/move_group/sense_for_plan/parameter_descriptions] /move_group http://wng:37961/
[rosmaster.master][INFO] 2021-09-06 15:39:34,540: -PUB [/move_group/sense_for_plan/parameter_updates] /move_group http://wng:37961/
[rosmaster.master][INFO] 2021-09-06 15:39:34,540: -PUB [/move_group/display_cost_sources] /move_group http://wng:37961/
[rosmaster.master][INFO] 2021-09-06 15:39:34,540: -PUB [/move_group/motion_plan_request] /move_group http://wng:37961/
[rosmaster.master][INFO] 2021-09-06 15:39:34,541: -PUB [/execute_trajectory/result] /move_group http://wng:37961/
[rosmaster.master][INFO] 2021-09-06 15:39:34,541: -PUB [/execute_trajectory/feedback] /move_group http://wng:37961/
[rosmaster.master][INFO] 2021-09-06 15:39:34,541: -PUB [/execute_trajectory/status] /move_group http://wng:37961/
[rosmaster.master][INFO] 2021-09-06 15:39:34,542: -PUB [/move_group/result] /move_group http://wng:37961/
[rosmaster.master][INFO] 2021-09-06 15:39:34,542: -PUB [/move_group/feedback] /move_group http://wng:37961/
[rosmaster.master][INFO] 2021-09-06 15:39:34,542: -PUB [/move_group/status] /move_group http://wng:37961/
[rosmaster.master][INFO] 2021-09-06 15:39:34,543: -PUB [/move_group/display_grasp_markers] /move_group http://wng:37961/
[rosmaster.master][INFO] 2021-09-06 15:39:34,543: -PUB [/pickup/result] /move_group http://wng:37961/
[rosmaster.master][INFO] 2021-09-06 15:39:34,543: -PUB [/pickup/feedback] /move_group http://wng:37961/
[rosmaster.master][INFO] 2021-09-06 15:39:34,543: -PUB [/pickup/status] /move_group http://wng:37961/
[rosmaster.master][INFO] 2021-09-06 15:39:34,544: -PUB [/place/result] /move_group http://wng:37961/
[rosmaster.master][INFO] 2021-09-06 15:39:34,544: -PUB [/place/feedback] /move_group http://wng:37961/
[rosmaster.master][INFO] 2021-09-06 15:39:34,544: -PUB [/place/status] /move_group http://wng:37961/
[rosmaster.master][INFO] 2021-09-06 15:39:34,545: -SUB [/tf] /move_group http://wng:37961/
[rosmaster.master][INFO] 2021-09-06 15:39:34,545: -SUB [/tf_static] /move_group http://wng:37961/
[rosmaster.master][INFO] 2021-09-06 15:39:34,545: -SUB [/planning_scene] /move_group http://wng:37961/
[rosmaster.master][INFO] 2021-09-06 15:39:34,545: -SUB [/collision_object] /move_group http://wng:37961/
[rosmaster.master][INFO] 2021-09-06 15:39:34,545: -SUB [/planning_scene_world] /move_group http://wng:37961/
[rosmaster.master][INFO] 2021-09-06 15:39:34,546: -SUB [/camera/depth_registered/points] /move_group http://wng:37961/
[rosmaster.master][INFO] 2021-09-06 15:39:34,546: -SUB [/joint_states_desired] /move_group http://wng:37961/
[rosmaster.master][INFO] 2021-09-06 15:39:34,546: -SUB [/attached_collision_object] /move_group http://wng:37961/
[rosmaster.master][INFO] 2021-09-06 15:39:34,546: -SUB [/trajectory_execution_event] /move_group http://wng:37961/
[rosmaster.master][INFO] 2021-09-06 15:39:34,547: -SUB [/execute_trajectory/goal] /move_group http://wng:37961/
[rosmaster.master][INFO] 2021-09-06 15:39:34,547: -SUB [/execute_trajectory/cancel] /move_group http://wng:37961/
[rosmaster.master][INFO] 2021-09-06 15:39:34,547: -SUB [/move_group/goal] /move_group http://wng:37961/
[rosmaster.master][INFO] 2021-09-06 15:39:34,547: -SUB [/move_group/cancel] /move_group http://wng:37961/
[rosmaster.master][INFO] 2021-09-06 15:39:34,547: -SUB [/pickup/goal] /move_group http://wng:37961/
[rosmaster.master][INFO] 2021-09-06 15:39:34,547: -SUB [/pickup/cancel] /move_group http://wng:37961/
[rosmaster.master][INFO] 2021-09-06 15:39:34,548: -SUB [/place/goal] /move_group http://wng:37961/
[rosmaster.master][INFO] 2021-09-06 15:39:34,548: -SUB [/place/cancel] /move_group http://wng:37961/
[rosmaster.master][INFO] 2021-09-06 15:39:34,548: -SERVICE [/move_group/get_loggers] /move_group rosrpc://wng:49317
[rosmaster.master][INFO] 2021-09-06 15:39:34,548: -SERVICE [/move_group/set_logger_level] /move_group rosrpc://wng:49317
[rosmaster.master][INFO] 2021-09-06 15:39:34,548: -SERVICE [/move_group/planning_scene_monitor/set_parameters] /move_group rosrpc://wng:49317
[rosmaster.master][INFO] 2021-09-06 15:39:34,549: -SERVICE [/move_group/save_map] /move_group rosrpc://wng:49317
[rosmaster.master][INFO] 2021-09-06 15:39:34,549: -SERVICE [/move_group/load_map] /move_group rosrpc://wng:49317
[rosmaster.master][INFO] 2021-09-06 15:39:34,549: -SERVICE [/move_group/ompl/set_parameters] /move_group rosrpc://wng:49317
[rosmaster.master][INFO] 2021-09-06 15:39:34,549: -SERVICE [/move_group/trajectory_execution/set_parameters] /move_group rosrpc://wng:49317
[rosmaster.master][INFO] 2021-09-06 15:39:34,549: -SERVICE [/move_group/plan_execution/set_parameters] /move_group rosrpc://wng:49317
[rosmaster.master][INFO] 2021-09-06 15:39:34,550: -SERVICE [/move_group/sense_for_plan/set_parameters] /move_group rosrpc://wng:49317
[rosmaster.master][INFO] 2021-09-06 15:39:34,550: -SERVICE [/apply_planning_scene] /move_group rosrpc://wng:49317
[rosmaster.master][INFO] 2021-09-06 15:39:34,550: -SERVICE [/clear_octomap] /move_group rosrpc://wng:49317
[rosmaster.master][INFO] 2021-09-06 15:39:34,550: -SERVICE [/compute_cartesian_path] /move_group rosrpc://wng:49317
[rosmaster.master][INFO] 2021-09-06 15:39:34,550: -SERVICE [/get_planning_scene] /move_group rosrpc://wng:49317
[rosmaster.master][INFO] 2021-09-06 15:39:34,551: -SERVICE [/compute_fk] /move_group rosrpc://wng:49317
[rosmaster.master][INFO] 2021-09-06 15:39:34,551: -SERVICE [/compute_ik] /move_group rosrpc://wng:49317
[rosmaster.master][INFO] 2021-09-06 15:39:34,551: -SERVICE [/plan_kinematic_path] /move_group rosrpc://wng:49317
[rosmaster.master][INFO] 2021-09-06 15:39:34,551: -SERVICE [/query_planner_interface] /move_group rosrpc://wng:49317
[rosmaster.master][INFO] 2021-09-06 15:39:34,551: -SERVICE [/get_planner_params] /move_group rosrpc://wng:49317
[rosmaster.master][INFO] 2021-09-06 15:39:34,551: -SERVICE [/set_planner_params] /move_group rosrpc://wng:49317
[rosmaster.master][INFO] 2021-09-06 15:39:34,552: -SERVICE [/check_state_validity] /move_group rosrpc://wng:49317
[rosmaster.master][INFO] 2021-09-06 15:39:34,552: -CACHEDPARAM [/rosout_disable_topics_generation] by /move_group
[rosmaster.master][INFO] 2021-09-06 15:39:34,626: -PUB [/rosout] /joint_state_desired_publisher http://wng:43079/
[rosmaster.master][INFO] 2021-09-06 15:39:34,626: publisherUpdate[/rosout] -> http://wng:41969/ ['http://wng:43079/', 'http://wng:41147/', 'http://wng:42329/']
[rosmaster.master][INFO] 2021-09-06 15:39:34,626: -PUB [/rosout] /robot_state_publisher http://wng:41147/
[rosmaster.master][INFO] 2021-09-06 15:39:34,627: publisherUpdate[/move_group/monitored_planning_scene] -> http://wng:42329/ []
[rosmaster.master][INFO] 2021-09-06 15:39:34,627: publisherUpdate[/rosout] -> http://wng:41969/ ['http://wng:43079/', 'http://wng:41147/', 'http://wng:42329/']: sec=0.00, result=[1, '', 0]
[rosmaster.master][INFO] 2021-09-06 15:39:34,627: -PUB [/tf] /robot_state_publisher http://wng:41147/
[rosmaster.master][INFO] 2021-09-06 15:39:34,628: publisherUpdate[/rosout] -> http://wng:41969/ ['http://wng:41147/', 'http://wng:42329/']
[rosmaster.master][INFO] 2021-09-06 15:39:34,628: publisherUpdate[/move_group/monitored_planning_scene] -> http://wng:42329/ []: sec=0.00, result=[0, 'Unknown Error', 0]
[rosmaster.master][INFO] 2021-09-06 15:39:34,629: -PUB [/tf_static] /robot_state_publisher http://wng:41147/
[rosmaster.master][INFO] 2021-09-06 15:39:34,629: publisherUpdate[/rosout] -> http://wng:41969/ ['http://wng:41147/', 'http://wng:42329/']: sec=0.00, result=[1, '', 0]
[rosmaster.master][INFO] 2021-09-06 15:39:34,629: publisherUpdate[/move_group/display_planned_path] -> http://wng:42329/ []
[rosmaster.master][INFO] 2021-09-06 15:39:34,629: -PUB [/joint_states_desired] /joint_state_desired_publisher http://wng:43079/
[rosmaster.master][INFO] 2021-09-06 15:39:34,629: publisherUpdate[/rosout] -> http://wng:41969/ ['http://wng:42329/']
[rosmaster.master][INFO] 2021-09-06 15:39:34,630: -SUB [/joint_states] /robot_state_publisher http://wng:41147/
[rosmaster.master][INFO] 2021-09-06 15:39:34,630: publisherUpdate[/move_group/display_planned_path] -> http://wng:42329/ []: sec=0.00, result=[0, 'Unknown Error', 0]
[rosmaster.master][INFO] 2021-09-06 15:39:34,630: -SUB [/joint_states] /joint_state_desired_publisher http://wng:43079/
[rosmaster.master][INFO] 2021-09-06 15:39:34,630: publisherUpdate[/rosout] -> http://wng:41969/ ['http://wng:42329/']: sec=0.00, result=[1, '', 0]
[rosmaster.master][INFO] 2021-09-06 15:39:34,631: publisherUpdate[/execute_trajectory/result] -> http://wng:42329/ []
[rosmaster.master][INFO] 2021-09-06 15:39:34,631: -SERVICE [/robot_state_publisher/get_loggers] /robot_state_publisher rosrpc://wng:33121
[rosmaster.master][INFO] 2021-09-06 15:39:34,631: publisherUpdate[/execute_trajectory/result] -> http://wng:42329/ []: sec=0.00, result=[0, 'Unknown Error', 0]
[rosmaster.master][INFO] 2021-09-06 15:39:34,632: -SERVICE [/joint_state_desired_publisher/get_loggers] /joint_state_desired_publisher rosrpc://wng:55015
[rosmaster.master][INFO] 2021-09-06 15:39:34,632: publisherUpdate[/execute_trajectory/feedback] -> http://wng:42329/ []
[rosmaster.master][INFO] 2021-09-06 15:39:34,632: -SERVICE [/robot_state_publisher/set_logger_level] /robot_state_publisher rosrpc://wng:33121
[rosmaster.master][INFO] 2021-09-06 15:39:34,632: publisherUpdate[/execute_trajectory/feedback] -> http://wng:42329/ []: sec=0.00, result=[0, 'Unknown Error', 0]
[rosmaster.master][INFO] 2021-09-06 15:39:34,632: -SERVICE [/joint_state_desired_publisher/set_logger_level] /joint_state_desired_publisher rosrpc://wng:55015
[rosmaster.master][INFO] 2021-09-06 15:39:34,633: publisherUpdate[/execute_trajectory/status] -> http://wng:42329/ []
[rosmaster.master][INFO] 2021-09-06 15:39:34,633: -CACHEDPARAM [/rosout_disable_topics_generation] by /joint_state_desired_publisher
[rosmaster.master][INFO] 2021-09-06 15:39:34,633: publisherUpdate[/execute_trajectory/status] -> http://wng:42329/ []: sec=0.00, result=[0, 'Unknown Error', 0]
[rosmaster.master][INFO] 2021-09-06 15:39:34,633: publisherUpdate[/move_group/result] -> http://wng:42329/ []
[rosmaster.master][INFO] 2021-09-06 15:39:34,634: publisherUpdate[/move_group/result] -> http://wng:42329/ []: sec=0.00, result=[0, 'Unknown Error', 0]
[rosmaster.master][INFO] 2021-09-06 15:39:34,634: publisherUpdate[/move_group/feedback] -> http://wng:42329/ []
[rosmaster.master][INFO] 2021-09-06 15:39:34,634: publisherUpdate[/move_group/feedback] -> http://wng:42329/ []: sec=0.00, result=[0, 'Unknown Error', 0]
[rosmaster.master][INFO] 2021-09-06 15:39:34,634: publisherUpdate[/move_group/status] -> http://wng:42329/ []
[rosmaster.master][INFO] 2021-09-06 15:39:34,634: publisherUpdate[/move_group/status] -> http://wng:42329/ []: sec=0.00, result=[0, 'Unknown Error', 0]
[rosmaster.master][INFO] 2021-09-06 15:39:34,634: publisherUpdate[/pickup/result] -> http://wng:42329/ []
[rosmaster.master][INFO] 2021-09-06 15:39:34,634: publisherUpdate[/pickup/result] -> http://wng:42329/ []: sec=0.00, result=[0, 'Unknown Error', 0]
[rosmaster.master][INFO] 2021-09-06 15:39:34,635: publisherUpdate[/pickup/feedback] -> http://wng:42329/ []
[rosmaster.master][INFO] 2021-09-06 15:39:34,635: publisherUpdate[/pickup/feedback] -> http://wng:42329/ []: sec=0.00, result=[0, 'Unknown Error', 0]
[rosmaster.master][INFO] 2021-09-06 15:39:34,635: publisherUpdate[/pickup/status] -> http://wng:42329/ []
[rosmaster.master][INFO] 2021-09-06 15:39:34,635: publisherUpdate[/pickup/status] -> http://wng:42329/ []: sec=0.00, result=[0, 'Unknown Error', 0]
[rosmaster.master][INFO] 2021-09-06 15:39:34,635: publisherUpdate[/place/result] -> http://wng:42329/ []
[rosmaster.master][INFO] 2021-09-06 15:39:34,635: publisherUpdate[/place/result] -> http://wng:42329/ []: sec=0.00, result=[0, 'Unknown Error', 0]
[rosmaster.master][INFO] 2021-09-06 15:39:34,636: publisherUpdate[/place/feedback] -> http://wng:42329/ []
[rosmaster.master][INFO] 2021-09-06 15:39:34,636: publisherUpdate[/place/feedback] -> http://wng:42329/ []: sec=0.00, result=[0, 'Unknown Error', 0]
[rosmaster.master][INFO] 2021-09-06 15:39:34,636: publisherUpdate[/place/status] -> http://wng:42329/ []
[rosmaster.master][INFO] 2021-09-06 15:39:34,636: publisherUpdate[/place/status] -> http://wng:42329/ []: sec=0.00, result=[0, 'Unknown Error', 0]
[rosmaster.master][INFO] 2021-09-06 15:39:34,636: publisherUpdate[/tf] -> http://wng:42329/ []
[rosmaster.master][INFO] 2021-09-06 15:39:34,637: publisherUpdate[/tf] -> http://wng:42329/ []: sec=0.00, result=[0, 'Unknown Error', 0]
[rosmaster.master][INFO] 2021-09-06 15:39:34,637: publisherUpdate[/tf_static] -> http://wng:42329/ []
[rosmaster.master][INFO] 2021-09-06 15:39:34,637: publisherUpdate[/tf_static] -> http://wng:42329/ []: sec=0.00, result=[0, 'Unknown Error', 0]
[rosmaster.master][INFO] 2021-09-06 15:39:34,737: -PUB [/rosout] /rviz_wng_28172_3359737207201535330 http://wng:42329/
[rosmaster.master][INFO] 2021-09-06 15:39:34,738: -PUB [/planning_scene] /rviz_wng_28172_3359737207201535330 http://wng:42329/
[rosmaster.master][INFO] 2021-09-06 15:39:34,738: -PUB [/planning_scene_world] /rviz_wng_28172_3359737207201535330 http://wng:42329/
[rosmaster.master][INFO] 2021-09-06 15:39:34,738: -PUB [/rviz_wng_28172_3359737207201535330/motionplanning_planning_scene_monitor/parameter_descriptions] /rviz_wng_28172_3359737207201535330 http://wng:42329/
[rosmaster.master][INFO] 2021-09-06 15:39:34,739: -PUB [/rviz_wng_28172_3359737207201535330/motionplanning_planning_scene_monitor/parameter_updates] /rviz_wng_28172_3359737207201535330 http://wng:42329/
[rosmaster.master][INFO] 2021-09-06 15:39:34,739: -PUB [/rviz_moveit_motion_planning_display/robot_interaction_interactive_marker_topic/update_full] /rviz_wng_28172_3359737207201535330 http://wng:42329/
[rosmaster.master][INFO] 2021-09-06 15:39:34,739: -PUB [/rviz_moveit_motion_planning_display/robot_interaction_interactive_marker_topic/update] /rviz_wng_28172_3359737207201535330 http://wng:42329/
[rosmaster.master][INFO] 2021-09-06 15:39:34,739: -PUB [/rviz_moveit_motion_planning_display/robot_interaction_interactive_marker_topic/feedback] /rviz_wng_28172_3359737207201535330 http://wng:42329/
[rosmaster.master][INFO] 2021-09-06 15:39:34,740: -PUB [/trajectory_execution_event] /rviz_wng_28172_3359737207201535330 http://wng:42329/
[rosmaster.master][INFO] 2021-09-06 15:39:34,740: -PUB [/attached_collision_object] /rviz_wng_28172_3359737207201535330 http://wng:42329/
[rosmaster.master][INFO] 2021-09-06 15:39:34,740: -PUB [/move_group/goal] /rviz_wng_28172_3359737207201535330 http://wng:42329/
[rosmaster.master][INFO] 2021-09-06 15:39:34,740: -PUB [/move_group/cancel] /rviz_wng_28172_3359737207201535330 http://wng:42329/
[rosmaster.master][INFO] 2021-09-06 15:39:34,741: -PUB [/pickup/goal] /rviz_wng_28172_3359737207201535330 http://wng:42329/
[rosmaster.master][INFO] 2021-09-06 15:39:34,741: -PUB [/pickup/cancel] /rviz_wng_28172_3359737207201535330 http://wng:42329/
[rosmaster.master][INFO] 2021-09-06 15:39:34,741: -PUB [/place/goal] /rviz_wng_28172_3359737207201535330 http://wng:42329/
[rosmaster.master][INFO] 2021-09-06 15:39:34,741: -PUB [/place/cancel] /rviz_wng_28172_3359737207201535330 http://wng:42329/
[rosmaster.master][INFO] 2021-09-06 15:39:34,741: -PUB [/execute_trajectory/goal] /rviz_wng_28172_3359737207201535330 http://wng:42329/
[rosmaster.master][INFO] 2021-09-06 15:39:34,742: -PUB [/execute_trajectory/cancel] /rviz_wng_28172_3359737207201535330 http://wng:42329/
[rosmaster.master][INFO] 2021-09-06 15:39:34,742: -SUB [/tf] /rviz_wng_28172_3359737207201535330 http://wng:42329/
[rosmaster.master][INFO] 2021-09-06 15:39:34,742: -SUB [/tf_static] /rviz_wng_28172_3359737207201535330 http://wng:42329/
[rosmaster.master][INFO] 2021-09-06 15:39:34,742: -SUB [/action] /rviz_wng_28172_3359737207201535330 http://wng:42329/
[rosmaster.master][INFO] 2021-09-06 15:39:34,742: -SUB [/action_array] /rviz_wng_28172_3359737207201535330 http://wng:42329/
[rosmaster.master][INFO] 2021-09-06 15:39:34,743: -SUB [/recognized_object_array] /rviz_wng_28172_3359737207201535330 http://wng:42329/
[rosmaster.master][INFO] 2021-09-06 15:39:34,743: -SUB [/move_group/monitored_planning_scene] /rviz_wng_28172_3359737207201535330 http://wng:42329/
[rosmaster.master][INFO] 2021-09-06 15:39:34,743: -SUB [/move_group/display_planned_path] /rviz_wng_28172_3359737207201535330 http://wng:42329/
[rosmaster.master][INFO] 2021-09-06 15:39:34,743: -SUB [/rviz_moveit_motion_planning_display/robot_interaction_interactive_marker_topic/feedback] /rviz_wng_28172_3359737207201535330 http://wng:42329/
[rosmaster.master][INFO] 2021-09-06 15:39:34,743: -SUB [/rviz_moveit_motion_planning_display/robot_interaction_interactive_marker_topic/update] /rviz_wng_28172_3359737207201535330 http://wng:42329/
[rosmaster.master][INFO] 2021-09-06 15:39:34,744: -SUB [/move_group/status] /rviz_wng_28172_3359737207201535330 http://wng:42329/
[rosmaster.master][INFO] 2021-09-06 15:39:34,744: -SUB [/move_group/feedback] /rviz_wng_28172_3359737207201535330 http://wng:42329/
[rosmaster.master][INFO] 2021-09-06 15:39:34,744: -SUB [/move_group/result] /rviz_wng_28172_3359737207201535330 http://wng:42329/
[rosmaster.master][INFO] 2021-09-06 15:39:34,744: -SUB [/pickup/status] /rviz_wng_28172_3359737207201535330 http://wng:42329/
[rosmaster.master][INFO] 2021-09-06 15:39:34,745: -SUB [/pickup/feedback] /rviz_wng_28172_3359737207201535330 http://wng:42329/
[rosmaster.master][INFO] 2021-09-06 15:39:34,745: -SUB [/pickup/result] /rviz_wng_28172_3359737207201535330 http://wng:42329/
[rosmaster.master][INFO] 2021-09-06 15:39:34,745: -SUB [/place/status] /rviz_wng_28172_3359737207201535330 http://wng:42329/
[rosmaster.master][INFO] 2021-09-06 15:39:34,745: -SUB [/place/feedback] /rviz_wng_28172_3359737207201535330 http://wng:42329/
[rosmaster.master][INFO] 2021-09-06 15:39:34,745: -SUB [/place/result] /rviz_wng_28172_3359737207201535330 http://wng:42329/
[rosmaster.master][INFO] 2021-09-06 15:39:34,746: -SUB [/execute_trajectory/status] /rviz_wng_28172_3359737207201535330 http://wng:42329/
[rosmaster.master][INFO] 2021-09-06 15:39:34,746: -SUB [/execute_trajectory/feedback] /rviz_wng_28172_3359737207201535330 http://wng:42329/
[rosmaster.master][INFO] 2021-09-06 15:39:34,746: -SUB [/execute_trajectory/result] /rviz_wng_28172_3359737207201535330 http://wng:42329/
[rosmaster.master][INFO] 2021-09-06 15:39:34,746: -SERVICE [/rviz_wng_28172_3359737207201535330/get_loggers] /rviz_wng_28172_3359737207201535330 rosrpc://wng:53131
[rosmaster.master][INFO] 2021-09-06 15:39:34,746: -SERVICE [/rviz_wng_28172_3359737207201535330/set_logger_level] /rviz_wng_28172_3359737207201535330 rosrpc://wng:53131
[rosmaster.master][INFO] 2021-09-06 15:39:34,747: -SERVICE [/rviz_wng_28172_3359737207201535330/reload_shaders] /rviz_wng_28172_3359737207201535330 rosrpc://wng:53131
[rosmaster.master][INFO] 2021-09-06 15:39:34,747: -SERVICE [/rviz_wng_28172_3359737207201535330/load_config] /rviz_wng_28172_3359737207201535330 rosrpc://wng:53131
[rosmaster.master][INFO] 2021-09-06 15:39:34,747: -SERVICE [/rviz_wng_28172_3359737207201535330/save_config] /rviz_wng_28172_3359737207201535330 rosrpc://wng:53131
[rosmaster.master][INFO] 2021-09-06 15:39:34,747: -SERVICE [/rviz_wng_28172_3359737207201535330/motionplanning_planning_scene_monitor/set_parameters] /rviz_wng_28172_3359737207201535330 rosrpc://wng:53131
[rosmaster.master][INFO] 2021-09-06 15:39:34,747: -CACHEDPARAM [/rosout_disable_topics_generation] by /rviz_wng_28172_3359737207201535330
[rosmaster.master][INFO] 2021-09-06 15:39:34,830: publisherUpdate[/rosout] -> http://wng:41969/ []
[rosmaster.master][INFO] 2021-09-06 15:39:34,831: publisherUpdate[/rosout] -> http://wng:41969/ []: sec=0.00, result=[1, '', 0]
[rosmaster.master][INFO] 2021-09-06 15:39:34,831: publisherUpdate[/rviz_moveit_motion_planning_display/robot_interaction_interactive_marker_topic/update] -> http://wng:42329/ []
[rosmaster.master][INFO] 2021-09-06 15:39:34,832: publisherUpdate[/rviz_moveit_motion_planning_display/robot_interaction_interactive_marker_topic/update] -> http://wng:42329/ []: sec=0.00, exception=<Fault -1: 'publisherUpdate: unknown method name'>
[rosmaster.threadpool][ERROR] 2021-09-06 15:39:34,832: Traceback (most recent call last):
  File "/opt/ros/melodic/lib/python2.7/dist-packages/rosmaster/threadpool.py", line 218, in run
    result = cmd(*args)
  File "/opt/ros/melodic/lib/python2.7/dist-packages/rosmaster/master_api.py", line 210, in publisher_update_task
    ret = xmlrpcapi(api).publisherUpdate('/master', topic, pub_uris)
  File "/usr/lib/python2.7/xmlrpclib.py", line 1243, in __call__
    return self.__send(self.__name, args)
  File "/usr/lib/python2.7/xmlrpclib.py", line 1602, in __request
    verbose=self.__verbose
  File "/usr/lib/python2.7/xmlrpclib.py", line 1283, in request
    return self.single_request(host, handler, request_body, verbose)
  File "/usr/lib/python2.7/xmlrpclib.py", line 1316, in single_request
    return self.parse_response(response)
  File "/usr/lib/python2.7/xmlrpclib.py", line 1493, in parse_response
    return u.close()
  File "/usr/lib/python2.7/xmlrpclib.py", line 800, in close
    raise Fault(**self._stack[0])
Fault: <Fault -1: 'publisherUpdate: unknown method name'>

[rosmaster.master][INFO] 2021-09-06 15:39:34,832: publisherUpdate[/rviz_moveit_motion_planning_display/robot_interaction_interactive_marker_topic/feedback] -> http://wng:42329/ []
[rosmaster.master][INFO] 2021-09-06 15:39:34,833: publisherUpdate[/rviz_moveit_motion_planning_display/robot_interaction_interactive_marker_topic/feedback] -> http://wng:42329/ []: sec=0.00, exception=<Fault -1: 'publisherUpdate: unknown method name'>
[rosmaster.threadpool][ERROR] 2021-09-06 15:39:34,833: Traceback (most recent call last):
  File "/opt/ros/melodic/lib/python2.7/dist-packages/rosmaster/threadpool.py", line 218, in run
    result = cmd(*args)
  File "/opt/ros/melodic/lib/python2.7/dist-packages/rosmaster/master_api.py", line 210, in publisher_update_task
    ret = xmlrpcapi(api).publisherUpdate('/master', topic, pub_uris)
  File "/usr/lib/python2.7/xmlrpclib.py", line 1243, in __call__
    return self.__send(self.__name, args)
  File "/usr/lib/python2.7/xmlrpclib.py", line 1602, in __request
    verbose=self.__verbose
  File "/usr/lib/python2.7/xmlrpclib.py", line 1283, in request
    return self.single_request(host, handler, request_body, verbose)
  File "/usr/lib/python2.7/xmlrpclib.py", line 1316, in single_request
    return self.parse_response(response)
  File "/usr/lib/python2.7/xmlrpclib.py", line 1493, in parse_response
    return u.close()
  File "/usr/lib/python2.7/xmlrpclib.py", line 800, in close
    raise Fault(**self._stack[0])
Fault: <Fault -1: 'publisherUpdate: unknown method name'>

[rosmaster.master][INFO] 2021-09-06 15:39:35,332: -PUB [/rosout_agg] /rosout http://wng:41969/
[rosmaster.master][INFO] 2021-09-06 15:39:35,332: -SUB [/rosout] /rosout http://wng:41969/
[rosmaster.master][INFO] 2021-09-06 15:39:35,332: -SERVICE [/rosout/get_loggers] /rosout rosrpc://wng:45593
[rosmaster.master][INFO] 2021-09-06 15:39:35,333: -SERVICE [/rosout/set_logger_level] /rosout rosrpc://wng:45593
[rosmaster.master][INFO] 2021-09-06 15:39:35,333: -CACHEDPARAM [/rosout/omit_topics] by /rosout
[rosmaster.main][INFO] 2021-09-06 15:39:35,361: keyboard interrupt, will exit
[rosmaster.main][INFO] 2021-09-06 15:39:35,362: stopping master...
[rospy.core][INFO] 2021-09-06 15:39:35,362: signal_shutdown [atexit]
