[rospy.client][INFO] 2021-09-18 15:13:25,318: init_node, name[/joint_state_publisher], pid[31870]
[xmlrpc][INFO] 2021-09-18 15:13:25,319: XML-RPC server binding to 0.0.0.0:0
[xmlrpc][INFO] 2021-09-18 15:13:25,319: Started XML-RPC server [http://wng:46071/]
[rospy.init][INFO] 2021-09-18 15:13:25,319: ROS Slave URI: [http://wng:46071/]
[rospy.impl.masterslave][INFO] 2021-09-18 15:13:25,319: _ready: http://wng:46071/
[rospy.registration][INFO] 2021-09-18 15:13:25,319: Registering with master node http://localhost:11311
[xmlrpc][INFO] 2021-09-18 15:13:25,319: xml rpc node: starting XML-RPC server
[rospy.init][INFO] 2021-09-18 15:13:25,419: registered with master
[rospy.rosout][INFO] 2021-09-18 15:13:25,419: initializing /rosout core topic
[rospy.rosout][INFO] 2021-09-18 15:13:25,422: connected to core topic /rosout
[rospy.simtime][INFO] 2021-09-18 15:13:25,422: /use_sim_time is not set, will not subscribe to simulated time [/clock] topic
[rospy.internal][INFO] 2021-09-18 15:13:25,484: topic[/move_group/fake_controller_joint_states] adding connection to [http://wng:35509/], count 0
[rospy.internal][INFO] 2021-09-18 15:13:25,685: topic[/rosout] adding connection to [/rosout], count 0
[rospy.internal][INFO] 2021-09-18 15:13:25,685: topic[/joint_states] adding connection to [/joint_state_desired_publisher], count 0
[rospy.internal][INFO] 2021-09-18 15:13:25,686: topic[/joint_states] adding connection to [/robot_state_publisher], count 1
[rospy.core][INFO] 2021-09-18 15:14:40,213: signal_shutdown [signal-2]
[rospy.internal][INFO] 2021-09-18 15:14:40,216: topic[/joint_states] removing connection to /joint_state_desired_publisher
[rospy.internal][INFO] 2021-09-18 15:14:40,216: topic[/joint_states] removing connection to /robot_state_publisher
[rospy.internal][INFO] 2021-09-18 15:14:40,217: topic[/rosout] removing connection to /rosout
[rospy.internal][INFO] 2021-09-18 15:14:40,217: topic[/move_group/fake_controller_joint_states] removing connection to http://wng:35509/
[rospy.impl.masterslave][INFO] 2021-09-18 15:14:40,217: signal-2
[rospy.internal][WARNING] 2021-09-18 15:14:40,313: Unknown error initiating TCP/IP socket to wng:50639 (http://wng:35509/): Traceback (most recent call last):
  File "/opt/ros/melodic/lib/python2.7/dist-packages/rospy/impl/tcpros_base.py", line 562, in connect
    self.read_header()
  File "/opt/ros/melodic/lib/python2.7/dist-packages/rospy/impl/tcpros_base.py", line 657, in read_header
    self._validate_header(read_ros_handshake_header(sock, self.read_buff, self.protocol.buff_size))
  File "/opt/ros/melodic/lib/python2.7/dist-packages/rosgraph/network.py", line 357, in read_ros_handshake_header
    d = sock.recv(buff_size)
error: [Errno 104] Connection reset by peer

[rospy.core][INFO] 2021-09-18 15:14:40,333: signal_shutdown [atexit]
