[rospy.client][INFO] 2021-09-23 10:57:53,736: init_node, name[/joint_state_publisher], pid[29485]
[xmlrpc][INFO] 2021-09-23 10:57:53,736: XML-RPC server binding to 0.0.0.0:0
[xmlrpc][INFO] 2021-09-23 10:57:53,737: Started XML-RPC server [http://wng:46627/]
[rospy.init][INFO] 2021-09-23 10:57:53,737: ROS Slave URI: [http://wng:46627/]
[rospy.impl.masterslave][INFO] 2021-09-23 10:57:53,737: _ready: http://wng:46627/
[xmlrpc][INFO] 2021-09-23 10:57:53,737: xml rpc node: starting XML-RPC server
[rospy.registration][INFO] 2021-09-23 10:57:53,737: Registering with master node http://localhost:11311
[rospy.init][INFO] 2021-09-23 10:57:53,837: registered with master
[rospy.rosout][INFO] 2021-09-23 10:57:53,837: initializing /rosout core topic
[rospy.rosout][INFO] 2021-09-23 10:57:53,839: connected to core topic /rosout
[rospy.simtime][INFO] 2021-09-23 10:57:53,840: /use_sim_time is not set, will not subscribe to simulated time [/clock] topic
[rospy.internal][INFO] 2021-09-23 10:57:53,902: topic[/move_group/fake_controller_joint_states] adding connection to [http://wng:37803/], count 0
[rospy.internal][INFO] 2021-09-23 10:57:54,050: topic[/joint_states] adding connection to [/joint_state_desired_publisher], count 0
[rospy.internal][INFO] 2021-09-23 10:57:54,051: topic[/rosout] adding connection to [/rosout], count 0
[rospy.internal][INFO] 2021-09-23 10:57:54,151: topic[/joint_states] adding connection to [/robot_state_publisher], count 1
[rospy.core][INFO] 2021-09-23 10:58:20,862: signal_shutdown [signal-2]
[rospy.internal][INFO] 2021-09-23 10:58:20,864: topic[/joint_states] removing connection to /joint_state_desired_publisher
[rospy.internal][INFO] 2021-09-23 10:58:20,864: topic[/joint_states] removing connection to /robot_state_publisher
[rospy.internal][INFO] 2021-09-23 10:58:20,864: topic[/rosout] removing connection to /rosout
[rospy.internal][INFO] 2021-09-23 10:58:20,864: topic[/move_group/fake_controller_joint_states] removing connection to http://wng:37803/
[rospy.impl.masterslave][INFO] 2021-09-23 10:58:20,864: signal-2
[rospy.core][INFO] 2021-09-23 10:58:20,980: signal_shutdown [atexit]
