[rosmaster.main][INFO] 2021-09-23 10:57:53,347: initialization complete, waiting for shutdown
[rosmaster.main][INFO] 2021-09-23 10:57:53,347: Starting ROS Master Node
[xmlrpc][INFO] 2021-09-23 10:57:53,347: XML-RPC server binding to 0.0.0.0:11311
[xmlrpc][INFO] 2021-09-23 10:57:53,347: Started XML-RPC server [http://wng:11311/]
[xmlrpc][INFO] 2021-09-23 10:57:53,347: xml rpc node: starting XML-RPC server
[rosmaster.master][INFO] 2021-09-23 10:57:53,348: Master initialized: port[11311], uri[http://wng:11311/]
[rosmaster.master][INFO] 2021-09-23 10:57:53,409: +PARAM [/run_id] by /roslaunch
[rosmaster.master][INFO] 2021-09-23 10:57:53,409: +PARAM [/roslaunch/uris/host_wng__39365] by /roslaunch
[rosmaster.master][INFO] 2021-09-23 10:57:53,456: +SERVICE [/rosout/get_loggers] /rosout http://wng:35141/
[rosmaster.master][INFO] 2021-09-23 10:57:53,457: +SERVICE [/rosout/set_logger_level] /rosout http://wng:35141/
[rosmaster.master][INFO] 2021-09-23 10:57:53,457: +PUB [/rosout_agg] /rosout http://wng:35141/
[rosmaster.master][INFO] 2021-09-23 10:57:53,458: +SUB [/rosout] /rosout http://wng:35141/
[rosmaster.master][INFO] 2021-09-23 10:57:53,530: +PARAM [/move_group/planner_configs/RRTkConfigDefault/goal_bias] by /roslaunch
[rosmaster.master][INFO] 2021-09-23 10:57:53,530: +PARAM [/move_group/panda_arm/planner_configs] by /roslaunch
[rosmaster.master][INFO] 2021-09-23 10:57:53,530: +PARAM [/robot_description_semantic] by /roslaunch
[rosmaster.master][INFO] 2021-09-23 10:57:53,530: +PARAM [/move_group/planner_configs/SPARStwokConfigDefault/stretch_factor] by /roslaunch
[rosmaster.master][INFO] 2021-09-23 10:57:53,530: +PARAM [/robot_description_planning/joint_limits/panda_joint3/has_acceleration_limits] by /roslaunch
[rosmaster.master][INFO] 2021-09-23 10:57:53,530: +PARAM [/move_group/planner_configs/STRIDEkConfigDefault/max_degree] by /roslaunch
[rosmaster.master][INFO] 2021-09-23 10:57:53,531: +PARAM [/move_group/planner_configs/RRTstarkConfigDefault/range] by /roslaunch
[rosmaster.master][INFO] 2021-09-23 10:57:53,531: +PARAM [/move_group/planner_configs/SPARSkConfigDefault/sparse_delta_fraction] by /roslaunch
[rosmaster.master][INFO] 2021-09-23 10:57:53,531: +PARAM [/move_group/planner_configs/FMTkConfigDefault/radius_multiplier] by /roslaunch
[rosmaster.master][INFO] 2021-09-23 10:57:53,531: +PARAM [/move_group/controller_list] by /roslaunch
[rosmaster.master][INFO] 2021-09-23 10:57:53,531: +PARAM [/move_group/planner_configs/BFMTkConfigDefault/cache_cc] by /roslaunch
[rosmaster.master][INFO] 2021-09-23 10:57:53,531: +PARAM [/move_group/planner_configs/STRIDEkConfigDefault/goal_bias] by /roslaunch
[rosmaster.master][INFO] 2021-09-23 10:57:53,531: +PARAM [/move_group/max_safe_path_cost] by /roslaunch
[rosmaster.master][INFO] 2021-09-23 10:57:53,531: +PARAM [/move_group/planner_configs/BiTRRTkConfigDefault/temp_change_factor] by /roslaunch
[rosmaster.master][INFO] 2021-09-23 10:57:53,531: +PARAM [/move_group/planner_configs/SPARStwokConfigDefault/sparse_delta_fraction] by /roslaunch
[rosmaster.master][INFO] 2021-09-23 10:57:53,532: +PARAM [/move_group/hand/planner_configs] by /roslaunch
[rosmaster.master][INFO] 2021-09-23 10:57:53,532: +PARAM [/move_group/planner_configs/RRTstarkConfigDefault/goal_bias] by /roslaunch
[rosmaster.master][INFO] 2021-09-23 10:57:53,532: +PARAM [/move_group/planner_configs/STRIDEkConfigDefault/range] by /roslaunch
[rosmaster.master][INFO] 2021-09-23 10:57:53,532: +PARAM [/move_group/planning_scene_monitor/publish_planning_scene] by /roslaunch
[rosmaster.master][INFO] 2021-09-23 10:57:53,532: +PARAM [/move_group/octomap_frame] by /roslaunch
[rosmaster.master][INFO] 2021-09-23 10:57:53,532: +PARAM [/move_group/planner_configs/PRMkConfigDefault/type] by /roslaunch
[rosmaster.master][INFO] 2021-09-23 10:57:53,532: +PARAM [/move_group/planner_configs/BiESTkConfigDefault/range] by /roslaunch
[rosmaster.master][INFO] 2021-09-23 10:57:53,532: +PARAM [/move_group/planner_configs/ESTkConfigDefault/range] by /roslaunch
[rosmaster.master][INFO] 2021-09-23 10:57:53,533: +PARAM [/move_group/planner_configs/KPIECEkConfigDefault/min_valid_path_fraction] by /roslaunch
[rosmaster.master][INFO] 2021-09-23 10:57:53,533: +PARAM [/robot_description_planning/joint_limits/panda_finger_joint2/max_acceleration] by /roslaunch
[rosmaster.master][INFO] 2021-09-23 10:57:53,533: +PARAM [/move_group/planner_configs/BKPIECEkConfigDefault/border_fraction] by /roslaunch
[rosmaster.master][INFO] 2021-09-23 10:57:53,533: +PARAM [/move_group/planner_configs/SPARStwokConfigDefault/max_failures] by /roslaunch
[rosmaster.master][INFO] 2021-09-23 10:57:53,533: +PARAM [/move_group/planner_configs/BiTRRTkConfigDefault/frountier_node_ratio] by /roslaunch
[rosmaster.master][INFO] 2021-09-23 10:57:53,533: +PARAM [/move_group/planner_configs/PRMkConfigDefault/max_nearest_neighbors] by /roslaunch
[rosmaster.master][INFO] 2021-09-23 10:57:53,533: +PARAM [/move_group/planner_configs/BiTRRTkConfigDefault/cost_threshold] by /roslaunch
[rosmaster.master][INFO] 2021-09-23 10:57:53,533: +PARAM [/robot_description_kinematics/panda_arm/kinematics_solver] by /roslaunch
[rosmaster.master][INFO] 2021-09-23 10:57:53,534: +PARAM [/move_group/planner_configs/TRRTkConfigDefault/goal_bias] by /roslaunch
[rosmaster.master][INFO] 2021-09-23 10:57:53,534: +PARAM [/move_group/planner_configs/LBTRRTkConfigDefault/type] by /roslaunch
[rosmaster.master][INFO] 2021-09-23 10:57:53,534: +PARAM [/move_group/planner_configs/FMTkConfigDefault/cache_cc] by /roslaunch
[rosmaster.master][INFO] 2021-09-23 10:57:53,534: +PARAM [/robot_description_planning/joint_limits/panda_joint2/max_velocity] by /roslaunch
[rosmaster.master][INFO] 2021-09-23 10:57:53,534: +PARAM [/robot_description_planning/joint_limits/panda_joint5/max_acceleration] by /roslaunch
[rosmaster.master][INFO] 2021-09-23 10:57:53,534: +PARAM [/move_group/planner_configs/FMTkConfigDefault/type] by /roslaunch
[rosmaster.master][INFO] 2021-09-23 10:57:53,534: +PARAM [/move_group/planner_configs/ProjESTkConfigDefault/type] by /roslaunch
[rosmaster.master][INFO] 2021-09-23 10:57:53,534: +PARAM [/move_group/planner_configs/LBTRRTkConfigDefault/epsilon] by /roslaunch
[rosmaster.master][INFO] 2021-09-23 10:57:53,534: +PARAM [/move_group/planner_configs/LazyPRMkConfigDefault/type] by /roslaunch
[rosmaster.master][INFO] 2021-09-23 10:57:53,535: +PARAM [/move_group/planner_configs/STRIDEkConfigDefault/min_degree] by /roslaunch
[rosmaster.master][INFO] 2021-09-23 10:57:53,535: +PARAM [/move_group/planner_configs/TRRTkConfigDefault/max_states_failed] by /roslaunch
[rosmaster.master][INFO] 2021-09-23 10:57:53,535: +PARAM [/move_group/planner_configs/BKPIECEkConfigDefault/min_valid_path_fraction] by /roslaunch
[rosmaster.master][INFO] 2021-09-23 10:57:53,535: +PARAM [/move_group/planner_configs/SBLkConfigDefault/range] by /roslaunch
[rosmaster.master][INFO] 2021-09-23 10:57:53,535: +PARAM [/robot_description_planning/joint_limits/panda_finger_joint2/has_acceleration_limits] by /roslaunch
[rosmaster.master][INFO] 2021-09-23 10:57:53,535: +PARAM [/robot_description_planning/joint_limits/panda_joint6/max_velocity] by /roslaunch
[rosmaster.master][INFO] 2021-09-23 10:57:53,535: +PARAM [/move_group/planner_configs/TRRTkConfigDefault/frountierNodeRatio] by /roslaunch
[rosmaster.master][INFO] 2021-09-23 10:57:53,535: +PARAM [/move_group/planner_configs/BFMTkConfigDefault/type] by /roslaunch
[rosmaster.master][INFO] 2021-09-23 10:57:53,536: +PARAM [/rviz_wng_29449_9039999232388512557/panda_arm/kinematics_solver_timeout] by /roslaunch
[rosmaster.master][INFO] 2021-09-23 10:57:53,536: +PARAM [/robot_description_planning/joint_limits/panda_joint3/max_acceleration] by /roslaunch
[rosmaster.master][INFO] 2021-09-23 10:57:53,536: +PARAM [/move_group/planning_plugin] by /roslaunch
[rosmaster.master][INFO] 2021-09-23 10:57:53,536: +PARAM [/robot_description_planning/joint_limits/panda_joint7/max_velocity] by /roslaunch
[rosmaster.master][INFO] 2021-09-23 10:57:53,536: +PARAM [/move_group/planning_scene_monitor/publish_geometry_updates] by /roslaunch
[rosmaster.master][INFO] 2021-09-23 10:57:53,536: +PARAM [/move_group/planner_configs/LazyPRMkConfigDefault/range] by /roslaunch
[rosmaster.master][INFO] 2021-09-23 10:57:53,536: +PARAM [/move_group/planner_configs/TRRTkConfigDefault/type] by /roslaunch
[rosmaster.master][INFO] 2021-09-23 10:57:53,536: +PARAM [/robot_description_planning/joint_limits/panda_joint5/max_velocity] by /roslaunch
[rosmaster.master][INFO] 2021-09-23 10:57:53,536: +PARAM [/move_group/planner_configs/BiTRRTkConfigDefault/init_temperature] by /roslaunch
[rosmaster.master][INFO] 2021-09-23 10:57:53,536: +PARAM [/move_group/planner_configs/SPARSkConfigDefault/max_failures] by /roslaunch
[rosmaster.master][INFO] 2021-09-23 10:57:53,536: +PARAM [/move_group/planner_configs/BiTRRTkConfigDefault/range] by /roslaunch
[rosmaster.master][INFO] 2021-09-23 10:57:53,537: +PARAM [/move_group/planner_configs/PDSTkConfigDefault/type] by /roslaunch
[rosmaster.master][INFO] 2021-09-23 10:57:53,537: +PARAM [/move_group/trajectory_execution/allowed_goal_duration_margin] by /roslaunch
[rosmaster.master][INFO] 2021-09-23 10:57:53,537: +PARAM [/rosdistro] by /roslaunch
[rosmaster.master][INFO] 2021-09-23 10:57:53,537: +PARAM [/robot_description_planning/joint_limits/panda_joint1/has_velocity_limits] by /roslaunch
[rosmaster.master][INFO] 2021-09-23 10:57:53,537: +PARAM [/move_group/planner_configs/STRIDEkConfigDefault/max_pts_per_leaf] by /roslaunch
[rosmaster.master][INFO] 2021-09-23 10:57:53,537: +PARAM [/move_group/planner_configs/BFMTkConfigDefault/nearest_k] by /roslaunch
[rosmaster.master][INFO] 2021-09-23 10:57:53,537: +PARAM [/move_group/planner_configs/LazyPRMstarkConfigDefault/type] by /roslaunch
[rosmaster.master][INFO] 2021-09-23 10:57:53,537: +PARAM [/robot_description_kinematics/panda_arm/kinematics_solver_timeout] by /roslaunch
[rosmaster.master][INFO] 2021-09-23 10:57:53,537: +PARAM [/move_group/planner_configs/PRMstarkConfigDefault/type] by /roslaunch
[rosmaster.master][INFO] 2021-09-23 10:57:53,537: +PARAM [/move_group/planner_configs/RRTkConfigDefault/range] by /roslaunch
[rosmaster.master][INFO] 2021-09-23 10:57:53,538: +PARAM [/move_group/allow_trajectory_execution] by /roslaunch
[rosmaster.master][INFO] 2021-09-23 10:57:53,538: +PARAM [/move_group/planner_configs/SPARSkConfigDefault/stretch_factor] by /roslaunch
[rosmaster.master][INFO] 2021-09-23 10:57:53,538: +PARAM [/move_group/planner_configs/ESTkConfigDefault/type] by /roslaunch
[rosmaster.master][INFO] 2021-09-23 10:57:53,538: +PARAM [/robot_description_planning/joint_limits/panda_joint4/max_acceleration] by /roslaunch
[rosmaster.master][INFO] 2021-09-23 10:57:53,538: +PARAM [/move_group/start_state_max_bounds_error] by /roslaunch
[rosmaster.master][INFO] 2021-09-23 10:57:53,538: +PARAM [/robot_description_planning/joint_limits/panda_finger_joint2/has_velocity_limits] by /roslaunch
[rosmaster.master][INFO] 2021-09-23 10:57:53,538: +PARAM [/move_group/max_range] by /roslaunch
[rosmaster.master][INFO] 2021-09-23 10:57:53,538: +PARAM [/robot_description_kinematics/panda_arm/kinematics_solver_search_resolution] by /roslaunch
[rosmaster.master][INFO] 2021-09-23 10:57:53,538: +PARAM [/robot_description_planning/joint_limits/panda_joint2/max_acceleration] by /roslaunch
[rosmaster.master][INFO] 2021-09-23 10:57:53,538: +PARAM [/move_group/planner_configs/RRTstarkConfigDefault/type] by /roslaunch
[rosmaster.master][INFO] 2021-09-23 10:57:53,538: +PARAM [/move_group/planner_configs/STRIDEkConfigDefault/min_valid_path_fraction] by /roslaunch
[rosmaster.master][INFO] 2021-09-23 10:57:53,539: +PARAM [/robot_description_planning/joint_limits/panda_joint7/has_acceleration_limits] by /roslaunch
[rosmaster.master][INFO] 2021-09-23 10:57:53,539: +PARAM [/move_group/planner_configs/BiTRRTkConfigDefault/frountier_threshold] by /roslaunch
[rosmaster.master][INFO] 2021-09-23 10:57:53,539: +PARAM [/robot_description_planning/joint_limits/panda_joint5/has_acceleration_limits] by /roslaunch
[rosmaster.master][INFO] 2021-09-23 10:57:53,539: +PARAM [/joint_state_publisher/use_gui] by /roslaunch
[rosmaster.master][INFO] 2021-09-23 10:57:53,539: +PARAM [/move_group/planner_configs/BKPIECEkConfigDefault/type] by /roslaunch
[rosmaster.master][INFO] 2021-09-23 10:57:53,539: +PARAM [/robot_description_planning/joint_limits/panda_joint7/max_acceleration] by /roslaunch
[rosmaster.master][INFO] 2021-09-23 10:57:53,539: +PARAM [/robot_description_planning/joint_limits/panda_joint6/max_acceleration] by /roslaunch
[rosmaster.master][INFO] 2021-09-23 10:57:53,539: +PARAM [/move_group/trajectory_execution/allowed_execution_duration_scaling] by /roslaunch
[rosmaster.master][INFO] 2021-09-23 10:57:53,539: +PARAM [/move_group/planner_configs/KPIECEkConfigDefault/border_fraction] by /roslaunch
[rosmaster.master][INFO] 2021-09-23 10:57:53,539: +PARAM [/move_group/trajectory_execution/allowed_start_tolerance] by /roslaunch
[rosmaster.master][INFO] 2021-09-23 10:57:53,540: +PARAM [/robot_description_planning/joint_limits/panda_joint3/max_velocity] by /roslaunch
[rosmaster.master][INFO] 2021-09-23 10:57:53,540: +PARAM [/move_group/moveit_manage_controllers] by /roslaunch
[rosmaster.master][INFO] 2021-09-23 10:57:53,540: +PARAM [/move_group/panda_arm_hand/planner_configs] by /roslaunch
[rosmaster.master][INFO] 2021-09-23 10:57:53,540: +PARAM [/move_group/planner_configs/FMTkConfigDefault/heuristics] by /roslaunch
[rosmaster.master][INFO] 2021-09-23 10:57:53,540: +PARAM [/move_group/planner_configs/BFMTkConfigDefault/optimality] by /roslaunch
[rosmaster.master][INFO] 2021-09-23 10:57:53,540: +PARAM [/robot_description_planning/joint_limits/panda_joint2/has_acceleration_limits] by /roslaunch
[rosmaster.master][INFO] 2021-09-23 10:57:53,540: +PARAM [/move_group/planner_configs/FMTkConfigDefault/nearest_k] by /roslaunch
[rosmaster.master][INFO] 2021-09-23 10:57:53,540: +PARAM [/move_group/planner_configs/ProjESTkConfigDefault/goal_bias] by /roslaunch
[rosmaster.master][INFO] 2021-09-23 10:57:53,540: +PARAM [/move_group/planner_configs/ESTkConfigDefault/goal_bias] by /roslaunch
[rosmaster.master][INFO] 2021-09-23 10:57:53,540: +PARAM [/move_group/planner_configs/BFMTkConfigDefault/radius_multiplier] by /roslaunch
[rosmaster.master][INFO] 2021-09-23 10:57:53,540: +PARAM [/move_group/planner_configs/LBKPIECEkConfigDefault/border_fraction] by /roslaunch
[rosmaster.master][INFO] 2021-09-23 10:57:53,541: +PARAM [/move_group/jiggle_fraction] by /roslaunch
[rosmaster.master][INFO] 2021-09-23 10:57:53,541: +PARAM [/move_group/planner_configs/SPARStwokConfigDefault/dense_delta_fraction] by /roslaunch
[rosmaster.master][INFO] 2021-09-23 10:57:53,541: +PARAM [/move_group/planner_configs/BFMTkConfigDefault/num_samples] by /roslaunch
[rosmaster.master][INFO] 2021-09-23 10:57:53,541: +PARAM [/move_group/planner_configs/TRRTkConfigDefault/range] by /roslaunch
[rosmaster.master][INFO] 2021-09-23 10:57:53,541: +PARAM [/move_group/planning_scene_monitor/publish_state_updates] by /roslaunch
[rosmaster.master][INFO] 2021-09-23 10:57:53,541: +PARAM [/move_group/planner_configs/TRRTkConfigDefault/temp_change_factor] by /roslaunch
[rosmaster.master][INFO] 2021-09-23 10:57:53,541: +PARAM [/robot_description_planning/joint_limits/panda_joint1/max_velocity] by /roslaunch
[rosmaster.master][INFO] 2021-09-23 10:57:53,541: +PARAM [/move_group/planner_configs/BKPIECEkConfigDefault/range] by /roslaunch
[rosmaster.master][INFO] 2021-09-23 10:57:53,541: +PARAM [/move_group/planner_configs/SBLkConfigDefault/type] by /roslaunch
[rosmaster.master][INFO] 2021-09-23 10:57:53,541: +PARAM [/robot_description_planning/joint_limits/panda_finger_joint1/has_velocity_limits] by /roslaunch
[rosmaster.master][INFO] 2021-09-23 10:57:53,541: +PARAM [/move_group/planner_configs/LBTRRTkConfigDefault/range] by /roslaunch
[rosmaster.master][INFO] 2021-09-23 10:57:53,541: +PARAM [/robot_description] by /roslaunch
[rosmaster.master][INFO] 2021-09-23 10:57:53,541: +PARAM [/move_group/planner_configs/FMTkConfigDefault/extended_fmt] by /roslaunch
[rosmaster.master][INFO] 2021-09-23 10:57:53,542: +PARAM [/move_group/planner_configs/LBKPIECEkConfigDefault/range] by /roslaunch
[rosmaster.master][INFO] 2021-09-23 10:57:53,542: +PARAM [/robot_description_planning/joint_limits/panda_joint5/has_velocity_limits] by /roslaunch
[rosmaster.master][INFO] 2021-09-23 10:57:53,542: +PARAM [/robot_description_planning/joint_limits/panda_finger_joint1/max_velocity] by /roslaunch
[rosmaster.master][INFO] 2021-09-23 10:57:53,542: +PARAM [/move_group/moveit_controller_manager] by /roslaunch
[rosmaster.master][INFO] 2021-09-23 10:57:53,542: +PARAM [/robot_description_planning/joint_limits/panda_joint1/max_acceleration] by /roslaunch
[rosmaster.master][INFO] 2021-09-23 10:57:53,542: +PARAM [/move_group/planner_configs/TRRTkConfigDefault/frountier_threshold] by /roslaunch
[rosmaster.master][INFO] 2021-09-23 10:57:53,542: +PARAM [/move_group/planner_configs/BFMTkConfigDefault/heuristics] by /roslaunch
[rosmaster.master][INFO] 2021-09-23 10:57:53,542: +PARAM [/robot_description_planning/joint_limits/panda_finger_joint1/has_acceleration_limits] by /roslaunch
[rosmaster.master][INFO] 2021-09-23 10:57:53,542: +PARAM [/move_group/planner_configs/KPIECEkConfigDefault/range] by /roslaunch
[rosmaster.master][INFO] 2021-09-23 10:57:53,542: +PARAM [/robot_description_planning/joint_limits/panda_joint7/has_velocity_limits] by /roslaunch
[rosmaster.master][INFO] 2021-09-23 10:57:53,542: +PARAM [/move_group/planner_configs/KPIECEkConfigDefault/goal_bias] by /roslaunch
[rosmaster.master][INFO] 2021-09-23 10:57:53,542: +PARAM [/move_group/planner_configs/RRTConnectkConfigDefault/range] by /roslaunch
[rosmaster.master][INFO] 2021-09-23 10:57:53,543: +PARAM [/robot_description_planning/joint_limits/panda_joint4/has_velocity_limits] by /roslaunch
[rosmaster.master][INFO] 2021-09-23 10:57:53,543: +PARAM [/move_group/request_adapters] by /roslaunch
[rosmaster.master][INFO] 2021-09-23 10:57:53,543: +PARAM [/move_group/planner_configs/TRRTkConfigDefault/min_temperature] by /roslaunch
[rosmaster.master][INFO] 2021-09-23 10:57:53,543: +PARAM [/robot_description_planning/joint_limits/panda_joint6/has_acceleration_limits] by /roslaunch
[rosmaster.master][INFO] 2021-09-23 10:57:53,543: +PARAM [/move_group/planner_configs/BFMTkConfigDefault/balanced] by /roslaunch
[rosmaster.master][INFO] 2021-09-23 10:57:53,543: +PARAM [/move_group/planner_configs/ProjESTkConfigDefault/range] by /roslaunch
[rosmaster.master][INFO] 2021-09-23 10:57:53,543: +PARAM [/move_group/octomap_resolution] by /roslaunch
[rosmaster.master][INFO] 2021-09-23 10:57:53,543: +PARAM [/move_group/planner_configs/STRIDEkConfigDefault/degree] by /roslaunch
[rosmaster.master][INFO] 2021-09-23 10:57:53,543: +PARAM [/move_group/planner_configs/KPIECEkConfigDefault/failed_expansion_score_factor] by /roslaunch
[rosmaster.master][INFO] 2021-09-23 10:57:53,543: +PARAM [/move_group/initial] by /roslaunch
[rosmaster.master][INFO] 2021-09-23 10:57:53,543: +PARAM [/move_group/planning_scene_monitor/publish_transforms_updates] by /roslaunch
[rosmaster.master][INFO] 2021-09-23 10:57:53,543: +PARAM [/move_group/planner_configs/SPARSkConfigDefault/type] by /roslaunch
[rosmaster.master][INFO] 2021-09-23 10:57:53,543: +PARAM [/move_group/planner_configs/TRRTkConfigDefault/init_temperature] by /roslaunch
[rosmaster.master][INFO] 2021-09-23 10:57:53,544: +PARAM [/move_group/sensors] by /roslaunch
[rosmaster.master][INFO] 2021-09-23 10:57:53,544: +PARAM [/robot_description_planning/joint_limits/panda_joint1/has_acceleration_limits] by /roslaunch
[rosmaster.master][INFO] 2021-09-23 10:57:53,544: +PARAM [/move_group/planner_configs/STRIDEkConfigDefault/type] by /roslaunch
[rosmaster.master][INFO] 2021-09-23 10:57:53,544: +PARAM [/move_group/planner_configs/TrajOptDefault/type] by /roslaunch
[rosmaster.master][INFO] 2021-09-23 10:57:53,544: +PARAM [/move_group/planner_configs/RRTstarkConfigDefault/delay_collision_checking] by /roslaunch
[rosmaster.master][INFO] 2021-09-23 10:57:53,544: +PARAM [/move_group/planner_configs/KPIECEkConfigDefault/type] by /roslaunch
[rosmaster.master][INFO] 2021-09-23 10:57:53,544: +PARAM [/robot_description_planning/joint_limits/panda_joint3/has_velocity_limits] by /roslaunch
[rosmaster.master][INFO] 2021-09-23 10:57:53,544: +PARAM [/robot_description_planning/joint_limits/panda_joint6/has_velocity_limits] by /roslaunch
[rosmaster.master][INFO] 2021-09-23 10:57:53,544: +PARAM [/move_group/planner_configs/BiTRRTkConfigDefault/type] by /roslaunch
[rosmaster.master][INFO] 2021-09-23 10:57:53,544: +PARAM [/robot_description_planning/joint_limits/panda_finger_joint2/max_velocity] by /roslaunch
[rosmaster.master][INFO] 2021-09-23 10:57:53,544: +PARAM [/move_group/planner_configs/RRTConnectkConfigDefault/type] by /roslaunch
[rosmaster.master][INFO] 2021-09-23 10:57:53,544: +PARAM [/move_group/planner_configs/SPARSkConfigDefault/dense_delta_fraction] by /roslaunch
[rosmaster.master][INFO] 2021-09-23 10:57:53,545: +PARAM [/rviz_wng_29449_9039999232388512557/panda_arm/kinematics_solver_search_resolution] by /roslaunch
[rosmaster.master][INFO] 2021-09-23 10:57:53,545: +PARAM [/move_group/planner_configs/LBTRRTkConfigDefault/goal_bias] by /roslaunch
[rosmaster.master][INFO] 2021-09-23 10:57:53,545: +PARAM [/robot_description_planning/joint_limits/panda_finger_joint1/max_acceleration] by /roslaunch
[rosmaster.master][INFO] 2021-09-23 10:57:53,545: +PARAM [/move_group/planner_configs/BKPIECEkConfigDefault/failed_expansion_score_factor] by /roslaunch
[rosmaster.master][INFO] 2021-09-23 10:57:53,545: +PARAM [/move_group/planner_configs/LBKPIECEkConfigDefault/min_valid_path_fraction] by /roslaunch
[rosmaster.master][INFO] 2021-09-23 10:57:53,545: +PARAM [/rosversion] by /roslaunch
[rosmaster.master][INFO] 2021-09-23 10:57:53,545: +PARAM [/move_group/planner_configs/BiESTkConfigDefault/type] by /roslaunch
[rosmaster.master][INFO] 2021-09-23 10:57:53,545: +PARAM [/robot_description_planning/joint_limits/panda_joint2/has_velocity_limits] by /roslaunch
[rosmaster.master][INFO] 2021-09-23 10:57:53,545: +PARAM [/move_group/planner_configs/STRIDEkConfigDefault/estimated_dimension] by /roslaunch
[rosmaster.master][INFO] 2021-09-23 10:57:53,545: +PARAM [/move_group/planner_configs/STRIDEkConfigDefault/use_projected_distance] by /roslaunch
[rosmaster.master][INFO] 2021-09-23 10:57:53,545: +PARAM [/move_group/planner_configs/TRRTkConfigDefault/k_constant] by /roslaunch
[rosmaster.master][INFO] 2021-09-23 10:57:53,545: +PARAM [/move_group/planner_configs/FMTkConfigDefault/num_samples] by /roslaunch
[rosmaster.master][INFO] 2021-09-23 10:57:53,545: +PARAM [/move_group/planner_configs/LBKPIECEkConfigDefault/type] by /roslaunch
[rosmaster.master][INFO] 2021-09-23 10:57:53,546: +PARAM [/move_group/planner_configs/BFMTkConfigDefault/extended_fmt] by /roslaunch
[rosmaster.master][INFO] 2021-09-23 10:57:53,546: +PARAM [/robot_description_planning/joint_limits/panda_joint4/max_velocity] by /roslaunch
[rosmaster.master][INFO] 2021-09-23 10:57:53,546: +PARAM [/rviz_wng_29449_9039999232388512557/panda_arm/kinematics_solver] by /roslaunch
[rosmaster.master][INFO] 2021-09-23 10:57:53,546: +PARAM [/robot_description_planning/joint_limits/panda_joint4/has_acceleration_limits] by /roslaunch
[rosmaster.master][INFO] 2021-09-23 10:57:53,546: +PARAM [/move_group/planner_configs/SPARStwokConfigDefault/type] by /roslaunch
[rosmaster.master][INFO] 2021-09-23 10:57:53,546: +PARAM [/move_group/planner_configs/RRTkConfigDefault/type] by /roslaunch
[rosmaster.master][INFO] 2021-09-23 10:57:53,546: +PARAM [/source_list] by /roslaunch
[rosmaster.master][INFO] 2021-09-23 10:57:53,567: +PUB [/rosout] /joint_state_desired_publisher http://wng:45287/
[rosmaster.master][INFO] 2021-09-23 10:57:53,568: +SERVICE [/joint_state_desired_publisher/get_loggers] /joint_state_desired_publisher http://wng:45287/
[rosmaster.master][INFO] 2021-09-23 10:57:53,568: +SERVICE [/joint_state_desired_publisher/set_logger_level] /joint_state_desired_publisher http://wng:45287/
[rosmaster.master][INFO] 2021-09-23 10:57:53,570: +SUB [/joint_states] /joint_state_desired_publisher http://wng:45287/
[rosmaster.master][INFO] 2021-09-23 10:57:53,575: +PUB [/rosout] /robot_state_publisher http://wng:35733/
[rosmaster.master][INFO] 2021-09-23 10:57:53,575: +SERVICE [/robot_state_publisher/get_loggers] /robot_state_publisher http://wng:35733/
[rosmaster.master][INFO] 2021-09-23 10:57:53,576: +SERVICE [/robot_state_publisher/set_logger_level] /robot_state_publisher http://wng:35733/
[rosmaster.master][INFO] 2021-09-23 10:57:53,578: +PUB [/tf] /robot_state_publisher http://wng:35733/
[rosmaster.master][INFO] 2021-09-23 10:57:53,578: +PUB [/tf_static] /robot_state_publisher http://wng:35733/
[rosmaster.master][INFO] 2021-09-23 10:57:53,580: +SUB [/joint_states] /robot_state_publisher http://wng:35733/
[rosmaster.master][INFO] 2021-09-23 10:57:53,599: +PUB [/rosout] /move_group http://wng:37803/
[rosmaster.master][INFO] 2021-09-23 10:57:53,599: +SERVICE [/move_group/get_loggers] /move_group http://wng:37803/
[rosmaster.master][INFO] 2021-09-23 10:57:53,600: +SERVICE [/move_group/set_logger_level] /move_group http://wng:37803/
[rosmaster.master][INFO] 2021-09-23 10:57:53,601: +SUB [/tf] /move_group http://wng:37803/
[rosmaster.master][INFO] 2021-09-23 10:57:53,602: +SUB [/tf_static] /move_group http://wng:37803/
[rosmaster.master][INFO] 2021-09-23 10:57:53,604: +CACHEDPARAM [/rosout_disable_topics_generation] by /move_group
[rosmaster.master][INFO] 2021-09-23 10:57:53,647: publisherUpdate[/rosout] -> http://wng:35141/ ['http://wng:45287/']
[rosmaster.master][INFO] 2021-09-23 10:57:53,649: publisherUpdate[/rosout] -> http://wng:35141/ ['http://wng:45287/']: sec=0.00, result=[1, '', 0]
[rosmaster.master][INFO] 2021-09-23 10:57:53,649: publisherUpdate[/rosout] -> http://wng:35141/ ['http://wng:45287/', 'http://wng:35733/']
[rosmaster.master][INFO] 2021-09-23 10:57:53,649: publisherUpdate[/rosout] -> http://wng:35141/ ['http://wng:45287/', 'http://wng:35733/']: sec=0.00, result=[1, '', 0]
[rosmaster.master][INFO] 2021-09-23 10:57:53,650: publisherUpdate[/rosout] -> http://wng:35141/ ['http://wng:45287/', 'http://wng:35733/', 'http://wng:37803/']
[rosmaster.master][INFO] 2021-09-23 10:57:53,650: publisherUpdate[/rosout] -> http://wng:35141/ ['http://wng:45287/', 'http://wng:35733/', 'http://wng:37803/']: sec=0.00, result=[1, '', 0]
[rosmaster.master][INFO] 2021-09-23 10:57:53,655: +SERVICE [/move_group/planning_scene_monitor/set_parameters] /move_group http://wng:37803/
[rosmaster.master][INFO] 2021-09-23 10:57:53,655: +PUB [/move_group/planning_scene_monitor/parameter_descriptions] /move_group http://wng:37803/
[rosmaster.master][INFO] 2021-09-23 10:57:53,656: +PUB [/move_group/planning_scene_monitor/parameter_updates] /move_group http://wng:37803/
[rosmaster.master][INFO] 2021-09-23 10:57:53,657: +PARAM [/move_group/planning_scene_monitor/publish_planning_scene] by /move_group
[rosmaster.master][INFO] 2021-09-23 10:57:53,657: +PARAM [/move_group/planning_scene_monitor/publish_planning_scene_hz] by /move_group
[rosmaster.master][INFO] 2021-09-23 10:57:53,657: +PARAM [/move_group/planning_scene_monitor/publish_geometry_updates] by /move_group
[rosmaster.master][INFO] 2021-09-23 10:57:53,657: +PARAM [/move_group/planning_scene_monitor/publish_state_updates] by /move_group
[rosmaster.master][INFO] 2021-09-23 10:57:53,657: +PARAM [/move_group/planning_scene_monitor/publish_transforms_updates] by /move_group
[rosmaster.master][INFO] 2021-09-23 10:57:53,658: +PUB [/move_group/monitored_planning_scene] /move_group http://wng:37803/
[rosmaster.master][INFO] 2021-09-23 10:57:53,658: +PARAM [/move_group/planning_scene_monitor/publish_planning_scene] by /move_group
[rosmaster.master][INFO] 2021-09-23 10:57:53,658: +PARAM [/move_group/planning_scene_monitor/publish_planning_scene_hz] by /move_group
[rosmaster.master][INFO] 2021-09-23 10:57:53,658: +PARAM [/move_group/planning_scene_monitor/publish_geometry_updates] by /move_group
[rosmaster.master][INFO] 2021-09-23 10:57:53,659: +PARAM [/move_group/planning_scene_monitor/publish_state_updates] by /move_group
[rosmaster.master][INFO] 2021-09-23 10:57:53,659: +PARAM [/move_group/planning_scene_monitor/publish_transforms_updates] by /move_group
[rosmaster.master][INFO] 2021-09-23 10:57:53,660: +SUB [/planning_scene] /move_group http://wng:37803/
[rosmaster.master][INFO] 2021-09-23 10:57:53,661: +SUB [/collision_object] /move_group http://wng:37803/
[rosmaster.master][INFO] 2021-09-23 10:57:53,662: +SUB [/planning_scene_world] /move_group http://wng:37803/
[rosmaster.master][INFO] 2021-09-23 10:57:53,665: +PUB [/move_group/filtered_cloud] /move_group http://wng:37803/
[rosmaster.master][INFO] 2021-09-23 10:57:53,665: +SERVICE [/move_group/save_map] /move_group http://wng:37803/
[rosmaster.master][INFO] 2021-09-23 10:57:53,665: +SERVICE [/move_group/load_map] /move_group http://wng:37803/
[rosmaster.master][INFO] 2021-09-23 10:57:53,668: +SUB [/camera/depth_registered/points] /move_group http://wng:37803/
[rosmaster.master][INFO] 2021-09-23 10:57:53,669: +SUB [/joint_states_desired] /move_group http://wng:37803/
[rosmaster.master][INFO] 2021-09-23 10:57:53,670: +SUB [/attached_collision_object] /move_group http://wng:37803/
[rosmaster.master][INFO] 2021-09-23 10:57:53,680: +PUB [/rosout] /rviz_wng_29449_9039999232388512557 http://wng:37113/
[rosmaster.master][INFO] 2021-09-23 10:57:53,681: +SERVICE [/rviz_wng_29449_9039999232388512557/get_loggers] /rviz_wng_29449_9039999232388512557 http://wng:37113/
[rosmaster.master][INFO] 2021-09-23 10:57:53,681: +SERVICE [/rviz_wng_29449_9039999232388512557/set_logger_level] /rviz_wng_29449_9039999232388512557 http://wng:37113/
[rosmaster.master][INFO] 2021-09-23 10:57:53,681: +CACHEDPARAM [/rosout_disable_topics_generation] by /rviz_wng_29449_9039999232388512557
[rosmaster.master][INFO] 2021-09-23 10:57:53,702: +SERVICE [/move_group/ompl/set_parameters] /move_group http://wng:37803/
[rosmaster.master][INFO] 2021-09-23 10:57:53,702: +PUB [/move_group/ompl/parameter_descriptions] /move_group http://wng:37803/
[rosmaster.master][INFO] 2021-09-23 10:57:53,702: +PUB [/move_group/ompl/parameter_updates] /move_group http://wng:37803/
[rosmaster.master][INFO] 2021-09-23 10:57:53,703: +PARAM [/move_group/ompl/simplify_solutions] by /move_group
[rosmaster.master][INFO] 2021-09-23 10:57:53,703: +PARAM [/move_group/ompl/minimum_waypoint_count] by /move_group
[rosmaster.master][INFO] 2021-09-23 10:57:53,704: +PARAM [/move_group/ompl/maximum_waypoint_distance] by /move_group
[rosmaster.master][INFO] 2021-09-23 10:57:53,704: +PARAM [/move_group/ompl/link_for_exploration_tree] by /move_group
[rosmaster.master][INFO] 2021-09-23 10:57:53,704: +PARAM [/move_group/ompl/display_random_valid_states] by /move_group
[rosmaster.master][INFO] 2021-09-23 10:57:53,704: +PARAM [/move_group/ompl/simplify_solutions] by /move_group
[rosmaster.master][INFO] 2021-09-23 10:57:53,704: +PARAM [/move_group/ompl/minimum_waypoint_count] by /move_group
[rosmaster.master][INFO] 2021-09-23 10:57:53,705: +PARAM [/move_group/ompl/maximum_waypoint_distance] by /move_group
[rosmaster.master][INFO] 2021-09-23 10:57:53,705: +PARAM [/move_group/ompl/link_for_exploration_tree] by /move_group
[rosmaster.master][INFO] 2021-09-23 10:57:53,705: +PARAM [/move_group/ompl/display_random_valid_states] by /move_group
[rosmaster.master][INFO] 2021-09-23 10:57:53,708: +PUB [/move_group/display_planned_path] /move_group http://wng:37803/
[rosmaster.master][INFO] 2021-09-23 10:57:53,708: +PUB [/move_group/display_contacts] /move_group http://wng:37803/
[rosmaster.master][INFO] 2021-09-23 10:57:53,711: +PUB [/move_group/fake_controller_joint_states] /move_group http://wng:37803/
[rosmaster.master][INFO] 2021-09-23 10:57:53,732: +SUB [/trajectory_execution_event] /move_group http://wng:37803/
[rosmaster.master][INFO] 2021-09-23 10:57:53,732: +SERVICE [/move_group/trajectory_execution/set_parameters] /move_group http://wng:37803/
[rosmaster.master][INFO] 2021-09-23 10:57:53,733: +PUB [/move_group/trajectory_execution/parameter_descriptions] /move_group http://wng:37803/
[rosmaster.master][INFO] 2021-09-23 10:57:53,733: +PUB [/move_group/trajectory_execution/parameter_updates] /move_group http://wng:37803/
[rosmaster.master][INFO] 2021-09-23 10:57:53,734: +PARAM [/move_group/trajectory_execution/execution_duration_monitoring] by /move_group
[rosmaster.master][INFO] 2021-09-23 10:57:53,734: +PARAM [/move_group/trajectory_execution/allowed_execution_duration_scaling] by /move_group
[rosmaster.master][INFO] 2021-09-23 10:57:53,734: +PARAM [/move_group/trajectory_execution/allowed_goal_duration_margin] by /move_group
[rosmaster.master][INFO] 2021-09-23 10:57:53,735: +PARAM [/move_group/trajectory_execution/execution_velocity_scaling] by /move_group
[rosmaster.master][INFO] 2021-09-23 10:57:53,735: +PARAM [/move_group/trajectory_execution/allowed_start_tolerance] by /move_group
[rosmaster.master][INFO] 2021-09-23 10:57:53,735: +PARAM [/move_group/trajectory_execution/wait_for_trajectory_completion] by /move_group
[rosmaster.master][INFO] 2021-09-23 10:57:53,735: +PARAM [/move_group/trajectory_execution/execution_duration_monitoring] by /move_group
[rosmaster.master][INFO] 2021-09-23 10:57:53,735: +PARAM [/move_group/trajectory_execution/allowed_execution_duration_scaling] by /move_group
[rosmaster.master][INFO] 2021-09-23 10:57:53,736: +PARAM [/move_group/trajectory_execution/allowed_goal_duration_margin] by /move_group
[rosmaster.master][INFO] 2021-09-23 10:57:53,736: +PARAM [/move_group/trajectory_execution/execution_velocity_scaling] by /move_group
[rosmaster.master][INFO] 2021-09-23 10:57:53,736: +PARAM [/move_group/trajectory_execution/allowed_start_tolerance] by /move_group
[rosmaster.master][INFO] 2021-09-23 10:57:53,736: +PARAM [/move_group/trajectory_execution/wait_for_trajectory_completion] by /move_group
[rosmaster.master][INFO] 2021-09-23 10:57:53,736: +SERVICE [/move_group/plan_execution/set_parameters] /move_group http://wng:37803/
[rosmaster.master][INFO] 2021-09-23 10:57:53,737: +PUB [/move_group/plan_execution/parameter_descriptions] /move_group http://wng:37803/
[rosmaster.master][INFO] 2021-09-23 10:57:53,737: +PUB [/move_group/plan_execution/parameter_updates] /move_group http://wng:37803/
[rosmaster.master][INFO] 2021-09-23 10:57:53,737: +PARAM [/move_group/plan_execution/max_replan_attempts] by /move_group
[rosmaster.master][INFO] 2021-09-23 10:57:53,738: +PARAM [/move_group/plan_execution/record_trajectory_state_frequency] by /move_group
[rosmaster.master][INFO] 2021-09-23 10:57:53,738: +PARAM [/move_group/plan_execution/max_replan_attempts] by /move_group
[rosmaster.master][INFO] 2021-09-23 10:57:53,738: +PARAM [/move_group/plan_execution/record_trajectory_state_frequency] by /move_group
[rosmaster.master][INFO] 2021-09-23 10:57:53,738: +SERVICE [/move_group/sense_for_plan/set_parameters] /move_group http://wng:37803/
[rosmaster.master][INFO] 2021-09-23 10:57:53,739: +PUB [/move_group/sense_for_plan/parameter_descriptions] /move_group http://wng:37803/
[rosmaster.master][INFO] 2021-09-23 10:57:53,739: +PUB [/move_group/sense_for_plan/parameter_updates] /move_group http://wng:37803/
[rosmaster.master][INFO] 2021-09-23 10:57:53,739: +PARAM [/move_group/sense_for_plan/max_safe_path_cost] by /move_group
[rosmaster.master][INFO] 2021-09-23 10:57:53,740: +PARAM [/move_group/sense_for_plan/max_look_attempts] by /move_group
[rosmaster.master][INFO] 2021-09-23 10:57:53,740: +PARAM [/move_group/sense_for_plan/max_cost_sources] by /move_group
[rosmaster.master][INFO] 2021-09-23 10:57:53,740: +PARAM [/move_group/sense_for_plan/discard_overlapping_cost_sources] by /move_group
[rosmaster.master][INFO] 2021-09-23 10:57:53,740: +PARAM [/move_group/sense_for_plan/max_safe_path_cost] by /move_group
[rosmaster.master][INFO] 2021-09-23 10:57:53,740: +PARAM [/move_group/sense_for_plan/max_look_attempts] by /move_group
[rosmaster.master][INFO] 2021-09-23 10:57:53,741: +PARAM [/move_group/sense_for_plan/max_cost_sources] by /move_group
[rosmaster.master][INFO] 2021-09-23 10:57:53,741: +PARAM [/move_group/sense_for_plan/discard_overlapping_cost_sources] by /move_group
[rosmaster.master][INFO] 2021-09-23 10:57:53,741: +PUB [/move_group/display_cost_sources] /move_group http://wng:37803/
[rosmaster.master][INFO] 2021-09-23 10:57:53,741: +PUB [/move_group/motion_plan_request] /move_group http://wng:37803/
[rosmaster.master][INFO] 2021-09-23 10:57:53,745: +SERVICE [/apply_planning_scene] /move_group http://wng:37803/
[rosmaster.master][INFO] 2021-09-23 10:57:53,745: +SERVICE [/clear_octomap] /move_group http://wng:37803/
[rosmaster.master][INFO] 2021-09-23 10:57:53,745: +SERVICE [/compute_cartesian_path] /move_group http://wng:37803/
[rosmaster.master][INFO] 2021-09-23 10:57:53,746: +PUB [/execute_trajectory/result] /move_group http://wng:37803/
[rosmaster.master][INFO] 2021-09-23 10:57:53,746: +PUB [/execute_trajectory/feedback] /move_group http://wng:37803/
[rosmaster.master][INFO] 2021-09-23 10:57:53,746: +PUB [/execute_trajectory/status] /move_group http://wng:37803/
[rosmaster.master][INFO] 2021-09-23 10:57:53,748: publisherUpdate[/rosout] -> http://wng:35141/ ['http://wng:45287/', 'http://wng:35733/', 'http://wng:37803/', 'http://wng:37113/']
[rosmaster.master][INFO] 2021-09-23 10:57:53,748: +SUB [/execute_trajectory/goal] /move_group http://wng:37803/
[rosmaster.master][INFO] 2021-09-23 10:57:53,749: publisherUpdate[/rosout] -> http://wng:35141/ ['http://wng:45287/', 'http://wng:35733/', 'http://wng:37803/', 'http://wng:37113/']: sec=0.00, result=[1, '', 0]
[rosmaster.master][INFO] 2021-09-23 10:57:53,750: +SUB [/execute_trajectory/cancel] /move_group http://wng:37803/
[rosmaster.master][INFO] 2021-09-23 10:57:53,750: +SERVICE [/get_planning_scene] /move_group http://wng:37803/
[rosmaster.master][INFO] 2021-09-23 10:57:53,750: +SERVICE [/compute_fk] /move_group http://wng:37803/
[rosmaster.master][INFO] 2021-09-23 10:57:53,751: +SERVICE [/compute_ik] /move_group http://wng:37803/
[rosmaster.master][INFO] 2021-09-23 10:57:53,751: +PUB [/move_group/result] /move_group http://wng:37803/
[rosmaster.master][INFO] 2021-09-23 10:57:53,751: +PUB [/move_group/feedback] /move_group http://wng:37803/
[rosmaster.master][INFO] 2021-09-23 10:57:53,752: +PUB [/move_group/status] /move_group http://wng:37803/
[rosmaster.master][INFO] 2021-09-23 10:57:53,753: +SUB [/move_group/goal] /move_group http://wng:37803/
[rosmaster.master][INFO] 2021-09-23 10:57:53,754: +SUB [/move_group/cancel] /move_group http://wng:37803/
[rosmaster.master][INFO] 2021-09-23 10:57:53,756: +PUB [/move_group/display_grasp_markers] /move_group http://wng:37803/
[rosmaster.master][INFO] 2021-09-23 10:57:53,757: +PUB [/pickup/result] /move_group http://wng:37803/
[rosmaster.master][INFO] 2021-09-23 10:57:53,757: +PUB [/pickup/feedback] /move_group http://wng:37803/
[rosmaster.master][INFO] 2021-09-23 10:57:53,757: +PUB [/pickup/status] /move_group http://wng:37803/
[rosmaster.master][INFO] 2021-09-23 10:57:53,759: +SUB [/pickup/goal] /move_group http://wng:37803/
[rosmaster.master][INFO] 2021-09-23 10:57:53,760: +SUB [/pickup/cancel] /move_group http://wng:37803/
[rosmaster.master][INFO] 2021-09-23 10:57:53,760: +PUB [/place/result] /move_group http://wng:37803/
[rosmaster.master][INFO] 2021-09-23 10:57:53,761: +PUB [/place/feedback] /move_group http://wng:37803/
[rosmaster.master][INFO] 2021-09-23 10:57:53,761: +PUB [/place/status] /move_group http://wng:37803/
[rosmaster.master][INFO] 2021-09-23 10:57:53,762: +SUB [/place/goal] /move_group http://wng:37803/
[rosmaster.master][INFO] 2021-09-23 10:57:53,763: +SUB [/place/cancel] /move_group http://wng:37803/
[rosmaster.master][INFO] 2021-09-23 10:57:53,763: +SERVICE [/plan_kinematic_path] /move_group http://wng:37803/
[rosmaster.master][INFO] 2021-09-23 10:57:53,763: +SERVICE [/query_planner_interface] /move_group http://wng:37803/
[rosmaster.master][INFO] 2021-09-23 10:57:53,764: +SERVICE [/get_planner_params] /move_group http://wng:37803/
[rosmaster.master][INFO] 2021-09-23 10:57:53,764: +SERVICE [/set_planner_params] /move_group http://wng:37803/
[rosmaster.master][INFO] 2021-09-23 10:57:53,764: +SERVICE [/check_state_validity] /move_group http://wng:37803/
[rosmaster.master][INFO] 2021-09-23 10:57:53,838: +PUB [/rosout] /joint_state_publisher http://wng:46627/
[rosmaster.master][INFO] 2021-09-23 10:57:53,840: +SERVICE [/joint_state_publisher/get_loggers] /joint_state_publisher http://wng:46627/
[rosmaster.master][INFO] 2021-09-23 10:57:53,840: +SERVICE [/joint_state_publisher/set_logger_level] /joint_state_publisher http://wng:46627/
[rosmaster.master][INFO] 2021-09-23 10:57:53,848: publisherUpdate[/rosout] -> http://wng:35141/ ['http://wng:45287/', 'http://wng:35733/', 'http://wng:37803/', 'http://wng:37113/', 'http://wng:46627/']
[rosmaster.master][INFO] 2021-09-23 10:57:53,849: publisherUpdate[/rosout] -> http://wng:35141/ ['http://wng:45287/', 'http://wng:35733/', 'http://wng:37803/', 'http://wng:37113/', 'http://wng:46627/']: sec=0.00, result=[1, '', 0]
[rosmaster.master][INFO] 2021-09-23 10:57:53,852: +SUB [/move_group/fake_controller_joint_states] /joint_state_publisher http://wng:46627/
[rosmaster.master][INFO] 2021-09-23 10:57:53,852: +PUB [/joint_states] /joint_state_publisher http://wng:46627/
[rosmaster.master][INFO] 2021-09-23 10:57:53,949: publisherUpdate[/joint_states] -> http://wng:45287/ ['http://wng:46627/']
[rosmaster.master][INFO] 2021-09-23 10:57:53,949: publisherUpdate[/joint_states] -> http://wng:45287/ ['http://wng:46627/']: sec=0.00, result=[1, '', 0]
[rosmaster.master][INFO] 2021-09-23 10:57:53,949: publisherUpdate[/joint_states] -> http://wng:35733/ ['http://wng:46627/']
[rosmaster.master][INFO] 2021-09-23 10:57:53,950: +CACHEDPARAM [/rosout/omit_topics] by /rosout
[rosmaster.master][INFO] 2021-09-23 10:57:53,950: publisherUpdate[/joint_states] -> http://wng:35733/ ['http://wng:46627/']: sec=0.00, result=[1, '', 0]
[rosmaster.master][INFO] 2021-09-23 10:57:54,054: +PUB [/joint_states_desired] /joint_state_desired_publisher http://wng:45287/
[rosmaster.master][INFO] 2021-09-23 10:57:54,055: +CACHEDPARAM [/rosout_disable_topics_generation] by /joint_state_desired_publisher
[rosmaster.master][INFO] 2021-09-23 10:57:54,119: +SUB [/tf] /rviz_wng_29449_9039999232388512557 http://wng:37113/
[rosmaster.master][INFO] 2021-09-23 10:57:54,120: +SUB [/tf_static] /rviz_wng_29449_9039999232388512557 http://wng:37113/
[rosmaster.master][INFO] 2021-09-23 10:57:54,140: +PUB [/initialpose] /rviz_wng_29449_9039999232388512557 http://wng:37113/
[rosmaster.master][INFO] 2021-09-23 10:57:54,141: +PUB [/goal] /rviz_wng_29449_9039999232388512557 http://wng:37113/
[rosmaster.master][INFO] 2021-09-23 10:57:54,150: publisherUpdate[/joint_states_desired] -> http://wng:37803/ ['http://wng:45287/']
[rosmaster.master][INFO] 2021-09-23 10:57:54,151: publisherUpdate[/joint_states_desired] -> http://wng:37803/ ['http://wng:45287/']: sec=0.00, result=[1, '', 0]
[rosmaster.master][INFO] 2021-09-23 10:57:54,183: +SUB [/visualization_marker] /rviz_wng_29449_9039999232388512557 http://wng:37113/
[rosmaster.master][INFO] 2021-09-23 10:57:54,184: +SUB [/visualization_marker_array] /rviz_wng_29449_9039999232388512557 http://wng:37113/
[rosmaster.master][INFO] 2021-09-23 10:57:54,184: -SUB [/visualization_marker] /rviz_wng_29449_9039999232388512557 http://wng:37113/
[rosmaster.master][INFO] 2021-09-23 10:57:54,185: -SUB [/visualization_marker_array] /rviz_wng_29449_9039999232388512557 http://wng:37113/
[rosmaster.master][INFO] 2021-09-23 10:57:54,186: +SUB [/action] /rviz_wng_29449_9039999232388512557 http://wng:37113/
[rosmaster.master][INFO] 2021-09-23 10:57:54,186: +SUB [/action_array] /rviz_wng_29449_9039999232388512557 http://wng:37113/
[rosmaster.master][INFO] 2021-09-23 10:57:54,194: +PUB [/planning_scene] /rviz_wng_29449_9039999232388512557 http://wng:37113/
[rosmaster.master][INFO] 2021-09-23 10:57:54,194: +PUB [/planning_scene_world] /rviz_wng_29449_9039999232388512557 http://wng:37113/
[rosmaster.master][INFO] 2021-09-23 10:57:54,196: +SUB [/recognize_objects/status] /rviz_wng_29449_9039999232388512557 http://wng:37113/
[rosmaster.master][INFO] 2021-09-23 10:57:54,197: +SUB [/recognize_objects/feedback] /rviz_wng_29449_9039999232388512557 http://wng:37113/
[rosmaster.master][INFO] 2021-09-23 10:57:54,198: +SUB [/recognize_objects/result] /rviz_wng_29449_9039999232388512557 http://wng:37113/
[rosmaster.master][INFO] 2021-09-23 10:57:54,198: +PUB [/recognize_objects/goal] /rviz_wng_29449_9039999232388512557 http://wng:37113/
[rosmaster.master][INFO] 2021-09-23 10:57:54,198: +PUB [/recognize_objects/cancel] /rviz_wng_29449_9039999232388512557 http://wng:37113/
[rosmaster.master][INFO] 2021-09-23 10:57:54,199: +SUB [/recognized_object_array] /rviz_wng_29449_9039999232388512557 http://wng:37113/
[rosmaster.master][INFO] 2021-09-23 10:57:54,251: publisherUpdate[/planning_scene] -> http://wng:37803/ ['http://wng:37113/']
[rosmaster.master][INFO] 2021-09-23 10:57:54,251: publisherUpdate[/planning_scene] -> http://wng:37803/ ['http://wng:37113/']: sec=0.00, result=[1, '', 0]
[rosmaster.master][INFO] 2021-09-23 10:57:54,251: publisherUpdate[/planning_scene_world] -> http://wng:37803/ ['http://wng:37113/']
[rosmaster.master][INFO] 2021-09-23 10:57:54,252: publisherUpdate[/planning_scene_world] -> http://wng:37803/ ['http://wng:37113/']: sec=0.00, result=[1, '', 0]
[rosmaster.master][INFO] 2021-09-23 10:57:57,220: -SUB [/recognize_objects/status] /rviz_wng_29449_9039999232388512557 http://wng:37113/
[rosmaster.master][INFO] 2021-09-23 10:57:57,221: -PUB [/recognize_objects/cancel] /rviz_wng_29449_9039999232388512557 http://wng:37113/
[rosmaster.master][INFO] 2021-09-23 10:57:57,223: -PUB [/recognize_objects/goal] /rviz_wng_29449_9039999232388512557 http://wng:37113/
[rosmaster.master][INFO] 2021-09-23 10:57:57,224: -SUB [/recognize_objects/feedback] /rviz_wng_29449_9039999232388512557 http://wng:37113/
[rosmaster.master][INFO] 2021-09-23 10:57:57,225: -SUB [/recognize_objects/result] /rviz_wng_29449_9039999232388512557 http://wng:37113/
[rosmaster.master][INFO] 2021-09-23 10:57:57,250: +PUB [/feedback] /rviz_wng_29449_9039999232388512557 http://wng:37113/
[rosmaster.master][INFO] 2021-09-23 10:57:57,250: -PUB [/feedback] /rviz_wng_29449_9039999232388512557 http://wng:37113/
[rosmaster.master][INFO] 2021-09-23 10:57:57,250: +PUB [/feedback] /rviz_wng_29449_9039999232388512557 http://wng:37113/
[rosmaster.master][INFO] 2021-09-23 10:57:57,251: -PUB [/goal] /rviz_wng_29449_9039999232388512557 http://wng:37113/
[rosmaster.master][INFO] 2021-09-23 10:57:57,251: -PUB [/initialpose] /rviz_wng_29449_9039999232388512557 http://wng:37113/
[rosmaster.master][INFO] 2021-09-23 10:57:57,265: +SERVICE [/rviz_wng_29449_9039999232388512557/reload_shaders] /rviz_wng_29449_9039999232388512557 http://wng:37113/
[rosmaster.master][INFO] 2021-09-23 10:57:57,265: +SERVICE [/rviz_wng_29449_9039999232388512557/load_config] /rviz_wng_29449_9039999232388512557 http://wng:37113/
[rosmaster.master][INFO] 2021-09-23 10:57:57,266: +SERVICE [/rviz_wng_29449_9039999232388512557/save_config] /rviz_wng_29449_9039999232388512557 http://wng:37113/
[rosmaster.master][INFO] 2021-09-23 10:57:57,326: +SERVICE [/rviz_wng_29449_9039999232388512557/motionplanning_planning_scene_monitor/set_parameters] /rviz_wng_29449_9039999232388512557 http://wng:37113/
[rosmaster.master][INFO] 2021-09-23 10:57:57,326: +PUB [/rviz_wng_29449_9039999232388512557/motionplanning_planning_scene_monitor/parameter_descriptions] /rviz_wng_29449_9039999232388512557 http://wng:37113/
[rosmaster.master][INFO] 2021-09-23 10:57:57,327: +PUB [/rviz_wng_29449_9039999232388512557/motionplanning_planning_scene_monitor/parameter_updates] /rviz_wng_29449_9039999232388512557 http://wng:37113/
[rosmaster.master][INFO] 2021-09-23 10:57:57,327: +PARAM [/rviz_wng_29449_9039999232388512557/motionplanning_planning_scene_monitor/publish_planning_scene] by /rviz_wng_29449_9039999232388512557
[rosmaster.master][INFO] 2021-09-23 10:57:57,328: +PARAM [/rviz_wng_29449_9039999232388512557/motionplanning_planning_scene_monitor/publish_planning_scene_hz] by /rviz_wng_29449_9039999232388512557
[rosmaster.master][INFO] 2021-09-23 10:57:57,328: +PARAM [/rviz_wng_29449_9039999232388512557/motionplanning_planning_scene_monitor/publish_geometry_updates] by /rviz_wng_29449_9039999232388512557
[rosmaster.master][INFO] 2021-09-23 10:57:57,328: +PARAM [/rviz_wng_29449_9039999232388512557/motionplanning_planning_scene_monitor/publish_state_updates] by /rviz_wng_29449_9039999232388512557
[rosmaster.master][INFO] 2021-09-23 10:57:57,328: +PARAM [/rviz_wng_29449_9039999232388512557/motionplanning_planning_scene_monitor/publish_transforms_updates] by /rviz_wng_29449_9039999232388512557
[rosmaster.master][INFO] 2021-09-23 10:57:57,329: +PARAM [/rviz_wng_29449_9039999232388512557/motionplanning_planning_scene_monitor/publish_planning_scene] by /rviz_wng_29449_9039999232388512557
[rosmaster.master][INFO] 2021-09-23 10:57:57,329: +PARAM [/rviz_wng_29449_9039999232388512557/motionplanning_planning_scene_monitor/publish_planning_scene_hz] by /rviz_wng_29449_9039999232388512557
[rosmaster.master][INFO] 2021-09-23 10:57:57,329: +PARAM [/rviz_wng_29449_9039999232388512557/motionplanning_planning_scene_monitor/publish_geometry_updates] by /rviz_wng_29449_9039999232388512557
[rosmaster.master][INFO] 2021-09-23 10:57:57,330: +PARAM [/rviz_wng_29449_9039999232388512557/motionplanning_planning_scene_monitor/publish_state_updates] by /rviz_wng_29449_9039999232388512557
[rosmaster.master][INFO] 2021-09-23 10:57:57,330: +PARAM [/rviz_wng_29449_9039999232388512557/motionplanning_planning_scene_monitor/publish_transforms_updates] by /rviz_wng_29449_9039999232388512557
[rosmaster.master][INFO] 2021-09-23 10:57:57,361: +SUB [/move_group/monitored_planning_scene] /rviz_wng_29449_9039999232388512557 http://wng:37113/
[rosmaster.master][INFO] 2021-09-23 10:57:57,585: +SUB [/move_group/display_planned_path] /rviz_wng_29449_9039999232388512557 http://wng:37113/
[rosmaster.master][INFO] 2021-09-23 10:57:57,585: +PUB [/rviz_moveit_motion_planning_display/robot_interaction_interactive_marker_topic/update_full] /rviz_wng_29449_9039999232388512557 http://wng:37113/
[rosmaster.master][INFO] 2021-09-23 10:57:57,586: +PUB [/rviz_moveit_motion_planning_display/robot_interaction_interactive_marker_topic/update] /rviz_wng_29449_9039999232388512557 http://wng:37113/
[rosmaster.master][INFO] 2021-09-23 10:57:57,587: +SUB [/rviz_moveit_motion_planning_display/robot_interaction_interactive_marker_topic/feedback] /rviz_wng_29449_9039999232388512557 http://wng:37113/
[rosmaster.master][INFO] 2021-09-23 10:57:57,587: -PUB [/feedback] /rviz_wng_29449_9039999232388512557 http://wng:37113/
[rosmaster.master][INFO] 2021-09-23 10:57:57,588: +SUB [/rviz_moveit_motion_planning_display/robot_interaction_interactive_marker_topic/update] /rviz_wng_29449_9039999232388512557 http://wng:37113/
[rosmaster.master][INFO] 2021-09-23 10:57:57,589: +SUB [/rviz_moveit_motion_planning_display/robot_interaction_interactive_marker_topic/update_full] /rviz_wng_29449_9039999232388512557 http://wng:37113/
[rosmaster.master][INFO] 2021-09-23 10:57:57,589: +PUB [/rviz_moveit_motion_planning_display/robot_interaction_interactive_marker_topic/feedback] /rviz_wng_29449_9039999232388512557 http://wng:37113/
[rosmaster.master][INFO] 2021-09-23 10:57:57,595: +PUB [/trajectory_execution_event] /rviz_wng_29449_9039999232388512557 http://wng:37113/
[rosmaster.master][INFO] 2021-09-23 10:57:57,595: +PUB [/attached_collision_object] /rviz_wng_29449_9039999232388512557 http://wng:37113/
[rosmaster.master][INFO] 2021-09-23 10:57:57,597: +SUB [/move_group/status] /rviz_wng_29449_9039999232388512557 http://wng:37113/
[rosmaster.master][INFO] 2021-09-23 10:57:57,598: +SUB [/move_group/feedback] /rviz_wng_29449_9039999232388512557 http://wng:37113/
[rosmaster.master][INFO] 2021-09-23 10:57:57,599: +SUB [/move_group/result] /rviz_wng_29449_9039999232388512557 http://wng:37113/
[rosmaster.master][INFO] 2021-09-23 10:57:57,599: +PUB [/move_group/goal] /rviz_wng_29449_9039999232388512557 http://wng:37113/
[rosmaster.master][INFO] 2021-09-23 10:57:57,599: +PUB [/move_group/cancel] /rviz_wng_29449_9039999232388512557 http://wng:37113/
[rosmaster.master][INFO] 2021-09-23 10:57:57,656: publisherUpdate[/rviz_moveit_motion_planning_display/robot_interaction_interactive_marker_topic/feedback] -> http://wng:37113/ ['http://wng:37113/']
[rosmaster.master][INFO] 2021-09-23 10:57:57,656: publisherUpdate[/trajectory_execution_event] -> http://wng:37803/ ['http://wng:37113/']
[rosmaster.master][INFO] 2021-09-23 10:57:57,658: publisherUpdate[/rviz_moveit_motion_planning_display/robot_interaction_interactive_marker_topic/feedback] -> http://wng:37113/ ['http://wng:37113/']: sec=0.00, result=[1, '', 0]
[rosmaster.master][INFO] 2021-09-23 10:57:57,659: publisherUpdate[/trajectory_execution_event] -> http://wng:37803/ ['http://wng:37113/']: sec=0.00, result=[1, '', 0]
[rosmaster.master][INFO] 2021-09-23 10:57:57,659: publisherUpdate[/attached_collision_object] -> http://wng:37803/ ['http://wng:37113/']
[rosmaster.master][INFO] 2021-09-23 10:57:57,659: publisherUpdate[/attached_collision_object] -> http://wng:37803/ ['http://wng:37113/']: sec=0.00, result=[1, '', 0]
[rosmaster.master][INFO] 2021-09-23 10:57:57,659: publisherUpdate[/move_group/goal] -> http://wng:37803/ ['http://wng:37113/']
[rosmaster.master][INFO] 2021-09-23 10:57:57,659: publisherUpdate[/move_group/goal] -> http://wng:37803/ ['http://wng:37113/']: sec=0.00, result=[1, '', 0]
[rosmaster.master][INFO] 2021-09-23 10:57:57,659: publisherUpdate[/move_group/cancel] -> http://wng:37803/ ['http://wng:37113/']
[rosmaster.master][INFO] 2021-09-23 10:57:57,660: publisherUpdate[/move_group/cancel] -> http://wng:37803/ ['http://wng:37113/']: sec=0.00, result=[1, '', 0]
[rosmaster.master][INFO] 2021-09-23 10:57:57,866: +SUB [/pickup/status] /rviz_wng_29449_9039999232388512557 http://wng:37113/
[rosmaster.master][INFO] 2021-09-23 10:57:57,867: +SUB [/pickup/feedback] /rviz_wng_29449_9039999232388512557 http://wng:37113/
[rosmaster.master][INFO] 2021-09-23 10:57:57,867: +SUB [/pickup/result] /rviz_wng_29449_9039999232388512557 http://wng:37113/
[rosmaster.master][INFO] 2021-09-23 10:57:57,868: +PUB [/pickup/goal] /rviz_wng_29449_9039999232388512557 http://wng:37113/
[rosmaster.master][INFO] 2021-09-23 10:57:57,868: +PUB [/pickup/cancel] /rviz_wng_29449_9039999232388512557 http://wng:37113/
[rosmaster.master][INFO] 2021-09-23 10:57:57,959: publisherUpdate[/pickup/goal] -> http://wng:37803/ ['http://wng:37113/']
[rosmaster.master][INFO] 2021-09-23 10:57:57,959: publisherUpdate[/pickup/goal] -> http://wng:37803/ ['http://wng:37113/']: sec=0.00, result=[1, '', 0]
[rosmaster.master][INFO] 2021-09-23 10:57:57,959: publisherUpdate[/pickup/cancel] -> http://wng:37803/ ['http://wng:37113/']
[rosmaster.master][INFO] 2021-09-23 10:57:57,959: publisherUpdate[/pickup/cancel] -> http://wng:37803/ ['http://wng:37113/']: sec=0.00, result=[1, '', 0]
[rosmaster.master][INFO] 2021-09-23 10:57:58,089: -SUB [/rviz_moveit_motion_planning_display/robot_interaction_interactive_marker_topic/update_full] /rviz_wng_29449_9039999232388512557 http://wng:37113/
[rosmaster.master][INFO] 2021-09-23 10:57:58,163: +SUB [/place/status] /rviz_wng_29449_9039999232388512557 http://wng:37113/
[rosmaster.master][INFO] 2021-09-23 10:57:58,164: +SUB [/place/feedback] /rviz_wng_29449_9039999232388512557 http://wng:37113/
[rosmaster.master][INFO] 2021-09-23 10:57:58,166: +SUB [/place/result] /rviz_wng_29449_9039999232388512557 http://wng:37113/
[rosmaster.master][INFO] 2021-09-23 10:57:58,166: +PUB [/place/goal] /rviz_wng_29449_9039999232388512557 http://wng:37113/
[rosmaster.master][INFO] 2021-09-23 10:57:58,166: +PUB [/place/cancel] /rviz_wng_29449_9039999232388512557 http://wng:37113/
[rosmaster.master][INFO] 2021-09-23 10:57:58,260: publisherUpdate[/place/goal] -> http://wng:37803/ ['http://wng:37113/']
[rosmaster.master][INFO] 2021-09-23 10:57:58,260: publisherUpdate[/place/goal] -> http://wng:37803/ ['http://wng:37113/']: sec=0.00, result=[1, '', 0]
[rosmaster.master][INFO] 2021-09-23 10:57:58,260: publisherUpdate[/place/cancel] -> http://wng:37803/ ['http://wng:37113/']
[rosmaster.master][INFO] 2021-09-23 10:57:58,260: publisherUpdate[/place/cancel] -> http://wng:37803/ ['http://wng:37113/']: sec=0.00, result=[1, '', 0]
[rosmaster.master][INFO] 2021-09-23 10:57:58,465: +SUB [/execute_trajectory/status] /rviz_wng_29449_9039999232388512557 http://wng:37113/
[rosmaster.master][INFO] 2021-09-23 10:57:58,466: +SUB [/execute_trajectory/feedback] /rviz_wng_29449_9039999232388512557 http://wng:37113/
[rosmaster.master][INFO] 2021-09-23 10:57:58,467: +SUB [/execute_trajectory/result] /rviz_wng_29449_9039999232388512557 http://wng:37113/
[rosmaster.master][INFO] 2021-09-23 10:57:58,467: +PUB [/execute_trajectory/goal] /rviz_wng_29449_9039999232388512557 http://wng:37113/
[rosmaster.master][INFO] 2021-09-23 10:57:58,467: +PUB [/execute_trajectory/cancel] /rviz_wng_29449_9039999232388512557 http://wng:37113/
[rosmaster.master][INFO] 2021-09-23 10:57:58,560: publisherUpdate[/execute_trajectory/goal] -> http://wng:37803/ ['http://wng:37113/']
[rosmaster.master][INFO] 2021-09-23 10:57:58,561: publisherUpdate[/execute_trajectory/goal] -> http://wng:37803/ ['http://wng:37113/']: sec=0.00, result=[1, '', 0]
[rosmaster.master][INFO] 2021-09-23 10:57:58,561: publisherUpdate[/execute_trajectory/cancel] -> http://wng:37803/ ['http://wng:37113/']
[rosmaster.master][INFO] 2021-09-23 10:57:58,561: publisherUpdate[/execute_trajectory/cancel] -> http://wng:37803/ ['http://wng:37113/']: sec=0.00, result=[1, '', 0]
[rosmaster.master][INFO] 2021-09-23 10:57:59,610: +PUB [/rosout] /move_group_commander_wrappers_1632362279609388401 http://wng:44157/
[rosmaster.master][INFO] 2021-09-23 10:57:59,611: +SERVICE [/move_group_commander_wrappers_1632362279609388401/get_loggers] /move_group_commander_wrappers_1632362279609388401 http://wng:44157/
[rosmaster.master][INFO] 2021-09-23 10:57:59,611: +SERVICE [/move_group_commander_wrappers_1632362279609388401/set_logger_level] /move_group_commander_wrappers_1632362279609388401 http://wng:44157/
[rosmaster.master][INFO] 2021-09-23 10:57:59,662: publisherUpdate[/rosout] -> http://wng:35141/ ['http://wng:45287/', 'http://wng:35733/', 'http://wng:37803/', 'http://wng:37113/', 'http://wng:46627/', 'http://wng:44157/']
[rosmaster.master][INFO] 2021-09-23 10:57:59,664: publisherUpdate[/rosout] -> http://wng:35141/ ['http://wng:45287/', 'http://wng:35733/', 'http://wng:37803/', 'http://wng:37113/', 'http://wng:46627/', 'http://wng:44157/']: sec=0.00, result=[1, '', 0]
[rosmaster.master][INFO] 2021-09-23 10:57:59,736: +PUB [/rosout] /LowLevelMotion_29609_1632362279611 http://wng:37521/
[rosmaster.master][INFO] 2021-09-23 10:57:59,739: +SERVICE [/LowLevelMotion_29609_1632362279611/get_loggers] /LowLevelMotion_29609_1632362279611 http://wng:37521/
[rosmaster.master][INFO] 2021-09-23 10:57:59,740: +SERVICE [/LowLevelMotion_29609_1632362279611/set_logger_level] /LowLevelMotion_29609_1632362279611 http://wng:37521/
[rosmaster.master][INFO] 2021-09-23 10:57:59,743: +CACHEDPARAM [/rosout_disable_topics_generation] by /move_group_commander_wrappers_1632362279609388401
[rosmaster.master][INFO] 2021-09-23 10:57:59,763: publisherUpdate[/rosout] -> http://wng:35141/ ['http://wng:45287/', 'http://wng:35733/', 'http://wng:37803/', 'http://wng:37113/', 'http://wng:46627/', 'http://wng:44157/', 'http://wng:37521/']
[rosmaster.master][INFO] 2021-09-23 10:57:59,764: publisherUpdate[/rosout] -> http://wng:35141/ ['http://wng:45287/', 'http://wng:35733/', 'http://wng:37803/', 'http://wng:37113/', 'http://wng:46627/', 'http://wng:44157/', 'http://wng:37521/']: sec=0.00, result=[1, '', 0]
[rosmaster.master][INFO] 2021-09-23 10:57:59,786: +SUB [/tf] /move_group_commander_wrappers_1632362279609388401 http://wng:44157/
[rosmaster.master][INFO] 2021-09-23 10:57:59,788: +SUB [/tf_static] /move_group_commander_wrappers_1632362279609388401 http://wng:44157/
[rosmaster.master][INFO] 2021-09-23 10:57:59,788: +PUB [/planning_scene] /move_group_commander_wrappers_1632362279609388401 http://wng:44157/
[rosmaster.master][INFO] 2021-09-23 10:57:59,790: +PUB [/collision_object] /LowLevelMotion_29609_1632362279611 http://wng:37521/
[rosmaster.master][INFO] 2021-09-23 10:57:59,791: +PUB [/attached_collision_object] /LowLevelMotion_29609_1632362279611 http://wng:37521/
[rosmaster.master][INFO] 2021-09-23 10:57:59,792: +PUB [/trajectory_execution_event] /move_group_commander_wrappers_1632362279609388401 http://wng:44157/
[rosmaster.master][INFO] 2021-09-23 10:57:59,792: +PUB [/attached_collision_object] /move_group_commander_wrappers_1632362279609388401 http://wng:44157/
[rosmaster.master][INFO] 2021-09-23 10:57:59,793: +SUB [/move_group/status] /move_group_commander_wrappers_1632362279609388401 http://wng:44157/
[rosmaster.master][INFO] 2021-09-23 10:57:59,795: +SUB [/move_group/feedback] /move_group_commander_wrappers_1632362279609388401 http://wng:44157/
[rosmaster.master][INFO] 2021-09-23 10:57:59,796: +SUB [/move_group/result] /move_group_commander_wrappers_1632362279609388401 http://wng:44157/
[rosmaster.master][INFO] 2021-09-23 10:57:59,796: +PUB [/move_group/goal] /move_group_commander_wrappers_1632362279609388401 http://wng:44157/
[rosmaster.master][INFO] 2021-09-23 10:57:59,797: +PUB [/move_group/cancel] /move_group_commander_wrappers_1632362279609388401 http://wng:44157/
[rosmaster.master][INFO] 2021-09-23 10:57:59,864: publisherUpdate[/planning_scene] -> http://wng:37803/ ['http://wng:37113/', 'http://wng:44157/']
[rosmaster.master][INFO] 2021-09-23 10:57:59,865: publisherUpdate[/planning_scene] -> http://wng:37803/ ['http://wng:37113/', 'http://wng:44157/']: sec=0.00, result=[1, '', 0]
[rosmaster.master][INFO] 2021-09-23 10:57:59,865: publisherUpdate[/collision_object] -> http://wng:37803/ ['http://wng:37521/']
[rosmaster.master][INFO] 2021-09-23 10:57:59,865: publisherUpdate[/collision_object] -> http://wng:37803/ ['http://wng:37521/']: sec=0.00, result=[1, '', 0]
[rosmaster.master][INFO] 2021-09-23 10:57:59,865: publisherUpdate[/attached_collision_object] -> http://wng:37803/ ['http://wng:37113/', 'http://wng:37521/']
[rosmaster.master][INFO] 2021-09-23 10:57:59,866: publisherUpdate[/attached_collision_object] -> http://wng:37803/ ['http://wng:37113/', 'http://wng:37521/']: sec=0.00, result=[1, '', 0]
[rosmaster.master][INFO] 2021-09-23 10:57:59,866: publisherUpdate[/trajectory_execution_event] -> http://wng:37803/ ['http://wng:37113/', 'http://wng:44157/']
[rosmaster.master][INFO] 2021-09-23 10:57:59,866: publisherUpdate[/trajectory_execution_event] -> http://wng:37803/ ['http://wng:37113/', 'http://wng:44157/']: sec=0.00, result=[1, '', 0]
[rosmaster.master][INFO] 2021-09-23 10:57:59,866: publisherUpdate[/attached_collision_object] -> http://wng:37803/ ['http://wng:37113/', 'http://wng:37521/', 'http://wng:44157/']
[rosmaster.master][INFO] 2021-09-23 10:57:59,867: publisherUpdate[/attached_collision_object] -> http://wng:37803/ ['http://wng:37113/', 'http://wng:37521/', 'http://wng:44157/']: sec=0.00, result=[1, '', 0]
[rosmaster.master][INFO] 2021-09-23 10:57:59,867: publisherUpdate[/move_group/goal] -> http://wng:37803/ ['http://wng:37113/', 'http://wng:44157/']
[rosmaster.master][INFO] 2021-09-23 10:57:59,867: publisherUpdate[/move_group/goal] -> http://wng:37803/ ['http://wng:37113/', 'http://wng:44157/']: sec=0.00, result=[1, '', 0]
[rosmaster.master][INFO] 2021-09-23 10:57:59,867: publisherUpdate[/move_group/cancel] -> http://wng:37803/ ['http://wng:37113/', 'http://wng:44157/']
[rosmaster.master][INFO] 2021-09-23 10:57:59,868: publisherUpdate[/move_group/cancel] -> http://wng:37803/ ['http://wng:37113/', 'http://wng:44157/']: sec=0.00, result=[1, '', 0]
[rosmaster.master][INFO] 2021-09-23 10:58:00,073: +SUB [/pickup/status] /move_group_commander_wrappers_1632362279609388401 http://wng:44157/
[rosmaster.master][INFO] 2021-09-23 10:58:00,074: +SUB [/pickup/feedback] /move_group_commander_wrappers_1632362279609388401 http://wng:44157/
[rosmaster.master][INFO] 2021-09-23 10:58:00,075: +SUB [/pickup/result] /move_group_commander_wrappers_1632362279609388401 http://wng:44157/
[rosmaster.master][INFO] 2021-09-23 10:58:00,075: +PUB [/pickup/goal] /move_group_commander_wrappers_1632362279609388401 http://wng:44157/
[rosmaster.master][INFO] 2021-09-23 10:58:00,076: +PUB [/pickup/cancel] /move_group_commander_wrappers_1632362279609388401 http://wng:44157/
[rosmaster.master][INFO] 2021-09-23 10:58:00,165: publisherUpdate[/pickup/goal] -> http://wng:37803/ ['http://wng:37113/', 'http://wng:44157/']
[rosmaster.master][INFO] 2021-09-23 10:58:00,165: publisherUpdate[/pickup/goal] -> http://wng:37803/ ['http://wng:37113/', 'http://wng:44157/']: sec=0.00, result=[1, '', 0]
[rosmaster.master][INFO] 2021-09-23 10:58:00,165: publisherUpdate[/pickup/cancel] -> http://wng:37803/ ['http://wng:37113/', 'http://wng:44157/']
[rosmaster.master][INFO] 2021-09-23 10:58:00,166: publisherUpdate[/pickup/cancel] -> http://wng:37803/ ['http://wng:37113/', 'http://wng:44157/']: sec=0.00, result=[1, '', 0]
[rosmaster.master][INFO] 2021-09-23 10:58:00,392: +SUB [/place/status] /move_group_commander_wrappers_1632362279609388401 http://wng:44157/
[rosmaster.master][INFO] 2021-09-23 10:58:00,393: +SUB [/place/feedback] /move_group_commander_wrappers_1632362279609388401 http://wng:44157/
[rosmaster.master][INFO] 2021-09-23 10:58:00,394: +SUB [/place/result] /move_group_commander_wrappers_1632362279609388401 http://wng:44157/
[rosmaster.master][INFO] 2021-09-23 10:58:00,395: +PUB [/place/goal] /move_group_commander_wrappers_1632362279609388401 http://wng:44157/
[rosmaster.master][INFO] 2021-09-23 10:58:00,395: +PUB [/place/cancel] /move_group_commander_wrappers_1632362279609388401 http://wng:44157/
[rosmaster.master][INFO] 2021-09-23 10:58:00,465: publisherUpdate[/place/goal] -> http://wng:37803/ ['http://wng:37113/', 'http://wng:44157/']
[rosmaster.master][INFO] 2021-09-23 10:58:00,467: publisherUpdate[/place/goal] -> http://wng:37803/ ['http://wng:37113/', 'http://wng:44157/']: sec=0.00, result=[1, '', 0]
[rosmaster.master][INFO] 2021-09-23 10:58:00,467: publisherUpdate[/place/cancel] -> http://wng:37803/ ['http://wng:37113/', 'http://wng:44157/']
[rosmaster.master][INFO] 2021-09-23 10:58:00,469: publisherUpdate[/place/cancel] -> http://wng:37803/ ['http://wng:37113/', 'http://wng:44157/']: sec=0.00, result=[1, '', 0]
[rosmaster.master][INFO] 2021-09-23 10:58:00,575: +SUB [/execute_trajectory/status] /move_group_commander_wrappers_1632362279609388401 http://wng:44157/
[rosmaster.master][INFO] 2021-09-23 10:58:00,578: +SUB [/execute_trajectory/feedback] /move_group_commander_wrappers_1632362279609388401 http://wng:44157/
[rosmaster.master][INFO] 2021-09-23 10:58:00,580: +SUB [/execute_trajectory/result] /move_group_commander_wrappers_1632362279609388401 http://wng:44157/
[rosmaster.master][INFO] 2021-09-23 10:58:00,581: +PUB [/execute_trajectory/goal] /move_group_commander_wrappers_1632362279609388401 http://wng:44157/
[rosmaster.master][INFO] 2021-09-23 10:58:00,581: +PUB [/execute_trajectory/cancel] /move_group_commander_wrappers_1632362279609388401 http://wng:44157/
[rosmaster.master][INFO] 2021-09-23 10:58:00,667: publisherUpdate[/execute_trajectory/goal] -> http://wng:37803/ ['http://wng:37113/', 'http://wng:44157/']
[rosmaster.master][INFO] 2021-09-23 10:58:00,668: publisherUpdate[/execute_trajectory/goal] -> http://wng:37803/ ['http://wng:37113/', 'http://wng:44157/']: sec=0.00, result=[1, '', 0]
[rosmaster.master][INFO] 2021-09-23 10:58:00,668: publisherUpdate[/execute_trajectory/cancel] -> http://wng:37803/ ['http://wng:37113/', 'http://wng:44157/']
[rosmaster.master][INFO] 2021-09-23 10:58:00,668: publisherUpdate[/execute_trajectory/cancel] -> http://wng:37803/ ['http://wng:37113/', 'http://wng:44157/']: sec=0.00, result=[1, '', 0]
[rosmaster.master][INFO] 2021-09-23 10:58:20,863: -SUB [/move_group/fake_controller_joint_states] /joint_state_publisher http://wng:46627/
[rosmaster.master][INFO] 2021-09-23 10:58:20,863: -PUB [/joint_states] /joint_state_publisher http://wng:46627/
[rosmaster.master][INFO] 2021-09-23 10:58:20,863: -PUB [/rosout] /joint_state_publisher http://wng:46627/
[rosmaster.master][INFO] 2021-09-23 10:58:20,863: -SERVICE [/joint_state_publisher/get_loggers] /joint_state_publisher rosrpc://wng:43533
[rosmaster.master][INFO] 2021-09-23 10:58:20,863: -SERVICE [/joint_state_publisher/set_logger_level] /joint_state_publisher rosrpc://wng:43533
[rosmaster.master][INFO] 2021-09-23 10:58:20,901: publisherUpdate[/joint_states] -> http://wng:45287/ []
[rosmaster.master][INFO] 2021-09-23 10:58:20,901: publisherUpdate[/joint_states] -> http://wng:45287/ []: sec=0.00, result=[1, '', 0]
[rosmaster.master][INFO] 2021-09-23 10:58:20,901: publisherUpdate[/joint_states] -> http://wng:35733/ []
[rosmaster.master][INFO] 2021-09-23 10:58:20,902: publisherUpdate[/joint_states] -> http://wng:35733/ []: sec=0.00, result=[1, '', 0]
[rosmaster.master][INFO] 2021-09-23 10:58:20,902: publisherUpdate[/rosout] -> http://wng:35141/ ['http://wng:45287/', 'http://wng:35733/', 'http://wng:37803/', 'http://wng:37113/', 'http://wng:44157/', 'http://wng:37521/']
[rosmaster.master][INFO] 2021-09-23 10:58:20,902: publisherUpdate[/rosout] -> http://wng:35141/ ['http://wng:45287/', 'http://wng:35733/', 'http://wng:37803/', 'http://wng:37113/', 'http://wng:44157/', 'http://wng:37521/']: sec=0.00, result=[1, '', 0]
[rosmaster.master][INFO] 2021-09-23 10:58:20,978: -PUB [/rosout] /move_group http://wng:37803/
[rosmaster.master][INFO] 2021-09-23 10:58:20,978: -PUB [/move_group/planning_scene_monitor/parameter_descriptions] /move_group http://wng:37803/
[rosmaster.master][INFO] 2021-09-23 10:58:20,978: -PUB [/move_group/planning_scene_monitor/parameter_updates] /move_group http://wng:37803/
[rosmaster.master][INFO] 2021-09-23 10:58:20,979: -PUB [/move_group/monitored_planning_scene] /move_group http://wng:37803/
[rosmaster.master][INFO] 2021-09-23 10:58:20,979: -PUB [/move_group/filtered_cloud] /move_group http://wng:37803/
[rosmaster.master][INFO] 2021-09-23 10:58:20,979: -PUB [/move_group/ompl/parameter_descriptions] /move_group http://wng:37803/
[rosmaster.master][INFO] 2021-09-23 10:58:20,979: -PUB [/move_group/ompl/parameter_updates] /move_group http://wng:37803/
[rosmaster.master][INFO] 2021-09-23 10:58:20,980: -PUB [/move_group/display_planned_path] /move_group http://wng:37803/
[rosmaster.master][INFO] 2021-09-23 10:58:20,980: -PUB [/move_group/display_contacts] /move_group http://wng:37803/
[rosmaster.master][INFO] 2021-09-23 10:58:20,980: -PUB [/move_group/fake_controller_joint_states] /move_group http://wng:37803/
[rosmaster.master][INFO] 2021-09-23 10:58:20,980: -PUB [/move_group/trajectory_execution/parameter_descriptions] /move_group http://wng:37803/
[rosmaster.master][INFO] 2021-09-23 10:58:20,980: -PUB [/move_group/trajectory_execution/parameter_updates] /move_group http://wng:37803/
[rosmaster.master][INFO] 2021-09-23 10:58:20,981: -PUB [/move_group/plan_execution/parameter_descriptions] /move_group http://wng:37803/
[rosmaster.master][INFO] 2021-09-23 10:58:20,981: -PUB [/move_group/plan_execution/parameter_updates] /move_group http://wng:37803/
[rosmaster.master][INFO] 2021-09-23 10:58:20,981: -PUB [/move_group/sense_for_plan/parameter_descriptions] /move_group http://wng:37803/
[rosmaster.master][INFO] 2021-09-23 10:58:20,981: -PUB [/move_group/sense_for_plan/parameter_updates] /move_group http://wng:37803/
[rosmaster.master][INFO] 2021-09-23 10:58:20,982: -PUB [/move_group/display_cost_sources] /move_group http://wng:37803/
[rosmaster.master][INFO] 2021-09-23 10:58:20,982: -PUB [/move_group/motion_plan_request] /move_group http://wng:37803/
[rosmaster.master][INFO] 2021-09-23 10:58:20,982: -PUB [/execute_trajectory/result] /move_group http://wng:37803/
[rosmaster.master][INFO] 2021-09-23 10:58:20,982: -PUB [/execute_trajectory/feedback] /move_group http://wng:37803/
[rosmaster.master][INFO] 2021-09-23 10:58:20,983: -PUB [/execute_trajectory/status] /move_group http://wng:37803/
[rosmaster.master][INFO] 2021-09-23 10:58:20,983: -PUB [/move_group/result] /move_group http://wng:37803/
[rosmaster.master][INFO] 2021-09-23 10:58:20,983: -PUB [/move_group/feedback] /move_group http://wng:37803/
[rosmaster.master][INFO] 2021-09-23 10:58:20,984: -PUB [/move_group/status] /move_group http://wng:37803/
[rosmaster.master][INFO] 2021-09-23 10:58:20,984: -PUB [/move_group/display_grasp_markers] /move_group http://wng:37803/
[rosmaster.master][INFO] 2021-09-23 10:58:20,984: -PUB [/pickup/result] /move_group http://wng:37803/
[rosmaster.master][INFO] 2021-09-23 10:58:20,985: -PUB [/pickup/feedback] /move_group http://wng:37803/
[rosmaster.master][INFO] 2021-09-23 10:58:20,985: -PUB [/pickup/status] /move_group http://wng:37803/
[rosmaster.master][INFO] 2021-09-23 10:58:20,985: -PUB [/place/result] /move_group http://wng:37803/
[rosmaster.master][INFO] 2021-09-23 10:58:20,986: -PUB [/place/feedback] /move_group http://wng:37803/
[rosmaster.master][INFO] 2021-09-23 10:58:20,986: -PUB [/place/status] /move_group http://wng:37803/
[rosmaster.master][INFO] 2021-09-23 10:58:20,986: -SUB [/tf] /move_group http://wng:37803/
[rosmaster.master][INFO] 2021-09-23 10:58:20,986: -SUB [/tf_static] /move_group http://wng:37803/
[rosmaster.master][INFO] 2021-09-23 10:58:20,987: -SUB [/planning_scene] /move_group http://wng:37803/
[rosmaster.master][INFO] 2021-09-23 10:58:20,987: -SUB [/collision_object] /move_group http://wng:37803/
[rosmaster.master][INFO] 2021-09-23 10:58:20,991: -SUB [/planning_scene_world] /move_group http://wng:37803/
[rosmaster.master][INFO] 2021-09-23 10:58:20,992: -SUB [/camera/depth_registered/points] /move_group http://wng:37803/
[rosmaster.master][INFO] 2021-09-23 10:58:20,992: -SUB [/joint_states_desired] /move_group http://wng:37803/
[rosmaster.master][INFO] 2021-09-23 10:58:20,992: -SUB [/attached_collision_object] /move_group http://wng:37803/
[rosmaster.master][INFO] 2021-09-23 10:58:20,993: -SUB [/trajectory_execution_event] /move_group http://wng:37803/
[rosmaster.master][INFO] 2021-09-23 10:58:20,993: -SUB [/execute_trajectory/goal] /move_group http://wng:37803/
[rosmaster.master][INFO] 2021-09-23 10:58:20,993: -SUB [/execute_trajectory/cancel] /move_group http://wng:37803/
[rosmaster.master][INFO] 2021-09-23 10:58:20,994: -SUB [/move_group/goal] /move_group http://wng:37803/
[rosmaster.master][INFO] 2021-09-23 10:58:20,994: -SUB [/move_group/cancel] /move_group http://wng:37803/
[rosmaster.master][INFO] 2021-09-23 10:58:20,994: -SUB [/pickup/goal] /move_group http://wng:37803/
[rosmaster.master][INFO] 2021-09-23 10:58:20,995: -SUB [/pickup/cancel] /move_group http://wng:37803/
[rosmaster.master][INFO] 2021-09-23 10:58:20,995: -SUB [/place/goal] /move_group http://wng:37803/
[rosmaster.master][INFO] 2021-09-23 10:58:20,995: -SUB [/place/cancel] /move_group http://wng:37803/
[rosmaster.master][INFO] 2021-09-23 10:58:20,995: -SERVICE [/move_group/get_loggers] /move_group rosrpc://wng:48347
[rosmaster.master][INFO] 2021-09-23 10:58:20,996: -SERVICE [/move_group/set_logger_level] /move_group rosrpc://wng:48347
[rosmaster.master][INFO] 2021-09-23 10:58:20,996: -SERVICE [/move_group/planning_scene_monitor/set_parameters] /move_group rosrpc://wng:48347
[rosmaster.master][INFO] 2021-09-23 10:58:20,996: -SERVICE [/move_group/save_map] /move_group rosrpc://wng:48347
[rosmaster.master][INFO] 2021-09-23 10:58:20,996: -SERVICE [/move_group/load_map] /move_group rosrpc://wng:48347
[rosmaster.master][INFO] 2021-09-23 10:58:20,996: -SERVICE [/move_group/ompl/set_parameters] /move_group rosrpc://wng:48347
[rosmaster.master][INFO] 2021-09-23 10:58:20,996: -SERVICE [/move_group/trajectory_execution/set_parameters] /move_group rosrpc://wng:48347
[rosmaster.master][INFO] 2021-09-23 10:58:20,997: -SERVICE [/move_group/plan_execution/set_parameters] /move_group rosrpc://wng:48347
[rosmaster.master][INFO] 2021-09-23 10:58:20,997: -SERVICE [/move_group/sense_for_plan/set_parameters] /move_group rosrpc://wng:48347
[rosmaster.master][INFO] 2021-09-23 10:58:20,997: -SERVICE [/apply_planning_scene] /move_group rosrpc://wng:48347
[rosmaster.master][INFO] 2021-09-23 10:58:20,997: -SERVICE [/clear_octomap] /move_group rosrpc://wng:48347
[rosmaster.master][INFO] 2021-09-23 10:58:20,997: -SERVICE [/compute_cartesian_path] /move_group rosrpc://wng:48347
[rosmaster.master][INFO] 2021-09-23 10:58:20,998: -SERVICE [/get_planning_scene] /move_group rosrpc://wng:48347
[rosmaster.master][INFO] 2021-09-23 10:58:20,998: -SERVICE [/compute_fk] /move_group rosrpc://wng:48347
[rosmaster.master][INFO] 2021-09-23 10:58:20,998: -SERVICE [/compute_ik] /move_group rosrpc://wng:48347
[rosmaster.master][INFO] 2021-09-23 10:58:20,998: -SERVICE [/plan_kinematic_path] /move_group rosrpc://wng:48347
[rosmaster.master][INFO] 2021-09-23 10:58:20,998: -SERVICE [/query_planner_interface] /move_group rosrpc://wng:48347
[rosmaster.master][INFO] 2021-09-23 10:58:20,999: -SERVICE [/get_planner_params] /move_group rosrpc://wng:48347
[rosmaster.master][INFO] 2021-09-23 10:58:20,999: -SERVICE [/set_planner_params] /move_group rosrpc://wng:48347
[rosmaster.master][INFO] 2021-09-23 10:58:20,999: -SERVICE [/check_state_validity] /move_group rosrpc://wng:48347
[rosmaster.master][INFO] 2021-09-23 10:58:20,999: -CACHEDPARAM [/rosout_disable_topics_generation] by /move_group
[rosmaster.master][INFO] 2021-09-23 10:58:21,001: -PUB [/rosout] /joint_state_desired_publisher http://wng:45287/
[rosmaster.master][INFO] 2021-09-23 10:58:21,002: -PUB [/joint_states_desired] /joint_state_desired_publisher http://wng:45287/
[rosmaster.master][INFO] 2021-09-23 10:58:21,002: -PUB [/rosout] /robot_state_publisher http://wng:35733/
[rosmaster.master][INFO] 2021-09-23 10:58:21,002: publisherUpdate[/rosout] -> http://wng:35141/ ['http://wng:45287/', 'http://wng:35733/', 'http://wng:37113/', 'http://wng:44157/', 'http://wng:37521/']
[rosmaster.master][INFO] 2021-09-23 10:58:21,002: -SUB [/joint_states] /joint_state_desired_publisher http://wng:45287/
[rosmaster.master][INFO] 2021-09-23 10:58:21,003: publisherUpdate[/move_group/monitored_planning_scene] -> http://wng:37113/ []
[rosmaster.master][INFO] 2021-09-23 10:58:21,003: publisherUpdate[/rosout] -> http://wng:35141/ ['http://wng:45287/', 'http://wng:35733/', 'http://wng:37113/', 'http://wng:44157/', 'http://wng:37521/']: sec=0.00, result=[1, '', 0]
[rosmaster.master][INFO] 2021-09-23 10:58:21,003: -PUB [/tf] /robot_state_publisher http://wng:35733/
[rosmaster.master][INFO] 2021-09-23 10:58:21,003: publisherUpdate[/execute_trajectory/result] -> http://wng:44157/ []
[rosmaster.master][INFO] 2021-09-23 10:58:21,004: -SERVICE [/joint_state_desired_publisher/get_loggers] /joint_state_desired_publisher rosrpc://wng:43723
[rosmaster.master][INFO] 2021-09-23 10:58:21,004: publisherUpdate[/move_group/monitored_planning_scene] -> http://wng:37113/ []: sec=0.00, result=[1, '', 0]
[rosmaster.master][INFO] 2021-09-23 10:58:21,004: -PUB [/tf_static] /robot_state_publisher http://wng:35733/
[rosmaster.master][INFO] 2021-09-23 10:58:21,004: publisherUpdate[/move_group/display_planned_path] -> http://wng:37113/ []
[rosmaster.master][INFO] 2021-09-23 10:58:21,005: -SERVICE [/joint_state_desired_publisher/set_logger_level] /joint_state_desired_publisher rosrpc://wng:43723
[rosmaster.master][INFO] 2021-09-23 10:58:21,005: publisherUpdate[/rosout] -> http://wng:35141/ ['http://wng:35733/', 'http://wng:37113/', 'http://wng:44157/', 'http://wng:37521/']
[rosmaster.master][INFO] 2021-09-23 10:58:21,005: -SUB [/joint_states] /robot_state_publisher http://wng:35733/
[rosmaster.master][INFO] 2021-09-23 10:58:21,005: publisherUpdate[/move_group/display_planned_path] -> http://wng:37113/ []: sec=0.00, result=[1, '', 0]
[rosmaster.master][INFO] 2021-09-23 10:58:21,006: -CACHEDPARAM [/rosout_disable_topics_generation] by /joint_state_desired_publisher
[rosmaster.master][INFO] 2021-09-23 10:58:21,006: publisherUpdate[/rosout] -> http://wng:35141/ ['http://wng:35733/', 'http://wng:37113/', 'http://wng:44157/', 'http://wng:37521/']: sec=0.00, result=[1, '', 0]
[rosmaster.master][INFO] 2021-09-23 10:58:21,006: -SERVICE [/robot_state_publisher/get_loggers] /robot_state_publisher rosrpc://wng:60003
[rosmaster.master][INFO] 2021-09-23 10:58:21,006: publisherUpdate[/execute_trajectory/result] -> http://wng:37113/ []
[rosmaster.master][INFO] 2021-09-23 10:58:21,006: publisherUpdate[/rosout] -> http://wng:35141/ ['http://wng:37113/', 'http://wng:44157/', 'http://wng:37521/']
[rosmaster.master][INFO] 2021-09-23 10:58:21,006: -SERVICE [/robot_state_publisher/set_logger_level] /robot_state_publisher rosrpc://wng:60003
[rosmaster.master][INFO] 2021-09-23 10:58:21,007: publisherUpdate[/execute_trajectory/result] -> http://wng:37113/ []: sec=0.00, result=[1, '', 0]
[rosmaster.master][INFO] 2021-09-23 10:58:21,007: publisherUpdate[/execute_trajectory/feedback] -> http://wng:37113/ []
[rosmaster.master][INFO] 2021-09-23 10:58:21,007: publisherUpdate[/execute_trajectory/feedback] -> http://wng:37113/ []: sec=0.00, result=[1, '', 0]
[rosmaster.master][INFO] 2021-09-23 10:58:21,008: publisherUpdate[/rosout] -> http://wng:35141/ ['http://wng:37113/', 'http://wng:44157/', 'http://wng:37521/']: sec=0.00, result=[1, '', 0]
[rosmaster.master][INFO] 2021-09-23 10:58:21,008: publisherUpdate[/execute_trajectory/status] -> http://wng:37113/ []
[rosmaster.master][INFO] 2021-09-23 10:58:21,008: publisherUpdate[/execute_trajectory/status] -> http://wng:37113/ []: sec=0.00, result=[1, '', 0]
[rosmaster.master][INFO] 2021-09-23 10:58:21,008: publisherUpdate[/move_group/result] -> http://wng:37113/ []
[rosmaster.master][INFO] 2021-09-23 10:58:21,008: publisherUpdate[/move_group/result] -> http://wng:37113/ []: sec=0.00, result=[1, '', 0]
[rosmaster.master][INFO] 2021-09-23 10:58:21,009: publisherUpdate[/move_group/feedback] -> http://wng:37113/ []
[rosmaster.master][INFO] 2021-09-23 10:58:21,009: publisherUpdate[/move_group/feedback] -> http://wng:37113/ []: sec=0.00, result=[1, '', 0]
[rosmaster.master][INFO] 2021-09-23 10:58:21,009: publisherUpdate[/move_group/status] -> http://wng:37113/ []
[rosmaster.master][INFO] 2021-09-23 10:58:21,009: publisherUpdate[/move_group/status] -> http://wng:37113/ []: sec=0.00, result=[1, '', 0]
[rosmaster.master][INFO] 2021-09-23 10:58:21,009: publisherUpdate[/pickup/result] -> http://wng:37113/ []
[rosmaster.master][INFO] 2021-09-23 10:58:21,009: publisherUpdate[/pickup/result] -> http://wng:37113/ []: sec=0.00, result=[1, '', 0]
[rosmaster.master][INFO] 2021-09-23 10:58:21,010: publisherUpdate[/pickup/feedback] -> http://wng:37113/ []
[rosmaster.master][INFO] 2021-09-23 10:58:21,010: publisherUpdate[/pickup/feedback] -> http://wng:37113/ []: sec=0.00, result=[1, '', 0]
[rosmaster.master][INFO] 2021-09-23 10:58:21,010: publisherUpdate[/pickup/status] -> http://wng:37113/ []
[rosmaster.master][INFO] 2021-09-23 10:58:21,010: publisherUpdate[/pickup/status] -> http://wng:37113/ []: sec=0.00, result=[1, '', 0]
[rosmaster.master][INFO] 2021-09-23 10:58:21,010: publisherUpdate[/place/result] -> http://wng:37113/ []
[rosmaster.master][INFO] 2021-09-23 10:58:21,010: publisherUpdate[/place/result] -> http://wng:37113/ []: sec=0.00, result=[1, '', 0]
[rosmaster.master][INFO] 2021-09-23 10:58:21,010: publisherUpdate[/place/feedback] -> http://wng:37113/ []
[rosmaster.master][INFO] 2021-09-23 10:58:21,011: publisherUpdate[/place/feedback] -> http://wng:37113/ []: sec=0.00, result=[1, '', 0]
[rosmaster.master][INFO] 2021-09-23 10:58:21,011: publisherUpdate[/place/status] -> http://wng:37113/ []
[rosmaster.master][INFO] 2021-09-23 10:58:21,011: publisherUpdate[/place/status] -> http://wng:37113/ []: sec=0.00, result=[1, '', 0]
[rosmaster.master][INFO] 2021-09-23 10:58:21,011: publisherUpdate[/tf] -> http://wng:37113/ []
[rosmaster.master][INFO] 2021-09-23 10:58:21,011: publisherUpdate[/tf] -> http://wng:37113/ []: sec=0.00, result=[1, '', 0]
[rosmaster.master][INFO] 2021-09-23 10:58:21,011: publisherUpdate[/tf_static] -> http://wng:37113/ []
[rosmaster.master][INFO] 2021-09-23 10:58:21,011: publisherUpdate[/tf_static] -> http://wng:37113/ []: sec=0.00, result=[1, '', 0]
[rosmaster.master][INFO] 2021-09-23 10:58:21,112: -PUB [/rosout] /rviz_wng_29449_9039999232388512557 http://wng:37113/
[rosmaster.master][INFO] 2021-09-23 10:58:21,112: publisherUpdate[/rosout] -> http://wng:35141/ ['http://wng:44157/', 'http://wng:37521/']
[rosmaster.master][INFO] 2021-09-23 10:58:21,113: -PUB [/planning_scene] /rviz_wng_29449_9039999232388512557 http://wng:37113/
[rosmaster.master][INFO] 2021-09-23 10:58:21,113: publisherUpdate[/rosout] -> http://wng:35141/ ['http://wng:44157/', 'http://wng:37521/']: sec=0.00, result=[1, '', 0]
[rosmaster.master][INFO] 2021-09-23 10:58:21,113: -PUB [/planning_scene_world] /rviz_wng_29449_9039999232388512557 http://wng:37113/
[rosmaster.master][INFO] 2021-09-23 10:58:21,113: -PUB [/rviz_wng_29449_9039999232388512557/motionplanning_planning_scene_monitor/parameter_descriptions] /rviz_wng_29449_9039999232388512557 http://wng:37113/
[rosmaster.master][INFO] 2021-09-23 10:58:21,114: -PUB [/rviz_wng_29449_9039999232388512557/motionplanning_planning_scene_monitor/parameter_updates] /rviz_wng_29449_9039999232388512557 http://wng:37113/
[rosmaster.master][INFO] 2021-09-23 10:58:21,114: -PUB [/rviz_moveit_motion_planning_display/robot_interaction_interactive_marker_topic/update_full] /rviz_wng_29449_9039999232388512557 http://wng:37113/
[rosmaster.master][INFO] 2021-09-23 10:58:21,114: -PUB [/rviz_moveit_motion_planning_display/robot_interaction_interactive_marker_topic/update] /rviz_wng_29449_9039999232388512557 http://wng:37113/
[rosmaster.master][INFO] 2021-09-23 10:58:21,115: -PUB [/rviz_moveit_motion_planning_display/robot_interaction_interactive_marker_topic/feedback] /rviz_wng_29449_9039999232388512557 http://wng:37113/
[rosmaster.master][INFO] 2021-09-23 10:58:21,115: -PUB [/trajectory_execution_event] /rviz_wng_29449_9039999232388512557 http://wng:37113/
[rosmaster.master][INFO] 2021-09-23 10:58:21,115: -PUB [/attached_collision_object] /rviz_wng_29449_9039999232388512557 http://wng:37113/
[rosmaster.master][INFO] 2021-09-23 10:58:21,116: -PUB [/move_group/goal] /rviz_wng_29449_9039999232388512557 http://wng:37113/
[rosmaster.master][INFO] 2021-09-23 10:58:21,116: -PUB [/move_group/cancel] /rviz_wng_29449_9039999232388512557 http://wng:37113/
[rosmaster.master][INFO] 2021-09-23 10:58:21,116: -PUB [/pickup/goal] /rviz_wng_29449_9039999232388512557 http://wng:37113/
[rosmaster.master][INFO] 2021-09-23 10:58:21,116: -PUB [/pickup/cancel] /rviz_wng_29449_9039999232388512557 http://wng:37113/
[rosmaster.master][INFO] 2021-09-23 10:58:21,117: -PUB [/place/goal] /rviz_wng_29449_9039999232388512557 http://wng:37113/
[rosmaster.master][INFO] 2021-09-23 10:58:21,117: -PUB [/place/cancel] /rviz_wng_29449_9039999232388512557 http://wng:37113/
[rosmaster.master][INFO] 2021-09-23 10:58:21,117: -PUB [/execute_trajectory/goal] /rviz_wng_29449_9039999232388512557 http://wng:37113/
[rosmaster.master][INFO] 2021-09-23 10:58:21,117: -PUB [/execute_trajectory/cancel] /rviz_wng_29449_9039999232388512557 http://wng:37113/
[rosmaster.master][INFO] 2021-09-23 10:58:21,118: -SUB [/tf] /rviz_wng_29449_9039999232388512557 http://wng:37113/
[rosmaster.master][INFO] 2021-09-23 10:58:21,118: -SUB [/tf_static] /rviz_wng_29449_9039999232388512557 http://wng:37113/
[rosmaster.master][INFO] 2021-09-23 10:58:21,118: -SUB [/action] /rviz_wng_29449_9039999232388512557 http://wng:37113/
[rosmaster.master][INFO] 2021-09-23 10:58:21,118: -SUB [/action_array] /rviz_wng_29449_9039999232388512557 http://wng:37113/
[rosmaster.master][INFO] 2021-09-23 10:58:21,118: -SUB [/recognized_object_array] /rviz_wng_29449_9039999232388512557 http://wng:37113/
[rosmaster.master][INFO] 2021-09-23 10:58:21,118: -SUB [/move_group/monitored_planning_scene] /rviz_wng_29449_9039999232388512557 http://wng:37113/
[rosmaster.master][INFO] 2021-09-23 10:58:21,119: -SUB [/move_group/display_planned_path] /rviz_wng_29449_9039999232388512557 http://wng:37113/
[rosmaster.master][INFO] 2021-09-23 10:58:21,119: -SUB [/rviz_moveit_motion_planning_display/robot_interaction_interactive_marker_topic/feedback] /rviz_wng_29449_9039999232388512557 http://wng:37113/
[rosmaster.master][INFO] 2021-09-23 10:58:21,119: -SUB [/rviz_moveit_motion_planning_display/robot_interaction_interactive_marker_topic/update] /rviz_wng_29449_9039999232388512557 http://wng:37113/
[rosmaster.master][INFO] 2021-09-23 10:58:21,119: -SUB [/move_group/status] /rviz_wng_29449_9039999232388512557 http://wng:37113/
[rosmaster.master][INFO] 2021-09-23 10:58:21,119: -SUB [/move_group/feedback] /rviz_wng_29449_9039999232388512557 http://wng:37113/
[rosmaster.master][INFO] 2021-09-23 10:58:21,120: -SUB [/move_group/result] /rviz_wng_29449_9039999232388512557 http://wng:37113/
[rosmaster.master][INFO] 2021-09-23 10:58:21,120: -SUB [/pickup/status] /rviz_wng_29449_9039999232388512557 http://wng:37113/
[rosmaster.master][INFO] 2021-09-23 10:58:21,120: -SUB [/pickup/feedback] /rviz_wng_29449_9039999232388512557 http://wng:37113/
[rosmaster.master][INFO] 2021-09-23 10:58:21,120: -SUB [/pickup/result] /rviz_wng_29449_9039999232388512557 http://wng:37113/
[rosmaster.master][INFO] 2021-09-23 10:58:21,120: -SUB [/place/status] /rviz_wng_29449_9039999232388512557 http://wng:37113/
[rosmaster.master][INFO] 2021-09-23 10:58:21,120: -SUB [/place/feedback] /rviz_wng_29449_9039999232388512557 http://wng:37113/
[rosmaster.master][INFO] 2021-09-23 10:58:21,121: -SUB [/place/result] /rviz_wng_29449_9039999232388512557 http://wng:37113/
[rosmaster.master][INFO] 2021-09-23 10:58:21,121: -SUB [/execute_trajectory/status] /rviz_wng_29449_9039999232388512557 http://wng:37113/
[rosmaster.master][INFO] 2021-09-23 10:58:21,121: -SUB [/execute_trajectory/feedback] /rviz_wng_29449_9039999232388512557 http://wng:37113/
[rosmaster.master][INFO] 2021-09-23 10:58:21,121: -SUB [/execute_trajectory/result] /rviz_wng_29449_9039999232388512557 http://wng:37113/
[rosmaster.master][INFO] 2021-09-23 10:58:21,121: -SERVICE [/rviz_wng_29449_9039999232388512557/get_loggers] /rviz_wng_29449_9039999232388512557 rosrpc://wng:50421
[rosmaster.master][INFO] 2021-09-23 10:58:21,122: -SERVICE [/rviz_wng_29449_9039999232388512557/set_logger_level] /rviz_wng_29449_9039999232388512557 rosrpc://wng:50421
[rosmaster.master][INFO] 2021-09-23 10:58:21,122: -SERVICE [/rviz_wng_29449_9039999232388512557/reload_shaders] /rviz_wng_29449_9039999232388512557 rosrpc://wng:50421
[rosmaster.master][INFO] 2021-09-23 10:58:21,122: -SERVICE [/rviz_wng_29449_9039999232388512557/load_config] /rviz_wng_29449_9039999232388512557 rosrpc://wng:50421
[rosmaster.master][INFO] 2021-09-23 10:58:21,122: -SERVICE [/rviz_wng_29449_9039999232388512557/save_config] /rviz_wng_29449_9039999232388512557 rosrpc://wng:50421
[rosmaster.master][INFO] 2021-09-23 10:58:21,122: -SERVICE [/rviz_wng_29449_9039999232388512557/motionplanning_planning_scene_monitor/set_parameters] /rviz_wng_29449_9039999232388512557 rosrpc://wng:50421
[rosmaster.master][INFO] 2021-09-23 10:58:21,123: -CACHEDPARAM [/rosout_disable_topics_generation] by /rviz_wng_29449_9039999232388512557
[rosmaster.master][INFO] 2021-09-23 10:58:21,208: publisherUpdate[/rviz_moveit_motion_planning_display/robot_interaction_interactive_marker_topic/update] -> http://wng:37113/ []
[rosmaster.master][INFO] 2021-09-23 10:58:21,209: publisherUpdate[/rviz_moveit_motion_planning_display/robot_interaction_interactive_marker_topic/update] -> http://wng:37113/ []: sec=0.00, exception=<Fault -1: 'publisherUpdate: unknown method name'>
[rosmaster.threadpool][ERROR] 2021-09-23 10:58:21,210: Traceback (most recent call last):
  File "/opt/ros/melodic/lib/python2.7/dist-packages/rosmaster/threadpool.py", line 218, in run
    result = cmd(*args)
  File "/opt/ros/melodic/lib/python2.7/dist-packages/rosmaster/master_api.py", line 210, in publisher_update_task
    ret = xmlrpcapi(api).publisherUpdate('/master', topic, pub_uris)
  File "/usr/lib/python2.7/xmlrpclib.py", line 1243, in __call__
    return self.__send(self.__name, args)
  File "/usr/lib/python2.7/xmlrpclib.py", line 1602, in __request
    verbose=self.__verbose
  File "/usr/lib/python2.7/xmlrpclib.py", line 1283, in request
    return self.single_request(host, handler, request_body, verbose)
  File "/usr/lib/python2.7/xmlrpclib.py", line 1316, in single_request
    return self.parse_response(response)
  File "/usr/lib/python2.7/xmlrpclib.py", line 1493, in parse_response
    return u.close()
  File "/usr/lib/python2.7/xmlrpclib.py", line 800, in close
    raise Fault(**self._stack[0])
Fault: <Fault -1: 'publisherUpdate: unknown method name'>

[rosmaster.master][INFO] 2021-09-23 10:58:21,210: publisherUpdate[/rviz_moveit_motion_planning_display/robot_interaction_interactive_marker_topic/feedback] -> http://wng:37113/ []
[rosmaster.master][INFO] 2021-09-23 10:58:21,210: publisherUpdate[/rviz_moveit_motion_planning_display/robot_interaction_interactive_marker_topic/feedback] -> http://wng:37113/ []: sec=0.00, exception=<Fault -1: 'publisherUpdate: unknown method name'>
[rosmaster.threadpool][ERROR] 2021-09-23 10:58:21,210: Traceback (most recent call last):
  File "/opt/ros/melodic/lib/python2.7/dist-packages/rosmaster/threadpool.py", line 218, in run
    result = cmd(*args)
  File "/opt/ros/melodic/lib/python2.7/dist-packages/rosmaster/master_api.py", line 210, in publisher_update_task
    ret = xmlrpcapi(api).publisherUpdate('/master', topic, pub_uris)
  File "/usr/lib/python2.7/xmlrpclib.py", line 1243, in __call__
    return self.__send(self.__name, args)
  File "/usr/lib/python2.7/xmlrpclib.py", line 1602, in __request
    verbose=self.__verbose
  File "/usr/lib/python2.7/xmlrpclib.py", line 1283, in request
    return self.single_request(host, handler, request_body, verbose)
  File "/usr/lib/python2.7/xmlrpclib.py", line 1316, in single_request
    return self.parse_response(response)
  File "/usr/lib/python2.7/xmlrpclib.py", line 1493, in parse_response
    return u.close()
  File "/usr/lib/python2.7/xmlrpclib.py", line 800, in close
    raise Fault(**self._stack[0])
Fault: <Fault -1: 'publisherUpdate: unknown method name'>

[rosmaster.master][INFO] 2021-09-23 10:58:21,713: -PUB [/rosout_agg] /rosout http://wng:35141/
[rosmaster.master][INFO] 2021-09-23 10:58:21,714: -SUB [/rosout] /rosout http://wng:35141/
[rosmaster.master][INFO] 2021-09-23 10:58:21,714: -SERVICE [/rosout/get_loggers] /rosout rosrpc://wng:40027
[rosmaster.master][INFO] 2021-09-23 10:58:21,714: -SERVICE [/rosout/set_logger_level] /rosout rosrpc://wng:40027
[rosmaster.master][INFO] 2021-09-23 10:58:21,715: -CACHEDPARAM [/rosout/omit_topics] by /rosout
[rosmaster.main][INFO] 2021-09-23 10:58:21,760: keyboard interrupt, will exit
[rosmaster.main][INFO] 2021-09-23 10:58:21,761: stopping master...
[rospy.core][INFO] 2021-09-23 10:58:21,761: signal_shutdown [atexit]
