[rospy.client][INFO] 2021-11-25 16:38:34,733: init_node, name[/joint_state_publisher], pid[22340]
[xmlrpc][INFO] 2021-11-25 16:38:34,733: XML-RPC server binding to 0.0.0.0:0
[xmlrpc][INFO] 2021-11-25 16:38:34,733: Started XML-RPC server [http://wng:34431/]
[rospy.init][INFO] 2021-11-25 16:38:34,733: ROS Slave URI: [http://wng:34431/]
[rospy.impl.masterslave][INFO] 2021-11-25 16:38:34,733: _ready: http://wng:34431/
[rospy.registration][INFO] 2021-11-25 16:38:34,734: Registering with master node http://localhost:11311
[xmlrpc][INFO] 2021-11-25 16:38:34,734: xml rpc node: starting XML-RPC server
[rospy.init][INFO] 2021-11-25 16:38:34,834: registered with master
[rospy.rosout][INFO] 2021-11-25 16:38:34,834: initializing /rosout core topic
[rospy.rosout][INFO] 2021-11-25 16:38:34,835: connected to core topic /rosout
[rospy.simtime][INFO] 2021-11-25 16:38:34,836: /use_sim_time is not set, will not subscribe to simulated time [/clock] topic
[rospy.internal][INFO] 2021-11-25 16:38:34,898: topic[/move_group/fake_controller_joint_states] adding connection to [http://wng:35599/], count 0
[rospy.internal][INFO] 2021-11-25 16:38:35,118: topic[/joint_states] adding connection to [/joint_state_desired_publisher], count 0
[rospy.internal][INFO] 2021-11-25 16:38:35,118: topic[/rosout] adding connection to [/rosout], count 0
[rospy.internal][INFO] 2021-11-25 16:38:35,118: topic[/joint_states] adding connection to [/robot_state_publisher], count 1
[rospy.internal][INFO] 2021-11-25 16:39:10,308: topic[/joint_states] adding connection to [/move_group_commander_wrappers_1637825922315436510], count 2
[rospy.internal][INFO] 2021-11-25 17:10:45,927: topic[/joint_states] removing connection to /move_group_commander_wrappers_1637825922315436510
[rospy.core][INFO] 2021-11-25 17:27:21,236: signal_shutdown [signal-2]
[rospy.internal][INFO] 2021-11-25 17:27:21,239: topic[/joint_states] removing connection to /joint_state_desired_publisher
[rospy.internal][INFO] 2021-11-25 17:27:21,239: topic[/joint_states] removing connection to /robot_state_publisher
[rospy.internal][INFO] 2021-11-25 17:27:21,239: topic[/rosout] removing connection to /rosout
[rospy.internal][INFO] 2021-11-25 17:27:21,239: topic[/move_group/fake_controller_joint_states] removing connection to http://wng:35599/
[rospy.impl.masterslave][INFO] 2021-11-25 17:27:21,247: signal-2
[rospy.core][INFO] 2021-11-25 17:27:21,411: signal_shutdown [atexit]
