[rospy.client][INFO] 2021-09-23 10:35:54,233: init_node, name[/joint_state_publisher], pid[26382]
[xmlrpc][INFO] 2021-09-23 10:35:54,233: XML-RPC server binding to 0.0.0.0:0
[xmlrpc][INFO] 2021-09-23 10:35:54,234: Started XML-RPC server [http://wng:38489/]
[rospy.init][INFO] 2021-09-23 10:35:54,234: ROS Slave URI: [http://wng:38489/]
[rospy.impl.masterslave][INFO] 2021-09-23 10:35:54,234: _ready: http://wng:38489/
[xmlrpc][INFO] 2021-09-23 10:35:54,234: xml rpc node: starting XML-RPC server
[rospy.registration][INFO] 2021-09-23 10:35:54,234: Registering with master node http://localhost:11311
[rospy.init][INFO] 2021-09-23 10:35:54,334: registered with master
[rospy.rosout][INFO] 2021-09-23 10:35:54,334: initializing /rosout core topic
[rospy.rosout][INFO] 2021-09-23 10:35:54,337: connected to core topic /rosout
[rospy.simtime][INFO] 2021-09-23 10:35:54,337: /use_sim_time is not set, will not subscribe to simulated time [/clock] topic
[rospy.internal][INFO] 2021-09-23 10:35:54,399: topic[/move_group/fake_controller_joint_states] adding connection to [http://wng:38117/], count 0
[rospy.internal][INFO] 2021-09-23 10:35:54,537: topic[/rosout] adding connection to [/rosout], count 0
[rospy.internal][INFO] 2021-09-23 10:35:54,636: topic[/joint_states] adding connection to [/joint_state_desired_publisher], count 0
[rospy.internal][INFO] 2021-09-23 10:35:54,637: topic[/joint_states] adding connection to [/robot_state_publisher], count 1
[rospy.core][INFO] 2021-09-23 10:46:56,183: signal_shutdown [signal-2]
[rospy.internal][INFO] 2021-09-23 10:46:56,185: topic[/joint_states] removing connection to /joint_state_desired_publisher
[rospy.internal][INFO] 2021-09-23 10:46:56,185: topic[/joint_states] removing connection to /robot_state_publisher
[rospy.internal][INFO] 2021-09-23 10:46:56,185: topic[/rosout] removing connection to /rosout
[rospy.internal][INFO] 2021-09-23 10:46:56,185: topic[/move_group/fake_controller_joint_states] removing connection to http://wng:38117/
[rospy.impl.masterslave][INFO] 2021-09-23 10:46:56,185: signal-2
[rospy.core][INFO] 2021-09-23 10:46:56,800: signal_shutdown [atexit]
