[rospy.client][INFO] 2021-09-05 17:46:44,345: init_node, name[/PandaMove], pid[28646]
[xmlrpc][INFO] 2021-09-05 17:46:44,345: XML-RPC server binding to 0.0.0.0:0
[xmlrpc][INFO] 2021-09-05 17:46:44,345: Started XML-RPC server [http://wng:33195/]
[rospy.init][INFO] 2021-09-05 17:46:44,345: ROS Slave URI: [http://wng:33195/]
[rospy.impl.masterslave][INFO] 2021-09-05 17:46:44,345: _ready: http://wng:33195/
[xmlrpc][INFO] 2021-09-05 17:46:44,346: xml rpc node: starting XML-RPC server
[rospy.registration][INFO] 2021-09-05 17:46:44,346: Registering with master node http://localhost:11311
[rospy.init][INFO] 2021-09-05 17:46:44,446: registered with master
[rospy.rosout][INFO] 2021-09-05 17:46:44,446: initializing /rosout core topic
[rospy.rosout][INFO] 2021-09-05 17:46:44,447: connected to core topic /rosout
[rospy.simtime][INFO] 2021-09-05 17:46:44,448: /use_sim_time is not set, will not subscribe to simulated time [/clock] topic
[rospy.internal][INFO] 2021-09-05 17:46:46,216: topic[/rosout] adding connection to [/rosout], count 0
[rospy.internal][INFO] 2021-09-05 17:46:46,237: topic[/attached_collision_object] adding connection to [/move_group], count 0
[rospy.internal][INFO] 2021-09-05 17:46:46,257: topic[/collision_object] adding connection to [/move_group], count 0
[rosout][INFO] 2021-09-05 17:46:46,269: wait for update_place_pose_state
[rospy.internal][INFO] 2021-09-05 17:46:46,313: topic[/tf_static] adding connection to [/move_group], count 0
[rospy.internal][INFO] 2021-09-05 17:46:46,343: topic[/tf_static] adding connection to [/move_group_commander_wrappers_1630831604299395386], count 1
[rospy.internal][INFO] 2021-09-05 17:46:46,406: topic[/tf_static] adding connection to [/rviz_wng_28610_2260078469996817073], count 2
[rospy.internal][INFO] 2021-09-05 17:46:46,507: topic[/action] adding connection to [/rviz_wng_28610_2260078469996817073], count 0
[rosout][INFO] 2021-09-05 17:46:46,971: pan
[rosout][INFO] 2021-09-05 17:46:46,992: wait for update_place_pose_state
[rosout][INFO] 2021-09-05 17:46:47,700: pot
[rosout][INFO] 2021-09-05 17:46:47,729: wait for update_place_pose_state
[rosout][INFO] 2021-09-05 17:46:48,440: plate
[rosout][INFO] 2021-09-05 17:46:48,447: wait for update_place_pose_state
[rosout][INFO] 2021-09-05 17:46:49,156: bowl
[rosout][INFO] 2021-09-05 17:46:49,169: wait for update_place_pose_state
[rosout][INFO] 2021-09-05 17:46:49,888: spatula
[rosout][INFO] 2021-09-05 17:46:49,896: wait for update_place_pose_state
[rosout][INFO] 2021-09-05 17:46:50,619: spreader
[rosout][INFO] 2021-09-05 17:46:50,628: wait for update_place_pose_state
[rosout][INFO] 2021-09-05 17:46:51,351: scooper
[rosout][INFO] 2021-09-05 17:46:51,360: wait for update_place_pose_state
[rosout][INFO] 2021-09-05 17:46:52,093: knife
[rosout][INFO] 2021-09-05 17:46:52,104: wait for update_place_pose_state
[rosout][INFO] 2021-09-05 17:46:52,829: cutting_board
[rosout][INFO] 2021-09-05 17:46:52,836: wait for update_place_pose_state
[rosout][INFO] 2021-09-05 17:46:53,564: tuna
[rosout][INFO] 2021-09-05 17:46:53,571: wait for update_place_pose_state
[rosout][INFO] 2021-09-05 17:46:54,302: onion
[rosout][INFO] 2021-09-05 17:46:54,309: wait for update_place_pose_state
[rosout][INFO] 2021-09-05 17:46:55,077: butter
[rosout][INFO] 2021-09-05 17:46:55,079: wait for update_place_pose_state
[rosout][INFO] 2021-09-05 17:46:55,812: lettuce
[rosout][INFO] 2021-09-05 17:46:55,818: wait for update_place_pose_state
[rosout][INFO] 2021-09-05 17:46:56,564: bread1
[rosout][INFO] 2021-09-05 17:46:56,569: wait for update_place_pose_state
[rosout][INFO] 2021-09-05 17:46:57,311: bread2
[rosout][INFO] 2021-09-05 17:46:57,315: wait for update_place_pose_state
[rosout][INFO] 2021-09-05 17:46:58,056: salt_bottle
[rosout][INFO] 2021-09-05 17:46:58,065: wait for update_place_pose_state
[rosout][INFO] 2021-09-05 17:46:58,808: sugar_bottle
[rosout][INFO] 2021-09-05 17:46:58,818: wait for update_place_pose_state
[rosout][INFO] 2021-09-05 17:46:59,563: pepper_bottle
[rosout][INFO] 2021-09-05 17:46:59,573: wait for update_place_pose_state
[rosout][INFO] 2021-09-05 17:47:00,345: mayonnaise_bottle
[rosout][INFO] 2021-09-05 17:47:00,352: wait for update_place_pose_state
[rosout][INFO] 2021-09-05 17:47:01,119: chopped_onion
[rosout][INFO] 2021-09-05 17:47:01,126: wait for update_place_pose_state
[rosout][INFO] 2021-09-05 17:47:01,879: chopped_tuna
[rosout][INFO] 2021-09-05 17:47:01,900: wait for update_place_pose_state
[rosout][INFO] 2021-09-05 17:47:02,686: chopped_sandwich
[rosout][INFO] 2021-09-05 17:47:02,698: wait for update_place_pose_state
[rosout][INFO] 2021-09-05 17:47:03,470: chopped_lettuce
[rosout][INFO] 2021-09-05 17:47:03,475: wait for update_place_pose_state
[rosout][INFO] 2021-09-05 17:47:04,249: mayonnaise_1
[rosout][INFO] 2021-09-05 17:47:04,256: wait for update_place_pose_state
[rosout][INFO] 2021-09-05 17:47:05,032: sugar_1
[rosout][INFO] 2021-09-05 17:47:05,038: wait for update_place_pose_state
[rosout][INFO] 2021-09-05 17:47:05,798: pepper_1
[rosout][INFO] 2021-09-05 17:47:05,804: wait for update_place_pose_state
[rosout][INFO] 2021-09-05 17:47:06,559: salt_1
[rosout][INFO] 2021-09-05 17:47:06,566: wait for update_place_pose_state
[rosout][INFO] 2021-09-05 17:47:07,324: tuna_spread
[rosout][INFO] 2021-09-05 17:47:07,329: wait for update_place_pose_state
[rosout][INFO] 2021-09-05 17:47:08,085: sandwich
[rosout][INFO] 2021-09-05 17:47:19,552: [Unity Error] Initialization Sync Failed
[rosout][ERROR] 2021-09-05 17:47:28,987: list index out of range
[rosout][INFO] 2021-09-05 17:47:28,989: ==================================================
[rosout][INFO] 2021-09-05 17:47:28,990: [task=1]
[rosout][INFO] 2021-09-05 17:47:28,991: wait for update_place_pose_state
[rosout][INFO] 2021-09-05 17:47:29,802: ####### generate problem #######
[rosout][INFO] 2021-09-05 17:47:29,804: using_ings: [set(['pepper', 'tuna', 'salt', 'mayonnaise', 'sugar']), {}]
[rosout][INFO] 2021-09-05 17:47:29,805: using_objects: {'plate': 'plate', 'pepper': 'pepper', 'salt_bottle': 'salt_bottle', 'pepper_bottle': 'pepper_bottle', 'near_cutting_board': 'near_cutting_board', 'sugar_bottle': 'sugar_bottle', 'pot': 'pot', 'bowl': 'bowl', 'mayonnaise': 'mayonnaise', 'sugar': 'sugar', 'cutting_board': 'cutting_board', 'spatula': 'spatula', 'spreader': 'spreader', 'scooper': 'scooper', 'mayonnaise_bottle': 'mayonnaise_bottle', 'table': 'table', 'tuna': 'tuna', 'salt': 'salt', 'stove': 'stove', 'pan': 'pan', 'knife': 'knife'}
[rosout][INFO] 2021-09-05 17:47:29,806: goal: {'chopped_tuna': True, 'exist_mayonnaise': True, 'exist_lettuce': True, 'exist_tuna': True, 'exist_onion': True, 'exist_pepper': True, 'exist_salt': True, 'exist_bread2': True, 'exist_sugar': True, 'exist_bread1': True, 'exist_butter': True}
[rosout][INFO] 2021-09-05 17:47:29,807: goal_diff: {'chopped_tuna': True}
[rosout][INFO] 2021-09-05 17:47:29,808: current: {'sugar_bottle_is_on': 'table1', 'salt_bottle_is_on': 'table1', 'pan_is_on': 'table1', 'plate_is_on': 'near_cutting_board', 'spatula_is_on': 'table1', 'bread1_is_on': 'table1', 'mayonnaise_bottle_is_on': 'table1', 'bread2_is_on': 'table1', 'knife_is_on': 'table1', 'onion_is_on': 'table1', 'pepper_bottle_is_on': 'table1', 'bowl_is_on': 'table1', 'scooper_is_on': 'table1', 'tuna_is_on': 'table1', 'butter_is_on': 'table1', 'lettuce_is_on': 'table1', 'pot_is_on': 'table1', 'spreader_is_on': 'table1'}
[rosout][INFO] 2021-09-05 17:47:29,809: initial: {'bread1_is_on': 'table1', 'cooked_mayonnaise': False, 'spatula_is_on': 'table1', 'cooked_lettuce': False, 'mayonnaise_is_in': 'None', 'exist_bread2': True, 'exist_tuna_spread': False, 'exist_bread1': True, 'onion_is_on': 'table1', 'cooked_tuna_spread': False, 'bread2_is_on': 'table1', 'spread_on_bread1': 'None', 'spread_on_mayonnaise': 'None', 'spread_on_tuna_spread': 'None', 'cooked_salt': False, 'cooked_bread1': False, 'exist_butter': True, 'cooked_bread2': False, 'lettuce_is_on': 'table1', 'chopped_bread2': False, 'sugar_is_in': 'None', 'chopped_bread1': False, 'pot_is_on': 'table1', 'spread_on_tuna': 'None', 'tuna_is_in': 'None', 'chopped_sandwich': False, 'sandwich_is_in': 'None', 'pepper_is_on': 'table', 'exist_pepper': True, 'cooked_butter': False, 'cooked_sandwich': False, 'spread_on_onion': 'None', 'butter_is_on': 'table1', 'chopped_onion': False, 'exist_sandwich': False, 'salt_bottle_is_on': 'table1', 'tuna_spread_is_on': 'table', 'spread_on_lettuce': 'None', 'spread_on_bread2': 'None', 'chopped_pepper': False, 'lettuce_is_in': 'None', 'cooked_onion': False, 'spread_on_pepper': 'None', 'chopped_salt': False, 'bread1_is_in': 'None', 'onion_is_in': 'None', 'bowl_is_on': 'table1', 'bread2_is_in': 'None', 'exist_salt': True, 'spread_on_sandwich': 'None', 'sandwich_is_on': 'table', 'mayonnaise_is_on': 'table', 'exist_lettuce': True, 'salt_is_on': 'table', 'mayonnaise_bottle_is_on': 'table1', 'chopped_mayonnaise': False, 'knife_is_on': 'table1', 'spread_on_salt': 'None', 'holding': 'None', 'chopped_lettuce': False, 'chopped_butter': False, 'spreader_is_on': 'table1', 'chopped_tuna': False, 'sugar_bottle_is_on': 'table1', 'spread_on_sugar': 'None', 'spread_on_butter': 'None', 'sugar_is_on': 'table', 'salt_is_in': 'None', 'pepper_bottle_is_on': 'table1', 'cooked_sugar': False, 'exist_mayonnaise': True, 'tuna_is_on': 'table1', 'cooked_pepper': False, 'plate_is_on': 'near_cutting_board', 'pepper_is_in': 'None', 'exist_tuna': True, 'chopped_sugar': False, 'exist_onion': True, 'chopped_tuna_spread': False, 'pan_is_on': 'table1', 'tuna_spread_is_in': 'None', 'cooked_tuna': False, 'scooper_is_on': 'table1', 'butter_is_in': 'None', 'exist_sugar': True}
[rosout][INFO] 2021-09-05 17:47:33,812: ####### task plan info #######
[rosout][INFO] 2021-09-05 17:47:33,813: plan =  -> PickUp/tuna -> Place/tuna/cutting_board/ingredient -> PickUp/knife -> Chop/tuna/knife
[rosout][INFO] 2021-09-05 17:47:33,814: length = 4
[rosout][INFO] 2021-09-05 17:47:33,814: num_of_expand = 2705
[rosout][INFO] 2021-09-05 17:47:33,815: time = 4.00128817558
[rosout][INFO] 2021-09-05 17:47:33,815: success = True
[rosout][INFO] 2021-09-05 17:47:33,816: ==================================================
[rosout][INFO] 2021-09-05 17:47:33,817: [ola=0] ['PickUp', 'tuna']
[rosout][INFO] 2021-09-05 17:47:34,021: move_to: 16
[rospy.core][INFO] 2021-09-05 17:47:40,181: signal_shutdown [signal-2]
[rospy.internal][INFO] 2021-09-05 17:47:40,184: topic[/collision_object] removing connection to /move_group
[rospy.internal][INFO] 2021-09-05 17:47:40,184: topic[/rosout] removing connection to /rosout
[rospy.internal][INFO] 2021-09-05 17:47:40,184: topic[/tf_static] removing connection to /move_group
[rospy.internal][INFO] 2021-09-05 17:47:40,184: topic[/tf_static] removing connection to /move_group_commander_wrappers_1630831604299395386
[rospy.internal][INFO] 2021-09-05 17:47:40,185: topic[/tf_static] removing connection to /rviz_wng_28610_2260078469996817073
[rospy.internal][INFO] 2021-09-05 17:47:40,185: topic[/attached_collision_object] removing connection to /move_group
[rospy.internal][INFO] 2021-09-05 17:47:40,185: topic[/action] removing connection to /rviz_wng_28610_2260078469996817073
[rospy.impl.masterslave][INFO] 2021-09-05 17:47:40,185: signal-2
[rospy.core][INFO] 2021-09-05 17:47:55,203: signal_shutdown [signal-15]
