[rospy.client][INFO] 2021-09-05 17:46:38,576: init_node, name[/server_endpoint], pid[28645]
[xmlrpc][INFO] 2021-09-05 17:46:38,576: XML-RPC server binding to 0.0.0.0:0
[xmlrpc][INFO] 2021-09-05 17:46:38,577: Started XML-RPC server [http://wng:34329/]
[rospy.init][INFO] 2021-09-05 17:46:38,577: ROS Slave URI: [http://wng:34329/]
[rospy.impl.masterslave][INFO] 2021-09-05 17:46:38,577: _ready: http://wng:34329/
[rospy.registration][INFO] 2021-09-05 17:46:38,577: Registering with master node http://localhost:11311
[xmlrpc][INFO] 2021-09-05 17:46:38,577: xml rpc node: starting XML-RPC server
[rospy.init][INFO] 2021-09-05 17:46:38,677: registered with master
[rospy.rosout][INFO] 2021-09-05 17:46:38,678: initializing /rosout core topic
[rospy.rosout][INFO] 2021-09-05 17:46:38,680: connected to core topic /rosout
[rospy.simtime][INFO] 2021-09-05 17:46:38,683: /use_sim_time is not set, will not subscribe to simulated time [/clock] topic
[rosout][INFO] 2021-09-05 17:46:38,704: Starting server on 192.168.1.146:10000
[rospy.internal][INFO] 2021-09-05 17:46:38,887: topic[/rosout] adding connection to [/rosout], count 0
[rosout][INFO] 2021-09-05 17:47:11,922: Connection from 192.168.1.146
[rosout][INFO] 2021-09-05 17:47:11,927: RegisterPublisher(execution_check, <class 'panda_move.msg._ExecutionCheck.ExecutionCheck'>) OK
[rospy.internal][INFO] 2021-09-05 17:47:11,970: topic[/execution_check] adding connection to [http://wng:34329/], count 0
[rospy.internal][INFO] 2021-09-05 17:47:11,971: topic[/execution_check] adding connection to [/server_endpoint], count 0
[rospy.core][INFO] 2021-09-05 17:47:40,185: signal_shutdown [signal-2]
[rospy.internal][INFO] 2021-09-05 17:47:40,188: topic[/execution_check] removing connection to /server_endpoint
[rospy.internal][INFO] 2021-09-05 17:47:40,189: topic[/rosout] removing connection to /rosout
[rospy.internal][INFO] 2021-09-05 17:47:40,189: topic[/execution_check] removing connection to http://wng:34329/
[rospy.impl.masterslave][INFO] 2021-09-05 17:47:40,189: signal-2
[rospy.core][INFO] 2021-09-05 17:47:40,293: signal_shutdown [atexit]
