[rospy.client][INFO] 2021-09-07 15:18:18,634: init_node, name[/joint_state_publisher], pid[3303]
[xmlrpc][INFO] 2021-09-07 15:18:18,634: XML-RPC server binding to 0.0.0.0:0
[xmlrpc][INFO] 2021-09-07 15:18:18,634: Started XML-RPC server [http://wng:46689/]
[rospy.init][INFO] 2021-09-07 15:18:18,634: ROS Slave URI: [http://wng:46689/]
[rospy.impl.masterslave][INFO] 2021-09-07 15:18:18,635: _ready: http://wng:46689/
[xmlrpc][INFO] 2021-09-07 15:18:18,635: xml rpc node: starting XML-RPC server
[rospy.registration][INFO] 2021-09-07 15:18:18,635: Registering with master node http://localhost:11311
[rospy.init][INFO] 2021-09-07 15:18:18,735: registered with master
[rospy.rosout][INFO] 2021-09-07 15:18:18,735: initializing /rosout core topic
[rospy.rosout][INFO] 2021-09-07 15:18:18,737: connected to core topic /rosout
[rospy.simtime][INFO] 2021-09-07 15:18:18,738: /use_sim_time is not set, will not subscribe to simulated time [/clock] topic
[rospy.internal][INFO] 2021-09-07 15:18:18,800: topic[/move_group/fake_controller_joint_states] adding connection to [http://wng:44561/], count 0
[rospy.internal][INFO] 2021-09-07 15:18:18,982: topic[/rosout] adding connection to [/rosout], count 0
[rospy.internal][INFO] 2021-09-07 15:18:18,982: topic[/joint_states] adding connection to [/joint_state_desired_publisher], count 0
[rospy.internal][INFO] 2021-09-07 15:18:18,982: topic[/joint_states] adding connection to [/robot_state_publisher], count 1
[rospy.internal][INFO] 2021-09-07 15:19:04,527: topic[/joint_states] adding connection to [/move_group_commander_wrappers_1630995515131669478], count 2
[rospy.internal][INFO] 2021-09-07 15:40:52,252: topic[/joint_states] removing connection to /move_group_commander_wrappers_1630995515131669478
[rospy.core][INFO] 2021-09-07 15:41:01,789: signal_shutdown [signal-2]
[rospy.internal][INFO] 2021-09-07 15:41:01,792: topic[/joint_states] removing connection to /joint_state_desired_publisher
[rospy.internal][INFO] 2021-09-07 15:41:01,797: topic[/joint_states] removing connection to /robot_state_publisher
[rospy.internal][INFO] 2021-09-07 15:41:01,797: topic[/rosout] removing connection to /rosout
[rospy.internal][INFO] 2021-09-07 15:41:01,797: topic[/move_group/fake_controller_joint_states] removing connection to http://wng:44561/
[rospy.impl.masterslave][INFO] 2021-09-07 15:41:01,797: signal-2
[rospy.core][INFO] 2021-09-07 15:41:01,929: signal_shutdown [atexit]
