[rospy.client][INFO] 2021-09-07 15:18:19,094: init_node, name[/server_endpoint], pid[3301]
[xmlrpc][INFO] 2021-09-07 15:18:19,094: XML-RPC server binding to 0.0.0.0:0
[xmlrpc][INFO] 2021-09-07 15:18:19,095: Started XML-RPC server [http://wng:37411/]
[rospy.init][INFO] 2021-09-07 15:18:19,095: ROS Slave URI: [http://wng:37411/]
[rospy.impl.masterslave][INFO] 2021-09-07 15:18:19,095: _ready: http://wng:37411/
[rospy.registration][INFO] 2021-09-07 15:18:19,095: Registering with master node http://localhost:11311
[xmlrpc][INFO] 2021-09-07 15:18:19,095: xml rpc node: starting XML-RPC server
[rospy.init][INFO] 2021-09-07 15:18:19,195: registered with master
[rospy.rosout][INFO] 2021-09-07 15:18:19,195: initializing /rosout core topic
[rospy.rosout][INFO] 2021-09-07 15:18:19,196: connected to core topic /rosout
[rospy.simtime][INFO] 2021-09-07 15:18:19,196: /use_sim_time is not set, will not subscribe to simulated time [/clock] topic
[rosout][INFO] 2021-09-07 15:18:19,202: Starting server on 192.168.1.146:10000
[rospy.internal][INFO] 2021-09-07 15:18:19,486: topic[/rosout] adding connection to [/rosout], count 0
[rosout][INFO] 2021-09-07 15:18:46,008: Connection from 192.168.1.146
[rosout][INFO] 2021-09-07 15:18:46,012: RegisterPublisher(execution_check, <class 'panda_move.msg._ExecutionCheck.ExecutionCheck'>) OK
[rospy.internal][INFO] 2021-09-07 15:18:46,085: topic[/execution_check] adding connection to [http://wng:37411/], count 0
[rospy.internal][INFO] 2021-09-07 15:18:46,088: topic[/execution_check] adding connection to [/server_endpoint], count 0
[rospy.core][INFO] 2021-09-07 15:41:01,796: signal_shutdown [signal-2]
[rospy.internal][INFO] 2021-09-07 15:41:01,800: topic[/execution_check] removing connection to /server_endpoint
[rospy.internal][INFO] 2021-09-07 15:41:01,801: topic[/rosout] removing connection to /rosout
[rospy.internal][INFO] 2021-09-07 15:41:01,801: topic[/execution_check] removing connection to http://wng:37411/
[rospy.impl.masterslave][INFO] 2021-09-07 15:41:01,801: signal-2
[rospy.internal][ERROR] 2021-09-07 15:41:01,801: Unable to initiate TCP/IP socket to wng:46777 (http://wng:37411/): Traceback (most recent call last):
  File "/opt/ros/melodic/lib/python2.7/dist-packages/rospy/impl/tcpros_base.py", line 562, in connect
    self.read_header()
  File "/opt/ros/melodic/lib/python2.7/dist-packages/rospy/impl/tcpros_base.py", line 657, in read_header
    self._validate_header(read_ros_handshake_header(sock, self.read_buff, self.protocol.buff_size))
  File "/opt/ros/melodic/lib/python2.7/dist-packages/rospy/impl/tcpros_base.py", line 600, in _validate_header
    raise TransportInitError("remote error reported: %s"%header['error'])
TransportInitError: remote error reported: node shutting down

[rospy.core][INFO] 2021-09-07 15:41:01,905: signal_shutdown [atexit]
