[rospy.client][INFO] 2021-12-14 10:18:44,016: init_node, name[/joint_state_publisher], pid[15142]
[xmlrpc][INFO] 2021-12-14 10:18:44,016: XML-RPC server binding to 0.0.0.0:0
[xmlrpc][INFO] 2021-12-14 10:18:44,017: Started XML-RPC server [http://wng:36339/]
[rospy.impl.masterslave][INFO] 2021-12-14 10:18:44,017: _ready: http://wng:36339/
[rospy.init][INFO] 2021-12-14 10:18:44,017: ROS Slave URI: [http://wng:36339/]
[xmlrpc][INFO] 2021-12-14 10:18:44,017: xml rpc node: starting XML-RPC server
[rospy.registration][INFO] 2021-12-14 10:18:44,018: Registering with master node http://localhost:11311
[rospy.init][INFO] 2021-12-14 10:18:44,118: registered with master
[rospy.rosout][INFO] 2021-12-14 10:18:44,118: initializing /rosout core topic
[rospy.rosout][INFO] 2021-12-14 10:18:44,120: connected to core topic /rosout
[rospy.simtime][INFO] 2021-12-14 10:18:44,120: /use_sim_time is not set, will not subscribe to simulated time [/clock] topic
[rospy.internal][INFO] 2021-12-14 10:18:44,183: topic[/move_group/fake_controller_joint_states] adding connection to [http://wng:39297/], count 0
[rospy.internal][INFO] 2021-12-14 10:18:44,394: topic[/rosout] adding connection to [/rosout], count 0
[rospy.internal][INFO] 2021-12-14 10:18:44,395: topic[/joint_states] adding connection to [/joint_state_desired_publisher], count 0
[rospy.internal][INFO] 2021-12-14 10:18:44,396: topic[/joint_states] adding connection to [/robot_state_publisher], count 1
[rospy.internal][INFO] 2021-12-14 10:20:03,197: topic[/joint_states] adding connection to [/move_group_commander_wrappers_1639444777296582714], count 2
[rospy.core][INFO] 2021-12-14 10:20:23,777: signal_shutdown [signal-2]
[rospy.internal][INFO] 2021-12-14 10:20:23,783: topic[/joint_states] removing connection to /joint_state_desired_publisher
[rospy.internal][INFO] 2021-12-14 10:20:23,783: topic[/joint_states] removing connection to /robot_state_publisher
[rospy.internal][INFO] 2021-12-14 10:20:23,783: topic[/joint_states] removing connection to /move_group_commander_wrappers_1639444777296582714
[rospy.internal][INFO] 2021-12-14 10:20:23,784: topic[/rosout] removing connection to /rosout
[rospy.internal][INFO] 2021-12-14 10:20:23,784: topic[/move_group/fake_controller_joint_states] removing connection to http://wng:39297/
[rospy.impl.masterslave][INFO] 2021-12-14 10:20:23,784: signal-2
[rospy.core][INFO] 2021-12-14 10:20:23,948: signal_shutdown [atexit]
