[rospy.client][INFO] 2021-12-14 10:18:44,341: init_node, name[/server_endpoint], pid[15140]
[xmlrpc][INFO] 2021-12-14 10:18:44,341: XML-RPC server binding to 0.0.0.0:0
[xmlrpc][INFO] 2021-12-14 10:18:44,342: Started XML-RPC server [http://wng:41779/]
[rospy.init][INFO] 2021-12-14 10:18:44,342: ROS Slave URI: [http://wng:41779/]
[rospy.impl.masterslave][INFO] 2021-12-14 10:18:44,342: _ready: http://wng:41779/
[rospy.registration][INFO] 2021-12-14 10:18:44,342: Registering with master node http://localhost:11311
[xmlrpc][INFO] 2021-12-14 10:18:44,342: xml rpc node: starting XML-RPC server
[rospy.init][INFO] 2021-12-14 10:18:44,442: registered with master
[rospy.rosout][INFO] 2021-12-14 10:18:44,442: initializing /rosout core topic
[rospy.rosout][INFO] 2021-12-14 10:18:44,444: connected to core topic /rosout
[rospy.simtime][INFO] 2021-12-14 10:18:44,445: /use_sim_time is not set, will not subscribe to simulated time [/clock] topic
[rosout][INFO] 2021-12-14 10:18:44,451: Starting server on 192.168.0.8:10000
[rospy.internal][INFO] 2021-12-14 10:18:44,696: topic[/rosout] adding connection to [/rosout], count 0
[rosout][INFO] 2021-12-14 10:19:44,455: Connection from 192.168.0.8
[rosout][INFO] 2021-12-14 10:19:44,460: RegisterPublisher(execution_check, <class 'panda_move.msg._ExecutionCheck.ExecutionCheck'>) OK
[rospy.internal][INFO] 2021-12-14 10:19:44,476: topic[/execution_check] adding connection to [http://wng:41779/], count 0
[rospy.internal][INFO] 2021-12-14 10:19:44,477: topic[/execution_check] adding connection to [/server_endpoint], count 0
[rospy.core][INFO] 2021-12-14 10:20:23,777: signal_shutdown [signal-2]
[rospy.internal][INFO] 2021-12-14 10:20:23,784: topic[/execution_check] removing connection to /server_endpoint
[rospy.internal][INFO] 2021-12-14 10:20:23,785: topic[/rosout] removing connection to /rosout
[rospy.internal][INFO] 2021-12-14 10:20:23,785: topic[/execution_check] removing connection to http://wng:41779/
[rospy.impl.masterslave][INFO] 2021-12-14 10:20:23,786: signal-2
[rospy.internal][ERROR] 2021-12-14 10:20:23,786: Unable to initiate TCP/IP socket to wng:44119 (http://wng:41779/): Traceback (most recent call last):
  File "/opt/ros/melodic/lib/python2.7/dist-packages/rospy/impl/tcpros_base.py", line 562, in connect
    self.read_header()
  File "/opt/ros/melodic/lib/python2.7/dist-packages/rospy/impl/tcpros_base.py", line 657, in read_header
    self._validate_header(read_ros_handshake_header(sock, self.read_buff, self.protocol.buff_size))
  File "/opt/ros/melodic/lib/python2.7/dist-packages/rospy/impl/tcpros_base.py", line 600, in _validate_header
    raise TransportInitError("remote error reported: %s"%header['error'])
TransportInitError: remote error reported: node shutting down

[rospy.core][INFO] 2021-12-14 10:20:23,901: signal_shutdown [atexit]
