[rospy.client][INFO] 2021-09-17 11:40:37,234: init_node, name[/joint_state_publisher], pid[6462]
[xmlrpc][INFO] 2021-09-17 11:40:37,234: XML-RPC server binding to 0.0.0.0:0
[xmlrpc][INFO] 2021-09-17 11:40:37,234: Started XML-RPC server [http://wng:44661/]
[rospy.init][INFO] 2021-09-17 11:40:37,234: ROS Slave URI: [http://wng:44661/]
[rospy.impl.masterslave][INFO] 2021-09-17 11:40:37,234: _ready: http://wng:44661/
[xmlrpc][INFO] 2021-09-17 11:40:37,235: xml rpc node: starting XML-RPC server
[rospy.registration][INFO] 2021-09-17 11:40:37,235: Registering with master node http://localhost:11311
[rospy.init][INFO] 2021-09-17 11:40:37,335: registered with master
[rospy.rosout][INFO] 2021-09-17 11:40:37,335: initializing /rosout core topic
[rospy.rosout][INFO] 2021-09-17 11:40:37,337: connected to core topic /rosout
[rospy.simtime][INFO] 2021-09-17 11:40:37,338: /use_sim_time is not set, will not subscribe to simulated time [/clock] topic
[rospy.internal][INFO] 2021-09-17 11:40:37,404: topic[/move_group/fake_controller_joint_states] adding connection to [http://wng:42339/], count 0
[rospy.internal][INFO] 2021-09-17 11:40:37,627: topic[/rosout] adding connection to [/rosout], count 0
[rospy.internal][INFO] 2021-09-17 11:40:37,627: topic[/joint_states] adding connection to [/joint_state_desired_publisher], count 0
[rospy.internal][INFO] 2021-09-17 11:40:37,726: topic[/joint_states] adding connection to [/robot_state_publisher], count 1
[rospy.internal][INFO] 2021-09-17 11:41:09,627: topic[/joint_states] adding connection to [/move_group_commander_wrappers_1631846444619642289], count 2
[rospy.core][INFO] 2021-09-17 11:57:10,534: signal_shutdown [signal-2]
[rospy.internal][INFO] 2021-09-17 11:57:10,536: topic[/joint_states] removing connection to /joint_state_desired_publisher
[rospy.internal][INFO] 2021-09-17 11:57:10,539: topic[/joint_states] removing connection to /robot_state_publisher
[rospy.internal][INFO] 2021-09-17 11:57:10,549: topic[/joint_states] removing connection to /move_group_commander_wrappers_1631846444619642289
[rospy.internal][INFO] 2021-09-17 11:57:10,549: topic[/rosout] removing connection to /rosout
[rospy.internal][INFO] 2021-09-17 11:57:10,550: topic[/move_group/fake_controller_joint_states] removing connection to http://wng:42339/
[rospy.impl.masterslave][INFO] 2021-09-17 11:57:10,550: signal-2
[rospy.core][INFO] 2021-09-17 11:57:10,682: signal_shutdown [atexit]
