[rospy.client][INFO] 2021-09-26 11:51:30,868: init_node, name[/joint_state_publisher], pid[5825]
[xmlrpc][INFO] 2021-09-26 11:51:30,868: XML-RPC server binding to 0.0.0.0:0
[xmlrpc][INFO] 2021-09-26 11:51:30,869: Started XML-RPC server [http://wng:43543/]
[rospy.init][INFO] 2021-09-26 11:51:30,869: ROS Slave URI: [http://wng:43543/]
[rospy.impl.masterslave][INFO] 2021-09-26 11:51:30,869: _ready: http://wng:43543/
[xmlrpc][INFO] 2021-09-26 11:51:30,869: xml rpc node: starting XML-RPC server
[rospy.registration][INFO] 2021-09-26 11:51:30,869: Registering with master node http://localhost:11311
[rospy.init][INFO] 2021-09-26 11:51:30,969: registered with master
[rospy.rosout][INFO] 2021-09-26 11:51:30,969: initializing /rosout core topic
[rospy.rosout][INFO] 2021-09-26 11:51:30,971: connected to core topic /rosout
[rospy.simtime][INFO] 2021-09-26 11:51:30,972: /use_sim_time is not set, will not subscribe to simulated time [/clock] topic
[rospy.internal][INFO] 2021-09-26 11:51:31,034: topic[/move_group/fake_controller_joint_states] adding connection to [http://wng:43187/], count 0
[rospy.internal][INFO] 2021-09-26 11:51:31,219: topic[/rosout] adding connection to [/rosout], count 0
[rospy.internal][INFO] 2021-09-26 11:51:31,219: topic[/joint_states] adding connection to [/joint_state_desired_publisher], count 0
[rospy.internal][INFO] 2021-09-26 11:51:31,220: topic[/joint_states] adding connection to [/robot_state_publisher], count 1
[rospy.core][INFO] 2021-09-26 11:51:51,930: signal_shutdown [signal-2]
[rospy.internal][INFO] 2021-09-26 11:51:51,943: topic[/joint_states] removing connection to /joint_state_desired_publisher
[rospy.internal][INFO] 2021-09-26 11:51:51,943: topic[/joint_states] removing connection to /robot_state_publisher
[rospy.internal][INFO] 2021-09-26 11:51:51,944: topic[/rosout] removing connection to /rosout
[rospy.internal][INFO] 2021-09-26 11:51:51,945: topic[/move_group/fake_controller_joint_states] removing connection to http://wng:43187/
[rospy.topics][ERROR] 2021-09-26 11:51:51,947: Traceback (most recent call last):
  File "/opt/ros/melodic/lib/python2.7/dist-packages/rospy/topics.py", line 326, in close
    c.close()
  File "/opt/ros/melodic/lib/python2.7/dist-packages/rospy/impl/tcpros_base.py", line 846, in close
    self.socket.close()
AttributeError: 'NoneType' object has no attribute 'close'

[rospy.impl.masterslave][INFO] 2021-09-26 11:51:51,948: signal-2
[rospy.internal][WARNING] 2021-09-26 11:51:51,949: Unknown error initiating TCP/IP socket to wng:34439 (http://wng:43187/): Traceback (most recent call last):
  File "/opt/ros/melodic/lib/python2.7/dist-packages/rospy/impl/tcpros_base.py", line 562, in connect
    self.read_header()
  File "/opt/ros/melodic/lib/python2.7/dist-packages/rospy/impl/tcpros_base.py", line 657, in read_header
    self._validate_header(read_ros_handshake_header(sock, self.read_buff, self.protocol.buff_size))
AttributeError: 'NoneType' object has no attribute 'buff_size'

[rospy.core][INFO] 2021-09-26 11:51:52,064: signal_shutdown [atexit]
