[rosmaster.main][INFO] 2021-09-26 11:51:30,415: initialization complete, waiting for shutdown
[rosmaster.main][INFO] 2021-09-26 11:51:30,415: Starting ROS Master Node
[xmlrpc][INFO] 2021-09-26 11:51:30,416: XML-RPC server binding to 0.0.0.0:11311
[xmlrpc][INFO] 2021-09-26 11:51:30,416: Started XML-RPC server [http://wng:11311/]
[xmlrpc][INFO] 2021-09-26 11:51:30,416: xml rpc node: starting XML-RPC server
[rosmaster.master][INFO] 2021-09-26 11:51:30,416: Master initialized: port[11311], uri[http://wng:11311/]
[rosmaster.master][INFO] 2021-09-26 11:51:30,478: +PARAM [/run_id] by /roslaunch
[rosmaster.master][INFO] 2021-09-26 11:51:30,479: +PARAM [/roslaunch/uris/host_wng__34027] by /roslaunch
[rosmaster.master][INFO] 2021-09-26 11:51:30,519: +SERVICE [/rosout/get_loggers] /rosout http://wng:43067/
[rosmaster.master][INFO] 2021-09-26 11:51:30,519: +SERVICE [/rosout/set_logger_level] /rosout http://wng:43067/
[rosmaster.master][INFO] 2021-09-26 11:51:30,520: +PUB [/rosout_agg] /rosout http://wng:43067/
[rosmaster.master][INFO] 2021-09-26 11:51:30,521: +SUB [/rosout] /rosout http://wng:43067/
[rosmaster.master][INFO] 2021-09-26 11:51:30,594: +PARAM [/move_group/planner_configs/RRTkConfigDefault/goal_bias] by /roslaunch
[rosmaster.master][INFO] 2021-09-26 11:51:30,594: +PARAM [/move_group/panda_arm/planner_configs] by /roslaunch
[rosmaster.master][INFO] 2021-09-26 11:51:30,594: +PARAM [/robot_description_semantic] by /roslaunch
[rosmaster.master][INFO] 2021-09-26 11:51:30,594: +PARAM [/move_group/planner_configs/SPARStwokConfigDefault/stretch_factor] by /roslaunch
[rosmaster.master][INFO] 2021-09-26 11:51:30,594: +PARAM [/robot_description_planning/joint_limits/panda_joint3/has_acceleration_limits] by /roslaunch
[rosmaster.master][INFO] 2021-09-26 11:51:30,594: +PARAM [/move_group/planner_configs/STRIDEkConfigDefault/max_degree] by /roslaunch
[rosmaster.master][INFO] 2021-09-26 11:51:30,594: +PARAM [/move_group/planner_configs/RRTstarkConfigDefault/range] by /roslaunch
[rosmaster.master][INFO] 2021-09-26 11:51:30,595: +PARAM [/move_group/planner_configs/SPARSkConfigDefault/sparse_delta_fraction] by /roslaunch
[rosmaster.master][INFO] 2021-09-26 11:51:30,595: +PARAM [/move_group/planner_configs/FMTkConfigDefault/radius_multiplier] by /roslaunch
[rosmaster.master][INFO] 2021-09-26 11:51:30,595: +PARAM [/move_group/controller_list] by /roslaunch
[rosmaster.master][INFO] 2021-09-26 11:51:30,595: +PARAM [/move_group/planner_configs/BFMTkConfigDefault/cache_cc] by /roslaunch
[rosmaster.master][INFO] 2021-09-26 11:51:30,595: +PARAM [/move_group/planner_configs/STRIDEkConfigDefault/goal_bias] by /roslaunch
[rosmaster.master][INFO] 2021-09-26 11:51:30,595: +PARAM [/move_group/max_safe_path_cost] by /roslaunch
[rosmaster.master][INFO] 2021-09-26 11:51:30,595: +PARAM [/move_group/planner_configs/BiTRRTkConfigDefault/temp_change_factor] by /roslaunch
[rosmaster.master][INFO] 2021-09-26 11:51:30,595: +PARAM [/move_group/planner_configs/SPARStwokConfigDefault/sparse_delta_fraction] by /roslaunch
[rosmaster.master][INFO] 2021-09-26 11:51:30,595: +PARAM [/move_group/hand/planner_configs] by /roslaunch
[rosmaster.master][INFO] 2021-09-26 11:51:30,596: +PARAM [/move_group/planner_configs/RRTstarkConfigDefault/goal_bias] by /roslaunch
[rosmaster.master][INFO] 2021-09-26 11:51:30,596: +PARAM [/move_group/planner_configs/STRIDEkConfigDefault/range] by /roslaunch
[rosmaster.master][INFO] 2021-09-26 11:51:30,596: +PARAM [/move_group/planning_scene_monitor/publish_planning_scene] by /roslaunch
[rosmaster.master][INFO] 2021-09-26 11:51:30,596: +PARAM [/move_group/octomap_frame] by /roslaunch
[rosmaster.master][INFO] 2021-09-26 11:51:30,596: +PARAM [/move_group/planner_configs/PRMkConfigDefault/type] by /roslaunch
[rosmaster.master][INFO] 2021-09-26 11:51:30,596: +PARAM [/move_group/planner_configs/BiESTkConfigDefault/range] by /roslaunch
[rosmaster.master][INFO] 2021-09-26 11:51:30,596: +PARAM [/move_group/planner_configs/ESTkConfigDefault/range] by /roslaunch
[rosmaster.master][INFO] 2021-09-26 11:51:30,596: +PARAM [/move_group/planner_configs/KPIECEkConfigDefault/min_valid_path_fraction] by /roslaunch
[rosmaster.master][INFO] 2021-09-26 11:51:30,596: +PARAM [/robot_description_planning/joint_limits/panda_finger_joint2/max_acceleration] by /roslaunch
[rosmaster.master][INFO] 2021-09-26 11:51:30,597: +PARAM [/move_group/planner_configs/BKPIECEkConfigDefault/border_fraction] by /roslaunch
[rosmaster.master][INFO] 2021-09-26 11:51:30,597: +PARAM [/move_group/planner_configs/SPARStwokConfigDefault/max_failures] by /roslaunch
[rosmaster.master][INFO] 2021-09-26 11:51:30,597: +PARAM [/move_group/planner_configs/BiTRRTkConfigDefault/frountier_node_ratio] by /roslaunch
[rosmaster.master][INFO] 2021-09-26 11:51:30,597: +PARAM [/move_group/planner_configs/PRMkConfigDefault/max_nearest_neighbors] by /roslaunch
[rosmaster.master][INFO] 2021-09-26 11:51:30,597: +PARAM [/move_group/planner_configs/BiTRRTkConfigDefault/cost_threshold] by /roslaunch
[rosmaster.master][INFO] 2021-09-26 11:51:30,597: +PARAM [/robot_description_kinematics/panda_arm/kinematics_solver] by /roslaunch
[rosmaster.master][INFO] 2021-09-26 11:51:30,597: +PARAM [/move_group/planner_configs/TRRTkConfigDefault/goal_bias] by /roslaunch
[rosmaster.master][INFO] 2021-09-26 11:51:30,597: +PARAM [/move_group/planner_configs/LBTRRTkConfigDefault/type] by /roslaunch
[rosmaster.master][INFO] 2021-09-26 11:51:30,598: +PARAM [/move_group/planner_configs/FMTkConfigDefault/cache_cc] by /roslaunch
[rosmaster.master][INFO] 2021-09-26 11:51:30,598: +PARAM [/robot_description_planning/joint_limits/panda_joint2/max_velocity] by /roslaunch
[rosmaster.master][INFO] 2021-09-26 11:51:30,598: +PARAM [/robot_description_planning/joint_limits/panda_joint5/max_acceleration] by /roslaunch
[rosmaster.master][INFO] 2021-09-26 11:51:30,598: +PARAM [/move_group/planner_configs/FMTkConfigDefault/type] by /roslaunch
[rosmaster.master][INFO] 2021-09-26 11:51:30,598: +PARAM [/move_group/planner_configs/ProjESTkConfigDefault/type] by /roslaunch
[rosmaster.master][INFO] 2021-09-26 11:51:30,598: +PARAM [/move_group/planner_configs/LBTRRTkConfigDefault/epsilon] by /roslaunch
[rosmaster.master][INFO] 2021-09-26 11:51:30,598: +PARAM [/move_group/planner_configs/LazyPRMkConfigDefault/type] by /roslaunch
[rosmaster.master][INFO] 2021-09-26 11:51:30,598: +PARAM [/move_group/planner_configs/STRIDEkConfigDefault/min_degree] by /roslaunch
[rosmaster.master][INFO] 2021-09-26 11:51:30,598: +PARAM [/move_group/planner_configs/TRRTkConfigDefault/max_states_failed] by /roslaunch
[rosmaster.master][INFO] 2021-09-26 11:51:30,598: +PARAM [/move_group/planner_configs/BKPIECEkConfigDefault/min_valid_path_fraction] by /roslaunch
[rosmaster.master][INFO] 2021-09-26 11:51:30,598: +PARAM [/move_group/planner_configs/SBLkConfigDefault/range] by /roslaunch
[rosmaster.master][INFO] 2021-09-26 11:51:30,599: +PARAM [/robot_description_planning/joint_limits/panda_finger_joint2/has_acceleration_limits] by /roslaunch
[rosmaster.master][INFO] 2021-09-26 11:51:30,599: +PARAM [/robot_description_planning/joint_limits/panda_joint6/max_velocity] by /roslaunch
[rosmaster.master][INFO] 2021-09-26 11:51:30,599: +PARAM [/move_group/planner_configs/TRRTkConfigDefault/frountierNodeRatio] by /roslaunch
[rosmaster.master][INFO] 2021-09-26 11:51:30,599: +PARAM [/move_group/planner_configs/BFMTkConfigDefault/type] by /roslaunch
[rosmaster.master][INFO] 2021-09-26 11:51:30,599: +PARAM [/robot_description_planning/joint_limits/panda_joint3/max_acceleration] by /roslaunch
[rosmaster.master][INFO] 2021-09-26 11:51:30,599: +PARAM [/move_group/planning_plugin] by /roslaunch
[rosmaster.master][INFO] 2021-09-26 11:51:30,599: +PARAM [/robot_description_planning/joint_limits/panda_joint7/max_velocity] by /roslaunch
[rosmaster.master][INFO] 2021-09-26 11:51:30,599: +PARAM [/move_group/planning_scene_monitor/publish_geometry_updates] by /roslaunch
[rosmaster.master][INFO] 2021-09-26 11:51:30,599: +PARAM [/move_group/planner_configs/LazyPRMkConfigDefault/range] by /roslaunch
[rosmaster.master][INFO] 2021-09-26 11:51:30,599: +PARAM [/move_group/planner_configs/TRRTkConfigDefault/type] by /roslaunch
[rosmaster.master][INFO] 2021-09-26 11:51:30,599: +PARAM [/robot_description_planning/joint_limits/panda_joint5/max_velocity] by /roslaunch
[rosmaster.master][INFO] 2021-09-26 11:51:30,600: +PARAM [/rviz_wng_5784_8114946469382122609/panda_arm/kinematics_solver] by /roslaunch
[rosmaster.master][INFO] 2021-09-26 11:51:30,600: +PARAM [/move_group/planner_configs/BiTRRTkConfigDefault/init_temperature] by /roslaunch
[rosmaster.master][INFO] 2021-09-26 11:51:30,600: +PARAM [/move_group/planner_configs/SPARSkConfigDefault/max_failures] by /roslaunch
[rosmaster.master][INFO] 2021-09-26 11:51:30,600: +PARAM [/move_group/planner_configs/BiTRRTkConfigDefault/range] by /roslaunch
[rosmaster.master][INFO] 2021-09-26 11:51:30,600: +PARAM [/move_group/planner_configs/PDSTkConfigDefault/type] by /roslaunch
[rosmaster.master][INFO] 2021-09-26 11:51:30,600: +PARAM [/move_group/trajectory_execution/allowed_goal_duration_margin] by /roslaunch
[rosmaster.master][INFO] 2021-09-26 11:51:30,600: +PARAM [/rosdistro] by /roslaunch
[rosmaster.master][INFO] 2021-09-26 11:51:30,600: +PARAM [/robot_description_planning/joint_limits/panda_joint1/has_velocity_limits] by /roslaunch
[rosmaster.master][INFO] 2021-09-26 11:51:30,600: +PARAM [/move_group/planner_configs/STRIDEkConfigDefault/max_pts_per_leaf] by /roslaunch
[rosmaster.master][INFO] 2021-09-26 11:51:30,600: +PARAM [/move_group/planner_configs/BFMTkConfigDefault/nearest_k] by /roslaunch
[rosmaster.master][INFO] 2021-09-26 11:51:30,600: +PARAM [/move_group/planner_configs/LazyPRMstarkConfigDefault/type] by /roslaunch
[rosmaster.master][INFO] 2021-09-26 11:51:30,601: +PARAM [/robot_description_kinematics/panda_arm/kinematics_solver_timeout] by /roslaunch
[rosmaster.master][INFO] 2021-09-26 11:51:30,601: +PARAM [/move_group/planner_configs/PRMstarkConfigDefault/type] by /roslaunch
[rosmaster.master][INFO] 2021-09-26 11:51:30,601: +PARAM [/move_group/planner_configs/RRTkConfigDefault/range] by /roslaunch
[rosmaster.master][INFO] 2021-09-26 11:51:30,601: +PARAM [/move_group/allow_trajectory_execution] by /roslaunch
[rosmaster.master][INFO] 2021-09-26 11:51:30,601: +PARAM [/move_group/planner_configs/SPARSkConfigDefault/stretch_factor] by /roslaunch
[rosmaster.master][INFO] 2021-09-26 11:51:30,601: +PARAM [/ROS_IP] by /roslaunch
[rosmaster.master][INFO] 2021-09-26 11:51:30,601: +PARAM [/move_group/planner_configs/ESTkConfigDefault/type] by /roslaunch
[rosmaster.master][INFO] 2021-09-26 11:51:30,601: +PARAM [/robot_description_planning/joint_limits/panda_joint4/max_acceleration] by /roslaunch
[rosmaster.master][INFO] 2021-09-26 11:51:30,601: +PARAM [/move_group/start_state_max_bounds_error] by /roslaunch
[rosmaster.master][INFO] 2021-09-26 11:51:30,601: +PARAM [/robot_description_planning/joint_limits/panda_finger_joint2/has_velocity_limits] by /roslaunch
[rosmaster.master][INFO] 2021-09-26 11:51:30,602: +PARAM [/move_group/max_range] by /roslaunch
[rosmaster.master][INFO] 2021-09-26 11:51:30,602: +PARAM [/robot_description_kinematics/panda_arm/kinematics_solver_search_resolution] by /roslaunch
[rosmaster.master][INFO] 2021-09-26 11:51:30,602: +PARAM [/robot_description_planning/joint_limits/panda_joint2/max_acceleration] by /roslaunch
[rosmaster.master][INFO] 2021-09-26 11:51:30,602: +PARAM [/move_group/planner_configs/RRTstarkConfigDefault/type] by /roslaunch
[rosmaster.master][INFO] 2021-09-26 11:51:30,602: +PARAM [/move_group/planner_configs/STRIDEkConfigDefault/min_valid_path_fraction] by /roslaunch
[rosmaster.master][INFO] 2021-09-26 11:51:30,602: +PARAM [/robot_description_planning/joint_limits/panda_joint7/has_acceleration_limits] by /roslaunch
[rosmaster.master][INFO] 2021-09-26 11:51:30,602: +PARAM [/move_group/planner_configs/BiTRRTkConfigDefault/frountier_threshold] by /roslaunch
[rosmaster.master][INFO] 2021-09-26 11:51:30,602: +PARAM [/robot_description_planning/joint_limits/panda_joint5/has_acceleration_limits] by /roslaunch
[rosmaster.master][INFO] 2021-09-26 11:51:30,602: +PARAM [/joint_state_publisher/use_gui] by /roslaunch
[rosmaster.master][INFO] 2021-09-26 11:51:30,602: +PARAM [/move_group/planner_configs/BKPIECEkConfigDefault/type] by /roslaunch
[rosmaster.master][INFO] 2021-09-26 11:51:30,603: +PARAM [/robot_description_planning/joint_limits/panda_joint7/max_acceleration] by /roslaunch
[rosmaster.master][INFO] 2021-09-26 11:51:30,603: +PARAM [/robot_description_planning/joint_limits/panda_joint6/max_acceleration] by /roslaunch
[rosmaster.master][INFO] 2021-09-26 11:51:30,603: +PARAM [/move_group/trajectory_execution/allowed_execution_duration_scaling] by /roslaunch
[rosmaster.master][INFO] 2021-09-26 11:51:30,603: +PARAM [/move_group/planner_configs/KPIECEkConfigDefault/border_fraction] by /roslaunch
[rosmaster.master][INFO] 2021-09-26 11:51:30,603: +PARAM [/move_group/trajectory_execution/allowed_start_tolerance] by /roslaunch
[rosmaster.master][INFO] 2021-09-26 11:51:30,603: +PARAM [/robot_description_planning/joint_limits/panda_joint3/max_velocity] by /roslaunch
[rosmaster.master][INFO] 2021-09-26 11:51:30,603: +PARAM [/move_group/moveit_manage_controllers] by /roslaunch
[rosmaster.master][INFO] 2021-09-26 11:51:30,603: +PARAM [/move_group/panda_arm_hand/planner_configs] by /roslaunch
[rosmaster.master][INFO] 2021-09-26 11:51:30,603: +PARAM [/move_group/planner_configs/FMTkConfigDefault/heuristics] by /roslaunch
[rosmaster.master][INFO] 2021-09-26 11:51:30,603: +PARAM [/move_group/planner_configs/BFMTkConfigDefault/optimality] by /roslaunch
[rosmaster.master][INFO] 2021-09-26 11:51:30,603: +PARAM [/robot_description_planning/joint_limits/panda_joint2/has_acceleration_limits] by /roslaunch
[rosmaster.master][INFO] 2021-09-26 11:51:30,603: +PARAM [/move_group/planner_configs/FMTkConfigDefault/nearest_k] by /roslaunch
[rosmaster.master][INFO] 2021-09-26 11:51:30,604: +PARAM [/move_group/planner_configs/ProjESTkConfigDefault/goal_bias] by /roslaunch
[rosmaster.master][INFO] 2021-09-26 11:51:30,604: +PARAM [/move_group/planner_configs/ESTkConfigDefault/goal_bias] by /roslaunch
[rosmaster.master][INFO] 2021-09-26 11:51:30,604: +PARAM [/move_group/planner_configs/BFMTkConfigDefault/radius_multiplier] by /roslaunch
[rosmaster.master][INFO] 2021-09-26 11:51:30,604: +PARAM [/move_group/planner_configs/LBKPIECEkConfigDefault/border_fraction] by /roslaunch
[rosmaster.master][INFO] 2021-09-26 11:51:30,604: +PARAM [/move_group/jiggle_fraction] by /roslaunch
[rosmaster.master][INFO] 2021-09-26 11:51:30,604: +PARAM [/move_group/planner_configs/SPARStwokConfigDefault/dense_delta_fraction] by /roslaunch
[rosmaster.master][INFO] 2021-09-26 11:51:30,604: +PARAM [/move_group/planner_configs/BFMTkConfigDefault/num_samples] by /roslaunch
[rosmaster.master][INFO] 2021-09-26 11:51:30,604: +PARAM [/move_group/planner_configs/TRRTkConfigDefault/range] by /roslaunch
[rosmaster.master][INFO] 2021-09-26 11:51:30,604: +PARAM [/move_group/planning_scene_monitor/publish_state_updates] by /roslaunch
[rosmaster.master][INFO] 2021-09-26 11:51:30,604: +PARAM [/move_group/planner_configs/TRRTkConfigDefault/temp_change_factor] by /roslaunch
[rosmaster.master][INFO] 2021-09-26 11:51:30,604: +PARAM [/robot_description_planning/joint_limits/panda_joint1/max_velocity] by /roslaunch
[rosmaster.master][INFO] 2021-09-26 11:51:30,604: +PARAM [/move_group/planner_configs/BKPIECEkConfigDefault/range] by /roslaunch
[rosmaster.master][INFO] 2021-09-26 11:51:30,604: +PARAM [/move_group/planner_configs/SBLkConfigDefault/type] by /roslaunch
[rosmaster.master][INFO] 2021-09-26 11:51:30,605: +PARAM [/robot_description_planning/joint_limits/panda_finger_joint1/has_velocity_limits] by /roslaunch
[rosmaster.master][INFO] 2021-09-26 11:51:30,605: +PARAM [/move_group/planner_configs/LBTRRTkConfigDefault/range] by /roslaunch
[rosmaster.master][INFO] 2021-09-26 11:51:30,605: +PARAM [/robot_description] by /roslaunch
[rosmaster.master][INFO] 2021-09-26 11:51:30,605: +PARAM [/move_group/planner_configs/FMTkConfigDefault/extended_fmt] by /roslaunch
[rosmaster.master][INFO] 2021-09-26 11:51:30,605: +PARAM [/move_group/planner_configs/LBKPIECEkConfigDefault/range] by /roslaunch
[rosmaster.master][INFO] 2021-09-26 11:51:30,605: +PARAM [/robot_description_planning/joint_limits/panda_joint5/has_velocity_limits] by /roslaunch
[rosmaster.master][INFO] 2021-09-26 11:51:30,605: +PARAM [/robot_description_planning/joint_limits/panda_finger_joint1/max_velocity] by /roslaunch
[rosmaster.master][INFO] 2021-09-26 11:51:30,605: +PARAM [/move_group/moveit_controller_manager] by /roslaunch
[rosmaster.master][INFO] 2021-09-26 11:51:30,605: +PARAM [/robot_description_planning/joint_limits/panda_joint1/max_acceleration] by /roslaunch
[rosmaster.master][INFO] 2021-09-26 11:51:30,605: +PARAM [/move_group/planner_configs/TRRTkConfigDefault/frountier_threshold] by /roslaunch
[rosmaster.master][INFO] 2021-09-26 11:51:30,605: +PARAM [/move_group/planner_configs/BFMTkConfigDefault/heuristics] by /roslaunch
[rosmaster.master][INFO] 2021-09-26 11:51:30,605: +PARAM [/robot_description_planning/joint_limits/panda_finger_joint1/has_acceleration_limits] by /roslaunch
[rosmaster.master][INFO] 2021-09-26 11:51:30,605: +PARAM [/move_group/planner_configs/KPIECEkConfigDefault/range] by /roslaunch
[rosmaster.master][INFO] 2021-09-26 11:51:30,606: +PARAM [/rviz_wng_5784_8114946469382122609/panda_arm/kinematics_solver_timeout] by /roslaunch
[rosmaster.master][INFO] 2021-09-26 11:51:30,606: +PARAM [/robot_description_planning/joint_limits/panda_joint7/has_velocity_limits] by /roslaunch
[rosmaster.master][INFO] 2021-09-26 11:51:30,606: +PARAM [/move_group/planner_configs/KPIECEkConfigDefault/goal_bias] by /roslaunch
[rosmaster.master][INFO] 2021-09-26 11:51:30,606: +PARAM [/move_group/planner_configs/RRTConnectkConfigDefault/range] by /roslaunch
[rosmaster.master][INFO] 2021-09-26 11:51:30,606: +PARAM [/robot_description_planning/joint_limits/panda_joint4/has_velocity_limits] by /roslaunch
[rosmaster.master][INFO] 2021-09-26 11:51:30,606: +PARAM [/move_group/request_adapters] by /roslaunch
[rosmaster.master][INFO] 2021-09-26 11:51:30,606: +PARAM [/move_group/planner_configs/TRRTkConfigDefault/min_temperature] by /roslaunch
[rosmaster.master][INFO] 2021-09-26 11:51:30,606: +PARAM [/robot_description_planning/joint_limits/panda_joint6/has_acceleration_limits] by /roslaunch
[rosmaster.master][INFO] 2021-09-26 11:51:30,606: +PARAM [/move_group/planner_configs/BFMTkConfigDefault/balanced] by /roslaunch
[rosmaster.master][INFO] 2021-09-26 11:51:30,606: +PARAM [/move_group/planner_configs/ProjESTkConfigDefault/range] by /roslaunch
[rosmaster.master][INFO] 2021-09-26 11:51:30,606: +PARAM [/move_group/octomap_resolution] by /roslaunch
[rosmaster.master][INFO] 2021-09-26 11:51:30,606: +PARAM [/move_group/planner_configs/STRIDEkConfigDefault/degree] by /roslaunch
[rosmaster.master][INFO] 2021-09-26 11:51:30,606: +PARAM [/move_group/planner_configs/KPIECEkConfigDefault/failed_expansion_score_factor] by /roslaunch
[rosmaster.master][INFO] 2021-09-26 11:51:30,607: +PARAM [/move_group/initial] by /roslaunch
[rosmaster.master][INFO] 2021-09-26 11:51:30,607: +PARAM [/move_group/planning_scene_monitor/publish_transforms_updates] by /roslaunch
[rosmaster.master][INFO] 2021-09-26 11:51:30,607: +PARAM [/move_group/planner_configs/SPARSkConfigDefault/type] by /roslaunch
[rosmaster.master][INFO] 2021-09-26 11:51:30,607: +PARAM [/move_group/planner_configs/TRRTkConfigDefault/init_temperature] by /roslaunch
[rosmaster.master][INFO] 2021-09-26 11:51:30,607: +PARAM [/move_group/sensors] by /roslaunch
[rosmaster.master][INFO] 2021-09-26 11:51:30,607: +PARAM [/robot_description_planning/joint_limits/panda_joint1/has_acceleration_limits] by /roslaunch
[rosmaster.master][INFO] 2021-09-26 11:51:30,607: +PARAM [/move_group/planner_configs/STRIDEkConfigDefault/type] by /roslaunch
[rosmaster.master][INFO] 2021-09-26 11:51:30,607: +PARAM [/move_group/planner_configs/TrajOptDefault/type] by /roslaunch
[rosmaster.master][INFO] 2021-09-26 11:51:30,607: +PARAM [/move_group/planner_configs/RRTstarkConfigDefault/delay_collision_checking] by /roslaunch
[rosmaster.master][INFO] 2021-09-26 11:51:30,607: +PARAM [/move_group/planner_configs/KPIECEkConfigDefault/type] by /roslaunch
[rosmaster.master][INFO] 2021-09-26 11:51:30,607: +PARAM [/robot_description_planning/joint_limits/panda_joint3/has_velocity_limits] by /roslaunch
[rosmaster.master][INFO] 2021-09-26 11:51:30,607: +PARAM [/robot_description_planning/joint_limits/panda_joint6/has_velocity_limits] by /roslaunch
[rosmaster.master][INFO] 2021-09-26 11:51:30,607: +PARAM [/move_group/planner_configs/BiTRRTkConfigDefault/type] by /roslaunch
[rosmaster.master][INFO] 2021-09-26 11:51:30,608: +PARAM [/robot_description_planning/joint_limits/panda_finger_joint2/max_velocity] by /roslaunch
[rosmaster.master][INFO] 2021-09-26 11:51:30,608: +PARAM [/move_group/planner_configs/RRTConnectkConfigDefault/type] by /roslaunch
[rosmaster.master][INFO] 2021-09-26 11:51:30,608: +PARAM [/move_group/planner_configs/SPARSkConfigDefault/dense_delta_fraction] by /roslaunch
[rosmaster.master][INFO] 2021-09-26 11:51:30,608: +PARAM [/move_group/planner_configs/LBTRRTkConfigDefault/goal_bias] by /roslaunch
[rosmaster.master][INFO] 2021-09-26 11:51:30,608: +PARAM [/robot_description_planning/joint_limits/panda_finger_joint1/max_acceleration] by /roslaunch
[rosmaster.master][INFO] 2021-09-26 11:51:30,608: +PARAM [/move_group/planner_configs/BKPIECEkConfigDefault/failed_expansion_score_factor] by /roslaunch
[rosmaster.master][INFO] 2021-09-26 11:51:30,608: +PARAM [/move_group/planner_configs/LBKPIECEkConfigDefault/min_valid_path_fraction] by /roslaunch
[rosmaster.master][INFO] 2021-09-26 11:51:30,608: +PARAM [/rosversion] by /roslaunch
[rosmaster.master][INFO] 2021-09-26 11:51:30,608: +PARAM [/move_group/planner_configs/BiESTkConfigDefault/type] by /roslaunch
[rosmaster.master][INFO] 2021-09-26 11:51:30,608: +PARAM [/robot_description_planning/joint_limits/panda_joint2/has_velocity_limits] by /roslaunch
[rosmaster.master][INFO] 2021-09-26 11:51:30,608: +PARAM [/move_group/planner_configs/STRIDEkConfigDefault/estimated_dimension] by /roslaunch
[rosmaster.master][INFO] 2021-09-26 11:51:30,608: +PARAM [/move_group/planner_configs/STRIDEkConfigDefault/use_projected_distance] by /roslaunch
[rosmaster.master][INFO] 2021-09-26 11:51:30,608: +PARAM [/move_group/planner_configs/TRRTkConfigDefault/k_constant] by /roslaunch
[rosmaster.master][INFO] 2021-09-26 11:51:30,608: +PARAM [/move_group/planner_configs/FMTkConfigDefault/num_samples] by /roslaunch
[rosmaster.master][INFO] 2021-09-26 11:51:30,608: +PARAM [/move_group/planner_configs/LBKPIECEkConfigDefault/type] by /roslaunch
[rosmaster.master][INFO] 2021-09-26 11:51:30,609: +PARAM [/move_group/planner_configs/BFMTkConfigDefault/extended_fmt] by /roslaunch
[rosmaster.master][INFO] 2021-09-26 11:51:30,609: +PARAM [/robot_description_planning/joint_limits/panda_joint4/max_velocity] by /roslaunch
[rosmaster.master][INFO] 2021-09-26 11:51:30,609: +PARAM [/robot_description_planning/joint_limits/panda_joint4/has_acceleration_limits] by /roslaunch
[rosmaster.master][INFO] 2021-09-26 11:51:30,609: +PARAM [/move_group/planner_configs/SPARStwokConfigDefault/type] by /roslaunch
[rosmaster.master][INFO] 2021-09-26 11:51:30,609: +PARAM [/rviz_wng_5784_8114946469382122609/panda_arm/kinematics_solver_search_resolution] by /roslaunch
[rosmaster.master][INFO] 2021-09-26 11:51:30,609: +PARAM [/move_group/planner_configs/RRTkConfigDefault/type] by /roslaunch
[rosmaster.master][INFO] 2021-09-26 11:51:30,609: +PARAM [/source_list] by /roslaunch
[rosmaster.master][INFO] 2021-09-26 11:51:30,660: +PUB [/rosout] /joint_state_desired_publisher http://wng:43273/
[rosmaster.master][INFO] 2021-09-26 11:51:30,661: +SERVICE [/joint_state_desired_publisher/get_loggers] /joint_state_desired_publisher http://wng:43273/
[rosmaster.master][INFO] 2021-09-26 11:51:30,661: +SERVICE [/joint_state_desired_publisher/set_logger_level] /joint_state_desired_publisher http://wng:43273/
[rosmaster.master][INFO] 2021-09-26 11:51:30,662: +SUB [/joint_states] /joint_state_desired_publisher http://wng:43273/
[rosmaster.master][INFO] 2021-09-26 11:51:30,674: +PUB [/rosout] /robot_state_publisher http://wng:38657/
[rosmaster.master][INFO] 2021-09-26 11:51:30,674: +SERVICE [/robot_state_publisher/get_loggers] /robot_state_publisher http://wng:38657/
[rosmaster.master][INFO] 2021-09-26 11:51:30,674: +SERVICE [/robot_state_publisher/set_logger_level] /robot_state_publisher http://wng:38657/
[rosmaster.master][INFO] 2021-09-26 11:51:30,677: +PUB [/tf] /robot_state_publisher http://wng:38657/
[rosmaster.master][INFO] 2021-09-26 11:51:30,678: +PUB [/tf_static] /robot_state_publisher http://wng:38657/
[rosmaster.master][INFO] 2021-09-26 11:51:30,679: +SUB [/joint_states] /robot_state_publisher http://wng:38657/
[rosmaster.master][INFO] 2021-09-26 11:51:30,710: +PUB [/rosout] /move_group http://wng:43187/
[rosmaster.master][INFO] 2021-09-26 11:51:30,711: +SERVICE [/move_group/get_loggers] /move_group http://wng:43187/
[rosmaster.master][INFO] 2021-09-26 11:51:30,711: +SERVICE [/move_group/set_logger_level] /move_group http://wng:43187/
[rosmaster.master][INFO] 2021-09-26 11:51:30,713: +SUB [/tf] /move_group http://wng:43187/
[rosmaster.master][INFO] 2021-09-26 11:51:30,714: +SUB [/tf_static] /move_group http://wng:43187/
[rosmaster.master][INFO] 2021-09-26 11:51:30,716: publisherUpdate[/rosout] -> http://wng:43067/ ['http://wng:43273/']
[rosmaster.master][INFO] 2021-09-26 11:51:30,717: +CACHEDPARAM [/rosout_disable_topics_generation] by /move_group
[rosmaster.master][INFO] 2021-09-26 11:51:30,718: publisherUpdate[/rosout] -> http://wng:43067/ ['http://wng:43273/']: sec=0.00, result=[1, '', 0]
[rosmaster.master][INFO] 2021-09-26 11:51:30,718: publisherUpdate[/rosout] -> http://wng:43067/ ['http://wng:43273/', 'http://wng:38657/']
[rosmaster.master][INFO] 2021-09-26 11:51:30,718: publisherUpdate[/rosout] -> http://wng:43067/ ['http://wng:43273/', 'http://wng:38657/']: sec=0.00, result=[1, '', 0]
[rosmaster.master][INFO] 2021-09-26 11:51:30,718: publisherUpdate[/rosout] -> http://wng:43067/ ['http://wng:43273/', 'http://wng:38657/', 'http://wng:43187/']
[rosmaster.master][INFO] 2021-09-26 11:51:30,719: publisherUpdate[/rosout] -> http://wng:43067/ ['http://wng:43273/', 'http://wng:38657/', 'http://wng:43187/']: sec=0.00, result=[1, '', 0]
[rosmaster.master][INFO] 2021-09-26 11:51:30,766: +SERVICE [/move_group/planning_scene_monitor/set_parameters] /move_group http://wng:43187/
[rosmaster.master][INFO] 2021-09-26 11:51:30,766: +PUB [/move_group/planning_scene_monitor/parameter_descriptions] /move_group http://wng:43187/
[rosmaster.master][INFO] 2021-09-26 11:51:30,766: +PUB [/move_group/planning_scene_monitor/parameter_updates] /move_group http://wng:43187/
[rosmaster.master][INFO] 2021-09-26 11:51:30,768: +PARAM [/move_group/planning_scene_monitor/publish_planning_scene] by /move_group
[rosmaster.master][INFO] 2021-09-26 11:51:30,768: +PARAM [/move_group/planning_scene_monitor/publish_planning_scene_hz] by /move_group
[rosmaster.master][INFO] 2021-09-26 11:51:30,768: +PARAM [/move_group/planning_scene_monitor/publish_geometry_updates] by /move_group
[rosmaster.master][INFO] 2021-09-26 11:51:30,769: +PARAM [/move_group/planning_scene_monitor/publish_state_updates] by /move_group
[rosmaster.master][INFO] 2021-09-26 11:51:30,769: +PARAM [/move_group/planning_scene_monitor/publish_transforms_updates] by /move_group
[rosmaster.master][INFO] 2021-09-26 11:51:30,769: +PUB [/move_group/monitored_planning_scene] /move_group http://wng:43187/
[rosmaster.master][INFO] 2021-09-26 11:51:30,770: +PARAM [/move_group/planning_scene_monitor/publish_planning_scene] by /move_group
[rosmaster.master][INFO] 2021-09-26 11:51:30,770: +PARAM [/move_group/planning_scene_monitor/publish_planning_scene_hz] by /move_group
[rosmaster.master][INFO] 2021-09-26 11:51:30,770: +PARAM [/move_group/planning_scene_monitor/publish_geometry_updates] by /move_group
[rosmaster.master][INFO] 2021-09-26 11:51:30,770: +PARAM [/move_group/planning_scene_monitor/publish_state_updates] by /move_group
[rosmaster.master][INFO] 2021-09-26 11:51:30,770: +PARAM [/move_group/planning_scene_monitor/publish_transforms_updates] by /move_group
[rosmaster.master][INFO] 2021-09-26 11:51:30,771: +SUB [/planning_scene] /move_group http://wng:43187/
[rosmaster.master][INFO] 2021-09-26 11:51:30,772: +SUB [/collision_object] /move_group http://wng:43187/
[rosmaster.master][INFO] 2021-09-26 11:51:30,773: +SUB [/planning_scene_world] /move_group http://wng:43187/
[rosmaster.master][INFO] 2021-09-26 11:51:30,778: +PUB [/move_group/filtered_cloud] /move_group http://wng:43187/
[rosmaster.master][INFO] 2021-09-26 11:51:30,778: +SERVICE [/move_group/save_map] /move_group http://wng:43187/
[rosmaster.master][INFO] 2021-09-26 11:51:30,779: +SERVICE [/move_group/load_map] /move_group http://wng:43187/
[rosmaster.master][INFO] 2021-09-26 11:51:30,782: +SUB [/camera/depth_registered/points] /move_group http://wng:43187/
[rosmaster.master][INFO] 2021-09-26 11:51:30,783: +SUB [/joint_states_desired] /move_group http://wng:43187/
[rosmaster.master][INFO] 2021-09-26 11:51:30,785: +SUB [/attached_collision_object] /move_group http://wng:43187/
[rosmaster.master][INFO] 2021-09-26 11:51:30,798: +PUB [/rosout] /rviz_wng_5784_8114946469382122609 http://wng:46359/
[rosmaster.master][INFO] 2021-09-26 11:51:30,799: +SERVICE [/rviz_wng_5784_8114946469382122609/get_loggers] /rviz_wng_5784_8114946469382122609 http://wng:46359/
[rosmaster.master][INFO] 2021-09-26 11:51:30,799: +SERVICE [/rviz_wng_5784_8114946469382122609/set_logger_level] /rviz_wng_5784_8114946469382122609 http://wng:46359/
[rosmaster.master][INFO] 2021-09-26 11:51:30,799: +CACHEDPARAM [/rosout_disable_topics_generation] by /rviz_wng_5784_8114946469382122609
[rosmaster.master][INFO] 2021-09-26 11:51:30,816: publisherUpdate[/rosout] -> http://wng:43067/ ['http://wng:43273/', 'http://wng:38657/', 'http://wng:43187/', 'http://wng:46359/']
[rosmaster.master][INFO] 2021-09-26 11:51:30,818: publisherUpdate[/rosout] -> http://wng:43067/ ['http://wng:43273/', 'http://wng:38657/', 'http://wng:43187/', 'http://wng:46359/']: sec=0.00, result=[1, '', 0]
[rosmaster.master][INFO] 2021-09-26 11:51:30,828: +SERVICE [/move_group/ompl/set_parameters] /move_group http://wng:43187/
[rosmaster.master][INFO] 2021-09-26 11:51:30,829: +PUB [/move_group/ompl/parameter_descriptions] /move_group http://wng:43187/
[rosmaster.master][INFO] 2021-09-26 11:51:30,829: +PUB [/move_group/ompl/parameter_updates] /move_group http://wng:43187/
[rosmaster.master][INFO] 2021-09-26 11:51:30,830: +PARAM [/move_group/ompl/simplify_solutions] by /move_group
[rosmaster.master][INFO] 2021-09-26 11:51:30,830: +PARAM [/move_group/ompl/minimum_waypoint_count] by /move_group
[rosmaster.master][INFO] 2021-09-26 11:51:30,830: +PARAM [/move_group/ompl/maximum_waypoint_distance] by /move_group
[rosmaster.master][INFO] 2021-09-26 11:51:30,831: +PARAM [/move_group/ompl/link_for_exploration_tree] by /move_group
[rosmaster.master][INFO] 2021-09-26 11:51:30,831: +PARAM [/move_group/ompl/display_random_valid_states] by /move_group
[rosmaster.master][INFO] 2021-09-26 11:51:30,831: +PARAM [/move_group/ompl/simplify_solutions] by /move_group
[rosmaster.master][INFO] 2021-09-26 11:51:30,831: +PARAM [/move_group/ompl/minimum_waypoint_count] by /move_group
[rosmaster.master][INFO] 2021-09-26 11:51:30,832: +PARAM [/move_group/ompl/maximum_waypoint_distance] by /move_group
[rosmaster.master][INFO] 2021-09-26 11:51:30,832: +PARAM [/move_group/ompl/link_for_exploration_tree] by /move_group
[rosmaster.master][INFO] 2021-09-26 11:51:30,832: +PARAM [/move_group/ompl/display_random_valid_states] by /move_group
[rosmaster.master][INFO] 2021-09-26 11:51:30,835: +PUB [/move_group/display_planned_path] /move_group http://wng:43187/
[rosmaster.master][INFO] 2021-09-26 11:51:30,836: +PUB [/move_group/display_contacts] /move_group http://wng:43187/
[rosmaster.master][INFO] 2021-09-26 11:51:30,839: +PUB [/move_group/fake_controller_joint_states] /move_group http://wng:43187/
[rosmaster.master][INFO] 2021-09-26 11:51:30,864: +SUB [/trajectory_execution_event] /move_group http://wng:43187/
[rosmaster.master][INFO] 2021-09-26 11:51:30,864: +SERVICE [/move_group/trajectory_execution/set_parameters] /move_group http://wng:43187/
[rosmaster.master][INFO] 2021-09-26 11:51:30,864: +PUB [/move_group/trajectory_execution/parameter_descriptions] /move_group http://wng:43187/
[rosmaster.master][INFO] 2021-09-26 11:51:30,865: +PUB [/move_group/trajectory_execution/parameter_updates] /move_group http://wng:43187/
[rosmaster.master][INFO] 2021-09-26 11:51:30,866: +PARAM [/move_group/trajectory_execution/execution_duration_monitoring] by /move_group
[rosmaster.master][INFO] 2021-09-26 11:51:30,866: +PARAM [/move_group/trajectory_execution/allowed_execution_duration_scaling] by /move_group
[rosmaster.master][INFO] 2021-09-26 11:51:30,866: +PARAM [/move_group/trajectory_execution/allowed_goal_duration_margin] by /move_group
[rosmaster.master][INFO] 2021-09-26 11:51:30,867: +PARAM [/move_group/trajectory_execution/execution_velocity_scaling] by /move_group
[rosmaster.master][INFO] 2021-09-26 11:51:30,867: +PARAM [/move_group/trajectory_execution/allowed_start_tolerance] by /move_group
[rosmaster.master][INFO] 2021-09-26 11:51:30,867: +PARAM [/move_group/trajectory_execution/wait_for_trajectory_completion] by /move_group
[rosmaster.master][INFO] 2021-09-26 11:51:30,867: +PARAM [/move_group/trajectory_execution/execution_duration_monitoring] by /move_group
[rosmaster.master][INFO] 2021-09-26 11:51:30,867: +PARAM [/move_group/trajectory_execution/allowed_execution_duration_scaling] by /move_group
[rosmaster.master][INFO] 2021-09-26 11:51:30,867: +PARAM [/move_group/trajectory_execution/allowed_goal_duration_margin] by /move_group
[rosmaster.master][INFO] 2021-09-26 11:51:30,868: +PARAM [/move_group/trajectory_execution/execution_velocity_scaling] by /move_group
[rosmaster.master][INFO] 2021-09-26 11:51:30,868: +PARAM [/move_group/trajectory_execution/allowed_start_tolerance] by /move_group
[rosmaster.master][INFO] 2021-09-26 11:51:30,868: +PARAM [/move_group/trajectory_execution/wait_for_trajectory_completion] by /move_group
[rosmaster.master][INFO] 2021-09-26 11:51:30,869: +SERVICE [/move_group/plan_execution/set_parameters] /move_group http://wng:43187/
[rosmaster.master][INFO] 2021-09-26 11:51:30,869: +PUB [/move_group/plan_execution/parameter_descriptions] /move_group http://wng:43187/
[rosmaster.master][INFO] 2021-09-26 11:51:30,869: +PUB [/move_group/plan_execution/parameter_updates] /move_group http://wng:43187/
[rosmaster.master][INFO] 2021-09-26 11:51:30,869: +PARAM [/move_group/plan_execution/max_replan_attempts] by /move_group
[rosmaster.master][INFO] 2021-09-26 11:51:30,870: +PARAM [/move_group/plan_execution/record_trajectory_state_frequency] by /move_group
[rosmaster.master][INFO] 2021-09-26 11:51:30,870: +PARAM [/move_group/plan_execution/max_replan_attempts] by /move_group
[rosmaster.master][INFO] 2021-09-26 11:51:30,870: +PARAM [/move_group/plan_execution/record_trajectory_state_frequency] by /move_group
[rosmaster.master][INFO] 2021-09-26 11:51:30,870: +SERVICE [/move_group/sense_for_plan/set_parameters] /move_group http://wng:43187/
[rosmaster.master][INFO] 2021-09-26 11:51:30,871: +PUB [/move_group/sense_for_plan/parameter_descriptions] /move_group http://wng:43187/
[rosmaster.master][INFO] 2021-09-26 11:51:30,871: +PUB [/move_group/sense_for_plan/parameter_updates] /move_group http://wng:43187/
[rosmaster.master][INFO] 2021-09-26 11:51:30,872: +PARAM [/move_group/sense_for_plan/max_safe_path_cost] by /move_group
[rosmaster.master][INFO] 2021-09-26 11:51:30,872: +PARAM [/move_group/sense_for_plan/max_look_attempts] by /move_group
[rosmaster.master][INFO] 2021-09-26 11:51:30,872: +PARAM [/move_group/sense_for_plan/max_cost_sources] by /move_group
[rosmaster.master][INFO] 2021-09-26 11:51:30,872: +PARAM [/move_group/sense_for_plan/discard_overlapping_cost_sources] by /move_group
[rosmaster.master][INFO] 2021-09-26 11:51:30,873: +PARAM [/move_group/sense_for_plan/max_safe_path_cost] by /move_group
[rosmaster.master][INFO] 2021-09-26 11:51:30,873: +PARAM [/move_group/sense_for_plan/max_look_attempts] by /move_group
[rosmaster.master][INFO] 2021-09-26 11:51:30,873: +PARAM [/move_group/sense_for_plan/max_cost_sources] by /move_group
[rosmaster.master][INFO] 2021-09-26 11:51:30,873: +PARAM [/move_group/sense_for_plan/discard_overlapping_cost_sources] by /move_group
[rosmaster.master][INFO] 2021-09-26 11:51:30,874: +PUB [/move_group/display_cost_sources] /move_group http://wng:43187/
[rosmaster.master][INFO] 2021-09-26 11:51:30,874: +PUB [/move_group/motion_plan_request] /move_group http://wng:43187/
[rosmaster.master][INFO] 2021-09-26 11:51:30,877: +SERVICE [/apply_planning_scene] /move_group http://wng:43187/
[rosmaster.master][INFO] 2021-09-26 11:51:30,878: +SERVICE [/clear_octomap] /move_group http://wng:43187/
[rosmaster.master][INFO] 2021-09-26 11:51:30,878: +SERVICE [/compute_cartesian_path] /move_group http://wng:43187/
[rosmaster.master][INFO] 2021-09-26 11:51:30,878: +PUB [/execute_trajectory/result] /move_group http://wng:43187/
[rosmaster.master][INFO] 2021-09-26 11:51:30,879: +PUB [/execute_trajectory/feedback] /move_group http://wng:43187/
[rosmaster.master][INFO] 2021-09-26 11:51:30,879: +PUB [/execute_trajectory/status] /move_group http://wng:43187/
[rosmaster.master][INFO] 2021-09-26 11:51:30,880: +SUB [/execute_trajectory/goal] /move_group http://wng:43187/
[rosmaster.master][INFO] 2021-09-26 11:51:30,881: +SUB [/execute_trajectory/cancel] /move_group http://wng:43187/
[rosmaster.master][INFO] 2021-09-26 11:51:30,882: +SERVICE [/get_planning_scene] /move_group http://wng:43187/
[rosmaster.master][INFO] 2021-09-26 11:51:30,882: +SERVICE [/compute_fk] /move_group http://wng:43187/
[rosmaster.master][INFO] 2021-09-26 11:51:30,882: +SERVICE [/compute_ik] /move_group http://wng:43187/
[rosmaster.master][INFO] 2021-09-26 11:51:30,883: +PUB [/move_group/result] /move_group http://wng:43187/
[rosmaster.master][INFO] 2021-09-26 11:51:30,883: +PUB [/move_group/feedback] /move_group http://wng:43187/
[rosmaster.master][INFO] 2021-09-26 11:51:30,883: +PUB [/move_group/status] /move_group http://wng:43187/
[rosmaster.master][INFO] 2021-09-26 11:51:30,885: +SUB [/move_group/goal] /move_group http://wng:43187/
[rosmaster.master][INFO] 2021-09-26 11:51:30,886: +SUB [/move_group/cancel] /move_group http://wng:43187/
[rosmaster.master][INFO] 2021-09-26 11:51:30,888: +PUB [/move_group/display_grasp_markers] /move_group http://wng:43187/
[rosmaster.master][INFO] 2021-09-26 11:51:30,889: +PUB [/pickup/result] /move_group http://wng:43187/
[rosmaster.master][INFO] 2021-09-26 11:51:30,889: +PUB [/pickup/feedback] /move_group http://wng:43187/
[rosmaster.master][INFO] 2021-09-26 11:51:30,889: +PUB [/pickup/status] /move_group http://wng:43187/
[rosmaster.master][INFO] 2021-09-26 11:51:30,891: +SUB [/pickup/goal] /move_group http://wng:43187/
[rosmaster.master][INFO] 2021-09-26 11:51:30,892: +SUB [/pickup/cancel] /move_group http://wng:43187/
[rosmaster.master][INFO] 2021-09-26 11:51:30,892: +PUB [/place/result] /move_group http://wng:43187/
[rosmaster.master][INFO] 2021-09-26 11:51:30,892: +PUB [/place/feedback] /move_group http://wng:43187/
[rosmaster.master][INFO] 2021-09-26 11:51:30,893: +PUB [/place/status] /move_group http://wng:43187/
[rosmaster.master][INFO] 2021-09-26 11:51:30,894: +SUB [/place/goal] /move_group http://wng:43187/
[rosmaster.master][INFO] 2021-09-26 11:51:30,895: +SUB [/place/cancel] /move_group http://wng:43187/
[rosmaster.master][INFO] 2021-09-26 11:51:30,895: +SERVICE [/plan_kinematic_path] /move_group http://wng:43187/
[rosmaster.master][INFO] 2021-09-26 11:51:30,895: +SERVICE [/query_planner_interface] /move_group http://wng:43187/
[rosmaster.master][INFO] 2021-09-26 11:51:30,895: +SERVICE [/get_planner_params] /move_group http://wng:43187/
[rosmaster.master][INFO] 2021-09-26 11:51:30,896: +SERVICE [/set_planner_params] /move_group http://wng:43187/
[rosmaster.master][INFO] 2021-09-26 11:51:30,896: +SERVICE [/check_state_validity] /move_group http://wng:43187/
[rosmaster.master][INFO] 2021-09-26 11:51:30,919: +CACHEDPARAM [/rosout/omit_topics] by /rosout
[rosmaster.master][INFO] 2021-09-26 11:51:30,970: +PUB [/rosout] /joint_state_publisher http://wng:43543/
[rosmaster.master][INFO] 2021-09-26 11:51:30,972: +SERVICE [/joint_state_publisher/get_loggers] /joint_state_publisher http://wng:43543/
[rosmaster.master][INFO] 2021-09-26 11:51:30,973: +SERVICE [/joint_state_publisher/set_logger_level] /joint_state_publisher http://wng:43543/
[rosmaster.master][INFO] 2021-09-26 11:51:30,984: +SUB [/move_group/fake_controller_joint_states] /joint_state_publisher http://wng:43543/
[rosmaster.master][INFO] 2021-09-26 11:51:30,984: +PUB [/joint_states] /joint_state_publisher http://wng:43543/
[rosmaster.master][INFO] 2021-09-26 11:51:31,017: publisherUpdate[/rosout] -> http://wng:43067/ ['http://wng:43273/', 'http://wng:38657/', 'http://wng:43187/', 'http://wng:46359/', 'http://wng:43543/']
[rosmaster.master][INFO] 2021-09-26 11:51:31,017: publisherUpdate[/rosout] -> http://wng:43067/ ['http://wng:43273/', 'http://wng:38657/', 'http://wng:43187/', 'http://wng:46359/', 'http://wng:43543/']: sec=0.00, result=[1, '', 0]
[rosmaster.master][INFO] 2021-09-26 11:51:31,017: publisherUpdate[/joint_states] -> http://wng:43273/ ['http://wng:43543/']
[rosmaster.master][INFO] 2021-09-26 11:51:31,018: publisherUpdate[/joint_states] -> http://wng:43273/ ['http://wng:43543/']: sec=0.00, result=[1, '', 0]
[rosmaster.master][INFO] 2021-09-26 11:51:31,018: publisherUpdate[/joint_states] -> http://wng:38657/ ['http://wng:43543/']
[rosmaster.master][INFO] 2021-09-26 11:51:31,018: publisherUpdate[/joint_states] -> http://wng:38657/ ['http://wng:43543/']: sec=0.00, result=[1, '', 0]
[rosmaster.master][INFO] 2021-09-26 11:51:31,286: +PUB [/joint_states_desired] /joint_state_desired_publisher http://wng:43273/
[rosmaster.master][INFO] 2021-09-26 11:51:31,287: +CACHEDPARAM [/rosout_disable_topics_generation] by /joint_state_desired_publisher
[rosmaster.master][INFO] 2021-09-26 11:51:31,319: publisherUpdate[/joint_states_desired] -> http://wng:43187/ ['http://wng:43273/']
[rosmaster.master][INFO] 2021-09-26 11:51:31,320: publisherUpdate[/joint_states_desired] -> http://wng:43187/ ['http://wng:43273/']: sec=0.00, result=[1, '', 0]
[rosmaster.master][INFO] 2021-09-26 11:51:31,457: +PUB [/rosout] /server_endpoint http://wng:39289/
[rosmaster.master][INFO] 2021-09-26 11:51:31,459: +SERVICE [/server_endpoint/get_loggers] /server_endpoint http://wng:39289/
[rosmaster.master][INFO] 2021-09-26 11:51:31,459: +SERVICE [/server_endpoint/set_logger_level] /server_endpoint http://wng:39289/
[rosmaster.master][INFO] 2021-09-26 11:51:31,460: +SERVICE [/init_sync] /server_endpoint http://wng:39289/
[rosmaster.master][INFO] 2021-09-26 11:51:31,460: +SERVICE [/scene_sync] /server_endpoint http://wng:39289/
[rosmaster.master][INFO] 2021-09-26 11:51:31,461: +SERVICE [/panda_plan] /server_endpoint http://wng:39289/
[rosmaster.master][INFO] 2021-09-26 11:51:31,461: +SERVICE [/hand_sync] /server_endpoint http://wng:39289/
[rosmaster.master][INFO] 2021-09-26 11:51:31,462: +SERVICE [/motion_check] /server_endpoint http://wng:39289/
[rosmaster.master][INFO] 2021-09-26 11:51:31,463: +SUB [/execution_check] /server_endpoint http://wng:39289/
[rosmaster.master][INFO] 2021-09-26 11:51:31,464: +CACHEDPARAM [/rosout_disable_topics_generation] by /server_endpoint
[rosmaster.master][INFO] 2021-09-26 11:51:31,469: +PUB [/rosout] /PandaMove http://wng:36697/
[rosmaster.master][INFO] 2021-09-26 11:51:31,470: +SERVICE [/PandaMove/get_loggers] /PandaMove http://wng:36697/
[rosmaster.master][INFO] 2021-09-26 11:51:31,471: +SERVICE [/PandaMove/set_logger_level] /PandaMove http://wng:36697/
[rosmaster.master][INFO] 2021-09-26 11:51:31,516: +CACHEDPARAM [/rosout_disable_topics_generation] by /PandaMove
[rosmaster.master][INFO] 2021-09-26 11:51:31,516: +CACHEDPARAM [/rosout_disable_topics_generation] by /PandaMove
[rosmaster.master][INFO] 2021-09-26 11:51:31,517: +CACHEDPARAM [/rosout_disable_topics_generation] by /PandaMove
[rosmaster.master][INFO] 2021-09-26 11:51:31,517: +CACHEDPARAM [/rosout_disable_topics_generation] by /PandaMove
[rosmaster.master][INFO] 2021-09-26 11:51:31,518: +CACHEDPARAM [/rosout_disable_topics_generation] by /PandaMove
[rosmaster.master][INFO] 2021-09-26 11:51:31,519: +CACHEDPARAM [/rosout_disable_topics_generation] by /PandaMove
[rosmaster.master][INFO] 2021-09-26 11:51:31,519: +CACHEDPARAM [/rosout_disable_topics_generation] by /PandaMove
[rosmaster.master][INFO] 2021-09-26 11:51:31,519: publisherUpdate[/rosout] -> http://wng:43067/ ['http://wng:43273/', 'http://wng:38657/', 'http://wng:43187/', 'http://wng:46359/', 'http://wng:43543/', 'http://wng:39289/']
[rosmaster.master][INFO] 2021-09-26 11:51:31,520: +CACHEDPARAM [/rosout_disable_topics_generation] by /PandaMove
[rosmaster.master][INFO] 2021-09-26 11:51:31,520: publisherUpdate[/rosout] -> http://wng:43067/ ['http://wng:43273/', 'http://wng:38657/', 'http://wng:43187/', 'http://wng:46359/', 'http://wng:43543/', 'http://wng:39289/']: sec=0.00, result=[1, '', 0]
[rosmaster.master][INFO] 2021-09-26 11:51:31,520: publisherUpdate[/rosout] -> http://wng:43067/ ['http://wng:43273/', 'http://wng:38657/', 'http://wng:43187/', 'http://wng:46359/', 'http://wng:43543/', 'http://wng:39289/', 'http://wng:36697/']
[rosmaster.master][INFO] 2021-09-26 11:51:31,521: +CACHEDPARAM [/rosout_disable_topics_generation] by /PandaMove
[rosmaster.master][INFO] 2021-09-26 11:51:31,521: publisherUpdate[/rosout] -> http://wng:43067/ ['http://wng:43273/', 'http://wng:38657/', 'http://wng:43187/', 'http://wng:46359/', 'http://wng:43543/', 'http://wng:39289/', 'http://wng:36697/']: sec=0.00, result=[1, '', 0]
[rosmaster.master][INFO] 2021-09-26 11:51:31,522: +CACHEDPARAM [/rosout_disable_topics_generation] by /PandaMove
[rosmaster.master][INFO] 2021-09-26 11:51:31,523: +CACHEDPARAM [/rosout_disable_topics_generation] by /PandaMove
[rosmaster.master][INFO] 2021-09-26 11:51:31,523: +CACHEDPARAM [/rosout_disable_topics_generation] by /PandaMove
[rosmaster.master][INFO] 2021-09-26 11:51:31,524: +CACHEDPARAM [/rosout_disable_topics_generation] by /PandaMove
[rosmaster.master][INFO] 2021-09-26 11:51:31,524: +CACHEDPARAM [/rosout_disable_topics_generation] by /PandaMove
[rosmaster.master][INFO] 2021-09-26 11:51:31,525: +CACHEDPARAM [/rosout_disable_topics_generation] by /PandaMove
[rosmaster.master][INFO] 2021-09-26 11:51:31,526: +CACHEDPARAM [/rosout_disable_topics_generation] by /PandaMove
[rosmaster.master][INFO] 2021-09-26 11:51:31,526: +CACHEDPARAM [/rosout_disable_topics_generation] by /PandaMove
[rosmaster.master][INFO] 2021-09-26 11:51:31,527: +CACHEDPARAM [/rosout_disable_topics_generation] by /PandaMove
[rosmaster.master][INFO] 2021-09-26 11:51:31,527: +CACHEDPARAM [/rosout_disable_topics_generation] by /PandaMove
[rosmaster.master][INFO] 2021-09-26 11:51:31,528: +CACHEDPARAM [/rosout_disable_topics_generation] by /PandaMove
[rosmaster.master][INFO] 2021-09-26 11:51:31,529: +CACHEDPARAM [/rosout_disable_topics_generation] by /PandaMove
[rosmaster.master][INFO] 2021-09-26 11:51:31,529: +CACHEDPARAM [/rosout_disable_topics_generation] by /PandaMove
[rosmaster.master][INFO] 2021-09-26 11:51:31,530: +CACHEDPARAM [/rosout_disable_topics_generation] by /PandaMove
[rosmaster.master][INFO] 2021-09-26 11:51:31,530: +CACHEDPARAM [/rosout_disable_topics_generation] by /PandaMove
[rosmaster.master][INFO] 2021-09-26 11:51:31,531: +CACHEDPARAM [/rosout_disable_topics_generation] by /PandaMove
[rosmaster.master][INFO] 2021-09-26 11:51:31,532: +CACHEDPARAM [/rosout_disable_topics_generation] by /PandaMove
[rosmaster.master][INFO] 2021-09-26 11:51:32,104: +SUB [/tf] /rviz_wng_5784_8114946469382122609 http://wng:46359/
[rosmaster.master][INFO] 2021-09-26 11:51:32,106: +SUB [/tf_static] /rviz_wng_5784_8114946469382122609 http://wng:46359/
[rosmaster.master][INFO] 2021-09-26 11:51:32,134: +PUB [/initialpose] /rviz_wng_5784_8114946469382122609 http://wng:46359/
[rosmaster.master][INFO] 2021-09-26 11:51:32,135: +PUB [/goal] /rviz_wng_5784_8114946469382122609 http://wng:46359/
[rosmaster.master][INFO] 2021-09-26 11:51:32,185: +SUB [/visualization_marker] /rviz_wng_5784_8114946469382122609 http://wng:46359/
[rosmaster.master][INFO] 2021-09-26 11:51:32,187: +SUB [/visualization_marker_array] /rviz_wng_5784_8114946469382122609 http://wng:46359/
[rosmaster.master][INFO] 2021-09-26 11:51:32,187: -SUB [/visualization_marker] /rviz_wng_5784_8114946469382122609 http://wng:46359/
[rosmaster.master][INFO] 2021-09-26 11:51:32,187: -SUB [/visualization_marker_array] /rviz_wng_5784_8114946469382122609 http://wng:46359/
[rosmaster.master][INFO] 2021-09-26 11:51:32,188: +SUB [/action] /rviz_wng_5784_8114946469382122609 http://wng:46359/
[rosmaster.master][INFO] 2021-09-26 11:51:32,189: +SUB [/action_array] /rviz_wng_5784_8114946469382122609 http://wng:46359/
[rosmaster.master][INFO] 2021-09-26 11:51:32,199: +PUB [/planning_scene] /rviz_wng_5784_8114946469382122609 http://wng:46359/
[rosmaster.master][INFO] 2021-09-26 11:51:32,199: +PUB [/planning_scene_world] /rviz_wng_5784_8114946469382122609 http://wng:46359/
[rosmaster.master][INFO] 2021-09-26 11:51:32,200: +SUB [/recognize_objects/status] /rviz_wng_5784_8114946469382122609 http://wng:46359/
[rosmaster.master][INFO] 2021-09-26 11:51:32,201: +SUB [/recognize_objects/feedback] /rviz_wng_5784_8114946469382122609 http://wng:46359/
[rosmaster.master][INFO] 2021-09-26 11:51:32,202: +SUB [/recognize_objects/result] /rviz_wng_5784_8114946469382122609 http://wng:46359/
[rosmaster.master][INFO] 2021-09-26 11:51:32,203: +PUB [/recognize_objects/goal] /rviz_wng_5784_8114946469382122609 http://wng:46359/
[rosmaster.master][INFO] 2021-09-26 11:51:32,203: +PUB [/recognize_objects/cancel] /rviz_wng_5784_8114946469382122609 http://wng:46359/
[rosmaster.master][INFO] 2021-09-26 11:51:32,204: +SUB [/recognized_object_array] /rviz_wng_5784_8114946469382122609 http://wng:46359/
[rosmaster.master][INFO] 2021-09-26 11:51:32,221: publisherUpdate[/planning_scene] -> http://wng:43187/ ['http://wng:46359/']
[rosmaster.master][INFO] 2021-09-26 11:51:32,221: publisherUpdate[/planning_scene] -> http://wng:43187/ ['http://wng:46359/']: sec=0.00, result=[1, '', 0]
[rosmaster.master][INFO] 2021-09-26 11:51:32,221: publisherUpdate[/planning_scene_world] -> http://wng:43187/ ['http://wng:46359/']
[rosmaster.master][INFO] 2021-09-26 11:51:32,222: publisherUpdate[/planning_scene_world] -> http://wng:43187/ ['http://wng:46359/']: sec=0.00, result=[1, '', 0]
[rosmaster.master][INFO] 2021-09-26 11:51:35,205: -SUB [/recognize_objects/status] /rviz_wng_5784_8114946469382122609 http://wng:46359/
[rosmaster.master][INFO] 2021-09-26 11:51:35,206: -PUB [/recognize_objects/cancel] /rviz_wng_5784_8114946469382122609 http://wng:46359/
[rosmaster.master][INFO] 2021-09-26 11:51:35,207: -PUB [/recognize_objects/goal] /rviz_wng_5784_8114946469382122609 http://wng:46359/
[rosmaster.master][INFO] 2021-09-26 11:51:35,209: -SUB [/recognize_objects/feedback] /rviz_wng_5784_8114946469382122609 http://wng:46359/
[rosmaster.master][INFO] 2021-09-26 11:51:35,210: -SUB [/recognize_objects/result] /rviz_wng_5784_8114946469382122609 http://wng:46359/
[rosmaster.master][INFO] 2021-09-26 11:51:35,277: +PUB [/feedback] /rviz_wng_5784_8114946469382122609 http://wng:46359/
[rosmaster.master][INFO] 2021-09-26 11:51:35,277: -PUB [/feedback] /rviz_wng_5784_8114946469382122609 http://wng:46359/
[rosmaster.master][INFO] 2021-09-26 11:51:35,278: +PUB [/feedback] /rviz_wng_5784_8114946469382122609 http://wng:46359/
[rosmaster.master][INFO] 2021-09-26 11:51:35,279: -PUB [/goal] /rviz_wng_5784_8114946469382122609 http://wng:46359/
[rosmaster.master][INFO] 2021-09-26 11:51:35,279: -PUB [/initialpose] /rviz_wng_5784_8114946469382122609 http://wng:46359/
[rosmaster.master][INFO] 2021-09-26 11:51:35,295: +SERVICE [/rviz_wng_5784_8114946469382122609/reload_shaders] /rviz_wng_5784_8114946469382122609 http://wng:46359/
[rosmaster.master][INFO] 2021-09-26 11:51:35,295: +SERVICE [/rviz_wng_5784_8114946469382122609/load_config] /rviz_wng_5784_8114946469382122609 http://wng:46359/
[rosmaster.master][INFO] 2021-09-26 11:51:35,295: +SERVICE [/rviz_wng_5784_8114946469382122609/save_config] /rviz_wng_5784_8114946469382122609 http://wng:46359/
[rosmaster.master][INFO] 2021-09-26 11:51:35,355: +SERVICE [/rviz_wng_5784_8114946469382122609/motionplanning_planning_scene_monitor/set_parameters] /rviz_wng_5784_8114946469382122609 http://wng:46359/
[rosmaster.master][INFO] 2021-09-26 11:51:35,356: +PUB [/rviz_wng_5784_8114946469382122609/motionplanning_planning_scene_monitor/parameter_descriptions] /rviz_wng_5784_8114946469382122609 http://wng:46359/
[rosmaster.master][INFO] 2021-09-26 11:51:35,356: +PUB [/rviz_wng_5784_8114946469382122609/motionplanning_planning_scene_monitor/parameter_updates] /rviz_wng_5784_8114946469382122609 http://wng:46359/
[rosmaster.master][INFO] 2021-09-26 11:51:35,357: +PARAM [/rviz_wng_5784_8114946469382122609/motionplanning_planning_scene_monitor/publish_planning_scene] by /rviz_wng_5784_8114946469382122609
[rosmaster.master][INFO] 2021-09-26 11:51:35,358: +PARAM [/rviz_wng_5784_8114946469382122609/motionplanning_planning_scene_monitor/publish_planning_scene_hz] by /rviz_wng_5784_8114946469382122609
[rosmaster.master][INFO] 2021-09-26 11:51:35,358: +PARAM [/rviz_wng_5784_8114946469382122609/motionplanning_planning_scene_monitor/publish_geometry_updates] by /rviz_wng_5784_8114946469382122609
[rosmaster.master][INFO] 2021-09-26 11:51:35,358: +PARAM [/rviz_wng_5784_8114946469382122609/motionplanning_planning_scene_monitor/publish_state_updates] by /rviz_wng_5784_8114946469382122609
[rosmaster.master][INFO] 2021-09-26 11:51:35,358: +PARAM [/rviz_wng_5784_8114946469382122609/motionplanning_planning_scene_monitor/publish_transforms_updates] by /rviz_wng_5784_8114946469382122609
[rosmaster.master][INFO] 2021-09-26 11:51:35,359: +PARAM [/rviz_wng_5784_8114946469382122609/motionplanning_planning_scene_monitor/publish_planning_scene] by /rviz_wng_5784_8114946469382122609
[rosmaster.master][INFO] 2021-09-26 11:51:35,359: +PARAM [/rviz_wng_5784_8114946469382122609/motionplanning_planning_scene_monitor/publish_planning_scene_hz] by /rviz_wng_5784_8114946469382122609
[rosmaster.master][INFO] 2021-09-26 11:51:35,359: +PARAM [/rviz_wng_5784_8114946469382122609/motionplanning_planning_scene_monitor/publish_geometry_updates] by /rviz_wng_5784_8114946469382122609
[rosmaster.master][INFO] 2021-09-26 11:51:35,359: +PARAM [/rviz_wng_5784_8114946469382122609/motionplanning_planning_scene_monitor/publish_state_updates] by /rviz_wng_5784_8114946469382122609
[rosmaster.master][INFO] 2021-09-26 11:51:35,360: +PARAM [/rviz_wng_5784_8114946469382122609/motionplanning_planning_scene_monitor/publish_transforms_updates] by /rviz_wng_5784_8114946469382122609
[rosmaster.master][INFO] 2021-09-26 11:51:51,931: -SUB [/execution_check] /server_endpoint http://wng:39289/
[rosmaster.master][INFO] 2021-09-26 11:51:51,934: -SUB [/move_group/fake_controller_joint_states] /joint_state_publisher http://wng:43543/
[rosmaster.master][INFO] 2021-09-26 11:51:51,935: -PUB [/rosout] /PandaMove http://wng:36697/
[rosmaster.master][INFO] 2021-09-26 11:51:51,935: -PUB [/rosout] /server_endpoint http://wng:39289/
[rosmaster.master][INFO] 2021-09-26 11:51:51,936: -PUB [/joint_states] /joint_state_publisher http://wng:43543/
[rosmaster.master][INFO] 2021-09-26 11:51:51,936: -SERVICE [/PandaMove/get_loggers] /PandaMove rosrpc://wng:40709
[rosmaster.master][INFO] 2021-09-26 11:51:51,936: -SERVICE [/hand_sync] /server_endpoint rosrpc://wng:39515
[rosmaster.master][INFO] 2021-09-26 11:51:51,937: -PUB [/rosout] /joint_state_publisher http://wng:43543/
[rosmaster.master][INFO] 2021-09-26 11:51:51,937: -SERVICE [/PandaMove/set_logger_level] /PandaMove rosrpc://wng:40709
[rosmaster.master][INFO] 2021-09-26 11:51:51,938: -SERVICE [/panda_plan] /server_endpoint rosrpc://wng:39515
[rosmaster.master][INFO] 2021-09-26 11:51:51,939: -SERVICE [/joint_state_publisher/get_loggers] /joint_state_publisher rosrpc://wng:39899
[rosmaster.master][INFO] 2021-09-26 11:51:51,939: -SERVICE [/server_endpoint/get_loggers] /server_endpoint rosrpc://wng:39515
[rosmaster.master][INFO] 2021-09-26 11:51:51,940: -SERVICE [/joint_state_publisher/set_logger_level] /joint_state_publisher rosrpc://wng:39899
[rosmaster.master][INFO] 2021-09-26 11:51:51,941: -SERVICE [/scene_sync] /server_endpoint rosrpc://wng:39515
[rosmaster.master][INFO] 2021-09-26 11:51:51,941: -SERVICE [/server_endpoint/set_logger_level] /server_endpoint rosrpc://wng:39515
[rosmaster.master][INFO] 2021-09-26 11:51:51,942: -SERVICE [/motion_check] /server_endpoint rosrpc://wng:39515
[rosmaster.master][INFO] 2021-09-26 11:51:51,942: -SERVICE [/init_sync] /server_endpoint rosrpc://wng:39515
[rosmaster.master][INFO] 2021-09-26 11:51:51,953: -PUB [/rosout] /move_group http://wng:43187/
[rosmaster.master][INFO] 2021-09-26 11:51:51,954: publisherUpdate[/rosout] -> http://wng:43067/ ['http://wng:43273/', 'http://wng:38657/', 'http://wng:43187/', 'http://wng:46359/', 'http://wng:43543/', 'http://wng:39289/']
[rosmaster.master][INFO] 2021-09-26 11:51:51,956: publisherUpdate[/joint_states] -> http://wng:43273/ []
[rosmaster.master][INFO] 2021-09-26 11:51:51,955: -PUB [/move_group/planning_scene_monitor/parameter_descriptions] /move_group http://wng:43187/
[rosmaster.master][INFO] 2021-09-26 11:51:51,957: publisherUpdate[/rosout] -> http://wng:43067/ ['http://wng:43273/', 'http://wng:38657/', 'http://wng:43187/', 'http://wng:46359/', 'http://wng:43543/', 'http://wng:39289/']: sec=0.00, result=[1, '', 0]
[rosmaster.master][INFO] 2021-09-26 11:51:51,957: publisherUpdate[/joint_states] -> http://wng:38657/ []
[rosmaster.master][INFO] 2021-09-26 11:51:51,959: publisherUpdate[/joint_states] -> http://wng:43273/ []: sec=0.00, result=[1, '', 0]
[rosmaster.master][INFO] 2021-09-26 11:51:51,960: publisherUpdate[/rosout] -> http://wng:43067/ ['http://wng:43273/', 'http://wng:38657/', 'http://wng:43187/', 'http://wng:46359/', 'http://wng:43543/']
[rosmaster.master][INFO] 2021-09-26 11:51:51,960: -PUB [/move_group/planning_scene_monitor/parameter_updates] /move_group http://wng:43187/
[rosmaster.master][INFO] 2021-09-26 11:51:51,962: publisherUpdate[/joint_states] -> http://wng:38657/ []: sec=0.00, result=[1, '', 0]
[rosmaster.master][INFO] 2021-09-26 11:51:51,963: publisherUpdate[/rosout] -> http://wng:43067/ ['http://wng:43273/', 'http://wng:38657/', 'http://wng:43187/', 'http://wng:46359/', 'http://wng:43543/']: sec=0.00, result=[1, '', 0]
[rosmaster.master][INFO] 2021-09-26 11:51:51,964: -PUB [/move_group/monitored_planning_scene] /move_group http://wng:43187/
[rosmaster.master][INFO] 2021-09-26 11:51:51,964: publisherUpdate[/rosout] -> http://wng:43067/ ['http://wng:43273/', 'http://wng:38657/', 'http://wng:43187/', 'http://wng:46359/']
[rosmaster.master][INFO] 2021-09-26 11:51:51,965: -PUB [/move_group/filtered_cloud] /move_group http://wng:43187/
[rosmaster.master][INFO] 2021-09-26 11:51:51,966: publisherUpdate[/rosout] -> http://wng:43067/ ['http://wng:43273/', 'http://wng:38657/', 'http://wng:43187/', 'http://wng:46359/']: sec=0.00, result=[1, '', 0]
[rosmaster.master][INFO] 2021-09-26 11:51:51,967: publisherUpdate[/rosout] -> http://wng:43067/ ['http://wng:43273/', 'http://wng:38657/', 'http://wng:46359/']
[rosmaster.master][INFO] 2021-09-26 11:51:51,967: -PUB [/move_group/ompl/parameter_descriptions] /move_group http://wng:43187/
[rosmaster.master][INFO] 2021-09-26 11:51:51,968: publisherUpdate[/rosout] -> http://wng:43067/ ['http://wng:43273/', 'http://wng:38657/', 'http://wng:46359/']: sec=0.00, result=[1, '', 0]
[rosmaster.master][INFO] 2021-09-26 11:51:51,969: -PUB [/move_group/ompl/parameter_updates] /move_group http://wng:43187/
[rosmaster.master][INFO] 2021-09-26 11:51:51,969: -PUB [/move_group/display_planned_path] /move_group http://wng:43187/
[rosmaster.master][INFO] 2021-09-26 11:51:51,970: -PUB [/move_group/display_contacts] /move_group http://wng:43187/
[rosmaster.master][INFO] 2021-09-26 11:51:51,971: -PUB [/move_group/fake_controller_joint_states] /move_group http://wng:43187/
[rosmaster.master][INFO] 2021-09-26 11:51:51,971: -PUB [/move_group/trajectory_execution/parameter_descriptions] /move_group http://wng:43187/
[rosmaster.master][INFO] 2021-09-26 11:51:51,972: -PUB [/move_group/trajectory_execution/parameter_updates] /move_group http://wng:43187/
[rosmaster.master][INFO] 2021-09-26 11:51:51,972: -PUB [/move_group/plan_execution/parameter_descriptions] /move_group http://wng:43187/
[rosmaster.master][INFO] 2021-09-26 11:51:51,973: -PUB [/move_group/plan_execution/parameter_updates] /move_group http://wng:43187/
[rosmaster.master][INFO] 2021-09-26 11:51:51,973: -PUB [/move_group/sense_for_plan/parameter_descriptions] /move_group http://wng:43187/
[rosmaster.master][INFO] 2021-09-26 11:51:51,974: -PUB [/move_group/sense_for_plan/parameter_updates] /move_group http://wng:43187/
[rosmaster.master][INFO] 2021-09-26 11:51:51,974: -PUB [/move_group/display_cost_sources] /move_group http://wng:43187/
[rosmaster.master][INFO] 2021-09-26 11:51:51,974: -PUB [/move_group/motion_plan_request] /move_group http://wng:43187/
[rosmaster.master][INFO] 2021-09-26 11:51:51,975: -PUB [/execute_trajectory/result] /move_group http://wng:43187/
[rosmaster.master][INFO] 2021-09-26 11:51:51,975: -PUB [/execute_trajectory/feedback] /move_group http://wng:43187/
[rosmaster.master][INFO] 2021-09-26 11:51:51,976: -PUB [/execute_trajectory/status] /move_group http://wng:43187/
[rosmaster.master][INFO] 2021-09-26 11:51:51,976: -PUB [/move_group/result] /move_group http://wng:43187/
[rosmaster.master][INFO] 2021-09-26 11:51:51,977: -PUB [/move_group/feedback] /move_group http://wng:43187/
[rosmaster.master][INFO] 2021-09-26 11:51:51,977: -PUB [/move_group/status] /move_group http://wng:43187/
[rosmaster.master][INFO] 2021-09-26 11:51:51,978: -PUB [/move_group/display_grasp_markers] /move_group http://wng:43187/
[rosmaster.master][INFO] 2021-09-26 11:51:51,978: -PUB [/pickup/result] /move_group http://wng:43187/
[rosmaster.master][INFO] 2021-09-26 11:51:51,978: -PUB [/pickup/feedback] /move_group http://wng:43187/
[rosmaster.master][INFO] 2021-09-26 11:51:51,979: -PUB [/pickup/status] /move_group http://wng:43187/
[rosmaster.master][INFO] 2021-09-26 11:51:51,979: -PUB [/place/result] /move_group http://wng:43187/
[rosmaster.master][INFO] 2021-09-26 11:51:51,979: -PUB [/place/feedback] /move_group http://wng:43187/
[rosmaster.master][INFO] 2021-09-26 11:51:51,980: -PUB [/place/status] /move_group http://wng:43187/
[rosmaster.master][INFO] 2021-09-26 11:51:51,980: -SUB [/tf] /move_group http://wng:43187/
[rosmaster.master][INFO] 2021-09-26 11:51:51,980: -SUB [/tf_static] /move_group http://wng:43187/
[rosmaster.master][INFO] 2021-09-26 11:51:51,981: -SUB [/planning_scene] /move_group http://wng:43187/
[rosmaster.master][INFO] 2021-09-26 11:51:51,981: -SUB [/collision_object] /move_group http://wng:43187/
[rosmaster.master][INFO] 2021-09-26 11:51:51,982: -SUB [/planning_scene_world] /move_group http://wng:43187/
[rosmaster.master][INFO] 2021-09-26 11:51:51,982: -SUB [/camera/depth_registered/points] /move_group http://wng:43187/
[rosmaster.master][INFO] 2021-09-26 11:51:51,982: -SUB [/joint_states_desired] /move_group http://wng:43187/
[rosmaster.master][INFO] 2021-09-26 11:51:51,983: -SUB [/attached_collision_object] /move_group http://wng:43187/
[rosmaster.master][INFO] 2021-09-26 11:51:51,983: -SUB [/trajectory_execution_event] /move_group http://wng:43187/
[rosmaster.master][INFO] 2021-09-26 11:51:51,983: -SUB [/execute_trajectory/goal] /move_group http://wng:43187/
[rosmaster.master][INFO] 2021-09-26 11:51:51,984: -SUB [/execute_trajectory/cancel] /move_group http://wng:43187/
[rosmaster.master][INFO] 2021-09-26 11:51:51,984: -SUB [/move_group/goal] /move_group http://wng:43187/
[rosmaster.master][INFO] 2021-09-26 11:51:51,984: -SUB [/move_group/cancel] /move_group http://wng:43187/
[rosmaster.master][INFO] 2021-09-26 11:51:51,985: -SUB [/pickup/goal] /move_group http://wng:43187/
[rosmaster.master][INFO] 2021-09-26 11:51:51,985: -SUB [/pickup/cancel] /move_group http://wng:43187/
[rosmaster.master][INFO] 2021-09-26 11:51:51,985: -SUB [/place/goal] /move_group http://wng:43187/
[rosmaster.master][INFO] 2021-09-26 11:51:51,986: -SUB [/place/cancel] /move_group http://wng:43187/
[rosmaster.master][INFO] 2021-09-26 11:51:51,986: -SERVICE [/move_group/get_loggers] /move_group rosrpc://wng:34439
[rosmaster.master][INFO] 2021-09-26 11:51:51,986: -SERVICE [/move_group/set_logger_level] /move_group rosrpc://wng:34439
[rosmaster.master][INFO] 2021-09-26 11:51:51,987: -SERVICE [/move_group/planning_scene_monitor/set_parameters] /move_group rosrpc://wng:34439
[rosmaster.master][INFO] 2021-09-26 11:51:51,987: -SERVICE [/move_group/save_map] /move_group rosrpc://wng:34439
[rosmaster.master][INFO] 2021-09-26 11:51:51,987: -SERVICE [/move_group/load_map] /move_group rosrpc://wng:34439
[rosmaster.master][INFO] 2021-09-26 11:51:51,988: -SERVICE [/move_group/ompl/set_parameters] /move_group rosrpc://wng:34439
[rosmaster.master][INFO] 2021-09-26 11:51:51,988: -SERVICE [/move_group/trajectory_execution/set_parameters] /move_group rosrpc://wng:34439
[rosmaster.master][INFO] 2021-09-26 11:51:51,988: -SERVICE [/move_group/plan_execution/set_parameters] /move_group rosrpc://wng:34439
[rosmaster.master][INFO] 2021-09-26 11:51:51,988: -SERVICE [/move_group/sense_for_plan/set_parameters] /move_group rosrpc://wng:34439
[rosmaster.master][INFO] 2021-09-26 11:51:51,989: -SERVICE [/apply_planning_scene] /move_group rosrpc://wng:34439
[rosmaster.master][INFO] 2021-09-26 11:51:51,989: -SERVICE [/clear_octomap] /move_group rosrpc://wng:34439
[rosmaster.master][INFO] 2021-09-26 11:51:51,989: -SERVICE [/compute_cartesian_path] /move_group rosrpc://wng:34439
[rosmaster.master][INFO] 2021-09-26 11:51:51,989: -SERVICE [/get_planning_scene] /move_group rosrpc://wng:34439
[rosmaster.master][INFO] 2021-09-26 11:51:51,990: -SERVICE [/compute_fk] /move_group rosrpc://wng:34439
[rosmaster.master][INFO] 2021-09-26 11:51:51,990: -SERVICE [/compute_ik] /move_group rosrpc://wng:34439
[rosmaster.master][INFO] 2021-09-26 11:51:51,990: -SERVICE [/plan_kinematic_path] /move_group rosrpc://wng:34439
[rosmaster.master][INFO] 2021-09-26 11:51:51,990: -SERVICE [/query_planner_interface] /move_group rosrpc://wng:34439
[rosmaster.master][INFO] 2021-09-26 11:51:51,991: -SERVICE [/get_planner_params] /move_group rosrpc://wng:34439
[rosmaster.master][INFO] 2021-09-26 11:51:51,991: -SERVICE [/set_planner_params] /move_group rosrpc://wng:34439
[rosmaster.master][INFO] 2021-09-26 11:51:51,991: -SERVICE [/check_state_validity] /move_group rosrpc://wng:34439
[rosmaster.master][INFO] 2021-09-26 11:51:51,992: -CACHEDPARAM [/rosout_disable_topics_generation] by /move_group
[rosmaster.master][INFO] 2021-09-26 11:51:52,059: -PUB [/rosout] /joint_state_desired_publisher http://wng:43273/
[rosmaster.master][INFO] 2021-09-26 11:51:52,060: -PUB [/joint_states_desired] /joint_state_desired_publisher http://wng:43273/
[rosmaster.master][INFO] 2021-09-26 11:51:52,060: -SUB [/joint_states] /joint_state_desired_publisher http://wng:43273/
[rosmaster.master][INFO] 2021-09-26 11:51:52,060: -SERVICE [/joint_state_desired_publisher/get_loggers] /joint_state_desired_publisher rosrpc://wng:42779
[rosmaster.master][INFO] 2021-09-26 11:51:52,060: -SERVICE [/joint_state_desired_publisher/set_logger_level] /joint_state_desired_publisher rosrpc://wng:42779
[rosmaster.master][INFO] 2021-09-26 11:51:52,061: -CACHEDPARAM [/rosout_disable_topics_generation] by /joint_state_desired_publisher
[rosmaster.master][INFO] 2021-09-26 11:51:52,062: -PUB [/rosout] /robot_state_publisher http://wng:38657/
[rosmaster.master][INFO] 2021-09-26 11:51:52,062: -PUB [/tf] /robot_state_publisher http://wng:38657/
[rosmaster.master][INFO] 2021-09-26 11:51:52,062: publisherUpdate[/rosout] -> http://wng:43067/ ['http://wng:38657/', 'http://wng:46359/']
[rosmaster.master][INFO] 2021-09-26 11:51:52,062: -PUB [/tf_static] /robot_state_publisher http://wng:38657/
[rosmaster.master][INFO] 2021-09-26 11:51:52,063: publisherUpdate[/rosout] -> http://wng:43067/ ['http://wng:38657/', 'http://wng:46359/']: sec=0.00, result=[1, '', 0]
[rosmaster.master][INFO] 2021-09-26 11:51:52,063: -SUB [/joint_states] /robot_state_publisher http://wng:38657/
[rosmaster.master][INFO] 2021-09-26 11:51:52,063: publisherUpdate[/rosout] -> http://wng:43067/ ['http://wng:46359/']
[rosmaster.master][INFO] 2021-09-26 11:51:52,063: -SERVICE [/robot_state_publisher/get_loggers] /robot_state_publisher rosrpc://wng:33597
[rosmaster.master][INFO] 2021-09-26 11:51:52,063: publisherUpdate[/rosout] -> http://wng:43067/ ['http://wng:46359/']: sec=0.00, result=[1, '', 0]
[rosmaster.master][INFO] 2021-09-26 11:51:52,064: -SERVICE [/robot_state_publisher/set_logger_level] /robot_state_publisher rosrpc://wng:33597
[rosmaster.master][INFO] 2021-09-26 11:51:52,064: publisherUpdate[/tf] -> http://wng:46359/ []
[rosmaster.master][INFO] 2021-09-26 11:51:52,064: publisherUpdate[/tf] -> http://wng:46359/ []: sec=0.00, exception=[Errno 111] Connection refused
[rosmaster.master][INFO] 2021-09-26 11:51:52,064: publisherUpdate[/tf_static] -> http://wng:46359/ []
[rosmaster.master][INFO] 2021-09-26 11:51:52,065: publisherUpdate[/tf_static] -> http://wng:46359/ []: sec=0.00, exception=[Errno 111] Connection refused
[rosmaster.threadpool][ERROR] 2021-09-26 11:51:52,065: Traceback (most recent call last):
  File "/opt/ros/melodic/lib/python2.7/dist-packages/rosmaster/threadpool.py", line 218, in run
    result = cmd(*args)
  File "/opt/ros/melodic/lib/python2.7/dist-packages/rosmaster/master_api.py", line 210, in publisher_update_task
    ret = xmlrpcapi(api).publisherUpdate('/master', topic, pub_uris)
  File "/usr/lib/python2.7/xmlrpclib.py", line 1243, in __call__
    return self.__send(self.__name, args)
  File "/usr/lib/python2.7/xmlrpclib.py", line 1602, in __request
    verbose=self.__verbose
  File "/usr/lib/python2.7/xmlrpclib.py", line 1283, in request
    return self.single_request(host, handler, request_body, verbose)
  File "/usr/lib/python2.7/xmlrpclib.py", line 1311, in single_request
    self.send_content(h, request_body)
  File "/usr/lib/python2.7/xmlrpclib.py", line 1459, in send_content
    connection.endheaders(request_body)
  File "/usr/lib/python2.7/httplib.py", line 1095, in endheaders
    self._send_output(message_body)
  File "/usr/lib/python2.7/httplib.py", line 898, in _send_output
    self.send(msg)
  File "/usr/lib/python2.7/httplib.py", line 860, in send
    self.connect()
  File "/usr/lib/python2.7/httplib.py", line 837, in connect
    self.timeout, self.source_address)
  File "/usr/lib/python2.7/socket.py", line 575, in create_connection
    raise err
error: [Errno 111] Connection refused

[rosmaster.threadpool][ERROR] 2021-09-26 11:51:52,065: Traceback (most recent call last):
  File "/opt/ros/melodic/lib/python2.7/dist-packages/rosmaster/threadpool.py", line 218, in run
    result = cmd(*args)
  File "/opt/ros/melodic/lib/python2.7/dist-packages/rosmaster/master_api.py", line 210, in publisher_update_task
    ret = xmlrpcapi(api).publisherUpdate('/master', topic, pub_uris)
  File "/usr/lib/python2.7/xmlrpclib.py", line 1243, in __call__
    return self.__send(self.__name, args)
  File "/usr/lib/python2.7/xmlrpclib.py", line 1602, in __request
    verbose=self.__verbose
  File "/usr/lib/python2.7/xmlrpclib.py", line 1283, in request
    return self.single_request(host, handler, request_body, verbose)
  File "/usr/lib/python2.7/xmlrpclib.py", line 1311, in single_request
    self.send_content(h, request_body)
  File "/usr/lib/python2.7/xmlrpclib.py", line 1459, in send_content
    connection.endheaders(request_body)
  File "/usr/lib/python2.7/httplib.py", line 1095, in endheaders
    self._send_output(message_body)
  File "/usr/lib/python2.7/httplib.py", line 898, in _send_output
    self.send(msg)
  File "/usr/lib/python2.7/httplib.py", line 860, in send
    self.connect()
  File "/usr/lib/python2.7/httplib.py", line 837, in connect
    self.timeout, self.source_address)
  File "/usr/lib/python2.7/socket.py", line 575, in create_connection
    raise err
error: [Errno 111] Connection refused

[rosmaster.master][INFO] 2021-09-26 11:52:09,190: -PUB [/rosout_agg] /rosout http://wng:43067/
[rosmaster.master][INFO] 2021-09-26 11:52:09,190: -SUB [/rosout] /rosout http://wng:43067/
[rosmaster.master][INFO] 2021-09-26 11:52:09,190: -SERVICE [/rosout/get_loggers] /rosout rosrpc://wng:52239
[rosmaster.master][INFO] 2021-09-26 11:52:09,191: -SERVICE [/rosout/set_logger_level] /rosout rosrpc://wng:52239
[rosmaster.master][INFO] 2021-09-26 11:52:09,191: -CACHEDPARAM [/rosout/omit_topics] by /rosout
[rosmaster.main][INFO] 2021-09-26 11:52:09,263: keyboard interrupt, will exit
[rosmaster.main][INFO] 2021-09-26 11:52:09,263: stopping master...
[rospy.core][INFO] 2021-09-26 11:52:09,263: signal_shutdown [atexit]
