[rospy.client][INFO] 2021-09-26 11:51:31,365: init_node, name[/PandaMove], pid[5824]
[xmlrpc][INFO] 2021-09-26 11:51:31,366: XML-RPC server binding to 0.0.0.0:0
[xmlrpc][INFO] 2021-09-26 11:51:31,366: Started XML-RPC server [http://wng:36697/]
[rospy.init][INFO] 2021-09-26 11:51:31,366: ROS Slave URI: [http://wng:36697/]
[rospy.impl.masterslave][INFO] 2021-09-26 11:51:31,366: _ready: http://wng:36697/
[xmlrpc][INFO] 2021-09-26 11:51:31,367: xml rpc node: starting XML-RPC server
[rospy.registration][INFO] 2021-09-26 11:51:31,367: Registering with master node http://localhost:11311
[rospy.init][INFO] 2021-09-26 11:51:31,466: registered with master
[rospy.rosout][INFO] 2021-09-26 11:51:31,467: initializing /rosout core topic
[rospy.rosout][INFO] 2021-09-26 11:51:31,469: connected to core topic /rosout
[rospy.simtime][INFO] 2021-09-26 11:51:31,470: /use_sim_time is not set, will not subscribe to simulated time [/clock] topic
[rosout][INFO] 2021-09-26 11:51:31,515: pan, pan, None
[rosout][INFO] 2021-09-26 11:51:31,516: pot, pot, None
[rosout][INFO] 2021-09-26 11:51:31,517: plate, plate, None
[rosout][INFO] 2021-09-26 11:51:31,517: bowl, bowl, None
[rosout][INFO] 2021-09-26 11:51:31,518: spatula, spatula, None
[rosout][INFO] 2021-09-26 11:51:31,518: spreader, spreader, None
[rosout][INFO] 2021-09-26 11:51:31,519: scooper, scooper, None
[rosout][INFO] 2021-09-26 11:51:31,519: knife, knife, None
[rosout][INFO] 2021-09-26 11:51:31,520: table, table, None
[rosout][INFO] 2021-09-26 11:51:31,521: stove, stove, None
[rosout][INFO] 2021-09-26 11:51:31,522: cutting_board, cutting_board, None
[rosout][INFO] 2021-09-26 11:51:31,523: near_cutting_board, near_cutting_board, None
[rosout][INFO] 2021-09-26 11:51:31,524: onion, onion, ['exist']
[rosout][INFO] 2021-09-26 11:51:31,524: butter, butter, ['exist']
[rosout][INFO] 2021-09-26 11:51:31,525: cabbage, cabbage, ['exist']
[rosout][INFO] 2021-09-26 11:51:31,525: bread1, bread, ['exist']
[rosout][INFO] 2021-09-26 11:51:31,526: bread2, bread, ['exist']
[rosout][INFO] 2021-09-26 11:51:31,527: tuna, tuna, ['exist']
[rosout][INFO] 2021-09-26 11:51:31,527: sandwich, sandwich, []
[rosout][INFO] 2021-09-26 11:51:31,528: tuna_spread, tuna_spread, []
[rosout][INFO] 2021-09-26 11:51:31,528: salt, salt, ['exist']
[rosout][INFO] 2021-09-26 11:51:31,529: pepper, pepper, ['exist']
[rosout][INFO] 2021-09-26 11:51:31,530: mayonnaise, mayonnaise, ['exist']
[rosout][INFO] 2021-09-26 11:51:31,530: salt_bottle, salt_bottle, None
[rosout][INFO] 2021-09-26 11:51:31,531: pepper_bottle, pepper_bottle, None
[rosout][INFO] 2021-09-26 11:51:31,531: mayonnaise_bottle, mayonnaise_bottle, None
[rospy.internal][INFO] 2021-09-26 11:51:31,722: topic[/rosout] adding connection to [/rosout], count 0
[rospy.core][INFO] 2021-09-26 11:51:51,929: signal_shutdown [signal-2]
[rospy.internal][INFO] 2021-09-26 11:51:51,939: topic[/rosout] removing connection to /rosout
[rospy.impl.masterslave][INFO] 2021-09-26 11:51:51,940: signal-2
[rospy.core][INFO] 2021-09-26 11:52:06,957: signal_shutdown [signal-15]
