[rospy.client][INFO] 2021-09-09 22:44:44,952: init_node, name[/joint_state_publisher], pid[30355]
[xmlrpc][INFO] 2021-09-09 22:44:44,952: XML-RPC server binding to 0.0.0.0:0
[xmlrpc][INFO] 2021-09-09 22:44:44,952: Started XML-RPC server [http://wng:38249/]
[rospy.init][INFO] 2021-09-09 22:44:44,952: ROS Slave URI: [http://wng:38249/]
[rospy.impl.masterslave][INFO] 2021-09-09 22:44:44,953: _ready: http://wng:38249/
[rospy.registration][INFO] 2021-09-09 22:44:44,953: Registering with master node http://localhost:11311
[xmlrpc][INFO] 2021-09-09 22:44:44,953: xml rpc node: starting XML-RPC server
[rospy.init][INFO] 2021-09-09 22:44:45,053: registered with master
[rospy.rosout][INFO] 2021-09-09 22:44:45,053: initializing /rosout core topic
[rospy.rosout][INFO] 2021-09-09 22:44:45,055: connected to core topic /rosout
[rospy.simtime][INFO] 2021-09-09 22:44:45,056: /use_sim_time is not set, will not subscribe to simulated time [/clock] topic
[rospy.internal][INFO] 2021-09-09 22:44:45,117: topic[/move_group/fake_controller_joint_states] adding connection to [http://wng:33501/], count 0
[rospy.internal][INFO] 2021-09-09 22:44:45,317: topic[/rosout] adding connection to [/rosout], count 0
[rospy.internal][INFO] 2021-09-09 22:44:45,318: topic[/joint_states] adding connection to [/joint_state_desired_publisher], count 0
[rospy.internal][INFO] 2021-09-09 22:44:45,320: topic[/joint_states] adding connection to [/robot_state_publisher], count 1
[rospy.internal][INFO] 2021-09-09 22:45:19,958: topic[/joint_states] adding connection to [/move_group_commander_wrappers_1631195092898511302], count 2
[rospy.internal][INFO] 2021-09-09 23:14:06,070: topic[/joint_states] removing connection to /move_group_commander_wrappers_1631195092898511302
[rospy.core][INFO] 2021-09-09 23:14:55,737: signal_shutdown [signal-2]
[rospy.internal][INFO] 2021-09-09 23:14:55,739: topic[/joint_states] removing connection to /joint_state_desired_publisher
[rospy.internal][INFO] 2021-09-09 23:14:55,743: topic[/joint_states] removing connection to /robot_state_publisher
[rospy.internal][INFO] 2021-09-09 23:14:55,747: topic[/rosout] removing connection to /rosout
[rospy.internal][INFO] 2021-09-09 23:14:55,748: topic[/move_group/fake_controller_joint_states] removing connection to http://wng:33501/
[rospy.internal][WARNING] 2021-09-09 23:14:55,748: Unknown error initiating TCP/IP socket to wng:54037 (http://wng:33501/): Traceback (most recent call last):
  File "/opt/ros/melodic/lib/python2.7/dist-packages/rospy/impl/tcpros_base.py", line 563, in connect
    self.local_endpoint = self.socket.getsockname()
AttributeError: 'NoneType' object has no attribute 'getsockname'

[rospy.impl.masterslave][INFO] 2021-09-09 23:14:55,753: signal-2
[rospy.core][INFO] 2021-09-09 23:14:55,856: signal_shutdown [atexit]
