[rospy.client][INFO] 2021-09-09 22:44:45,461: init_node, name[/server_endpoint], pid[30353]
[xmlrpc][INFO] 2021-09-09 22:44:45,461: XML-RPC server binding to 0.0.0.0:0
[xmlrpc][INFO] 2021-09-09 22:44:45,461: Started XML-RPC server [http://wng:40209/]
[rospy.init][INFO] 2021-09-09 22:44:45,461: ROS Slave URI: [http://wng:40209/]
[rospy.impl.masterslave][INFO] 2021-09-09 22:44:45,461: _ready: http://wng:40209/
[rospy.registration][INFO] 2021-09-09 22:44:45,461: Registering with master node http://localhost:11311
[xmlrpc][INFO] 2021-09-09 22:44:45,462: xml rpc node: starting XML-RPC server
[rospy.init][INFO] 2021-09-09 22:44:45,562: registered with master
[rospy.rosout][INFO] 2021-09-09 22:44:45,562: initializing /rosout core topic
[rospy.rosout][INFO] 2021-09-09 22:44:45,564: connected to core topic /rosout
[rospy.simtime][INFO] 2021-09-09 22:44:45,565: /use_sim_time is not set, will not subscribe to simulated time [/clock] topic
[rosout][INFO] 2021-09-09 22:44:45,579: Starting server on 192.168.1.146:10000
[rospy.internal][INFO] 2021-09-09 22:44:45,823: topic[/rosout] adding connection to [/rosout], count 0
[rosout][INFO] 2021-09-09 22:44:58,785: Connection from 192.168.1.146
[rosout][INFO] 2021-09-09 22:44:58,789: RegisterPublisher(execution_check, <class 'panda_move.msg._ExecutionCheck.ExecutionCheck'>) OK
[rospy.internal][INFO] 2021-09-09 22:44:58,848: topic[/execution_check] adding connection to [http://wng:40209/], count 0
[rospy.internal][INFO] 2021-09-09 22:44:58,849: topic[/execution_check] adding connection to [/server_endpoint], count 0
[rospy.core][INFO] 2021-09-09 23:14:55,741: signal_shutdown [signal-2]
[rospy.internal][INFO] 2021-09-09 23:14:55,745: topic[/execution_check] removing connection to /server_endpoint
[rospy.internal][ERROR] 2021-09-09 23:14:55,745: Unable to initiate TCP/IP socket to wng:32895 (http://wng:40209/): Traceback (most recent call last):
  File "/opt/ros/melodic/lib/python2.7/dist-packages/rospy/impl/tcpros_base.py", line 562, in connect
    self.read_header()
  File "/opt/ros/melodic/lib/python2.7/dist-packages/rospy/impl/tcpros_base.py", line 657, in read_header
    self._validate_header(read_ros_handshake_header(sock, self.read_buff, self.protocol.buff_size))
  File "/opt/ros/melodic/lib/python2.7/dist-packages/rospy/impl/tcpros_base.py", line 600, in _validate_header
    raise TransportInitError("remote error reported: %s"%header['error'])
TransportInitError: remote error reported: node shutting down

[rospy.internal][INFO] 2021-09-09 23:14:55,746: topic[/rosout] removing connection to /rosout
[rospy.internal][INFO] 2021-09-09 23:14:55,746: topic[/execution_check] removing connection to http://wng:40209/
[rospy.impl.masterslave][INFO] 2021-09-09 23:14:55,746: signal-2
[rospy.core][INFO] 2021-09-09 23:14:55,910: signal_shutdown [atexit]
