[rospy.client][INFO] 2021-09-06 14:07:03,448: init_node, name[/joint_state_publisher], pid[17810]
[xmlrpc][INFO] 2021-09-06 14:07:03,449: XML-RPC server binding to 0.0.0.0:0
[xmlrpc][INFO] 2021-09-06 14:07:03,449: Started XML-RPC server [http://wng:33563/]
[rospy.impl.masterslave][INFO] 2021-09-06 14:07:03,449: _ready: http://wng:33563/
[rospy.init][INFO] 2021-09-06 14:07:03,449: ROS Slave URI: [http://wng:33563/]
[rospy.registration][INFO] 2021-09-06 14:07:03,449: Registering with master node http://localhost:11311
[xmlrpc][INFO] 2021-09-06 14:07:03,449: xml rpc node: starting XML-RPC server
[rospy.init][INFO] 2021-09-06 14:07:03,549: registered with master
[rospy.rosout][INFO] 2021-09-06 14:07:03,550: initializing /rosout core topic
[rospy.rosout][INFO] 2021-09-06 14:07:03,552: connected to core topic /rosout
[rospy.simtime][INFO] 2021-09-06 14:07:03,552: /use_sim_time is not set, will not subscribe to simulated time [/clock] topic
[rospy.internal][INFO] 2021-09-06 14:07:03,614: topic[/move_group/fake_controller_joint_states] adding connection to [http://wng:46745/], count 0
[rospy.internal][INFO] 2021-09-06 14:07:03,793: topic[/joint_states] adding connection to [/joint_state_desired_publisher], count 0
[rospy.internal][INFO] 2021-09-06 14:07:03,794: topic[/rosout] adding connection to [/rosout], count 0
[rospy.internal][INFO] 2021-09-06 14:07:03,794: topic[/joint_states] adding connection to [/robot_state_publisher], count 1
[rospy.internal][INFO] 2021-09-06 14:07:56,224: topic[/joint_states] adding connection to [/move_group_commander_wrappers_1630904847829028638], count 2
[rospy.internal][INFO] 2021-09-06 14:43:18,219: topic[/joint_states] removing connection to /move_group_commander_wrappers_1630904847829028638
[rospy.core][INFO] 2021-09-06 14:43:40,941: signal_shutdown [signal-2]
[rospy.internal][INFO] 2021-09-06 14:43:40,944: topic[/joint_states] removing connection to /joint_state_desired_publisher
[rospy.internal][INFO] 2021-09-06 14:43:40,949: topic[/joint_states] removing connection to /robot_state_publisher
[rospy.internal][INFO] 2021-09-06 14:43:40,950: topic[/rosout] removing connection to /rosout
[rospy.internal][INFO] 2021-09-06 14:43:40,957: topic[/move_group/fake_controller_joint_states] removing connection to http://wng:46745/
[rospy.impl.masterslave][INFO] 2021-09-06 14:43:40,957: signal-2
[rospy.core][INFO] 2021-09-06 14:43:41,057: signal_shutdown [atexit]
