[rospy.client][INFO] 2021-09-06 14:07:03,987: init_node, name[/server_endpoint], pid[17808]
[xmlrpc][INFO] 2021-09-06 14:07:03,987: XML-RPC server binding to 0.0.0.0:0
[xmlrpc][INFO] 2021-09-06 14:07:03,987: Started XML-RPC server [http://wng:46289/]
[rospy.init][INFO] 2021-09-06 14:07:03,987: ROS Slave URI: [http://wng:46289/]
[rospy.impl.masterslave][INFO] 2021-09-06 14:07:03,988: _ready: http://wng:46289/
[rospy.registration][INFO] 2021-09-06 14:07:03,988: Registering with master node http://localhost:11311
[xmlrpc][INFO] 2021-09-06 14:07:03,988: xml rpc node: starting XML-RPC server
[rospy.init][INFO] 2021-09-06 14:07:04,088: registered with master
[rospy.rosout][INFO] 2021-09-06 14:07:04,089: initializing /rosout core topic
[rospy.rosout][INFO] 2021-09-06 14:07:04,090: connected to core topic /rosout
[rospy.simtime][INFO] 2021-09-06 14:07:04,091: /use_sim_time is not set, will not subscribe to simulated time [/clock] topic
[rosout][INFO] 2021-09-06 14:07:04,109: Starting server on 192.168.1.146:10000
[rospy.internal][INFO] 2021-09-06 14:07:04,302: topic[/rosout] adding connection to [/rosout], count 0
[rosout][INFO] 2021-09-06 14:07:45,775: Connection from 192.168.1.146
[rosout][INFO] 2021-09-06 14:07:45,779: RegisterPublisher(execution_check, <class 'panda_move.msg._ExecutionCheck.ExecutionCheck'>) OK
[rospy.internal][INFO] 2021-09-06 14:07:45,834: topic[/execution_check] adding connection to [http://wng:46289/], count 0
[rospy.internal][INFO] 2021-09-06 14:07:45,836: topic[/execution_check] adding connection to [/server_endpoint], count 0
[rospy.core][INFO] 2021-09-06 14:43:40,949: signal_shutdown [signal-2]
[rospy.internal][INFO] 2021-09-06 14:43:40,952: topic[/execution_check] removing connection to /server_endpoint
[rospy.internal][ERROR] 2021-09-06 14:43:40,953: Unable to initiate TCP/IP socket to wng:33185 (http://wng:46289/): Traceback (most recent call last):
  File "/opt/ros/melodic/lib/python2.7/dist-packages/rospy/impl/tcpros_base.py", line 562, in connect
    self.read_header()
  File "/opt/ros/melodic/lib/python2.7/dist-packages/rospy/impl/tcpros_base.py", line 657, in read_header
    self._validate_header(read_ros_handshake_header(sock, self.read_buff, self.protocol.buff_size))
  File "/opt/ros/melodic/lib/python2.7/dist-packages/rospy/impl/tcpros_base.py", line 600, in _validate_header
    raise TransportInitError("remote error reported: %s"%header['error'])
TransportInitError: remote error reported: node shutting down

[rospy.internal][INFO] 2021-09-06 14:43:40,953: topic[/rosout] removing connection to /rosout
[rospy.internal][INFO] 2021-09-06 14:43:40,954: topic[/execution_check] removing connection to http://wng:46289/
[rospy.impl.masterslave][INFO] 2021-09-06 14:43:40,954: signal-2
[rospy.core][INFO] 2021-09-06 14:43:41,070: signal_shutdown [atexit]
