[rosmaster.main][INFO] 2022-01-14 10:35:09,931: initialization complete, waiting for shutdown
[rosmaster.main][INFO] 2022-01-14 10:35:09,931: Starting ROS Master Node
[xmlrpc][INFO] 2022-01-14 10:35:09,934: XML-RPC server binding to 0.0.0.0:11311
[xmlrpc][INFO] 2022-01-14 10:35:09,934: Started XML-RPC server [http://wng:11311/]
[xmlrpc][INFO] 2022-01-14 10:35:09,934: xml rpc node: starting XML-RPC server
[rosmaster.master][INFO] 2022-01-14 10:35:09,934: Master initialized: port[11311], uri[http://wng:11311/]
[rosmaster.master][INFO] 2022-01-14 10:35:10,036: +PARAM [/run_id] by /roslaunch
[rosmaster.master][INFO] 2022-01-14 10:35:10,037: +PARAM [/roslaunch/uris/host_wng__33561] by /roslaunch
[rosmaster.master][INFO] 2022-01-14 10:35:10,092: +SERVICE [/rosout/get_loggers] /rosout http://wng:35037/
[rosmaster.master][INFO] 2022-01-14 10:35:10,093: +SERVICE [/rosout/set_logger_level] /rosout http://wng:35037/
[rosmaster.master][INFO] 2022-01-14 10:35:10,094: +PUB [/rosout_agg] /rosout http://wng:35037/
[rosmaster.master][INFO] 2022-01-14 10:35:10,095: +SUB [/rosout] /rosout http://wng:35037/
[rosmaster.master][INFO] 2022-01-14 10:35:10,135: +PARAM [/move_group/hardware_interface/joints] by /roslaunch
[rosmaster.master][INFO] 2022-01-14 10:35:10,135: +PARAM [/move_group/planner_configs/TRRT/temp_change_factor] by /roslaunch
[rosmaster.master][INFO] 2022-01-14 10:35:10,135: +PARAM [/move_group/planner_configs/SPARS/dense_delta_fraction] by /roslaunch
[rosmaster.master][INFO] 2022-01-14 10:35:10,135: +PARAM [/move_group/planner_configs/STRIDE/min_valid_path_fraction] by /roslaunch
[rosmaster.master][INFO] 2022-01-14 10:35:10,135: +PARAM [/robot_description_semantic] by /roslaunch
[rosmaster.master][INFO] 2022-01-14 10:35:10,135: +PARAM [/robot_description_planning/joint_limits/shoulder_pan_joint/has_velocity_limits] by /roslaunch
[rosmaster.master][INFO] 2022-01-14 10:35:10,135: +PARAM [/move_group/planner_configs/EST/type] by /roslaunch
[rosmaster.master][INFO] 2022-01-14 10:35:10,135: +PARAM [/move_group/planner_configs/STRIDE/use_projected_distance] by /roslaunch
[rosmaster.master][INFO] 2022-01-14 10:35:10,135: +PARAM [/robot_description_planning/cartesian_limits/max_trans_acc] by /roslaunch
[rosmaster.master][INFO] 2022-01-14 10:35:10,135: +PARAM [/move_group/controller_list] by /roslaunch
[rosmaster.master][INFO] 2022-01-14 10:35:10,136: +PARAM [/move_group/planner_configs/TRRT/frountier_threshold] by /roslaunch
[rosmaster.master][INFO] 2022-01-14 10:35:10,136: +PARAM [/move_group/max_safe_path_cost] by /roslaunch
[rosmaster.master][INFO] 2022-01-14 10:35:10,136: +PARAM [/robot_description_planning/joint_limits/shoulder_pan_joint/max_velocity] by /roslaunch
[rosmaster.master][INFO] 2022-01-14 10:35:10,136: +PARAM [/move_group/planner_configs/STRIDE/max_degree] by /roslaunch
[rosmaster.master][INFO] 2022-01-14 10:35:10,136: +PARAM [/move_group/planner_configs/TRRT/init_temperature] by /roslaunch
[rosmaster.master][INFO] 2022-01-14 10:35:10,136: +PARAM [/move_group/planner_configs/FMT/heuristics] by /roslaunch
[rosmaster.master][INFO] 2022-01-14 10:35:10,136: +PARAM [/move_group/planning_scene_monitor/publish_planning_scene] by /roslaunch
[rosmaster.master][INFO] 2022-01-14 10:35:10,136: +PARAM [/move_group/planner_configs/BiEST/type] by /roslaunch
[rosmaster.master][INFO] 2022-01-14 10:35:10,136: +PARAM [/rviz_wng_26210_4376799772989061307/arm/kinematics_solver_timeout] by /roslaunch
[rosmaster.master][INFO] 2022-01-14 10:35:10,136: +PARAM [/move_group/planner_configs/FMT/type] by /roslaunch
[rosmaster.master][INFO] 2022-01-14 10:35:10,136: +PARAM [/move_group/planner_configs/LazyPRM/type] by /roslaunch
[rosmaster.master][INFO] 2022-01-14 10:35:10,136: +PARAM [/move_group/planner_configs/BiTRRT/cost_threshold] by /roslaunch
[rosmaster.master][INFO] 2022-01-14 10:35:10,136: +PARAM [/move_group/planner_configs/EST/range] by /roslaunch
[rosmaster.master][INFO] 2022-01-14 10:35:10,136: +PARAM [/move_group/joint_state_controller/publish_rate] by /roslaunch
[rosmaster.master][INFO] 2022-01-14 10:35:10,137: +PARAM [/move_group/planner_configs/SPARStwo/max_failures] by /roslaunch
[rosmaster.master][INFO] 2022-01-14 10:35:10,137: +PARAM [/move_group/planner_configs/KPIECE/failed_expansion_score_factor] by /roslaunch
[rosmaster.master][INFO] 2022-01-14 10:35:10,137: +PARAM [/move_group/planner_configs/RRTstar/goal_bias] by /roslaunch
[rosmaster.master][INFO] 2022-01-14 10:35:10,137: +PARAM [/move_group/planner_configs/BFMT/cache_cc] by /roslaunch
[rosmaster.master][INFO] 2022-01-14 10:35:10,137: +PARAM [/robot_description_planning/joint_limits/shoulder_lift_joint/has_acceleration_limits] by /roslaunch
[rosmaster.master][INFO] 2022-01-14 10:35:10,137: +PARAM [/move_group/planner_configs/STRIDE/max_pts_per_leaf] by /roslaunch
[rosmaster.master][INFO] 2022-01-14 10:35:10,137: +PARAM [/move_group/planner_configs/BFMT/nearest_k] by /roslaunch
[rosmaster.master][INFO] 2022-01-14 10:35:10,137: +PARAM [/robot_description_planning/joint_limits/shoulder_pan_joint/max_acceleration] by /roslaunch
[rosmaster.master][INFO] 2022-01-14 10:35:10,137: +PARAM [/move_group/planner_configs/TRRT/min_temperature] by /roslaunch
[rosmaster.master][INFO] 2022-01-14 10:35:10,137: +PARAM [/move_group/sensors] by /roslaunch
[rosmaster.master][INFO] 2022-01-14 10:35:10,137: +PARAM [/move_group/planner_configs/SPARS/max_failures] by /roslaunch
[rosmaster.master][INFO] 2022-01-14 10:35:10,137: +PARAM [/move_group/planner_configs/BFMT/heuristics] by /roslaunch
[rosmaster.master][INFO] 2022-01-14 10:35:10,138: +PARAM [/move_group/planner_configs/STRIDE/min_degree] by /roslaunch
[rosmaster.master][INFO] 2022-01-14 10:35:10,138: +PARAM [/move_group/planner_configs/BFMT/radius_multiplier] by /roslaunch
[rosmaster.master][INFO] 2022-01-14 10:35:10,138: +PARAM [/move_group/planner_configs/RRTConnect/type] by /roslaunch
[rosmaster.master][INFO] 2022-01-14 10:35:10,138: +PARAM [/robot_description_planning/cartesian_limits/max_trans_vel] by /roslaunch
[rosmaster.master][INFO] 2022-01-14 10:35:10,138: +PARAM [/robot_description_kinematics/arm/kinematics_solver_timeout] by /roslaunch
[rosmaster.master][INFO] 2022-01-14 10:35:10,138: +PARAM [/move_group/planner_configs/STRIDE/range] by /roslaunch
[rosmaster.master][INFO] 2022-01-14 10:35:10,138: +PARAM [/move_group/planner_configs/BiTRRT/temp_change_factor] by /roslaunch
[rosmaster.master][INFO] 2022-01-14 10:35:10,138: +PARAM [/move_group/moveit_controller_manager] by /roslaunch
[rosmaster.master][INFO] 2022-01-14 10:35:10,138: +PARAM [/move_group/planning_plugin] by /roslaunch
[rosmaster.master][INFO] 2022-01-14 10:35:10,138: +PARAM [/robot_description_planning/joint_limits/wrist_1_joint/max_velocity] by /roslaunch
[rosmaster.master][INFO] 2022-01-14 10:35:10,138: +PARAM [/move_group/planner_configs/BKPIECE/range] by /roslaunch
[rosmaster.master][INFO] 2022-01-14 10:35:10,138: +PARAM [/robot_description_planning/joint_limits/wrist_2_joint/max_acceleration] by /roslaunch
[rosmaster.master][INFO] 2022-01-14 10:35:10,138: +PARAM [/robot_description_planning/joint_limits/gripper_finger1_joint/max_velocity] by /roslaunch
[rosmaster.master][INFO] 2022-01-14 10:35:10,138: +PARAM [/move_group/planner_configs/SPARS/type] by /roslaunch
[rosmaster.master][INFO] 2022-01-14 10:35:10,139: +PARAM [/move_group/moveit_sim_hw_interface/joint_model_group] by /roslaunch
[rosmaster.master][INFO] 2022-01-14 10:35:10,139: +PARAM [/move_group/planner_configs/SPARStwo/sparse_delta_fraction] by /roslaunch
[rosmaster.master][INFO] 2022-01-14 10:35:10,139: +PARAM [/move_group/planner_configs/BFMT/balanced] by /roslaunch
[rosmaster.master][INFO] 2022-01-14 10:35:10,139: +PARAM [/move_group/planner_configs/TRRT/max_states_failed] by /roslaunch
[rosmaster.master][INFO] 2022-01-14 10:35:10,139: +PARAM [/robot_description_planning/joint_limits/wrist_3_joint/max_velocity] by /roslaunch
[rosmaster.master][INFO] 2022-01-14 10:35:10,139: +PARAM [/move_group/planner_configs/PDST/type] by /roslaunch
[rosmaster.master][INFO] 2022-01-14 10:35:10,139: +PARAM [/move_group/planner_configs/KPIECE/type] by /roslaunch
[rosmaster.master][INFO] 2022-01-14 10:35:10,139: +PARAM [/move_group/planner_configs/BKPIECE/border_fraction] by /roslaunch
[rosmaster.master][INFO] 2022-01-14 10:35:10,139: +PARAM [/rosdistro] by /roslaunch
[rosmaster.master][INFO] 2022-01-14 10:35:10,139: +PARAM [/move_group/planner_configs/LazyPRM/range] by /roslaunch
[rosmaster.master][INFO] 2022-01-14 10:35:10,139: +PARAM [/move_group/planner_configs/LBTRRT/epsilon] by /roslaunch
[rosmaster.master][INFO] 2022-01-14 10:35:10,139: +PARAM [/move_group/planner_configs/SPARStwo/dense_delta_fraction] by /roslaunch
[rosmaster.master][INFO] 2022-01-14 10:35:10,139: +PARAM [/rviz_wng_26210_4376799772989061307/arm/kinematics_solver_search_resolution] by /roslaunch
[rosmaster.master][INFO] 2022-01-14 10:35:10,139: +PARAM [/robot_description_planning/joint_limits/wrist_1_joint/has_acceleration_limits] by /roslaunch
[rosmaster.master][INFO] 2022-01-14 10:35:10,140: +PARAM [/move_group/planner_configs/FMT/nearest_k] by /roslaunch
[rosmaster.master][INFO] 2022-01-14 10:35:10,140: +PARAM [/move_group/disable_capabilities] by /roslaunch
[rosmaster.master][INFO] 2022-01-14 10:35:10,140: +PARAM [/robot_description_planning/cartesian_limits/max_rot_vel] by /roslaunch
[rosmaster.master][INFO] 2022-01-14 10:35:10,140: +PARAM [/move_group/planner_configs/KPIECE/range] by /roslaunch
[rosmaster.master][INFO] 2022-01-14 10:35:10,140: +PARAM [/rviz_wng_26210_4376799772989061307/arm/kinematics_solver] by /roslaunch
[rosmaster.master][INFO] 2022-01-14 10:35:10,140: +PARAM [/robot_description_planning/joint_limits/shoulder_pan_joint/has_acceleration_limits] by /roslaunch
[rosmaster.master][INFO] 2022-01-14 10:35:10,140: +PARAM [/robot_description_planning/joint_limits/shoulder_lift_joint/max_acceleration] by /roslaunch
[rosmaster.master][INFO] 2022-01-14 10:35:10,140: +PARAM [/robot_description_planning/joint_limits/wrist_3_joint/max_acceleration] by /roslaunch
[rosmaster.master][INFO] 2022-01-14 10:35:10,140: +PARAM [/move_group/planner_configs/BFMT/optimality] by /roslaunch
[rosmaster.master][INFO] 2022-01-14 10:35:10,140: +PARAM [/move_group/planner_configs/PRM/type] by /roslaunch
[rosmaster.master][INFO] 2022-01-14 10:35:10,140: +PARAM [/robot_description_planning/joint_limits/wrist_3_joint/has_velocity_limits] by /roslaunch
[rosmaster.master][INFO] 2022-01-14 10:35:10,140: +PARAM [/move_group/planner_configs/BiTRRT/type] by /roslaunch
[rosmaster.master][INFO] 2022-01-14 10:35:10,140: +PARAM [/move_group/planner_configs/BKPIECE/min_valid_path_fraction] by /roslaunch
[rosmaster.master][INFO] 2022-01-14 10:35:10,140: +PARAM [/move_group/max_range] by /roslaunch
[rosmaster.master][INFO] 2022-01-14 10:35:10,140: +PARAM [/move_group/arm/planner_configs] by /roslaunch
[rosmaster.master][INFO] 2022-01-14 10:35:10,140: +PARAM [/move_group/planner_configs/LBTRRT/type] by /roslaunch
[rosmaster.master][INFO] 2022-01-14 10:35:10,140: +PARAM [/move_group/planner_configs/RRT/range] by /roslaunch
[rosmaster.master][INFO] 2022-01-14 10:35:10,140: +PARAM [/move_group/planner_configs/SPARStwo/type] by /roslaunch
[rosmaster.master][INFO] 2022-01-14 10:35:10,140: +PARAM [/move_group/planner_configs/BKPIECE/failed_expansion_score_factor] by /roslaunch
[rosmaster.master][INFO] 2022-01-14 10:35:10,140: +PARAM [/robot_description_planning/joint_limits/gripper_finger1_joint/has_acceleration_limits] by /roslaunch
[rosmaster.master][INFO] 2022-01-14 10:35:10,141: +PARAM [/move_group/planner_configs/LBKPIECE/min_valid_path_fraction] by /roslaunch
[rosmaster.master][INFO] 2022-01-14 10:35:10,141: +PARAM [/move_group/planner_configs/SBL/type] by /roslaunch
[rosmaster.master][INFO] 2022-01-14 10:35:10,141: +PARAM [/move_group/trajectory_execution/allowed_start_tolerance] by /roslaunch
[rosmaster.master][INFO] 2022-01-14 10:35:10,141: +PARAM [/move_group/planner_configs/BFMT/num_samples] by /roslaunch
[rosmaster.master][INFO] 2022-01-14 10:35:10,141: +PARAM [/move_group/planner_configs/ProjEST/type] by /roslaunch
[rosmaster.master][INFO] 2022-01-14 10:35:10,141: +PARAM [/move_group/planner_configs/TRRT/range] by /roslaunch
[rosmaster.master][INFO] 2022-01-14 10:35:10,141: +PARAM [/move_group/planner_configs/RRTstar/range] by /roslaunch
[rosmaster.master][INFO] 2022-01-14 10:35:10,141: +PARAM [/move_group/moveit_manage_controllers] by /roslaunch
[rosmaster.master][INFO] 2022-01-14 10:35:10,141: +PARAM [/robot_description_planning/joint_limits/elbow_joint/max_velocity] by /roslaunch
[rosmaster.master][INFO] 2022-01-14 10:35:10,141: +PARAM [/move_group/planner_configs/SPARStwo/stretch_factor] by /roslaunch
[rosmaster.master][INFO] 2022-01-14 10:35:10,141: +PARAM [/robot_description_planning/joint_limits/wrist_2_joint/max_velocity] by /roslaunch
[rosmaster.master][INFO] 2022-01-14 10:35:10,141: +PARAM [/move_group/planner_configs/TRRT/goal_bias] by /roslaunch
[rosmaster.master][INFO] 2022-01-14 10:35:10,141: +PARAM [/move_group/jiggle_fraction] by /roslaunch
[rosmaster.master][INFO] 2022-01-14 10:35:10,141: +PARAM [/move_group/moveit_sim_hw_interface/joint_model_group_pose] by /roslaunch
[rosmaster.master][INFO] 2022-01-14 10:35:10,141: +PARAM [/move_group/planner_configs/FMT/radius_multiplier] by /roslaunch
[rosmaster.master][INFO] 2022-01-14 10:35:10,141: +PARAM [/robot_description_planning/joint_limits/shoulder_lift_joint/has_velocity_limits] by /roslaunch
[rosmaster.master][INFO] 2022-01-14 10:35:10,141: +PARAM [/move_group/planning_scene_monitor/publish_state_updates] by /roslaunch
[rosmaster.master][INFO] 2022-01-14 10:35:10,141: +PARAM [/move_group/planner_configs/SPARS/sparse_delta_fraction] by /roslaunch
[rosmaster.master][INFO] 2022-01-14 10:35:10,141: +PARAM [/robot_description_planning/joint_limits/elbow_joint/max_acceleration] by /roslaunch
[rosmaster.master][INFO] 2022-01-14 10:35:10,141: +PARAM [/robot_description_planning/joint_limits/gripper_finger1_joint/max_acceleration] by /roslaunch
[rosmaster.master][INFO] 2022-01-14 10:35:10,142: +PARAM [/robot_description_planning/joint_limits/wrist_3_joint/has_acceleration_limits] by /roslaunch
[rosmaster.master][INFO] 2022-01-14 10:35:10,142: +PARAM [/move_group/planner_configs/BiTRRT/frountier_threshold] by /roslaunch
[rosmaster.master][INFO] 2022-01-14 10:35:10,142: +PARAM [/move_group/planner_configs/BFMT/extended_fmt] by /roslaunch
[rosmaster.master][INFO] 2022-01-14 10:35:10,142: +PARAM [/robot_description] by /roslaunch
[rosmaster.master][INFO] 2022-01-14 10:35:10,142: +PARAM [/move_group/capabilities] by /roslaunch
[rosmaster.master][INFO] 2022-01-14 10:35:10,142: +PARAM [/move_group/planner_configs/KPIECE/goal_bias] by /roslaunch
[rosmaster.master][INFO] 2022-01-14 10:35:10,142: +PARAM [/move_group/planner_configs/TRRT/k_constant] by /roslaunch
[rosmaster.master][INFO] 2022-01-14 10:35:10,142: +PARAM [/move_group/planner_configs/RRT/type] by /roslaunch
[rosmaster.master][INFO] 2022-01-14 10:35:10,142: +PARAM [/move_group/planner_configs/BKPIECE/type] by /roslaunch
[rosmaster.master][INFO] 2022-01-14 10:35:10,142: +PARAM [/move_group/planner_configs/LBKPIECE/range] by /roslaunch
[rosmaster.master][INFO] 2022-01-14 10:35:10,142: +PARAM [/move_group/start_state_max_bounds_error] by /roslaunch
[rosmaster.master][INFO] 2022-01-14 10:35:10,142: +PARAM [/move_group/planner_configs/BiTRRT/init_temperature] by /roslaunch
[rosmaster.master][INFO] 2022-01-14 10:35:10,142: +PARAM [/move_group/planner_configs/PRMstar/type] by /roslaunch
[rosmaster.master][INFO] 2022-01-14 10:35:10,142: +PARAM [/move_group/octomap_resolution] by /roslaunch
[rosmaster.master][INFO] 2022-01-14 10:35:10,142: +PARAM [/move_group/planner_configs/FMT/num_samples] by /roslaunch
[rosmaster.master][INFO] 2022-01-14 10:35:10,142: +PARAM [/move_group/planner_configs/LBKPIECE/type] by /roslaunch
[rosmaster.master][INFO] 2022-01-14 10:35:10,142: +PARAM [/robot_description_planning/joint_limits/wrist_1_joint/has_velocity_limits] by /roslaunch
[rosmaster.master][INFO] 2022-01-14 10:35:10,142: +PARAM [/move_group/planner_configs/BFMT/type] by /roslaunch
[rosmaster.master][INFO] 2022-01-14 10:35:10,142: +PARAM [/robot_description_planning/joint_limits/wrist_1_joint/max_acceleration] by /roslaunch
[rosmaster.master][INFO] 2022-01-14 10:35:10,143: +PARAM [/move_group/planner_configs/STRIDE/estimated_dimension] by /roslaunch
[rosmaster.master][INFO] 2022-01-14 10:35:10,143: +PARAM [/move_group/planner_configs/LazyPRMstar/type] by /roslaunch
[rosmaster.master][INFO] 2022-01-14 10:35:10,143: +PARAM [/move_group/trajectory_execution/allowed_goal_duration_margin] by /roslaunch
[rosmaster.master][INFO] 2022-01-14 10:35:10,143: +PARAM [/move_group/generic_hw_control_loop/loop_hz] by /roslaunch
[rosmaster.master][INFO] 2022-01-14 10:35:10,143: +PARAM [/move_group/planner_configs/LBTRRT/goal_bias] by /roslaunch
[rosmaster.master][INFO] 2022-01-14 10:35:10,143: +PARAM [/move_group/request_adapters] by /roslaunch
[rosmaster.master][INFO] 2022-01-14 10:35:10,143: +PARAM [/move_group/planner_configs/FMT/extended_fmt] by /roslaunch
[rosmaster.master][INFO] 2022-01-14 10:35:10,143: +PARAM [/move_group/planner_configs/ProjEST/goal_bias] by /roslaunch
[rosmaster.master][INFO] 2022-01-14 10:35:10,143: +PARAM [/move_group/planner_configs/RRTConnect/range] by /roslaunch
[rosmaster.master][INFO] 2022-01-14 10:35:10,143: +PARAM [/move_group/gripper/planner_configs] by /roslaunch
[rosmaster.master][INFO] 2022-01-14 10:35:10,143: +PARAM [/move_group/planner_configs/FMT/cache_cc] by /roslaunch
[rosmaster.master][INFO] 2022-01-14 10:35:10,143: +PARAM [/move_group/planner_configs/KPIECE/border_fraction] by /roslaunch
[rosmaster.master][INFO] 2022-01-14 10:35:10,143: +PARAM [/move_group/planner_configs/STRIDE/type] by /roslaunch
[rosmaster.master][INFO] 2022-01-14 10:35:10,143: +PARAM [/move_group/planner_configs/BiEST/range] by /roslaunch
[rosmaster.master][INFO] 2022-01-14 10:35:10,143: +PARAM [/move_group/joint_state_controller/type] by /roslaunch
[rosmaster.master][INFO] 2022-01-14 10:35:10,143: +PARAM [/robot_description_planning/joint_limits/wrist_2_joint/has_velocity_limits] by /roslaunch
[rosmaster.master][INFO] 2022-01-14 10:35:10,143: +PARAM [/move_group/planning_scene_monitor/publish_geometry_updates] by /roslaunch
[rosmaster.master][INFO] 2022-01-14 10:35:10,143: +PARAM [/move_group/planner_configs/ProjEST/range] by /roslaunch
[rosmaster.master][INFO] 2022-01-14 10:35:10,143: +PARAM [/move_group/generic_hw_control_loop/cycle_time_error_threshold] by /roslaunch
[rosmaster.master][INFO] 2022-01-14 10:35:10,143: +PARAM [/move_group/planner_configs/BiTRRT/frountier_node_ratio] by /roslaunch
[rosmaster.master][INFO] 2022-01-14 10:35:10,144: +PARAM [/robot_description_planning/joint_limits/elbow_joint/has_acceleration_limits] by /roslaunch
[rosmaster.master][INFO] 2022-01-14 10:35:10,144: +PARAM [/move_group/planner_configs/SPARS/stretch_factor] by /roslaunch
[rosmaster.master][INFO] 2022-01-14 10:35:10,144: +PARAM [/move_group/planning_scene_monitor/publish_transforms_updates] by /roslaunch
[rosmaster.master][INFO] 2022-01-14 10:35:10,144: +PARAM [/robot_description_planning/joint_limits/gripper_finger1_joint/has_velocity_limits] by /roslaunch
[rosmaster.master][INFO] 2022-01-14 10:35:10,144: +PARAM [/move_group/trajectory_execution/allowed_execution_duration_scaling] by /roslaunch
[rosmaster.master][INFO] 2022-01-14 10:35:10,144: +PARAM [/move_group/planner_configs/RRTstar/type] by /roslaunch
[rosmaster.master][INFO] 2022-01-14 10:35:10,144: +PARAM [/move_group/planner_configs/LBTRRT/range] by /roslaunch
[rosmaster.master][INFO] 2022-01-14 10:35:10,144: +PARAM [/move_group/planner_configs/LBKPIECE/border_fraction] by /roslaunch
[rosmaster.master][INFO] 2022-01-14 10:35:10,144: +PARAM [/robot_description_planning/joint_limits/shoulder_lift_joint/max_velocity] by /roslaunch
[rosmaster.master][INFO] 2022-01-14 10:35:10,144: +PARAM [/move_group/planner_configs/BiTRRT/range] by /roslaunch
[rosmaster.master][INFO] 2022-01-14 10:35:10,144: +PARAM [/robot_description_kinematics/arm/kinematics_solver] by /roslaunch
[rosmaster.master][INFO] 2022-01-14 10:35:10,144: +PARAM [/move_group/hardware_interface/sim_control_mode] by /roslaunch
[rosmaster.master][INFO] 2022-01-14 10:35:10,144: +PARAM [/rosversion] by /roslaunch
[rosmaster.master][INFO] 2022-01-14 10:35:10,144: +PARAM [/move_group/planner_configs/STRIDE/goal_bias] by /roslaunch
[rosmaster.master][INFO] 2022-01-14 10:35:10,144: +PARAM [/move_group/planner_configs/SBL/range] by /roslaunch
[rosmaster.master][INFO] 2022-01-14 10:35:10,144: +PARAM [/robot_description_planning/cartesian_limits/max_trans_dec] by /roslaunch
[rosmaster.master][INFO] 2022-01-14 10:35:10,144: +PARAM [/move_group/planner_configs/KPIECE/min_valid_path_fraction] by /roslaunch
[rosmaster.master][INFO] 2022-01-14 10:35:10,144: +PARAM [/move_group/planner_configs/RRT/goal_bias] by /roslaunch
[rosmaster.master][INFO] 2022-01-14 10:35:10,144: +PARAM [/robot_description_kinematics/arm/kinematics_solver_search_resolution] by /roslaunch
[rosmaster.master][INFO] 2022-01-14 10:35:10,145: +PARAM [/move_group/planner_configs/TRRT/type] by /roslaunch
[rosmaster.master][INFO] 2022-01-14 10:35:10,145: +PARAM [/move_group/arm/longest_valid_segment_fraction] by /roslaunch
[rosmaster.master][INFO] 2022-01-14 10:35:10,145: +PARAM [/robot_description_planning/joint_limits/wrist_2_joint/has_acceleration_limits] by /roslaunch
[rosmaster.master][INFO] 2022-01-14 10:35:10,145: +PARAM [/move_group/planner_configs/TRRT/frountierNodeRatio] by /roslaunch
[rosmaster.master][INFO] 2022-01-14 10:35:10,145: +PARAM [/move_group/planner_configs/RRTstar/delay_collision_checking] by /roslaunch
[rosmaster.master][INFO] 2022-01-14 10:35:10,145: +PARAM [/move_group/planner_configs/PRM/max_nearest_neighbors] by /roslaunch
[rosmaster.master][INFO] 2022-01-14 10:35:10,145: +PARAM [/move_group/arm/projection_evaluator] by /roslaunch
[rosmaster.master][INFO] 2022-01-14 10:35:10,145: +PARAM [/move_group/planner_configs/STRIDE/degree] by /roslaunch
[rosmaster.master][INFO] 2022-01-14 10:35:10,145: +PARAM [/move_group/planner_configs/EST/goal_bias] by /roslaunch
[rosmaster.master][INFO] 2022-01-14 10:35:10,145: +PARAM [/move_group/allow_trajectory_execution] by /roslaunch
[rosmaster.master][INFO] 2022-01-14 10:35:10,145: +PARAM [/robot_description_planning/joint_limits/elbow_joint/has_velocity_limits] by /roslaunch
[rosmaster.master][INFO] 2022-01-14 10:35:10,222: +PUB [/rosout] /move_group http://wng:45803/
[rosmaster.master][INFO] 2022-01-14 10:35:10,222: +SERVICE [/move_group/get_loggers] /move_group http://wng:45803/
[rosmaster.master][INFO] 2022-01-14 10:35:10,222: +SERVICE [/move_group/set_logger_level] /move_group http://wng:45803/
[rosmaster.master][INFO] 2022-01-14 10:35:10,226: +SUB [/tf] /move_group http://wng:45803/
[rosmaster.master][INFO] 2022-01-14 10:35:10,227: +SUB [/tf_static] /move_group http://wng:45803/
[rosmaster.master][INFO] 2022-01-14 10:35:10,230: +CACHEDPARAM [/rosout_disable_topics_generation] by /move_group
[rosmaster.master][INFO] 2022-01-14 10:35:10,235: publisherUpdate[/rosout] -> http://wng:35037/ ['http://wng:45803/']
[rosmaster.master][INFO] 2022-01-14 10:35:10,236: publisherUpdate[/rosout] -> http://wng:35037/ ['http://wng:45803/']: sec=0.00, result=[1, '', 0]
[rosmaster.master][INFO] 2022-01-14 10:35:10,302: +PUB [/rosout] /rviz_wng_26210_4376799772989061307 http://wng:34357/
[rosmaster.master][INFO] 2022-01-14 10:35:10,303: +SERVICE [/rviz_wng_26210_4376799772989061307/get_loggers] /rviz_wng_26210_4376799772989061307 http://wng:34357/
[rosmaster.master][INFO] 2022-01-14 10:35:10,303: +SERVICE [/rviz_wng_26210_4376799772989061307/set_logger_level] /rviz_wng_26210_4376799772989061307 http://wng:34357/
[rosmaster.master][INFO] 2022-01-14 10:35:10,304: +CACHEDPARAM [/rosout_disable_topics_generation] by /rviz_wng_26210_4376799772989061307
[rosmaster.master][INFO] 2022-01-14 10:35:10,335: publisherUpdate[/rosout] -> http://wng:35037/ ['http://wng:45803/', 'http://wng:34357/']
[rosmaster.master][INFO] 2022-01-14 10:35:10,336: publisherUpdate[/rosout] -> http://wng:35037/ ['http://wng:45803/', 'http://wng:34357/']: sec=0.00, result=[1, '', 0]
[rosmaster.master][INFO] 2022-01-14 10:35:10,437: +CACHEDPARAM [/rosout/omit_topics] by /rosout
[rosmaster.master][INFO] 2022-01-14 10:35:10,448: +SERVICE [/move_group/planning_scene_monitor/set_parameters] /move_group http://wng:45803/
[rosmaster.master][INFO] 2022-01-14 10:35:10,449: +PUB [/move_group/planning_scene_monitor/parameter_descriptions] /move_group http://wng:45803/
[rosmaster.master][INFO] 2022-01-14 10:35:10,449: +PUB [/move_group/planning_scene_monitor/parameter_updates] /move_group http://wng:45803/
[rosmaster.master][INFO] 2022-01-14 10:35:10,450: +PARAM [/move_group/planning_scene_monitor/publish_planning_scene] by /move_group
[rosmaster.master][INFO] 2022-01-14 10:35:10,450: +PARAM [/move_group/planning_scene_monitor/publish_planning_scene_hz] by /move_group
[rosmaster.master][INFO] 2022-01-14 10:35:10,451: +PARAM [/move_group/planning_scene_monitor/publish_geometry_updates] by /move_group
[rosmaster.master][INFO] 2022-01-14 10:35:10,451: +PARAM [/move_group/planning_scene_monitor/publish_state_updates] by /move_group
[rosmaster.master][INFO] 2022-01-14 10:35:10,451: +PARAM [/move_group/planning_scene_monitor/publish_transforms_updates] by /move_group
[rosmaster.master][INFO] 2022-01-14 10:35:10,451: +PUB [/move_group/monitored_planning_scene] /move_group http://wng:45803/
[rosmaster.master][INFO] 2022-01-14 10:35:10,452: +PARAM [/move_group/planning_scene_monitor/publish_planning_scene] by /move_group
[rosmaster.master][INFO] 2022-01-14 10:35:10,452: +PARAM [/move_group/planning_scene_monitor/publish_planning_scene_hz] by /move_group
[rosmaster.master][INFO] 2022-01-14 10:35:10,452: +PARAM [/move_group/planning_scene_monitor/publish_geometry_updates] by /move_group
[rosmaster.master][INFO] 2022-01-14 10:35:10,453: +PARAM [/move_group/planning_scene_monitor/publish_state_updates] by /move_group
[rosmaster.master][INFO] 2022-01-14 10:35:10,453: +PARAM [/move_group/planning_scene_monitor/publish_transforms_updates] by /move_group
[rosmaster.master][INFO] 2022-01-14 10:35:10,454: +SUB [/planning_scene] /move_group http://wng:45803/
[rosmaster.master][INFO] 2022-01-14 10:35:10,455: +SUB [/collision_object] /move_group http://wng:45803/
[rosmaster.master][INFO] 2022-01-14 10:35:10,456: +SUB [/planning_scene_world] /move_group http://wng:45803/
[rosmaster.master][INFO] 2022-01-14 10:35:10,464: +PUB [/move_group/filtered_cloud] /move_group http://wng:45803/
[rosmaster.master][INFO] 2022-01-14 10:35:10,464: +SERVICE [/move_group/save_map] /move_group http://wng:45803/
[rosmaster.master][INFO] 2022-01-14 10:35:10,465: +SERVICE [/move_group/load_map] /move_group http://wng:45803/
[rosmaster.master][INFO] 2022-01-14 10:35:10,730: +SUB [/head_mount_kinect/depth_registered/points] /move_group http://wng:45803/
[rosmaster.master][INFO] 2022-01-14 10:35:10,732: +SUB [/joint_states] /move_group http://wng:45803/
[rosmaster.master][INFO] 2022-01-14 10:35:10,734: +SUB [/attached_collision_object] /move_group http://wng:45803/
[rosmaster.master][INFO] 2022-01-14 10:35:10,770: +SERVICE [/move_group/ompl/set_parameters] /move_group http://wng:45803/
[rosmaster.master][INFO] 2022-01-14 10:35:10,771: +PUB [/move_group/ompl/parameter_descriptions] /move_group http://wng:45803/
[rosmaster.master][INFO] 2022-01-14 10:35:10,771: +PUB [/move_group/ompl/parameter_updates] /move_group http://wng:45803/
[rosmaster.master][INFO] 2022-01-14 10:35:10,773: +PARAM [/move_group/ompl/simplify_solutions] by /move_group
[rosmaster.master][INFO] 2022-01-14 10:35:10,773: +PARAM [/move_group/ompl/minimum_waypoint_count] by /move_group
[rosmaster.master][INFO] 2022-01-14 10:35:10,773: +PARAM [/move_group/ompl/maximum_waypoint_distance] by /move_group
[rosmaster.master][INFO] 2022-01-14 10:35:10,774: +PARAM [/move_group/ompl/link_for_exploration_tree] by /move_group
[rosmaster.master][INFO] 2022-01-14 10:35:10,774: +PARAM [/move_group/ompl/display_random_valid_states] by /move_group
[rosmaster.master][INFO] 2022-01-14 10:35:10,774: +PARAM [/move_group/ompl/simplify_solutions] by /move_group
[rosmaster.master][INFO] 2022-01-14 10:35:10,775: +PARAM [/move_group/ompl/minimum_waypoint_count] by /move_group
[rosmaster.master][INFO] 2022-01-14 10:35:10,775: +PARAM [/move_group/ompl/maximum_waypoint_distance] by /move_group
[rosmaster.master][INFO] 2022-01-14 10:35:10,775: +PARAM [/move_group/ompl/link_for_exploration_tree] by /move_group
[rosmaster.master][INFO] 2022-01-14 10:35:10,775: +PARAM [/move_group/ompl/display_random_valid_states] by /move_group
[rosmaster.master][INFO] 2022-01-14 10:35:10,780: +PUB [/move_group/display_planned_path] /move_group http://wng:45803/
[rosmaster.master][INFO] 2022-01-14 10:35:10,780: +PUB [/move_group/display_contacts] /move_group http://wng:45803/
[rosmaster.master][INFO] 2022-01-14 10:35:10,787: +SUB [/arm_controller/follow_joint_trajectory/status] /move_group http://wng:45803/
[rosmaster.master][INFO] 2022-01-14 10:35:10,788: +SUB [/arm_controller/follow_joint_trajectory/feedback] /move_group http://wng:45803/
[rosmaster.master][INFO] 2022-01-14 10:35:10,789: +SUB [/arm_controller/follow_joint_trajectory/result] /move_group http://wng:45803/
[rosmaster.master][INFO] 2022-01-14 10:35:10,789: +PUB [/arm_controller/follow_joint_trajectory/goal] /move_group http://wng:45803/
[rosmaster.master][INFO] 2022-01-14 10:35:10,789: +PUB [/arm_controller/follow_joint_trajectory/cancel] /move_group http://wng:45803/
[rosmaster.master][INFO] 2022-01-14 10:35:11,479: +SUB [/tf] /rviz_wng_26210_4376799772989061307 http://wng:34357/
[rosmaster.master][INFO] 2022-01-14 10:35:11,480: +SUB [/tf_static] /rviz_wng_26210_4376799772989061307 http://wng:34357/
[rosmaster.master][INFO] 2022-01-14 10:35:11,542: +PUB [/initialpose] /rviz_wng_26210_4376799772989061307 http://wng:34357/
[rosmaster.master][INFO] 2022-01-14 10:35:11,543: +PUB [/goal] /rviz_wng_26210_4376799772989061307 http://wng:34357/
[rosmaster.master][INFO] 2022-01-14 10:35:11,616: +PUB [/planning_scene] /rviz_wng_26210_4376799772989061307 http://wng:34357/
[rosmaster.master][INFO] 2022-01-14 10:35:11,617: +PUB [/planning_scene_world] /rviz_wng_26210_4376799772989061307 http://wng:34357/
[rosmaster.master][INFO] 2022-01-14 10:35:11,618: +SUB [/recognize_objects/status] /rviz_wng_26210_4376799772989061307 http://wng:34357/
[rosmaster.master][INFO] 2022-01-14 10:35:11,619: +SUB [/recognize_objects/feedback] /rviz_wng_26210_4376799772989061307 http://wng:34357/
[rosmaster.master][INFO] 2022-01-14 10:35:11,620: +SUB [/recognize_objects/result] /rviz_wng_26210_4376799772989061307 http://wng:34357/
[rosmaster.master][INFO] 2022-01-14 10:35:11,621: +PUB [/recognize_objects/goal] /rviz_wng_26210_4376799772989061307 http://wng:34357/
[rosmaster.master][INFO] 2022-01-14 10:35:11,621: +PUB [/recognize_objects/cancel] /rviz_wng_26210_4376799772989061307 http://wng:34357/
[rosmaster.master][INFO] 2022-01-14 10:35:11,622: +SUB [/recognized_object_array] /rviz_wng_26210_4376799772989061307 http://wng:34357/
[rosmaster.master][INFO] 2022-01-14 10:35:11,637: publisherUpdate[/planning_scene] -> http://wng:45803/ ['http://wng:34357/']
[rosmaster.master][INFO] 2022-01-14 10:35:11,638: publisherUpdate[/planning_scene] -> http://wng:45803/ ['http://wng:34357/']: sec=0.00, result=[1, '', 0]
[rosmaster.master][INFO] 2022-01-14 10:35:11,638: publisherUpdate[/planning_scene_world] -> http://wng:45803/ ['http://wng:34357/']
[rosmaster.master][INFO] 2022-01-14 10:35:11,638: publisherUpdate[/planning_scene_world] -> http://wng:45803/ ['http://wng:34357/']: sec=0.00, result=[1, '', 0]
[rosmaster.master][INFO] 2022-01-14 10:35:14,633: -SUB [/recognize_objects/status] /rviz_wng_26210_4376799772989061307 http://wng:34357/
[rosmaster.master][INFO] 2022-01-14 10:35:14,634: -PUB [/recognize_objects/cancel] /rviz_wng_26210_4376799772989061307 http://wng:34357/
[rosmaster.master][INFO] 2022-01-14 10:35:14,635: -PUB [/recognize_objects/goal] /rviz_wng_26210_4376799772989061307 http://wng:34357/
[rosmaster.master][INFO] 2022-01-14 10:35:14,635: -SUB [/recognize_objects/feedback] /rviz_wng_26210_4376799772989061307 http://wng:34357/
[rosmaster.master][INFO] 2022-01-14 10:35:14,635: -SUB [/recognize_objects/result] /rviz_wng_26210_4376799772989061307 http://wng:34357/
[rosmaster.master][INFO] 2022-01-14 10:35:14,669: +PUB [/feedback] /rviz_wng_26210_4376799772989061307 http://wng:34357/
[rosmaster.master][INFO] 2022-01-14 10:35:14,669: -PUB [/feedback] /rviz_wng_26210_4376799772989061307 http://wng:34357/
[rosmaster.master][INFO] 2022-01-14 10:35:14,670: +PUB [/feedback] /rviz_wng_26210_4376799772989061307 http://wng:34357/
[rosmaster.master][INFO] 2022-01-14 10:35:14,670: -PUB [/goal] /rviz_wng_26210_4376799772989061307 http://wng:34357/
[rosmaster.master][INFO] 2022-01-14 10:35:14,671: -PUB [/initialpose] /rviz_wng_26210_4376799772989061307 http://wng:34357/
[rosmaster.master][INFO] 2022-01-14 10:35:14,696: +SERVICE [/rviz_wng_26210_4376799772989061307/reload_shaders] /rviz_wng_26210_4376799772989061307 http://wng:34357/
[rosmaster.master][INFO] 2022-01-14 10:35:14,697: +SERVICE [/rviz_wng_26210_4376799772989061307/load_config] /rviz_wng_26210_4376799772989061307 http://wng:34357/
[rosmaster.master][INFO] 2022-01-14 10:35:14,697: +SERVICE [/rviz_wng_26210_4376799772989061307/save_config] /rviz_wng_26210_4376799772989061307 http://wng:34357/
[rosmaster.master][INFO] 2022-01-14 10:35:14,929: +SERVICE [/rviz_wng_26210_4376799772989061307/motionplanning_planning_scene_monitor/set_parameters] /rviz_wng_26210_4376799772989061307 http://wng:34357/
[rosmaster.master][INFO] 2022-01-14 10:35:14,929: +PUB [/rviz_wng_26210_4376799772989061307/motionplanning_planning_scene_monitor/parameter_descriptions] /rviz_wng_26210_4376799772989061307 http://wng:34357/
[rosmaster.master][INFO] 2022-01-14 10:35:14,930: +PUB [/rviz_wng_26210_4376799772989061307/motionplanning_planning_scene_monitor/parameter_updates] /rviz_wng_26210_4376799772989061307 http://wng:34357/
[rosmaster.master][INFO] 2022-01-14 10:35:14,931: +PARAM [/rviz_wng_26210_4376799772989061307/motionplanning_planning_scene_monitor/publish_planning_scene] by /rviz_wng_26210_4376799772989061307
[rosmaster.master][INFO] 2022-01-14 10:35:14,931: +PARAM [/rviz_wng_26210_4376799772989061307/motionplanning_planning_scene_monitor/publish_planning_scene_hz] by /rviz_wng_26210_4376799772989061307
[rosmaster.master][INFO] 2022-01-14 10:35:14,932: +PARAM [/rviz_wng_26210_4376799772989061307/motionplanning_planning_scene_monitor/publish_geometry_updates] by /rviz_wng_26210_4376799772989061307
[rosmaster.master][INFO] 2022-01-14 10:35:14,932: +PARAM [/rviz_wng_26210_4376799772989061307/motionplanning_planning_scene_monitor/publish_state_updates] by /rviz_wng_26210_4376799772989061307
[rosmaster.master][INFO] 2022-01-14 10:35:14,932: +PARAM [/rviz_wng_26210_4376799772989061307/motionplanning_planning_scene_monitor/publish_transforms_updates] by /rviz_wng_26210_4376799772989061307
[rosmaster.master][INFO] 2022-01-14 10:35:14,932: +PARAM [/rviz_wng_26210_4376799772989061307/motionplanning_planning_scene_monitor/publish_planning_scene] by /rviz_wng_26210_4376799772989061307
[rosmaster.master][INFO] 2022-01-14 10:35:14,933: +PARAM [/rviz_wng_26210_4376799772989061307/motionplanning_planning_scene_monitor/publish_planning_scene_hz] by /rviz_wng_26210_4376799772989061307
[rosmaster.master][INFO] 2022-01-14 10:35:14,933: +PARAM [/rviz_wng_26210_4376799772989061307/motionplanning_planning_scene_monitor/publish_geometry_updates] by /rviz_wng_26210_4376799772989061307
[rosmaster.master][INFO] 2022-01-14 10:35:14,933: +PARAM [/rviz_wng_26210_4376799772989061307/motionplanning_planning_scene_monitor/publish_state_updates] by /rviz_wng_26210_4376799772989061307
[rosmaster.master][INFO] 2022-01-14 10:35:14,933: +PARAM [/rviz_wng_26210_4376799772989061307/motionplanning_planning_scene_monitor/publish_transforms_updates] by /rviz_wng_26210_4376799772989061307
[rosmaster.master][INFO] 2022-01-14 10:35:14,948: +SUB [/move_group/monitored_planning_scene] /rviz_wng_26210_4376799772989061307 http://wng:34357/
[rosmaster.master][INFO] 2022-01-14 10:35:15,282: +SUB [/move_group/display_planned_path] /rviz_wng_26210_4376799772989061307 http://wng:34357/
[rosmaster.master][INFO] 2022-01-14 10:35:15,283: +PUB [/rviz_moveit_motion_planning_display/robot_interaction_interactive_marker_topic/update_full] /rviz_wng_26210_4376799772989061307 http://wng:34357/
[rosmaster.master][INFO] 2022-01-14 10:35:15,283: +PUB [/rviz_moveit_motion_planning_display/robot_interaction_interactive_marker_topic/update] /rviz_wng_26210_4376799772989061307 http://wng:34357/
[rosmaster.master][INFO] 2022-01-14 10:35:15,284: +SUB [/rviz_moveit_motion_planning_display/robot_interaction_interactive_marker_topic/feedback] /rviz_wng_26210_4376799772989061307 http://wng:34357/
[rosmaster.master][INFO] 2022-01-14 10:35:15,285: -PUB [/feedback] /rviz_wng_26210_4376799772989061307 http://wng:34357/
[rosmaster.master][INFO] 2022-01-14 10:35:15,286: +SUB [/rviz_moveit_motion_planning_display/robot_interaction_interactive_marker_topic/update] /rviz_wng_26210_4376799772989061307 http://wng:34357/
[rosmaster.master][INFO] 2022-01-14 10:35:15,288: +SUB [/rviz_moveit_motion_planning_display/robot_interaction_interactive_marker_topic/update_full] /rviz_wng_26210_4376799772989061307 http://wng:34357/
[rosmaster.master][INFO] 2022-01-14 10:35:15,288: +PUB [/rviz_moveit_motion_planning_display/robot_interaction_interactive_marker_topic/feedback] /rviz_wng_26210_4376799772989061307 http://wng:34357/
[rosmaster.master][INFO] 2022-01-14 10:35:15,342: publisherUpdate[/rviz_moveit_motion_planning_display/robot_interaction_interactive_marker_topic/feedback] -> http://wng:34357/ ['http://wng:34357/']
[rosmaster.master][INFO] 2022-01-14 10:35:15,343: publisherUpdate[/rviz_moveit_motion_planning_display/robot_interaction_interactive_marker_topic/feedback] -> http://wng:34357/ ['http://wng:34357/']: sec=0.00, result=[1, '', 0]
[rosmaster.master][INFO] 2022-01-14 10:35:15,827: -SUB [/rviz_moveit_motion_planning_display/robot_interaction_interactive_marker_topic/update_full] /rviz_wng_26210_4376799772989061307 http://wng:34357/
[rosmaster.master][INFO] 2022-01-14 10:35:20,303: +PUB [/trajectory_execution_event] /rviz_wng_26210_4376799772989061307 http://wng:34357/
[rosmaster.master][INFO] 2022-01-14 10:35:20,303: +PUB [/attached_collision_object] /rviz_wng_26210_4376799772989061307 http://wng:34357/
[rosmaster.master][INFO] 2022-01-14 10:35:20,305: +SUB [/move_group/status] /rviz_wng_26210_4376799772989061307 http://wng:34357/
[rosmaster.master][INFO] 2022-01-14 10:35:20,307: +SUB [/move_group/feedback] /rviz_wng_26210_4376799772989061307 http://wng:34357/
[rosmaster.master][INFO] 2022-01-14 10:35:20,309: +SUB [/move_group/result] /rviz_wng_26210_4376799772989061307 http://wng:34357/
[rosmaster.master][INFO] 2022-01-14 10:35:20,310: +PUB [/move_group/goal] /rviz_wng_26210_4376799772989061307 http://wng:34357/
[rosmaster.master][INFO] 2022-01-14 10:35:20,310: +PUB [/move_group/cancel] /rviz_wng_26210_4376799772989061307 http://wng:34357/
[rosmaster.master][INFO] 2022-01-14 10:35:20,349: publisherUpdate[/attached_collision_object] -> http://wng:45803/ ['http://wng:34357/']
[rosmaster.master][INFO] 2022-01-14 10:35:20,350: publisherUpdate[/attached_collision_object] -> http://wng:45803/ ['http://wng:34357/']: sec=0.00, result=[1, '', 0]
[rosmaster.master][INFO] 2022-01-14 10:35:27,798: -SUB [/arm_controller/follow_joint_trajectory/status] /move_group http://wng:45803/
[rosmaster.master][INFO] 2022-01-14 10:35:27,798: -PUB [/arm_controller/follow_joint_trajectory/cancel] /move_group http://wng:45803/
[rosmaster.master][INFO] 2022-01-14 10:35:27,799: -PUB [/arm_controller/follow_joint_trajectory/goal] /move_group http://wng:45803/
[rosmaster.master][INFO] 2022-01-14 10:35:27,799: -SUB [/arm_controller/follow_joint_trajectory/feedback] /move_group http://wng:45803/
[rosmaster.master][INFO] 2022-01-14 10:35:27,800: -SUB [/arm_controller/follow_joint_trajectory/result] /move_group http://wng:45803/
[rosmaster.master][INFO] 2022-01-14 10:35:27,802: +SUB [/gripper_controller/follow_joint_trajectory/status] /move_group http://wng:45803/
[rosmaster.master][INFO] 2022-01-14 10:35:27,803: +SUB [/gripper_controller/follow_joint_trajectory/feedback] /move_group http://wng:45803/
[rosmaster.master][INFO] 2022-01-14 10:35:27,805: +SUB [/gripper_controller/follow_joint_trajectory/result] /move_group http://wng:45803/
[rosmaster.master][INFO] 2022-01-14 10:35:27,805: +PUB [/gripper_controller/follow_joint_trajectory/goal] /move_group http://wng:45803/
[rosmaster.master][INFO] 2022-01-14 10:35:27,805: +PUB [/gripper_controller/follow_joint_trajectory/cancel] /move_group http://wng:45803/
[rosmaster.master][INFO] 2022-01-14 10:35:44,813: -SUB [/gripper_controller/follow_joint_trajectory/status] /move_group http://wng:45803/
[rosmaster.master][INFO] 2022-01-14 10:35:44,813: -PUB [/gripper_controller/follow_joint_trajectory/cancel] /move_group http://wng:45803/
[rosmaster.master][INFO] 2022-01-14 10:35:44,813: -PUB [/gripper_controller/follow_joint_trajectory/goal] /move_group http://wng:45803/
[rosmaster.master][INFO] 2022-01-14 10:35:44,814: -SUB [/gripper_controller/follow_joint_trajectory/feedback] /move_group http://wng:45803/
[rosmaster.master][INFO] 2022-01-14 10:35:44,814: -SUB [/gripper_controller/follow_joint_trajectory/result] /move_group http://wng:45803/
[rosmaster.master][INFO] 2022-01-14 10:35:44,816: +SUB [/trajectory_execution_event] /move_group http://wng:45803/
[rosmaster.master][INFO] 2022-01-14 10:35:44,816: +SERVICE [/move_group/trajectory_execution/set_parameters] /move_group http://wng:45803/
[rosmaster.master][INFO] 2022-01-14 10:35:44,817: +PUB [/move_group/trajectory_execution/parameter_descriptions] /move_group http://wng:45803/
[rosmaster.master][INFO] 2022-01-14 10:35:44,817: +PUB [/move_group/trajectory_execution/parameter_updates] /move_group http://wng:45803/
[rosmaster.master][INFO] 2022-01-14 10:35:44,819: +PARAM [/move_group/trajectory_execution/execution_duration_monitoring] by /move_group
[rosmaster.master][INFO] 2022-01-14 10:35:44,819: +PARAM [/move_group/trajectory_execution/allowed_execution_duration_scaling] by /move_group
[rosmaster.master][INFO] 2022-01-14 10:35:44,819: +PARAM [/move_group/trajectory_execution/allowed_goal_duration_margin] by /move_group
[rosmaster.master][INFO] 2022-01-14 10:35:44,819: +PARAM [/move_group/trajectory_execution/execution_velocity_scaling] by /move_group
[rosmaster.master][INFO] 2022-01-14 10:35:44,820: +PARAM [/move_group/trajectory_execution/allowed_start_tolerance] by /move_group
[rosmaster.master][INFO] 2022-01-14 10:35:44,820: +PARAM [/move_group/trajectory_execution/wait_for_trajectory_completion] by /move_group
[rosmaster.master][INFO] 2022-01-14 10:35:44,820: +PARAM [/move_group/trajectory_execution/execution_duration_monitoring] by /move_group
[rosmaster.master][INFO] 2022-01-14 10:35:44,821: +PARAM [/move_group/trajectory_execution/allowed_execution_duration_scaling] by /move_group
[rosmaster.master][INFO] 2022-01-14 10:35:44,821: +PARAM [/move_group/trajectory_execution/allowed_goal_duration_margin] by /move_group
[rosmaster.master][INFO] 2022-01-14 10:35:44,821: +PARAM [/move_group/trajectory_execution/execution_velocity_scaling] by /move_group
[rosmaster.master][INFO] 2022-01-14 10:35:44,821: +PARAM [/move_group/trajectory_execution/allowed_start_tolerance] by /move_group
[rosmaster.master][INFO] 2022-01-14 10:35:44,822: +PARAM [/move_group/trajectory_execution/wait_for_trajectory_completion] by /move_group
[rosmaster.master][INFO] 2022-01-14 10:35:44,822: +SERVICE [/move_group/plan_execution/set_parameters] /move_group http://wng:45803/
[rosmaster.master][INFO] 2022-01-14 10:35:44,823: +PUB [/move_group/plan_execution/parameter_descriptions] /move_group http://wng:45803/
[rosmaster.master][INFO] 2022-01-14 10:35:44,823: +PUB [/move_group/plan_execution/parameter_updates] /move_group http://wng:45803/
[rosmaster.master][INFO] 2022-01-14 10:35:44,823: +PARAM [/move_group/plan_execution/max_replan_attempts] by /move_group
[rosmaster.master][INFO] 2022-01-14 10:35:44,823: +PARAM [/move_group/plan_execution/record_trajectory_state_frequency] by /move_group
[rosmaster.master][INFO] 2022-01-14 10:35:44,824: +PARAM [/move_group/plan_execution/max_replan_attempts] by /move_group
[rosmaster.master][INFO] 2022-01-14 10:35:44,824: +PARAM [/move_group/plan_execution/record_trajectory_state_frequency] by /move_group
[rosmaster.master][INFO] 2022-01-14 10:35:44,824: +SERVICE [/move_group/sense_for_plan/set_parameters] /move_group http://wng:45803/
[rosmaster.master][INFO] 2022-01-14 10:35:44,824: +PUB [/move_group/sense_for_plan/parameter_descriptions] /move_group http://wng:45803/
[rosmaster.master][INFO] 2022-01-14 10:35:44,825: +PUB [/move_group/sense_for_plan/parameter_updates] /move_group http://wng:45803/
[rosmaster.master][INFO] 2022-01-14 10:35:44,825: +PARAM [/move_group/sense_for_plan/max_safe_path_cost] by /move_group
[rosmaster.master][INFO] 2022-01-14 10:35:44,826: +PARAM [/move_group/sense_for_plan/max_look_attempts] by /move_group
[rosmaster.master][INFO] 2022-01-14 10:35:44,826: +PARAM [/move_group/sense_for_plan/max_cost_sources] by /move_group
[rosmaster.master][INFO] 2022-01-14 10:35:44,826: +PARAM [/move_group/sense_for_plan/discard_overlapping_cost_sources] by /move_group
[rosmaster.master][INFO] 2022-01-14 10:35:44,826: +PARAM [/move_group/sense_for_plan/max_safe_path_cost] by /move_group
[rosmaster.master][INFO] 2022-01-14 10:35:44,826: +PARAM [/move_group/sense_for_plan/max_look_attempts] by /move_group
[rosmaster.master][INFO] 2022-01-14 10:35:44,826: +PARAM [/move_group/sense_for_plan/max_cost_sources] by /move_group
[rosmaster.master][INFO] 2022-01-14 10:35:44,827: +PARAM [/move_group/sense_for_plan/discard_overlapping_cost_sources] by /move_group
[rosmaster.master][INFO] 2022-01-14 10:35:44,835: +SERVICE [/apply_planning_scene] /move_group http://wng:45803/
[rosmaster.master][INFO] 2022-01-14 10:35:44,835: +SERVICE [/clear_octomap] /move_group http://wng:45803/
[rosmaster.master][INFO] 2022-01-14 10:35:44,836: +SERVICE [/compute_cartesian_path] /move_group http://wng:45803/
[rosmaster.master][INFO] 2022-01-14 10:35:44,837: +PUB [/execute_trajectory/result] /move_group http://wng:45803/
[rosmaster.master][INFO] 2022-01-14 10:35:44,838: +PUB [/execute_trajectory/feedback] /move_group http://wng:45803/
[rosmaster.master][INFO] 2022-01-14 10:35:44,838: +PUB [/execute_trajectory/status] /move_group http://wng:45803/
[rosmaster.master][INFO] 2022-01-14 10:35:44,840: +SUB [/execute_trajectory/goal] /move_group http://wng:45803/
[rosmaster.master][INFO] 2022-01-14 10:35:44,842: +SUB [/execute_trajectory/cancel] /move_group http://wng:45803/
[rosmaster.master][INFO] 2022-01-14 10:35:44,842: +SERVICE [/get_planning_scene] /move_group http://wng:45803/
[rosmaster.master][INFO] 2022-01-14 10:35:44,843: +SERVICE [/compute_fk] /move_group http://wng:45803/
[rosmaster.master][INFO] 2022-01-14 10:35:44,843: +SERVICE [/compute_ik] /move_group http://wng:45803/
[rosmaster.master][INFO] 2022-01-14 10:35:44,844: +PUB [/move_group/result] /move_group http://wng:45803/
[rosmaster.master][INFO] 2022-01-14 10:35:44,844: +PUB [/move_group/feedback] /move_group http://wng:45803/
[rosmaster.master][INFO] 2022-01-14 10:35:44,844: +PUB [/move_group/status] /move_group http://wng:45803/
[rosmaster.master][INFO] 2022-01-14 10:35:44,846: +SUB [/move_group/goal] /move_group http://wng:45803/
[rosmaster.master][INFO] 2022-01-14 10:35:44,847: +SUB [/move_group/cancel] /move_group http://wng:45803/
[rosmaster.master][INFO] 2022-01-14 10:35:44,854: +PUB [/pickup/result] /move_group http://wng:45803/
[rosmaster.master][INFO] 2022-01-14 10:35:44,854: +PUB [/pickup/feedback] /move_group http://wng:45803/
[rosmaster.master][INFO] 2022-01-14 10:35:44,854: +PUB [/pickup/status] /move_group http://wng:45803/
[rosmaster.master][INFO] 2022-01-14 10:35:44,855: +SUB [/pickup/goal] /move_group http://wng:45803/
[rosmaster.master][INFO] 2022-01-14 10:35:44,856: +SUB [/pickup/cancel] /move_group http://wng:45803/
[rosmaster.master][INFO] 2022-01-14 10:35:44,857: +PUB [/place/result] /move_group http://wng:45803/
[rosmaster.master][INFO] 2022-01-14 10:35:44,857: +PUB [/place/feedback] /move_group http://wng:45803/
[rosmaster.master][INFO] 2022-01-14 10:35:44,857: +PUB [/place/status] /move_group http://wng:45803/
[rosmaster.master][INFO] 2022-01-14 10:35:44,858: +SUB [/place/goal] /move_group http://wng:45803/
[rosmaster.master][INFO] 2022-01-14 10:35:44,859: +SUB [/place/cancel] /move_group http://wng:45803/
[rosmaster.master][INFO] 2022-01-14 10:35:44,859: +SERVICE [/plan_kinematic_path] /move_group http://wng:45803/
[rosmaster.master][INFO] 2022-01-14 10:35:44,860: +SERVICE [/query_planner_interface] /move_group http://wng:45803/
[rosmaster.master][INFO] 2022-01-14 10:35:44,860: +SERVICE [/get_planner_params] /move_group http://wng:45803/
[rosmaster.master][INFO] 2022-01-14 10:35:44,860: +SERVICE [/set_planner_params] /move_group http://wng:45803/
[rosmaster.master][INFO] 2022-01-14 10:35:44,860: +SERVICE [/check_state_validity] /move_group http://wng:45803/
[rosmaster.master][INFO] 2022-01-14 10:35:44,881: publisherUpdate[/move_group/result] -> http://wng:34357/ ['http://wng:45803/']
[rosmaster.master][INFO] 2022-01-14 10:35:44,882: publisherUpdate[/move_group/result] -> http://wng:34357/ ['http://wng:45803/']: sec=0.00, result=[1, '', 0]
[rosmaster.master][INFO] 2022-01-14 10:35:44,882: publisherUpdate[/move_group/feedback] -> http://wng:34357/ ['http://wng:45803/']
[rosmaster.master][INFO] 2022-01-14 10:35:44,883: publisherUpdate[/move_group/feedback] -> http://wng:34357/ ['http://wng:45803/']: sec=0.00, result=[1, '', 0]
[rosmaster.master][INFO] 2022-01-14 10:35:44,883: publisherUpdate[/move_group/status] -> http://wng:34357/ ['http://wng:45803/']
[rosmaster.master][INFO] 2022-01-14 10:35:44,883: publisherUpdate[/move_group/status] -> http://wng:34357/ ['http://wng:45803/']: sec=0.00, result=[1, '', 0]
[rosmaster.master][INFO] 2022-01-14 10:35:45,117: +SUB [/pickup/status] /rviz_wng_26210_4376799772989061307 http://wng:34357/
[rosmaster.master][INFO] 2022-01-14 10:35:45,118: +SUB [/pickup/feedback] /rviz_wng_26210_4376799772989061307 http://wng:34357/
[rosmaster.master][INFO] 2022-01-14 10:35:45,120: +SUB [/pickup/result] /rviz_wng_26210_4376799772989061307 http://wng:34357/
[rosmaster.master][INFO] 2022-01-14 10:35:45,121: +PUB [/pickup/goal] /rviz_wng_26210_4376799772989061307 http://wng:34357/
[rosmaster.master][INFO] 2022-01-14 10:35:45,121: +PUB [/pickup/cancel] /rviz_wng_26210_4376799772989061307 http://wng:34357/
[rosmaster.master][INFO] 2022-01-14 10:35:45,182: publisherUpdate[/pickup/goal] -> http://wng:45803/ ['http://wng:34357/']
[rosmaster.master][INFO] 2022-01-14 10:35:45,183: publisherUpdate[/pickup/goal] -> http://wng:45803/ ['http://wng:34357/']: sec=0.00, result=[1, '', 0]
[rosmaster.master][INFO] 2022-01-14 10:35:45,183: publisherUpdate[/pickup/cancel] -> http://wng:45803/ ['http://wng:34357/']
[rosmaster.master][INFO] 2022-01-14 10:35:45,183: publisherUpdate[/pickup/cancel] -> http://wng:45803/ ['http://wng:34357/']: sec=0.00, result=[1, '', 0]
[rosmaster.master][INFO] 2022-01-14 10:35:45,389: +SUB [/place/status] /rviz_wng_26210_4376799772989061307 http://wng:34357/
[rosmaster.master][INFO] 2022-01-14 10:35:45,391: +SUB [/place/feedback] /rviz_wng_26210_4376799772989061307 http://wng:34357/
[rosmaster.master][INFO] 2022-01-14 10:35:45,392: +SUB [/place/result] /rviz_wng_26210_4376799772989061307 http://wng:34357/
[rosmaster.master][INFO] 2022-01-14 10:35:45,393: +PUB [/place/goal] /rviz_wng_26210_4376799772989061307 http://wng:34357/
[rosmaster.master][INFO] 2022-01-14 10:35:45,393: +PUB [/place/cancel] /rviz_wng_26210_4376799772989061307 http://wng:34357/
[rosmaster.master][INFO] 2022-01-14 10:35:45,483: publisherUpdate[/place/goal] -> http://wng:45803/ ['http://wng:34357/']
[rosmaster.master][INFO] 2022-01-14 10:35:45,483: publisherUpdate[/place/goal] -> http://wng:45803/ ['http://wng:34357/']: sec=0.00, result=[1, '', 0]
[rosmaster.master][INFO] 2022-01-14 10:35:45,483: publisherUpdate[/place/cancel] -> http://wng:45803/ ['http://wng:34357/']
[rosmaster.master][INFO] 2022-01-14 10:35:45,484: publisherUpdate[/place/cancel] -> http://wng:45803/ ['http://wng:34357/']: sec=0.00, result=[1, '', 0]
[rosmaster.master][INFO] 2022-01-14 10:35:45,688: +SUB [/execute_trajectory/status] /rviz_wng_26210_4376799772989061307 http://wng:34357/
[rosmaster.master][INFO] 2022-01-14 10:35:45,690: +SUB [/execute_trajectory/feedback] /rviz_wng_26210_4376799772989061307 http://wng:34357/
[rosmaster.master][INFO] 2022-01-14 10:35:45,691: +SUB [/execute_trajectory/result] /rviz_wng_26210_4376799772989061307 http://wng:34357/
[rosmaster.master][INFO] 2022-01-14 10:35:45,692: +PUB [/execute_trajectory/goal] /rviz_wng_26210_4376799772989061307 http://wng:34357/
[rosmaster.master][INFO] 2022-01-14 10:35:45,692: +PUB [/execute_trajectory/cancel] /rviz_wng_26210_4376799772989061307 http://wng:34357/
[rosmaster.master][INFO] 2022-01-14 10:35:45,784: publisherUpdate[/execute_trajectory/goal] -> http://wng:45803/ ['http://wng:34357/']
[rosmaster.master][INFO] 2022-01-14 10:35:45,785: publisherUpdate[/execute_trajectory/goal] -> http://wng:45803/ ['http://wng:34357/']: sec=0.00, result=[1, '', 0]
[rosmaster.master][INFO] 2022-01-14 10:35:45,785: publisherUpdate[/execute_trajectory/cancel] -> http://wng:45803/ ['http://wng:34357/']
[rosmaster.master][INFO] 2022-01-14 10:35:45,786: publisherUpdate[/execute_trajectory/cancel] -> http://wng:45803/ ['http://wng:34357/']: sec=0.00, result=[1, '', 0]
[rosmaster.master][INFO] 2022-01-14 10:37:45,564: -SUB [/rviz_moveit_motion_planning_display/robot_interaction_interactive_marker_topic/update] /rviz_wng_26210_4376799772989061307 http://wng:34357/
[rosmaster.master][INFO] 2022-01-14 10:37:45,567: +SUB [/rviz_moveit_motion_planning_display/robot_interaction_interactive_marker_topic/update] /rviz_wng_26210_4376799772989061307 http://wng:34357/
[rosmaster.master][INFO] 2022-01-14 10:37:45,569: +SUB [/rviz_moveit_motion_planning_display/robot_interaction_interactive_marker_topic/update_full] /rviz_wng_26210_4376799772989061307 http://wng:34357/
[rosmaster.master][INFO] 2022-01-14 10:37:45,569: -SUB [/rviz_moveit_motion_planning_display/robot_interaction_interactive_marker_topic/update_full] /rviz_wng_26210_4376799772989061307 http://wng:34357/
[rosmaster.master][INFO] 2022-01-14 10:37:45,570: -SUB [/rviz_moveit_motion_planning_display/robot_interaction_interactive_marker_topic/update] /rviz_wng_26210_4376799772989061307 http://wng:34357/
[rosmaster.master][INFO] 2022-01-14 10:37:45,570: -PUB [/rviz_moveit_motion_planning_display/robot_interaction_interactive_marker_topic/feedback] /rviz_wng_26210_4376799772989061307 http://wng:34357/
[rosmaster.master][INFO] 2022-01-14 10:37:45,572: +SUB [/rviz_moveit_motion_planning_display/robot_interaction_interactive_marker_topic/update] /rviz_wng_26210_4376799772989061307 http://wng:34357/
[rosmaster.master][INFO] 2022-01-14 10:37:45,573: +SUB [/rviz_moveit_motion_planning_display/robot_interaction_interactive_marker_topic/update_full] /rviz_wng_26210_4376799772989061307 http://wng:34357/
[rosmaster.master][INFO] 2022-01-14 10:37:45,574: +PUB [/rviz_moveit_motion_planning_display/robot_interaction_interactive_marker_topic/feedback] /rviz_wng_26210_4376799772989061307 http://wng:34357/
[rosmaster.master][INFO] 2022-01-14 10:37:45,584: -SUB [/rviz_moveit_motion_planning_display/robot_interaction_interactive_marker_topic/update_full] /rviz_wng_26210_4376799772989061307 http://wng:34357/
[rosmaster.master][INFO] 2022-01-14 10:37:45,653: publisherUpdate[/rviz_moveit_motion_planning_display/robot_interaction_interactive_marker_topic/feedback] -> http://wng:34357/ []
[rosmaster.master][INFO] 2022-01-14 10:37:45,654: publisherUpdate[/rviz_moveit_motion_planning_display/robot_interaction_interactive_marker_topic/feedback] -> http://wng:34357/ []: sec=0.00, result=[1, '', 0]
[rosmaster.master][INFO] 2022-01-14 10:37:45,654: publisherUpdate[/rviz_moveit_motion_planning_display/robot_interaction_interactive_marker_topic/feedback] -> http://wng:34357/ ['http://wng:34357/']
[rosmaster.master][INFO] 2022-01-14 10:37:45,654: publisherUpdate[/rviz_moveit_motion_planning_display/robot_interaction_interactive_marker_topic/feedback] -> http://wng:34357/ ['http://wng:34357/']: sec=0.00, result=[1, '', 0]
[rosmaster.master][INFO] 2022-01-14 10:37:46,604: +SUB [/rviz_moveit_motion_planning_display/robot_interaction_interactive_marker_topic/update_full] /rviz_wng_26210_4376799772989061307 http://wng:34357/
[rosmaster.master][INFO] 2022-01-14 10:37:58,421: -PUB [/rviz_moveit_motion_planning_display/robot_interaction_interactive_marker_topic/feedback] /rviz_wng_26210_4376799772989061307 http://wng:34357/
[rosmaster.master][INFO] 2022-01-14 10:37:58,422: -SUB [/rviz_moveit_motion_planning_display/robot_interaction_interactive_marker_topic/update_full] /rviz_wng_26210_4376799772989061307 http://wng:34357/
[rosmaster.master][INFO] 2022-01-14 10:37:58,422: -SUB [/rviz_moveit_motion_planning_display/robot_interaction_interactive_marker_topic/update] /rviz_wng_26210_4376799772989061307 http://wng:34357/
[rosmaster.master][INFO] 2022-01-14 10:37:58,431: -PUB [/planning_scene_world] /rviz_wng_26210_4376799772989061307 http://wng:34357/
[rosmaster.master][INFO] 2022-01-14 10:37:58,431: -PUB [/planning_scene] /rviz_wng_26210_4376799772989061307 http://wng:34357/
[rosmaster.master][INFO] 2022-01-14 10:37:58,431: -SUB [/recognized_object_array] /rviz_wng_26210_4376799772989061307 http://wng:34357/
[rosmaster.master][INFO] 2022-01-14 10:37:58,432: -PUB [/attached_collision_object] /rviz_wng_26210_4376799772989061307 http://wng:34357/
[rosmaster.master][INFO] 2022-01-14 10:37:58,433: -PUB [/trajectory_execution_event] /rviz_wng_26210_4376799772989061307 http://wng:34357/
[rosmaster.master][INFO] 2022-01-14 10:37:58,433: -SUB [/place/status] /rviz_wng_26210_4376799772989061307 http://wng:34357/
[rosmaster.master][INFO] 2022-01-14 10:37:58,434: -PUB [/place/cancel] /rviz_wng_26210_4376799772989061307 http://wng:34357/
[rosmaster.master][INFO] 2022-01-14 10:37:58,434: -PUB [/place/goal] /rviz_wng_26210_4376799772989061307 http://wng:34357/
[rosmaster.master][INFO] 2022-01-14 10:37:58,434: -SUB [/place/feedback] /rviz_wng_26210_4376799772989061307 http://wng:34357/
[rosmaster.master][INFO] 2022-01-14 10:37:58,434: -SUB [/place/result] /rviz_wng_26210_4376799772989061307 http://wng:34357/
[rosmaster.master][INFO] 2022-01-14 10:37:58,435: -SUB [/pickup/status] /rviz_wng_26210_4376799772989061307 http://wng:34357/
[rosmaster.master][INFO] 2022-01-14 10:37:58,435: -PUB [/pickup/cancel] /rviz_wng_26210_4376799772989061307 http://wng:34357/
[rosmaster.master][INFO] 2022-01-14 10:37:58,435: -PUB [/pickup/goal] /rviz_wng_26210_4376799772989061307 http://wng:34357/
[rosmaster.master][INFO] 2022-01-14 10:37:58,436: -SUB [/pickup/feedback] /rviz_wng_26210_4376799772989061307 http://wng:34357/
[rosmaster.master][INFO] 2022-01-14 10:37:58,436: -SUB [/pickup/result] /rviz_wng_26210_4376799772989061307 http://wng:34357/
[rosmaster.master][INFO] 2022-01-14 10:37:58,437: -SUB [/execute_trajectory/status] /rviz_wng_26210_4376799772989061307 http://wng:34357/
[rosmaster.master][INFO] 2022-01-14 10:37:58,437: -PUB [/execute_trajectory/cancel] /rviz_wng_26210_4376799772989061307 http://wng:34357/
[rosmaster.master][INFO] 2022-01-14 10:37:58,437: -PUB [/execute_trajectory/goal] /rviz_wng_26210_4376799772989061307 http://wng:34357/
[rosmaster.master][INFO] 2022-01-14 10:37:58,438: -SUB [/execute_trajectory/feedback] /rviz_wng_26210_4376799772989061307 http://wng:34357/
[rosmaster.master][INFO] 2022-01-14 10:37:58,438: -SUB [/execute_trajectory/result] /rviz_wng_26210_4376799772989061307 http://wng:34357/
[rosmaster.master][INFO] 2022-01-14 10:37:58,438: -SUB [/move_group/status] /rviz_wng_26210_4376799772989061307 http://wng:34357/
[rosmaster.master][INFO] 2022-01-14 10:37:58,439: -PUB [/move_group/cancel] /rviz_wng_26210_4376799772989061307 http://wng:34357/
[rosmaster.master][INFO] 2022-01-14 10:37:58,439: -PUB [/move_group/goal] /rviz_wng_26210_4376799772989061307 http://wng:34357/
[rosmaster.master][INFO] 2022-01-14 10:37:58,439: -SUB [/move_group/feedback] /rviz_wng_26210_4376799772989061307 http://wng:34357/
[rosmaster.master][INFO] 2022-01-14 10:37:58,439: -SUB [/move_group/result] /rviz_wng_26210_4376799772989061307 http://wng:34357/
[rosmaster.master][INFO] 2022-01-14 10:37:58,444: -SUB [/move_group/display_planned_path] /rviz_wng_26210_4376799772989061307 http://wng:34357/
[rosmaster.master][INFO] 2022-01-14 10:37:58,445: -SUB [/rviz_moveit_motion_planning_display/robot_interaction_interactive_marker_topic/feedback] /rviz_wng_26210_4376799772989061307 http://wng:34357/
[rosmaster.master][INFO] 2022-01-14 10:37:58,446: -PUB [/rviz_moveit_motion_planning_display/robot_interaction_interactive_marker_topic/update] /rviz_wng_26210_4376799772989061307 http://wng:34357/
[rosmaster.master][INFO] 2022-01-14 10:37:58,446: -PUB [/rviz_moveit_motion_planning_display/robot_interaction_interactive_marker_topic/update_full] /rviz_wng_26210_4376799772989061307 http://wng:34357/
[rosmaster.master][INFO] 2022-01-14 10:37:58,449: -SUB [/move_group/monitored_planning_scene] /rviz_wng_26210_4376799772989061307 http://wng:34357/
[rosmaster.master][INFO] 2022-01-14 10:37:58,471: publisherUpdate[/rviz_moveit_motion_planning_display/robot_interaction_interactive_marker_topic/feedback] -> http://wng:34357/ []
[rosmaster.master][INFO] 2022-01-14 10:37:58,472: publisherUpdate[/planning_scene_world] -> http://wng:45803/ []
[rosmaster.master][INFO] 2022-01-14 10:37:58,473: publisherUpdate[/rviz_moveit_motion_planning_display/robot_interaction_interactive_marker_topic/feedback] -> http://wng:34357/ []: sec=0.00, result=[0, 'Unknown Error', 0]
[rosmaster.master][INFO] 2022-01-14 10:37:58,473: publisherUpdate[/planning_scene_world] -> http://wng:45803/ []: sec=0.00, result=[1, '', 0]
[rosmaster.master][INFO] 2022-01-14 10:37:58,473: publisherUpdate[/planning_scene] -> http://wng:45803/ []
[rosmaster.master][INFO] 2022-01-14 10:37:58,474: publisherUpdate[/planning_scene] -> http://wng:45803/ []: sec=0.00, result=[1, '', 0]
[rosmaster.master][INFO] 2022-01-14 10:37:58,474: publisherUpdate[/attached_collision_object] -> http://wng:45803/ []
[rosmaster.master][INFO] 2022-01-14 10:37:58,474: publisherUpdate[/attached_collision_object] -> http://wng:45803/ []: sec=0.00, result=[1, '', 0]
[rosmaster.master][INFO] 2022-01-14 10:37:58,474: publisherUpdate[/trajectory_execution_event] -> http://wng:45803/ []
[rosmaster.master][INFO] 2022-01-14 10:37:58,475: publisherUpdate[/trajectory_execution_event] -> http://wng:45803/ []: sec=0.00, result=[1, '', 0]
[rosmaster.master][INFO] 2022-01-14 10:37:58,475: publisherUpdate[/place/cancel] -> http://wng:45803/ []
[rosmaster.master][INFO] 2022-01-14 10:37:58,475: publisherUpdate[/place/cancel] -> http://wng:45803/ []: sec=0.00, result=[1, '', 0]
[rosmaster.master][INFO] 2022-01-14 10:37:58,475: publisherUpdate[/place/goal] -> http://wng:45803/ []
[rosmaster.master][INFO] 2022-01-14 10:37:58,476: publisherUpdate[/place/goal] -> http://wng:45803/ []: sec=0.00, result=[1, '', 0]
[rosmaster.master][INFO] 2022-01-14 10:37:58,476: publisherUpdate[/pickup/cancel] -> http://wng:45803/ []
[rosmaster.master][INFO] 2022-01-14 10:37:58,476: publisherUpdate[/pickup/cancel] -> http://wng:45803/ []: sec=0.00, result=[1, '', 0]
[rosmaster.master][INFO] 2022-01-14 10:37:58,477: publisherUpdate[/pickup/goal] -> http://wng:45803/ []
[rosmaster.master][INFO] 2022-01-14 10:37:58,477: publisherUpdate[/pickup/goal] -> http://wng:45803/ []: sec=0.00, result=[1, '', 0]
[rosmaster.master][INFO] 2022-01-14 10:37:58,477: publisherUpdate[/execute_trajectory/cancel] -> http://wng:45803/ []
[rosmaster.master][INFO] 2022-01-14 10:37:58,478: publisherUpdate[/execute_trajectory/cancel] -> http://wng:45803/ []: sec=0.00, result=[1, '', 0]
[rosmaster.master][INFO] 2022-01-14 10:37:58,478: publisherUpdate[/execute_trajectory/goal] -> http://wng:45803/ []
[rosmaster.master][INFO] 2022-01-14 10:37:58,478: publisherUpdate[/execute_trajectory/goal] -> http://wng:45803/ []: sec=0.00, result=[1, '', 0]
[rosmaster.master][INFO] 2022-01-14 10:37:58,478: publisherUpdate[/move_group/cancel] -> http://wng:45803/ []
[rosmaster.master][INFO] 2022-01-14 10:37:58,478: publisherUpdate[/move_group/cancel] -> http://wng:45803/ []: sec=0.00, result=[1, '', 0]
[rosmaster.master][INFO] 2022-01-14 10:37:58,478: publisherUpdate[/move_group/goal] -> http://wng:45803/ []
[rosmaster.master][INFO] 2022-01-14 10:37:58,478: publisherUpdate[/move_group/goal] -> http://wng:45803/ []: sec=0.00, result=[1, '', 0]
[rosmaster.master][INFO] 2022-01-14 10:37:58,503: -PUB [/rviz_wng_26210_4376799772989061307/motionplanning_planning_scene_monitor/parameter_descriptions] /rviz_wng_26210_4376799772989061307 http://wng:34357/
[rosmaster.master][INFO] 2022-01-14 10:37:58,503: -PUB [/rviz_wng_26210_4376799772989061307/motionplanning_planning_scene_monitor/parameter_updates] /rviz_wng_26210_4376799772989061307 http://wng:34357/
[rosmaster.master][INFO] 2022-01-14 10:37:58,503: -SERVICE [/rviz_wng_26210_4376799772989061307/motionplanning_planning_scene_monitor/set_parameters] /rviz_wng_26210_4376799772989061307 rosrpc://wng:49685
[rosmaster.master][INFO] 2022-01-14 10:37:58,516: -SUB [/tf_static] /rviz_wng_26210_4376799772989061307 http://wng:34357/
[rosmaster.master][INFO] 2022-01-14 10:37:58,516: -SUB [/tf] /rviz_wng_26210_4376799772989061307 http://wng:34357/
[rosmaster.master][INFO] 2022-01-14 10:37:58,521: -SERVICE [/rviz_wng_26210_4376799772989061307/save_config] /rviz_wng_26210_4376799772989061307 rosrpc://wng:49685
[rosmaster.master][INFO] 2022-01-14 10:37:58,522: -SERVICE [/rviz_wng_26210_4376799772989061307/load_config] /rviz_wng_26210_4376799772989061307 rosrpc://wng:49685
[rosmaster.master][INFO] 2022-01-14 10:37:58,522: -SERVICE [/rviz_wng_26210_4376799772989061307/reload_shaders] /rviz_wng_26210_4376799772989061307 rosrpc://wng:49685
[rosmaster.master][INFO] 2022-01-14 10:37:58,673: -PUB [/rosout] /rviz_wng_26210_4376799772989061307 http://wng:34357/
[rosmaster.master][INFO] 2022-01-14 10:37:58,674: publisherUpdate[/rosout] -> http://wng:35037/ ['http://wng:45803/']
[rosmaster.master][INFO] 2022-01-14 10:37:58,674: -SERVICE [/rviz_wng_26210_4376799772989061307/get_loggers] /rviz_wng_26210_4376799772989061307 rosrpc://wng:49685
[rosmaster.master][INFO] 2022-01-14 10:37:58,674: publisherUpdate[/rosout] -> http://wng:35037/ ['http://wng:45803/']: sec=0.00, result=[1, '', 0]
[rosmaster.master][INFO] 2022-01-14 10:37:58,675: -SERVICE [/rviz_wng_26210_4376799772989061307/set_logger_level] /rviz_wng_26210_4376799772989061307 rosrpc://wng:49685
[rosmaster.master][INFO] 2022-01-14 10:37:58,675: -CACHEDPARAM [/rosout_disable_topics_generation] by /rviz_wng_26210_4376799772989061307
[rosmaster.master][INFO] 2022-01-14 10:38:01,082: -PUB [/rosout] /move_group http://wng:45803/
[rosmaster.master][INFO] 2022-01-14 10:38:01,082: publisherUpdate[/rosout] -> http://wng:35037/ []
[rosmaster.master][INFO] 2022-01-14 10:38:01,082: -PUB [/move_group/planning_scene_monitor/parameter_descriptions] /move_group http://wng:45803/
[rosmaster.master][INFO] 2022-01-14 10:38:01,083: publisherUpdate[/rosout] -> http://wng:35037/ []: sec=0.00, result=[1, '', 0]
[rosmaster.master][INFO] 2022-01-14 10:38:01,083: -PUB [/move_group/planning_scene_monitor/parameter_updates] /move_group http://wng:45803/
[rosmaster.master][INFO] 2022-01-14 10:38:01,084: -PUB [/move_group/monitored_planning_scene] /move_group http://wng:45803/
[rosmaster.master][INFO] 2022-01-14 10:38:01,084: -PUB [/move_group/filtered_cloud] /move_group http://wng:45803/
[rosmaster.master][INFO] 2022-01-14 10:38:01,084: -PUB [/move_group/ompl/parameter_descriptions] /move_group http://wng:45803/
[rosmaster.master][INFO] 2022-01-14 10:38:01,084: -PUB [/move_group/ompl/parameter_updates] /move_group http://wng:45803/
[rosmaster.master][INFO] 2022-01-14 10:38:01,085: -PUB [/move_group/display_planned_path] /move_group http://wng:45803/
[rosmaster.master][INFO] 2022-01-14 10:38:01,085: -PUB [/move_group/display_contacts] /move_group http://wng:45803/
[rosmaster.master][INFO] 2022-01-14 10:38:01,085: -PUB [/move_group/trajectory_execution/parameter_descriptions] /move_group http://wng:45803/
[rosmaster.master][INFO] 2022-01-14 10:38:01,085: -PUB [/move_group/trajectory_execution/parameter_updates] /move_group http://wng:45803/
[rosmaster.master][INFO] 2022-01-14 10:38:01,086: -PUB [/move_group/plan_execution/parameter_descriptions] /move_group http://wng:45803/
[rosmaster.master][INFO] 2022-01-14 10:38:01,086: -PUB [/move_group/plan_execution/parameter_updates] /move_group http://wng:45803/
[rosmaster.master][INFO] 2022-01-14 10:38:01,087: -PUB [/move_group/sense_for_plan/parameter_descriptions] /move_group http://wng:45803/
[rosmaster.master][INFO] 2022-01-14 10:38:01,087: -PUB [/move_group/sense_for_plan/parameter_updates] /move_group http://wng:45803/
[rosmaster.master][INFO] 2022-01-14 10:38:01,087: -PUB [/execute_trajectory/result] /move_group http://wng:45803/
[rosmaster.master][INFO] 2022-01-14 10:38:01,088: -PUB [/execute_trajectory/feedback] /move_group http://wng:45803/
[rosmaster.master][INFO] 2022-01-14 10:38:01,088: -PUB [/execute_trajectory/status] /move_group http://wng:45803/
[rosmaster.master][INFO] 2022-01-14 10:38:01,088: -PUB [/move_group/result] /move_group http://wng:45803/
[rosmaster.master][INFO] 2022-01-14 10:38:01,088: -PUB [/move_group/feedback] /move_group http://wng:45803/
[rosmaster.master][INFO] 2022-01-14 10:38:01,089: -PUB [/move_group/status] /move_group http://wng:45803/
[rosmaster.master][INFO] 2022-01-14 10:38:01,089: -PUB [/pickup/result] /move_group http://wng:45803/
[rosmaster.master][INFO] 2022-01-14 10:38:01,089: -PUB [/pickup/feedback] /move_group http://wng:45803/
[rosmaster.master][INFO] 2022-01-14 10:38:01,090: -PUB [/pickup/status] /move_group http://wng:45803/
[rosmaster.master][INFO] 2022-01-14 10:38:01,090: -PUB [/place/result] /move_group http://wng:45803/
[rosmaster.master][INFO] 2022-01-14 10:38:01,090: -PUB [/place/feedback] /move_group http://wng:45803/
[rosmaster.master][INFO] 2022-01-14 10:38:01,090: -PUB [/place/status] /move_group http://wng:45803/
[rosmaster.master][INFO] 2022-01-14 10:38:01,091: -SUB [/tf] /move_group http://wng:45803/
[rosmaster.master][INFO] 2022-01-14 10:38:01,091: -SUB [/tf_static] /move_group http://wng:45803/
[rosmaster.master][INFO] 2022-01-14 10:38:01,091: -SUB [/planning_scene] /move_group http://wng:45803/
[rosmaster.master][INFO] 2022-01-14 10:38:01,092: -SUB [/collision_object] /move_group http://wng:45803/
[rosmaster.master][INFO] 2022-01-14 10:38:01,092: -SUB [/planning_scene_world] /move_group http://wng:45803/
[rosmaster.master][INFO] 2022-01-14 10:38:01,092: -SUB [/head_mount_kinect/depth_registered/points] /move_group http://wng:45803/
[rosmaster.master][INFO] 2022-01-14 10:38:01,093: -SUB [/joint_states] /move_group http://wng:45803/
[rosmaster.master][INFO] 2022-01-14 10:38:01,093: -SUB [/attached_collision_object] /move_group http://wng:45803/
[rosmaster.master][INFO] 2022-01-14 10:38:01,093: -SUB [/trajectory_execution_event] /move_group http://wng:45803/
[rosmaster.master][INFO] 2022-01-14 10:38:01,093: -SUB [/execute_trajectory/goal] /move_group http://wng:45803/
[rosmaster.master][INFO] 2022-01-14 10:38:01,094: -SUB [/execute_trajectory/cancel] /move_group http://wng:45803/
[rosmaster.master][INFO] 2022-01-14 10:38:01,094: -SUB [/move_group/goal] /move_group http://wng:45803/
[rosmaster.master][INFO] 2022-01-14 10:38:01,094: -SUB [/move_group/cancel] /move_group http://wng:45803/
[rosmaster.master][INFO] 2022-01-14 10:38:01,094: -SUB [/pickup/goal] /move_group http://wng:45803/
[rosmaster.master][INFO] 2022-01-14 10:38:01,095: -SUB [/pickup/cancel] /move_group http://wng:45803/
[rosmaster.master][INFO] 2022-01-14 10:38:01,095: -SUB [/place/goal] /move_group http://wng:45803/
[rosmaster.master][INFO] 2022-01-14 10:38:01,095: -SUB [/place/cancel] /move_group http://wng:45803/
[rosmaster.master][INFO] 2022-01-14 10:38:01,095: -SERVICE [/move_group/get_loggers] /move_group rosrpc://wng:50091
[rosmaster.master][INFO] 2022-01-14 10:38:01,096: -SERVICE [/move_group/set_logger_level] /move_group rosrpc://wng:50091
[rosmaster.master][INFO] 2022-01-14 10:38:01,096: -SERVICE [/move_group/planning_scene_monitor/set_parameters] /move_group rosrpc://wng:50091
[rosmaster.master][INFO] 2022-01-14 10:38:01,096: -SERVICE [/move_group/save_map] /move_group rosrpc://wng:50091
[rosmaster.master][INFO] 2022-01-14 10:38:01,096: -SERVICE [/move_group/load_map] /move_group rosrpc://wng:50091
[rosmaster.master][INFO] 2022-01-14 10:38:01,096: -SERVICE [/move_group/ompl/set_parameters] /move_group rosrpc://wng:50091
[rosmaster.master][INFO] 2022-01-14 10:38:01,097: -SERVICE [/move_group/trajectory_execution/set_parameters] /move_group rosrpc://wng:50091
[rosmaster.master][INFO] 2022-01-14 10:38:01,097: -SERVICE [/move_group/plan_execution/set_parameters] /move_group rosrpc://wng:50091
[rosmaster.master][INFO] 2022-01-14 10:38:01,097: -SERVICE [/move_group/sense_for_plan/set_parameters] /move_group rosrpc://wng:50091
[rosmaster.master][INFO] 2022-01-14 10:38:01,097: -SERVICE [/apply_planning_scene] /move_group rosrpc://wng:50091
[rosmaster.master][INFO] 2022-01-14 10:38:01,097: -SERVICE [/clear_octomap] /move_group rosrpc://wng:50091
[rosmaster.master][INFO] 2022-01-14 10:38:01,097: -SERVICE [/compute_cartesian_path] /move_group rosrpc://wng:50091
[rosmaster.master][INFO] 2022-01-14 10:38:01,098: -SERVICE [/get_planning_scene] /move_group rosrpc://wng:50091
[rosmaster.master][INFO] 2022-01-14 10:38:01,098: -SERVICE [/compute_fk] /move_group rosrpc://wng:50091
[rosmaster.master][INFO] 2022-01-14 10:38:01,098: -SERVICE [/compute_ik] /move_group rosrpc://wng:50091
[rosmaster.master][INFO] 2022-01-14 10:38:01,098: -SERVICE [/plan_kinematic_path] /move_group rosrpc://wng:50091
[rosmaster.master][INFO] 2022-01-14 10:38:01,098: -SERVICE [/query_planner_interface] /move_group rosrpc://wng:50091
[rosmaster.master][INFO] 2022-01-14 10:38:01,098: -SERVICE [/get_planner_params] /move_group rosrpc://wng:50091
[rosmaster.master][INFO] 2022-01-14 10:38:01,099: -SERVICE [/set_planner_params] /move_group rosrpc://wng:50091
[rosmaster.master][INFO] 2022-01-14 10:38:01,099: -SERVICE [/check_state_validity] /move_group rosrpc://wng:50091
[rosmaster.master][INFO] 2022-01-14 10:38:01,099: -CACHEDPARAM [/rosout_disable_topics_generation] by /move_group
[rosmaster.master][INFO] 2022-01-14 10:38:01,484: -PUB [/rosout_agg] /rosout http://wng:35037/
[rosmaster.master][INFO] 2022-01-14 10:38:01,484: -SUB [/rosout] /rosout http://wng:35037/
[rosmaster.master][INFO] 2022-01-14 10:38:01,484: -SERVICE [/rosout/get_loggers] /rosout rosrpc://wng:44997
[rosmaster.master][INFO] 2022-01-14 10:38:01,484: -SERVICE [/rosout/set_logger_level] /rosout rosrpc://wng:44997
[rosmaster.master][INFO] 2022-01-14 10:38:01,485: -CACHEDPARAM [/rosout/omit_topics] by /rosout
[rosmaster.main][INFO] 2022-01-14 10:38:01,541: keyboard interrupt, will exit
[rosmaster.main][INFO] 2022-01-14 10:38:01,541: stopping master...
[rospy.core][INFO] 2022-01-14 10:38:01,541: signal_shutdown [atexit]
