[rospy.client][INFO] 2021-09-24 14:30:30,077: init_node, name[/joint_state_publisher], pid[24622]
[xmlrpc][INFO] 2021-09-24 14:30:30,077: XML-RPC server binding to 0.0.0.0:0
[xmlrpc][INFO] 2021-09-24 14:30:30,078: Started XML-RPC server [http://wng:37059/]
[rospy.init][INFO] 2021-09-24 14:30:30,078: ROS Slave URI: [http://wng:37059/]
[rospy.impl.masterslave][INFO] 2021-09-24 14:30:30,078: _ready: http://wng:37059/
[xmlrpc][INFO] 2021-09-24 14:30:30,078: xml rpc node: starting XML-RPC server
[rospy.registration][INFO] 2021-09-24 14:30:30,078: Registering with master node http://localhost:11311
[rospy.init][INFO] 2021-09-24 14:30:30,178: registered with master
[rospy.rosout][INFO] 2021-09-24 14:30:30,178: initializing /rosout core topic
[rospy.rosout][INFO] 2021-09-24 14:30:30,181: connected to core topic /rosout
[rospy.simtime][INFO] 2021-09-24 14:30:30,181: /use_sim_time is not set, will not subscribe to simulated time [/clock] topic
[rospy.internal][INFO] 2021-09-24 14:30:30,243: topic[/move_group/fake_controller_joint_states] adding connection to [http://wng:38833/], count 0
[rospy.internal][INFO] 2021-09-24 14:30:30,400: topic[/rosout] adding connection to [/rosout], count 0
[rospy.internal][INFO] 2021-09-24 14:30:30,500: topic[/joint_states] adding connection to [/joint_state_desired_publisher], count 0
[rospy.internal][INFO] 2021-09-24 14:30:30,599: topic[/joint_states] adding connection to [/robot_state_publisher], count 1
[rospy.internal][INFO] 2021-09-24 14:31:05,735: topic[/joint_states] adding connection to [/move_group_commander_wrappers_1632461438296074202], count 2
[rospy.internal][INFO] 2021-09-24 15:01:48,278: topic[/joint_states] removing connection to /move_group_commander_wrappers_1632461438296074202
[rospy.core][INFO] 2021-09-24 15:02:59,838: signal_shutdown [signal-2]
[rospy.internal][INFO] 2021-09-24 15:02:59,841: topic[/joint_states] removing connection to /joint_state_desired_publisher
[rospy.internal][INFO] 2021-09-24 15:02:59,841: topic[/joint_states] removing connection to /robot_state_publisher
[rospy.internal][INFO] 2021-09-24 15:02:59,841: topic[/rosout] removing connection to /rosout
[rospy.internal][INFO] 2021-09-24 15:02:59,841: topic[/move_group/fake_controller_joint_states] removing connection to http://wng:38833/
[rospy.impl.masterslave][INFO] 2021-09-24 15:02:59,842: signal-2
[rospy.core][INFO] 2021-09-24 15:02:59,973: signal_shutdown [atexit]
