[rospy.client][INFO] 2021-12-14 11:30:14,780: init_node, name[/PandaMove], pid[28463]
[xmlrpc][INFO] 2021-12-14 11:30:14,780: XML-RPC server binding to 0.0.0.0:0
[xmlrpc][INFO] 2021-12-14 11:30:14,780: Started XML-RPC server [http://wng:38233/]
[rospy.init][INFO] 2021-12-14 11:30:14,781: ROS Slave URI: [http://wng:38233/]
[rospy.impl.masterslave][INFO] 2021-12-14 11:30:14,781: _ready: http://wng:38233/
[rospy.registration][INFO] 2021-12-14 11:30:14,782: Registering with master node http://localhost:11311
[xmlrpc][INFO] 2021-12-14 11:30:14,782: xml rpc node: starting XML-RPC server
[rospy.init][INFO] 2021-12-14 11:30:14,881: registered with master
[rospy.rosout][INFO] 2021-12-14 11:30:14,881: initializing /rosout core topic
[rospy.rosout][INFO] 2021-12-14 11:30:14,883: connected to core topic /rosout
[rospy.simtime][INFO] 2021-12-14 11:30:14,884: /use_sim_time is not set, will not subscribe to simulated time [/clock] topic
[rosout][INFO] 2021-12-14 11:30:14,931: pan, pan, None
[rosout][INFO] 2021-12-14 11:30:14,932: pot, pot, None
[rosout][INFO] 2021-12-14 11:30:14,932: plate, plate, None
[rosout][INFO] 2021-12-14 11:30:14,933: bowl, bowl, None
[rosout][INFO] 2021-12-14 11:30:14,934: spatula, spatula, None
[rosout][INFO] 2021-12-14 11:30:14,934: spreader, spreader, None
[rosout][INFO] 2021-12-14 11:30:14,935: scooper, scooper, None
[rosout][INFO] 2021-12-14 11:30:14,935: knife, knife, None
[rosout][INFO] 2021-12-14 11:30:14,936: table, table, None
[rosout][INFO] 2021-12-14 11:30:14,936: stove, stove, None
[rosout][INFO] 2021-12-14 11:30:14,937: cutting_board, cutting_board, None
[rosout][INFO] 2021-12-14 11:30:14,937: near_cutting_board, near_cutting_board, None
[rosout][INFO] 2021-12-14 11:30:14,938: onion, onion, ['exist']
[rosout][INFO] 2021-12-14 11:30:14,938: butter, butter, ['exist']
[rosout][INFO] 2021-12-14 11:30:14,939: lettuce, lettuce, ['exist']
[rosout][INFO] 2021-12-14 11:30:14,939: bread1, bread, ['exist']
[rosout][INFO] 2021-12-14 11:30:14,940: bread2, bread, ['exist']
[rosout][INFO] 2021-12-14 11:30:14,940: tuna, tuna, ['exist']
[rosout][INFO] 2021-12-14 11:30:14,941: sandwich, sandwich, []
[rosout][INFO] 2021-12-14 11:30:14,942: tuna_spread, tuna_spread, []
[rosout][INFO] 2021-12-14 11:30:14,942: sugar, sugar, ['exist']
[rosout][INFO] 2021-12-14 11:30:14,943: salt, salt, ['exist']
[rosout][INFO] 2021-12-14 11:30:14,944: pepper, pepper, ['exist']
[rosout][INFO] 2021-12-14 11:30:14,944: mayonnaise, mayonnaise, ['exist']
[rosout][INFO] 2021-12-14 11:30:14,945: sugar_bottle, sugar_bottle, None
[rosout][INFO] 2021-12-14 11:30:14,945: salt_bottle, salt_bottle, None
[rosout][INFO] 2021-12-14 11:30:14,946: pepper_bottle, pepper_bottle, None
[rosout][INFO] 2021-12-14 11:30:14,946: mayonnaise_bottle, mayonnaise_bottle, None
[rospy.internal][INFO] 2021-12-14 11:30:15,052: topic[/rosout] adding connection to [/rosout], count 0
[rospy.core][INFO] 2021-12-14 11:31:50,613: signal_shutdown [signal-2]
[rospy.internal][INFO] 2021-12-14 11:31:50,617: topic[/rosout] removing connection to /rosout
[rospy.impl.masterslave][INFO] 2021-12-14 11:31:50,618: signal-2
[rospy.core][INFO] 2021-12-14 11:32:05,633: signal_shutdown [signal-15]
