[rospy.client][INFO] 2021-09-06 11:42:04,367: init_node, name[/joint_state_publisher], pid[721]
[xmlrpc][INFO] 2021-09-06 11:42:04,367: XML-RPC server binding to 0.0.0.0:0
[xmlrpc][INFO] 2021-09-06 11:42:04,367: Started XML-RPC server [http://wng:35689/]
[rospy.init][INFO] 2021-09-06 11:42:04,367: ROS Slave URI: [http://wng:35689/]
[rospy.impl.masterslave][INFO] 2021-09-06 11:42:04,367: _ready: http://wng:35689/
[rospy.registration][INFO] 2021-09-06 11:42:04,368: Registering with master node http://localhost:11311
[xmlrpc][INFO] 2021-09-06 11:42:04,368: xml rpc node: starting XML-RPC server
[rospy.init][INFO] 2021-09-06 11:42:04,467: registered with master
[rospy.rosout][INFO] 2021-09-06 11:42:04,468: initializing /rosout core topic
[rospy.rosout][INFO] 2021-09-06 11:42:04,470: connected to core topic /rosout
[rospy.simtime][INFO] 2021-09-06 11:42:04,470: /use_sim_time is not set, will not subscribe to simulated time [/clock] topic
[rospy.internal][INFO] 2021-09-06 11:42:04,533: topic[/move_group/fake_controller_joint_states] adding connection to [http://wng:35831/], count 0
[rospy.internal][INFO] 2021-09-06 11:42:04,683: topic[/rosout] adding connection to [/rosout], count 0
[rospy.internal][INFO] 2021-09-06 11:42:04,784: topic[/joint_states] adding connection to [/joint_state_desired_publisher], count 0
[rospy.internal][INFO] 2021-09-06 11:42:04,883: topic[/joint_states] adding connection to [/robot_state_publisher], count 1
[rospy.internal][INFO] 2021-09-06 11:43:06,754: topic[/joint_states] adding connection to [/move_group_commander_wrappers_1630896145534821492], count 2
[rospy.core][INFO] 2021-09-06 12:13:07,932: signal_shutdown [signal-2]
[rospy.internal][INFO] 2021-09-06 12:13:07,934: topic[/joint_states] removing connection to /joint_state_desired_publisher
[rospy.internal][INFO] 2021-09-06 12:13:07,935: topic[/joint_states] removing connection to /robot_state_publisher
[rospy.internal][INFO] 2021-09-06 12:13:07,941: topic[/joint_states] removing connection to /move_group_commander_wrappers_1630896145534821492
[rospy.internal][INFO] 2021-09-06 12:13:07,941: topic[/rosout] removing connection to /rosout
[rospy.internal][INFO] 2021-09-06 12:13:07,941: topic[/move_group/fake_controller_joint_states] removing connection to http://wng:35831/
[rospy.impl.masterslave][INFO] 2021-09-06 12:13:07,942: signal-2
[rospy.core][INFO] 2021-09-06 12:13:08,057: signal_shutdown [atexit]
