[rospy.client][INFO] 2021-12-14 09:42:32,907: init_node, name[/joint_state_publisher], pid[8746]
[xmlrpc][INFO] 2021-12-14 09:42:32,907: XML-RPC server binding to 0.0.0.0:0
[xmlrpc][INFO] 2021-12-14 09:42:32,908: Started XML-RPC server [http://wng:41459/]
[rospy.init][INFO] 2021-12-14 09:42:32,908: ROS Slave URI: [http://wng:41459/]
[rospy.impl.masterslave][INFO] 2021-12-14 09:42:32,908: _ready: http://wng:41459/
[rospy.registration][INFO] 2021-12-14 09:42:32,908: Registering with master node http://localhost:11311
[xmlrpc][INFO] 2021-12-14 09:42:32,908: xml rpc node: starting XML-RPC server
[rospy.init][INFO] 2021-12-14 09:42:33,008: registered with master
[rospy.rosout][INFO] 2021-12-14 09:42:33,008: initializing /rosout core topic
[rospy.rosout][INFO] 2021-12-14 09:42:33,010: connected to core topic /rosout
[rospy.simtime][INFO] 2021-12-14 09:42:33,011: /use_sim_time is not set, will not subscribe to simulated time [/clock] topic
[rospy.internal][INFO] 2021-12-14 09:42:33,073: topic[/move_group/fake_controller_joint_states] adding connection to [http://wng:34051/], count 0
[rospy.internal][INFO] 2021-12-14 09:42:33,242: topic[/joint_states] adding connection to [/joint_state_desired_publisher], count 0
[rospy.internal][INFO] 2021-12-14 09:42:33,243: topic[/rosout] adding connection to [/rosout], count 0
[rospy.internal][INFO] 2021-12-14 09:42:33,243: topic[/joint_states] adding connection to [/robot_state_publisher], count 1
[rospy.internal][INFO] 2021-12-14 09:43:13,498: topic[/joint_states] adding connection to [/move_group_commander_wrappers_1639442566800372912], count 2
[rospy.core][INFO] 2021-12-14 09:44:51,691: signal_shutdown [signal-2]
[rospy.internal][INFO] 2021-12-14 09:44:51,697: topic[/joint_states] removing connection to /joint_state_desired_publisher
[rospy.internal][INFO] 2021-12-14 09:44:51,697: topic[/joint_states] removing connection to /robot_state_publisher
[rospy.internal][INFO] 2021-12-14 09:44:51,697: topic[/joint_states] removing connection to /move_group_commander_wrappers_1639442566800372912
[rospy.internal][INFO] 2021-12-14 09:44:51,697: topic[/rosout] removing connection to /rosout
[rospy.internal][INFO] 2021-12-14 09:44:51,698: topic[/move_group/fake_controller_joint_states] removing connection to http://wng:34051/
[rospy.internal][WARNING] 2021-12-14 09:44:51,698: Unknown error initiating TCP/IP socket to wng:37025 (http://wng:34051/): Traceback (most recent call last):
  File "/opt/ros/melodic/lib/python2.7/dist-packages/rospy/impl/tcpros_base.py", line 562, in connect
    self.read_header()
  File "/opt/ros/melodic/lib/python2.7/dist-packages/rospy/impl/tcpros_base.py", line 657, in read_header
    self._validate_header(read_ros_handshake_header(sock, self.read_buff, self.protocol.buff_size))
AttributeError: 'NoneType' object has no attribute 'buff_size'

[rospy.topics][ERROR] 2021-12-14 09:44:51,698: Traceback (most recent call last):
  File "/opt/ros/melodic/lib/python2.7/dist-packages/rospy/topics.py", line 326, in close
    c.close()
  File "/opt/ros/melodic/lib/python2.7/dist-packages/rospy/impl/tcpros_base.py", line 846, in close
    self.socket.close()
AttributeError: 'NoneType' object has no attribute 'close'

[rospy.impl.masterslave][INFO] 2021-12-14 09:44:51,699: signal-2
[rospy.core][INFO] 2021-12-14 09:44:51,830: signal_shutdown [atexit]
