[rospy.client][INFO] 2021-12-10 10:50:11,456: init_node, name[/joint_state_publisher], pid[27730]
[xmlrpc][INFO] 2021-12-10 10:50:11,456: XML-RPC server binding to 0.0.0.0:0
[xmlrpc][INFO] 2021-12-10 10:50:11,457: Started XML-RPC server [http://wng:42321/]
[rospy.init][INFO] 2021-12-10 10:50:11,457: ROS Slave URI: [http://wng:42321/]
[rospy.impl.masterslave][INFO] 2021-12-10 10:50:11,457: _ready: http://wng:42321/
[rospy.registration][INFO] 2021-12-10 10:50:11,457: Registering with master node http://localhost:11311
[xmlrpc][INFO] 2021-12-10 10:50:11,457: xml rpc node: starting XML-RPC server
[rospy.init][INFO] 2021-12-10 10:50:11,557: registered with master
[rospy.rosout][INFO] 2021-12-10 10:50:11,557: initializing /rosout core topic
[rospy.rosout][INFO] 2021-12-10 10:50:11,560: connected to core topic /rosout
[rospy.simtime][INFO] 2021-12-10 10:50:11,560: /use_sim_time is not set, will not subscribe to simulated time [/clock] topic
[rospy.internal][INFO] 2021-12-10 10:50:11,622: topic[/move_group/fake_controller_joint_states] adding connection to [http://wng:35323/], count 0
[rospy.internal][INFO] 2021-12-10 10:50:11,812: topic[/rosout] adding connection to [/rosout], count 0
[rospy.internal][INFO] 2021-12-10 10:50:11,813: topic[/joint_states] adding connection to [/joint_state_desired_publisher], count 0
[rospy.internal][INFO] 2021-12-10 10:50:11,813: topic[/joint_states] adding connection to [/robot_state_publisher], count 1
[rospy.internal][INFO] 2021-12-10 10:50:50,908: topic[/joint_states] adding connection to [/move_group_commander_wrappers_1639101020536458546], count 2
[rospy.internal][INFO] 2021-12-10 11:07:38,908: topic[/joint_states] removing connection to /move_group_commander_wrappers_1639101020536458546
[rospy.core][INFO] 2021-12-10 11:07:41,322: signal_shutdown [signal-2]
[rospy.internal][INFO] 2021-12-10 11:07:41,326: topic[/joint_states] removing connection to /joint_state_desired_publisher
[rospy.internal][INFO] 2021-12-10 11:07:41,326: topic[/joint_states] removing connection to /robot_state_publisher
[rospy.internal][INFO] 2021-12-10 11:07:41,326: topic[/rosout] removing connection to /rosout
[rospy.internal][INFO] 2021-12-10 11:07:41,327: topic[/move_group/fake_controller_joint_states] removing connection to http://wng:35323/
[rospy.impl.masterslave][INFO] 2021-12-10 11:07:41,327: signal-2
[rospy.core][INFO] 2021-12-10 11:07:41,941: signal_shutdown [atexit]
