[rospy.client][INFO] 2021-09-10 15:27:23,744: init_node, name[/joint_state_publisher], pid[462]
[xmlrpc][INFO] 2021-09-10 15:27:23,745: XML-RPC server binding to 0.0.0.0:0
[xmlrpc][INFO] 2021-09-10 15:27:23,745: Started XML-RPC server [http://wng:37579/]
[rospy.impl.masterslave][INFO] 2021-09-10 15:27:23,745: _ready: http://wng:37579/
[rospy.init][INFO] 2021-09-10 15:27:23,745: ROS Slave URI: [http://wng:37579/]
[xmlrpc][INFO] 2021-09-10 15:27:23,746: xml rpc node: starting XML-RPC server
[rospy.registration][INFO] 2021-09-10 15:27:23,746: Registering with master node http://localhost:11311
[rospy.init][INFO] 2021-09-10 15:27:23,845: registered with master
[rospy.rosout][INFO] 2021-09-10 15:27:23,846: initializing /rosout core topic
[rospy.rosout][INFO] 2021-09-10 15:27:23,848: connected to core topic /rosout
[rospy.simtime][INFO] 2021-09-10 15:27:23,848: /use_sim_time is not set, will not subscribe to simulated time [/clock] topic
[rospy.internal][INFO] 2021-09-10 15:27:23,910: topic[/move_group/fake_controller_joint_states] adding connection to [http://wng:33829/], count 0
[rospy.internal][INFO] 2021-09-10 15:27:23,986: topic[/joint_states] adding connection to [/joint_state_desired_publisher], count 0
[rospy.internal][INFO] 2021-09-10 15:27:24,086: topic[/rosout] adding connection to [/rosout], count 0
[rospy.internal][INFO] 2021-09-10 15:27:24,088: topic[/joint_states] adding connection to [/robot_state_publisher], count 1
[rospy.core][INFO] 2021-09-10 15:28:07,921: signal_shutdown [signal-2]
[rospy.internal][INFO] 2021-09-10 15:28:07,923: topic[/joint_states] removing connection to /joint_state_desired_publisher
[rospy.internal][INFO] 2021-09-10 15:28:07,923: topic[/joint_states] removing connection to /robot_state_publisher
[rospy.internal][INFO] 2021-09-10 15:28:07,924: topic[/rosout] removing connection to /rosout
[rospy.internal][INFO] 2021-09-10 15:28:07,924: topic[/move_group/fake_controller_joint_states] removing connection to http://wng:33829/
[rospy.impl.masterslave][INFO] 2021-09-10 15:28:07,924: signal-2
[rospy.core][INFO] 2021-09-10 15:28:08,026: signal_shutdown [atexit]
