[rospy.client][INFO] 2021-09-10 16:11:44,481: init_node, name[/joint_state_publisher], pid[9428]
[xmlrpc][INFO] 2021-09-10 16:11:44,481: XML-RPC server binding to 0.0.0.0:0
[xmlrpc][INFO] 2021-09-10 16:11:44,481: Started XML-RPC server [http://wng:42857/]
[rospy.init][INFO] 2021-09-10 16:11:44,482: ROS Slave URI: [http://wng:42857/]
[rospy.impl.masterslave][INFO] 2021-09-10 16:11:44,482: _ready: http://wng:42857/
[xmlrpc][INFO] 2021-09-10 16:11:44,482: xml rpc node: starting XML-RPC server
[rospy.registration][INFO] 2021-09-10 16:11:44,482: Registering with master node http://localhost:11311
[rospy.init][INFO] 2021-09-10 16:11:44,582: registered with master
[rospy.rosout][INFO] 2021-09-10 16:11:44,582: initializing /rosout core topic
[rospy.rosout][INFO] 2021-09-10 16:11:44,584: connected to core topic /rosout
[rospy.simtime][INFO] 2021-09-10 16:11:44,584: /use_sim_time is not set, will not subscribe to simulated time [/clock] topic
[rospy.internal][INFO] 2021-09-10 16:11:44,646: topic[/move_group/fake_controller_joint_states] adding connection to [http://wng:40505/], count 0
[rospy.internal][INFO] 2021-09-10 16:11:44,811: topic[/rosout] adding connection to [/rosout], count 0
[rospy.internal][INFO] 2021-09-10 16:11:44,812: topic[/joint_states] adding connection to [/joint_state_desired_publisher], count 0
[rospy.internal][INFO] 2021-09-10 16:11:44,812: topic[/joint_states] adding connection to [/robot_state_publisher], count 1
[rospy.core][INFO] 2021-09-10 16:13:37,018: signal_shutdown [signal-2]
[rospy.internal][INFO] 2021-09-10 16:13:37,020: topic[/joint_states] removing connection to /joint_state_desired_publisher
[rospy.internal][INFO] 2021-09-10 16:13:37,020: topic[/joint_states] removing connection to /robot_state_publisher
[rospy.internal][INFO] 2021-09-10 16:13:37,020: topic[/rosout] removing connection to /rosout
[rospy.internal][INFO] 2021-09-10 16:13:37,020: topic[/move_group/fake_controller_joint_states] removing connection to http://wng:40505/
[rospy.impl.masterslave][INFO] 2021-09-10 16:13:37,020: signal-2
[rospy.core][INFO] 2021-09-10 16:13:37,184: signal_shutdown [atexit]
