[rospy.client][INFO] 2021-09-09 17:19:31,448: init_node, name[/joint_state_publisher], pid[11980]
[xmlrpc][INFO] 2021-09-09 17:19:31,448: XML-RPC server binding to 0.0.0.0:0
[xmlrpc][INFO] 2021-09-09 17:19:31,449: Started XML-RPC server [http://wng:44713/]
[rospy.init][INFO] 2021-09-09 17:19:31,449: ROS Slave URI: [http://wng:44713/]
[rospy.impl.masterslave][INFO] 2021-09-09 17:19:31,449: _ready: http://wng:44713/
[rospy.registration][INFO] 2021-09-09 17:19:31,449: Registering with master node http://localhost:11311
[xmlrpc][INFO] 2021-09-09 17:19:31,449: xml rpc node: starting XML-RPC server
[rospy.init][INFO] 2021-09-09 17:19:31,549: registered with master
[rospy.rosout][INFO] 2021-09-09 17:19:31,549: initializing /rosout core topic
[rospy.rosout][INFO] 2021-09-09 17:19:31,552: connected to core topic /rosout
[rospy.simtime][INFO] 2021-09-09 17:19:31,552: /use_sim_time is not set, will not subscribe to simulated time [/clock] topic
[rospy.internal][INFO] 2021-09-09 17:19:31,614: topic[/move_group/fake_controller_joint_states] adding connection to [http://wng:33503/], count 0
[rospy.internal][INFO] 2021-09-09 17:19:31,752: topic[/rosout] adding connection to [/rosout], count 0
[rospy.internal][INFO] 2021-09-09 17:19:31,852: topic[/joint_states] adding connection to [/joint_state_desired_publisher], count 0
[rospy.internal][INFO] 2021-09-09 17:19:31,853: topic[/joint_states] adding connection to [/robot_state_publisher], count 1
[rospy.internal][INFO] 2021-09-09 17:20:19,672: topic[/joint_states] adding connection to [/move_group_commander_wrappers_1631175580632872019], count 2
[rospy.internal][INFO] 2021-09-09 17:51:46,911: topic[/joint_states] removing connection to /move_group_commander_wrappers_1631175580632872019
[rospy.core][INFO] 2021-09-09 17:52:51,517: signal_shutdown [signal-2]
[rospy.internal][INFO] 2021-09-09 17:52:51,529: topic[/joint_states] removing connection to /joint_state_desired_publisher
[rospy.internal][INFO] 2021-09-09 17:52:51,529: topic[/joint_states] removing connection to /robot_state_publisher
[rospy.internal][INFO] 2021-09-09 17:52:51,530: topic[/rosout] removing connection to /rosout
[rospy.internal][INFO] 2021-09-09 17:52:51,530: topic[/move_group/fake_controller_joint_states] removing connection to http://wng:33503/
[rospy.impl.masterslave][INFO] 2021-09-09 17:52:51,531: signal-2
[rospy.core][INFO] 2021-09-09 17:52:51,665: signal_shutdown [atexit]
