[rospy.client][INFO] 2021-11-26 12:12:37,336: init_node, name[/joint_state_publisher], pid[16213]
[xmlrpc][INFO] 2021-11-26 12:12:37,336: XML-RPC server binding to 0.0.0.0:0
[xmlrpc][INFO] 2021-11-26 12:12:37,336: Started XML-RPC server [http://wng:42133/]
[rospy.init][INFO] 2021-11-26 12:12:37,336: ROS Slave URI: [http://wng:42133/]
[rospy.impl.masterslave][INFO] 2021-11-26 12:12:37,336: _ready: http://wng:42133/
[rospy.registration][INFO] 2021-11-26 12:12:37,337: Registering with master node http://localhost:11311
[xmlrpc][INFO] 2021-11-26 12:12:37,337: xml rpc node: starting XML-RPC server
[rospy.init][INFO] 2021-11-26 12:12:37,437: registered with master
[rospy.rosout][INFO] 2021-11-26 12:12:37,437: initializing /rosout core topic
[rospy.rosout][INFO] 2021-11-26 12:12:37,438: connected to core topic /rosout
[rospy.simtime][INFO] 2021-11-26 12:12:37,439: /use_sim_time is not set, will not subscribe to simulated time [/clock] topic
[rospy.internal][INFO] 2021-11-26 12:12:37,504: topic[/move_group/fake_controller_joint_states] adding connection to [http://wng:43703/], count 0
[rospy.internal][INFO] 2021-11-26 12:12:37,719: topic[/joint_states] adding connection to [/robot_state_publisher], count 0
[rospy.internal][INFO] 2021-11-26 12:12:37,735: topic[/joint_states] adding connection to [/joint_state_desired_publisher], count 1
[rospy.internal][INFO] 2021-11-26 12:12:37,735: topic[/rosout] adding connection to [/rosout], count 0
[rospy.internal][INFO] 2021-11-26 12:13:24,189: topic[/joint_states] adding connection to [/move_group_commander_wrappers_1637896365246002213], count 2
[rospy.internal][INFO] 2021-11-26 12:46:19,959: topic[/joint_states] removing connection to /move_group_commander_wrappers_1637896365246002213
[rospy.core][INFO] 2021-11-26 12:57:34,677: signal_shutdown [signal-2]
[rospy.internal][INFO] 2021-11-26 12:57:34,680: topic[/joint_states] removing connection to /robot_state_publisher
[rospy.internal][INFO] 2021-11-26 12:57:34,680: topic[/joint_states] removing connection to /joint_state_desired_publisher
[rospy.internal][INFO] 2021-11-26 12:57:34,680: topic[/rosout] removing connection to /rosout
[rospy.internal][INFO] 2021-11-26 12:57:34,680: topic[/move_group/fake_controller_joint_states] removing connection to http://wng:43703/
[rospy.impl.masterslave][INFO] 2021-11-26 12:57:34,681: signal-2
[rospy.core][INFO] 2021-11-26 12:57:34,812: signal_shutdown [atexit]
