[rospy.client][INFO] 2021-11-26 12:12:37,900: init_node, name[/server_endpoint], pid[16211]
[xmlrpc][INFO] 2021-11-26 12:12:37,900: XML-RPC server binding to 0.0.0.0:0
[xmlrpc][INFO] 2021-11-26 12:12:37,900: Started XML-RPC server [http://wng:34251/]
[rospy.init][INFO] 2021-11-26 12:12:37,901: ROS Slave URI: [http://wng:34251/]
[rospy.impl.masterslave][INFO] 2021-11-26 12:12:37,901: _ready: http://wng:34251/
[rospy.registration][INFO] 2021-11-26 12:12:37,901: Registering with master node http://localhost:11311
[xmlrpc][INFO] 2021-11-26 12:12:37,901: xml rpc node: starting XML-RPC server
[rospy.init][INFO] 2021-11-26 12:12:38,001: registered with master
[rospy.rosout][INFO] 2021-11-26 12:12:38,001: initializing /rosout core topic
[rospy.rosout][INFO] 2021-11-26 12:12:38,002: connected to core topic /rosout
[rospy.simtime][INFO] 2021-11-26 12:12:38,002: /use_sim_time is not set, will not subscribe to simulated time [/clock] topic
[rosout][INFO] 2021-11-26 12:12:38,006: Starting server on 192.168.1.146:10000
[rospy.internal][INFO] 2021-11-26 12:12:38,217: topic[/rosout] adding connection to [/rosout], count 0
[rosout][INFO] 2021-11-26 12:12:48,775: Connection from 192.168.1.146
[rosout][INFO] 2021-11-26 12:12:48,779: RegisterPublisher(execution_check, <class 'panda_move.msg._ExecutionCheck.ExecutionCheck'>) OK
[rospy.internal][INFO] 2021-11-26 12:12:48,832: topic[/execution_check] adding connection to [http://wng:34251/], count 0
[rospy.internal][INFO] 2021-11-26 12:12:48,833: topic[/execution_check] adding connection to [/server_endpoint], count 0
[rospy.core][INFO] 2021-11-26 12:57:34,681: signal_shutdown [signal-2]
[rospy.internal][INFO] 2021-11-26 12:57:34,684: topic[/execution_check] removing connection to /server_endpoint
[rospy.internal][INFO] 2021-11-26 12:57:34,684: topic[/rosout] removing connection to /rosout
[rospy.internal][INFO] 2021-11-26 12:57:34,685: topic[/execution_check] removing connection to http://wng:34251/
[rospy.impl.masterslave][INFO] 2021-11-26 12:57:34,685: signal-2
[rospy.internal][WARNING] 2021-11-26 12:57:34,685: Unknown error initiating TCP/IP socket to wng:39077 (http://wng:34251/): Traceback (most recent call last):
  File "/opt/ros/melodic/lib/python2.7/dist-packages/rospy/impl/tcpros_base.py", line 563, in connect
    self.local_endpoint = self.socket.getsockname()
AttributeError: 'NoneType' object has no attribute 'getsockname'

[rospy.core][INFO] 2021-11-26 12:57:34,848: signal_shutdown [atexit]
