[rospy.client][INFO] 2021-09-24 11:44:40,155: init_node, name[/joint_state_publisher], pid[5720]
[xmlrpc][INFO] 2021-09-24 11:44:40,156: XML-RPC server binding to 0.0.0.0:0
[xmlrpc][INFO] 2021-09-24 11:44:40,156: Started XML-RPC server [http://wng:44651/]
[rospy.init][INFO] 2021-09-24 11:44:40,156: ROS Slave URI: [http://wng:44651/]
[rospy.impl.masterslave][INFO] 2021-09-24 11:44:40,156: _ready: http://wng:44651/
[xmlrpc][INFO] 2021-09-24 11:44:40,157: xml rpc node: starting XML-RPC server
[rospy.registration][INFO] 2021-09-24 11:44:40,157: Registering with master node http://localhost:11311
[rospy.init][INFO] 2021-09-24 11:44:40,256: registered with master
[rospy.rosout][INFO] 2021-09-24 11:44:40,256: initializing /rosout core topic
[rospy.rosout][INFO] 2021-09-24 11:44:40,259: connected to core topic /rosout
[rospy.simtime][INFO] 2021-09-24 11:44:40,259: /use_sim_time is not set, will not subscribe to simulated time [/clock] topic
[rospy.internal][INFO] 2021-09-24 11:44:40,321: topic[/move_group/fake_controller_joint_states] adding connection to [http://wng:40445/], count 0
[rospy.internal][INFO] 2021-09-24 11:44:40,531: topic[/rosout] adding connection to [/rosout], count 0
[rospy.internal][INFO] 2021-09-24 11:44:40,531: topic[/joint_states] adding connection to [/joint_state_desired_publisher], count 0
[rospy.internal][INFO] 2021-09-24 11:44:40,531: topic[/joint_states] adding connection to [/robot_state_publisher], count 1
[rospy.internal][INFO] 2021-09-24 11:45:09,137: topic[/joint_states] adding connection to [/move_group_commander_wrappers_1632451487341868849], count 2
[rospy.internal][INFO] 2021-09-24 12:08:55,374: topic[/joint_states] removing connection to /move_group_commander_wrappers_1632451487341868849
[rospy.core][INFO] 2021-09-24 12:09:01,915: signal_shutdown [signal-2]
[rospy.internal][INFO] 2021-09-24 12:09:01,918: topic[/joint_states] removing connection to /joint_state_desired_publisher
[rospy.internal][INFO] 2021-09-24 12:09:01,927: topic[/joint_states] removing connection to /robot_state_publisher
[rospy.internal][INFO] 2021-09-24 12:09:01,927: topic[/rosout] removing connection to /rosout
[rospy.internal][INFO] 2021-09-24 12:09:01,927: topic[/move_group/fake_controller_joint_states] removing connection to http://wng:40445/
[rospy.impl.masterslave][INFO] 2021-09-24 12:09:01,927: signal-2
[rospy.core][INFO] 2021-09-24 12:09:02,043: signal_shutdown [atexit]
