[rospy.client][INFO] 2021-09-24 11:44:40,639: init_node, name[/server_endpoint], pid[5717]
[xmlrpc][INFO] 2021-09-24 11:44:40,639: XML-RPC server binding to 0.0.0.0:0
[xmlrpc][INFO] 2021-09-24 11:44:40,640: Started XML-RPC server [http://wng:37687/]
[rospy.init][INFO] 2021-09-24 11:44:40,640: ROS Slave URI: [http://wng:37687/]
[rospy.impl.masterslave][INFO] 2021-09-24 11:44:40,640: _ready: http://wng:37687/
[rospy.registration][INFO] 2021-09-24 11:44:40,640: Registering with master node http://localhost:11311
[xmlrpc][INFO] 2021-09-24 11:44:40,640: xml rpc node: starting XML-RPC server
[rospy.init][INFO] 2021-09-24 11:44:40,740: registered with master
[rospy.rosout][INFO] 2021-09-24 11:44:40,740: initializing /rosout core topic
[rospy.rosout][INFO] 2021-09-24 11:44:40,741: connected to core topic /rosout
[rospy.simtime][INFO] 2021-09-24 11:44:40,742: /use_sim_time is not set, will not subscribe to simulated time [/clock] topic
[rosout][INFO] 2021-09-24 11:44:40,750: Starting server on 192.168.1.146:10000
[rospy.internal][INFO] 2021-09-24 11:44:40,934: topic[/rosout] adding connection to [/rosout], count 0
[rosout][INFO] 2021-09-24 11:44:55,997: Connection from 192.168.1.146
[rosout][INFO] 2021-09-24 11:44:56,003: RegisterPublisher(execution_check, <class 'panda_move.msg._ExecutionCheck.ExecutionCheck'>) OK
[rospy.internal][INFO] 2021-09-24 11:44:56,079: topic[/execution_check] adding connection to [http://wng:37687/], count 0
[rospy.internal][INFO] 2021-09-24 11:44:56,083: topic[/execution_check] adding connection to [/server_endpoint], count 0
[rospy.core][INFO] 2021-09-24 12:09:01,921: signal_shutdown [signal-2]
[rospy.internal][INFO] 2021-09-24 12:09:01,925: topic[/execution_check] removing connection to /server_endpoint
[rospy.internal][INFO] 2021-09-24 12:09:01,925: topic[/rosout] removing connection to /rosout
[rospy.internal][INFO] 2021-09-24 12:09:01,925: topic[/execution_check] removing connection to http://wng:37687/
[rospy.impl.masterslave][INFO] 2021-09-24 12:09:01,925: signal-2
[rospy.core][INFO] 2021-09-24 12:09:02,030: signal_shutdown [atexit]
