[rospy.client][INFO] 2021-11-24 16:04:56,682: init_node, name[/joint_state_publisher], pid[13967]
[xmlrpc][INFO] 2021-11-24 16:04:56,682: XML-RPC server binding to 0.0.0.0:0
[xmlrpc][INFO] 2021-11-24 16:04:56,683: Started XML-RPC server [http://wng:45607/]
[rospy.init][INFO] 2021-11-24 16:04:56,683: ROS Slave URI: [http://wng:45607/]
[rospy.impl.masterslave][INFO] 2021-11-24 16:04:56,683: _ready: http://wng:45607/
[rospy.registration][INFO] 2021-11-24 16:04:56,683: Registering with master node http://localhost:11311
[xmlrpc][INFO] 2021-11-24 16:04:56,683: xml rpc node: starting XML-RPC server
[rospy.init][INFO] 2021-11-24 16:04:56,783: registered with master
[rospy.rosout][INFO] 2021-11-24 16:04:56,783: initializing /rosout core topic
[rospy.rosout][INFO] 2021-11-24 16:04:56,785: connected to core topic /rosout
[rospy.simtime][INFO] 2021-11-24 16:04:56,785: /use_sim_time is not set, will not subscribe to simulated time [/clock] topic
[rospy.internal][INFO] 2021-11-24 16:04:56,848: topic[/move_group/fake_controller_joint_states] adding connection to [http://wng:45133/], count 0
[rospy.internal][INFO] 2021-11-24 16:04:56,975: topic[/rosout] adding connection to [/rosout], count 0
[rospy.internal][INFO] 2021-11-24 16:04:57,075: topic[/joint_states] adding connection to [/joint_state_desired_publisher], count 0
[rospy.internal][INFO] 2021-11-24 16:04:57,175: topic[/joint_states] adding connection to [/robot_state_publisher], count 1
[rospy.internal][INFO] 2021-11-24 16:05:47,102: topic[/joint_states] adding connection to [/move_group_commander_wrappers_1637737509648860456], count 2
[rospy.internal][INFO] 2021-11-24 16:39:40,403: topic[/joint_states] removing connection to /move_group_commander_wrappers_1637737509648860456
[rospy.core][INFO] 2021-11-24 16:39:44,257: signal_shutdown [signal-2]
[rospy.internal][INFO] 2021-11-24 16:39:44,259: topic[/joint_states] removing connection to /joint_state_desired_publisher
[rospy.internal][INFO] 2021-11-24 16:39:44,259: topic[/joint_states] removing connection to /robot_state_publisher
[rospy.internal][INFO] 2021-11-24 16:39:44,259: topic[/rosout] removing connection to /rosout
[rospy.internal][INFO] 2021-11-24 16:39:44,267: topic[/move_group/fake_controller_joint_states] removing connection to http://wng:45133/
[rospy.impl.masterslave][INFO] 2021-11-24 16:39:44,267: signal-2
[rospy.core][INFO] 2021-11-24 16:39:44,379: signal_shutdown [atexit]
