[rospy.client][INFO] 2021-11-24 16:04:57,143: init_node, name[/server_endpoint], pid[13965]
[xmlrpc][INFO] 2021-11-24 16:04:57,144: XML-RPC server binding to 0.0.0.0:0
[xmlrpc][INFO] 2021-11-24 16:04:57,144: Started XML-RPC server [http://wng:37651/]
[rospy.init][INFO] 2021-11-24 16:04:57,144: ROS Slave URI: [http://wng:37651/]
[rospy.impl.masterslave][INFO] 2021-11-24 16:04:57,144: _ready: http://wng:37651/
[xmlrpc][INFO] 2021-11-24 16:04:57,144: xml rpc node: starting XML-RPC server
[rospy.registration][INFO] 2021-11-24 16:04:57,144: Registering with master node http://localhost:11311
[rospy.init][INFO] 2021-11-24 16:04:57,244: registered with master
[rospy.rosout][INFO] 2021-11-24 16:04:57,245: initializing /rosout core topic
[rospy.rosout][INFO] 2021-11-24 16:04:57,247: connected to core topic /rosout
[rospy.simtime][INFO] 2021-11-24 16:04:57,249: /use_sim_time is not set, will not subscribe to simulated time [/clock] topic
[rosout][INFO] 2021-11-24 16:04:57,263: Starting server on 192.168.1.146:10000
[rospy.internal][INFO] 2021-11-24 16:04:57,478: topic[/rosout] adding connection to [/rosout], count 0
[rosout][INFO] 2021-11-24 16:05:21,498: Connection from 192.168.1.146
[rosout][INFO] 2021-11-24 16:05:21,502: RegisterPublisher(execution_check, <class 'panda_move.msg._ExecutionCheck.ExecutionCheck'>) OK
[rospy.internal][INFO] 2021-11-24 16:05:21,531: topic[/execution_check] adding connection to [http://wng:37651/], count 0
[rospy.internal][INFO] 2021-11-24 16:05:21,532: topic[/execution_check] adding connection to [/server_endpoint], count 0
[rospy.core][INFO] 2021-11-24 16:39:44,259: signal_shutdown [signal-2]
[rospy.internal][INFO] 2021-11-24 16:39:44,262: topic[/execution_check] removing connection to /server_endpoint
[rospy.internal][INFO] 2021-11-24 16:39:44,262: topic[/rosout] removing connection to /rosout
[rospy.internal][INFO] 2021-11-24 16:39:44,262: topic[/execution_check] removing connection to http://wng:37651/
[rospy.impl.masterslave][INFO] 2021-11-24 16:39:44,262: signal-2
[rospy.core][INFO] 2021-11-24 16:39:44,394: signal_shutdown [atexit]
