[rosmaster.main][INFO] 2022-01-11 16:41:33,412: initialization complete, waiting for shutdown
[rosmaster.main][INFO] 2022-01-11 16:41:33,412: Starting ROS Master Node
[xmlrpc][INFO] 2022-01-11 16:41:33,413: XML-RPC server binding to 0.0.0.0:11311
[xmlrpc][INFO] 2022-01-11 16:41:33,413: Started XML-RPC server [http://wng:11311/]
[rosmaster.master][INFO] 2022-01-11 16:41:33,413: Master initialized: port[11311], uri[http://wng:11311/]
[xmlrpc][INFO] 2022-01-11 16:41:33,413: xml rpc node: starting XML-RPC server
[rosmaster.master][INFO] 2022-01-11 16:41:33,436: +PARAM [/run_id] by /roslaunch
[rosmaster.master][INFO] 2022-01-11 16:41:33,437: +PARAM [/roslaunch/uris/host_wng__46857] by /roslaunch
[rosmaster.master][INFO] 2022-01-11 16:41:33,477: +PARAM [/move_group/planner_configs/RRTkConfigDefault/goal_bias] by /roslaunch
[rosmaster.master][INFO] 2022-01-11 16:41:33,477: +PARAM [/robot_description_semantic] by /roslaunch
[rosmaster.master][INFO] 2022-01-11 16:41:33,478: +PARAM [/move_group/manipulator/longest_valid_segment_fraction] by /roslaunch
[rosmaster.master][INFO] 2022-01-11 16:41:33,478: +PARAM [/robot_description_planning/joint_limits/shoulder_pan_joint/has_velocity_limits] by /roslaunch
[rosmaster.master][INFO] 2022-01-11 16:41:33,478: +PARAM [/move_group/planner_configs/RRTstarkConfigDefault/range] by /roslaunch
[rosmaster.master][INFO] 2022-01-11 16:41:33,478: +PARAM [/move_group/controller_list] by /roslaunch
[rosmaster.master][INFO] 2022-01-11 16:41:33,478: +PARAM [/move_group/max_safe_path_cost] by /roslaunch
[rosmaster.master][INFO] 2022-01-11 16:41:33,479: +SERVICE [/rosout/get_loggers] /rosout http://wng:34461/
[rosmaster.master][INFO] 2022-01-11 16:41:33,479: +PARAM [/robot_description_planning/joint_limits/shoulder_pan_joint/max_velocity] by /roslaunch
[rosmaster.master][INFO] 2022-01-11 16:41:33,479: +SERVICE [/rosout/set_logger_level] /rosout http://wng:34461/
[rosmaster.master][INFO] 2022-01-11 16:41:33,479: +PARAM [/move_group/planner_configs/RRTstarkConfigDefault/goal_bias] by /roslaunch
[rosmaster.master][INFO] 2022-01-11 16:41:33,480: +PARAM [/move_group/planning_scene_monitor/publish_planning_scene] by /roslaunch
[rosmaster.master][INFO] 2022-01-11 16:41:33,480: +PARAM [/move_group/planner_configs/PRMkConfigDefault/type] by /roslaunch
[rosmaster.master][INFO] 2022-01-11 16:41:33,480: +PARAM [/move_group/planner_configs/KPIECEkConfigDefault/min_valid_path_fraction] by /roslaunch
[rosmaster.master][INFO] 2022-01-11 16:41:33,480: +PARAM [/move_group/planner_configs/BKPIECEkConfigDefault/border_fraction] by /roslaunch
[rosmaster.master][INFO] 2022-01-11 16:41:33,480: +PUB [/rosout_agg] /rosout http://wng:34461/
[rosmaster.master][INFO] 2022-01-11 16:41:33,480: +PARAM [/move_group/planner_configs/PRMkConfigDefault/max_nearest_neighbors] by /roslaunch
[rosmaster.master][INFO] 2022-01-11 16:41:33,480: +PARAM [/move_group/planner_configs/TRRTkConfigDefault/goal_bias] by /roslaunch
[rosmaster.master][INFO] 2022-01-11 16:41:33,481: +PARAM [/robot_description_planning/joint_limits/shoulder_lift_joint/has_acceleration_limits] by /roslaunch
[rosmaster.master][INFO] 2022-01-11 16:41:33,481: +PARAM [/robot_description_planning/joint_limits/shoulder_lift_joint/max_velocity] by /roslaunch
[rosmaster.master][INFO] 2022-01-11 16:41:33,481: +PARAM [/robot_description_planning/joint_limits/wrist_1_joint/max_acceleration] by /roslaunch
[rosmaster.master][INFO] 2022-01-11 16:41:33,481: +PARAM [/move_group/planner_configs/RRTkConfigDefault/range] by /roslaunch
[rosmaster.master][INFO] 2022-01-11 16:41:33,482: +PARAM [/move_group/planner_configs/BKPIECEkConfigDefault/min_valid_path_fraction] by /roslaunch
[rosmaster.master][INFO] 2022-01-11 16:41:33,482: +SUB [/rosout] /rosout http://wng:34461/
[rosmaster.master][INFO] 2022-01-11 16:41:33,482: +PARAM [/move_group/planner_configs/SBLkConfigDefault/range] by /roslaunch
[rosmaster.master][INFO] 2022-01-11 16:41:33,482: +PARAM [/move_group/manipulator/default_planner_config] by /roslaunch
[rosmaster.master][INFO] 2022-01-11 16:41:33,482: +PARAM [/robot_description_planning/joint_limits/shoulder_pan_joint/max_acceleration] by /roslaunch
[rosmaster.master][INFO] 2022-01-11 16:41:33,482: +PARAM [/move_group/planner_configs/TRRTkConfigDefault/frountierNodeRatio] by /roslaunch
[rosmaster.master][INFO] 2022-01-11 16:41:33,482: +PARAM [/move_group/endeffector/planner_configs] by /roslaunch
[rosmaster.master][INFO] 2022-01-11 16:41:33,482: +PARAM [/move_group/moveit_controller_manager] by /roslaunch
[rosmaster.master][INFO] 2022-01-11 16:41:33,482: +PARAM [/move_group/planning_plugin] by /roslaunch
[rosmaster.master][INFO] 2022-01-11 16:41:33,482: +PARAM [/robot_description_planning/joint_limits/wrist_1_joint/max_velocity] by /roslaunch
[rosmaster.master][INFO] 2022-01-11 16:41:33,482: +PARAM [/rviz_wng_1261_327951940132407342/manipulator/kinematics_solver_timeout] by /roslaunch
[rosmaster.master][INFO] 2022-01-11 16:41:33,483: +PARAM [/robot_description_planning/joint_limits/wrist_2_joint/max_acceleration] by /roslaunch
[rosmaster.master][INFO] 2022-01-11 16:41:33,483: +PARAM [/move_group/planner_configs/RRTConnectkConfigDefault/range] by /roslaunch
[rosmaster.master][INFO] 2022-01-11 16:41:33,483: +PARAM [/move_group/planner_configs/TRRTkConfigDefault/max_states_failed] by /roslaunch
[rosmaster.master][INFO] 2022-01-11 16:41:33,483: +PARAM [/robot_description_planning/joint_limits/wrist_3_joint/max_velocity] by /roslaunch
[rosmaster.master][INFO] 2022-01-11 16:41:33,483: +PARAM [/move_group/planner_configs/ESTkConfigDefault/range] by /roslaunch
[rosmaster.master][INFO] 2022-01-11 16:41:33,483: +PARAM [/rosdistro] by /roslaunch
[rosmaster.master][INFO] 2022-01-11 16:41:33,483: +PARAM [/robot_description_planning/joint_limits/wrist_1_joint/has_acceleration_limits] by /roslaunch
[rosmaster.master][INFO] 2022-01-11 16:41:33,483: +PARAM [/move_group/planner_configs/PRMstarkConfigDefault/type] by /roslaunch
[rosmaster.master][INFO] 2022-01-11 16:41:33,483: +PARAM [/move_group/trajectory_execution/allowed_execution_duration_scaling] by /roslaunch
[rosmaster.master][INFO] 2022-01-11 16:41:33,483: +PARAM [/robot_description_planning/joint_limits/wrist_3_joint/max_acceleration] by /roslaunch
[rosmaster.master][INFO] 2022-01-11 16:41:33,483: +PARAM [/move_group/allow_trajectory_execution] by /roslaunch
[rosmaster.master][INFO] 2022-01-11 16:41:33,483: +PARAM [/ROS_IP] by /roslaunch
[rosmaster.master][INFO] 2022-01-11 16:41:33,483: +PARAM [/move_group/planner_configs/ESTkConfigDefault/type] by /roslaunch
[rosmaster.master][INFO] 2022-01-11 16:41:33,483: +PARAM [/robot_description_planning/joint_limits/wrist_3_joint/has_velocity_limits] by /roslaunch
[rosmaster.master][INFO] 2022-01-11 16:41:33,483: +PARAM [/move_group/start_state_max_bounds_error] by /roslaunch
[rosmaster.master][INFO] 2022-01-11 16:41:33,484: +PARAM [/robot_description_kinematics/manipulator/kinematics_solver_attempts] by /roslaunch
[rosmaster.master][INFO] 2022-01-11 16:41:33,484: +PARAM [/move_group/max_range] by /roslaunch
[rosmaster.master][INFO] 2022-01-11 16:41:33,484: +PARAM [/rviz_wng_1261_327951940132407342/manipulator/kinematics_solver_search_resolution] by /roslaunch
[rosmaster.master][INFO] 2022-01-11 16:41:33,484: +PARAM [/move_group/planner_configs/TRRTkConfigDefault/init_temperature] by /roslaunch
[rosmaster.master][INFO] 2022-01-11 16:41:33,484: +PARAM [/joint_state_publisher/use_gui] by /roslaunch
[rosmaster.master][INFO] 2022-01-11 16:41:33,484: +PARAM [/robot_description_planning/joint_limits/shoulder_pan_joint/has_acceleration_limits] by /roslaunch
[rosmaster.master][INFO] 2022-01-11 16:41:33,484: +PARAM [/move_group/planner_configs/BKPIECEkConfigDefault/type] by /roslaunch
[rosmaster.master][INFO] 2022-01-11 16:41:33,484: +PARAM [/robot_description_planning/joint_limits/shoulder_lift_joint/max_acceleration] by /roslaunch
[rosmaster.master][INFO] 2022-01-11 16:41:33,484: +PARAM [/move_group/planner_configs/KPIECEkConfigDefault/border_fraction] by /roslaunch
[rosmaster.master][INFO] 2022-01-11 16:41:33,484: +PARAM [/move_group/moveit_manage_controllers] by /roslaunch
[rosmaster.master][INFO] 2022-01-11 16:41:33,484: +PARAM [/robot_description_planning/joint_limits/elbow_joint/max_velocity] by /roslaunch
[rosmaster.master][INFO] 2022-01-11 16:41:33,484: +PARAM [/robot_description_kinematics/manipulator/kinematics_solver_search_resolution] by /roslaunch
[rosmaster.master][INFO] 2022-01-11 16:41:33,484: +PARAM [/robot_description_planning/joint_limits/wrist_2_joint/max_velocity] by /roslaunch
[rosmaster.master][INFO] 2022-01-11 16:41:33,484: +PARAM [/move_group/planner_configs/ESTkConfigDefault/goal_bias] by /roslaunch
[rosmaster.master][INFO] 2022-01-11 16:41:33,484: +PARAM [/move_group/planner_configs/LBKPIECEkConfigDefault/border_fraction] by /roslaunch
[rosmaster.master][INFO] 2022-01-11 16:41:33,485: +PARAM [/rviz_wng_1261_327951940132407342/manipulator/kinematics_solver] by /roslaunch
[rosmaster.master][INFO] 2022-01-11 16:41:33,485: +PARAM [/move_group/jiggle_fraction] by /roslaunch
[rosmaster.master][INFO] 2022-01-11 16:41:33,485: +PARAM [/robot_description_planning/joint_limits/shoulder_lift_joint/has_velocity_limits] by /roslaunch
[rosmaster.master][INFO] 2022-01-11 16:41:33,485: +PARAM [/move_group/planner_configs/TRRTkConfigDefault/range] by /roslaunch
[rosmaster.master][INFO] 2022-01-11 16:41:33,485: +PARAM [/move_group/planning_scene_monitor/publish_state_updates] by /roslaunch
[rosmaster.master][INFO] 2022-01-11 16:41:33,485: +PARAM [/robot_description_planning/joint_limits/elbow_joint/max_acceleration] by /roslaunch
[rosmaster.master][INFO] 2022-01-11 16:41:33,485: +PARAM [/move_group/planner_configs/TRRTkConfigDefault/temp_change_factor] by /roslaunch
[rosmaster.master][INFO] 2022-01-11 16:41:33,485: +PARAM [/robot_description_planning/joint_limits/wrist_3_joint/has_acceleration_limits] by /roslaunch
[rosmaster.master][INFO] 2022-01-11 16:41:33,485: +PARAM [/move_group/planner_configs/SBLkConfigDefault/type] by /roslaunch
[rosmaster.master][INFO] 2022-01-11 16:41:33,485: +PARAM [/move_group/planner_configs/KPIECEkConfigDefault/failed_expansion_score_factor] by /roslaunch
[rosmaster.master][INFO] 2022-01-11 16:41:33,485: +PARAM [/move_group/capabilities] by /roslaunch
[rosmaster.master][INFO] 2022-01-11 16:41:33,485: +PARAM [/move_group/planner_configs/LBKPIECEkConfigDefault/range] by /roslaunch
[rosmaster.master][INFO] 2022-01-11 16:41:33,485: +PARAM [/robot_description_kinematics/manipulator/kinematics_solver_timeout] by /roslaunch
[rosmaster.master][INFO] 2022-01-11 16:41:33,485: +PARAM [/rviz_wng_1261_327951940132407342/manipulator/kinematics_solver_attempts] by /roslaunch
[rosmaster.master][INFO] 2022-01-11 16:41:33,486: +PARAM [/move_group/planner_configs/TRRTkConfigDefault/frountier_threshold] by /roslaunch
[rosmaster.master][INFO] 2022-01-11 16:41:33,486: +PARAM [/move_group/planner_configs/KPIECEkConfigDefault/range] by /roslaunch
[rosmaster.master][INFO] 2022-01-11 16:41:33,486: +PARAM [/robot_description_planning/joint_limits/wrist_1_joint/has_velocity_limits] by /roslaunch
[rosmaster.master][INFO] 2022-01-11 16:41:33,486: +PARAM [/move_group/planner_configs/BKPIECEkConfigDefault/range] by /roslaunch
[rosmaster.master][INFO] 2022-01-11 16:41:33,486: +PARAM [/move_group/planner_configs/TRRTkConfigDefault/type] by /roslaunch
[rosmaster.master][INFO] 2022-01-11 16:41:33,486: +PARAM [/move_group/planner_configs/KPIECEkConfigDefault/goal_bias] by /roslaunch
[rosmaster.master][INFO] 2022-01-11 16:41:33,486: +PARAM [/move_group/trajectory_execution/allowed_goal_duration_margin] by /roslaunch
[rosmaster.master][INFO] 2022-01-11 16:41:33,486: +PARAM [/move_group/request_adapters] by /roslaunch
[rosmaster.master][INFO] 2022-01-11 16:41:33,486: +PARAM [/move_group/planner_configs/TRRTkConfigDefault/min_temperature] by /roslaunch
[rosmaster.master][INFO] 2022-01-11 16:41:33,486: +PARAM [/move_group/octomap_resolution] by /roslaunch
[rosmaster.master][INFO] 2022-01-11 16:41:33,486: +PARAM [/robot_description_planning/joint_limits/wrist_2_joint/has_velocity_limits] by /roslaunch
[rosmaster.master][INFO] 2022-01-11 16:41:33,486: +PARAM [/move_group/planning_scene_monitor/publish_geometry_updates] by /roslaunch
[rosmaster.master][INFO] 2022-01-11 16:41:33,486: +PARAM [/move_group/planning_scene_monitor/publish_transforms_updates] by /roslaunch
[rosmaster.master][INFO] 2022-01-11 16:41:33,487: +PARAM [/robot_description_planning/joint_limits/elbow_joint/has_acceleration_limits] by /roslaunch
[rosmaster.master][INFO] 2022-01-11 16:41:33,487: +PARAM [/move_group/planner_configs/RRTstarkConfigDefault/type] by /roslaunch
[rosmaster.master][INFO] 2022-01-11 16:41:33,487: +PARAM [/move_group/planner_configs/RRTstarkConfigDefault/delay_collision_checking] by /roslaunch
[rosmaster.master][INFO] 2022-01-11 16:41:33,487: +PARAM [/move_group/planner_configs/KPIECEkConfigDefault/type] by /roslaunch
[rosmaster.master][INFO] 2022-01-11 16:41:33,487: +PARAM [/move_group/planner_configs/RRTConnectkConfigDefault/type] by /roslaunch
[rosmaster.master][INFO] 2022-01-11 16:41:33,487: +PARAM [/move_group/manipulator/planner_configs] by /roslaunch
[rosmaster.master][INFO] 2022-01-11 16:41:33,487: +PARAM [/robot_description_kinematics/manipulator/kinematics_solver] by /roslaunch
[rosmaster.master][INFO] 2022-01-11 16:41:33,487: +PARAM [/move_group/planner_configs/BKPIECEkConfigDefault/failed_expansion_score_factor] by /roslaunch
[rosmaster.master][INFO] 2022-01-11 16:41:33,487: +PARAM [/move_group/planner_configs/LBKPIECEkConfigDefault/min_valid_path_fraction] by /roslaunch
[rosmaster.master][INFO] 2022-01-11 16:41:33,487: +PARAM [/rosversion] by /roslaunch
[rosmaster.master][INFO] 2022-01-11 16:41:33,487: +PARAM [/move_group/planner_configs/TRRTkConfigDefault/k_constant] by /roslaunch
[rosmaster.master][INFO] 2022-01-11 16:41:33,487: +PARAM [/robot_description_planning/joint_limits/wrist_2_joint/has_acceleration_limits] by /roslaunch
[rosmaster.master][INFO] 2022-01-11 16:41:33,487: +PARAM [/move_group/planner_configs/LBKPIECEkConfigDefault/type] by /roslaunch
[rosmaster.master][INFO] 2022-01-11 16:41:33,488: +PARAM [/robot_description_planning/joint_limits/elbow_joint/has_velocity_limits] by /roslaunch
[rosmaster.master][INFO] 2022-01-11 16:41:33,488: +PARAM [/move_group/planner_configs/RRTkConfigDefault/type] by /roslaunch
[rosmaster.master][INFO] 2022-01-11 16:41:33,488: +PARAM [/source_list] by /roslaunch
[rosmaster.master][INFO] 2022-01-11 16:41:33,679: -PUB [/rosout_agg] /rosout http://wng:34461/
[rosmaster.master][INFO] 2022-01-11 16:41:33,679: -SUB [/rosout] /rosout http://wng:34461/
[rosmaster.master][INFO] 2022-01-11 16:41:33,679: -SERVICE [/rosout/get_loggers] /rosout rosrpc://wng:40839
[rosmaster.master][INFO] 2022-01-11 16:41:33,680: -SERVICE [/rosout/set_logger_level] /rosout rosrpc://wng:40839
[rosmaster.main][INFO] 2022-01-11 16:41:33,719: keyboard interrupt, will exit
[rosmaster.main][INFO] 2022-01-11 16:41:33,719: stopping master...
[rospy.core][INFO] 2022-01-11 16:41:33,720: signal_shutdown [atexit]
