[rospy.client][INFO] 2021-09-06 12:21:11,767: init_node, name[/joint_state_publisher], pid[5866]
[xmlrpc][INFO] 2021-09-06 12:21:11,767: XML-RPC server binding to 0.0.0.0:0
[xmlrpc][INFO] 2021-09-06 12:21:11,767: Started XML-RPC server [http://wng:33273/]
[rospy.init][INFO] 2021-09-06 12:21:11,767: ROS Slave URI: [http://wng:33273/]
[rospy.impl.masterslave][INFO] 2021-09-06 12:21:11,768: _ready: http://wng:33273/
[rospy.registration][INFO] 2021-09-06 12:21:11,768: Registering with master node http://localhost:11311
[xmlrpc][INFO] 2021-09-06 12:21:11,768: xml rpc node: starting XML-RPC server
[rospy.init][INFO] 2021-09-06 12:21:11,868: registered with master
[rospy.rosout][INFO] 2021-09-06 12:21:11,868: initializing /rosout core topic
[rospy.rosout][INFO] 2021-09-06 12:21:11,870: connected to core topic /rosout
[rospy.simtime][INFO] 2021-09-06 12:21:11,870: /use_sim_time is not set, will not subscribe to simulated time [/clock] topic
[rospy.internal][INFO] 2021-09-06 12:21:11,933: topic[/move_group/fake_controller_joint_states] adding connection to [http://wng:33513/], count 0
[rospy.internal][INFO] 2021-09-06 12:21:12,156: topic[/rosout] adding connection to [/rosout], count 0
[rospy.internal][INFO] 2021-09-06 12:21:12,157: topic[/joint_states] adding connection to [/joint_state_desired_publisher], count 0
[rospy.internal][INFO] 2021-09-06 12:21:12,157: topic[/joint_states] adding connection to [/robot_state_publisher], count 1
[rospy.internal][INFO] 2021-09-06 12:21:46,278: topic[/joint_states] adding connection to [/move_group_commander_wrappers_1630898478422951992], count 2
[rospy.internal][INFO] 2021-09-06 12:54:53,472: topic[/joint_states] removing connection to /move_group_commander_wrappers_1630898478422951992
[rospy.core][INFO] 2021-09-06 12:55:03,749: signal_shutdown [signal-2]
[rospy.internal][INFO] 2021-09-06 12:55:03,752: topic[/joint_states] removing connection to /joint_state_desired_publisher
[rospy.internal][INFO] 2021-09-06 12:55:03,756: topic[/joint_states] removing connection to /robot_state_publisher
[rospy.internal][INFO] 2021-09-06 12:55:03,761: topic[/rosout] removing connection to /rosout
[rospy.internal][INFO] 2021-09-06 12:55:03,761: topic[/move_group/fake_controller_joint_states] removing connection to http://wng:33513/
[rospy.impl.masterslave][INFO] 2021-09-06 12:55:03,761: signal-2
[rospy.core][INFO] 2021-09-06 12:55:03,925: signal_shutdown [atexit]
