[rospy.client][INFO] 2021-09-24 09:15:19,707: init_node, name[/joint_state_publisher], pid[21418]
[xmlrpc][INFO] 2021-09-24 09:15:19,707: XML-RPC server binding to 0.0.0.0:0
[xmlrpc][INFO] 2021-09-24 09:15:19,707: Started XML-RPC server [http://wng:36991/]
[rospy.init][INFO] 2021-09-24 09:15:19,707: ROS Slave URI: [http://wng:36991/]
[rospy.impl.masterslave][INFO] 2021-09-24 09:15:19,707: _ready: http://wng:36991/
[xmlrpc][INFO] 2021-09-24 09:15:19,708: xml rpc node: starting XML-RPC server
[rospy.registration][INFO] 2021-09-24 09:15:19,708: Registering with master node http://localhost:11311
[rospy.init][INFO] 2021-09-24 09:15:19,808: registered with master
[rospy.rosout][INFO] 2021-09-24 09:15:19,808: initializing /rosout core topic
[rospy.rosout][INFO] 2021-09-24 09:15:19,810: connected to core topic /rosout
[rospy.simtime][INFO] 2021-09-24 09:15:19,811: /use_sim_time is not set, will not subscribe to simulated time [/clock] topic
[rospy.internal][INFO] 2021-09-24 09:15:19,873: topic[/move_group/fake_controller_joint_states] adding connection to [http://wng:39277/], count 0
[rospy.internal][INFO] 2021-09-24 09:15:20,087: topic[/rosout] adding connection to [/rosout], count 0
[rospy.internal][INFO] 2021-09-24 09:15:20,089: topic[/joint_states] adding connection to [/joint_state_desired_publisher], count 0
[rospy.internal][INFO] 2021-09-24 09:15:20,187: topic[/joint_states] adding connection to [/robot_state_publisher], count 1
[rospy.internal][INFO] 2021-09-24 09:16:04,851: topic[/joint_states] adding connection to [/move_group_commander_wrappers_1632442532306070970], count 2
[rospy.internal][INFO] 2021-09-24 09:54:05,826: topic[/joint_states] removing connection to /move_group_commander_wrappers_1632442532306070970
[rospy.core][INFO] 2021-09-24 09:54:21,613: signal_shutdown [signal-2]
[rospy.internal][INFO] 2021-09-24 09:54:21,616: topic[/joint_states] removing connection to /joint_state_desired_publisher
[rospy.internal][INFO] 2021-09-24 09:54:21,621: topic[/joint_states] removing connection to /robot_state_publisher
[rospy.internal][INFO] 2021-09-24 09:54:21,625: topic[/rosout] removing connection to /rosout
[rospy.internal][INFO] 2021-09-24 09:54:21,625: topic[/move_group/fake_controller_joint_states] removing connection to http://wng:39277/
[rospy.impl.masterslave][INFO] 2021-09-24 09:54:21,625: signal-2
[rospy.core][INFO] 2021-09-24 09:54:21,733: signal_shutdown [atexit]
