[rospy.client][INFO] 2021-09-24 09:15:20,182: init_node, name[/server_endpoint], pid[21416]
[xmlrpc][INFO] 2021-09-24 09:15:20,182: XML-RPC server binding to 0.0.0.0:0
[xmlrpc][INFO] 2021-09-24 09:15:20,182: Started XML-RPC server [http://wng:42433/]
[rospy.init][INFO] 2021-09-24 09:15:20,183: ROS Slave URI: [http://wng:42433/]
[rospy.impl.masterslave][INFO] 2021-09-24 09:15:20,183: _ready: http://wng:42433/
[rospy.registration][INFO] 2021-09-24 09:15:20,183: Registering with master node http://localhost:11311
[xmlrpc][INFO] 2021-09-24 09:15:20,183: xml rpc node: starting XML-RPC server
[rospy.init][INFO] 2021-09-24 09:15:20,283: registered with master
[rospy.rosout][INFO] 2021-09-24 09:15:20,283: initializing /rosout core topic
[rospy.rosout][INFO] 2021-09-24 09:15:20,284: connected to core topic /rosout
[rospy.simtime][INFO] 2021-09-24 09:15:20,284: /use_sim_time is not set, will not subscribe to simulated time [/clock] topic
[rosout][INFO] 2021-09-24 09:15:20,290: Starting server on 192.168.1.146:10000
[rospy.internal][INFO] 2021-09-24 09:15:20,491: topic[/rosout] adding connection to [/rosout], count 0
[rosout][INFO] 2021-09-24 09:15:26,794: Connection from 192.168.1.146
[rosout][INFO] 2021-09-24 09:15:26,800: RegisterPublisher(execution_check, <class 'panda_move.msg._ExecutionCheck.ExecutionCheck'>) OK
[rospy.internal][INFO] 2021-09-24 09:15:26,807: topic[/execution_check] adding connection to [http://wng:42433/], count 0
[rospy.internal][INFO] 2021-09-24 09:15:26,808: topic[/execution_check] adding connection to [/server_endpoint], count 0
[rospy.core][INFO] 2021-09-24 09:54:21,614: signal_shutdown [signal-2]
[rospy.internal][INFO] 2021-09-24 09:54:21,618: topic[/execution_check] removing connection to /server_endpoint
[rospy.internal][INFO] 2021-09-24 09:54:21,618: topic[/rosout] removing connection to /rosout
[rospy.internal][INFO] 2021-09-24 09:54:21,619: topic[/execution_check] removing connection to http://wng:42433/
[rospy.impl.masterslave][INFO] 2021-09-24 09:54:21,619: signal-2
[rospy.internal][ERROR] 2021-09-24 09:54:21,619: Unable to initiate TCP/IP socket to wng:46671 (http://wng:42433/): Traceback (most recent call last):
  File "/opt/ros/melodic/lib/python2.7/dist-packages/rospy/impl/tcpros_base.py", line 562, in connect
    self.read_header()
  File "/opt/ros/melodic/lib/python2.7/dist-packages/rospy/impl/tcpros_base.py", line 657, in read_header
    self._validate_header(read_ros_handshake_header(sock, self.read_buff, self.protocol.buff_size))
  File "/opt/ros/melodic/lib/python2.7/dist-packages/rospy/impl/tcpros_base.py", line 600, in _validate_header
    raise TransportInitError("remote error reported: %s"%header['error'])
TransportInitError: remote error reported: node shutting down

[rospy.core][INFO] 2021-09-24 09:54:21,726: signal_shutdown [atexit]
