[rospy.client][INFO] 2021-09-07 14:06:34,845: init_node, name[/joint_state_publisher], pid[26475]
[xmlrpc][INFO] 2021-09-07 14:06:34,845: XML-RPC server binding to 0.0.0.0:0
[xmlrpc][INFO] 2021-09-07 14:06:34,845: Started XML-RPC server [http://wng:35027/]
[rospy.impl.masterslave][INFO] 2021-09-07 14:06:34,845: _ready: http://wng:35027/
[rospy.init][INFO] 2021-09-07 14:06:34,846: ROS Slave URI: [http://wng:35027/]
[xmlrpc][INFO] 2021-09-07 14:06:34,846: xml rpc node: starting XML-RPC server
[rospy.registration][INFO] 2021-09-07 14:06:34,846: Registering with master node http://localhost:11311
[rospy.init][INFO] 2021-09-07 14:06:34,946: registered with master
[rospy.rosout][INFO] 2021-09-07 14:06:34,946: initializing /rosout core topic
[rospy.rosout][INFO] 2021-09-07 14:06:34,948: connected to core topic /rosout
[rospy.simtime][INFO] 2021-09-07 14:06:34,949: /use_sim_time is not set, will not subscribe to simulated time [/clock] topic
[rospy.internal][INFO] 2021-09-07 14:06:35,011: topic[/move_group/fake_controller_joint_states] adding connection to [http://wng:43295/], count 0
[rospy.internal][INFO] 2021-09-07 14:06:35,231: topic[/rosout] adding connection to [/rosout], count 0
[rospy.internal][INFO] 2021-09-07 14:06:35,232: topic[/joint_states] adding connection to [/joint_state_desired_publisher], count 0
[rospy.internal][INFO] 2021-09-07 14:06:35,232: topic[/joint_states] adding connection to [/robot_state_publisher], count 1
[rospy.internal][INFO] 2021-09-07 14:07:03,522: topic[/joint_states] adding connection to [/move_group_commander_wrappers_1630991201663322304], count 2
[rospy.internal][INFO] 2021-09-07 14:30:48,749: topic[/joint_states] removing connection to /move_group_commander_wrappers_1630991201663322304
[rospy.core][INFO] 2021-09-07 14:30:54,529: signal_shutdown [signal-2]
[rospy.internal][INFO] 2021-09-07 14:30:54,532: topic[/joint_states] removing connection to /joint_state_desired_publisher
[rospy.internal][INFO] 2021-09-07 14:30:54,535: topic[/joint_states] removing connection to /robot_state_publisher
[rospy.internal][INFO] 2021-09-07 14:30:54,537: topic[/rosout] removing connection to /rosout
[rospy.internal][WARNING] 2021-09-07 14:30:54,537: Unknown error initiating TCP/IP socket to wng:43733 (http://wng:43295/): Traceback (most recent call last):
  File "/opt/ros/melodic/lib/python2.7/dist-packages/rospy/impl/tcpros_base.py", line 562, in connect
    self.read_header()
  File "/opt/ros/melodic/lib/python2.7/dist-packages/rospy/impl/tcpros_base.py", line 657, in read_header
    self._validate_header(read_ros_handshake_header(sock, self.read_buff, self.protocol.buff_size))
AttributeError: 'NoneType' object has no attribute 'buff_size'

[rospy.internal][INFO] 2021-09-07 14:30:54,538: topic[/move_group/fake_controller_joint_states] removing connection to http://wng:43295/
[rospy.topics][ERROR] 2021-09-07 14:30:54,538: Traceback (most recent call last):
  File "/opt/ros/melodic/lib/python2.7/dist-packages/rospy/topics.py", line 326, in close
    c.close()
  File "/opt/ros/melodic/lib/python2.7/dist-packages/rospy/impl/tcpros_base.py", line 846, in close
    self.socket.close()
AttributeError: 'NoneType' object has no attribute 'close'

[rospy.impl.masterslave][INFO] 2021-09-07 14:30:54,538: signal-2
[rospy.core][INFO] 2021-09-07 14:30:54,670: signal_shutdown [atexit]
