[rospy.client][INFO] 2021-09-19 11:05:49,344: init_node, name[/joint_state_publisher], pid[10806]
[xmlrpc][INFO] 2021-09-19 11:05:49,344: XML-RPC server binding to 0.0.0.0:0
[xmlrpc][INFO] 2021-09-19 11:05:49,344: Started XML-RPC server [http://wng:32865/]
[rospy.init][INFO] 2021-09-19 11:05:49,344: ROS Slave URI: [http://wng:32865/]
[rospy.impl.masterslave][INFO] 2021-09-19 11:05:49,344: _ready: http://wng:32865/
[xmlrpc][INFO] 2021-09-19 11:05:49,345: xml rpc node: starting XML-RPC server
[rospy.registration][INFO] 2021-09-19 11:05:49,345: Registering with master node http://localhost:11311
[rospy.init][INFO] 2021-09-19 11:05:49,444: registered with master
[rospy.rosout][INFO] 2021-09-19 11:05:49,445: initializing /rosout core topic
[rospy.rosout][INFO] 2021-09-19 11:05:49,447: connected to core topic /rosout
[rospy.simtime][INFO] 2021-09-19 11:05:49,447: /use_sim_time is not set, will not subscribe to simulated time [/clock] topic
[rospy.internal][INFO] 2021-09-19 11:05:49,509: topic[/move_group/fake_controller_joint_states] adding connection to [http://wng:46235/], count 0
[rospy.internal][INFO] 2021-09-19 11:05:49,731: topic[/rosout] adding connection to [/rosout], count 0
[rospy.internal][INFO] 2021-09-19 11:05:49,732: topic[/joint_states] adding connection to [/joint_state_desired_publisher], count 0
[rospy.internal][INFO] 2021-09-19 11:05:49,732: topic[/joint_states] adding connection to [/robot_state_publisher], count 1
[rospy.internal][INFO] 2021-09-19 11:06:20,210: topic[/joint_states] adding connection to [/move_group_commander_wrappers_1632017156963393971], count 2
[rospy.internal][INFO] 2021-09-19 11:24:30,995: topic[/joint_states] removing connection to /move_group_commander_wrappers_1632017156963393971
[rospy.core][INFO] 2021-09-19 11:24:35,277: signal_shutdown [signal-2]
[rospy.internal][INFO] 2021-09-19 11:24:35,280: topic[/joint_states] removing connection to /joint_state_desired_publisher
[rospy.internal][INFO] 2021-09-19 11:24:35,284: topic[/joint_states] removing connection to /robot_state_publisher
[rospy.internal][INFO] 2021-09-19 11:24:35,289: topic[/rosout] removing connection to /rosout
[rospy.internal][INFO] 2021-09-19 11:24:35,296: topic[/move_group/fake_controller_joint_states] removing connection to http://wng:46235/
[rospy.impl.masterslave][INFO] 2021-09-19 11:24:35,296: signal-2
[rospy.core][INFO] 2021-09-19 11:24:35,428: signal_shutdown [atexit]
