[rospy.client][INFO] 2021-09-19 11:05:49,863: init_node, name[/server_endpoint], pid[10804]
[xmlrpc][INFO] 2021-09-19 11:05:49,863: XML-RPC server binding to 0.0.0.0:0
[xmlrpc][INFO] 2021-09-19 11:05:49,863: Started XML-RPC server [http://wng:39253/]
[rospy.init][INFO] 2021-09-19 11:05:49,863: ROS Slave URI: [http://wng:39253/]
[rospy.impl.masterslave][INFO] 2021-09-19 11:05:49,863: _ready: http://wng:39253/
[rospy.registration][INFO] 2021-09-19 11:05:49,864: Registering with master node http://localhost:11311
[xmlrpc][INFO] 2021-09-19 11:05:49,864: xml rpc node: starting XML-RPC server
[rospy.init][INFO] 2021-09-19 11:05:49,964: registered with master
[rospy.rosout][INFO] 2021-09-19 11:05:49,964: initializing /rosout core topic
[rospy.rosout][INFO] 2021-09-19 11:05:49,965: connected to core topic /rosout
[rospy.simtime][INFO] 2021-09-19 11:05:49,965: /use_sim_time is not set, will not subscribe to simulated time [/clock] topic
[rosout][INFO] 2021-09-19 11:05:49,973: Starting server on 192.168.1.146:10000
[rospy.internal][INFO] 2021-09-19 11:05:50,236: topic[/rosout] adding connection to [/rosout], count 0
[rosout][INFO] 2021-09-19 11:06:03,208: Connection from 192.168.1.146
[rosout][INFO] 2021-09-19 11:06:03,213: RegisterPublisher(execution_check, <class 'panda_move.msg._ExecutionCheck.ExecutionCheck'>) OK
[rospy.internal][INFO] 2021-09-19 11:06:03,299: topic[/execution_check] adding connection to [http://wng:39253/], count 0
[rospy.internal][INFO] 2021-09-19 11:06:03,300: topic[/execution_check] adding connection to [/server_endpoint], count 0
[rospy.core][INFO] 2021-09-19 11:24:35,284: signal_shutdown [signal-2]
[rospy.internal][INFO] 2021-09-19 11:24:35,288: topic[/execution_check] removing connection to /server_endpoint
[rospy.internal][INFO] 2021-09-19 11:24:35,289: topic[/rosout] removing connection to /rosout
[rospy.internal][ERROR] 2021-09-19 11:24:35,289: Unable to initiate TCP/IP socket to wng:39975 (http://wng:39253/): Traceback (most recent call last):
  File "/opt/ros/melodic/lib/python2.7/dist-packages/rospy/impl/tcpros_base.py", line 562, in connect
    self.read_header()
  File "/opt/ros/melodic/lib/python2.7/dist-packages/rospy/impl/tcpros_base.py", line 657, in read_header
    self._validate_header(read_ros_handshake_header(sock, self.read_buff, self.protocol.buff_size))
  File "/opt/ros/melodic/lib/python2.7/dist-packages/rospy/impl/tcpros_base.py", line 600, in _validate_header
    raise TransportInitError("remote error reported: %s"%header['error'])
TransportInitError: remote error reported: node shutting down

[rospy.internal][INFO] 2021-09-19 11:24:35,290: topic[/execution_check] removing connection to http://wng:39253/
[rospy.impl.masterslave][INFO] 2021-09-19 11:24:35,290: signal-2
[rospy.core][INFO] 2021-09-19 11:24:35,406: signal_shutdown [atexit]
