[rospy.client][INFO] 2021-09-23 14:21:54,644: init_node, name[/joint_state_publisher], pid[11601]
[xmlrpc][INFO] 2021-09-23 14:21:54,644: XML-RPC server binding to 0.0.0.0:0
[xmlrpc][INFO] 2021-09-23 14:21:54,645: Started XML-RPC server [http://wng:40177/]
[rospy.impl.masterslave][INFO] 2021-09-23 14:21:54,645: _ready: http://wng:40177/
[rospy.registration][INFO] 2021-09-23 14:21:54,645: Registering with master node http://localhost:11311
[xmlrpc][INFO] 2021-09-23 14:21:54,648: xml rpc node: starting XML-RPC server
[rospy.init][INFO] 2021-09-23 14:21:54,649: ROS Slave URI: [http://wng:40177/]
[rospy.init][INFO] 2021-09-23 14:21:54,649: registered with master
[rospy.rosout][INFO] 2021-09-23 14:21:54,649: initializing /rosout core topic
[rospy.rosout][INFO] 2021-09-23 14:21:54,652: connected to core topic /rosout
[rospy.simtime][INFO] 2021-09-23 14:21:54,652: /use_sim_time is not set, will not subscribe to simulated time [/clock] topic
[rospy.internal][INFO] 2021-09-23 14:21:54,705: topic[/move_group/fake_controller_joint_states] adding connection to [http://wng:34415/], count 0
[rospy.internal][INFO] 2021-09-23 14:21:54,883: topic[/rosout] adding connection to [/rosout], count 0
[rospy.internal][INFO] 2021-09-23 14:21:54,983: topic[/joint_states] adding connection to [/joint_state_desired_publisher], count 0
[rospy.internal][INFO] 2021-09-23 14:21:54,983: topic[/joint_states] adding connection to [/robot_state_publisher], count 1
[rospy.internal][INFO] 2021-09-23 14:22:33,700: topic[/joint_states] adding connection to [/move_group_commander_wrappers_1632374521075932085], count 2
[rospy.internal][INFO] 2021-09-23 14:54:08,302: topic[/joint_states] removing connection to /move_group_commander_wrappers_1632374521075932085
[rospy.core][INFO] 2021-09-23 14:54:21,945: signal_shutdown [signal-2]
[rospy.internal][INFO] 2021-09-23 14:54:21,948: topic[/joint_states] removing connection to /joint_state_desired_publisher
[rospy.internal][INFO] 2021-09-23 14:54:21,953: topic[/joint_states] removing connection to /robot_state_publisher
[rospy.internal][INFO] 2021-09-23 14:54:21,953: topic[/rosout] removing connection to /rosout
[rospy.internal][INFO] 2021-09-23 14:54:21,953: topic[/move_group/fake_controller_joint_states] removing connection to http://wng:34415/
[rospy.impl.masterslave][INFO] 2021-09-23 14:54:21,953: signal-2
[rospy.core][INFO] 2021-09-23 14:54:22,085: signal_shutdown [atexit]
