[rospy.client][INFO] 2021-11-25 12:22:58,634: init_node, name[/joint_state_publisher], pid[30809]
[xmlrpc][INFO] 2021-11-25 12:22:58,635: XML-RPC server binding to 0.0.0.0:0
[xmlrpc][INFO] 2021-11-25 12:22:58,635: Started XML-RPC server [http://wng:36721/]
[rospy.init][INFO] 2021-11-25 12:22:58,635: ROS Slave URI: [http://wng:36721/]
[rospy.impl.masterslave][INFO] 2021-11-25 12:22:58,635: _ready: http://wng:36721/
[rospy.registration][INFO] 2021-11-25 12:22:58,635: Registering with master node http://localhost:11311
[xmlrpc][INFO] 2021-11-25 12:22:58,635: xml rpc node: starting XML-RPC server
[rospy.init][INFO] 2021-11-25 12:22:58,735: registered with master
[rospy.rosout][INFO] 2021-11-25 12:22:58,735: initializing /rosout core topic
[rospy.rosout][INFO] 2021-11-25 12:22:58,737: connected to core topic /rosout
[rospy.simtime][INFO] 2021-11-25 12:22:58,737: /use_sim_time is not set, will not subscribe to simulated time [/clock] topic
[rospy.internal][INFO] 2021-11-25 12:22:58,800: topic[/move_group/fake_controller_joint_states] adding connection to [http://wng:37371/], count 0
[rospy.internal][INFO] 2021-11-25 12:22:58,887: topic[/rosout] adding connection to [/rosout], count 0
[rospy.internal][INFO] 2021-11-25 12:22:58,987: topic[/joint_states] adding connection to [/joint_state_desired_publisher], count 0
[rospy.internal][INFO] 2021-11-25 12:22:58,987: topic[/joint_states] adding connection to [/robot_state_publisher], count 1
[rospy.internal][INFO] 2021-11-25 12:23:41,731: topic[/joint_states] adding connection to [/move_group_commander_wrappers_1637810593308625608], count 2
[rospy.internal][INFO] 2021-11-25 12:55:38,253: topic[/joint_states] removing connection to /move_group_commander_wrappers_1637810593308625608
[rospy.core][INFO] 2021-11-25 12:55:40,811: signal_shutdown [signal-2]
[rospy.internal][INFO] 2021-11-25 12:55:40,813: topic[/joint_states] removing connection to /joint_state_desired_publisher
[rospy.internal][INFO] 2021-11-25 12:55:40,823: topic[/joint_states] removing connection to /robot_state_publisher
[rospy.internal][INFO] 2021-11-25 12:55:40,823: topic[/rosout] removing connection to /rosout
[rospy.internal][INFO] 2021-11-25 12:55:40,823: topic[/move_group/fake_controller_joint_states] removing connection to http://wng:37371/
[rospy.internal][WARNING] 2021-11-25 12:55:40,824: Unknown error initiating TCP/IP socket to wng:45779 (http://wng:37371/): Traceback (most recent call last):
  File "/opt/ros/melodic/lib/python2.7/dist-packages/rospy/impl/tcpros_base.py", line 562, in connect
    self.read_header()
  File "/opt/ros/melodic/lib/python2.7/dist-packages/rospy/impl/tcpros_base.py", line 657, in read_header
    self._validate_header(read_ros_handshake_header(sock, self.read_buff, self.protocol.buff_size))
AttributeError: 'NoneType' object has no attribute 'buff_size'

[rospy.topics][ERROR] 2021-11-25 12:55:40,824: Traceback (most recent call last):
  File "/opt/ros/melodic/lib/python2.7/dist-packages/rospy/topics.py", line 326, in close
    c.close()
  File "/opt/ros/melodic/lib/python2.7/dist-packages/rospy/impl/tcpros_base.py", line 846, in close
    self.socket.close()
AttributeError: 'NoneType' object has no attribute 'close'

[rospy.impl.masterslave][INFO] 2021-11-25 12:55:40,824: signal-2
[rospy.core][INFO] 2021-11-25 12:55:40,931: signal_shutdown [atexit]
