[rospy.client][INFO] 2021-09-09 14:14:23,906: init_node, name[/joint_state_publisher], pid[16612]
[xmlrpc][INFO] 2021-09-09 14:14:23,907: XML-RPC server binding to 0.0.0.0:0
[xmlrpc][INFO] 2021-09-09 14:14:23,907: Started XML-RPC server [http://wng:33891/]
[rospy.init][INFO] 2021-09-09 14:14:23,907: ROS Slave URI: [http://wng:33891/]
[rospy.impl.masterslave][INFO] 2021-09-09 14:14:23,907: _ready: http://wng:33891/
[rospy.registration][INFO] 2021-09-09 14:14:23,907: Registering with master node http://localhost:11311
[xmlrpc][INFO] 2021-09-09 14:14:23,907: xml rpc node: starting XML-RPC server
[rospy.init][INFO] 2021-09-09 14:14:24,007: registered with master
[rospy.rosout][INFO] 2021-09-09 14:14:24,007: initializing /rosout core topic
[rospy.rosout][INFO] 2021-09-09 14:14:24,010: connected to core topic /rosout
[rospy.simtime][INFO] 2021-09-09 14:14:24,010: /use_sim_time is not set, will not subscribe to simulated time [/clock] topic
[rospy.internal][INFO] 2021-09-09 14:14:24,072: topic[/move_group/fake_controller_joint_states] adding connection to [http://wng:44081/], count 0
[rospy.internal][INFO] 2021-09-09 14:14:24,264: topic[/rosout] adding connection to [/rosout], count 0
[rospy.internal][INFO] 2021-09-09 14:14:24,264: topic[/joint_states] adding connection to [/joint_state_desired_publisher], count 0
[rospy.internal][INFO] 2021-09-09 14:14:24,265: topic[/joint_states] adding connection to [/robot_state_publisher], count 1
[rospy.internal][INFO] 2021-09-09 14:15:32,407: topic[/joint_states] adding connection to [/move_group_commander_wrappers_1631164472240667268], count 2
[rospy.core][INFO] 2021-09-09 14:15:38,573: signal_shutdown [signal-2]
[rospy.internal][INFO] 2021-09-09 14:15:38,575: topic[/joint_states] removing connection to /joint_state_desired_publisher
[rospy.internal][INFO] 2021-09-09 14:15:38,575: topic[/joint_states] removing connection to /robot_state_publisher
[rospy.internal][INFO] 2021-09-09 14:15:38,581: topic[/joint_states] removing connection to /move_group_commander_wrappers_1631164472240667268
[rospy.internal][INFO] 2021-09-09 14:15:38,581: topic[/rosout] removing connection to /rosout
[rospy.internal][INFO] 2021-09-09 14:15:38,581: topic[/move_group/fake_controller_joint_states] removing connection to http://wng:44081/
[rospy.impl.masterslave][INFO] 2021-09-09 14:15:38,582: signal-2
[rospy.core][INFO] 2021-09-09 14:15:38,697: signal_shutdown [atexit]
