[rospy.client][INFO] 2021-09-09 14:14:32,267: init_node, name[/PandaMove], pid[16611]
[xmlrpc][INFO] 2021-09-09 14:14:32,267: XML-RPC server binding to 0.0.0.0:0
[xmlrpc][INFO] 2021-09-09 14:14:32,269: Started XML-RPC server [http://wng:43883/]
[rospy.impl.masterslave][INFO] 2021-09-09 14:14:32,269: _ready: http://wng:43883/
[rospy.init][INFO] 2021-09-09 14:14:32,269: ROS Slave URI: [http://wng:43883/]
[rospy.registration][INFO] 2021-09-09 14:14:32,270: Registering with master node http://localhost:11311
[xmlrpc][INFO] 2021-09-09 14:14:32,270: xml rpc node: starting XML-RPC server
[rospy.init][INFO] 2021-09-09 14:14:32,370: registered with master
[rospy.rosout][INFO] 2021-09-09 14:14:32,370: initializing /rosout core topic
[rospy.rosout][INFO] 2021-09-09 14:14:32,372: connected to core topic /rosout
[rospy.simtime][INFO] 2021-09-09 14:14:32,372: /use_sim_time is not set, will not subscribe to simulated time [/clock] topic
[rospy.internal][INFO] 2021-09-09 14:14:33,978: topic[/rosout] adding connection to [/rosout], count 0
[rospy.internal][INFO] 2021-09-09 14:14:34,001: topic[/collision_object] adding connection to [/move_group], count 0
[rospy.internal][INFO] 2021-09-09 14:14:34,009: topic[/attached_collision_object] adding connection to [/move_group], count 0
[rosout][INFO] 2021-09-09 14:14:34,010: wait for update_place_pose_state
[rospy.internal][INFO] 2021-09-09 14:14:34,029: topic[/tf_static] adding connection to [/move_group_commander_wrappers_1631164472240667268], count 0
[rospy.internal][INFO] 2021-09-09 14:14:34,089: topic[/tf_static] adding connection to [/move_group], count 1
[rospy.internal][INFO] 2021-09-09 14:14:34,120: topic[/tf_static] adding connection to [/rviz_wng_16575_3711637022514283235], count 2
[rospy.internal][INFO] 2021-09-09 14:14:34,222: topic[/action] adding connection to [/rviz_wng_16575_3711637022514283235], count 0
[rosout][INFO] 2021-09-09 14:14:34,712: pan
[rosout][INFO] 2021-09-09 14:14:34,721: wait for update_place_pose_state
[rosout][INFO] 2021-09-09 14:14:35,427: pot
[rosout][INFO] 2021-09-09 14:14:35,444: wait for update_place_pose_state
[rosout][INFO] 2021-09-09 14:14:36,153: plate
[rosout][INFO] 2021-09-09 14:14:36,161: wait for update_place_pose_state
[rosout][INFO] 2021-09-09 14:14:36,874: bowl
[rosout][INFO] 2021-09-09 14:14:36,895: wait for update_place_pose_state
[rosout][INFO] 2021-09-09 14:14:37,617: spatula
[rosout][INFO] 2021-09-09 14:14:37,625: wait for update_place_pose_state
[rosout][INFO] 2021-09-09 14:14:38,340: spreader
[rosout][INFO] 2021-09-09 14:14:38,351: wait for update_place_pose_state
[rosout][INFO] 2021-09-09 14:14:39,071: scooper
[rosout][INFO] 2021-09-09 14:14:39,078: wait for update_place_pose_state
[rosout][INFO] 2021-09-09 14:14:39,801: knife
[rosout][INFO] 2021-09-09 14:14:39,809: wait for update_place_pose_state
[rosout][INFO] 2021-09-09 14:14:40,537: cutting_board
[rosout][INFO] 2021-09-09 14:14:40,543: wait for update_place_pose_state
[rosout][INFO] 2021-09-09 14:14:41,282: bacon
[rosout][INFO] 2021-09-09 14:14:41,289: wait for update_place_pose_state
[rosout][INFO] 2021-09-09 14:14:42,020: ham
[rosout][INFO] 2021-09-09 14:14:42,024: wait for update_place_pose_state
[rosout][INFO] 2021-09-09 14:14:42,770: tomato
[rosout][INFO] 2021-09-09 14:14:42,780: wait for update_place_pose_state
[rosout][INFO] 2021-09-09 14:14:43,533: bread1
[rosout][INFO] 2021-09-09 14:14:43,537: wait for update_place_pose_state
[rosout][INFO] 2021-09-09 14:14:44,285: bread2
[rosout][INFO] 2021-09-09 14:14:44,289: wait for update_place_pose_state
[rosout][INFO] 2021-09-09 14:14:45,045: bread3
[rosout][INFO] 2021-09-09 14:14:45,051: wait for update_place_pose_state
[rosout][INFO] 2021-09-09 14:14:45,831: turkey
[rosout][INFO] 2021-09-09 14:14:45,864: wait for update_place_pose_state
[rosout][INFO] 2021-09-09 14:14:46,650: cheese
[rosout][INFO] 2021-09-09 14:14:46,653: wait for update_place_pose_state
[rosout][INFO] 2021-09-09 14:14:47,421: lettuce
[rosout][INFO] 2021-09-09 14:14:47,430: wait for update_place_pose_state
[rosout][INFO] 2021-09-09 14:14:48,183: mayonnaise_bottle
[rosout][INFO] 2021-09-09 14:14:48,191: wait for update_place_pose_state
[rosout][INFO] 2021-09-09 14:14:48,964: chopped_tomato
[rosout][INFO] 2021-09-09 14:14:48,986: wait for update_place_pose_state
[rosout][INFO] 2021-09-09 14:14:49,743: mayonnaise_1
[rosout][INFO] 2021-09-09 14:14:49,751: wait for update_place_pose_state
[rosout][INFO] 2021-09-09 14:14:50,510: mayonnaise_2
[rospy.core][INFO] 2021-09-09 14:15:38,574: signal_shutdown [signal-2]
[rospy.internal][INFO] 2021-09-09 14:15:38,576: topic[/collision_object] removing connection to /move_group
[rospy.internal][INFO] 2021-09-09 14:15:38,581: topic[/rosout] removing connection to /rosout
[rospy.internal][INFO] 2021-09-09 14:15:38,581: topic[/tf_static] removing connection to /move_group_commander_wrappers_1631164472240667268
[rospy.internal][INFO] 2021-09-09 14:15:38,581: topic[/tf_static] removing connection to /move_group
[rospy.internal][INFO] 2021-09-09 14:15:38,582: topic[/tf_static] removing connection to /rviz_wng_16575_3711637022514283235
[rospy.internal][INFO] 2021-09-09 14:15:38,582: topic[/attached_collision_object] removing connection to /move_group
[rospy.internal][INFO] 2021-09-09 14:15:38,585: topic[/action] removing connection to /rviz_wng_16575_3711637022514283235
[rospy.impl.masterslave][INFO] 2021-09-09 14:15:38,585: signal-2
[rospy.core][INFO] 2021-09-09 14:15:53,598: signal_shutdown [signal-15]
