[rosmaster.main][INFO] 2022-01-14 10:38:04,366: initialization complete, waiting for shutdown
[rosmaster.main][INFO] 2022-01-14 10:38:04,367: Starting ROS Master Node
[xmlrpc][INFO] 2022-01-14 10:38:04,369: XML-RPC server binding to 0.0.0.0:11311
[xmlrpc][INFO] 2022-01-14 10:38:04,369: Started XML-RPC server [http://wng:11311/]
[rosmaster.master][INFO] 2022-01-14 10:38:04,369: Master initialized: port[11311], uri[http://wng:11311/]
[xmlrpc][INFO] 2022-01-14 10:38:04,369: xml rpc node: starting XML-RPC server
[rosmaster.master][INFO] 2022-01-14 10:38:04,463: +PARAM [/run_id] by /roslaunch
[rosmaster.master][INFO] 2022-01-14 10:38:04,464: +PARAM [/roslaunch/uris/host_wng__45479] by /roslaunch
[rosmaster.master][INFO] 2022-01-14 10:38:04,524: +SERVICE [/rosout/get_loggers] /rosout http://wng:34125/
[rosmaster.master][INFO] 2022-01-14 10:38:04,525: +SERVICE [/rosout/set_logger_level] /rosout http://wng:34125/
[rosmaster.master][INFO] 2022-01-14 10:38:04,526: +PUB [/rosout_agg] /rosout http://wng:34125/
[rosmaster.master][INFO] 2022-01-14 10:38:04,528: +SUB [/rosout] /rosout http://wng:34125/
[rosmaster.master][INFO] 2022-01-14 10:38:04,575: +PARAM [/move_group/hardware_interface/joints] by /roslaunch
[rosmaster.master][INFO] 2022-01-14 10:38:04,575: +PARAM [/move_group/planner_configs/TRRT/temp_change_factor] by /roslaunch
[rosmaster.master][INFO] 2022-01-14 10:38:04,575: +PARAM [/move_group/planner_configs/SPARS/dense_delta_fraction] by /roslaunch
[rosmaster.master][INFO] 2022-01-14 10:38:04,576: +PARAM [/move_group/planner_configs/STRIDE/min_valid_path_fraction] by /roslaunch
[rosmaster.master][INFO] 2022-01-14 10:38:04,576: +PARAM [/robot_description_semantic] by /roslaunch
[rosmaster.master][INFO] 2022-01-14 10:38:04,576: +PARAM [/robot_description_planning/joint_limits/shoulder_pan_joint/has_velocity_limits] by /roslaunch
[rosmaster.master][INFO] 2022-01-14 10:38:04,576: +PARAM [/move_group/planner_configs/EST/type] by /roslaunch
[rosmaster.master][INFO] 2022-01-14 10:38:04,576: +PARAM [/rviz_wng_26525_2355276007076671921/arm/kinematics_solver_search_resolution] by /roslaunch
[rosmaster.master][INFO] 2022-01-14 10:38:04,576: +PARAM [/move_group/planner_configs/STRIDE/use_projected_distance] by /roslaunch
[rosmaster.master][INFO] 2022-01-14 10:38:04,576: +PARAM [/robot_description_planning/cartesian_limits/max_trans_acc] by /roslaunch
[rosmaster.master][INFO] 2022-01-14 10:38:04,576: +PARAM [/move_group/controller_list] by /roslaunch
[rosmaster.master][INFO] 2022-01-14 10:38:04,576: +PARAM [/move_group/planner_configs/TRRT/frountier_threshold] by /roslaunch
[rosmaster.master][INFO] 2022-01-14 10:38:04,576: +PARAM [/move_group/max_safe_path_cost] by /roslaunch
[rosmaster.master][INFO] 2022-01-14 10:38:04,576: +PARAM [/robot_description_planning/joint_limits/shoulder_pan_joint/max_velocity] by /roslaunch
[rosmaster.master][INFO] 2022-01-14 10:38:04,576: +PARAM [/move_group/planner_configs/STRIDE/max_degree] by /roslaunch
[rosmaster.master][INFO] 2022-01-14 10:38:04,576: +PARAM [/move_group/planner_configs/TRRT/init_temperature] by /roslaunch
[rosmaster.master][INFO] 2022-01-14 10:38:04,576: +PARAM [/move_group/planner_configs/FMT/heuristics] by /roslaunch
[rosmaster.master][INFO] 2022-01-14 10:38:04,576: +PARAM [/move_group/planning_scene_monitor/publish_planning_scene] by /roslaunch
[rosmaster.master][INFO] 2022-01-14 10:38:04,576: +PARAM [/move_group/planner_configs/BiEST/type] by /roslaunch
[rosmaster.master][INFO] 2022-01-14 10:38:04,576: +PARAM [/move_group/planner_configs/FMT/type] by /roslaunch
[rosmaster.master][INFO] 2022-01-14 10:38:04,576: +PARAM [/move_group/planner_configs/LazyPRM/type] by /roslaunch
[rosmaster.master][INFO] 2022-01-14 10:38:04,576: +PARAM [/move_group/planner_configs/BiTRRT/cost_threshold] by /roslaunch
[rosmaster.master][INFO] 2022-01-14 10:38:04,576: +PARAM [/move_group/planner_configs/EST/range] by /roslaunch
[rosmaster.master][INFO] 2022-01-14 10:38:04,576: +PARAM [/move_group/joint_state_controller/publish_rate] by /roslaunch
[rosmaster.master][INFO] 2022-01-14 10:38:04,576: +PARAM [/move_group/planner_configs/SPARStwo/max_failures] by /roslaunch
[rosmaster.master][INFO] 2022-01-14 10:38:04,577: +PARAM [/move_group/planner_configs/KPIECE/failed_expansion_score_factor] by /roslaunch
[rosmaster.master][INFO] 2022-01-14 10:38:04,577: +PARAM [/move_group/planner_configs/RRTstar/goal_bias] by /roslaunch
[rosmaster.master][INFO] 2022-01-14 10:38:04,577: +PARAM [/move_group/planner_configs/BFMT/cache_cc] by /roslaunch
[rosmaster.master][INFO] 2022-01-14 10:38:04,577: +PARAM [/robot_description_planning/joint_limits/shoulder_lift_joint/has_acceleration_limits] by /roslaunch
[rosmaster.master][INFO] 2022-01-14 10:38:04,577: +PARAM [/move_group/planner_configs/STRIDE/max_pts_per_leaf] by /roslaunch
[rosmaster.master][INFO] 2022-01-14 10:38:04,577: +PARAM [/move_group/planner_configs/BFMT/nearest_k] by /roslaunch
[rosmaster.master][INFO] 2022-01-14 10:38:04,577: +PARAM [/robot_description_planning/joint_limits/shoulder_pan_joint/max_acceleration] by /roslaunch
[rosmaster.master][INFO] 2022-01-14 10:38:04,577: +PARAM [/move_group/planner_configs/TRRT/min_temperature] by /roslaunch
[rosmaster.master][INFO] 2022-01-14 10:38:04,577: +PARAM [/move_group/sensors] by /roslaunch
[rosmaster.master][INFO] 2022-01-14 10:38:04,577: +PARAM [/move_group/planner_configs/SPARS/max_failures] by /roslaunch
[rosmaster.master][INFO] 2022-01-14 10:38:04,577: +PARAM [/rviz_wng_26525_2355276007076671921/arm/kinematics_solver] by /roslaunch
[rosmaster.master][INFO] 2022-01-14 10:38:04,577: +PARAM [/move_group/planner_configs/BFMT/heuristics] by /roslaunch
[rosmaster.master][INFO] 2022-01-14 10:38:04,577: +PARAM [/move_group/planner_configs/STRIDE/min_degree] by /roslaunch
[rosmaster.master][INFO] 2022-01-14 10:38:04,577: +PARAM [/move_group/planner_configs/BFMT/radius_multiplier] by /roslaunch
[rosmaster.master][INFO] 2022-01-14 10:38:04,577: +PARAM [/move_group/planner_configs/RRTConnect/type] by /roslaunch
[rosmaster.master][INFO] 2022-01-14 10:38:04,577: +PARAM [/robot_description_planning/cartesian_limits/max_trans_vel] by /roslaunch
[rosmaster.master][INFO] 2022-01-14 10:38:04,577: +PARAM [/robot_description_kinematics/arm/kinematics_solver_timeout] by /roslaunch
[rosmaster.master][INFO] 2022-01-14 10:38:04,577: +PARAM [/move_group/planner_configs/STRIDE/range] by /roslaunch
[rosmaster.master][INFO] 2022-01-14 10:38:04,577: +PARAM [/move_group/planner_configs/BiTRRT/temp_change_factor] by /roslaunch
[rosmaster.master][INFO] 2022-01-14 10:38:04,577: +PARAM [/move_group/moveit_controller_manager] by /roslaunch
[rosmaster.master][INFO] 2022-01-14 10:38:04,577: +PARAM [/move_group/planning_plugin] by /roslaunch
[rosmaster.master][INFO] 2022-01-14 10:38:04,578: +PARAM [/robot_description_planning/joint_limits/wrist_1_joint/max_velocity] by /roslaunch
[rosmaster.master][INFO] 2022-01-14 10:38:04,578: +PARAM [/move_group/planner_configs/BKPIECE/range] by /roslaunch
[rosmaster.master][INFO] 2022-01-14 10:38:04,578: +PARAM [/robot_description_planning/joint_limits/wrist_2_joint/max_acceleration] by /roslaunch
[rosmaster.master][INFO] 2022-01-14 10:38:04,578: +PARAM [/robot_description_planning/joint_limits/gripper_finger1_joint/max_velocity] by /roslaunch
[rosmaster.master][INFO] 2022-01-14 10:38:04,578: +PARAM [/move_group/planner_configs/SPARS/type] by /roslaunch
[rosmaster.master][INFO] 2022-01-14 10:38:04,578: +PARAM [/move_group/moveit_sim_hw_interface/joint_model_group] by /roslaunch
[rosmaster.master][INFO] 2022-01-14 10:38:04,578: +PARAM [/move_group/planner_configs/SPARStwo/sparse_delta_fraction] by /roslaunch
[rosmaster.master][INFO] 2022-01-14 10:38:04,578: +PARAM [/move_group/planner_configs/BFMT/balanced] by /roslaunch
[rosmaster.master][INFO] 2022-01-14 10:38:04,578: +PARAM [/move_group/planner_configs/TRRT/max_states_failed] by /roslaunch
[rosmaster.master][INFO] 2022-01-14 10:38:04,578: +PARAM [/robot_description_planning/joint_limits/wrist_3_joint/max_velocity] by /roslaunch
[rosmaster.master][INFO] 2022-01-14 10:38:04,578: +PARAM [/move_group/planner_configs/PDST/type] by /roslaunch
[rosmaster.master][INFO] 2022-01-14 10:38:04,578: +PARAM [/move_group/planner_configs/KPIECE/type] by /roslaunch
[rosmaster.master][INFO] 2022-01-14 10:38:04,578: +PARAM [/move_group/planner_configs/BKPIECE/border_fraction] by /roslaunch
[rosmaster.master][INFO] 2022-01-14 10:38:04,578: +PARAM [/rosdistro] by /roslaunch
[rosmaster.master][INFO] 2022-01-14 10:38:04,578: +PARAM [/move_group/planner_configs/LazyPRM/range] by /roslaunch
[rosmaster.master][INFO] 2022-01-14 10:38:04,578: +PARAM [/move_group/planner_configs/LBTRRT/epsilon] by /roslaunch
[rosmaster.master][INFO] 2022-01-14 10:38:04,578: +PARAM [/move_group/planner_configs/SPARStwo/dense_delta_fraction] by /roslaunch
[rosmaster.master][INFO] 2022-01-14 10:38:04,578: +PARAM [/robot_description_planning/joint_limits/wrist_1_joint/has_acceleration_limits] by /roslaunch
[rosmaster.master][INFO] 2022-01-14 10:38:04,578: +PARAM [/move_group/planner_configs/FMT/nearest_k] by /roslaunch
[rosmaster.master][INFO] 2022-01-14 10:38:04,578: +PARAM [/move_group/disable_capabilities] by /roslaunch
[rosmaster.master][INFO] 2022-01-14 10:38:04,578: +PARAM [/robot_description_planning/cartesian_limits/max_rot_vel] by /roslaunch
[rosmaster.master][INFO] 2022-01-14 10:38:04,578: +PARAM [/move_group/planner_configs/KPIECE/range] by /roslaunch
[rosmaster.master][INFO] 2022-01-14 10:38:04,578: +PARAM [/robot_description_planning/joint_limits/shoulder_pan_joint/has_acceleration_limits] by /roslaunch
[rosmaster.master][INFO] 2022-01-14 10:38:04,579: +PARAM [/robot_description_planning/joint_limits/shoulder_lift_joint/max_acceleration] by /roslaunch
[rosmaster.master][INFO] 2022-01-14 10:38:04,579: +PARAM [/robot_description_planning/joint_limits/wrist_3_joint/max_acceleration] by /roslaunch
[rosmaster.master][INFO] 2022-01-14 10:38:04,579: +PARAM [/move_group/planner_configs/BFMT/optimality] by /roslaunch
[rosmaster.master][INFO] 2022-01-14 10:38:04,579: +PARAM [/move_group/planner_configs/PRM/type] by /roslaunch
[rosmaster.master][INFO] 2022-01-14 10:38:04,579: +PARAM [/robot_description_planning/joint_limits/wrist_3_joint/has_velocity_limits] by /roslaunch
[rosmaster.master][INFO] 2022-01-14 10:38:04,579: +PARAM [/move_group/planner_configs/BiTRRT/type] by /roslaunch
[rosmaster.master][INFO] 2022-01-14 10:38:04,579: +PARAM [/move_group/planner_configs/BKPIECE/min_valid_path_fraction] by /roslaunch
[rosmaster.master][INFO] 2022-01-14 10:38:04,579: +PARAM [/move_group/max_range] by /roslaunch
[rosmaster.master][INFO] 2022-01-14 10:38:04,579: +PARAM [/move_group/arm/planner_configs] by /roslaunch
[rosmaster.master][INFO] 2022-01-14 10:38:04,579: +PARAM [/move_group/planner_configs/LBTRRT/type] by /roslaunch
[rosmaster.master][INFO] 2022-01-14 10:38:04,579: +PARAM [/move_group/planner_configs/RRT/range] by /roslaunch
[rosmaster.master][INFO] 2022-01-14 10:38:04,579: +PARAM [/move_group/planner_configs/SPARStwo/type] by /roslaunch
[rosmaster.master][INFO] 2022-01-14 10:38:04,579: +PARAM [/move_group/planner_configs/BKPIECE/failed_expansion_score_factor] by /roslaunch
[rosmaster.master][INFO] 2022-01-14 10:38:04,579: +PARAM [/robot_description_planning/joint_limits/gripper_finger1_joint/has_acceleration_limits] by /roslaunch
[rosmaster.master][INFO] 2022-01-14 10:38:04,579: +PARAM [/move_group/planner_configs/LBKPIECE/min_valid_path_fraction] by /roslaunch
[rosmaster.master][INFO] 2022-01-14 10:38:04,579: +PARAM [/move_group/planner_configs/SBL/type] by /roslaunch
[rosmaster.master][INFO] 2022-01-14 10:38:04,579: +PARAM [/move_group/trajectory_execution/allowed_start_tolerance] by /roslaunch
[rosmaster.master][INFO] 2022-01-14 10:38:04,579: +PARAM [/move_group/planner_configs/BFMT/num_samples] by /roslaunch
[rosmaster.master][INFO] 2022-01-14 10:38:04,579: +PARAM [/move_group/planner_configs/ProjEST/type] by /roslaunch
[rosmaster.master][INFO] 2022-01-14 10:38:04,579: +PARAM [/move_group/planner_configs/TRRT/range] by /roslaunch
[rosmaster.master][INFO] 2022-01-14 10:38:04,579: +PARAM [/move_group/planner_configs/RRTstar/range] by /roslaunch
[rosmaster.master][INFO] 2022-01-14 10:38:04,579: +PARAM [/move_group/moveit_manage_controllers] by /roslaunch
[rosmaster.master][INFO] 2022-01-14 10:38:04,579: +PARAM [/robot_description_planning/joint_limits/elbow_joint/max_velocity] by /roslaunch
[rosmaster.master][INFO] 2022-01-14 10:38:04,580: +PARAM [/move_group/planner_configs/SPARStwo/stretch_factor] by /roslaunch
[rosmaster.master][INFO] 2022-01-14 10:38:04,580: +PARAM [/robot_description_planning/joint_limits/wrist_2_joint/max_velocity] by /roslaunch
[rosmaster.master][INFO] 2022-01-14 10:38:04,580: +PARAM [/move_group/planner_configs/TRRT/goal_bias] by /roslaunch
[rosmaster.master][INFO] 2022-01-14 10:38:04,580: +PARAM [/move_group/jiggle_fraction] by /roslaunch
[rosmaster.master][INFO] 2022-01-14 10:38:04,580: +PARAM [/move_group/moveit_sim_hw_interface/joint_model_group_pose] by /roslaunch
[rosmaster.master][INFO] 2022-01-14 10:38:04,580: +PARAM [/move_group/planner_configs/FMT/radius_multiplier] by /roslaunch
[rosmaster.master][INFO] 2022-01-14 10:38:04,580: +PARAM [/robot_description_planning/joint_limits/shoulder_lift_joint/has_velocity_limits] by /roslaunch
[rosmaster.master][INFO] 2022-01-14 10:38:04,580: +PARAM [/move_group/planning_scene_monitor/publish_state_updates] by /roslaunch
[rosmaster.master][INFO] 2022-01-14 10:38:04,580: +PARAM [/rviz_wng_26525_2355276007076671921/arm/kinematics_solver_timeout] by /roslaunch
[rosmaster.master][INFO] 2022-01-14 10:38:04,580: +PARAM [/move_group/planner_configs/SPARS/sparse_delta_fraction] by /roslaunch
[rosmaster.master][INFO] 2022-01-14 10:38:04,580: +PARAM [/robot_description_planning/joint_limits/elbow_joint/max_acceleration] by /roslaunch
[rosmaster.master][INFO] 2022-01-14 10:38:04,580: +PARAM [/robot_description_planning/joint_limits/gripper_finger1_joint/max_acceleration] by /roslaunch
[rosmaster.master][INFO] 2022-01-14 10:38:04,580: +PARAM [/robot_description_planning/joint_limits/wrist_3_joint/has_acceleration_limits] by /roslaunch
[rosmaster.master][INFO] 2022-01-14 10:38:04,580: +PARAM [/move_group/planner_configs/BiTRRT/frountier_threshold] by /roslaunch
[rosmaster.master][INFO] 2022-01-14 10:38:04,580: +PARAM [/move_group/planner_configs/BFMT/extended_fmt] by /roslaunch
[rosmaster.master][INFO] 2022-01-14 10:38:04,580: +PARAM [/robot_description] by /roslaunch
[rosmaster.master][INFO] 2022-01-14 10:38:04,580: +PARAM [/move_group/capabilities] by /roslaunch
[rosmaster.master][INFO] 2022-01-14 10:38:04,580: +PARAM [/move_group/planner_configs/KPIECE/goal_bias] by /roslaunch
[rosmaster.master][INFO] 2022-01-14 10:38:04,580: +PARAM [/move_group/planner_configs/TRRT/k_constant] by /roslaunch
[rosmaster.master][INFO] 2022-01-14 10:38:04,580: +PARAM [/move_group/planner_configs/RRT/type] by /roslaunch
[rosmaster.master][INFO] 2022-01-14 10:38:04,580: +PARAM [/move_group/planner_configs/BKPIECE/type] by /roslaunch
[rosmaster.master][INFO] 2022-01-14 10:38:04,580: +PARAM [/move_group/planner_configs/LBKPIECE/range] by /roslaunch
[rosmaster.master][INFO] 2022-01-14 10:38:04,580: +PARAM [/move_group/start_state_max_bounds_error] by /roslaunch
[rosmaster.master][INFO] 2022-01-14 10:38:04,581: +PARAM [/move_group/planner_configs/BiTRRT/init_temperature] by /roslaunch
[rosmaster.master][INFO] 2022-01-14 10:38:04,581: +PARAM [/move_group/planner_configs/PRMstar/type] by /roslaunch
[rosmaster.master][INFO] 2022-01-14 10:38:04,581: +PARAM [/move_group/octomap_resolution] by /roslaunch
[rosmaster.master][INFO] 2022-01-14 10:38:04,581: +PARAM [/move_group/planner_configs/FMT/num_samples] by /roslaunch
[rosmaster.master][INFO] 2022-01-14 10:38:04,581: +PARAM [/move_group/planner_configs/LBKPIECE/type] by /roslaunch
[rosmaster.master][INFO] 2022-01-14 10:38:04,581: +PARAM [/robot_description_planning/joint_limits/wrist_1_joint/has_velocity_limits] by /roslaunch
[rosmaster.master][INFO] 2022-01-14 10:38:04,581: +PARAM [/move_group/planner_configs/BFMT/type] by /roslaunch
[rosmaster.master][INFO] 2022-01-14 10:38:04,581: +PARAM [/robot_description_planning/joint_limits/wrist_1_joint/max_acceleration] by /roslaunch
[rosmaster.master][INFO] 2022-01-14 10:38:04,581: +PARAM [/move_group/planner_configs/STRIDE/estimated_dimension] by /roslaunch
[rosmaster.master][INFO] 2022-01-14 10:38:04,581: +PARAM [/move_group/planner_configs/LazyPRMstar/type] by /roslaunch
[rosmaster.master][INFO] 2022-01-14 10:38:04,581: +PARAM [/move_group/trajectory_execution/allowed_goal_duration_margin] by /roslaunch
[rosmaster.master][INFO] 2022-01-14 10:38:04,581: +PARAM [/move_group/generic_hw_control_loop/loop_hz] by /roslaunch
[rosmaster.master][INFO] 2022-01-14 10:38:04,581: +PARAM [/move_group/planner_configs/LBTRRT/goal_bias] by /roslaunch
[rosmaster.master][INFO] 2022-01-14 10:38:04,581: +PARAM [/move_group/request_adapters] by /roslaunch
[rosmaster.master][INFO] 2022-01-14 10:38:04,581: +PARAM [/move_group/planner_configs/FMT/extended_fmt] by /roslaunch
[rosmaster.master][INFO] 2022-01-14 10:38:04,581: +PARAM [/move_group/planner_configs/ProjEST/goal_bias] by /roslaunch
[rosmaster.master][INFO] 2022-01-14 10:38:04,581: +PARAM [/move_group/planner_configs/RRTConnect/range] by /roslaunch
[rosmaster.master][INFO] 2022-01-14 10:38:04,581: +PARAM [/move_group/gripper/planner_configs] by /roslaunch
[rosmaster.master][INFO] 2022-01-14 10:38:04,581: +PARAM [/move_group/planner_configs/FMT/cache_cc] by /roslaunch
[rosmaster.master][INFO] 2022-01-14 10:38:04,581: +PARAM [/move_group/planner_configs/KPIECE/border_fraction] by /roslaunch
[rosmaster.master][INFO] 2022-01-14 10:38:04,581: +PARAM [/move_group/planner_configs/STRIDE/type] by /roslaunch
[rosmaster.master][INFO] 2022-01-14 10:38:04,581: +PARAM [/move_group/planner_configs/BiEST/range] by /roslaunch
[rosmaster.master][INFO] 2022-01-14 10:38:04,581: +PARAM [/move_group/joint_state_controller/type] by /roslaunch
[rosmaster.master][INFO] 2022-01-14 10:38:04,582: +PARAM [/robot_description_planning/joint_limits/wrist_2_joint/has_velocity_limits] by /roslaunch
[rosmaster.master][INFO] 2022-01-14 10:38:04,582: +PARAM [/move_group/planning_scene_monitor/publish_geometry_updates] by /roslaunch
[rosmaster.master][INFO] 2022-01-14 10:38:04,582: +PARAM [/move_group/planner_configs/ProjEST/range] by /roslaunch
[rosmaster.master][INFO] 2022-01-14 10:38:04,582: +PARAM [/move_group/generic_hw_control_loop/cycle_time_error_threshold] by /roslaunch
[rosmaster.master][INFO] 2022-01-14 10:38:04,582: +PARAM [/move_group/planner_configs/BiTRRT/frountier_node_ratio] by /roslaunch
[rosmaster.master][INFO] 2022-01-14 10:38:04,582: +PARAM [/robot_description_planning/joint_limits/elbow_joint/has_acceleration_limits] by /roslaunch
[rosmaster.master][INFO] 2022-01-14 10:38:04,582: +PARAM [/move_group/planner_configs/SPARS/stretch_factor] by /roslaunch
[rosmaster.master][INFO] 2022-01-14 10:38:04,582: +PARAM [/move_group/planning_scene_monitor/publish_transforms_updates] by /roslaunch
[rosmaster.master][INFO] 2022-01-14 10:38:04,582: +PARAM [/robot_description_planning/joint_limits/gripper_finger1_joint/has_velocity_limits] by /roslaunch
[rosmaster.master][INFO] 2022-01-14 10:38:04,582: +PARAM [/move_group/trajectory_execution/allowed_execution_duration_scaling] by /roslaunch
[rosmaster.master][INFO] 2022-01-14 10:38:04,582: +PARAM [/move_group/planner_configs/RRTstar/type] by /roslaunch
[rosmaster.master][INFO] 2022-01-14 10:38:04,582: +PARAM [/move_group/planner_configs/LBTRRT/range] by /roslaunch
[rosmaster.master][INFO] 2022-01-14 10:38:04,582: +PARAM [/move_group/planner_configs/LBKPIECE/border_fraction] by /roslaunch
[rosmaster.master][INFO] 2022-01-14 10:38:04,582: +PARAM [/robot_description_planning/joint_limits/shoulder_lift_joint/max_velocity] by /roslaunch
[rosmaster.master][INFO] 2022-01-14 10:38:04,582: +PARAM [/move_group/planner_configs/BiTRRT/range] by /roslaunch
[rosmaster.master][INFO] 2022-01-14 10:38:04,582: +PARAM [/robot_description_kinematics/arm/kinematics_solver] by /roslaunch
[rosmaster.master][INFO] 2022-01-14 10:38:04,582: +PARAM [/move_group/hardware_interface/sim_control_mode] by /roslaunch
[rosmaster.master][INFO] 2022-01-14 10:38:04,582: +PARAM [/rosversion] by /roslaunch
[rosmaster.master][INFO] 2022-01-14 10:38:04,582: +PARAM [/move_group/planner_configs/STRIDE/goal_bias] by /roslaunch
[rosmaster.master][INFO] 2022-01-14 10:38:04,582: +PARAM [/move_group/planner_configs/SBL/range] by /roslaunch
[rosmaster.master][INFO] 2022-01-14 10:38:04,582: +PARAM [/robot_description_planning/cartesian_limits/max_trans_dec] by /roslaunch
[rosmaster.master][INFO] 2022-01-14 10:38:04,582: +PARAM [/move_group/planner_configs/KPIECE/min_valid_path_fraction] by /roslaunch
[rosmaster.master][INFO] 2022-01-14 10:38:04,583: +PARAM [/move_group/planner_configs/RRT/goal_bias] by /roslaunch
[rosmaster.master][INFO] 2022-01-14 10:38:04,583: +PARAM [/robot_description_kinematics/arm/kinematics_solver_search_resolution] by /roslaunch
[rosmaster.master][INFO] 2022-01-14 10:38:04,583: +PARAM [/move_group/planner_configs/TRRT/type] by /roslaunch
[rosmaster.master][INFO] 2022-01-14 10:38:04,583: +PARAM [/move_group/arm/longest_valid_segment_fraction] by /roslaunch
[rosmaster.master][INFO] 2022-01-14 10:38:04,583: +PARAM [/robot_description_planning/joint_limits/wrist_2_joint/has_acceleration_limits] by /roslaunch
[rosmaster.master][INFO] 2022-01-14 10:38:04,583: +PARAM [/move_group/planner_configs/TRRT/frountierNodeRatio] by /roslaunch
[rosmaster.master][INFO] 2022-01-14 10:38:04,583: +PARAM [/move_group/planner_configs/RRTstar/delay_collision_checking] by /roslaunch
[rosmaster.master][INFO] 2022-01-14 10:38:04,583: +PARAM [/move_group/planner_configs/PRM/max_nearest_neighbors] by /roslaunch
[rosmaster.master][INFO] 2022-01-14 10:38:04,583: +PARAM [/move_group/arm/projection_evaluator] by /roslaunch
[rosmaster.master][INFO] 2022-01-14 10:38:04,583: +PARAM [/move_group/planner_configs/STRIDE/degree] by /roslaunch
[rosmaster.master][INFO] 2022-01-14 10:38:04,583: +PARAM [/move_group/planner_configs/EST/goal_bias] by /roslaunch
[rosmaster.master][INFO] 2022-01-14 10:38:04,583: +PARAM [/move_group/allow_trajectory_execution] by /roslaunch
[rosmaster.master][INFO] 2022-01-14 10:38:04,583: +PARAM [/robot_description_planning/joint_limits/elbow_joint/has_velocity_limits] by /roslaunch
[rosmaster.master][INFO] 2022-01-14 10:38:04,633: +PUB [/rosout] /move_group http://wng:39883/
[rosmaster.master][INFO] 2022-01-14 10:38:04,633: +SERVICE [/move_group/get_loggers] /move_group http://wng:39883/
[rosmaster.master][INFO] 2022-01-14 10:38:04,634: +SERVICE [/move_group/set_logger_level] /move_group http://wng:39883/
[rosmaster.master][INFO] 2022-01-14 10:38:04,636: +SUB [/tf] /move_group http://wng:39883/
[rosmaster.master][INFO] 2022-01-14 10:38:04,637: +SUB [/tf_static] /move_group http://wng:39883/
[rosmaster.master][INFO] 2022-01-14 10:38:04,641: +CACHEDPARAM [/rosout_disable_topics_generation] by /move_group
[rosmaster.master][INFO] 2022-01-14 10:38:04,668: publisherUpdate[/rosout] -> http://wng:34125/ ['http://wng:39883/']
[rosmaster.master][INFO] 2022-01-14 10:38:04,670: publisherUpdate[/rosout] -> http://wng:34125/ ['http://wng:39883/']: sec=0.00, result=[1, '', 0]
[rosmaster.master][INFO] 2022-01-14 10:38:04,714: +PUB [/rosout] /rviz_wng_26525_2355276007076671921 http://wng:40619/
[rosmaster.master][INFO] 2022-01-14 10:38:04,715: +SERVICE [/rviz_wng_26525_2355276007076671921/get_loggers] /rviz_wng_26525_2355276007076671921 http://wng:40619/
[rosmaster.master][INFO] 2022-01-14 10:38:04,716: +SERVICE [/rviz_wng_26525_2355276007076671921/set_logger_level] /rviz_wng_26525_2355276007076671921 http://wng:40619/
[rosmaster.master][INFO] 2022-01-14 10:38:04,717: +CACHEDPARAM [/rosout_disable_topics_generation] by /rviz_wng_26525_2355276007076671921
[rosmaster.master][INFO] 2022-01-14 10:38:04,769: publisherUpdate[/rosout] -> http://wng:34125/ ['http://wng:39883/', 'http://wng:40619/']
[rosmaster.master][INFO] 2022-01-14 10:38:04,770: publisherUpdate[/rosout] -> http://wng:34125/ ['http://wng:39883/', 'http://wng:40619/']: sec=0.00, result=[1, '', 0]
[rosmaster.master][INFO] 2022-01-14 10:38:04,871: +CACHEDPARAM [/rosout/omit_topics] by /rosout
[rosmaster.master][INFO] 2022-01-14 10:38:04,878: +SERVICE [/move_group/planning_scene_monitor/set_parameters] /move_group http://wng:39883/
[rosmaster.master][INFO] 2022-01-14 10:38:04,879: +PUB [/move_group/planning_scene_monitor/parameter_descriptions] /move_group http://wng:39883/
[rosmaster.master][INFO] 2022-01-14 10:38:04,879: +PUB [/move_group/planning_scene_monitor/parameter_updates] /move_group http://wng:39883/
[rosmaster.master][INFO] 2022-01-14 10:38:04,880: +PARAM [/move_group/planning_scene_monitor/publish_planning_scene] by /move_group
[rosmaster.master][INFO] 2022-01-14 10:38:04,880: +PARAM [/move_group/planning_scene_monitor/publish_planning_scene_hz] by /move_group
[rosmaster.master][INFO] 2022-01-14 10:38:04,880: +PARAM [/move_group/planning_scene_monitor/publish_geometry_updates] by /move_group
[rosmaster.master][INFO] 2022-01-14 10:38:04,880: +PARAM [/move_group/planning_scene_monitor/publish_state_updates] by /move_group
[rosmaster.master][INFO] 2022-01-14 10:38:04,880: +PARAM [/move_group/planning_scene_monitor/publish_transforms_updates] by /move_group
[rosmaster.master][INFO] 2022-01-14 10:38:04,881: +PUB [/move_group/monitored_planning_scene] /move_group http://wng:39883/
[rosmaster.master][INFO] 2022-01-14 10:38:04,881: +PARAM [/move_group/planning_scene_monitor/publish_planning_scene] by /move_group
[rosmaster.master][INFO] 2022-01-14 10:38:04,881: +PARAM [/move_group/planning_scene_monitor/publish_planning_scene_hz] by /move_group
[rosmaster.master][INFO] 2022-01-14 10:38:04,881: +PARAM [/move_group/planning_scene_monitor/publish_geometry_updates] by /move_group
[rosmaster.master][INFO] 2022-01-14 10:38:04,882: +PARAM [/move_group/planning_scene_monitor/publish_state_updates] by /move_group
[rosmaster.master][INFO] 2022-01-14 10:38:04,882: +PARAM [/move_group/planning_scene_monitor/publish_transforms_updates] by /move_group
[rosmaster.master][INFO] 2022-01-14 10:38:04,883: +SUB [/planning_scene] /move_group http://wng:39883/
[rosmaster.master][INFO] 2022-01-14 10:38:04,884: +SUB [/collision_object] /move_group http://wng:39883/
[rosmaster.master][INFO] 2022-01-14 10:38:04,884: +SUB [/planning_scene_world] /move_group http://wng:39883/
[rosmaster.master][INFO] 2022-01-14 10:38:04,890: +PUB [/move_group/filtered_cloud] /move_group http://wng:39883/
[rosmaster.master][INFO] 2022-01-14 10:38:04,891: +SERVICE [/move_group/save_map] /move_group http://wng:39883/
[rosmaster.master][INFO] 2022-01-14 10:38:04,891: +SERVICE [/move_group/load_map] /move_group http://wng:39883/
[rosmaster.master][INFO] 2022-01-14 10:38:05,153: +SUB [/head_mount_kinect/depth_registered/points] /move_group http://wng:39883/
[rosmaster.master][INFO] 2022-01-14 10:38:05,155: +SUB [/joint_states] /move_group http://wng:39883/
[rosmaster.master][INFO] 2022-01-14 10:38:05,156: +SUB [/attached_collision_object] /move_group http://wng:39883/
[rosmaster.master][INFO] 2022-01-14 10:38:05,182: +SERVICE [/move_group/ompl/set_parameters] /move_group http://wng:39883/
[rosmaster.master][INFO] 2022-01-14 10:38:05,182: +PUB [/move_group/ompl/parameter_descriptions] /move_group http://wng:39883/
[rosmaster.master][INFO] 2022-01-14 10:38:05,182: +PUB [/move_group/ompl/parameter_updates] /move_group http://wng:39883/
[rosmaster.master][INFO] 2022-01-14 10:38:05,183: +PARAM [/move_group/ompl/simplify_solutions] by /move_group
[rosmaster.master][INFO] 2022-01-14 10:38:05,183: +PARAM [/move_group/ompl/minimum_waypoint_count] by /move_group
[rosmaster.master][INFO] 2022-01-14 10:38:05,183: +PARAM [/move_group/ompl/maximum_waypoint_distance] by /move_group
[rosmaster.master][INFO] 2022-01-14 10:38:05,184: +PARAM [/move_group/ompl/link_for_exploration_tree] by /move_group
[rosmaster.master][INFO] 2022-01-14 10:38:05,184: +PARAM [/move_group/ompl/display_random_valid_states] by /move_group
[rosmaster.master][INFO] 2022-01-14 10:38:05,184: +PARAM [/move_group/ompl/simplify_solutions] by /move_group
[rosmaster.master][INFO] 2022-01-14 10:38:05,184: +PARAM [/move_group/ompl/minimum_waypoint_count] by /move_group
[rosmaster.master][INFO] 2022-01-14 10:38:05,184: +PARAM [/move_group/ompl/maximum_waypoint_distance] by /move_group
[rosmaster.master][INFO] 2022-01-14 10:38:05,184: +PARAM [/move_group/ompl/link_for_exploration_tree] by /move_group
[rosmaster.master][INFO] 2022-01-14 10:38:05,185: +PARAM [/move_group/ompl/display_random_valid_states] by /move_group
[rosmaster.master][INFO] 2022-01-14 10:38:05,188: +PUB [/move_group/display_planned_path] /move_group http://wng:39883/
[rosmaster.master][INFO] 2022-01-14 10:38:05,188: +PUB [/move_group/display_contacts] /move_group http://wng:39883/
[rosmaster.master][INFO] 2022-01-14 10:38:05,193: +SUB [/arm_controller/follow_joint_trajectory/status] /move_group http://wng:39883/
[rosmaster.master][INFO] 2022-01-14 10:38:05,194: +SUB [/arm_controller/follow_joint_trajectory/feedback] /move_group http://wng:39883/
[rosmaster.master][INFO] 2022-01-14 10:38:05,195: +SUB [/arm_controller/follow_joint_trajectory/result] /move_group http://wng:39883/
[rosmaster.master][INFO] 2022-01-14 10:38:05,196: +PUB [/arm_controller/follow_joint_trajectory/goal] /move_group http://wng:39883/
[rosmaster.master][INFO] 2022-01-14 10:38:05,196: +PUB [/arm_controller/follow_joint_trajectory/cancel] /move_group http://wng:39883/
[rosmaster.master][INFO] 2022-01-14 10:38:05,789: +SUB [/tf] /rviz_wng_26525_2355276007076671921 http://wng:40619/
[rosmaster.master][INFO] 2022-01-14 10:38:05,790: +SUB [/tf_static] /rviz_wng_26525_2355276007076671921 http://wng:40619/
[rosmaster.master][INFO] 2022-01-14 10:38:05,844: +PUB [/initialpose] /rviz_wng_26525_2355276007076671921 http://wng:40619/
[rosmaster.master][INFO] 2022-01-14 10:38:05,845: +PUB [/goal] /rviz_wng_26525_2355276007076671921 http://wng:40619/
[rosmaster.master][INFO] 2022-01-14 10:38:05,899: +PUB [/planning_scene] /rviz_wng_26525_2355276007076671921 http://wng:40619/
[rosmaster.master][INFO] 2022-01-14 10:38:05,900: +PUB [/planning_scene_world] /rviz_wng_26525_2355276007076671921 http://wng:40619/
[rosmaster.master][INFO] 2022-01-14 10:38:05,902: +SUB [/recognize_objects/status] /rviz_wng_26525_2355276007076671921 http://wng:40619/
[rosmaster.master][INFO] 2022-01-14 10:38:05,903: +SUB [/recognize_objects/feedback] /rviz_wng_26525_2355276007076671921 http://wng:40619/
[rosmaster.master][INFO] 2022-01-14 10:38:05,905: +SUB [/recognize_objects/result] /rviz_wng_26525_2355276007076671921 http://wng:40619/
[rosmaster.master][INFO] 2022-01-14 10:38:05,905: +PUB [/recognize_objects/goal] /rviz_wng_26525_2355276007076671921 http://wng:40619/
[rosmaster.master][INFO] 2022-01-14 10:38:05,905: +PUB [/recognize_objects/cancel] /rviz_wng_26525_2355276007076671921 http://wng:40619/
[rosmaster.master][INFO] 2022-01-14 10:38:05,907: +SUB [/recognized_object_array] /rviz_wng_26525_2355276007076671921 http://wng:40619/
[rosmaster.master][INFO] 2022-01-14 10:38:05,971: publisherUpdate[/planning_scene] -> http://wng:39883/ ['http://wng:40619/']
[rosmaster.master][INFO] 2022-01-14 10:38:05,972: publisherUpdate[/planning_scene] -> http://wng:39883/ ['http://wng:40619/']: sec=0.00, result=[1, '', 0]
[rosmaster.master][INFO] 2022-01-14 10:38:05,972: publisherUpdate[/planning_scene_world] -> http://wng:39883/ ['http://wng:40619/']
[rosmaster.master][INFO] 2022-01-14 10:38:05,972: publisherUpdate[/planning_scene_world] -> http://wng:39883/ ['http://wng:40619/']: sec=0.00, result=[1, '', 0]
[rosmaster.master][INFO] 2022-01-14 10:38:08,919: -SUB [/recognize_objects/status] /rviz_wng_26525_2355276007076671921 http://wng:40619/
[rosmaster.master][INFO] 2022-01-14 10:38:08,920: -PUB [/recognize_objects/cancel] /rviz_wng_26525_2355276007076671921 http://wng:40619/
[rosmaster.master][INFO] 2022-01-14 10:38:08,921: -PUB [/recognize_objects/goal] /rviz_wng_26525_2355276007076671921 http://wng:40619/
[rosmaster.master][INFO] 2022-01-14 10:38:08,921: -SUB [/recognize_objects/feedback] /rviz_wng_26525_2355276007076671921 http://wng:40619/
[rosmaster.master][INFO] 2022-01-14 10:38:08,922: -SUB [/recognize_objects/result] /rviz_wng_26525_2355276007076671921 http://wng:40619/
[rosmaster.master][INFO] 2022-01-14 10:38:08,947: +PUB [/feedback] /rviz_wng_26525_2355276007076671921 http://wng:40619/
[rosmaster.master][INFO] 2022-01-14 10:38:08,948: -PUB [/feedback] /rviz_wng_26525_2355276007076671921 http://wng:40619/
[rosmaster.master][INFO] 2022-01-14 10:38:08,948: +PUB [/feedback] /rviz_wng_26525_2355276007076671921 http://wng:40619/
[rosmaster.master][INFO] 2022-01-14 10:38:08,949: -PUB [/goal] /rviz_wng_26525_2355276007076671921 http://wng:40619/
[rosmaster.master][INFO] 2022-01-14 10:38:08,950: -PUB [/initialpose] /rviz_wng_26525_2355276007076671921 http://wng:40619/
[rosmaster.master][INFO] 2022-01-14 10:38:09,012: +SERVICE [/rviz_wng_26525_2355276007076671921/reload_shaders] /rviz_wng_26525_2355276007076671921 http://wng:40619/
[rosmaster.master][INFO] 2022-01-14 10:38:09,013: +SERVICE [/rviz_wng_26525_2355276007076671921/load_config] /rviz_wng_26525_2355276007076671921 http://wng:40619/
[rosmaster.master][INFO] 2022-01-14 10:38:09,014: +SERVICE [/rviz_wng_26525_2355276007076671921/save_config] /rviz_wng_26525_2355276007076671921 http://wng:40619/
[rosmaster.master][INFO] 2022-01-14 10:38:09,217: +SERVICE [/rviz_wng_26525_2355276007076671921/motionplanning_planning_scene_monitor/set_parameters] /rviz_wng_26525_2355276007076671921 http://wng:40619/
[rosmaster.master][INFO] 2022-01-14 10:38:09,217: +PUB [/rviz_wng_26525_2355276007076671921/motionplanning_planning_scene_monitor/parameter_descriptions] /rviz_wng_26525_2355276007076671921 http://wng:40619/
[rosmaster.master][INFO] 2022-01-14 10:38:09,217: +PUB [/rviz_wng_26525_2355276007076671921/motionplanning_planning_scene_monitor/parameter_updates] /rviz_wng_26525_2355276007076671921 http://wng:40619/
[rosmaster.master][INFO] 2022-01-14 10:38:09,218: +PARAM [/rviz_wng_26525_2355276007076671921/motionplanning_planning_scene_monitor/publish_planning_scene] by /rviz_wng_26525_2355276007076671921
[rosmaster.master][INFO] 2022-01-14 10:38:09,219: +PARAM [/rviz_wng_26525_2355276007076671921/motionplanning_planning_scene_monitor/publish_planning_scene_hz] by /rviz_wng_26525_2355276007076671921
[rosmaster.master][INFO] 2022-01-14 10:38:09,219: +PARAM [/rviz_wng_26525_2355276007076671921/motionplanning_planning_scene_monitor/publish_geometry_updates] by /rviz_wng_26525_2355276007076671921
[rosmaster.master][INFO] 2022-01-14 10:38:09,219: +PARAM [/rviz_wng_26525_2355276007076671921/motionplanning_planning_scene_monitor/publish_state_updates] by /rviz_wng_26525_2355276007076671921
[rosmaster.master][INFO] 2022-01-14 10:38:09,219: +PARAM [/rviz_wng_26525_2355276007076671921/motionplanning_planning_scene_monitor/publish_transforms_updates] by /rviz_wng_26525_2355276007076671921
[rosmaster.master][INFO] 2022-01-14 10:38:09,219: +PARAM [/rviz_wng_26525_2355276007076671921/motionplanning_planning_scene_monitor/publish_planning_scene] by /rviz_wng_26525_2355276007076671921
[rosmaster.master][INFO] 2022-01-14 10:38:09,220: +PARAM [/rviz_wng_26525_2355276007076671921/motionplanning_planning_scene_monitor/publish_planning_scene_hz] by /rviz_wng_26525_2355276007076671921
[rosmaster.master][INFO] 2022-01-14 10:38:09,220: +PARAM [/rviz_wng_26525_2355276007076671921/motionplanning_planning_scene_monitor/publish_geometry_updates] by /rviz_wng_26525_2355276007076671921
[rosmaster.master][INFO] 2022-01-14 10:38:09,220: +PARAM [/rviz_wng_26525_2355276007076671921/motionplanning_planning_scene_monitor/publish_state_updates] by /rviz_wng_26525_2355276007076671921
[rosmaster.master][INFO] 2022-01-14 10:38:09,220: +PARAM [/rviz_wng_26525_2355276007076671921/motionplanning_planning_scene_monitor/publish_transforms_updates] by /rviz_wng_26525_2355276007076671921
[rosmaster.master][INFO] 2022-01-14 10:38:09,235: +SUB [/move_group/monitored_planning_scene] /rviz_wng_26525_2355276007076671921 http://wng:40619/
[rosmaster.master][INFO] 2022-01-14 10:38:09,573: +SUB [/move_group/display_planned_path] /rviz_wng_26525_2355276007076671921 http://wng:40619/
[rosmaster.master][INFO] 2022-01-14 10:38:09,573: +PUB [/rviz_moveit_motion_planning_display/robot_interaction_interactive_marker_topic/update_full] /rviz_wng_26525_2355276007076671921 http://wng:40619/
[rosmaster.master][INFO] 2022-01-14 10:38:09,574: +PUB [/rviz_moveit_motion_planning_display/robot_interaction_interactive_marker_topic/update] /rviz_wng_26525_2355276007076671921 http://wng:40619/
[rosmaster.master][INFO] 2022-01-14 10:38:09,575: +SUB [/rviz_moveit_motion_planning_display/robot_interaction_interactive_marker_topic/feedback] /rviz_wng_26525_2355276007076671921 http://wng:40619/
[rosmaster.master][INFO] 2022-01-14 10:38:09,575: -PUB [/feedback] /rviz_wng_26525_2355276007076671921 http://wng:40619/
[rosmaster.master][INFO] 2022-01-14 10:38:09,577: +SUB [/rviz_moveit_motion_planning_display/robot_interaction_interactive_marker_topic/update] /rviz_wng_26525_2355276007076671921 http://wng:40619/
[rosmaster.master][INFO] 2022-01-14 10:38:09,579: +SUB [/rviz_moveit_motion_planning_display/robot_interaction_interactive_marker_topic/update_full] /rviz_wng_26525_2355276007076671921 http://wng:40619/
[rosmaster.master][INFO] 2022-01-14 10:38:09,579: +PUB [/rviz_moveit_motion_planning_display/robot_interaction_interactive_marker_topic/feedback] /rviz_wng_26525_2355276007076671921 http://wng:40619/
[rosmaster.master][INFO] 2022-01-14 10:38:09,677: publisherUpdate[/rviz_moveit_motion_planning_display/robot_interaction_interactive_marker_topic/feedback] -> http://wng:40619/ ['http://wng:40619/']
[rosmaster.master][INFO] 2022-01-14 10:38:09,678: publisherUpdate[/rviz_moveit_motion_planning_display/robot_interaction_interactive_marker_topic/feedback] -> http://wng:40619/ ['http://wng:40619/']: sec=0.00, result=[1, '', 0]
[rosmaster.master][INFO] 2022-01-14 10:38:10,122: -SUB [/rviz_moveit_motion_planning_display/robot_interaction_interactive_marker_topic/update_full] /rviz_wng_26525_2355276007076671921 http://wng:40619/
[rosmaster.master][INFO] 2022-01-14 10:38:14,596: +PUB [/trajectory_execution_event] /rviz_wng_26525_2355276007076671921 http://wng:40619/
[rosmaster.master][INFO] 2022-01-14 10:38:14,596: +PUB [/attached_collision_object] /rviz_wng_26525_2355276007076671921 http://wng:40619/
[rosmaster.master][INFO] 2022-01-14 10:38:14,598: +SUB [/move_group/status] /rviz_wng_26525_2355276007076671921 http://wng:40619/
[rosmaster.master][INFO] 2022-01-14 10:38:14,599: +SUB [/move_group/feedback] /rviz_wng_26525_2355276007076671921 http://wng:40619/
[rosmaster.master][INFO] 2022-01-14 10:38:14,600: +SUB [/move_group/result] /rviz_wng_26525_2355276007076671921 http://wng:40619/
[rosmaster.master][INFO] 2022-01-14 10:38:14,600: +PUB [/move_group/goal] /rviz_wng_26525_2355276007076671921 http://wng:40619/
[rosmaster.master][INFO] 2022-01-14 10:38:14,600: +PUB [/move_group/cancel] /rviz_wng_26525_2355276007076671921 http://wng:40619/
[rosmaster.master][INFO] 2022-01-14 10:38:14,684: publisherUpdate[/attached_collision_object] -> http://wng:39883/ ['http://wng:40619/']
[rosmaster.master][INFO] 2022-01-14 10:38:14,685: publisherUpdate[/attached_collision_object] -> http://wng:39883/ ['http://wng:40619/']: sec=0.00, result=[1, '', 0]
[rosmaster.master][INFO] 2022-01-14 10:38:22,204: -SUB [/arm_controller/follow_joint_trajectory/status] /move_group http://wng:39883/
[rosmaster.master][INFO] 2022-01-14 10:38:22,205: -PUB [/arm_controller/follow_joint_trajectory/cancel] /move_group http://wng:39883/
[rosmaster.master][INFO] 2022-01-14 10:38:22,205: -PUB [/arm_controller/follow_joint_trajectory/goal] /move_group http://wng:39883/
[rosmaster.master][INFO] 2022-01-14 10:38:22,205: -SUB [/arm_controller/follow_joint_trajectory/feedback] /move_group http://wng:39883/
[rosmaster.master][INFO] 2022-01-14 10:38:22,206: -SUB [/arm_controller/follow_joint_trajectory/result] /move_group http://wng:39883/
[rosmaster.master][INFO] 2022-01-14 10:38:22,208: +SUB [/gripper_controller/follow_joint_trajectory/status] /move_group http://wng:39883/
[rosmaster.master][INFO] 2022-01-14 10:38:22,209: +SUB [/gripper_controller/follow_joint_trajectory/feedback] /move_group http://wng:39883/
[rosmaster.master][INFO] 2022-01-14 10:38:22,210: +SUB [/gripper_controller/follow_joint_trajectory/result] /move_group http://wng:39883/
[rosmaster.master][INFO] 2022-01-14 10:38:22,210: +PUB [/gripper_controller/follow_joint_trajectory/goal] /move_group http://wng:39883/
[rosmaster.master][INFO] 2022-01-14 10:38:22,211: +PUB [/gripper_controller/follow_joint_trajectory/cancel] /move_group http://wng:39883/
[rosmaster.master][INFO] 2022-01-14 10:38:39,218: -SUB [/gripper_controller/follow_joint_trajectory/status] /move_group http://wng:39883/
[rosmaster.master][INFO] 2022-01-14 10:38:39,218: -PUB [/gripper_controller/follow_joint_trajectory/cancel] /move_group http://wng:39883/
[rosmaster.master][INFO] 2022-01-14 10:38:39,219: -PUB [/gripper_controller/follow_joint_trajectory/goal] /move_group http://wng:39883/
[rosmaster.master][INFO] 2022-01-14 10:38:39,219: -SUB [/gripper_controller/follow_joint_trajectory/feedback] /move_group http://wng:39883/
[rosmaster.master][INFO] 2022-01-14 10:38:39,219: -SUB [/gripper_controller/follow_joint_trajectory/result] /move_group http://wng:39883/
[rosmaster.master][INFO] 2022-01-14 10:38:39,221: +SUB [/trajectory_execution_event] /move_group http://wng:39883/
[rosmaster.master][INFO] 2022-01-14 10:38:39,221: +SERVICE [/move_group/trajectory_execution/set_parameters] /move_group http://wng:39883/
[rosmaster.master][INFO] 2022-01-14 10:38:39,221: +PUB [/move_group/trajectory_execution/parameter_descriptions] /move_group http://wng:39883/
[rosmaster.master][INFO] 2022-01-14 10:38:39,222: +PUB [/move_group/trajectory_execution/parameter_updates] /move_group http://wng:39883/
[rosmaster.master][INFO] 2022-01-14 10:38:39,223: +PARAM [/move_group/trajectory_execution/execution_duration_monitoring] by /move_group
[rosmaster.master][INFO] 2022-01-14 10:38:39,223: +PARAM [/move_group/trajectory_execution/allowed_execution_duration_scaling] by /move_group
[rosmaster.master][INFO] 2022-01-14 10:38:39,224: +PARAM [/move_group/trajectory_execution/allowed_goal_duration_margin] by /move_group
[rosmaster.master][INFO] 2022-01-14 10:38:39,224: +PARAM [/move_group/trajectory_execution/execution_velocity_scaling] by /move_group
[rosmaster.master][INFO] 2022-01-14 10:38:39,224: +PARAM [/move_group/trajectory_execution/allowed_start_tolerance] by /move_group
[rosmaster.master][INFO] 2022-01-14 10:38:39,224: +PARAM [/move_group/trajectory_execution/wait_for_trajectory_completion] by /move_group
[rosmaster.master][INFO] 2022-01-14 10:38:39,225: +PARAM [/move_group/trajectory_execution/execution_duration_monitoring] by /move_group
[rosmaster.master][INFO] 2022-01-14 10:38:39,225: +PARAM [/move_group/trajectory_execution/allowed_execution_duration_scaling] by /move_group
[rosmaster.master][INFO] 2022-01-14 10:38:39,225: +PARAM [/move_group/trajectory_execution/allowed_goal_duration_margin] by /move_group
[rosmaster.master][INFO] 2022-01-14 10:38:39,225: +PARAM [/move_group/trajectory_execution/execution_velocity_scaling] by /move_group
[rosmaster.master][INFO] 2022-01-14 10:38:39,226: +PARAM [/move_group/trajectory_execution/allowed_start_tolerance] by /move_group
[rosmaster.master][INFO] 2022-01-14 10:38:39,226: +PARAM [/move_group/trajectory_execution/wait_for_trajectory_completion] by /move_group
[rosmaster.master][INFO] 2022-01-14 10:38:39,226: +SERVICE [/move_group/plan_execution/set_parameters] /move_group http://wng:39883/
[rosmaster.master][INFO] 2022-01-14 10:38:39,227: +PUB [/move_group/plan_execution/parameter_descriptions] /move_group http://wng:39883/
[rosmaster.master][INFO] 2022-01-14 10:38:39,227: +PUB [/move_group/plan_execution/parameter_updates] /move_group http://wng:39883/
[rosmaster.master][INFO] 2022-01-14 10:38:39,227: +PARAM [/move_group/plan_execution/max_replan_attempts] by /move_group
[rosmaster.master][INFO] 2022-01-14 10:38:39,228: +PARAM [/move_group/plan_execution/record_trajectory_state_frequency] by /move_group
[rosmaster.master][INFO] 2022-01-14 10:38:39,228: +PARAM [/move_group/plan_execution/max_replan_attempts] by /move_group
[rosmaster.master][INFO] 2022-01-14 10:38:39,228: +PARAM [/move_group/plan_execution/record_trajectory_state_frequency] by /move_group
[rosmaster.master][INFO] 2022-01-14 10:38:39,228: +SERVICE [/move_group/sense_for_plan/set_parameters] /move_group http://wng:39883/
[rosmaster.master][INFO] 2022-01-14 10:38:39,228: +PUB [/move_group/sense_for_plan/parameter_descriptions] /move_group http://wng:39883/
[rosmaster.master][INFO] 2022-01-14 10:38:39,229: +PUB [/move_group/sense_for_plan/parameter_updates] /move_group http://wng:39883/
[rosmaster.master][INFO] 2022-01-14 10:38:39,229: +PARAM [/move_group/sense_for_plan/max_safe_path_cost] by /move_group
[rosmaster.master][INFO] 2022-01-14 10:38:39,230: +PARAM [/move_group/sense_for_plan/max_look_attempts] by /move_group
[rosmaster.master][INFO] 2022-01-14 10:38:39,230: +PARAM [/move_group/sense_for_plan/max_cost_sources] by /move_group
[rosmaster.master][INFO] 2022-01-14 10:38:39,230: +PARAM [/move_group/sense_for_plan/discard_overlapping_cost_sources] by /move_group
[rosmaster.master][INFO] 2022-01-14 10:38:39,230: +PARAM [/move_group/sense_for_plan/max_safe_path_cost] by /move_group
[rosmaster.master][INFO] 2022-01-14 10:38:39,230: +PARAM [/move_group/sense_for_plan/max_look_attempts] by /move_group
[rosmaster.master][INFO] 2022-01-14 10:38:39,230: +PARAM [/move_group/sense_for_plan/max_cost_sources] by /move_group
[rosmaster.master][INFO] 2022-01-14 10:38:39,231: +PARAM [/move_group/sense_for_plan/discard_overlapping_cost_sources] by /move_group
[rosmaster.master][INFO] 2022-01-14 10:38:39,237: +SERVICE [/apply_planning_scene] /move_group http://wng:39883/
[rosmaster.master][INFO] 2022-01-14 10:38:39,237: +SERVICE [/clear_octomap] /move_group http://wng:39883/
[rosmaster.master][INFO] 2022-01-14 10:38:39,237: +SERVICE [/compute_cartesian_path] /move_group http://wng:39883/
[rosmaster.master][INFO] 2022-01-14 10:38:39,238: +PUB [/execute_trajectory/result] /move_group http://wng:39883/
[rosmaster.master][INFO] 2022-01-14 10:38:39,239: +PUB [/execute_trajectory/feedback] /move_group http://wng:39883/
[rosmaster.master][INFO] 2022-01-14 10:38:39,239: +PUB [/execute_trajectory/status] /move_group http://wng:39883/
[rosmaster.master][INFO] 2022-01-14 10:38:39,241: +SUB [/execute_trajectory/goal] /move_group http://wng:39883/
[rosmaster.master][INFO] 2022-01-14 10:38:39,242: +SUB [/execute_trajectory/cancel] /move_group http://wng:39883/
[rosmaster.master][INFO] 2022-01-14 10:38:39,243: +SERVICE [/get_planning_scene] /move_group http://wng:39883/
[rosmaster.master][INFO] 2022-01-14 10:38:39,243: +SERVICE [/compute_fk] /move_group http://wng:39883/
[rosmaster.master][INFO] 2022-01-14 10:38:39,243: +SERVICE [/compute_ik] /move_group http://wng:39883/
[rosmaster.master][INFO] 2022-01-14 10:38:39,245: +PUB [/move_group/result] /move_group http://wng:39883/
[rosmaster.master][INFO] 2022-01-14 10:38:39,245: +PUB [/move_group/feedback] /move_group http://wng:39883/
[rosmaster.master][INFO] 2022-01-14 10:38:39,245: +PUB [/move_group/status] /move_group http://wng:39883/
[rosmaster.master][INFO] 2022-01-14 10:38:39,248: +SUB [/move_group/goal] /move_group http://wng:39883/
[rosmaster.master][INFO] 2022-01-14 10:38:39,249: +SUB [/move_group/cancel] /move_group http://wng:39883/
[rosmaster.master][INFO] 2022-01-14 10:38:39,255: +PUB [/pickup/result] /move_group http://wng:39883/
[rosmaster.master][INFO] 2022-01-14 10:38:39,255: +PUB [/pickup/feedback] /move_group http://wng:39883/
[rosmaster.master][INFO] 2022-01-14 10:38:39,255: +PUB [/pickup/status] /move_group http://wng:39883/
[rosmaster.master][INFO] 2022-01-14 10:38:39,257: +SUB [/pickup/goal] /move_group http://wng:39883/
[rosmaster.master][INFO] 2022-01-14 10:38:39,258: +SUB [/pickup/cancel] /move_group http://wng:39883/
[rosmaster.master][INFO] 2022-01-14 10:38:39,259: +PUB [/place/result] /move_group http://wng:39883/
[rosmaster.master][INFO] 2022-01-14 10:38:39,259: +PUB [/place/feedback] /move_group http://wng:39883/
[rosmaster.master][INFO] 2022-01-14 10:38:39,259: +PUB [/place/status] /move_group http://wng:39883/
[rosmaster.master][INFO] 2022-01-14 10:38:39,261: +SUB [/place/goal] /move_group http://wng:39883/
[rosmaster.master][INFO] 2022-01-14 10:38:39,262: +SUB [/place/cancel] /move_group http://wng:39883/
[rosmaster.master][INFO] 2022-01-14 10:38:39,262: +SERVICE [/plan_kinematic_path] /move_group http://wng:39883/
[rosmaster.master][INFO] 2022-01-14 10:38:39,263: +SERVICE [/query_planner_interface] /move_group http://wng:39883/
[rosmaster.master][INFO] 2022-01-14 10:38:39,263: +SERVICE [/get_planner_params] /move_group http://wng:39883/
[rosmaster.master][INFO] 2022-01-14 10:38:39,263: +SERVICE [/set_planner_params] /move_group http://wng:39883/
[rosmaster.master][INFO] 2022-01-14 10:38:39,263: +SERVICE [/check_state_validity] /move_group http://wng:39883/
[rosmaster.master][INFO] 2022-01-14 10:38:39,319: publisherUpdate[/move_group/result] -> http://wng:40619/ ['http://wng:39883/']
[rosmaster.master][INFO] 2022-01-14 10:38:39,320: publisherUpdate[/move_group/result] -> http://wng:40619/ ['http://wng:39883/']: sec=0.00, result=[1, '', 0]
[rosmaster.master][INFO] 2022-01-14 10:38:39,321: publisherUpdate[/move_group/feedback] -> http://wng:40619/ ['http://wng:39883/']
[rosmaster.master][INFO] 2022-01-14 10:38:39,321: publisherUpdate[/move_group/feedback] -> http://wng:40619/ ['http://wng:39883/']: sec=0.00, result=[1, '', 0]
[rosmaster.master][INFO] 2022-01-14 10:38:39,321: publisherUpdate[/move_group/status] -> http://wng:40619/ ['http://wng:39883/']
[rosmaster.master][INFO] 2022-01-14 10:38:39,322: publisherUpdate[/move_group/status] -> http://wng:40619/ ['http://wng:39883/']: sec=0.00, result=[1, '', 0]
[rosmaster.master][INFO] 2022-01-14 10:38:39,525: +SUB [/pickup/status] /rviz_wng_26525_2355276007076671921 http://wng:40619/
[rosmaster.master][INFO] 2022-01-14 10:38:39,527: +SUB [/pickup/feedback] /rviz_wng_26525_2355276007076671921 http://wng:40619/
[rosmaster.master][INFO] 2022-01-14 10:38:39,528: +SUB [/pickup/result] /rviz_wng_26525_2355276007076671921 http://wng:40619/
[rosmaster.master][INFO] 2022-01-14 10:38:39,528: +PUB [/pickup/goal] /rviz_wng_26525_2355276007076671921 http://wng:40619/
[rosmaster.master][INFO] 2022-01-14 10:38:39,529: +PUB [/pickup/cancel] /rviz_wng_26525_2355276007076671921 http://wng:40619/
[rosmaster.master][INFO] 2022-01-14 10:38:39,620: publisherUpdate[/pickup/goal] -> http://wng:39883/ ['http://wng:40619/']
[rosmaster.master][INFO] 2022-01-14 10:38:39,621: publisherUpdate[/pickup/goal] -> http://wng:39883/ ['http://wng:40619/']: sec=0.00, result=[1, '', 0]
[rosmaster.master][INFO] 2022-01-14 10:38:39,621: publisherUpdate[/pickup/cancel] -> http://wng:39883/ ['http://wng:40619/']
[rosmaster.master][INFO] 2022-01-14 10:38:39,621: publisherUpdate[/pickup/cancel] -> http://wng:39883/ ['http://wng:40619/']: sec=0.00, result=[1, '', 0]
[rosmaster.master][INFO] 2022-01-14 10:38:39,824: +SUB [/place/status] /rviz_wng_26525_2355276007076671921 http://wng:40619/
[rosmaster.master][INFO] 2022-01-14 10:38:39,826: +SUB [/place/feedback] /rviz_wng_26525_2355276007076671921 http://wng:40619/
[rosmaster.master][INFO] 2022-01-14 10:38:39,827: +SUB [/place/result] /rviz_wng_26525_2355276007076671921 http://wng:40619/
[rosmaster.master][INFO] 2022-01-14 10:38:39,827: +PUB [/place/goal] /rviz_wng_26525_2355276007076671921 http://wng:40619/
[rosmaster.master][INFO] 2022-01-14 10:38:39,827: +PUB [/place/cancel] /rviz_wng_26525_2355276007076671921 http://wng:40619/
[rosmaster.master][INFO] 2022-01-14 10:38:39,921: publisherUpdate[/place/goal] -> http://wng:39883/ ['http://wng:40619/']
[rosmaster.master][INFO] 2022-01-14 10:38:39,921: publisherUpdate[/place/goal] -> http://wng:39883/ ['http://wng:40619/']: sec=0.00, result=[1, '', 0]
[rosmaster.master][INFO] 2022-01-14 10:38:39,921: publisherUpdate[/place/cancel] -> http://wng:39883/ ['http://wng:40619/']
[rosmaster.master][INFO] 2022-01-14 10:38:39,922: publisherUpdate[/place/cancel] -> http://wng:39883/ ['http://wng:40619/']: sec=0.00, result=[1, '', 0]
[rosmaster.master][INFO] 2022-01-14 10:38:40,126: +SUB [/execute_trajectory/status] /rviz_wng_26525_2355276007076671921 http://wng:40619/
[rosmaster.master][INFO] 2022-01-14 10:38:40,127: +SUB [/execute_trajectory/feedback] /rviz_wng_26525_2355276007076671921 http://wng:40619/
[rosmaster.master][INFO] 2022-01-14 10:38:40,128: +SUB [/execute_trajectory/result] /rviz_wng_26525_2355276007076671921 http://wng:40619/
[rosmaster.master][INFO] 2022-01-14 10:38:40,129: +PUB [/execute_trajectory/goal] /rviz_wng_26525_2355276007076671921 http://wng:40619/
[rosmaster.master][INFO] 2022-01-14 10:38:40,129: +PUB [/execute_trajectory/cancel] /rviz_wng_26525_2355276007076671921 http://wng:40619/
[rosmaster.master][INFO] 2022-01-14 10:38:40,222: publisherUpdate[/execute_trajectory/goal] -> http://wng:39883/ ['http://wng:40619/']
[rosmaster.master][INFO] 2022-01-14 10:38:40,223: publisherUpdate[/execute_trajectory/goal] -> http://wng:39883/ ['http://wng:40619/']: sec=0.00, result=[1, '', 0]
[rosmaster.master][INFO] 2022-01-14 10:38:40,223: publisherUpdate[/execute_trajectory/cancel] -> http://wng:39883/ ['http://wng:40619/']
[rosmaster.master][INFO] 2022-01-14 10:38:40,223: publisherUpdate[/execute_trajectory/cancel] -> http://wng:39883/ ['http://wng:40619/']: sec=0.00, result=[1, '', 0]
[rosmaster.master][INFO] 2022-01-14 10:43:14,025: +PUB [/rosout] /Run_Robot http://wng:43235/
[rosmaster.master][INFO] 2022-01-14 10:43:14,026: +SERVICE [/Run_Robot/get_loggers] /Run_Robot http://wng:43235/
[rosmaster.master][INFO] 2022-01-14 10:43:14,027: +SERVICE [/Run_Robot/set_logger_level] /Run_Robot http://wng:43235/
[rosmaster.master][INFO] 2022-01-14 10:43:14,028: +PUB [/viz_optimal_path] /Run_Robot http://wng:43235/
[rosmaster.master][INFO] 2022-01-14 10:43:14,028: +PUB [/viz_optimal_line] /Run_Robot http://wng:43235/
[rosmaster.master][INFO] 2022-01-14 10:43:14,029: +PUB [/viz_obstacle] /Run_Robot http://wng:43235/
[rosmaster.master][INFO] 2022-01-14 10:43:14,029: +PUB [/viz_objects] /Run_Robot http://wng:43235/
[rosmaster.master][INFO] 2022-01-14 10:43:14,030: +PUB [/viz_mesh] /Run_Robot http://wng:43235/
[rosmaster.master][INFO] 2022-01-14 10:43:14,109: publisherUpdate[/rosout] -> http://wng:34125/ ['http://wng:39883/', 'http://wng:40619/', 'http://wng:43235/']
[rosmaster.master][INFO] 2022-01-14 10:43:14,110: publisherUpdate[/rosout] -> http://wng:34125/ ['http://wng:39883/', 'http://wng:40619/', 'http://wng:43235/']: sec=0.00, result=[1, '', 0]
[rosmaster.master][INFO] 2022-01-14 10:43:39,263: -SUB [/rviz_moveit_motion_planning_display/robot_interaction_interactive_marker_topic/update] /rviz_wng_26525_2355276007076671921 http://wng:40619/
[rosmaster.master][INFO] 2022-01-14 10:43:39,265: +SUB [/rviz_moveit_motion_planning_display/robot_interaction_interactive_marker_topic/update] /rviz_wng_26525_2355276007076671921 http://wng:40619/
[rosmaster.master][INFO] 2022-01-14 10:43:39,266: +SUB [/rviz_moveit_motion_planning_display/robot_interaction_interactive_marker_topic/update_full] /rviz_wng_26525_2355276007076671921 http://wng:40619/
[rosmaster.master][INFO] 2022-01-14 10:43:39,266: -SUB [/rviz_moveit_motion_planning_display/robot_interaction_interactive_marker_topic/update_full] /rviz_wng_26525_2355276007076671921 http://wng:40619/
[rosmaster.master][INFO] 2022-01-14 10:43:39,266: -SUB [/rviz_moveit_motion_planning_display/robot_interaction_interactive_marker_topic/update] /rviz_wng_26525_2355276007076671921 http://wng:40619/
[rosmaster.master][INFO] 2022-01-14 10:43:39,267: -PUB [/rviz_moveit_motion_planning_display/robot_interaction_interactive_marker_topic/feedback] /rviz_wng_26525_2355276007076671921 http://wng:40619/
[rosmaster.master][INFO] 2022-01-14 10:43:39,268: +SUB [/rviz_moveit_motion_planning_display/robot_interaction_interactive_marker_topic/update] /rviz_wng_26525_2355276007076671921 http://wng:40619/
[rosmaster.master][INFO] 2022-01-14 10:43:39,269: +SUB [/rviz_moveit_motion_planning_display/robot_interaction_interactive_marker_topic/update_full] /rviz_wng_26525_2355276007076671921 http://wng:40619/
[rosmaster.master][INFO] 2022-01-14 10:43:39,269: +PUB [/rviz_moveit_motion_planning_display/robot_interaction_interactive_marker_topic/feedback] /rviz_wng_26525_2355276007076671921 http://wng:40619/
[rosmaster.master][INFO] 2022-01-14 10:43:39,296: -SUB [/rviz_moveit_motion_planning_display/robot_interaction_interactive_marker_topic/update_full] /rviz_wng_26525_2355276007076671921 http://wng:40619/
[rosmaster.master][INFO] 2022-01-14 10:43:39,343: publisherUpdate[/rviz_moveit_motion_planning_display/robot_interaction_interactive_marker_topic/feedback] -> http://wng:40619/ []
[rosmaster.master][INFO] 2022-01-14 10:43:39,344: publisherUpdate[/rviz_moveit_motion_planning_display/robot_interaction_interactive_marker_topic/feedback] -> http://wng:40619/ []: sec=0.00, result=[1, '', 0]
[rosmaster.master][INFO] 2022-01-14 10:43:39,344: publisherUpdate[/rviz_moveit_motion_planning_display/robot_interaction_interactive_marker_topic/feedback] -> http://wng:40619/ ['http://wng:40619/']
[rosmaster.master][INFO] 2022-01-14 10:43:39,344: publisherUpdate[/rviz_moveit_motion_planning_display/robot_interaction_interactive_marker_topic/feedback] -> http://wng:40619/ ['http://wng:40619/']: sec=0.00, result=[1, '', 0]
[rosmaster.master][INFO] 2022-01-14 10:43:40,320: +SUB [/rviz_moveit_motion_planning_display/robot_interaction_interactive_marker_topic/update_full] /rviz_wng_26525_2355276007076671921 http://wng:40619/
[rosmaster.master][INFO] 2022-01-14 10:43:54,047: +SUB [/visualization_marker_array] /rviz_wng_26525_2355276007076671921 http://wng:40619/
[rosmaster.master][INFO] 2022-01-14 10:44:07,944: -SUB [/visualization_marker_array] /rviz_wng_26525_2355276007076671921 http://wng:40619/
[rosmaster.master][INFO] 2022-01-14 10:44:07,946: +SUB [/viz_optimal_path] /rviz_wng_26525_2355276007076671921 http://wng:40619/
[rosmaster.master][INFO] 2022-01-14 10:44:20,563: +SUB [/visualization_marker_array] /rviz_wng_26525_2355276007076671921 http://wng:40619/
[rosmaster.master][INFO] 2022-01-14 10:44:29,832: -SUB [/visualization_marker_array] /rviz_wng_26525_2355276007076671921 http://wng:40619/
[rosmaster.master][INFO] 2022-01-14 10:44:29,834: +SUB [/viz_objects] /rviz_wng_26525_2355276007076671921 http://wng:40619/
[rosmaster.master][INFO] 2022-01-14 10:44:48,477: +SUB [/visualization_marker_array] /rviz_wng_26525_2355276007076671921 http://wng:40619/
[rosmaster.master][INFO] 2022-01-14 10:44:54,078: -SUB [/visualization_marker_array] /rviz_wng_26525_2355276007076671921 http://wng:40619/
[rosmaster.master][INFO] 2022-01-14 10:44:54,080: +SUB [/viz_obstacle] /rviz_wng_26525_2355276007076671921 http://wng:40619/
[rosmaster.master][INFO] 2022-01-14 10:45:18,422: -SUB [/rviz_moveit_motion_planning_display/robot_interaction_interactive_marker_topic/update_full] /rviz_wng_26525_2355276007076671921 http://wng:40619/
[rosmaster.master][INFO] 2022-01-14 10:45:18,423: -SUB [/rviz_moveit_motion_planning_display/robot_interaction_interactive_marker_topic/update] /rviz_wng_26525_2355276007076671921 http://wng:40619/
[rosmaster.master][INFO] 2022-01-14 10:45:18,424: -PUB [/rviz_moveit_motion_planning_display/robot_interaction_interactive_marker_topic/feedback] /rviz_wng_26525_2355276007076671921 http://wng:40619/
[rosmaster.master][INFO] 2022-01-14 10:45:18,425: -SUB [/move_group/monitored_planning_scene] /rviz_wng_26525_2355276007076671921 http://wng:40619/
[rosmaster.master][INFO] 2022-01-14 10:45:18,476: publisherUpdate[/rviz_moveit_motion_planning_display/robot_interaction_interactive_marker_topic/feedback] -> http://wng:40619/ []
[rosmaster.master][INFO] 2022-01-14 10:45:18,477: publisherUpdate[/rviz_moveit_motion_planning_display/robot_interaction_interactive_marker_topic/feedback] -> http://wng:40619/ []: sec=0.00, result=[1, '', 0]
[rosmaster.master][INFO] 2022-01-14 10:46:02,728: -PUB [/rosout] /rviz_wng_26525_2355276007076671921 http://wng:40619/
[rosmaster.master][INFO] 2022-01-14 10:46:02,729: -PUB [/planning_scene] /rviz_wng_26525_2355276007076671921 http://wng:40619/
[rosmaster.master][INFO] 2022-01-14 10:46:02,729: -PUB [/planning_scene_world] /rviz_wng_26525_2355276007076671921 http://wng:40619/
[rosmaster.master][INFO] 2022-01-14 10:46:02,729: -PUB [/rviz_wng_26525_2355276007076671921/motionplanning_planning_scene_monitor/parameter_descriptions] /rviz_wng_26525_2355276007076671921 http://wng:40619/
[rosmaster.master][INFO] 2022-01-14 10:46:02,730: -PUB [/rviz_wng_26525_2355276007076671921/motionplanning_planning_scene_monitor/parameter_updates] /rviz_wng_26525_2355276007076671921 http://wng:40619/
[rosmaster.master][INFO] 2022-01-14 10:46:02,730: -PUB [/rviz_moveit_motion_planning_display/robot_interaction_interactive_marker_topic/update_full] /rviz_wng_26525_2355276007076671921 http://wng:40619/
[rosmaster.master][INFO] 2022-01-14 10:46:02,731: -PUB [/rviz_moveit_motion_planning_display/robot_interaction_interactive_marker_topic/update] /rviz_wng_26525_2355276007076671921 http://wng:40619/
[rosmaster.master][INFO] 2022-01-14 10:46:02,731: -PUB [/trajectory_execution_event] /rviz_wng_26525_2355276007076671921 http://wng:40619/
[rosmaster.master][INFO] 2022-01-14 10:46:02,732: -PUB [/attached_collision_object] /rviz_wng_26525_2355276007076671921 http://wng:40619/
[rosmaster.master][INFO] 2022-01-14 10:46:02,732: -PUB [/move_group/goal] /rviz_wng_26525_2355276007076671921 http://wng:40619/
[rosmaster.master][INFO] 2022-01-14 10:46:02,732: -PUB [/move_group/cancel] /rviz_wng_26525_2355276007076671921 http://wng:40619/
[rosmaster.master][INFO] 2022-01-14 10:46:02,733: -PUB [/pickup/goal] /rviz_wng_26525_2355276007076671921 http://wng:40619/
[rosmaster.master][INFO] 2022-01-14 10:46:02,733: -PUB [/pickup/cancel] /rviz_wng_26525_2355276007076671921 http://wng:40619/
[rosmaster.master][INFO] 2022-01-14 10:46:02,733: -PUB [/place/goal] /rviz_wng_26525_2355276007076671921 http://wng:40619/
[rosmaster.master][INFO] 2022-01-14 10:46:02,734: -PUB [/place/cancel] /rviz_wng_26525_2355276007076671921 http://wng:40619/
[rosmaster.master][INFO] 2022-01-14 10:46:02,734: -PUB [/execute_trajectory/goal] /rviz_wng_26525_2355276007076671921 http://wng:40619/
[rosmaster.master][INFO] 2022-01-14 10:46:02,734: -PUB [/execute_trajectory/cancel] /rviz_wng_26525_2355276007076671921 http://wng:40619/
[rosmaster.master][INFO] 2022-01-14 10:46:02,735: -SUB [/tf] /rviz_wng_26525_2355276007076671921 http://wng:40619/
[rosmaster.master][INFO] 2022-01-14 10:46:02,735: -SUB [/tf_static] /rviz_wng_26525_2355276007076671921 http://wng:40619/
[rosmaster.master][INFO] 2022-01-14 10:46:02,735: -SUB [/recognized_object_array] /rviz_wng_26525_2355276007076671921 http://wng:40619/
[rosmaster.master][INFO] 2022-01-14 10:46:02,736: -SUB [/move_group/display_planned_path] /rviz_wng_26525_2355276007076671921 http://wng:40619/
[rosmaster.master][INFO] 2022-01-14 10:46:02,736: -SUB [/rviz_moveit_motion_planning_display/robot_interaction_interactive_marker_topic/feedback] /rviz_wng_26525_2355276007076671921 http://wng:40619/
[rosmaster.master][INFO] 2022-01-14 10:46:02,736: -SUB [/move_group/status] /rviz_wng_26525_2355276007076671921 http://wng:40619/
[rosmaster.master][INFO] 2022-01-14 10:46:02,736: publisherUpdate[/rosout] -> http://wng:34125/ ['http://wng:39883/', 'http://wng:43235/']
[rosmaster.master][INFO] 2022-01-14 10:46:02,736: publisherUpdate[/planning_scene] -> http://wng:39883/ []
[rosmaster.master][INFO] 2022-01-14 10:46:02,737: publisherUpdate[/rosout] -> http://wng:34125/ ['http://wng:39883/', 'http://wng:43235/']: sec=0.00, result=[1, '', 0]
[rosmaster.master][INFO] 2022-01-14 10:46:02,737: -SUB [/move_group/feedback] /rviz_wng_26525_2355276007076671921 http://wng:40619/
[rosmaster.master][INFO] 2022-01-14 10:46:02,738: publisherUpdate[/planning_scene] -> http://wng:39883/ []: sec=0.00, result=[0, 'Action client not connected: gripper_controller/follow_joint_trajectory', 0]
[rosmaster.master][INFO] 2022-01-14 10:46:02,738: -SUB [/move_group/result] /rviz_wng_26525_2355276007076671921 http://wng:40619/
[rosmaster.master][INFO] 2022-01-14 10:46:02,738: publisherUpdate[/planning_scene_world] -> http://wng:39883/ []
[rosmaster.master][INFO] 2022-01-14 10:46:02,738: -SUB [/pickup/status] /rviz_wng_26525_2355276007076671921 http://wng:40619/
[rosmaster.master][INFO] 2022-01-14 10:46:02,738: publisherUpdate[/planning_scene_world] -> http://wng:39883/ []: sec=0.00, result=[0, 'Action client not connected: gripper_controller/follow_joint_trajectory', 0]
[rosmaster.master][INFO] 2022-01-14 10:46:02,739: publisherUpdate[/trajectory_execution_event] -> http://wng:39883/ []
[rosmaster.master][INFO] 2022-01-14 10:46:02,739: -SUB [/pickup/feedback] /rviz_wng_26525_2355276007076671921 http://wng:40619/
[rosmaster.master][INFO] 2022-01-14 10:46:02,739: publisherUpdate[/trajectory_execution_event] -> http://wng:39883/ []: sec=0.00, result=[0, 'Action client not connected: gripper_controller/follow_joint_trajectory', 0]
[rosmaster.master][INFO] 2022-01-14 10:46:02,739: publisherUpdate[/attached_collision_object] -> http://wng:39883/ []
[rosmaster.master][INFO] 2022-01-14 10:46:02,739: -SUB [/pickup/result] /rviz_wng_26525_2355276007076671921 http://wng:40619/
[rosmaster.master][INFO] 2022-01-14 10:46:02,739: publisherUpdate[/attached_collision_object] -> http://wng:39883/ []: sec=0.00, result=[0, 'Action client not connected: gripper_controller/follow_joint_trajectory', 0]
[rosmaster.master][INFO] 2022-01-14 10:46:02,740: publisherUpdate[/move_group/goal] -> http://wng:39883/ []
[rosmaster.master][INFO] 2022-01-14 10:46:02,740: -SUB [/place/status] /rviz_wng_26525_2355276007076671921 http://wng:40619/
[rosmaster.master][INFO] 2022-01-14 10:46:02,740: publisherUpdate[/move_group/goal] -> http://wng:39883/ []: sec=0.00, result=[0, 'Action client not connected: gripper_controller/follow_joint_trajectory', 0]
[rosmaster.master][INFO] 2022-01-14 10:46:02,740: publisherUpdate[/move_group/cancel] -> http://wng:39883/ []
[rosmaster.master][INFO] 2022-01-14 10:46:02,740: -SUB [/place/feedback] /rviz_wng_26525_2355276007076671921 http://wng:40619/
[rosmaster.master][INFO] 2022-01-14 10:46:02,740: publisherUpdate[/move_group/cancel] -> http://wng:39883/ []: sec=0.00, result=[0, 'Action client not connected: gripper_controller/follow_joint_trajectory', 0]
[rosmaster.master][INFO] 2022-01-14 10:46:02,741: publisherUpdate[/pickup/goal] -> http://wng:39883/ []
[rosmaster.master][INFO] 2022-01-14 10:46:02,741: -SUB [/place/result] /rviz_wng_26525_2355276007076671921 http://wng:40619/
[rosmaster.master][INFO] 2022-01-14 10:46:02,741: publisherUpdate[/pickup/goal] -> http://wng:39883/ []: sec=0.00, result=[0, 'Action client not connected: gripper_controller/follow_joint_trajectory', 0]
[rosmaster.master][INFO] 2022-01-14 10:46:02,741: publisherUpdate[/pickup/cancel] -> http://wng:39883/ []
[rosmaster.master][INFO] 2022-01-14 10:46:02,741: -SUB [/execute_trajectory/status] /rviz_wng_26525_2355276007076671921 http://wng:40619/
[rosmaster.master][INFO] 2022-01-14 10:46:02,741: publisherUpdate[/pickup/cancel] -> http://wng:39883/ []: sec=0.00, result=[0, 'Action client not connected: gripper_controller/follow_joint_trajectory', 0]
[rosmaster.master][INFO] 2022-01-14 10:46:02,741: publisherUpdate[/place/goal] -> http://wng:39883/ []
[rosmaster.master][INFO] 2022-01-14 10:46:02,742: -SUB [/execute_trajectory/feedback] /rviz_wng_26525_2355276007076671921 http://wng:40619/
[rosmaster.master][INFO] 2022-01-14 10:46:02,742: publisherUpdate[/place/goal] -> http://wng:39883/ []: sec=0.00, result=[0, 'Action client not connected: gripper_controller/follow_joint_trajectory', 0]
[rosmaster.master][INFO] 2022-01-14 10:46:02,742: publisherUpdate[/place/cancel] -> http://wng:39883/ []
[rosmaster.master][INFO] 2022-01-14 10:46:02,742: -SUB [/execute_trajectory/result] /rviz_wng_26525_2355276007076671921 http://wng:40619/
[rosmaster.master][INFO] 2022-01-14 10:46:02,742: publisherUpdate[/place/cancel] -> http://wng:39883/ []: sec=0.00, result=[0, 'Action client not connected: gripper_controller/follow_joint_trajectory', 0]
[rosmaster.master][INFO] 2022-01-14 10:46:02,742: publisherUpdate[/execute_trajectory/goal] -> http://wng:39883/ []
[rosmaster.master][INFO] 2022-01-14 10:46:02,743: -SUB [/viz_optimal_path] /rviz_wng_26525_2355276007076671921 http://wng:40619/
[rosmaster.master][INFO] 2022-01-14 10:46:02,743: publisherUpdate[/execute_trajectory/goal] -> http://wng:39883/ []: sec=0.00, result=[0, 'Action client not connected: gripper_controller/follow_joint_trajectory', 0]
[rosmaster.master][INFO] 2022-01-14 10:46:02,743: publisherUpdate[/execute_trajectory/cancel] -> http://wng:39883/ []
[rosmaster.master][INFO] 2022-01-14 10:46:02,743: -SUB [/viz_objects] /rviz_wng_26525_2355276007076671921 http://wng:40619/
[rosmaster.master][INFO] 2022-01-14 10:46:02,743: publisherUpdate[/execute_trajectory/cancel] -> http://wng:39883/ []: sec=0.00, result=[0, 'Action client not connected: gripper_controller/follow_joint_trajectory', 0]
[rosmaster.master][INFO] 2022-01-14 10:46:02,744: -PUB [/rosout] /move_group http://wng:39883/
[rosmaster.master][INFO] 2022-01-14 10:46:02,744: publisherUpdate[/rosout] -> http://wng:34125/ ['http://wng:43235/']
[rosmaster.master][INFO] 2022-01-14 10:46:02,744: -SUB [/viz_obstacle] /rviz_wng_26525_2355276007076671921 http://wng:40619/
[rosmaster.master][INFO] 2022-01-14 10:46:02,744: publisherUpdate[/rosout] -> http://wng:34125/ ['http://wng:43235/']: sec=0.00, result=[1, '', 0]
[rosmaster.master][INFO] 2022-01-14 10:46:02,745: -PUB [/move_group/planning_scene_monitor/parameter_descriptions] /move_group http://wng:39883/
[rosmaster.master][INFO] 2022-01-14 10:46:02,745: -SERVICE [/rviz_wng_26525_2355276007076671921/get_loggers] /rviz_wng_26525_2355276007076671921 rosrpc://wng:32797
[rosmaster.master][INFO] 2022-01-14 10:46:02,745: -PUB [/move_group/planning_scene_monitor/parameter_updates] /move_group http://wng:39883/
[rosmaster.master][INFO] 2022-01-14 10:46:02,745: -SERVICE [/rviz_wng_26525_2355276007076671921/set_logger_level] /rviz_wng_26525_2355276007076671921 rosrpc://wng:32797
[rosmaster.master][INFO] 2022-01-14 10:46:02,746: -PUB [/move_group/monitored_planning_scene] /move_group http://wng:39883/
[rosmaster.master][INFO] 2022-01-14 10:46:02,746: -SERVICE [/rviz_wng_26525_2355276007076671921/reload_shaders] /rviz_wng_26525_2355276007076671921 rosrpc://wng:32797
[rosmaster.master][INFO] 2022-01-14 10:46:02,747: -PUB [/move_group/filtered_cloud] /move_group http://wng:39883/
[rosmaster.master][INFO] 2022-01-14 10:46:02,747: -SERVICE [/rviz_wng_26525_2355276007076671921/load_config] /rviz_wng_26525_2355276007076671921 rosrpc://wng:32797
[rosmaster.master][INFO] 2022-01-14 10:46:02,747: -PUB [/move_group/ompl/parameter_descriptions] /move_group http://wng:39883/
[rosmaster.master][INFO] 2022-01-14 10:46:02,747: -SERVICE [/rviz_wng_26525_2355276007076671921/save_config] /rviz_wng_26525_2355276007076671921 rosrpc://wng:32797
[rosmaster.master][INFO] 2022-01-14 10:46:02,748: -PUB [/move_group/ompl/parameter_updates] /move_group http://wng:39883/
[rosmaster.master][INFO] 2022-01-14 10:46:02,748: -SERVICE [/rviz_wng_26525_2355276007076671921/motionplanning_planning_scene_monitor/set_parameters] /rviz_wng_26525_2355276007076671921 rosrpc://wng:32797
[rosmaster.master][INFO] 2022-01-14 10:46:02,748: -PUB [/move_group/display_planned_path] /move_group http://wng:39883/
[rosmaster.master][INFO] 2022-01-14 10:46:02,749: -CACHEDPARAM [/rosout_disable_topics_generation] by /rviz_wng_26525_2355276007076671921
[rosmaster.master][INFO] 2022-01-14 10:46:02,749: -PUB [/move_group/display_contacts] /move_group http://wng:39883/
[rosmaster.master][INFO] 2022-01-14 10:46:02,749: -PUB [/move_group/trajectory_execution/parameter_descriptions] /move_group http://wng:39883/
[rosmaster.master][INFO] 2022-01-14 10:46:02,750: -PUB [/move_group/trajectory_execution/parameter_updates] /move_group http://wng:39883/
[rosmaster.master][INFO] 2022-01-14 10:46:02,750: -PUB [/move_group/plan_execution/parameter_descriptions] /move_group http://wng:39883/
[rosmaster.master][INFO] 2022-01-14 10:46:02,750: -PUB [/move_group/plan_execution/parameter_updates] /move_group http://wng:39883/
[rosmaster.master][INFO] 2022-01-14 10:46:02,751: -PUB [/move_group/sense_for_plan/parameter_descriptions] /move_group http://wng:39883/
[rosmaster.master][INFO] 2022-01-14 10:46:02,751: -PUB [/move_group/sense_for_plan/parameter_updates] /move_group http://wng:39883/
[rosmaster.master][INFO] 2022-01-14 10:46:02,751: -PUB [/execute_trajectory/result] /move_group http://wng:39883/
[rosmaster.master][INFO] 2022-01-14 10:46:02,751: -PUB [/execute_trajectory/feedback] /move_group http://wng:39883/
[rosmaster.master][INFO] 2022-01-14 10:46:02,752: -PUB [/execute_trajectory/status] /move_group http://wng:39883/
[rosmaster.master][INFO] 2022-01-14 10:46:02,752: -PUB [/move_group/result] /move_group http://wng:39883/
[rosmaster.master][INFO] 2022-01-14 10:46:02,752: -PUB [/move_group/feedback] /move_group http://wng:39883/
[rosmaster.master][INFO] 2022-01-14 10:46:02,752: -PUB [/move_group/status] /move_group http://wng:39883/
[rosmaster.master][INFO] 2022-01-14 10:46:02,752: -PUB [/pickup/result] /move_group http://wng:39883/
[rosmaster.master][INFO] 2022-01-14 10:46:02,753: -PUB [/pickup/feedback] /move_group http://wng:39883/
[rosmaster.master][INFO] 2022-01-14 10:46:02,753: -PUB [/pickup/status] /move_group http://wng:39883/
[rosmaster.master][INFO] 2022-01-14 10:46:02,753: -PUB [/place/result] /move_group http://wng:39883/
[rosmaster.master][INFO] 2022-01-14 10:46:02,753: -PUB [/place/feedback] /move_group http://wng:39883/
[rosmaster.master][INFO] 2022-01-14 10:46:02,754: -PUB [/place/status] /move_group http://wng:39883/
[rosmaster.master][INFO] 2022-01-14 10:46:02,754: -SUB [/tf] /move_group http://wng:39883/
[rosmaster.master][INFO] 2022-01-14 10:46:02,754: -SUB [/tf_static] /move_group http://wng:39883/
[rosmaster.master][INFO] 2022-01-14 10:46:02,754: -SUB [/planning_scene] /move_group http://wng:39883/
[rosmaster.master][INFO] 2022-01-14 10:46:02,754: -SUB [/collision_object] /move_group http://wng:39883/
[rosmaster.master][INFO] 2022-01-14 10:46:02,755: -SUB [/planning_scene_world] /move_group http://wng:39883/
[rosmaster.master][INFO] 2022-01-14 10:46:02,755: -SUB [/head_mount_kinect/depth_registered/points] /move_group http://wng:39883/
[rosmaster.master][INFO] 2022-01-14 10:46:02,755: -SUB [/joint_states] /move_group http://wng:39883/
[rosmaster.master][INFO] 2022-01-14 10:46:02,755: -SUB [/attached_collision_object] /move_group http://wng:39883/
[rosmaster.master][INFO] 2022-01-14 10:46:02,755: -SUB [/trajectory_execution_event] /move_group http://wng:39883/
[rosmaster.master][INFO] 2022-01-14 10:46:02,756: -SUB [/execute_trajectory/goal] /move_group http://wng:39883/
[rosmaster.master][INFO] 2022-01-14 10:46:02,756: -SUB [/execute_trajectory/cancel] /move_group http://wng:39883/
[rosmaster.master][INFO] 2022-01-14 10:46:02,756: -SUB [/move_group/goal] /move_group http://wng:39883/
[rosmaster.master][INFO] 2022-01-14 10:46:02,756: -SUB [/move_group/cancel] /move_group http://wng:39883/
[rosmaster.master][INFO] 2022-01-14 10:46:02,756: -SUB [/pickup/goal] /move_group http://wng:39883/
[rosmaster.master][INFO] 2022-01-14 10:46:02,757: -SUB [/pickup/cancel] /move_group http://wng:39883/
[rosmaster.master][INFO] 2022-01-14 10:46:02,757: -SUB [/place/goal] /move_group http://wng:39883/
[rosmaster.master][INFO] 2022-01-14 10:46:02,757: -SUB [/place/cancel] /move_group http://wng:39883/
[rosmaster.master][INFO] 2022-01-14 10:46:02,757: -SERVICE [/move_group/get_loggers] /move_group rosrpc://wng:42041
[rosmaster.master][INFO] 2022-01-14 10:46:02,758: -SERVICE [/move_group/set_logger_level] /move_group rosrpc://wng:42041
[rosmaster.master][INFO] 2022-01-14 10:46:02,758: -SERVICE [/move_group/planning_scene_monitor/set_parameters] /move_group rosrpc://wng:42041
[rosmaster.master][INFO] 2022-01-14 10:46:02,758: -SERVICE [/move_group/save_map] /move_group rosrpc://wng:42041
[rosmaster.master][INFO] 2022-01-14 10:46:02,758: -SERVICE [/move_group/load_map] /move_group rosrpc://wng:42041
[rosmaster.master][INFO] 2022-01-14 10:46:02,758: -SERVICE [/move_group/ompl/set_parameters] /move_group rosrpc://wng:42041
[rosmaster.master][INFO] 2022-01-14 10:46:02,759: -SERVICE [/move_group/trajectory_execution/set_parameters] /move_group rosrpc://wng:42041
[rosmaster.master][INFO] 2022-01-14 10:46:02,759: -SERVICE [/move_group/plan_execution/set_parameters] /move_group rosrpc://wng:42041
[rosmaster.master][INFO] 2022-01-14 10:46:02,759: -SERVICE [/move_group/sense_for_plan/set_parameters] /move_group rosrpc://wng:42041
[rosmaster.master][INFO] 2022-01-14 10:46:02,759: -SERVICE [/apply_planning_scene] /move_group rosrpc://wng:42041
[rosmaster.master][INFO] 2022-01-14 10:46:02,759: -SERVICE [/clear_octomap] /move_group rosrpc://wng:42041
[rosmaster.master][INFO] 2022-01-14 10:46:02,760: -SERVICE [/compute_cartesian_path] /move_group rosrpc://wng:42041
[rosmaster.master][INFO] 2022-01-14 10:46:02,760: -SERVICE [/get_planning_scene] /move_group rosrpc://wng:42041
[rosmaster.master][INFO] 2022-01-14 10:46:02,760: -SERVICE [/compute_fk] /move_group rosrpc://wng:42041
[rosmaster.master][INFO] 2022-01-14 10:46:02,760: -SERVICE [/compute_ik] /move_group rosrpc://wng:42041
[rosmaster.master][INFO] 2022-01-14 10:46:02,760: -SERVICE [/plan_kinematic_path] /move_group rosrpc://wng:42041
[rosmaster.master][INFO] 2022-01-14 10:46:02,761: -SERVICE [/query_planner_interface] /move_group rosrpc://wng:42041
[rosmaster.master][INFO] 2022-01-14 10:46:02,761: -SERVICE [/get_planner_params] /move_group rosrpc://wng:42041
[rosmaster.master][INFO] 2022-01-14 10:46:02,761: -SERVICE [/set_planner_params] /move_group rosrpc://wng:42041
[rosmaster.master][INFO] 2022-01-14 10:46:02,761: -SERVICE [/check_state_validity] /move_group rosrpc://wng:42041
[rosmaster.master][INFO] 2022-01-14 10:46:02,761: -CACHEDPARAM [/rosout_disable_topics_generation] by /move_group
[rosmaster.master][INFO] 2022-01-14 10:46:03,345: -PUB [/rosout_agg] /rosout http://wng:34125/
[rosmaster.master][INFO] 2022-01-14 10:46:03,346: -SUB [/rosout] /rosout http://wng:34125/
[rosmaster.master][INFO] 2022-01-14 10:46:03,346: -SERVICE [/rosout/get_loggers] /rosout rosrpc://wng:50463
[rosmaster.master][INFO] 2022-01-14 10:46:03,347: -SERVICE [/rosout/set_logger_level] /rosout rosrpc://wng:50463
[rosmaster.master][INFO] 2022-01-14 10:46:03,347: -CACHEDPARAM [/rosout/omit_topics] by /rosout
[rosmaster.main][INFO] 2022-01-14 10:46:03,431: keyboard interrupt, will exit
[rosmaster.main][INFO] 2022-01-14 10:46:03,431: stopping master...
[rospy.core][INFO] 2022-01-14 10:46:03,431: signal_shutdown [atexit]
