[rospy.client][INFO] 2021-11-25 14:32:02,137: init_node, name[/joint_state_publisher], pid[11823]
[xmlrpc][INFO] 2021-11-25 14:32:02,137: XML-RPC server binding to 0.0.0.0:0
[xmlrpc][INFO] 2021-11-25 14:32:02,138: Started XML-RPC server [http://wng:39787/]
[rospy.init][INFO] 2021-11-25 14:32:02,138: ROS Slave URI: [http://wng:39787/]
[rospy.impl.masterslave][INFO] 2021-11-25 14:32:02,138: _ready: http://wng:39787/
[rospy.registration][INFO] 2021-11-25 14:32:02,138: Registering with master node http://localhost:11311
[xmlrpc][INFO] 2021-11-25 14:32:02,138: xml rpc node: starting XML-RPC server
[rospy.init][INFO] 2021-11-25 14:32:02,238: registered with master
[rospy.rosout][INFO] 2021-11-25 14:32:02,238: initializing /rosout core topic
[rospy.rosout][INFO] 2021-11-25 14:32:02,239: connected to core topic /rosout
[rospy.simtime][INFO] 2021-11-25 14:32:02,240: /use_sim_time is not set, will not subscribe to simulated time [/clock] topic
[rospy.internal][INFO] 2021-11-25 14:32:02,303: topic[/move_group/fake_controller_joint_states] adding connection to [http://wng:38537/], count 0
[rospy.internal][INFO] 2021-11-25 14:32:02,477: topic[/rosout] adding connection to [/rosout], count 0
[rospy.internal][INFO] 2021-11-25 14:32:02,477: topic[/joint_states] adding connection to [/joint_state_desired_publisher], count 0
[rospy.internal][INFO] 2021-11-25 14:32:02,478: topic[/joint_states] adding connection to [/robot_state_publisher], count 1
[rospy.internal][INFO] 2021-11-25 14:32:40,149: topic[/joint_states] adding connection to [/move_group_commander_wrappers_1637818332759450771], count 2
[rospy.internal][INFO] 2021-11-25 14:57:06,255: topic[/joint_states] removing connection to /move_group_commander_wrappers_1637818332759450771
[rospy.core][INFO] 2021-11-25 14:57:32,876: signal_shutdown [signal-2]
[rospy.internal][INFO] 2021-11-25 14:57:32,881: topic[/joint_states] removing connection to /joint_state_desired_publisher
[rospy.internal][INFO] 2021-11-25 14:57:32,886: topic[/joint_states] removing connection to /robot_state_publisher
[rospy.internal][INFO] 2021-11-25 14:57:32,891: topic[/rosout] removing connection to /rosout
[rospy.internal][INFO] 2021-11-25 14:57:32,891: topic[/move_group/fake_controller_joint_states] removing connection to http://wng:38537/
[rospy.impl.masterslave][INFO] 2021-11-25 14:57:32,891: signal-2
[rospy.core][INFO] 2021-11-25 14:57:32,992: signal_shutdown [atexit]
