[rospy.client][INFO] 2021-09-18 20:34:15,222: init_node, name[/joint_state_publisher], pid[26558]
[xmlrpc][INFO] 2021-09-18 20:34:15,222: XML-RPC server binding to 0.0.0.0:0
[xmlrpc][INFO] 2021-09-18 20:34:15,222: Started XML-RPC server [http://wng:36463/]
[rospy.impl.masterslave][INFO] 2021-09-18 20:34:15,222: _ready: http://wng:36463/
[rospy.registration][INFO] 2021-09-18 20:34:15,223: Registering with master node http://localhost:11311
[xmlrpc][INFO] 2021-09-18 20:34:15,225: xml rpc node: starting XML-RPC server
[rospy.init][INFO] 2021-09-18 20:34:15,229: ROS Slave URI: [http://wng:36463/]
[rospy.init][INFO] 2021-09-18 20:34:15,229: registered with master
[rospy.rosout][INFO] 2021-09-18 20:34:15,229: initializing /rosout core topic
[rospy.rosout][INFO] 2021-09-18 20:34:15,232: connected to core topic /rosout
[rospy.simtime][INFO] 2021-09-18 20:34:15,237: /use_sim_time is not set, will not subscribe to simulated time [/clock] topic
[rospy.internal][INFO] 2021-09-18 20:34:15,346: topic[/move_group/fake_controller_joint_states] adding connection to [http://wng:41145/], count 0
[rospy.internal][INFO] 2021-09-18 20:34:15,453: topic[/rosout] adding connection to [/rosout], count 0
[rospy.internal][INFO] 2021-09-18 20:34:15,555: topic[/joint_states] adding connection to [/robot_state_publisher], count 0
[rospy.internal][INFO] 2021-09-18 20:34:15,570: topic[/joint_states] adding connection to [/joint_state_desired_publisher], count 1
[rospy.internal][INFO] 2021-09-18 20:35:44,716: topic[/joint_states] adding connection to [/move_group_commander_wrappers_1631964880675360976], count 2
[rospy.internal][INFO] 2021-09-18 20:53:51,696: topic[/joint_states] removing connection to /move_group_commander_wrappers_1631964880675360976
[rospy.core][INFO] 2021-09-18 20:58:09,650: signal_shutdown [signal-2]
[rospy.internal][INFO] 2021-09-18 20:58:09,652: topic[/joint_states] removing connection to /robot_state_publisher
[rospy.internal][INFO] 2021-09-18 20:58:09,652: topic[/joint_states] removing connection to /joint_state_desired_publisher
[rospy.internal][INFO] 2021-09-18 20:58:09,653: topic[/rosout] removing connection to /rosout
[rospy.internal][INFO] 2021-09-18 20:58:09,653: topic[/move_group/fake_controller_joint_states] removing connection to http://wng:41145/
[rospy.impl.masterslave][INFO] 2021-09-18 20:58:09,658: signal-2
[rospy.core][INFO] 2021-09-18 20:58:09,790: signal_shutdown [atexit]
