[rospy.client][INFO] 2021-09-06 16:17:04,380: init_node, name[/joint_state_publisher], pid[1445]
[xmlrpc][INFO] 2021-09-06 16:17:04,380: XML-RPC server binding to 0.0.0.0:0
[xmlrpc][INFO] 2021-09-06 16:17:04,380: Started XML-RPC server [http://wng:38259/]
[rospy.init][INFO] 2021-09-06 16:17:04,381: ROS Slave URI: [http://wng:38259/]
[rospy.impl.masterslave][INFO] 2021-09-06 16:17:04,381: _ready: http://wng:38259/
[rospy.registration][INFO] 2021-09-06 16:17:04,381: Registering with master node http://localhost:11311
[xmlrpc][INFO] 2021-09-06 16:17:04,381: xml rpc node: starting XML-RPC server
[rospy.init][INFO] 2021-09-06 16:17:04,481: registered with master
[rospy.rosout][INFO] 2021-09-06 16:17:04,481: initializing /rosout core topic
[rospy.rosout][INFO] 2021-09-06 16:17:04,484: connected to core topic /rosout
[rospy.simtime][INFO] 2021-09-06 16:17:04,484: /use_sim_time is not set, will not subscribe to simulated time [/clock] topic
[rospy.internal][INFO] 2021-09-06 16:17:04,546: topic[/move_group/fake_controller_joint_states] adding connection to [http://wng:37109/], count 0
[rospy.internal][INFO] 2021-09-06 16:17:04,781: topic[/rosout] adding connection to [/rosout], count 0
[rospy.internal][INFO] 2021-09-06 16:17:04,782: topic[/joint_states] adding connection to [/joint_state_desired_publisher], count 0
[rospy.internal][INFO] 2021-09-06 16:17:04,881: topic[/joint_states] adding connection to [/robot_state_publisher], count 1
[rospy.internal][INFO] 2021-09-06 16:17:37,322: topic[/joint_states] adding connection to [/move_group_commander_wrappers_1630912636458328114], count 2
[rospy.internal][INFO] 2021-09-06 16:39:19,262: topic[/joint_states] removing connection to /move_group_commander_wrappers_1630912636458328114
[rospy.core][INFO] 2021-09-06 16:43:37,564: signal_shutdown [signal-2]
[rospy.internal][INFO] 2021-09-06 16:43:37,567: topic[/joint_states] removing connection to /joint_state_desired_publisher
[rospy.internal][INFO] 2021-09-06 16:43:37,567: topic[/joint_states] removing connection to /robot_state_publisher
[rospy.internal][INFO] 2021-09-06 16:43:37,567: topic[/rosout] removing connection to /rosout
[rospy.internal][INFO] 2021-09-06 16:43:37,567: topic[/move_group/fake_controller_joint_states] removing connection to http://wng:37109/
[rospy.internal][WARNING] 2021-09-06 16:43:37,568: Unknown error initiating TCP/IP socket to wng:34183 (http://wng:37109/): Traceback (most recent call last):
  File "/opt/ros/melodic/lib/python2.7/dist-packages/rospy/impl/tcpros_base.py", line 562, in connect
    self.read_header()
  File "/opt/ros/melodic/lib/python2.7/dist-packages/rospy/impl/tcpros_base.py", line 657, in read_header
    self._validate_header(read_ros_handshake_header(sock, self.read_buff, self.protocol.buff_size))
AttributeError: 'NoneType' object has no attribute 'buff_size'

[rospy.topics][ERROR] 2021-09-06 16:43:37,568: Traceback (most recent call last):
  File "/opt/ros/melodic/lib/python2.7/dist-packages/rospy/topics.py", line 326, in close
    c.close()
  File "/opt/ros/melodic/lib/python2.7/dist-packages/rospy/impl/tcpros_base.py", line 846, in close
    self.socket.close()
AttributeError: 'NoneType' object has no attribute 'close'

[rospy.impl.masterslave][INFO] 2021-09-06 16:43:37,568: signal-2
[rospy.core][INFO] 2021-09-06 16:43:37,732: signal_shutdown [atexit]
