[rospy.client][INFO] 2021-09-18 17:46:13,491: init_node, name[/joint_state_publisher], pid[16575]
[xmlrpc][INFO] 2021-09-18 17:46:13,491: XML-RPC server binding to 0.0.0.0:0
[xmlrpc][INFO] 2021-09-18 17:46:13,491: Started XML-RPC server [http://wng:34179/]
[rospy.impl.masterslave][INFO] 2021-09-18 17:46:13,491: _ready: http://wng:34179/
[xmlrpc][INFO] 2021-09-18 17:46:13,491: xml rpc node: starting XML-RPC server
[rospy.registration][INFO] 2021-09-18 17:46:13,497: Registering with master node http://localhost:11311
[rospy.init][INFO] 2021-09-18 17:46:13,501: ROS Slave URI: [http://wng:34179/]
[rospy.init][INFO] 2021-09-18 17:46:13,501: registered with master
[rospy.rosout][INFO] 2021-09-18 17:46:13,501: initializing /rosout core topic
[rospy.rosout][INFO] 2021-09-18 17:46:13,504: connected to core topic /rosout
[rospy.simtime][INFO] 2021-09-18 17:46:13,505: /use_sim_time is not set, will not subscribe to simulated time [/clock] topic
[rospy.internal][INFO] 2021-09-18 17:46:13,572: topic[/move_group/fake_controller_joint_states] adding connection to [http://wng:37447/], count 0
[rospy.internal][INFO] 2021-09-18 17:46:13,719: topic[/rosout] adding connection to [/rosout], count 0
[rospy.internal][INFO] 2021-09-18 17:46:13,815: topic[/joint_states] adding connection to [/joint_state_desired_publisher], count 0
[rospy.internal][INFO] 2021-09-18 17:46:13,815: topic[/joint_states] adding connection to [/robot_state_publisher], count 1
[rospy.internal][INFO] 2021-09-18 17:46:58,385: topic[/joint_states] adding connection to [/move_group_commander_wrappers_1631954790031706432], count 2
[rospy.internal][INFO] 2021-09-18 18:18:08,350: topic[/joint_states] removing connection to /move_group_commander_wrappers_1631954790031706432
[rospy.core][INFO] 2021-09-18 18:18:22,125: signal_shutdown [signal-2]
[rospy.internal][INFO] 2021-09-18 18:18:22,127: topic[/joint_states] removing connection to /joint_state_desired_publisher
[rospy.internal][INFO] 2021-09-18 18:18:22,131: topic[/joint_states] removing connection to /robot_state_publisher
[rospy.internal][INFO] 2021-09-18 18:18:22,137: topic[/rosout] removing connection to /rosout
[rospy.internal][INFO] 2021-09-18 18:18:22,141: topic[/move_group/fake_controller_joint_states] removing connection to http://wng:37447/
[rospy.impl.masterslave][INFO] 2021-09-18 18:18:22,141: signal-2
[rospy.core][INFO] 2021-09-18 18:18:22,273: signal_shutdown [atexit]
