[rospy.client][INFO] 2021-09-23 13:21:54,223: init_node, name[/joint_state_publisher], pid[4423]
[xmlrpc][INFO] 2021-09-23 13:21:54,223: XML-RPC server binding to 0.0.0.0:0
[xmlrpc][INFO] 2021-09-23 13:21:54,224: Started XML-RPC server [http://wng:39271/]
[rospy.init][INFO] 2021-09-23 13:21:54,224: ROS Slave URI: [http://wng:39271/]
[rospy.impl.masterslave][INFO] 2021-09-23 13:21:54,224: _ready: http://wng:39271/
[rospy.registration][INFO] 2021-09-23 13:21:54,224: Registering with master node http://localhost:11311
[xmlrpc][INFO] 2021-09-23 13:21:54,224: xml rpc node: starting XML-RPC server
[rospy.init][INFO] 2021-09-23 13:21:54,324: registered with master
[rospy.rosout][INFO] 2021-09-23 13:21:54,324: initializing /rosout core topic
[rospy.rosout][INFO] 2021-09-23 13:21:54,326: connected to core topic /rosout
[rospy.simtime][INFO] 2021-09-23 13:21:54,327: /use_sim_time is not set, will not subscribe to simulated time [/clock] topic
[rospy.internal][INFO] 2021-09-23 13:21:54,389: topic[/move_group/fake_controller_joint_states] adding connection to [http://wng:41831/], count 0
[rospy.internal][INFO] 2021-09-23 13:21:54,601: topic[/rosout] adding connection to [/rosout], count 0
[rospy.internal][INFO] 2021-09-23 13:21:54,601: topic[/joint_states] adding connection to [/joint_state_desired_publisher], count 0
[rospy.internal][INFO] 2021-09-23 13:21:54,602: topic[/joint_states] adding connection to [/robot_state_publisher], count 1
[rospy.internal][INFO] 2021-09-23 13:22:29,702: topic[/joint_states] adding connection to [/move_group_commander_wrappers_1632370925719624926], count 2
[rospy.internal][INFO] 2021-09-23 13:52:17,542: topic[/joint_states] removing connection to /move_group_commander_wrappers_1632370925719624926
[rospy.core][INFO] 2021-09-23 13:52:23,599: signal_shutdown [signal-2]
[rospy.internal][INFO] 2021-09-23 13:52:23,602: topic[/joint_states] removing connection to /joint_state_desired_publisher
[rospy.internal][INFO] 2021-09-23 13:52:23,602: topic[/joint_states] removing connection to /robot_state_publisher
[rospy.internal][INFO] 2021-09-23 13:52:23,603: topic[/rosout] removing connection to /rosout
[rospy.internal][INFO] 2021-09-23 13:52:23,603: topic[/move_group/fake_controller_joint_states] removing connection to http://wng:41831/
[rospy.impl.masterslave][INFO] 2021-09-23 13:52:23,606: signal-2
[rospy.core][INFO] 2021-09-23 13:52:23,741: signal_shutdown [atexit]
