[rospy.client][INFO] 2021-09-23 13:21:54,725: init_node, name[/server_endpoint], pid[4421]
[xmlrpc][INFO] 2021-09-23 13:21:54,726: XML-RPC server binding to 0.0.0.0:0
[xmlrpc][INFO] 2021-09-23 13:21:54,726: Started XML-RPC server [http://wng:43663/]
[rospy.init][INFO] 2021-09-23 13:21:54,726: ROS Slave URI: [http://wng:43663/]
[rospy.impl.masterslave][INFO] 2021-09-23 13:21:54,726: _ready: http://wng:43663/
[rospy.registration][INFO] 2021-09-23 13:21:54,726: Registering with master node http://localhost:11311
[xmlrpc][INFO] 2021-09-23 13:21:54,726: xml rpc node: starting XML-RPC server
[rospy.init][INFO] 2021-09-23 13:21:54,826: registered with master
[rospy.rosout][INFO] 2021-09-23 13:21:54,827: initializing /rosout core topic
[rospy.rosout][INFO] 2021-09-23 13:21:54,828: connected to core topic /rosout
[rospy.simtime][INFO] 2021-09-23 13:21:54,829: /use_sim_time is not set, will not subscribe to simulated time [/clock] topic
[rosout][INFO] 2021-09-23 13:21:54,844: Starting server on 192.168.1.146:10000
[rospy.internal][INFO] 2021-09-23 13:21:55,101: topic[/rosout] adding connection to [/rosout], count 0
[rosout][INFO] 2021-09-23 13:21:59,495: Connection from 192.168.1.146
[rosout][INFO] 2021-09-23 13:21:59,499: RegisterPublisher(execution_check, <class 'panda_move.msg._ExecutionCheck.ExecutionCheck'>) OK
[rospy.internal][INFO] 2021-09-23 13:21:59,558: topic[/execution_check] adding connection to [http://wng:43663/], count 0
[rospy.internal][INFO] 2021-09-23 13:21:59,559: topic[/execution_check] adding connection to [/server_endpoint], count 0
[rospy.core][INFO] 2021-09-23 13:52:23,601: signal_shutdown [signal-2]
[rospy.internal][INFO] 2021-09-23 13:52:23,609: topic[/execution_check] removing connection to /server_endpoint
[rospy.internal][INFO] 2021-09-23 13:52:23,609: topic[/rosout] removing connection to /rosout
[rospy.internal][INFO] 2021-09-23 13:52:23,610: topic[/execution_check] removing connection to http://wng:43663/
[rospy.topics][ERROR] 2021-09-23 13:52:23,610: Traceback (most recent call last):
  File "/opt/ros/melodic/lib/python2.7/dist-packages/rospy/topics.py", line 326, in close
    c.close()
  File "/opt/ros/melodic/lib/python2.7/dist-packages/rospy/impl/tcpros_base.py", line 846, in close
    self.socket.close()
AttributeError: 'NoneType' object has no attribute 'close'

[rospy.impl.masterslave][INFO] 2021-09-23 13:52:23,611: signal-2
[rospy.internal][WARNING] 2021-09-23 13:52:23,610: Unknown error initiating TCP/IP socket to wng:37813 (http://wng:43663/): Traceback (most recent call last):
  File "/opt/ros/melodic/lib/python2.7/dist-packages/rospy/impl/tcpros_base.py", line 562, in connect
    self.read_header()
  File "/opt/ros/melodic/lib/python2.7/dist-packages/rospy/impl/tcpros_base.py", line 657, in read_header
    self._validate_header(read_ros_handshake_header(sock, self.read_buff, self.protocol.buff_size))
AttributeError: 'NoneType' object has no attribute 'buff_size'

[rospy.core][INFO] 2021-09-23 13:52:24,225: signal_shutdown [atexit]
