[rospy.client][INFO] 2021-09-23 10:57:13,042: init_node, name[/joint_state_publisher], pid[29175]
[xmlrpc][INFO] 2021-09-23 10:57:13,042: XML-RPC server binding to 0.0.0.0:0
[xmlrpc][INFO] 2021-09-23 10:57:13,043: Started XML-RPC server [http://wng:46717/]
[rospy.init][INFO] 2021-09-23 10:57:13,043: ROS Slave URI: [http://wng:46717/]
[rospy.impl.masterslave][INFO] 2021-09-23 10:57:13,043: _ready: http://wng:46717/
[xmlrpc][INFO] 2021-09-23 10:57:13,043: xml rpc node: starting XML-RPC server
[rospy.registration][INFO] 2021-09-23 10:57:13,043: Registering with master node http://localhost:11311
[rospy.init][INFO] 2021-09-23 10:57:13,143: registered with master
[rospy.rosout][INFO] 2021-09-23 10:57:13,143: initializing /rosout core topic
[rospy.rosout][INFO] 2021-09-23 10:57:13,145: connected to core topic /rosout
[rospy.simtime][INFO] 2021-09-23 10:57:13,146: /use_sim_time is not set, will not subscribe to simulated time [/clock] topic
[rospy.internal][INFO] 2021-09-23 10:57:13,208: topic[/move_group/fake_controller_joint_states] adding connection to [http://wng:37625/], count 0
[rospy.internal][INFO] 2021-09-23 10:57:13,415: topic[/rosout] adding connection to [/rosout], count 0
[rospy.internal][INFO] 2021-09-23 10:57:13,421: topic[/joint_states] adding connection to [/joint_state_desired_publisher], count 0
[rospy.internal][INFO] 2021-09-23 10:57:13,425: topic[/joint_states] adding connection to [/robot_state_publisher], count 1
[rospy.core][INFO] 2021-09-23 10:57:46,091: signal_shutdown [signal-2]
[rospy.internal][INFO] 2021-09-23 10:57:46,093: topic[/joint_states] removing connection to /joint_state_desired_publisher
[rospy.internal][INFO] 2021-09-23 10:57:46,094: topic[/joint_states] removing connection to /robot_state_publisher
[rospy.internal][INFO] 2021-09-23 10:57:46,094: topic[/rosout] removing connection to /rosout
[rospy.internal][INFO] 2021-09-23 10:57:46,095: topic[/move_group/fake_controller_joint_states] removing connection to http://wng:37625/
[rospy.impl.masterslave][INFO] 2021-09-23 10:57:46,095: signal-2
[rospy.core][INFO] 2021-09-23 10:57:46,259: signal_shutdown [atexit]
