[rospy.client][INFO] 2021-09-23 10:25:53,109: init_node, name[/LowLevelMotion_24956_1632360353086], pid[24956]
[xmlrpc][INFO] 2021-09-23 10:25:53,110: XML-RPC server binding to 0.0.0.0:0
[xmlrpc][INFO] 2021-09-23 10:25:53,110: Started XML-RPC server [http://wng:41415/]
[rospy.init][INFO] 2021-09-23 10:25:53,110: ROS Slave URI: [http://wng:41415/]
[rospy.impl.masterslave][INFO] 2021-09-23 10:25:53,110: _ready: http://wng:41415/
[rospy.registration][INFO] 2021-09-23 10:25:53,111: Registering with master node http://localhost:11311
[xmlrpc][INFO] 2021-09-23 10:25:53,111: xml rpc node: starting XML-RPC server
[rospy.init][INFO] 2021-09-23 10:25:53,210: registered with master
[rospy.rosout][INFO] 2021-09-23 10:25:53,211: initializing /rosout core topic
[rospy.rosout][INFO] 2021-09-23 10:25:53,212: connected to core topic /rosout
[rospy.simtime][INFO] 2021-09-23 10:25:53,213: /use_sim_time is not set, will not subscribe to simulated time [/clock] topic
[rospy.internal][INFO] 2021-09-23 10:25:54,815: topic[/rosout] adding connection to [/rosout], count 0
[rospy.internal][INFO] 2021-09-23 10:25:54,815: topic[/collision_object] adding connection to [/move_group], count 0
[rospy.internal][INFO] 2021-09-23 10:25:54,816: topic[/attached_collision_object] adding connection to [/move_group], count 0
[rospy.internal][INFO] 2021-09-23 10:26:05,432: topic[/tf] adding connection to [http://wng:39197/], count 0
[rospy.internal][INFO] 2021-09-23 10:26:05,432: topic[/tf_static] adding connection to [http://wng:39197/], count 0
[rospy.core][INFO] 2021-09-23 10:26:06,783: signal_shutdown [signal-2]
[rospy.internal][INFO] 2021-09-23 10:26:06,785: topic[/collision_object] removing connection to /move_group
[rospy.internal][INFO] 2021-09-23 10:26:06,785: topic[/attached_collision_object] removing connection to /move_group
[rospy.internal][INFO] 2021-09-23 10:26:06,785: topic[/rosout] removing connection to /rosout
[rospy.internal][INFO] 2021-09-23 10:26:06,785: topic[/tf_static] removing connection to http://wng:39197/
[rospy.internal][INFO] 2021-09-23 10:26:06,785: topic[/tf] removing connection to http://wng:39197/
[rospy.impl.masterslave][INFO] 2021-09-23 10:26:06,786: signal-2
