[rospy.client][INFO] 2021-11-24 13:39:39,535: init_node, name[/joint_state_publisher], pid[30879]
[xmlrpc][INFO] 2021-11-24 13:39:39,535: XML-RPC server binding to 0.0.0.0:0
[xmlrpc][INFO] 2021-11-24 13:39:39,535: Started XML-RPC server [http://wng:32913/]
[rospy.init][INFO] 2021-11-24 13:39:39,535: ROS Slave URI: [http://wng:32913/]
[rospy.impl.masterslave][INFO] 2021-11-24 13:39:39,535: _ready: http://wng:32913/
[rospy.registration][INFO] 2021-11-24 13:39:39,536: Registering with master node http://localhost:11311
[xmlrpc][INFO] 2021-11-24 13:39:39,536: xml rpc node: starting XML-RPC server
[rospy.init][INFO] 2021-11-24 13:39:39,635: registered with master
[rospy.rosout][INFO] 2021-11-24 13:39:39,636: initializing /rosout core topic
[rospy.rosout][INFO] 2021-11-24 13:39:39,637: connected to core topic /rosout
[rospy.simtime][INFO] 2021-11-24 13:39:39,637: /use_sim_time is not set, will not subscribe to simulated time [/clock] topic
[rospy.internal][INFO] 2021-11-24 13:39:39,700: topic[/move_group/fake_controller_joint_states] adding connection to [http://wng:36199/], count 0
[rospy.internal][INFO] 2021-11-24 13:39:39,916: topic[/rosout] adding connection to [/rosout], count 0
[rospy.internal][INFO] 2021-11-24 13:39:39,917: topic[/joint_states] adding connection to [/joint_state_desired_publisher], count 0
[rospy.internal][INFO] 2021-11-24 13:39:40,016: topic[/joint_states] adding connection to [/robot_state_publisher], count 1
[rospy.internal][INFO] 2021-11-24 13:40:21,541: topic[/joint_states] adding connection to [/move_group_commander_wrappers_1637728793502575701], count 2
[rospy.internal][INFO] 2021-11-24 14:10:29,453: topic[/joint_states] removing connection to /move_group_commander_wrappers_1637728793502575701
[rospy.core][INFO] 2021-11-24 14:10:50,104: signal_shutdown [signal-2]
[rospy.internal][INFO] 2021-11-24 14:10:50,108: topic[/joint_states] removing connection to /joint_state_desired_publisher
[rospy.internal][INFO] 2021-11-24 14:10:50,111: topic[/joint_states] removing connection to /robot_state_publisher
[rospy.internal][INFO] 2021-11-24 14:10:50,111: topic[/rosout] removing connection to /rosout
[rospy.internal][INFO] 2021-11-24 14:10:50,111: topic[/move_group/fake_controller_joint_states] removing connection to http://wng:36199/
[rospy.impl.masterslave][INFO] 2021-11-24 14:10:50,111: signal-2
[rospy.core][INFO] 2021-11-24 14:10:50,244: signal_shutdown [atexit]
