[rospy.client][INFO] 2021-09-23 10:35:15,154: init_node, name[/joint_state_publisher], pid[26152]
[xmlrpc][INFO] 2021-09-23 10:35:15,154: XML-RPC server binding to 0.0.0.0:0
[xmlrpc][INFO] 2021-09-23 10:35:15,154: Started XML-RPC server [http://wng:37321/]
[rospy.init][INFO] 2021-09-23 10:35:15,155: ROS Slave URI: [http://wng:37321/]
[rospy.impl.masterslave][INFO] 2021-09-23 10:35:15,155: _ready: http://wng:37321/
[xmlrpc][INFO] 2021-09-23 10:35:15,155: xml rpc node: starting XML-RPC server
[rospy.registration][INFO] 2021-09-23 10:35:15,155: Registering with master node http://localhost:11311
[rospy.init][INFO] 2021-09-23 10:35:15,255: registered with master
[rospy.rosout][INFO] 2021-09-23 10:35:15,255: initializing /rosout core topic
[rospy.rosout][INFO] 2021-09-23 10:35:15,257: connected to core topic /rosout
[rospy.simtime][INFO] 2021-09-23 10:35:15,258: /use_sim_time is not set, will not subscribe to simulated time [/clock] topic
[rospy.internal][INFO] 2021-09-23 10:35:15,319: topic[/move_group/fake_controller_joint_states] adding connection to [http://wng:45767/], count 0
[rospy.internal][INFO] 2021-09-23 10:35:15,495: topic[/joint_states] adding connection to [/joint_state_desired_publisher], count 0
[rospy.internal][INFO] 2021-09-23 10:35:15,497: topic[/rosout] adding connection to [/rosout], count 0
[rospy.internal][INFO] 2021-09-23 10:35:15,498: topic[/joint_states] adding connection to [/robot_state_publisher], count 1
[rospy.core][INFO] 2021-09-23 10:35:44,810: signal_shutdown [signal-2]
[rospy.internal][INFO] 2021-09-23 10:35:44,812: topic[/joint_states] removing connection to /joint_state_desired_publisher
[rospy.internal][INFO] 2021-09-23 10:35:44,812: topic[/joint_states] removing connection to /robot_state_publisher
[rospy.internal][INFO] 2021-09-23 10:35:44,812: topic[/rosout] removing connection to /rosout
[rospy.internal][INFO] 2021-09-23 10:35:44,812: topic[/move_group/fake_controller_joint_states] removing connection to http://wng:45767/
[rospy.impl.masterslave][INFO] 2021-09-23 10:35:44,813: signal-2
[rospy.core][INFO] 2021-09-23 10:35:44,945: signal_shutdown [atexit]
