[rospy.client][INFO] 2021-09-09 15:09:09,136: init_node, name[/joint_state_publisher], pid[24590]
[xmlrpc][INFO] 2021-09-09 15:09:09,136: XML-RPC server binding to 0.0.0.0:0
[rospy.init][INFO] 2021-09-09 15:09:09,137: ROS Slave URI: [http://wng:43221/]
[xmlrpc][INFO] 2021-09-09 15:09:09,137: Started XML-RPC server [http://wng:43221/]
[rospy.impl.masterslave][INFO] 2021-09-09 15:09:09,137: _ready: http://wng:43221/
[xmlrpc][INFO] 2021-09-09 15:09:09,137: xml rpc node: starting XML-RPC server
[rospy.registration][INFO] 2021-09-09 15:09:09,137: Registering with master node http://localhost:11311
[rospy.init][INFO] 2021-09-09 15:09:09,237: registered with master
[rospy.rosout][INFO] 2021-09-09 15:09:09,237: initializing /rosout core topic
[rospy.rosout][INFO] 2021-09-09 15:09:09,239: connected to core topic /rosout
[rospy.simtime][INFO] 2021-09-09 15:09:09,240: /use_sim_time is not set, will not subscribe to simulated time [/clock] topic
[rospy.internal][INFO] 2021-09-09 15:09:09,302: topic[/move_group/fake_controller_joint_states] adding connection to [http://wng:42797/], count 0
[rospy.internal][INFO] 2021-09-09 15:09:09,503: topic[/joint_states] adding connection to [/joint_state_desired_publisher], count 0
[rospy.internal][INFO] 2021-09-09 15:09:09,504: topic[/rosout] adding connection to [/rosout], count 0
[rospy.internal][INFO] 2021-09-09 15:09:09,504: topic[/joint_states] adding connection to [/robot_state_publisher], count 1
[rospy.internal][INFO] 2021-09-09 15:10:19,565: topic[/joint_states] adding connection to [/move_group_commander_wrappers_1631167758434064395], count 2
[rospy.internal][INFO] 2021-09-09 15:29:46,355: topic[/joint_states] removing connection to /move_group_commander_wrappers_1631167758434064395
[rospy.core][INFO] 2021-09-09 15:30:36,671: signal_shutdown [signal-2]
[rospy.internal][INFO] 2021-09-09 15:30:36,674: topic[/joint_states] removing connection to /joint_state_desired_publisher
[rospy.internal][INFO] 2021-09-09 15:30:36,674: topic[/joint_states] removing connection to /robot_state_publisher
[rospy.internal][INFO] 2021-09-09 15:30:36,674: topic[/rosout] removing connection to /rosout
[rospy.internal][INFO] 2021-09-09 15:30:36,674: topic[/move_group/fake_controller_joint_states] removing connection to http://wng:42797/
[rospy.impl.masterslave][INFO] 2021-09-09 15:30:36,675: signal-2
[rospy.core][INFO] 2021-09-09 15:30:36,806: signal_shutdown [atexit]
