[rospy.client][INFO] 2021-09-09 15:09:09,644: init_node, name[/server_endpoint], pid[24588]
[xmlrpc][INFO] 2021-09-09 15:09:09,644: XML-RPC server binding to 0.0.0.0:0
[xmlrpc][INFO] 2021-09-09 15:09:09,644: Started XML-RPC server [http://wng:37725/]
[rospy.init][INFO] 2021-09-09 15:09:09,644: ROS Slave URI: [http://wng:37725/]
[rospy.impl.masterslave][INFO] 2021-09-09 15:09:09,644: _ready: http://wng:37725/
[rospy.registration][INFO] 2021-09-09 15:09:09,645: Registering with master node http://localhost:11311
[xmlrpc][INFO] 2021-09-09 15:09:09,645: xml rpc node: starting XML-RPC server
[rospy.init][INFO] 2021-09-09 15:09:09,745: registered with master
[rospy.rosout][INFO] 2021-09-09 15:09:09,745: initializing /rosout core topic
[rospy.rosout][INFO] 2021-09-09 15:09:09,746: connected to core topic /rosout
[rospy.simtime][INFO] 2021-09-09 15:09:09,746: /use_sim_time is not set, will not subscribe to simulated time [/clock] topic
[rosout][INFO] 2021-09-09 15:09:09,753: Starting server on 192.168.1.146:10000
[rospy.internal][INFO] 2021-09-09 15:09:10,005: topic[/rosout] adding connection to [/rosout], count 0
[rosout][INFO] 2021-09-09 15:09:27,185: Connection from 192.168.1.146
[rosout][INFO] 2021-09-09 15:09:27,189: RegisterPublisher(execution_check, <class 'panda_move.msg._ExecutionCheck.ExecutionCheck'>) OK
[rospy.internal][INFO] 2021-09-09 15:09:27,277: topic[/execution_check] adding connection to [http://wng:37725/], count 0
[rospy.internal][INFO] 2021-09-09 15:09:27,278: topic[/execution_check] adding connection to [/server_endpoint], count 0
[rosout][ERROR] 2021-09-09 15:29:54,036: Exception: No more data available
[rosout][INFO] 2021-09-09 15:29:54,037: Disconnected from 192.168.1.146
[rospy.core][INFO] 2021-09-09 15:30:36,671: signal_shutdown [signal-2]
[rospy.internal][INFO] 2021-09-09 15:30:36,675: topic[/execution_check] removing connection to /server_endpoint
[rospy.internal][INFO] 2021-09-09 15:30:36,675: topic[/rosout] removing connection to /rosout
[rospy.internal][INFO] 2021-09-09 15:30:36,675: topic[/execution_check] removing connection to http://wng:37725/
[rospy.impl.masterslave][INFO] 2021-09-09 15:30:36,675: signal-2
[rospy.internal][ERROR] 2021-09-09 15:30:36,676: Unable to initiate TCP/IP socket to wng:33535 (http://wng:37725/): Traceback (most recent call last):
  File "/opt/ros/melodic/lib/python2.7/dist-packages/rospy/impl/tcpros_base.py", line 562, in connect
    self.read_header()
  File "/opt/ros/melodic/lib/python2.7/dist-packages/rospy/impl/tcpros_base.py", line 657, in read_header
    self._validate_header(read_ros_handshake_header(sock, self.read_buff, self.protocol.buff_size))
  File "/opt/ros/melodic/lib/python2.7/dist-packages/rospy/impl/tcpros_base.py", line 600, in _validate_header
    raise TransportInitError("remote error reported: %s"%header['error'])
TransportInitError: remote error reported: node shutting down

[rospy.core][INFO] 2021-09-09 15:30:36,807: signal_shutdown [atexit]
