[rospy.client][INFO] 2021-12-14 10:47:58,829: init_node, name[/joint_state_publisher], pid[21059]
[xmlrpc][INFO] 2021-12-14 10:47:58,829: XML-RPC server binding to 0.0.0.0:0
[xmlrpc][INFO] 2021-12-14 10:47:58,829: Started XML-RPC server [http://wng:43847/]
[rospy.init][INFO] 2021-12-14 10:47:58,829: ROS Slave URI: [http://wng:43847/]
[rospy.impl.masterslave][INFO] 2021-12-14 10:47:58,829: _ready: http://wng:43847/
[rospy.registration][INFO] 2021-12-14 10:47:58,830: Registering with master node http://localhost:11311
[xmlrpc][INFO] 2021-12-14 10:47:58,830: xml rpc node: starting XML-RPC server
[rospy.init][INFO] 2021-12-14 10:47:58,930: registered with master
[rospy.rosout][INFO] 2021-12-14 10:47:58,930: initializing /rosout core topic
[rospy.rosout][INFO] 2021-12-14 10:47:58,932: connected to core topic /rosout
[rospy.simtime][INFO] 2021-12-14 10:47:58,932: /use_sim_time is not set, will not subscribe to simulated time [/clock] topic
[rospy.internal][INFO] 2021-12-14 10:47:59,000: topic[/move_group/fake_controller_joint_states] adding connection to [http://wng:35593/], count 0
[rospy.internal][INFO] 2021-12-14 10:47:59,189: topic[/rosout] adding connection to [/rosout], count 0
[rospy.internal][INFO] 2021-12-14 10:47:59,190: topic[/joint_states] adding connection to [/joint_state_desired_publisher], count 0
[rospy.internal][INFO] 2021-12-14 10:47:59,190: topic[/joint_states] adding connection to [/robot_state_publisher], count 1
[rospy.internal][INFO] 2021-12-14 10:48:33,569: topic[/joint_states] adding connection to [/move_group_commander_wrappers_1639446487204155166], count 2
[rospy.core][INFO] 2021-12-14 10:50:05,713: signal_shutdown [signal-2]
[rospy.internal][INFO] 2021-12-14 10:50:05,719: topic[/joint_states] removing connection to /joint_state_desired_publisher
[rospy.internal][INFO] 2021-12-14 10:50:05,719: topic[/joint_states] removing connection to /robot_state_publisher
[rospy.internal][INFO] 2021-12-14 10:50:05,719: topic[/joint_states] removing connection to /move_group_commander_wrappers_1639446487204155166
[rospy.internal][INFO] 2021-12-14 10:50:05,719: topic[/rosout] removing connection to /rosout
[rospy.internal][INFO] 2021-12-14 10:50:05,719: topic[/move_group/fake_controller_joint_states] removing connection to http://wng:35593/
[rospy.impl.masterslave][INFO] 2021-12-14 10:50:05,719: signal-2
[rospy.core][INFO] 2021-12-14 10:50:05,851: signal_shutdown [atexit]
