[rospy.client][INFO] 2021-12-14 10:47:59,046: init_node, name[/server_endpoint], pid[21057]
[xmlrpc][INFO] 2021-12-14 10:47:59,047: XML-RPC server binding to 0.0.0.0:0
[xmlrpc][INFO] 2021-12-14 10:47:59,047: Started XML-RPC server [http://wng:39911/]
[rospy.init][INFO] 2021-12-14 10:47:59,047: ROS Slave URI: [http://wng:39911/]
[rospy.impl.masterslave][INFO] 2021-12-14 10:47:59,047: _ready: http://wng:39911/
[rospy.registration][INFO] 2021-12-14 10:47:59,048: Registering with master node http://localhost:11311
[xmlrpc][INFO] 2021-12-14 10:47:59,048: xml rpc node: starting XML-RPC server
[rospy.init][INFO] 2021-12-14 10:47:59,147: registered with master
[rospy.rosout][INFO] 2021-12-14 10:47:59,148: initializing /rosout core topic
[rospy.rosout][INFO] 2021-12-14 10:47:59,149: connected to core topic /rosout
[rospy.simtime][INFO] 2021-12-14 10:47:59,149: /use_sim_time is not set, will not subscribe to simulated time [/clock] topic
[rosout][INFO] 2021-12-14 10:47:59,155: Starting server on 192.168.0.8:10000
[rospy.internal][INFO] 2021-12-14 10:47:59,392: topic[/rosout] adding connection to [/rosout], count 0
[rosout][INFO] 2021-12-14 10:48:02,664: Connection from 192.168.0.8
[rosout][INFO] 2021-12-14 10:48:02,669: RegisterPublisher(execution_check, <class 'panda_move.msg._ExecutionCheck.ExecutionCheck'>) OK
[rospy.internal][INFO] 2021-12-14 10:48:02,727: topic[/execution_check] adding connection to [http://wng:39911/], count 0
[rospy.internal][INFO] 2021-12-14 10:48:02,729: topic[/execution_check] adding connection to [/server_endpoint], count 0
[rospy.core][INFO] 2021-12-14 10:50:05,713: signal_shutdown [signal-2]
[rospy.internal][INFO] 2021-12-14 10:50:05,720: topic[/execution_check] removing connection to /server_endpoint
[rospy.internal][INFO] 2021-12-14 10:50:05,720: topic[/rosout] removing connection to /rosout
[rospy.internal][INFO] 2021-12-14 10:50:05,721: topic[/execution_check] removing connection to http://wng:39911/
[rospy.impl.masterslave][INFO] 2021-12-14 10:50:05,721: signal-2
[rospy.internal][ERROR] 2021-12-14 10:50:05,721: Unable to initiate TCP/IP socket to wng:44107 (http://wng:39911/): Traceback (most recent call last):
  File "/opt/ros/melodic/lib/python2.7/dist-packages/rospy/impl/tcpros_base.py", line 562, in connect
    self.read_header()
  File "/opt/ros/melodic/lib/python2.7/dist-packages/rospy/impl/tcpros_base.py", line 657, in read_header
    self._validate_header(read_ros_handshake_header(sock, self.read_buff, self.protocol.buff_size))
  File "/opt/ros/melodic/lib/python2.7/dist-packages/rospy/impl/tcpros_base.py", line 600, in _validate_header
    raise TransportInitError("remote error reported: %s"%header['error'])
TransportInitError: remote error reported: node shutting down

[rospy.core][INFO] 2021-12-14 10:50:05,828: signal_shutdown [atexit]
