[rospy.client][INFO] 2021-11-26 15:11:48,239: init_node, name[/joint_state_publisher], pid[31426]
[xmlrpc][INFO] 2021-11-26 15:11:48,239: XML-RPC server binding to 0.0.0.0:0
[xmlrpc][INFO] 2021-11-26 15:11:48,239: Started XML-RPC server [http://wng:45005/]
[rospy.init][INFO] 2021-11-26 15:11:48,239: ROS Slave URI: [http://wng:45005/]
[rospy.impl.masterslave][INFO] 2021-11-26 15:11:48,239: _ready: http://wng:45005/
[rospy.registration][INFO] 2021-11-26 15:11:48,240: Registering with master node http://localhost:11311
[xmlrpc][INFO] 2021-11-26 15:11:48,240: xml rpc node: starting XML-RPC server
[rospy.init][INFO] 2021-11-26 15:11:48,339: registered with master
[rospy.rosout][INFO] 2021-11-26 15:11:48,340: initializing /rosout core topic
[rospy.rosout][INFO] 2021-11-26 15:11:48,341: connected to core topic /rosout
[rospy.simtime][INFO] 2021-11-26 15:11:48,341: /use_sim_time is not set, will not subscribe to simulated time [/clock] topic
[rospy.internal][INFO] 2021-11-26 15:11:48,404: topic[/move_group/fake_controller_joint_states] adding connection to [http://wng:32795/], count 0
[rospy.internal][INFO] 2021-11-26 15:11:48,598: topic[/rosout] adding connection to [/rosout], count 0
[rospy.internal][INFO] 2021-11-26 15:11:48,599: topic[/joint_states] adding connection to [/joint_state_desired_publisher], count 0
[rospy.internal][INFO] 2021-11-26 15:11:48,698: topic[/joint_states] adding connection to [/robot_state_publisher], count 1
[rospy.internal][INFO] 2021-11-26 15:12:29,056: topic[/joint_states] adding connection to [/move_group_commander_wrappers_1637907118709666458], count 2
[rospy.internal][INFO] 2021-11-26 15:45:12,857: topic[/joint_states] removing connection to /move_group_commander_wrappers_1637907118709666458
[rospy.core][INFO] 2021-11-26 15:59:41,375: signal_shutdown [signal-2]
[rospy.internal][INFO] 2021-11-26 15:59:41,377: topic[/joint_states] removing connection to /joint_state_desired_publisher
[rospy.internal][INFO] 2021-11-26 15:59:41,383: topic[/joint_states] removing connection to /robot_state_publisher
[rospy.internal][INFO] 2021-11-26 15:59:41,383: topic[/rosout] removing connection to /rosout
[rospy.internal][INFO] 2021-11-26 15:59:41,383: topic[/move_group/fake_controller_joint_states] removing connection to http://wng:32795/
[rospy.impl.masterslave][INFO] 2021-11-26 15:59:41,383: signal-2
[rospy.core][INFO] 2021-11-26 15:59:41,998: signal_shutdown [atexit]
