[rospy.client][INFO] 2021-09-06 15:23:04,778: init_node, name[/joint_state_publisher], pid[26436]
[xmlrpc][INFO] 2021-09-06 15:23:04,778: XML-RPC server binding to 0.0.0.0:0
[xmlrpc][INFO] 2021-09-06 15:23:04,779: Started XML-RPC server [http://wng:41187/]
[rospy.init][INFO] 2021-09-06 15:23:04,779: ROS Slave URI: [http://wng:41187/]
[rospy.impl.masterslave][INFO] 2021-09-06 15:23:04,779: _ready: http://wng:41187/
[rospy.registration][INFO] 2021-09-06 15:23:04,779: Registering with master node http://localhost:11311
[xmlrpc][INFO] 2021-09-06 15:23:04,779: xml rpc node: starting XML-RPC server
[rospy.init][INFO] 2021-09-06 15:23:04,879: registered with master
[rospy.rosout][INFO] 2021-09-06 15:23:04,879: initializing /rosout core topic
[rospy.rosout][INFO] 2021-09-06 15:23:04,882: connected to core topic /rosout
[rospy.simtime][INFO] 2021-09-06 15:23:04,882: /use_sim_time is not set, will not subscribe to simulated time [/clock] topic
[rospy.internal][INFO] 2021-09-06 15:23:04,944: topic[/move_group/fake_controller_joint_states] adding connection to [http://wng:35375/], count 0
[rospy.internal][INFO] 2021-09-06 15:23:05,145: topic[/rosout] adding connection to [/rosout], count 0
[rospy.internal][INFO] 2021-09-06 15:23:05,156: topic[/joint_states] adding connection to [/joint_state_desired_publisher], count 0
[rospy.internal][INFO] 2021-09-06 15:23:05,156: topic[/joint_states] adding connection to [/robot_state_publisher], count 1
[rospy.core][INFO] 2021-09-06 15:23:30,655: signal_shutdown [signal-2]
[rospy.internal][INFO] 2021-09-06 15:23:30,660: topic[/joint_states] removing connection to /joint_state_desired_publisher
[rospy.internal][INFO] 2021-09-06 15:23:30,661: topic[/joint_states] removing connection to /robot_state_publisher
[rospy.internal][INFO] 2021-09-06 15:23:30,661: topic[/rosout] removing connection to /rosout
[rospy.internal][INFO] 2021-09-06 15:23:30,662: topic[/move_group/fake_controller_joint_states] removing connection to http://wng:35375/
[rospy.impl.masterslave][INFO] 2021-09-06 15:23:30,663: signal-2
[rospy.core][INFO] 2021-09-06 15:23:30,778: signal_shutdown [atexit]
