[rospy.client][INFO] 2021-09-06 15:23:10,979: init_node, name[/PandaMove], pid[26435]
[xmlrpc][INFO] 2021-09-06 15:23:10,979: XML-RPC server binding to 0.0.0.0:0
[xmlrpc][INFO] 2021-09-06 15:23:10,979: Started XML-RPC server [http://wng:42683/]
[rospy.init][INFO] 2021-09-06 15:23:10,979: ROS Slave URI: [http://wng:42683/]
[rospy.impl.masterslave][INFO] 2021-09-06 15:23:10,979: _ready: http://wng:42683/
[rospy.registration][INFO] 2021-09-06 15:23:10,980: Registering with master node http://localhost:11311
[xmlrpc][INFO] 2021-09-06 15:23:10,980: xml rpc node: starting XML-RPC server
[rospy.init][INFO] 2021-09-06 15:23:11,080: registered with master
[rospy.rosout][INFO] 2021-09-06 15:23:11,080: initializing /rosout core topic
[rospy.rosout][INFO] 2021-09-06 15:23:11,081: connected to core topic /rosout
[rospy.simtime][INFO] 2021-09-06 15:23:11,082: /use_sim_time is not set, will not subscribe to simulated time [/clock] topic
[rospy.internal][INFO] 2021-09-06 15:23:12,897: topic[/rosout] adding connection to [/rosout], count 0
[rospy.internal][INFO] 2021-09-06 15:23:12,921: topic[/collision_object] adding connection to [/move_group], count 0
[rospy.internal][INFO] 2021-09-06 15:23:12,922: topic[/attached_collision_object] adding connection to [/move_group], count 0
[rosout][INFO] 2021-09-06 15:23:12,922: wait for update_place_pose_state
[rospy.internal][INFO] 2021-09-06 15:23:13,012: topic[/tf_static] adding connection to [/move_group], count 0
[rospy.internal][INFO] 2021-09-06 15:23:13,048: topic[/tf_static] adding connection to [/move_group_commander_wrappers_1630909390952561907], count 1
[rospy.internal][INFO] 2021-09-06 15:23:13,049: topic[/tf_static] adding connection to [/rviz_wng_26398_8250647535808449737], count 2
[rospy.internal][INFO] 2021-09-06 15:23:13,149: topic[/action] adding connection to [/rviz_wng_26398_8250647535808449737], count 0
[rosout][INFO] 2021-09-06 15:23:13,624: pan
[rosout][INFO] 2021-09-06 15:23:13,632: wait for update_place_pose_state
[rosout][INFO] 2021-09-06 15:23:14,342: pot
[rosout][INFO] 2021-09-06 15:23:14,372: wait for update_place_pose_state
[rosout][INFO] 2021-09-06 15:23:15,078: plate
[rosout][INFO] 2021-09-06 15:23:15,086: wait for update_place_pose_state
[rosout][INFO] 2021-09-06 15:23:15,799: bowl
[rosout][INFO] 2021-09-06 15:23:15,813: wait for update_place_pose_state
[rosout][INFO] 2021-09-06 15:23:16,527: spatula
[rosout][INFO] 2021-09-06 15:23:16,533: wait for update_place_pose_state
[rosout][INFO] 2021-09-06 15:23:17,249: spreader
[rosout][INFO] 2021-09-06 15:23:17,256: wait for update_place_pose_state
[rosout][INFO] 2021-09-06 15:23:17,978: scooper
[rosout][INFO] 2021-09-06 15:23:17,984: wait for update_place_pose_state
[rosout][INFO] 2021-09-06 15:23:18,706: knife
[rosout][INFO] 2021-09-06 15:23:18,714: wait for update_place_pose_state
[rosout][INFO] 2021-09-06 15:23:19,437: cutting_board
[rosout][INFO] 2021-09-06 15:23:19,446: wait for update_place_pose_state
[rosout][INFO] 2021-09-06 15:23:20,172: bacon
[rosout][INFO] 2021-09-06 15:23:20,180: wait for update_place_pose_state
[rosout][INFO] 2021-09-06 15:23:20,908: ham
[rosout][INFO] 2021-09-06 15:23:20,912: wait for update_place_pose_state
[rosout][INFO] 2021-09-06 15:23:21,650: tomato
[rosout][INFO] 2021-09-06 15:23:21,660: wait for update_place_pose_state
[rosout][ERROR] 2021-09-06 15:23:22,394: 'garlic_bread'
[rosout][INFO] 2021-09-06 15:23:22,395: wait for update_place_pose_state
[rosout][ERROR] 2021-09-06 15:23:23,105: cannot get object pose: garlic_bread1
[rosout][ERROR] 2021-09-06 15:23:23,106: list index out of range
[rosout][ERROR] 2021-09-06 15:23:23,107: self.objects
[rospy.core][INFO] 2021-09-06 15:23:23,118: signal_shutdown [atexit]
[rospy.internal][INFO] 2021-09-06 15:23:23,120: topic[/collision_object] removing connection to /move_group
[rospy.internal][INFO] 2021-09-06 15:23:23,121: topic[/rosout] removing connection to /rosout
[rospy.internal][INFO] 2021-09-06 15:23:23,121: topic[/tf_static] removing connection to /move_group
[rospy.internal][INFO] 2021-09-06 15:23:23,121: topic[/tf_static] removing connection to /move_group_commander_wrappers_1630909390952561907
[rospy.internal][INFO] 2021-09-06 15:23:23,121: topic[/tf_static] removing connection to /rviz_wng_26398_8250647535808449737
[rospy.internal][INFO] 2021-09-06 15:23:23,121: topic[/attached_collision_object] removing connection to /move_group
[rospy.internal][INFO] 2021-09-06 15:23:23,121: topic[/action] removing connection to /rviz_wng_26398_8250647535808449737
[rospy.impl.masterslave][INFO] 2021-09-06 15:23:23,121: atexit
