[rospy.client][INFO] 2021-09-18 19:45:54,903: init_node, name[/joint_state_publisher], pid[21894]
[xmlrpc][INFO] 2021-09-18 19:45:54,903: XML-RPC server binding to 0.0.0.0:0
[xmlrpc][INFO] 2021-09-18 19:45:54,904: Started XML-RPC server [http://wng:43027/]
[rospy.init][INFO] 2021-09-18 19:45:54,904: ROS Slave URI: [http://wng:43027/]
[rospy.impl.masterslave][INFO] 2021-09-18 19:45:54,904: _ready: http://wng:43027/
[rospy.registration][INFO] 2021-09-18 19:45:54,904: Registering with master node http://localhost:11311
[xmlrpc][INFO] 2021-09-18 19:45:54,904: xml rpc node: starting XML-RPC server
[rospy.init][INFO] 2021-09-18 19:45:55,004: registered with master
[rospy.rosout][INFO] 2021-09-18 19:45:55,004: initializing /rosout core topic
[rospy.rosout][INFO] 2021-09-18 19:45:55,006: connected to core topic /rosout
[rospy.simtime][INFO] 2021-09-18 19:45:55,007: /use_sim_time is not set, will not subscribe to simulated time [/clock] topic
[rospy.internal][INFO] 2021-09-18 19:45:55,069: topic[/move_group/fake_controller_joint_states] adding connection to [http://wng:46183/], count 0
[rospy.internal][INFO] 2021-09-18 19:45:55,183: topic[/joint_states] adding connection to [/joint_state_desired_publisher], count 0
[rospy.internal][INFO] 2021-09-18 19:45:55,283: topic[/rosout] adding connection to [/rosout], count 0
[rospy.internal][INFO] 2021-09-18 19:45:55,383: topic[/joint_states] adding connection to [/robot_state_publisher], count 1
[rospy.internal][INFO] 2021-09-18 19:46:34,327: topic[/joint_states] adding connection to [/move_group_commander_wrappers_1631961966646037372], count 2
[rospy.internal][INFO] 2021-09-18 20:04:56,021: topic[/joint_states] removing connection to /move_group_commander_wrappers_1631961966646037372
[rospy.core][INFO] 2021-09-18 20:05:14,466: signal_shutdown [signal-2]
[rospy.internal][INFO] 2021-09-18 20:05:14,470: topic[/joint_states] removing connection to /joint_state_desired_publisher
[rospy.internal][INFO] 2021-09-18 20:05:14,470: topic[/joint_states] removing connection to /robot_state_publisher
[rospy.internal][INFO] 2021-09-18 20:05:14,470: topic[/rosout] removing connection to /rosout
[rospy.internal][INFO] 2021-09-18 20:05:14,471: topic[/move_group/fake_controller_joint_states] removing connection to http://wng:46183/
[rospy.impl.masterslave][INFO] 2021-09-18 20:05:14,471: signal-2
[rospy.internal][WARNING] 2021-09-18 20:05:14,541: Unknown error initiating TCP/IP socket to wng:57009 (http://wng:46183/): Traceback (most recent call last):
  File "/opt/ros/melodic/lib/python2.7/dist-packages/rospy/impl/tcpros_base.py", line 562, in connect
    self.read_header()
  File "/opt/ros/melodic/lib/python2.7/dist-packages/rospy/impl/tcpros_base.py", line 657, in read_header
    self._validate_header(read_ros_handshake_header(sock, self.read_buff, self.protocol.buff_size))
  File "/opt/ros/melodic/lib/python2.7/dist-packages/rosgraph/network.py", line 359, in read_ros_handshake_header
    raise ROSHandshakeException("connection from sender terminated before handshake header received. %s bytes were received. Please check sender for additional details."%b.tell())
ROSHandshakeException: connection from sender terminated before handshake header received. 0 bytes were received. Please check sender for additional details.

[rospy.core][INFO] 2021-09-18 20:05:14,586: signal_shutdown [atexit]
