[rospy.client][INFO] 2021-09-07 12:55:12,844: init_node, name[/server_endpoint], pid[16949]
[xmlrpc][INFO] 2021-09-07 12:55:12,844: XML-RPC server binding to 0.0.0.0:0
[xmlrpc][INFO] 2021-09-07 12:55:12,845: Started XML-RPC server [http://wng:32973/]
[rospy.init][INFO] 2021-09-07 12:55:12,845: ROS Slave URI: [http://wng:32973/]
[rospy.impl.masterslave][INFO] 2021-09-07 12:55:12,845: _ready: http://wng:32973/
[rospy.registration][INFO] 2021-09-07 12:55:12,845: Registering with master node http://localhost:11311
[xmlrpc][INFO] 2021-09-07 12:55:12,845: xml rpc node: starting XML-RPC server
[rospy.init][INFO] 2021-09-07 12:55:12,945: registered with master
[rospy.rosout][INFO] 2021-09-07 12:55:12,945: initializing /rosout core topic
[rospy.rosout][INFO] 2021-09-07 12:55:12,947: connected to core topic /rosout
[rospy.simtime][INFO] 2021-09-07 12:55:12,949: /use_sim_time is not set, will not subscribe to simulated time [/clock] topic
[rosout][INFO] 2021-09-07 12:55:12,967: Starting server on 192.168.1.146:10000
[rospy.internal][INFO] 2021-09-07 12:55:13,231: topic[/rosout] adding connection to [/rosout], count 0
[rosout][INFO] 2021-09-07 12:55:25,044: Connection from 192.168.1.146
[rosout][INFO] 2021-09-07 12:55:25,048: RegisterPublisher(execution_check, <class 'panda_move.msg._ExecutionCheck.ExecutionCheck'>) OK
[rospy.internal][INFO] 2021-09-07 12:55:25,079: topic[/execution_check] adding connection to [http://wng:32973/], count 0
[rospy.internal][INFO] 2021-09-07 12:55:25,080: topic[/execution_check] adding connection to [/server_endpoint], count 0
[rospy.core][INFO] 2021-09-07 13:07:14,814: signal_shutdown [signal-2]
[rospy.internal][INFO] 2021-09-07 13:07:14,818: topic[/execution_check] removing connection to /server_endpoint
[rospy.internal][INFO] 2021-09-07 13:07:14,819: topic[/rosout] removing connection to /rosout
[rospy.internal][ERROR] 2021-09-07 13:07:14,819: Unable to initiate TCP/IP socket to wng:42823 (http://wng:32973/): Traceback (most recent call last):
  File "/opt/ros/melodic/lib/python2.7/dist-packages/rospy/impl/tcpros_base.py", line 562, in connect
    self.read_header()
  File "/opt/ros/melodic/lib/python2.7/dist-packages/rospy/impl/tcpros_base.py", line 657, in read_header
    self._validate_header(read_ros_handshake_header(sock, self.read_buff, self.protocol.buff_size))
  File "/opt/ros/melodic/lib/python2.7/dist-packages/rospy/impl/tcpros_base.py", line 600, in _validate_header
    raise TransportInitError("remote error reported: %s"%header['error'])
TransportInitError: remote error reported: node shutting down

[rospy.internal][INFO] 2021-09-07 13:07:14,819: topic[/execution_check] removing connection to http://wng:32973/
[rospy.impl.masterslave][INFO] 2021-09-07 13:07:14,820: signal-2
[rospy.core][INFO] 2021-09-07 13:07:14,951: signal_shutdown [atexit]
