[rospy.client][INFO] 2021-09-19 12:34:40,046: init_node, name[/joint_state_publisher], pid[19693]
[xmlrpc][INFO] 2021-09-19 12:34:40,046: XML-RPC server binding to 0.0.0.0:0
[xmlrpc][INFO] 2021-09-19 12:34:40,046: Started XML-RPC server [http://wng:44125/]
[rospy.init][INFO] 2021-09-19 12:34:40,046: ROS Slave URI: [http://wng:44125/]
[rospy.impl.masterslave][INFO] 2021-09-19 12:34:40,046: _ready: http://wng:44125/
[rospy.registration][INFO] 2021-09-19 12:34:40,047: Registering with master node http://localhost:11311
[xmlrpc][INFO] 2021-09-19 12:34:40,047: xml rpc node: starting XML-RPC server
[rospy.init][INFO] 2021-09-19 12:34:40,147: registered with master
[rospy.rosout][INFO] 2021-09-19 12:34:40,147: initializing /rosout core topic
[rospy.rosout][INFO] 2021-09-19 12:34:40,151: connected to core topic /rosout
[rospy.simtime][INFO] 2021-09-19 12:34:40,153: /use_sim_time is not set, will not subscribe to simulated time [/clock] topic
[rospy.internal][INFO] 2021-09-19 12:34:40,212: topic[/move_group/fake_controller_joint_states] adding connection to [http://wng:38659/], count 0
[rospy.internal][INFO] 2021-09-19 12:34:40,435: topic[/rosout] adding connection to [/rosout], count 0
[rospy.internal][INFO] 2021-09-19 12:34:40,436: topic[/joint_states] adding connection to [/joint_state_desired_publisher], count 0
[rospy.internal][INFO] 2021-09-19 12:34:40,437: topic[/joint_states] adding connection to [/robot_state_publisher], count 1
[rospy.internal][INFO] 2021-09-19 12:35:14,579: topic[/joint_states] adding connection to [/move_group_commander_wrappers_1632022486596481426], count 2
[rospy.internal][INFO] 2021-09-19 13:06:25,021: topic[/joint_states] removing connection to /move_group_commander_wrappers_1632022486596481426
[rospy.core][INFO] 2021-09-19 13:06:29,138: signal_shutdown [signal-2]
[rospy.internal][INFO] 2021-09-19 13:06:29,141: topic[/joint_states] removing connection to /joint_state_desired_publisher
[rospy.internal][INFO] 2021-09-19 13:06:29,142: topic[/joint_states] removing connection to /robot_state_publisher
[rospy.internal][INFO] 2021-09-19 13:06:29,144: topic[/rosout] removing connection to /rosout
[rospy.internal][INFO] 2021-09-19 13:06:29,144: topic[/move_group/fake_controller_joint_states] removing connection to http://wng:38659/
[rospy.impl.masterslave][INFO] 2021-09-19 13:06:29,145: signal-2
[rospy.core][INFO] 2021-09-19 13:06:29,309: signal_shutdown [atexit]
