[rospy.client][INFO] 2021-09-19 12:34:40,302: init_node, name[/server_endpoint], pid[19691]
[xmlrpc][INFO] 2021-09-19 12:34:40,303: XML-RPC server binding to 0.0.0.0:0
[xmlrpc][INFO] 2021-09-19 12:34:40,303: Started XML-RPC server [http://wng:38015/]
[rospy.init][INFO] 2021-09-19 12:34:40,303: ROS Slave URI: [http://wng:38015/]
[rospy.impl.masterslave][INFO] 2021-09-19 12:34:40,303: _ready: http://wng:38015/
[rospy.registration][INFO] 2021-09-19 12:34:40,305: Registering with master node http://localhost:11311
[xmlrpc][INFO] 2021-09-19 12:34:40,305: xml rpc node: starting XML-RPC server
[rospy.init][INFO] 2021-09-19 12:34:40,403: registered with master
[rospy.rosout][INFO] 2021-09-19 12:34:40,404: initializing /rosout core topic
[rospy.rosout][INFO] 2021-09-19 12:34:40,405: connected to core topic /rosout
[rospy.simtime][INFO] 2021-09-19 12:34:40,405: /use_sim_time is not set, will not subscribe to simulated time [/clock] topic
[rosout][INFO] 2021-09-19 12:34:40,411: Starting server on 192.168.1.146:10000
[rospy.internal][INFO] 2021-09-19 12:34:40,538: topic[/rosout] adding connection to [/rosout], count 0
[rosout][INFO] 2021-09-19 12:34:52,272: Connection from 192.168.1.146
[rosout][INFO] 2021-09-19 12:34:52,276: RegisterPublisher(execution_check, <class 'panda_move.msg._ExecutionCheck.ExecutionCheck'>) OK
[rospy.internal][INFO] 2021-09-19 12:34:52,351: topic[/execution_check] adding connection to [http://wng:38015/], count 0
[rospy.internal][INFO] 2021-09-19 12:34:52,352: topic[/execution_check] adding connection to [/server_endpoint], count 0
[rospy.core][INFO] 2021-09-19 13:06:29,138: signal_shutdown [signal-2]
[rospy.internal][INFO] 2021-09-19 13:06:29,141: topic[/execution_check] removing connection to /server_endpoint
[rospy.internal][INFO] 2021-09-19 13:06:29,141: topic[/rosout] removing connection to /rosout
[rospy.internal][INFO] 2021-09-19 13:06:29,142: topic[/execution_check] removing connection to http://wng:38015/
[rospy.impl.masterslave][INFO] 2021-09-19 13:06:29,142: signal-2
[rospy.core][INFO] 2021-09-19 13:06:29,306: signal_shutdown [atexit]
