[rospy.client][INFO] 2021-09-23 09:16:22,270: init_node, name[/joint_state_publisher], pid[19764]
[xmlrpc][INFO] 2021-09-23 09:16:22,271: XML-RPC server binding to 0.0.0.0:0
[xmlrpc][INFO] 2021-09-23 09:16:22,271: Started XML-RPC server [http://wng:36653/]
[rospy.impl.masterslave][INFO] 2021-09-23 09:16:22,271: _ready: http://wng:36653/
[rospy.registration][INFO] 2021-09-23 09:16:22,271: Registering with master node http://localhost:11311
[rospy.init][INFO] 2021-09-23 09:16:22,274: ROS Slave URI: [http://wng:36653/]
[rospy.init][INFO] 2021-09-23 09:16:22,274: registered with master
[rospy.rosout][INFO] 2021-09-23 09:16:22,274: initializing /rosout core topic
[xmlrpc][INFO] 2021-09-23 09:16:22,277: xml rpc node: starting XML-RPC server
[rospy.rosout][INFO] 2021-09-23 09:16:22,282: connected to core topic /rosout
[rospy.simtime][INFO] 2021-09-23 09:16:22,283: /use_sim_time is not set, will not subscribe to simulated time [/clock] topic
[rospy.internal][INFO] 2021-09-23 09:16:22,394: topic[/move_group/fake_controller_joint_states] adding connection to [http://wng:45131/], count 0
[rospy.internal][INFO] 2021-09-23 09:16:22,518: topic[/rosout] adding connection to [/rosout], count 0
[rospy.internal][INFO] 2021-09-23 09:16:22,618: topic[/joint_states] adding connection to [/joint_state_desired_publisher], count 0
[rospy.internal][INFO] 2021-09-23 09:16:22,629: topic[/joint_states] adding connection to [/robot_state_publisher], count 1
[rospy.internal][INFO] 2021-09-23 09:16:54,844: topic[/joint_states] adding connection to [/move_group_commander_wrappers_1632356189834600183], count 2
[rospy.internal][INFO] 2021-09-23 09:47:42,368: topic[/joint_states] removing connection to /move_group_commander_wrappers_1632356189834600183
[rospy.core][INFO] 2021-09-23 09:47:49,591: signal_shutdown [signal-2]
[rospy.internal][INFO] 2021-09-23 09:47:49,598: topic[/joint_states] removing connection to /joint_state_desired_publisher
[rospy.internal][INFO] 2021-09-23 09:47:49,599: topic[/joint_states] removing connection to /robot_state_publisher
[rospy.internal][INFO] 2021-09-23 09:47:49,599: topic[/rosout] removing connection to /rosout
[rospy.internal][INFO] 2021-09-23 09:47:49,599: topic[/move_group/fake_controller_joint_states] removing connection to http://wng:45131/
[rospy.impl.masterslave][INFO] 2021-09-23 09:47:49,600: signal-2
[rospy.internal][WARNING] 2021-09-23 09:47:49,638: Unknown error initiating TCP/IP socket to wng:36461 (http://wng:45131/): Traceback (most recent call last):
  File "/opt/ros/melodic/lib/python2.7/dist-packages/rospy/impl/tcpros_base.py", line 562, in connect
    self.read_header()
  File "/opt/ros/melodic/lib/python2.7/dist-packages/rospy/impl/tcpros_base.py", line 657, in read_header
    self._validate_header(read_ros_handshake_header(sock, self.read_buff, self.protocol.buff_size))
  File "/opt/ros/melodic/lib/python2.7/dist-packages/rosgraph/network.py", line 357, in read_ros_handshake_header
    d = sock.recv(buff_size)
error: [Errno 104] Connection reset by peer

[rospy.core][INFO] 2021-09-23 09:47:50,214: signal_shutdown [atexit]
