[rospy.client][INFO] 2021-12-09 21:19:16,736: init_node, name[/joint_state_publisher], pid[6233]
[xmlrpc][INFO] 2021-12-09 21:19:16,736: XML-RPC server binding to 0.0.0.0:0
[xmlrpc][INFO] 2021-12-09 21:19:16,737: Started XML-RPC server [http://wng:40159/]
[rospy.init][INFO] 2021-12-09 21:19:16,737: ROS Slave URI: [http://wng:40159/]
[rospy.impl.masterslave][INFO] 2021-12-09 21:19:16,737: _ready: http://wng:40159/
[rospy.registration][INFO] 2021-12-09 21:19:16,737: Registering with master node http://localhost:11311
[xmlrpc][INFO] 2021-12-09 21:19:16,737: xml rpc node: starting XML-RPC server
[rospy.init][INFO] 2021-12-09 21:19:16,837: registered with master
[rospy.rosout][INFO] 2021-12-09 21:19:16,838: initializing /rosout core topic
[rospy.rosout][INFO] 2021-12-09 21:19:16,840: connected to core topic /rosout
[rospy.simtime][INFO] 2021-12-09 21:19:16,840: /use_sim_time is not set, will not subscribe to simulated time [/clock] topic
[rospy.internal][INFO] 2021-12-09 21:19:16,902: topic[/move_group/fake_controller_joint_states] adding connection to [http://wng:46729/], count 0
[rospy.internal][INFO] 2021-12-09 21:19:16,999: topic[/rosout] adding connection to [/rosout], count 0
[rospy.internal][INFO] 2021-12-09 21:19:17,099: topic[/joint_states] adding connection to [/joint_state_desired_publisher], count 0
[rospy.internal][INFO] 2021-12-09 21:19:17,100: topic[/joint_states] adding connection to [/robot_state_publisher], count 1
[rospy.internal][INFO] 2021-12-09 21:20:47,726: topic[/joint_states] adding connection to [/move_group_commander_wrappers_1639052363855549805], count 2
[rospy.internal][INFO] 2021-12-09 21:35:55,172: topic[/joint_states] removing connection to /move_group_commander_wrappers_1639052363855549805
[rospy.core][INFO] 2021-12-09 22:22:59,134: signal_shutdown [signal-2]
[rospy.internal][INFO] 2021-12-09 22:22:59,139: topic[/joint_states] removing connection to /joint_state_desired_publisher
[rospy.internal][INFO] 2021-12-09 22:22:59,139: topic[/joint_states] removing connection to /robot_state_publisher
[rospy.internal][INFO] 2021-12-09 22:22:59,140: topic[/rosout] removing connection to /rosout
[rospy.internal][INFO] 2021-12-09 22:22:59,140: topic[/move_group/fake_controller_joint_states] removing connection to http://wng:46729/
[rospy.impl.masterslave][INFO] 2021-12-09 22:22:59,140: signal-2
[rospy.core][INFO] 2021-12-09 22:22:59,256: signal_shutdown [atexit]
