[rospy.client][INFO] 2021-12-09 21:19:17,039: init_node, name[/server_endpoint], pid[6231]
[xmlrpc][INFO] 2021-12-09 21:19:17,039: XML-RPC server binding to 0.0.0.0:0
[xmlrpc][INFO] 2021-12-09 21:19:17,039: Started XML-RPC server [http://wng:40031/]
[rospy.init][INFO] 2021-12-09 21:19:17,040: ROS Slave URI: [http://wng:40031/]
[rospy.impl.masterslave][INFO] 2021-12-09 21:19:17,040: _ready: http://wng:40031/
[rospy.registration][INFO] 2021-12-09 21:19:17,040: Registering with master node http://localhost:11311
[xmlrpc][INFO] 2021-12-09 21:19:17,040: xml rpc node: starting XML-RPC server
[rospy.init][INFO] 2021-12-09 21:19:17,140: registered with master
[rospy.rosout][INFO] 2021-12-09 21:19:17,140: initializing /rosout core topic
[rospy.rosout][INFO] 2021-12-09 21:19:17,141: connected to core topic /rosout
[rospy.simtime][INFO] 2021-12-09 21:19:17,142: /use_sim_time is not set, will not subscribe to simulated time [/clock] topic
[rosout][INFO] 2021-12-09 21:19:17,148: Starting server on 192.168.0.8:10000
[rospy.internal][INFO] 2021-12-09 21:19:17,401: topic[/rosout] adding connection to [/rosout], count 0
[rosout][INFO] 2021-12-09 21:19:20,418: Connection from 192.168.0.8
[rosout][INFO] 2021-12-09 21:19:20,423: RegisterPublisher(execution_check, <class 'panda_move.msg._ExecutionCheck.ExecutionCheck'>) OK
[rospy.internal][INFO] 2021-12-09 21:19:20,520: topic[/execution_check] adding connection to [http://wng:40031/], count 0
[rospy.internal][INFO] 2021-12-09 21:19:20,521: topic[/execution_check] adding connection to [/server_endpoint], count 0
[rospy.core][INFO] 2021-12-09 22:22:59,134: signal_shutdown [signal-2]
[rospy.internal][INFO] 2021-12-09 22:22:59,140: topic[/execution_check] removing connection to /server_endpoint
[rospy.internal][INFO] 2021-12-09 22:22:59,141: topic[/rosout] removing connection to /rosout
[rospy.internal][INFO] 2021-12-09 22:22:59,141: topic[/execution_check] removing connection to http://wng:40031/
[rospy.impl.masterslave][INFO] 2021-12-09 22:22:59,141: signal-2
[rospy.core][INFO] 2021-12-09 22:22:59,305: signal_shutdown [atexit]
