[rospy.client][INFO] 2021-12-10 08:17:31,014: init_node, name[/joint_state_publisher], pid[5566]
[xmlrpc][INFO] 2021-12-10 08:17:31,015: XML-RPC server binding to 0.0.0.0:0
[xmlrpc][INFO] 2021-12-10 08:17:31,015: Started XML-RPC server [http://wng:40835/]
[rospy.init][INFO] 2021-12-10 08:17:31,015: ROS Slave URI: [http://wng:40835/]
[rospy.impl.masterslave][INFO] 2021-12-10 08:17:31,015: _ready: http://wng:40835/
[rospy.registration][INFO] 2021-12-10 08:17:31,016: Registering with master node http://localhost:11311
[xmlrpc][INFO] 2021-12-10 08:17:31,016: xml rpc node: starting XML-RPC server
[rospy.init][INFO] 2021-12-10 08:17:31,116: registered with master
[rospy.rosout][INFO] 2021-12-10 08:17:31,116: initializing /rosout core topic
[rospy.rosout][INFO] 2021-12-10 08:17:31,117: connected to core topic /rosout
[rospy.simtime][INFO] 2021-12-10 08:17:31,118: /use_sim_time is not set, will not subscribe to simulated time [/clock] topic
[rospy.internal][INFO] 2021-12-10 08:17:31,185: topic[/move_group/fake_controller_joint_states] adding connection to [http://wng:43605/], count 0
[rospy.internal][INFO] 2021-12-10 08:17:31,365: topic[/rosout] adding connection to [/rosout], count 0
[rospy.internal][INFO] 2021-12-10 08:17:31,366: topic[/joint_states] adding connection to [/joint_state_desired_publisher], count 0
[rospy.internal][INFO] 2021-12-10 08:17:31,366: topic[/joint_states] adding connection to [/robot_state_publisher], count 1
[rospy.internal][INFO] 2021-12-10 08:18:00,737: topic[/joint_states] adding connection to [/move_group_commander_wrappers_1639091859893022891], count 2
[rospy.internal][INFO] 2021-12-10 08:33:20,338: topic[/joint_states] removing connection to /move_group_commander_wrappers_1639091859893022891
[rospy.core][INFO] 2021-12-10 08:35:35,659: signal_shutdown [signal-2]
[rospy.internal][INFO] 2021-12-10 08:35:35,663: topic[/joint_states] removing connection to /joint_state_desired_publisher
[rospy.internal][INFO] 2021-12-10 08:35:35,664: topic[/joint_states] removing connection to /robot_state_publisher
[rospy.internal][INFO] 2021-12-10 08:35:35,664: topic[/rosout] removing connection to /rosout
[rospy.internal][INFO] 2021-12-10 08:35:35,664: topic[/move_group/fake_controller_joint_states] removing connection to http://wng:43605/
[rospy.internal][WARNING] 2021-12-10 08:35:35,665: Unknown error initiating TCP/IP socket to wng:48487 (http://wng:43605/): Traceback (most recent call last):
  File "/opt/ros/melodic/lib/python2.7/dist-packages/rospy/impl/tcpros_base.py", line 562, in connect
    self.read_header()
  File "/opt/ros/melodic/lib/python2.7/dist-packages/rospy/impl/tcpros_base.py", line 657, in read_header
    self._validate_header(read_ros_handshake_header(sock, self.read_buff, self.protocol.buff_size))
AttributeError: 'NoneType' object has no attribute 'buff_size'

[rospy.topics][ERROR] 2021-12-10 08:35:35,665: Traceback (most recent call last):
  File "/opt/ros/melodic/lib/python2.7/dist-packages/rospy/topics.py", line 326, in close
    c.close()
  File "/opt/ros/melodic/lib/python2.7/dist-packages/rospy/impl/tcpros_base.py", line 846, in close
    self.socket.close()
AttributeError: 'NoneType' object has no attribute 'close'

[rospy.impl.masterslave][INFO] 2021-12-10 08:35:35,665: signal-2
[rospy.core][INFO] 2021-12-10 08:35:35,829: signal_shutdown [atexit]
