[rospy.client][INFO] 2021-12-10 08:17:31,379: init_node, name[/server_endpoint], pid[5564]
[xmlrpc][INFO] 2021-12-10 08:17:31,379: XML-RPC server binding to 0.0.0.0:0
[xmlrpc][INFO] 2021-12-10 08:17:31,379: Started XML-RPC server [http://wng:43689/]
[rospy.init][INFO] 2021-12-10 08:17:31,380: ROS Slave URI: [http://wng:43689/]
[rospy.impl.masterslave][INFO] 2021-12-10 08:17:31,380: _ready: http://wng:43689/
[rospy.registration][INFO] 2021-12-10 08:17:31,380: Registering with master node http://localhost:11311
[xmlrpc][INFO] 2021-12-10 08:17:31,380: xml rpc node: starting XML-RPC server
[rospy.init][INFO] 2021-12-10 08:17:31,480: registered with master
[rospy.rosout][INFO] 2021-12-10 08:17:31,480: initializing /rosout core topic
[rospy.rosout][INFO] 2021-12-10 08:17:31,481: connected to core topic /rosout
[rospy.simtime][INFO] 2021-12-10 08:17:31,482: /use_sim_time is not set, will not subscribe to simulated time [/clock] topic
[rosout][INFO] 2021-12-10 08:17:31,488: Starting server on 192.168.0.8:10000
[rospy.internal][INFO] 2021-12-10 08:17:31,766: topic[/rosout] adding connection to [/rosout], count 0
[rosout][INFO] 2021-12-10 08:17:37,391: Connection from 192.168.0.8
[rosout][INFO] 2021-12-10 08:17:37,395: RegisterPublisher(execution_check, <class 'panda_move.msg._ExecutionCheck.ExecutionCheck'>) OK
[rospy.internal][INFO] 2021-12-10 08:17:37,497: topic[/execution_check] adding connection to [http://wng:43689/], count 0
[rospy.internal][INFO] 2021-12-10 08:17:37,498: topic[/execution_check] adding connection to [/server_endpoint], count 0
[rospy.core][INFO] 2021-12-10 08:35:35,659: signal_shutdown [signal-2]
[rospy.internal][INFO] 2021-12-10 08:35:35,664: topic[/execution_check] removing connection to /server_endpoint
[rospy.internal][INFO] 2021-12-10 08:35:35,665: topic[/rosout] removing connection to /rosout
[rospy.internal][INFO] 2021-12-10 08:35:35,665: topic[/execution_check] removing connection to http://wng:43689/
[rospy.impl.masterslave][INFO] 2021-12-10 08:35:35,665: signal-2
[rospy.internal][WARNING] 2021-12-10 08:35:35,666: Unknown error initiating TCP/IP socket to wng:34843 (http://wng:43689/): Traceback (most recent call last):
  File "/opt/ros/melodic/lib/python2.7/dist-packages/rospy/impl/tcpros_base.py", line 562, in connect
    self.read_header()
  File "/opt/ros/melodic/lib/python2.7/dist-packages/rospy/impl/tcpros_base.py", line 657, in read_header
    self._validate_header(read_ros_handshake_header(sock, self.read_buff, self.protocol.buff_size))
  File "/opt/ros/melodic/lib/python2.7/dist-packages/rosgraph/network.py", line 359, in read_ros_handshake_header
    raise ROSHandshakeException("connection from sender terminated before handshake header received. %s bytes were received. Please check sender for additional details."%b.tell())
ROSHandshakeException: connection from sender terminated before handshake header received. 0 bytes were received. Please check sender for additional details.

[rospy.core][INFO] 2021-12-10 08:35:35,829: signal_shutdown [atexit]
