[rospy.client][INFO] 2021-09-23 12:47:16,658: init_node, name[/joint_state_publisher], pid[32526]
[xmlrpc][INFO] 2021-09-23 12:47:16,659: XML-RPC server binding to 0.0.0.0:0
[xmlrpc][INFO] 2021-09-23 12:47:16,659: Started XML-RPC server [http://wng:45425/]
[rospy.init][INFO] 2021-09-23 12:47:16,659: ROS Slave URI: [http://wng:45425/]
[rospy.impl.masterslave][INFO] 2021-09-23 12:47:16,659: _ready: http://wng:45425/
[xmlrpc][INFO] 2021-09-23 12:47:16,660: xml rpc node: starting XML-RPC server
[rospy.registration][INFO] 2021-09-23 12:47:16,660: Registering with master node http://localhost:11311
[rospy.init][INFO] 2021-09-23 12:47:16,759: registered with master
[rospy.rosout][INFO] 2021-09-23 12:47:16,759: initializing /rosout core topic
[rospy.rosout][INFO] 2021-09-23 12:47:16,762: connected to core topic /rosout
[rospy.simtime][INFO] 2021-09-23 12:47:16,762: /use_sim_time is not set, will not subscribe to simulated time [/clock] topic
[rospy.internal][INFO] 2021-09-23 12:47:16,825: topic[/move_group/fake_controller_joint_states] adding connection to [http://wng:44659/], count 0
[rospy.internal][INFO] 2021-09-23 12:47:16,985: topic[/joint_states] adding connection to [/joint_state_desired_publisher], count 0
[rospy.internal][INFO] 2021-09-23 12:47:16,985: topic[/rosout] adding connection to [/rosout], count 0
[rospy.internal][INFO] 2021-09-23 12:47:16,986: topic[/joint_states] adding connection to [/robot_state_publisher], count 1
[rospy.internal][INFO] 2021-09-23 12:52:42,794: topic[/joint_states] adding connection to [/move_group_commander_wrappers_1632369134866569786], count 2
[rospy.internal][INFO] 2021-09-23 13:21:09,374: topic[/joint_states] removing connection to /move_group_commander_wrappers_1632369134866569786
[rospy.core][INFO] 2021-09-23 13:21:13,944: signal_shutdown [signal-2]
[rospy.internal][INFO] 2021-09-23 13:21:13,946: topic[/joint_states] removing connection to /joint_state_desired_publisher
[rospy.internal][INFO] 2021-09-23 13:21:13,953: topic[/joint_states] removing connection to /robot_state_publisher
[rospy.internal][INFO] 2021-09-23 13:21:13,953: topic[/rosout] removing connection to /rosout
[rospy.internal][INFO] 2021-09-23 13:21:13,954: topic[/move_group/fake_controller_joint_states] removing connection to http://wng:44659/
[rospy.impl.masterslave][INFO] 2021-09-23 13:21:13,954: signal-2
[rospy.core][INFO] 2021-09-23 13:21:14,568: signal_shutdown [atexit]
