[rospy.client][INFO] 2021-09-23 12:47:17,151: init_node, name[/server_endpoint], pid[32524]
[xmlrpc][INFO] 2021-09-23 12:47:17,151: XML-RPC server binding to 0.0.0.0:0
[xmlrpc][INFO] 2021-09-23 12:47:17,151: Started XML-RPC server [http://wng:34007/]
[rospy.init][INFO] 2021-09-23 12:47:17,151: ROS Slave URI: [http://wng:34007/]
[rospy.impl.masterslave][INFO] 2021-09-23 12:47:17,151: _ready: http://wng:34007/
[rospy.registration][INFO] 2021-09-23 12:47:17,152: Registering with master node http://localhost:11311
[xmlrpc][INFO] 2021-09-23 12:47:17,152: xml rpc node: starting XML-RPC server
[rospy.init][INFO] 2021-09-23 12:47:17,252: registered with master
[rospy.rosout][INFO] 2021-09-23 12:47:17,252: initializing /rosout core topic
[rospy.rosout][INFO] 2021-09-23 12:47:17,257: connected to core topic /rosout
[rospy.simtime][INFO] 2021-09-23 12:47:17,258: /use_sim_time is not set, will not subscribe to simulated time [/clock] topic
[rosout][INFO] 2021-09-23 12:47:17,267: Starting server on 192.168.1.146:10000
[rospy.internal][INFO] 2021-09-23 12:47:17,489: topic[/rosout] adding connection to [/rosout], count 0
[rosout][INFO] 2021-09-23 12:52:20,493: Connection from 192.168.1.146
[rosout][INFO] 2021-09-23 12:52:20,497: RegisterPublisher(execution_check, <class 'panda_move.msg._ExecutionCheck.ExecutionCheck'>) OK
[rospy.internal][INFO] 2021-09-23 12:52:20,550: topic[/execution_check] adding connection to [http://wng:34007/], count 0
[rospy.internal][INFO] 2021-09-23 12:52:20,551: topic[/execution_check] adding connection to [/server_endpoint], count 0
[rospy.core][INFO] 2021-09-23 13:21:13,949: signal_shutdown [signal-2]
[rospy.internal][INFO] 2021-09-23 13:21:13,956: topic[/execution_check] removing connection to /server_endpoint
[rospy.internal][INFO] 2021-09-23 13:21:13,956: topic[/rosout] removing connection to /rosout
[rospy.internal][INFO] 2021-09-23 13:21:13,956: topic[/execution_check] removing connection to http://wng:34007/
[rospy.impl.masterslave][INFO] 2021-09-23 13:21:13,957: signal-2
[rospy.internal][WARNING] 2021-09-23 13:21:13,957: Unknown error initiating TCP/IP socket to wng:33173 (http://wng:34007/): Traceback (most recent call last):
  File "/opt/ros/melodic/lib/python2.7/dist-packages/rospy/impl/tcpros_base.py", line 562, in connect
    self.read_header()
  File "/opt/ros/melodic/lib/python2.7/dist-packages/rospy/impl/tcpros_base.py", line 657, in read_header
    self._validate_header(read_ros_handshake_header(sock, self.read_buff, self.protocol.buff_size))
AttributeError: 'NoneType' object has no attribute 'buff_size'

[rospy.core][INFO] 2021-09-23 13:21:14,073: signal_shutdown [atexit]
