[rospy.client][INFO] 2021-09-23 15:33:03,343: init_node, name[/joint_state_publisher], pid[18692]
[xmlrpc][INFO] 2021-09-23 15:33:03,343: XML-RPC server binding to 0.0.0.0:0
[xmlrpc][INFO] 2021-09-23 15:33:03,343: Started XML-RPC server [http://wng:42589/]
[rospy.impl.masterslave][INFO] 2021-09-23 15:33:03,343: _ready: http://wng:42589/
[rospy.init][INFO] 2021-09-23 15:33:03,344: ROS Slave URI: [http://wng:42589/]
[xmlrpc][INFO] 2021-09-23 15:33:03,344: xml rpc node: starting XML-RPC server
[rospy.registration][INFO] 2021-09-23 15:33:03,344: Registering with master node http://localhost:11311
[rospy.init][INFO] 2021-09-23 15:33:03,445: registered with master
[rospy.rosout][INFO] 2021-09-23 15:33:03,445: initializing /rosout core topic
[rospy.rosout][INFO] 2021-09-23 15:33:03,447: connected to core topic /rosout
[rospy.simtime][INFO] 2021-09-23 15:33:03,447: /use_sim_time is not set, will not subscribe to simulated time [/clock] topic
[rospy.internal][INFO] 2021-09-23 15:33:03,509: topic[/move_group/fake_controller_joint_states] adding connection to [http://wng:41957/], count 0
[rospy.internal][INFO] 2021-09-23 15:33:03,710: topic[/rosout] adding connection to [/rosout], count 0
[rospy.internal][INFO] 2021-09-23 15:33:03,710: topic[/joint_states] adding connection to [/joint_state_desired_publisher], count 0
[rospy.internal][INFO] 2021-09-23 15:33:03,710: topic[/joint_states] adding connection to [/robot_state_publisher], count 1
[rospy.internal][INFO] 2021-09-23 15:33:45,733: topic[/joint_states] adding connection to [/move_group_commander_wrappers_1632378795515398463], count 2
[rospy.internal][INFO] 2021-09-23 16:09:56,962: topic[/joint_states] removing connection to /move_group_commander_wrappers_1632378795515398463
[rospy.core][INFO] 2021-09-23 16:11:47,083: signal_shutdown [signal-2]
[rospy.internal][INFO] 2021-09-23 16:11:47,085: topic[/joint_states] removing connection to /joint_state_desired_publisher
[rospy.internal][INFO] 2021-09-23 16:11:47,086: topic[/joint_states] removing connection to /robot_state_publisher
[rospy.internal][INFO] 2021-09-23 16:11:47,086: topic[/rosout] removing connection to /rosout
[rospy.internal][INFO] 2021-09-23 16:11:47,087: topic[/move_group/fake_controller_joint_states] removing connection to http://wng:41957/
[rospy.impl.masterslave][INFO] 2021-09-23 16:11:47,087: signal-2
[rospy.core][INFO] 2021-09-23 16:11:47,221: signal_shutdown [atexit]
