[rospy.client][INFO] 2021-09-23 15:33:03,839: init_node, name[/server_endpoint], pid[18690]
[xmlrpc][INFO] 2021-09-23 15:33:03,839: XML-RPC server binding to 0.0.0.0:0
[xmlrpc][INFO] 2021-09-23 15:33:03,840: Started XML-RPC server [http://wng:35423/]
[rospy.init][INFO] 2021-09-23 15:33:03,840: ROS Slave URI: [http://wng:35423/]
[rospy.impl.masterslave][INFO] 2021-09-23 15:33:03,840: _ready: http://wng:35423/
[rospy.registration][INFO] 2021-09-23 15:33:03,840: Registering with master node http://localhost:11311
[xmlrpc][INFO] 2021-09-23 15:33:03,840: xml rpc node: starting XML-RPC server
[rospy.init][INFO] 2021-09-23 15:33:03,940: registered with master
[rospy.rosout][INFO] 2021-09-23 15:33:03,941: initializing /rosout core topic
[rospy.rosout][INFO] 2021-09-23 15:33:03,942: connected to core topic /rosout
[rospy.simtime][INFO] 2021-09-23 15:33:03,942: /use_sim_time is not set, will not subscribe to simulated time [/clock] topic
[rosout][INFO] 2021-09-23 15:33:03,950: Starting server on 192.168.1.146:10000
[rospy.internal][INFO] 2021-09-23 15:33:04,214: topic[/rosout] adding connection to [/rosout], count 0
[rosout][INFO] 2021-09-23 15:33:14,022: Connection from 192.168.1.146
[rosout][INFO] 2021-09-23 15:33:14,027: RegisterPublisher(execution_check, <class 'panda_move.msg._ExecutionCheck.ExecutionCheck'>) OK
[rospy.internal][INFO] 2021-09-23 15:33:14,073: topic[/execution_check] adding connection to [http://wng:35423/], count 0
[rospy.internal][INFO] 2021-09-23 15:33:14,074: topic[/execution_check] adding connection to [/server_endpoint], count 0
[rospy.core][INFO] 2021-09-23 16:11:47,089: signal_shutdown [signal-2]
[rospy.internal][INFO] 2021-09-23 16:11:47,093: topic[/execution_check] removing connection to /server_endpoint
[rospy.internal][INFO] 2021-09-23 16:11:47,093: topic[/rosout] removing connection to /rosout
[rospy.internal][INFO] 2021-09-23 16:11:47,093: topic[/execution_check] removing connection to http://wng:35423/
[rospy.impl.masterslave][INFO] 2021-09-23 16:11:47,094: signal-2
[rospy.internal][WARNING] 2021-09-23 16:11:47,094: Unknown error initiating TCP/IP socket to wng:43375 (http://wng:35423/): Traceback (most recent call last):
  File "/opt/ros/melodic/lib/python2.7/dist-packages/rospy/impl/tcpros_base.py", line 563, in connect
    self.local_endpoint = self.socket.getsockname()
AttributeError: 'NoneType' object has no attribute 'getsockname'

[rospy.core][INFO] 2021-09-23 16:11:47,205: signal_shutdown [atexit]
