[rospy.client][INFO] 2021-09-10 12:01:00,128: init_node, name[/joint_state_publisher], pid[12037]
[xmlrpc][INFO] 2021-09-10 12:01:00,129: XML-RPC server binding to 0.0.0.0:0
[xmlrpc][INFO] 2021-09-10 12:01:00,129: Started XML-RPC server [http://wng:43641/]
[rospy.init][INFO] 2021-09-10 12:01:00,129: ROS Slave URI: [http://wng:43641/]
[rospy.impl.masterslave][INFO] 2021-09-10 12:01:00,129: _ready: http://wng:43641/
[rospy.registration][INFO] 2021-09-10 12:01:00,130: Registering with master node http://localhost:11311
[xmlrpc][INFO] 2021-09-10 12:01:00,130: xml rpc node: starting XML-RPC server
[rospy.init][INFO] 2021-09-10 12:01:00,230: registered with master
[rospy.rosout][INFO] 2021-09-10 12:01:00,230: initializing /rosout core topic
[rospy.rosout][INFO] 2021-09-10 12:01:00,232: connected to core topic /rosout
[rospy.simtime][INFO] 2021-09-10 12:01:00,232: /use_sim_time is not set, will not subscribe to simulated time [/clock] topic
[rospy.internal][INFO] 2021-09-10 12:01:00,294: topic[/move_group/fake_controller_joint_states] adding connection to [http://wng:33309/], count 0
[rospy.internal][INFO] 2021-09-10 12:01:00,520: topic[/rosout] adding connection to [/rosout], count 0
[rospy.internal][INFO] 2021-09-10 12:01:00,521: topic[/joint_states] adding connection to [/joint_state_desired_publisher], count 0
[rospy.internal][INFO] 2021-09-10 12:01:00,521: topic[/joint_states] adding connection to [/robot_state_publisher], count 1
[rospy.internal][INFO] 2021-09-10 12:02:01,423: topic[/joint_states] adding connection to [/move_group_commander_wrappers_1631242893559153573], count 2
[rospy.internal][INFO] 2021-09-10 12:38:31,512: topic[/joint_states] removing connection to /move_group_commander_wrappers_1631242893559153573
[rospy.core][INFO] 2021-09-10 12:38:38,626: signal_shutdown [signal-2]
[rospy.internal][INFO] 2021-09-10 12:38:38,634: topic[/joint_states] removing connection to /joint_state_desired_publisher
[rospy.internal][INFO] 2021-09-10 12:38:38,634: topic[/joint_states] removing connection to /robot_state_publisher
[rospy.internal][INFO] 2021-09-10 12:38:38,637: topic[/rosout] removing connection to /rosout
[rospy.internal][INFO] 2021-09-10 12:38:38,637: topic[/move_group/fake_controller_joint_states] removing connection to http://wng:33309/
[rospy.impl.masterslave][INFO] 2021-09-10 12:38:38,638: signal-2
[rospy.core][INFO] 2021-09-10 12:38:39,254: signal_shutdown [atexit]
