[rospy.client][INFO] 2021-09-10 12:01:00,645: init_node, name[/server_endpoint], pid[12035]
[xmlrpc][INFO] 2021-09-10 12:01:00,646: XML-RPC server binding to 0.0.0.0:0
[xmlrpc][INFO] 2021-09-10 12:01:00,646: Started XML-RPC server [http://wng:40845/]
[rospy.init][INFO] 2021-09-10 12:01:00,646: ROS Slave URI: [http://wng:40845/]
[rospy.impl.masterslave][INFO] 2021-09-10 12:01:00,646: _ready: http://wng:40845/
[rospy.registration][INFO] 2021-09-10 12:01:00,646: Registering with master node http://localhost:11311
[xmlrpc][INFO] 2021-09-10 12:01:00,646: xml rpc node: starting XML-RPC server
[rospy.init][INFO] 2021-09-10 12:01:00,746: registered with master
[rospy.rosout][INFO] 2021-09-10 12:01:00,747: initializing /rosout core topic
[rospy.rosout][INFO] 2021-09-10 12:01:00,747: connected to core topic /rosout
[rospy.simtime][INFO] 2021-09-10 12:01:00,748: /use_sim_time is not set, will not subscribe to simulated time [/clock] topic
[rosout][INFO] 2021-09-10 12:01:00,753: Starting server on 192.168.1.146:10000
[rospy.internal][INFO] 2021-09-10 12:01:01,025: topic[/rosout] adding connection to [/rosout], count 0
[rosout][INFO] 2021-09-10 12:01:33,374: Connection from 192.168.1.146
[rosout][INFO] 2021-09-10 12:01:33,379: RegisterPublisher(execution_check, <class 'panda_move.msg._ExecutionCheck.ExecutionCheck'>) OK
[rospy.internal][INFO] 2021-09-10 12:01:33,389: topic[/execution_check] adding connection to [http://wng:40845/], count 0
[rospy.internal][INFO] 2021-09-10 12:01:33,390: topic[/execution_check] adding connection to [/server_endpoint], count 0
[rospy.core][INFO] 2021-09-10 12:38:38,627: signal_shutdown [signal-2]
[rospy.internal][INFO] 2021-09-10 12:38:38,631: topic[/execution_check] removing connection to /server_endpoint
[rospy.internal][INFO] 2021-09-10 12:38:38,631: topic[/rosout] removing connection to /rosout
[rospy.internal][INFO] 2021-09-10 12:38:38,631: topic[/execution_check] removing connection to http://wng:40845/
[rospy.impl.masterslave][INFO] 2021-09-10 12:38:38,631: signal-2
[rospy.core][INFO] 2021-09-10 12:38:38,763: signal_shutdown [atexit]
