[rosmaster.main][INFO] 2021-09-18 22:22:30,079: initialization complete, waiting for shutdown
[rosmaster.main][INFO] 2021-09-18 22:22:30,079: Starting ROS Master Node
[xmlrpc][INFO] 2021-09-18 22:22:30,080: XML-RPC server binding to 0.0.0.0:11311
[xmlrpc][INFO] 2021-09-18 22:22:30,080: Started XML-RPC server [http://wng:11311/]
[xmlrpc][INFO] 2021-09-18 22:22:30,080: xml rpc node: starting XML-RPC server
[rosmaster.master][INFO] 2021-09-18 22:22:30,080: Master initialized: port[11311], uri[http://wng:11311/]
[rosmaster.master][INFO] 2021-09-18 22:22:30,140: +PARAM [/run_id] by /roslaunch
[rosmaster.master][INFO] 2021-09-18 22:22:30,140: +PARAM [/roslaunch/uris/host_wng__36439] by /roslaunch
[rosmaster.master][INFO] 2021-09-18 22:22:30,178: +SERVICE [/rosout/get_loggers] /rosout http://wng:36869/
[rosmaster.master][INFO] 2021-09-18 22:22:30,179: +SERVICE [/rosout/set_logger_level] /rosout http://wng:36869/
[rosmaster.master][INFO] 2021-09-18 22:22:30,179: +PUB [/rosout_agg] /rosout http://wng:36869/
[rosmaster.master][INFO] 2021-09-18 22:22:30,180: +SUB [/rosout] /rosout http://wng:36869/
[rosmaster.master][INFO] 2021-09-18 22:22:30,229: +PARAM [/move_group/planner_configs/RRTkConfigDefault/goal_bias] by /roslaunch
[rosmaster.master][INFO] 2021-09-18 22:22:30,229: +PARAM [/move_group/panda_arm/planner_configs] by /roslaunch
[rosmaster.master][INFO] 2021-09-18 22:22:30,229: +PARAM [/robot_description_semantic] by /roslaunch
[rosmaster.master][INFO] 2021-09-18 22:22:30,229: +PARAM [/move_group/planner_configs/SPARStwokConfigDefault/stretch_factor] by /roslaunch
[rosmaster.master][INFO] 2021-09-18 22:22:30,229: +PARAM [/robot_description_planning/joint_limits/panda_joint3/has_acceleration_limits] by /roslaunch
[rosmaster.master][INFO] 2021-09-18 22:22:30,229: +PARAM [/move_group/planner_configs/STRIDEkConfigDefault/max_degree] by /roslaunch
[rosmaster.master][INFO] 2021-09-18 22:22:30,229: +PARAM [/move_group/planner_configs/RRTstarkConfigDefault/range] by /roslaunch
[rosmaster.master][INFO] 2021-09-18 22:22:30,230: +PARAM [/move_group/planner_configs/SPARSkConfigDefault/sparse_delta_fraction] by /roslaunch
[rosmaster.master][INFO] 2021-09-18 22:22:30,230: +PARAM [/move_group/planner_configs/FMTkConfigDefault/radius_multiplier] by /roslaunch
[rosmaster.master][INFO] 2021-09-18 22:22:30,230: +PARAM [/move_group/controller_list] by /roslaunch
[rosmaster.master][INFO] 2021-09-18 22:22:30,230: +PARAM [/move_group/planner_configs/BFMTkConfigDefault/cache_cc] by /roslaunch
[rosmaster.master][INFO] 2021-09-18 22:22:30,230: +PARAM [/move_group/planner_configs/STRIDEkConfigDefault/goal_bias] by /roslaunch
[rosmaster.master][INFO] 2021-09-18 22:22:30,230: +PARAM [/move_group/max_safe_path_cost] by /roslaunch
[rosmaster.master][INFO] 2021-09-18 22:22:30,230: +PARAM [/move_group/planner_configs/BiTRRTkConfigDefault/temp_change_factor] by /roslaunch
[rosmaster.master][INFO] 2021-09-18 22:22:30,230: +PARAM [/move_group/planner_configs/SPARStwokConfigDefault/sparse_delta_fraction] by /roslaunch
[rosmaster.master][INFO] 2021-09-18 22:22:30,230: +PARAM [/move_group/hand/planner_configs] by /roslaunch
[rosmaster.master][INFO] 2021-09-18 22:22:30,230: +PARAM [/move_group/planner_configs/RRTstarkConfigDefault/goal_bias] by /roslaunch
[rosmaster.master][INFO] 2021-09-18 22:22:30,230: +PARAM [/move_group/planner_configs/STRIDEkConfigDefault/range] by /roslaunch
[rosmaster.master][INFO] 2021-09-18 22:22:30,230: +PARAM [/move_group/planning_scene_monitor/publish_planning_scene] by /roslaunch
[rosmaster.master][INFO] 2021-09-18 22:22:30,230: +PARAM [/move_group/octomap_frame] by /roslaunch
[rosmaster.master][INFO] 2021-09-18 22:22:30,230: +PARAM [/move_group/planner_configs/PRMkConfigDefault/type] by /roslaunch
[rosmaster.master][INFO] 2021-09-18 22:22:30,230: +PARAM [/move_group/planner_configs/BiESTkConfigDefault/range] by /roslaunch
[rosmaster.master][INFO] 2021-09-18 22:22:30,230: +PARAM [/move_group/planner_configs/ESTkConfigDefault/range] by /roslaunch
[rosmaster.master][INFO] 2021-09-18 22:22:30,230: +PARAM [/rviz_wng_7658_876059643811655009/panda_arm/kinematics_solver_timeout] by /roslaunch
[rosmaster.master][INFO] 2021-09-18 22:22:30,231: +PARAM [/move_group/planner_configs/KPIECEkConfigDefault/min_valid_path_fraction] by /roslaunch
[rosmaster.master][INFO] 2021-09-18 22:22:30,231: +PARAM [/robot_description_planning/joint_limits/panda_finger_joint2/max_acceleration] by /roslaunch
[rosmaster.master][INFO] 2021-09-18 22:22:30,231: +PARAM [/move_group/planner_configs/BKPIECEkConfigDefault/border_fraction] by /roslaunch
[rosmaster.master][INFO] 2021-09-18 22:22:30,231: +PARAM [/move_group/planner_configs/SPARStwokConfigDefault/max_failures] by /roslaunch
[rosmaster.master][INFO] 2021-09-18 22:22:30,231: +PARAM [/move_group/planner_configs/BiTRRTkConfigDefault/frountier_node_ratio] by /roslaunch
[rosmaster.master][INFO] 2021-09-18 22:22:30,231: +PARAM [/move_group/planner_configs/PRMkConfigDefault/max_nearest_neighbors] by /roslaunch
[rosmaster.master][INFO] 2021-09-18 22:22:30,231: +PARAM [/move_group/planner_configs/BiTRRTkConfigDefault/cost_threshold] by /roslaunch
[rosmaster.master][INFO] 2021-09-18 22:22:30,231: +PARAM [/robot_description_kinematics/panda_arm/kinematics_solver] by /roslaunch
[rosmaster.master][INFO] 2021-09-18 22:22:30,231: +PARAM [/move_group/planner_configs/TRRTkConfigDefault/goal_bias] by /roslaunch
[rosmaster.master][INFO] 2021-09-18 22:22:30,231: +PARAM [/move_group/planner_configs/LBTRRTkConfigDefault/type] by /roslaunch
[rosmaster.master][INFO] 2021-09-18 22:22:30,231: +PARAM [/move_group/planner_configs/FMTkConfigDefault/cache_cc] by /roslaunch
[rosmaster.master][INFO] 2021-09-18 22:22:30,231: +PARAM [/robot_description_planning/joint_limits/panda_joint2/max_velocity] by /roslaunch
[rosmaster.master][INFO] 2021-09-18 22:22:30,231: +PARAM [/robot_description_planning/joint_limits/panda_joint5/max_acceleration] by /roslaunch
[rosmaster.master][INFO] 2021-09-18 22:22:30,231: +PARAM [/move_group/planner_configs/FMTkConfigDefault/type] by /roslaunch
[rosmaster.master][INFO] 2021-09-18 22:22:30,231: +PARAM [/move_group/planner_configs/ProjESTkConfigDefault/type] by /roslaunch
[rosmaster.master][INFO] 2021-09-18 22:22:30,231: +PARAM [/move_group/planner_configs/LBTRRTkConfigDefault/epsilon] by /roslaunch
[rosmaster.master][INFO] 2021-09-18 22:22:30,232: +PARAM [/move_group/planner_configs/LazyPRMkConfigDefault/type] by /roslaunch
[rosmaster.master][INFO] 2021-09-18 22:22:30,232: +PARAM [/move_group/planner_configs/STRIDEkConfigDefault/min_degree] by /roslaunch
[rosmaster.master][INFO] 2021-09-18 22:22:30,232: +PARAM [/move_group/planner_configs/TRRTkConfigDefault/max_states_failed] by /roslaunch
[rosmaster.master][INFO] 2021-09-18 22:22:30,232: +PARAM [/move_group/planner_configs/BKPIECEkConfigDefault/min_valid_path_fraction] by /roslaunch
[rosmaster.master][INFO] 2021-09-18 22:22:30,232: +PARAM [/move_group/planner_configs/SBLkConfigDefault/range] by /roslaunch
[rosmaster.master][INFO] 2021-09-18 22:22:30,232: +PARAM [/robot_description_planning/joint_limits/panda_finger_joint2/has_acceleration_limits] by /roslaunch
[rosmaster.master][INFO] 2021-09-18 22:22:30,232: +PARAM [/robot_description_planning/joint_limits/panda_joint6/max_velocity] by /roslaunch
[rosmaster.master][INFO] 2021-09-18 22:22:30,232: +PARAM [/move_group/planner_configs/TRRTkConfigDefault/frountierNodeRatio] by /roslaunch
[rosmaster.master][INFO] 2021-09-18 22:22:30,232: +PARAM [/move_group/planner_configs/BFMTkConfigDefault/type] by /roslaunch
[rosmaster.master][INFO] 2021-09-18 22:22:30,232: +PARAM [/robot_description_planning/joint_limits/panda_joint3/max_acceleration] by /roslaunch
[rosmaster.master][INFO] 2021-09-18 22:22:30,232: +PARAM [/move_group/planning_plugin] by /roslaunch
[rosmaster.master][INFO] 2021-09-18 22:22:30,232: +PARAM [/robot_description_planning/joint_limits/panda_joint7/max_velocity] by /roslaunch
[rosmaster.master][INFO] 2021-09-18 22:22:30,232: +PARAM [/move_group/planning_scene_monitor/publish_geometry_updates] by /roslaunch
[rosmaster.master][INFO] 2021-09-18 22:22:30,232: +PARAM [/move_group/planner_configs/LazyPRMkConfigDefault/range] by /roslaunch
[rosmaster.master][INFO] 2021-09-18 22:22:30,232: +PARAM [/move_group/planner_configs/TRRTkConfigDefault/type] by /roslaunch
[rosmaster.master][INFO] 2021-09-18 22:22:30,232: +PARAM [/robot_description_planning/joint_limits/panda_joint5/max_velocity] by /roslaunch
[rosmaster.master][INFO] 2021-09-18 22:22:30,232: +PARAM [/move_group/planner_configs/BiTRRTkConfigDefault/init_temperature] by /roslaunch
[rosmaster.master][INFO] 2021-09-18 22:22:30,233: +PARAM [/move_group/planner_configs/SPARSkConfigDefault/max_failures] by /roslaunch
[rosmaster.master][INFO] 2021-09-18 22:22:30,233: +PARAM [/move_group/planner_configs/BiTRRTkConfigDefault/range] by /roslaunch
[rosmaster.master][INFO] 2021-09-18 22:22:30,233: +PARAM [/move_group/planner_configs/PDSTkConfigDefault/type] by /roslaunch
[rosmaster.master][INFO] 2021-09-18 22:22:30,233: +PARAM [/move_group/trajectory_execution/allowed_goal_duration_margin] by /roslaunch
[rosmaster.master][INFO] 2021-09-18 22:22:30,233: +PARAM [/rosdistro] by /roslaunch
[rosmaster.master][INFO] 2021-09-18 22:22:30,233: +PARAM [/robot_description_planning/joint_limits/panda_joint1/has_velocity_limits] by /roslaunch
[rosmaster.master][INFO] 2021-09-18 22:22:30,233: +PARAM [/move_group/planner_configs/STRIDEkConfigDefault/max_pts_per_leaf] by /roslaunch
[rosmaster.master][INFO] 2021-09-18 22:22:30,233: +PARAM [/move_group/planner_configs/BFMTkConfigDefault/nearest_k] by /roslaunch
[rosmaster.master][INFO] 2021-09-18 22:22:30,233: +PARAM [/move_group/planner_configs/LazyPRMstarkConfigDefault/type] by /roslaunch
[rosmaster.master][INFO] 2021-09-18 22:22:30,233: +PARAM [/rviz_wng_7658_876059643811655009/panda_arm/kinematics_solver_search_resolution] by /roslaunch
[rosmaster.master][INFO] 2021-09-18 22:22:30,233: +PARAM [/robot_description_kinematics/panda_arm/kinematics_solver_timeout] by /roslaunch
[rosmaster.master][INFO] 2021-09-18 22:22:30,233: +PARAM [/move_group/planner_configs/PRMstarkConfigDefault/type] by /roslaunch
[rosmaster.master][INFO] 2021-09-18 22:22:30,233: +PARAM [/move_group/planner_configs/RRTkConfigDefault/range] by /roslaunch
[rosmaster.master][INFO] 2021-09-18 22:22:30,233: +PARAM [/move_group/allow_trajectory_execution] by /roslaunch
[rosmaster.master][INFO] 2021-09-18 22:22:30,233: +PARAM [/move_group/planner_configs/SPARSkConfigDefault/stretch_factor] by /roslaunch
[rosmaster.master][INFO] 2021-09-18 22:22:30,233: +PARAM [/ROS_IP] by /roslaunch
[rosmaster.master][INFO] 2021-09-18 22:22:30,233: +PARAM [/move_group/planner_configs/ESTkConfigDefault/type] by /roslaunch
[rosmaster.master][INFO] 2021-09-18 22:22:30,234: +PARAM [/robot_description_planning/joint_limits/panda_joint4/max_acceleration] by /roslaunch
[rosmaster.master][INFO] 2021-09-18 22:22:30,234: +PARAM [/move_group/start_state_max_bounds_error] by /roslaunch
[rosmaster.master][INFO] 2021-09-18 22:22:30,234: +PARAM [/robot_description_planning/joint_limits/panda_finger_joint2/has_velocity_limits] by /roslaunch
[rosmaster.master][INFO] 2021-09-18 22:22:30,234: +PARAM [/move_group/max_range] by /roslaunch
[rosmaster.master][INFO] 2021-09-18 22:22:30,234: +PARAM [/robot_description_kinematics/panda_arm/kinematics_solver_search_resolution] by /roslaunch
[rosmaster.master][INFO] 2021-09-18 22:22:30,234: +PARAM [/robot_description_planning/joint_limits/panda_joint2/max_acceleration] by /roslaunch
[rosmaster.master][INFO] 2021-09-18 22:22:30,234: +PARAM [/move_group/planner_configs/RRTstarkConfigDefault/type] by /roslaunch
[rosmaster.master][INFO] 2021-09-18 22:22:30,234: +PARAM [/move_group/planner_configs/STRIDEkConfigDefault/min_valid_path_fraction] by /roslaunch
[rosmaster.master][INFO] 2021-09-18 22:22:30,234: +PARAM [/robot_description_planning/joint_limits/panda_joint7/has_acceleration_limits] by /roslaunch
[rosmaster.master][INFO] 2021-09-18 22:22:30,234: +PARAM [/move_group/planner_configs/BiTRRTkConfigDefault/frountier_threshold] by /roslaunch
[rosmaster.master][INFO] 2021-09-18 22:22:30,234: +PARAM [/robot_description_planning/joint_limits/panda_joint5/has_acceleration_limits] by /roslaunch
[rosmaster.master][INFO] 2021-09-18 22:22:30,234: +PARAM [/joint_state_publisher/use_gui] by /roslaunch
[rosmaster.master][INFO] 2021-09-18 22:22:30,234: +PARAM [/move_group/planner_configs/BKPIECEkConfigDefault/type] by /roslaunch
[rosmaster.master][INFO] 2021-09-18 22:22:30,234: +PARAM [/robot_description_planning/joint_limits/panda_joint7/max_acceleration] by /roslaunch
[rosmaster.master][INFO] 2021-09-18 22:22:30,234: +PARAM [/robot_description_planning/joint_limits/panda_joint6/max_acceleration] by /roslaunch
[rosmaster.master][INFO] 2021-09-18 22:22:30,234: +PARAM [/move_group/trajectory_execution/allowed_execution_duration_scaling] by /roslaunch
[rosmaster.master][INFO] 2021-09-18 22:22:30,234: +PARAM [/move_group/planner_configs/KPIECEkConfigDefault/border_fraction] by /roslaunch
[rosmaster.master][INFO] 2021-09-18 22:22:30,235: +PARAM [/move_group/trajectory_execution/allowed_start_tolerance] by /roslaunch
[rosmaster.master][INFO] 2021-09-18 22:22:30,235: +PARAM [/robot_description_planning/joint_limits/panda_joint3/max_velocity] by /roslaunch
[rosmaster.master][INFO] 2021-09-18 22:22:30,235: +PARAM [/move_group/moveit_manage_controllers] by /roslaunch
[rosmaster.master][INFO] 2021-09-18 22:22:30,235: +PARAM [/move_group/panda_arm_hand/planner_configs] by /roslaunch
[rosmaster.master][INFO] 2021-09-18 22:22:30,235: +PARAM [/move_group/planner_configs/FMTkConfigDefault/heuristics] by /roslaunch
[rosmaster.master][INFO] 2021-09-18 22:22:30,235: +PARAM [/move_group/planner_configs/BFMTkConfigDefault/optimality] by /roslaunch
[rosmaster.master][INFO] 2021-09-18 22:22:30,235: +PARAM [/robot_description_planning/joint_limits/panda_joint2/has_acceleration_limits] by /roslaunch
[rosmaster.master][INFO] 2021-09-18 22:22:30,235: +PARAM [/move_group/planner_configs/FMTkConfigDefault/nearest_k] by /roslaunch
[rosmaster.master][INFO] 2021-09-18 22:22:30,235: +PARAM [/move_group/planner_configs/ProjESTkConfigDefault/goal_bias] by /roslaunch
[rosmaster.master][INFO] 2021-09-18 22:22:30,235: +PARAM [/move_group/planner_configs/ESTkConfigDefault/goal_bias] by /roslaunch
[rosmaster.master][INFO] 2021-09-18 22:22:30,235: +PARAM [/move_group/planner_configs/BFMTkConfigDefault/radius_multiplier] by /roslaunch
[rosmaster.master][INFO] 2021-09-18 22:22:30,235: +PARAM [/move_group/planner_configs/LBKPIECEkConfigDefault/border_fraction] by /roslaunch
[rosmaster.master][INFO] 2021-09-18 22:22:30,235: +PARAM [/move_group/jiggle_fraction] by /roslaunch
[rosmaster.master][INFO] 2021-09-18 22:22:30,235: +PARAM [/move_group/planner_configs/SPARStwokConfigDefault/dense_delta_fraction] by /roslaunch
[rosmaster.master][INFO] 2021-09-18 22:22:30,235: +PARAM [/move_group/planner_configs/BFMTkConfigDefault/num_samples] by /roslaunch
[rosmaster.master][INFO] 2021-09-18 22:22:30,235: +PARAM [/move_group/planner_configs/TRRTkConfigDefault/range] by /roslaunch
[rosmaster.master][INFO] 2021-09-18 22:22:30,235: +PARAM [/move_group/planning_scene_monitor/publish_state_updates] by /roslaunch
[rosmaster.master][INFO] 2021-09-18 22:22:30,236: +PARAM [/move_group/planner_configs/TRRTkConfigDefault/temp_change_factor] by /roslaunch
[rosmaster.master][INFO] 2021-09-18 22:22:30,236: +PARAM [/robot_description_planning/joint_limits/panda_joint1/max_velocity] by /roslaunch
[rosmaster.master][INFO] 2021-09-18 22:22:30,236: +PARAM [/move_group/planner_configs/BKPIECEkConfigDefault/range] by /roslaunch
[rosmaster.master][INFO] 2021-09-18 22:22:30,236: +PARAM [/move_group/planner_configs/SBLkConfigDefault/type] by /roslaunch
[rosmaster.master][INFO] 2021-09-18 22:22:30,236: +PARAM [/robot_description_planning/joint_limits/panda_finger_joint1/has_velocity_limits] by /roslaunch
[rosmaster.master][INFO] 2021-09-18 22:22:30,236: +PARAM [/move_group/planner_configs/LBTRRTkConfigDefault/range] by /roslaunch
[rosmaster.master][INFO] 2021-09-18 22:22:30,236: +PARAM [/robot_description] by /roslaunch
[rosmaster.master][INFO] 2021-09-18 22:22:30,236: +PARAM [/move_group/planner_configs/FMTkConfigDefault/extended_fmt] by /roslaunch
[rosmaster.master][INFO] 2021-09-18 22:22:30,236: +PARAM [/move_group/planner_configs/LBKPIECEkConfigDefault/range] by /roslaunch
[rosmaster.master][INFO] 2021-09-18 22:22:30,236: +PARAM [/robot_description_planning/joint_limits/panda_joint5/has_velocity_limits] by /roslaunch
[rosmaster.master][INFO] 2021-09-18 22:22:30,236: +PARAM [/robot_description_planning/joint_limits/panda_finger_joint1/max_velocity] by /roslaunch
[rosmaster.master][INFO] 2021-09-18 22:22:30,236: +PARAM [/move_group/moveit_controller_manager] by /roslaunch
[rosmaster.master][INFO] 2021-09-18 22:22:30,236: +PARAM [/robot_description_planning/joint_limits/panda_joint1/max_acceleration] by /roslaunch
[rosmaster.master][INFO] 2021-09-18 22:22:30,236: +PARAM [/rviz_wng_7658_876059643811655009/panda_arm/kinematics_solver] by /roslaunch
[rosmaster.master][INFO] 2021-09-18 22:22:30,236: +PARAM [/move_group/planner_configs/TRRTkConfigDefault/frountier_threshold] by /roslaunch
[rosmaster.master][INFO] 2021-09-18 22:22:30,236: +PARAM [/move_group/planner_configs/BFMTkConfigDefault/heuristics] by /roslaunch
[rosmaster.master][INFO] 2021-09-18 22:22:30,236: +PARAM [/robot_description_planning/joint_limits/panda_finger_joint1/has_acceleration_limits] by /roslaunch
[rosmaster.master][INFO] 2021-09-18 22:22:30,237: +PARAM [/move_group/planner_configs/KPIECEkConfigDefault/range] by /roslaunch
[rosmaster.master][INFO] 2021-09-18 22:22:30,237: +PARAM [/robot_description_planning/joint_limits/panda_joint7/has_velocity_limits] by /roslaunch
[rosmaster.master][INFO] 2021-09-18 22:22:30,237: +PARAM [/move_group/planner_configs/KPIECEkConfigDefault/goal_bias] by /roslaunch
[rosmaster.master][INFO] 2021-09-18 22:22:30,237: +PARAM [/move_group/planner_configs/RRTConnectkConfigDefault/range] by /roslaunch
[rosmaster.master][INFO] 2021-09-18 22:22:30,237: +PARAM [/robot_description_planning/joint_limits/panda_joint4/has_velocity_limits] by /roslaunch
[rosmaster.master][INFO] 2021-09-18 22:22:30,237: +PARAM [/move_group/request_adapters] by /roslaunch
[rosmaster.master][INFO] 2021-09-18 22:22:30,237: +PARAM [/move_group/planner_configs/TRRTkConfigDefault/min_temperature] by /roslaunch
[rosmaster.master][INFO] 2021-09-18 22:22:30,237: +PARAM [/robot_description_planning/joint_limits/panda_joint6/has_acceleration_limits] by /roslaunch
[rosmaster.master][INFO] 2021-09-18 22:22:30,237: +PARAM [/move_group/planner_configs/BFMTkConfigDefault/balanced] by /roslaunch
[rosmaster.master][INFO] 2021-09-18 22:22:30,237: +PARAM [/move_group/planner_configs/ProjESTkConfigDefault/range] by /roslaunch
[rosmaster.master][INFO] 2021-09-18 22:22:30,237: +PARAM [/move_group/octomap_resolution] by /roslaunch
[rosmaster.master][INFO] 2021-09-18 22:22:30,237: +PARAM [/move_group/planner_configs/STRIDEkConfigDefault/degree] by /roslaunch
[rosmaster.master][INFO] 2021-09-18 22:22:30,237: +PARAM [/move_group/planner_configs/KPIECEkConfigDefault/failed_expansion_score_factor] by /roslaunch
[rosmaster.master][INFO] 2021-09-18 22:22:30,237: +PARAM [/move_group/initial] by /roslaunch
[rosmaster.master][INFO] 2021-09-18 22:22:30,237: +PARAM [/move_group/planning_scene_monitor/publish_transforms_updates] by /roslaunch
[rosmaster.master][INFO] 2021-09-18 22:22:30,237: +PARAM [/move_group/planner_configs/SPARSkConfigDefault/type] by /roslaunch
[rosmaster.master][INFO] 2021-09-18 22:22:30,237: +PARAM [/move_group/planner_configs/TRRTkConfigDefault/init_temperature] by /roslaunch
[rosmaster.master][INFO] 2021-09-18 22:22:30,238: +PARAM [/move_group/sensors] by /roslaunch
[rosmaster.master][INFO] 2021-09-18 22:22:30,238: +PARAM [/robot_description_planning/joint_limits/panda_joint1/has_acceleration_limits] by /roslaunch
[rosmaster.master][INFO] 2021-09-18 22:22:30,238: +PARAM [/move_group/planner_configs/STRIDEkConfigDefault/type] by /roslaunch
[rosmaster.master][INFO] 2021-09-18 22:22:30,238: +PARAM [/move_group/planner_configs/TrajOptDefault/type] by /roslaunch
[rosmaster.master][INFO] 2021-09-18 22:22:30,238: +PARAM [/move_group/planner_configs/RRTstarkConfigDefault/delay_collision_checking] by /roslaunch
[rosmaster.master][INFO] 2021-09-18 22:22:30,238: +PARAM [/move_group/planner_configs/KPIECEkConfigDefault/type] by /roslaunch
[rosmaster.master][INFO] 2021-09-18 22:22:30,238: +PARAM [/robot_description_planning/joint_limits/panda_joint3/has_velocity_limits] by /roslaunch
[rosmaster.master][INFO] 2021-09-18 22:22:30,238: +PARAM [/robot_description_planning/joint_limits/panda_joint6/has_velocity_limits] by /roslaunch
[rosmaster.master][INFO] 2021-09-18 22:22:30,238: +PARAM [/move_group/planner_configs/BiTRRTkConfigDefault/type] by /roslaunch
[rosmaster.master][INFO] 2021-09-18 22:22:30,238: +PARAM [/robot_description_planning/joint_limits/panda_finger_joint2/max_velocity] by /roslaunch
[rosmaster.master][INFO] 2021-09-18 22:22:30,238: +PARAM [/move_group/planner_configs/RRTConnectkConfigDefault/type] by /roslaunch
[rosmaster.master][INFO] 2021-09-18 22:22:30,238: +PARAM [/move_group/planner_configs/SPARSkConfigDefault/dense_delta_fraction] by /roslaunch
[rosmaster.master][INFO] 2021-09-18 22:22:30,238: +PARAM [/move_group/planner_configs/LBTRRTkConfigDefault/goal_bias] by /roslaunch
[rosmaster.master][INFO] 2021-09-18 22:22:30,238: +PARAM [/robot_description_planning/joint_limits/panda_finger_joint1/max_acceleration] by /roslaunch
[rosmaster.master][INFO] 2021-09-18 22:22:30,238: +PARAM [/move_group/planner_configs/BKPIECEkConfigDefault/failed_expansion_score_factor] by /roslaunch
[rosmaster.master][INFO] 2021-09-18 22:22:30,238: +PARAM [/move_group/planner_configs/LBKPIECEkConfigDefault/min_valid_path_fraction] by /roslaunch
[rosmaster.master][INFO] 2021-09-18 22:22:30,238: +PARAM [/rosversion] by /roslaunch
[rosmaster.master][INFO] 2021-09-18 22:22:30,239: +PARAM [/move_group/planner_configs/BiESTkConfigDefault/type] by /roslaunch
[rosmaster.master][INFO] 2021-09-18 22:22:30,239: +PARAM [/robot_description_planning/joint_limits/panda_joint2/has_velocity_limits] by /roslaunch
[rosmaster.master][INFO] 2021-09-18 22:22:30,239: +PARAM [/move_group/planner_configs/STRIDEkConfigDefault/estimated_dimension] by /roslaunch
[rosmaster.master][INFO] 2021-09-18 22:22:30,239: +PARAM [/move_group/planner_configs/STRIDEkConfigDefault/use_projected_distance] by /roslaunch
[rosmaster.master][INFO] 2021-09-18 22:22:30,239: +PARAM [/move_group/planner_configs/TRRTkConfigDefault/k_constant] by /roslaunch
[rosmaster.master][INFO] 2021-09-18 22:22:30,239: +PARAM [/move_group/planner_configs/FMTkConfigDefault/num_samples] by /roslaunch
[rosmaster.master][INFO] 2021-09-18 22:22:30,239: +PARAM [/move_group/planner_configs/LBKPIECEkConfigDefault/type] by /roslaunch
[rosmaster.master][INFO] 2021-09-18 22:22:30,239: +PARAM [/move_group/planner_configs/BFMTkConfigDefault/extended_fmt] by /roslaunch
[rosmaster.master][INFO] 2021-09-18 22:22:30,239: +PARAM [/robot_description_planning/joint_limits/panda_joint4/max_velocity] by /roslaunch
[rosmaster.master][INFO] 2021-09-18 22:22:30,239: +PARAM [/robot_description_planning/joint_limits/panda_joint4/has_acceleration_limits] by /roslaunch
[rosmaster.master][INFO] 2021-09-18 22:22:30,239: +PARAM [/move_group/planner_configs/SPARStwokConfigDefault/type] by /roslaunch
[rosmaster.master][INFO] 2021-09-18 22:22:30,239: +PARAM [/move_group/planner_configs/RRTkConfigDefault/type] by /roslaunch
[rosmaster.master][INFO] 2021-09-18 22:22:30,239: +PARAM [/source_list] by /roslaunch
[rosmaster.master][INFO] 2021-09-18 22:22:30,298: +PUB [/rosout] /joint_state_desired_publisher http://wng:37627/
[rosmaster.master][INFO] 2021-09-18 22:22:30,299: +SERVICE [/joint_state_desired_publisher/get_loggers] /joint_state_desired_publisher http://wng:37627/
[rosmaster.master][INFO] 2021-09-18 22:22:30,299: +SERVICE [/joint_state_desired_publisher/set_logger_level] /joint_state_desired_publisher http://wng:37627/
[rosmaster.master][INFO] 2021-09-18 22:22:30,301: +SUB [/joint_states] /joint_state_desired_publisher http://wng:37627/
[rosmaster.master][INFO] 2021-09-18 22:22:30,309: +PUB [/rosout] /robot_state_publisher http://wng:42965/
[rosmaster.master][INFO] 2021-09-18 22:22:30,309: +SERVICE [/robot_state_publisher/get_loggers] /robot_state_publisher http://wng:42965/
[rosmaster.master][INFO] 2021-09-18 22:22:30,310: +SERVICE [/robot_state_publisher/set_logger_level] /robot_state_publisher http://wng:42965/
[rosmaster.master][INFO] 2021-09-18 22:22:30,313: +PUB [/tf] /robot_state_publisher http://wng:42965/
[rosmaster.master][INFO] 2021-09-18 22:22:30,313: +PUB [/tf_static] /robot_state_publisher http://wng:42965/
[rosmaster.master][INFO] 2021-09-18 22:22:30,315: +SUB [/joint_states] /robot_state_publisher http://wng:42965/
[rosmaster.master][INFO] 2021-09-18 22:22:30,354: +PUB [/rosout] /move_group http://wng:44169/
[rosmaster.master][INFO] 2021-09-18 22:22:30,355: +SERVICE [/move_group/get_loggers] /move_group http://wng:44169/
[rosmaster.master][INFO] 2021-09-18 22:22:30,355: +SERVICE [/move_group/set_logger_level] /move_group http://wng:44169/
[rosmaster.master][INFO] 2021-09-18 22:22:30,357: +SUB [/tf] /move_group http://wng:44169/
[rosmaster.master][INFO] 2021-09-18 22:22:30,358: +SUB [/tf_static] /move_group http://wng:44169/
[rosmaster.master][INFO] 2021-09-18 22:22:30,361: +CACHEDPARAM [/rosout_disable_topics_generation] by /move_group
[rosmaster.master][INFO] 2021-09-18 22:22:30,380: publisherUpdate[/rosout] -> http://wng:36869/ ['http://wng:37627/']
[rosmaster.master][INFO] 2021-09-18 22:22:30,381: publisherUpdate[/rosout] -> http://wng:36869/ ['http://wng:37627/']: sec=0.00, result=[1, '', 0]
[rosmaster.master][INFO] 2021-09-18 22:22:30,381: publisherUpdate[/rosout] -> http://wng:36869/ ['http://wng:37627/', 'http://wng:42965/']
[rosmaster.master][INFO] 2021-09-18 22:22:30,381: publisherUpdate[/rosout] -> http://wng:36869/ ['http://wng:37627/', 'http://wng:42965/']: sec=0.00, result=[1, '', 0]
[rosmaster.master][INFO] 2021-09-18 22:22:30,381: publisherUpdate[/rosout] -> http://wng:36869/ ['http://wng:37627/', 'http://wng:42965/', 'http://wng:44169/']
[rosmaster.master][INFO] 2021-09-18 22:22:30,382: publisherUpdate[/rosout] -> http://wng:36869/ ['http://wng:37627/', 'http://wng:42965/', 'http://wng:44169/']: sec=0.00, result=[1, '', 0]
[rosmaster.master][INFO] 2021-09-18 22:22:30,416: +SERVICE [/move_group/planning_scene_monitor/set_parameters] /move_group http://wng:44169/
[rosmaster.master][INFO] 2021-09-18 22:22:30,417: +PUB [/move_group/planning_scene_monitor/parameter_descriptions] /move_group http://wng:44169/
[rosmaster.master][INFO] 2021-09-18 22:22:30,417: +PUB [/move_group/planning_scene_monitor/parameter_updates] /move_group http://wng:44169/
[rosmaster.master][INFO] 2021-09-18 22:22:30,418: +PARAM [/move_group/planning_scene_monitor/publish_planning_scene] by /move_group
[rosmaster.master][INFO] 2021-09-18 22:22:30,419: +PARAM [/move_group/planning_scene_monitor/publish_planning_scene_hz] by /move_group
[rosmaster.master][INFO] 2021-09-18 22:22:30,419: +PARAM [/move_group/planning_scene_monitor/publish_geometry_updates] by /move_group
[rosmaster.master][INFO] 2021-09-18 22:22:30,419: +PARAM [/move_group/planning_scene_monitor/publish_state_updates] by /move_group
[rosmaster.master][INFO] 2021-09-18 22:22:30,420: +PARAM [/move_group/planning_scene_monitor/publish_transforms_updates] by /move_group
[rosmaster.master][INFO] 2021-09-18 22:22:30,420: +PUB [/move_group/monitored_planning_scene] /move_group http://wng:44169/
[rosmaster.master][INFO] 2021-09-18 22:22:30,420: +PARAM [/move_group/planning_scene_monitor/publish_planning_scene] by /move_group
[rosmaster.master][INFO] 2021-09-18 22:22:30,421: +PARAM [/move_group/planning_scene_monitor/publish_planning_scene_hz] by /move_group
[rosmaster.master][INFO] 2021-09-18 22:22:30,421: +PARAM [/move_group/planning_scene_monitor/publish_geometry_updates] by /move_group
[rosmaster.master][INFO] 2021-09-18 22:22:30,421: +PARAM [/move_group/planning_scene_monitor/publish_state_updates] by /move_group
[rosmaster.master][INFO] 2021-09-18 22:22:30,421: +PARAM [/move_group/planning_scene_monitor/publish_transforms_updates] by /move_group
[rosmaster.master][INFO] 2021-09-18 22:22:30,423: +SUB [/planning_scene] /move_group http://wng:44169/
[rosmaster.master][INFO] 2021-09-18 22:22:30,424: +SUB [/collision_object] /move_group http://wng:44169/
[rosmaster.master][INFO] 2021-09-18 22:22:30,426: +SUB [/planning_scene_world] /move_group http://wng:44169/
[rosmaster.master][INFO] 2021-09-18 22:22:30,430: +PUB [/move_group/filtered_cloud] /move_group http://wng:44169/
[rosmaster.master][INFO] 2021-09-18 22:22:30,430: +SERVICE [/move_group/save_map] /move_group http://wng:44169/
[rosmaster.master][INFO] 2021-09-18 22:22:30,430: +SERVICE [/move_group/load_map] /move_group http://wng:44169/
[rosmaster.master][INFO] 2021-09-18 22:22:30,434: +SUB [/camera/depth_registered/points] /move_group http://wng:44169/
[rosmaster.master][INFO] 2021-09-18 22:22:30,436: +SUB [/joint_states_desired] /move_group http://wng:44169/
[rosmaster.master][INFO] 2021-09-18 22:22:30,437: +SUB [/attached_collision_object] /move_group http://wng:44169/
[rosmaster.master][INFO] 2021-09-18 22:22:30,448: +PUB [/rosout] /rviz_wng_7658_876059643811655009 http://wng:33469/
[rosmaster.master][INFO] 2021-09-18 22:22:30,448: +SERVICE [/rviz_wng_7658_876059643811655009/get_loggers] /rviz_wng_7658_876059643811655009 http://wng:33469/
[rosmaster.master][INFO] 2021-09-18 22:22:30,449: +SERVICE [/rviz_wng_7658_876059643811655009/set_logger_level] /rviz_wng_7658_876059643811655009 http://wng:33469/
[rosmaster.master][INFO] 2021-09-18 22:22:30,449: +CACHEDPARAM [/rosout_disable_topics_generation] by /rviz_wng_7658_876059643811655009
[rosmaster.master][INFO] 2021-09-18 22:22:30,480: publisherUpdate[/rosout] -> http://wng:36869/ ['http://wng:37627/', 'http://wng:42965/', 'http://wng:44169/', 'http://wng:33469/']
[rosmaster.master][INFO] 2021-09-18 22:22:30,481: publisherUpdate[/rosout] -> http://wng:36869/ ['http://wng:37627/', 'http://wng:42965/', 'http://wng:44169/', 'http://wng:33469/']: sec=0.00, result=[1, '', 0]
[rosmaster.master][INFO] 2021-09-18 22:22:30,485: +SERVICE [/move_group/ompl/set_parameters] /move_group http://wng:44169/
[rosmaster.master][INFO] 2021-09-18 22:22:30,485: +PUB [/move_group/ompl/parameter_descriptions] /move_group http://wng:44169/
[rosmaster.master][INFO] 2021-09-18 22:22:30,485: +PUB [/move_group/ompl/parameter_updates] /move_group http://wng:44169/
[rosmaster.master][INFO] 2021-09-18 22:22:30,487: +PARAM [/move_group/ompl/simplify_solutions] by /move_group
[rosmaster.master][INFO] 2021-09-18 22:22:30,487: +PARAM [/move_group/ompl/minimum_waypoint_count] by /move_group
[rosmaster.master][INFO] 2021-09-18 22:22:30,488: +PARAM [/move_group/ompl/maximum_waypoint_distance] by /move_group
[rosmaster.master][INFO] 2021-09-18 22:22:30,488: +PARAM [/move_group/ompl/link_for_exploration_tree] by /move_group
[rosmaster.master][INFO] 2021-09-18 22:22:30,488: +PARAM [/move_group/ompl/display_random_valid_states] by /move_group
[rosmaster.master][INFO] 2021-09-18 22:22:30,489: +PARAM [/move_group/ompl/simplify_solutions] by /move_group
[rosmaster.master][INFO] 2021-09-18 22:22:30,489: +PARAM [/move_group/ompl/minimum_waypoint_count] by /move_group
[rosmaster.master][INFO] 2021-09-18 22:22:30,489: +PARAM [/move_group/ompl/maximum_waypoint_distance] by /move_group
[rosmaster.master][INFO] 2021-09-18 22:22:30,490: +PARAM [/move_group/ompl/link_for_exploration_tree] by /move_group
[rosmaster.master][INFO] 2021-09-18 22:22:30,490: +PARAM [/move_group/ompl/display_random_valid_states] by /move_group
[rosmaster.master][INFO] 2021-09-18 22:22:30,495: +PUB [/move_group/display_planned_path] /move_group http://wng:44169/
[rosmaster.master][INFO] 2021-09-18 22:22:30,495: +PUB [/move_group/display_contacts] /move_group http://wng:44169/
[rosmaster.master][INFO] 2021-09-18 22:22:30,498: +PUB [/move_group/fake_controller_joint_states] /move_group http://wng:44169/
[rosmaster.master][INFO] 2021-09-18 22:22:30,523: +SUB [/trajectory_execution_event] /move_group http://wng:44169/
[rosmaster.master][INFO] 2021-09-18 22:22:30,523: +SERVICE [/move_group/trajectory_execution/set_parameters] /move_group http://wng:44169/
[rosmaster.master][INFO] 2021-09-18 22:22:30,523: +PUB [/move_group/trajectory_execution/parameter_descriptions] /move_group http://wng:44169/
[rosmaster.master][INFO] 2021-09-18 22:22:30,523: +PUB [/move_group/trajectory_execution/parameter_updates] /move_group http://wng:44169/
[rosmaster.master][INFO] 2021-09-18 22:22:30,525: +PARAM [/move_group/trajectory_execution/execution_duration_monitoring] by /move_group
[rosmaster.master][INFO] 2021-09-18 22:22:30,525: +PARAM [/move_group/trajectory_execution/allowed_execution_duration_scaling] by /move_group
[rosmaster.master][INFO] 2021-09-18 22:22:30,525: +PARAM [/move_group/trajectory_execution/allowed_goal_duration_margin] by /move_group
[rosmaster.master][INFO] 2021-09-18 22:22:30,525: +PARAM [/move_group/trajectory_execution/execution_velocity_scaling] by /move_group
[rosmaster.master][INFO] 2021-09-18 22:22:30,525: +PARAM [/move_group/trajectory_execution/allowed_start_tolerance] by /move_group
[rosmaster.master][INFO] 2021-09-18 22:22:30,526: +PARAM [/move_group/trajectory_execution/wait_for_trajectory_completion] by /move_group
[rosmaster.master][INFO] 2021-09-18 22:22:30,526: +PARAM [/move_group/trajectory_execution/execution_duration_monitoring] by /move_group
[rosmaster.master][INFO] 2021-09-18 22:22:30,526: +PARAM [/move_group/trajectory_execution/allowed_execution_duration_scaling] by /move_group
[rosmaster.master][INFO] 2021-09-18 22:22:30,526: +PARAM [/move_group/trajectory_execution/allowed_goal_duration_margin] by /move_group
[rosmaster.master][INFO] 2021-09-18 22:22:30,527: +PARAM [/move_group/trajectory_execution/execution_velocity_scaling] by /move_group
[rosmaster.master][INFO] 2021-09-18 22:22:30,527: +PARAM [/move_group/trajectory_execution/allowed_start_tolerance] by /move_group
[rosmaster.master][INFO] 2021-09-18 22:22:30,527: +PARAM [/move_group/trajectory_execution/wait_for_trajectory_completion] by /move_group
[rosmaster.master][INFO] 2021-09-18 22:22:30,527: +SERVICE [/move_group/plan_execution/set_parameters] /move_group http://wng:44169/
[rosmaster.master][INFO] 2021-09-18 22:22:30,528: +PUB [/move_group/plan_execution/parameter_descriptions] /move_group http://wng:44169/
[rosmaster.master][INFO] 2021-09-18 22:22:30,528: +PUB [/move_group/plan_execution/parameter_updates] /move_group http://wng:44169/
[rosmaster.master][INFO] 2021-09-18 22:22:30,528: +PARAM [/move_group/plan_execution/max_replan_attempts] by /move_group
[rosmaster.master][INFO] 2021-09-18 22:22:30,529: +PARAM [/move_group/plan_execution/record_trajectory_state_frequency] by /move_group
[rosmaster.master][INFO] 2021-09-18 22:22:30,529: +PARAM [/move_group/plan_execution/max_replan_attempts] by /move_group
[rosmaster.master][INFO] 2021-09-18 22:22:30,529: +PARAM [/move_group/plan_execution/record_trajectory_state_frequency] by /move_group
[rosmaster.master][INFO] 2021-09-18 22:22:30,530: +SERVICE [/move_group/sense_for_plan/set_parameters] /move_group http://wng:44169/
[rosmaster.master][INFO] 2021-09-18 22:22:30,530: +PUB [/move_group/sense_for_plan/parameter_descriptions] /move_group http://wng:44169/
[rosmaster.master][INFO] 2021-09-18 22:22:30,530: +PUB [/move_group/sense_for_plan/parameter_updates] /move_group http://wng:44169/
[rosmaster.master][INFO] 2021-09-18 22:22:30,531: +PARAM [/move_group/sense_for_plan/max_safe_path_cost] by /move_group
[rosmaster.master][INFO] 2021-09-18 22:22:30,531: +PARAM [/move_group/sense_for_plan/max_look_attempts] by /move_group
[rosmaster.master][INFO] 2021-09-18 22:22:30,531: +PARAM [/move_group/sense_for_plan/max_cost_sources] by /move_group
[rosmaster.master][INFO] 2021-09-18 22:22:30,532: +PARAM [/move_group/sense_for_plan/discard_overlapping_cost_sources] by /move_group
[rosmaster.master][INFO] 2021-09-18 22:22:30,532: +PARAM [/move_group/sense_for_plan/max_safe_path_cost] by /move_group
[rosmaster.master][INFO] 2021-09-18 22:22:30,532: +PARAM [/move_group/sense_for_plan/max_look_attempts] by /move_group
[rosmaster.master][INFO] 2021-09-18 22:22:30,532: +PARAM [/move_group/sense_for_plan/max_cost_sources] by /move_group
[rosmaster.master][INFO] 2021-09-18 22:22:30,533: +PARAM [/move_group/sense_for_plan/discard_overlapping_cost_sources] by /move_group
[rosmaster.master][INFO] 2021-09-18 22:22:30,533: +PUB [/move_group/display_cost_sources] /move_group http://wng:44169/
[rosmaster.master][INFO] 2021-09-18 22:22:30,533: +PUB [/move_group/motion_plan_request] /move_group http://wng:44169/
[rosmaster.master][INFO] 2021-09-18 22:22:30,537: +SERVICE [/apply_planning_scene] /move_group http://wng:44169/
[rosmaster.master][INFO] 2021-09-18 22:22:30,537: +SERVICE [/clear_octomap] /move_group http://wng:44169/
[rosmaster.master][INFO] 2021-09-18 22:22:30,537: +SERVICE [/compute_cartesian_path] /move_group http://wng:44169/
[rosmaster.master][INFO] 2021-09-18 22:22:30,538: +PUB [/execute_trajectory/result] /move_group http://wng:44169/
[rosmaster.master][INFO] 2021-09-18 22:22:30,538: +PUB [/execute_trajectory/feedback] /move_group http://wng:44169/
[rosmaster.master][INFO] 2021-09-18 22:22:30,538: +PUB [/execute_trajectory/status] /move_group http://wng:44169/
[rosmaster.master][INFO] 2021-09-18 22:22:30,540: +SUB [/execute_trajectory/goal] /move_group http://wng:44169/
[rosmaster.master][INFO] 2021-09-18 22:22:30,541: +SUB [/execute_trajectory/cancel] /move_group http://wng:44169/
[rosmaster.master][INFO] 2021-09-18 22:22:30,541: +SERVICE [/get_planning_scene] /move_group http://wng:44169/
[rosmaster.master][INFO] 2021-09-18 22:22:30,541: +SERVICE [/compute_fk] /move_group http://wng:44169/
[rosmaster.master][INFO] 2021-09-18 22:22:30,541: +SERVICE [/compute_ik] /move_group http://wng:44169/
[rosmaster.master][INFO] 2021-09-18 22:22:30,542: +PUB [/move_group/result] /move_group http://wng:44169/
[rosmaster.master][INFO] 2021-09-18 22:22:30,542: +PUB [/move_group/feedback] /move_group http://wng:44169/
[rosmaster.master][INFO] 2021-09-18 22:22:30,543: +PUB [/move_group/status] /move_group http://wng:44169/
[rosmaster.master][INFO] 2021-09-18 22:22:30,544: +SUB [/move_group/goal] /move_group http://wng:44169/
[rosmaster.master][INFO] 2021-09-18 22:22:30,545: +SUB [/move_group/cancel] /move_group http://wng:44169/
[rosmaster.master][INFO] 2021-09-18 22:22:30,550: +PUB [/move_group/display_grasp_markers] /move_group http://wng:44169/
[rosmaster.master][INFO] 2021-09-18 22:22:30,551: +PUB [/pickup/result] /move_group http://wng:44169/
[rosmaster.master][INFO] 2021-09-18 22:22:30,551: +PUB [/pickup/feedback] /move_group http://wng:44169/
[rosmaster.master][INFO] 2021-09-18 22:22:30,551: +PUB [/pickup/status] /move_group http://wng:44169/
[rosmaster.master][INFO] 2021-09-18 22:22:30,552: +SUB [/pickup/goal] /move_group http://wng:44169/
[rosmaster.master][INFO] 2021-09-18 22:22:30,553: +SUB [/pickup/cancel] /move_group http://wng:44169/
[rosmaster.master][INFO] 2021-09-18 22:22:30,554: +PUB [/place/result] /move_group http://wng:44169/
[rosmaster.master][INFO] 2021-09-18 22:22:30,554: +PUB [/place/feedback] /move_group http://wng:44169/
[rosmaster.master][INFO] 2021-09-18 22:22:30,554: +PUB [/place/status] /move_group http://wng:44169/
[rosmaster.master][INFO] 2021-09-18 22:22:30,556: +SUB [/place/goal] /move_group http://wng:44169/
[rosmaster.master][INFO] 2021-09-18 22:22:30,557: +SUB [/place/cancel] /move_group http://wng:44169/
[rosmaster.master][INFO] 2021-09-18 22:22:30,557: +SERVICE [/plan_kinematic_path] /move_group http://wng:44169/
[rosmaster.master][INFO] 2021-09-18 22:22:30,557: +SERVICE [/query_planner_interface] /move_group http://wng:44169/
[rosmaster.master][INFO] 2021-09-18 22:22:30,557: +SERVICE [/get_planner_params] /move_group http://wng:44169/
[rosmaster.master][INFO] 2021-09-18 22:22:30,558: +SERVICE [/set_planner_params] /move_group http://wng:44169/
[rosmaster.master][INFO] 2021-09-18 22:22:30,558: +SERVICE [/check_state_validity] /move_group http://wng:44169/
[rosmaster.master][INFO] 2021-09-18 22:22:30,583: +CACHEDPARAM [/rosout/omit_topics] by /rosout
[rosmaster.master][INFO] 2021-09-18 22:22:30,625: +PUB [/rosout] /joint_state_publisher http://wng:39827/
[rosmaster.master][INFO] 2021-09-18 22:22:30,628: +SERVICE [/joint_state_publisher/get_loggers] /joint_state_publisher http://wng:39827/
[rosmaster.master][INFO] 2021-09-18 22:22:30,628: +SERVICE [/joint_state_publisher/set_logger_level] /joint_state_publisher http://wng:39827/
[rosmaster.master][INFO] 2021-09-18 22:22:30,642: +SUB [/move_group/fake_controller_joint_states] /joint_state_publisher http://wng:39827/
[rosmaster.master][INFO] 2021-09-18 22:22:30,643: +PUB [/joint_states] /joint_state_publisher http://wng:39827/
[rosmaster.master][INFO] 2021-09-18 22:22:30,681: publisherUpdate[/rosout] -> http://wng:36869/ ['http://wng:37627/', 'http://wng:42965/', 'http://wng:44169/', 'http://wng:33469/', 'http://wng:39827/']
[rosmaster.master][INFO] 2021-09-18 22:22:30,682: publisherUpdate[/rosout] -> http://wng:36869/ ['http://wng:37627/', 'http://wng:42965/', 'http://wng:44169/', 'http://wng:33469/', 'http://wng:39827/']: sec=0.00, result=[1, '', 0]
[rosmaster.master][INFO] 2021-09-18 22:22:30,682: publisherUpdate[/joint_states] -> http://wng:37627/ ['http://wng:39827/']
[rosmaster.master][INFO] 2021-09-18 22:22:30,682: publisherUpdate[/joint_states] -> http://wng:42965/ ['http://wng:39827/']
[rosmaster.master][INFO] 2021-09-18 22:22:30,682: publisherUpdate[/joint_states] -> http://wng:37627/ ['http://wng:39827/']: sec=0.00, result=[1, '', 0]
[rosmaster.master][INFO] 2021-09-18 22:22:30,683: publisherUpdate[/joint_states] -> http://wng:42965/ ['http://wng:39827/']: sec=0.00, result=[1, '', 0]
[rosmaster.master][INFO] 2021-09-18 22:22:30,945: +PUB [/joint_states_desired] /joint_state_desired_publisher http://wng:37627/
[rosmaster.master][INFO] 2021-09-18 22:22:30,945: +CACHEDPARAM [/rosout_disable_topics_generation] by /joint_state_desired_publisher
[rosmaster.master][INFO] 2021-09-18 22:22:30,982: publisherUpdate[/joint_states_desired] -> http://wng:44169/ ['http://wng:37627/']
[rosmaster.master][INFO] 2021-09-18 22:22:30,983: publisherUpdate[/joint_states_desired] -> http://wng:44169/ ['http://wng:37627/']: sec=0.00, result=[1, '', 0]
[rosmaster.master][INFO] 2021-09-18 22:22:31,098: +SUB [/tf] /rviz_wng_7658_876059643811655009 http://wng:33469/
[rosmaster.master][INFO] 2021-09-18 22:22:31,099: +SUB [/tf_static] /rviz_wng_7658_876059643811655009 http://wng:33469/
[rosmaster.master][INFO] 2021-09-18 22:22:31,110: +PUB [/rosout] /PandaMove http://wng:41135/
[rosmaster.master][INFO] 2021-09-18 22:22:31,112: +SERVICE [/PandaMove/get_loggers] /PandaMove http://wng:41135/
[rosmaster.master][INFO] 2021-09-18 22:22:31,112: +SERVICE [/PandaMove/set_logger_level] /PandaMove http://wng:41135/
[rosmaster.master][INFO] 2021-09-18 22:22:31,122: +PUB [/initialpose] /rviz_wng_7658_876059643811655009 http://wng:33469/
[rosmaster.master][INFO] 2021-09-18 22:22:31,122: +PUB [/goal] /rviz_wng_7658_876059643811655009 http://wng:33469/
[rosmaster.master][INFO] 2021-09-18 22:22:31,129: +PUB [/rosout] /server_endpoint http://wng:46755/
[rosmaster.master][INFO] 2021-09-18 22:22:31,130: +SERVICE [/server_endpoint/get_loggers] /server_endpoint http://wng:46755/
[rosmaster.master][INFO] 2021-09-18 22:22:31,131: +SERVICE [/server_endpoint/set_logger_level] /server_endpoint http://wng:46755/
[rosmaster.master][INFO] 2021-09-18 22:22:31,132: +SERVICE [/init_sync] /server_endpoint http://wng:46755/
[rosmaster.master][INFO] 2021-09-18 22:22:31,132: +SERVICE [/scene_sync] /server_endpoint http://wng:46755/
[rosmaster.master][INFO] 2021-09-18 22:22:31,133: +SERVICE [/panda_plan] /server_endpoint http://wng:46755/
[rosmaster.master][INFO] 2021-09-18 22:22:31,133: +SERVICE [/hand_sync] /server_endpoint http://wng:46755/
[rosmaster.master][INFO] 2021-09-18 22:22:31,134: +SERVICE [/motion_check] /server_endpoint http://wng:46755/
[rosmaster.master][INFO] 2021-09-18 22:22:31,135: +SUB [/execution_check] /server_endpoint http://wng:46755/
[rosmaster.master][INFO] 2021-09-18 22:22:31,135: +CACHEDPARAM [/rosout_disable_topics_generation] by /server_endpoint
[rosmaster.master][INFO] 2021-09-18 22:22:31,153: +CACHEDPARAM [/rosout_disable_topics_generation] by /PandaMove
[rosmaster.master][INFO] 2021-09-18 22:22:31,154: +CACHEDPARAM [/rosout_disable_topics_generation] by /PandaMove
[rosmaster.master][INFO] 2021-09-18 22:22:31,155: +CACHEDPARAM [/rosout_disable_topics_generation] by /PandaMove
[rosmaster.master][INFO] 2021-09-18 22:22:31,155: +CACHEDPARAM [/rosout_disable_topics_generation] by /PandaMove
[rosmaster.master][INFO] 2021-09-18 22:22:31,156: +CACHEDPARAM [/rosout_disable_topics_generation] by /PandaMove
[rosmaster.master][INFO] 2021-09-18 22:22:31,156: +CACHEDPARAM [/rosout_disable_topics_generation] by /PandaMove
[rosmaster.master][INFO] 2021-09-18 22:22:31,157: +CACHEDPARAM [/rosout_disable_topics_generation] by /PandaMove
[rosmaster.master][INFO] 2021-09-18 22:22:31,157: +CACHEDPARAM [/rosout_disable_topics_generation] by /PandaMove
[rosmaster.master][INFO] 2021-09-18 22:22:31,158: +CACHEDPARAM [/rosout_disable_topics_generation] by /PandaMove
[rosmaster.master][INFO] 2021-09-18 22:22:31,158: +CACHEDPARAM [/rosout_disable_topics_generation] by /PandaMove
[rosmaster.master][INFO] 2021-09-18 22:22:31,159: +CACHEDPARAM [/rosout_disable_topics_generation] by /PandaMove
[rosmaster.master][INFO] 2021-09-18 22:22:31,159: +CACHEDPARAM [/rosout_disable_topics_generation] by /PandaMove
[rosmaster.master][INFO] 2021-09-18 22:22:31,160: +CACHEDPARAM [/rosout_disable_topics_generation] by /PandaMove
[rosmaster.master][INFO] 2021-09-18 22:22:31,160: +CACHEDPARAM [/rosout_disable_topics_generation] by /PandaMove
[rosmaster.master][INFO] 2021-09-18 22:22:31,161: +CACHEDPARAM [/rosout_disable_topics_generation] by /PandaMove
[rosmaster.master][INFO] 2021-09-18 22:22:31,161: +CACHEDPARAM [/rosout_disable_topics_generation] by /PandaMove
[rosmaster.master][INFO] 2021-09-18 22:22:31,162: +CACHEDPARAM [/rosout_disable_topics_generation] by /PandaMove
[rosmaster.master][INFO] 2021-09-18 22:22:31,162: +CACHEDPARAM [/rosout_disable_topics_generation] by /PandaMove
[rosmaster.master][INFO] 2021-09-18 22:22:31,163: +CACHEDPARAM [/rosout_disable_topics_generation] by /PandaMove
[rosmaster.master][INFO] 2021-09-18 22:22:31,163: +CACHEDPARAM [/rosout_disable_topics_generation] by /PandaMove
[rosmaster.master][INFO] 2021-09-18 22:22:31,167: +SUB [/visualization_marker] /rviz_wng_7658_876059643811655009 http://wng:33469/
[rosmaster.master][INFO] 2021-09-18 22:22:31,168: +SUB [/visualization_marker_array] /rviz_wng_7658_876059643811655009 http://wng:33469/
[rosmaster.master][INFO] 2021-09-18 22:22:31,169: -SUB [/visualization_marker] /rviz_wng_7658_876059643811655009 http://wng:33469/
[rosmaster.master][INFO] 2021-09-18 22:22:31,169: -SUB [/visualization_marker_array] /rviz_wng_7658_876059643811655009 http://wng:33469/
[rosmaster.master][INFO] 2021-09-18 22:22:31,170: +SUB [/action] /rviz_wng_7658_876059643811655009 http://wng:33469/
[rosmaster.master][INFO] 2021-09-18 22:22:31,171: +SUB [/action_array] /rviz_wng_7658_876059643811655009 http://wng:33469/
[rosmaster.master][INFO] 2021-09-18 22:22:31,179: +PUB [/planning_scene] /rviz_wng_7658_876059643811655009 http://wng:33469/
[rosmaster.master][INFO] 2021-09-18 22:22:31,179: +PUB [/planning_scene_world] /rviz_wng_7658_876059643811655009 http://wng:33469/
[rosmaster.master][INFO] 2021-09-18 22:22:31,180: +SUB [/recognize_objects/status] /rviz_wng_7658_876059643811655009 http://wng:33469/
[rosmaster.master][INFO] 2021-09-18 22:22:31,181: +SUB [/recognize_objects/feedback] /rviz_wng_7658_876059643811655009 http://wng:33469/
[rosmaster.master][INFO] 2021-09-18 22:22:31,182: +SUB [/recognize_objects/result] /rviz_wng_7658_876059643811655009 http://wng:33469/
[rosmaster.master][INFO] 2021-09-18 22:22:31,183: +PUB [/recognize_objects/goal] /rviz_wng_7658_876059643811655009 http://wng:33469/
[rosmaster.master][INFO] 2021-09-18 22:22:31,183: +PUB [/recognize_objects/cancel] /rviz_wng_7658_876059643811655009 http://wng:33469/
[rosmaster.master][INFO] 2021-09-18 22:22:31,183: publisherUpdate[/rosout] -> http://wng:36869/ ['http://wng:37627/', 'http://wng:42965/', 'http://wng:44169/', 'http://wng:33469/', 'http://wng:39827/', 'http://wng:41135/']
[rosmaster.master][INFO] 2021-09-18 22:22:31,183: publisherUpdate[/planning_scene] -> http://wng:44169/ ['http://wng:33469/']
[rosmaster.master][INFO] 2021-09-18 22:22:31,184: publisherUpdate[/rosout] -> http://wng:36869/ ['http://wng:37627/', 'http://wng:42965/', 'http://wng:44169/', 'http://wng:33469/', 'http://wng:39827/', 'http://wng:41135/']: sec=0.00, result=[1, '', 0]
[rosmaster.master][INFO] 2021-09-18 22:22:31,184: publisherUpdate[/rosout] -> http://wng:36869/ ['http://wng:37627/', 'http://wng:42965/', 'http://wng:44169/', 'http://wng:33469/', 'http://wng:39827/', 'http://wng:41135/', 'http://wng:46755/']
[rosmaster.master][INFO] 2021-09-18 22:22:31,184: publisherUpdate[/planning_scene] -> http://wng:44169/ ['http://wng:33469/']: sec=0.00, result=[1, '', 0]
[rosmaster.master][INFO] 2021-09-18 22:22:31,184: +SUB [/recognized_object_array] /rviz_wng_7658_876059643811655009 http://wng:33469/
[rosmaster.master][INFO] 2021-09-18 22:22:31,185: publisherUpdate[/planning_scene_world] -> http://wng:44169/ ['http://wng:33469/']
[rosmaster.master][INFO] 2021-09-18 22:22:31,185: publisherUpdate[/rosout] -> http://wng:36869/ ['http://wng:37627/', 'http://wng:42965/', 'http://wng:44169/', 'http://wng:33469/', 'http://wng:39827/', 'http://wng:41135/', 'http://wng:46755/']: sec=0.00, result=[1, '', 0]
[rosmaster.master][INFO] 2021-09-18 22:22:31,185: publisherUpdate[/planning_scene_world] -> http://wng:44169/ ['http://wng:33469/']: sec=0.00, result=[1, '', 0]
[rosmaster.master][INFO] 2021-09-18 22:22:34,186: -SUB [/recognize_objects/status] /rviz_wng_7658_876059643811655009 http://wng:33469/
[rosmaster.master][INFO] 2021-09-18 22:22:34,187: -PUB [/recognize_objects/cancel] /rviz_wng_7658_876059643811655009 http://wng:33469/
[rosmaster.master][INFO] 2021-09-18 22:22:34,189: -PUB [/recognize_objects/goal] /rviz_wng_7658_876059643811655009 http://wng:33469/
[rosmaster.master][INFO] 2021-09-18 22:22:34,190: -SUB [/recognize_objects/feedback] /rviz_wng_7658_876059643811655009 http://wng:33469/
[rosmaster.master][INFO] 2021-09-18 22:22:34,192: -SUB [/recognize_objects/result] /rviz_wng_7658_876059643811655009 http://wng:33469/
[rosmaster.master][INFO] 2021-09-18 22:22:34,257: +PUB [/feedback] /rviz_wng_7658_876059643811655009 http://wng:33469/
[rosmaster.master][INFO] 2021-09-18 22:22:34,258: -PUB [/feedback] /rviz_wng_7658_876059643811655009 http://wng:33469/
[rosmaster.master][INFO] 2021-09-18 22:22:34,258: +PUB [/feedback] /rviz_wng_7658_876059643811655009 http://wng:33469/
[rosmaster.master][INFO] 2021-09-18 22:22:34,259: -PUB [/goal] /rviz_wng_7658_876059643811655009 http://wng:33469/
[rosmaster.master][INFO] 2021-09-18 22:22:34,259: -PUB [/initialpose] /rviz_wng_7658_876059643811655009 http://wng:33469/
[rosmaster.master][INFO] 2021-09-18 22:22:34,275: +SERVICE [/rviz_wng_7658_876059643811655009/reload_shaders] /rviz_wng_7658_876059643811655009 http://wng:33469/
[rosmaster.master][INFO] 2021-09-18 22:22:34,276: +SERVICE [/rviz_wng_7658_876059643811655009/load_config] /rviz_wng_7658_876059643811655009 http://wng:33469/
[rosmaster.master][INFO] 2021-09-18 22:22:34,276: +SERVICE [/rviz_wng_7658_876059643811655009/save_config] /rviz_wng_7658_876059643811655009 http://wng:33469/
[rosmaster.master][INFO] 2021-09-18 22:22:34,337: +SERVICE [/rviz_wng_7658_876059643811655009/motionplanning_planning_scene_monitor/set_parameters] /rviz_wng_7658_876059643811655009 http://wng:33469/
[rosmaster.master][INFO] 2021-09-18 22:22:34,337: +PUB [/rviz_wng_7658_876059643811655009/motionplanning_planning_scene_monitor/parameter_descriptions] /rviz_wng_7658_876059643811655009 http://wng:33469/
[rosmaster.master][INFO] 2021-09-18 22:22:34,337: +PUB [/rviz_wng_7658_876059643811655009/motionplanning_planning_scene_monitor/parameter_updates] /rviz_wng_7658_876059643811655009 http://wng:33469/
[rosmaster.master][INFO] 2021-09-18 22:22:34,338: +PARAM [/rviz_wng_7658_876059643811655009/motionplanning_planning_scene_monitor/publish_planning_scene] by /rviz_wng_7658_876059643811655009
[rosmaster.master][INFO] 2021-09-18 22:22:34,338: +PARAM [/rviz_wng_7658_876059643811655009/motionplanning_planning_scene_monitor/publish_planning_scene_hz] by /rviz_wng_7658_876059643811655009
[rosmaster.master][INFO] 2021-09-18 22:22:34,339: +PARAM [/rviz_wng_7658_876059643811655009/motionplanning_planning_scene_monitor/publish_geometry_updates] by /rviz_wng_7658_876059643811655009
[rosmaster.master][INFO] 2021-09-18 22:22:34,339: +PARAM [/rviz_wng_7658_876059643811655009/motionplanning_planning_scene_monitor/publish_state_updates] by /rviz_wng_7658_876059643811655009
[rosmaster.master][INFO] 2021-09-18 22:22:34,339: +PARAM [/rviz_wng_7658_876059643811655009/motionplanning_planning_scene_monitor/publish_transforms_updates] by /rviz_wng_7658_876059643811655009
[rosmaster.master][INFO] 2021-09-18 22:22:34,339: +PARAM [/rviz_wng_7658_876059643811655009/motionplanning_planning_scene_monitor/publish_planning_scene] by /rviz_wng_7658_876059643811655009
[rosmaster.master][INFO] 2021-09-18 22:22:34,339: +PARAM [/rviz_wng_7658_876059643811655009/motionplanning_planning_scene_monitor/publish_planning_scene_hz] by /rviz_wng_7658_876059643811655009
[rosmaster.master][INFO] 2021-09-18 22:22:34,340: +PARAM [/rviz_wng_7658_876059643811655009/motionplanning_planning_scene_monitor/publish_geometry_updates] by /rviz_wng_7658_876059643811655009
[rosmaster.master][INFO] 2021-09-18 22:22:34,340: +PARAM [/rviz_wng_7658_876059643811655009/motionplanning_planning_scene_monitor/publish_state_updates] by /rviz_wng_7658_876059643811655009
[rosmaster.master][INFO] 2021-09-18 22:22:34,340: +PARAM [/rviz_wng_7658_876059643811655009/motionplanning_planning_scene_monitor/publish_transforms_updates] by /rviz_wng_7658_876059643811655009
[rosmaster.master][INFO] 2021-09-18 22:22:39,846: -SUB [/move_group/fake_controller_joint_states] /joint_state_publisher http://wng:39827/
[rosmaster.master][INFO] 2021-09-18 22:22:39,847: -PUB [/rosout] /PandaMove http://wng:41135/
[rosmaster.master][INFO] 2021-09-18 22:22:39,847: -SUB [/execution_check] /server_endpoint http://wng:46755/
[rosmaster.master][INFO] 2021-09-18 22:22:39,847: -PUB [/joint_states] /joint_state_publisher http://wng:39827/
[rosmaster.master][INFO] 2021-09-18 22:22:39,847: -SERVICE [/PandaMove/get_loggers] /PandaMove rosrpc://wng:37505
[rosmaster.master][INFO] 2021-09-18 22:22:39,848: -PUB [/rosout] /server_endpoint http://wng:46755/
[rosmaster.master][INFO] 2021-09-18 22:22:39,848: -PUB [/rosout] /joint_state_publisher http://wng:39827/
[rosmaster.master][INFO] 2021-09-18 22:22:39,848: -SERVICE [/PandaMove/set_logger_level] /PandaMove rosrpc://wng:37505
[rosmaster.master][INFO] 2021-09-18 22:22:39,848: -SERVICE [/hand_sync] /server_endpoint rosrpc://wng:38379
[rosmaster.master][INFO] 2021-09-18 22:22:39,848: -SERVICE [/joint_state_publisher/get_loggers] /joint_state_publisher rosrpc://wng:41485
[rosmaster.master][INFO] 2021-09-18 22:22:39,848: -SERVICE [/panda_plan] /server_endpoint rosrpc://wng:38379
[rosmaster.master][INFO] 2021-09-18 22:22:39,848: -SERVICE [/joint_state_publisher/set_logger_level] /joint_state_publisher rosrpc://wng:41485
[rosmaster.master][INFO] 2021-09-18 22:22:39,848: -SERVICE [/server_endpoint/get_loggers] /server_endpoint rosrpc://wng:38379
[rosmaster.master][INFO] 2021-09-18 22:22:39,848: -SERVICE [/scene_sync] /server_endpoint rosrpc://wng:38379
[rosmaster.master][INFO] 2021-09-18 22:22:39,849: -SERVICE [/server_endpoint/set_logger_level] /server_endpoint rosrpc://wng:38379
[rosmaster.master][INFO] 2021-09-18 22:22:39,849: -SERVICE [/motion_check] /server_endpoint rosrpc://wng:38379
[rosmaster.master][INFO] 2021-09-18 22:22:39,849: -SERVICE [/init_sync] /server_endpoint rosrpc://wng:38379
[rosmaster.master][INFO] 2021-09-18 22:22:39,897: publisherUpdate[/rosout] -> http://wng:36869/ ['http://wng:37627/', 'http://wng:42965/', 'http://wng:44169/', 'http://wng:33469/', 'http://wng:39827/', 'http://wng:46755/']
[rosmaster.master][INFO] 2021-09-18 22:22:39,897: publisherUpdate[/rosout] -> http://wng:36869/ ['http://wng:37627/', 'http://wng:42965/', 'http://wng:44169/', 'http://wng:33469/', 'http://wng:39827/', 'http://wng:46755/']: sec=0.00, result=[1, '', 0]
[rosmaster.master][INFO] 2021-09-18 22:22:39,897: publisherUpdate[/joint_states] -> http://wng:37627/ []
[rosmaster.master][INFO] 2021-09-18 22:22:39,897: publisherUpdate[/joint_states] -> http://wng:42965/ []
[rosmaster.master][INFO] 2021-09-18 22:22:39,898: publisherUpdate[/joint_states] -> http://wng:37627/ []: sec=0.00, result=[1, '', 0]
[rosmaster.master][INFO] 2021-09-18 22:22:39,898: publisherUpdate[/rosout] -> http://wng:36869/ ['http://wng:37627/', 'http://wng:42965/', 'http://wng:44169/', 'http://wng:33469/', 'http://wng:39827/']
[rosmaster.master][INFO] 2021-09-18 22:22:39,898: publisherUpdate[/joint_states] -> http://wng:42965/ []: sec=0.00, result=[1, '', 0]
[rosmaster.master][INFO] 2021-09-18 22:22:39,898: publisherUpdate[/rosout] -> http://wng:36869/ ['http://wng:37627/', 'http://wng:42965/', 'http://wng:44169/', 'http://wng:33469/', 'http://wng:39827/']: sec=0.00, result=[1, '', 0]
[rosmaster.master][INFO] 2021-09-18 22:22:39,898: publisherUpdate[/rosout] -> http://wng:36869/ ['http://wng:37627/', 'http://wng:42965/', 'http://wng:44169/', 'http://wng:33469/']
[rosmaster.master][INFO] 2021-09-18 22:22:39,899: publisherUpdate[/rosout] -> http://wng:36869/ ['http://wng:37627/', 'http://wng:42965/', 'http://wng:44169/', 'http://wng:33469/']: sec=0.00, result=[1, '', 0]
[rosmaster.master][INFO] 2021-09-18 22:22:39,899: -PUB [/rosout] /move_group http://wng:44169/
[rosmaster.master][INFO] 2021-09-18 22:22:39,900: -PUB [/move_group/planning_scene_monitor/parameter_descriptions] /move_group http://wng:44169/
[rosmaster.master][INFO] 2021-09-18 22:22:39,900: -PUB [/move_group/planning_scene_monitor/parameter_updates] /move_group http://wng:44169/
[rosmaster.master][INFO] 2021-09-18 22:22:39,900: publisherUpdate[/rosout] -> http://wng:36869/ ['http://wng:37627/', 'http://wng:42965/', 'http://wng:33469/']
[rosmaster.master][INFO] 2021-09-18 22:22:39,900: -PUB [/move_group/monitored_planning_scene] /move_group http://wng:44169/
[rosmaster.master][INFO] 2021-09-18 22:22:39,901: publisherUpdate[/rosout] -> http://wng:36869/ ['http://wng:37627/', 'http://wng:42965/', 'http://wng:33469/']: sec=0.00, result=[1, '', 0]
[rosmaster.master][INFO] 2021-09-18 22:22:39,901: -PUB [/move_group/filtered_cloud] /move_group http://wng:44169/
[rosmaster.master][INFO] 2021-09-18 22:22:39,901: -PUB [/move_group/ompl/parameter_descriptions] /move_group http://wng:44169/
[rosmaster.master][INFO] 2021-09-18 22:22:39,901: -PUB [/move_group/ompl/parameter_updates] /move_group http://wng:44169/
[rosmaster.master][INFO] 2021-09-18 22:22:39,902: -PUB [/move_group/display_planned_path] /move_group http://wng:44169/
[rosmaster.master][INFO] 2021-09-18 22:22:39,902: -PUB [/move_group/display_contacts] /move_group http://wng:44169/
[rosmaster.master][INFO] 2021-09-18 22:22:39,902: -PUB [/move_group/fake_controller_joint_states] /move_group http://wng:44169/
[rosmaster.master][INFO] 2021-09-18 22:22:39,902: -PUB [/move_group/trajectory_execution/parameter_descriptions] /move_group http://wng:44169/
[rosmaster.master][INFO] 2021-09-18 22:22:39,903: -PUB [/move_group/trajectory_execution/parameter_updates] /move_group http://wng:44169/
[rosmaster.master][INFO] 2021-09-18 22:22:39,903: -PUB [/move_group/plan_execution/parameter_descriptions] /move_group http://wng:44169/
[rosmaster.master][INFO] 2021-09-18 22:22:39,903: -PUB [/move_group/plan_execution/parameter_updates] /move_group http://wng:44169/
[rosmaster.master][INFO] 2021-09-18 22:22:39,903: -PUB [/move_group/sense_for_plan/parameter_descriptions] /move_group http://wng:44169/
[rosmaster.master][INFO] 2021-09-18 22:22:39,903: -PUB [/move_group/sense_for_plan/parameter_updates] /move_group http://wng:44169/
[rosmaster.master][INFO] 2021-09-18 22:22:39,904: -PUB [/move_group/display_cost_sources] /move_group http://wng:44169/
[rosmaster.master][INFO] 2021-09-18 22:22:39,904: -PUB [/move_group/motion_plan_request] /move_group http://wng:44169/
[rosmaster.master][INFO] 2021-09-18 22:22:39,904: -PUB [/execute_trajectory/result] /move_group http://wng:44169/
[rosmaster.master][INFO] 2021-09-18 22:22:39,904: -PUB [/execute_trajectory/feedback] /move_group http://wng:44169/
[rosmaster.master][INFO] 2021-09-18 22:22:39,905: -PUB [/execute_trajectory/status] /move_group http://wng:44169/
[rosmaster.master][INFO] 2021-09-18 22:22:39,905: -PUB [/move_group/result] /move_group http://wng:44169/
[rosmaster.master][INFO] 2021-09-18 22:22:39,905: -PUB [/move_group/feedback] /move_group http://wng:44169/
[rosmaster.master][INFO] 2021-09-18 22:22:39,906: -PUB [/move_group/status] /move_group http://wng:44169/
[rosmaster.master][INFO] 2021-09-18 22:22:39,906: -PUB [/move_group/display_grasp_markers] /move_group http://wng:44169/
[rosmaster.master][INFO] 2021-09-18 22:22:39,906: -PUB [/pickup/result] /move_group http://wng:44169/
[rosmaster.master][INFO] 2021-09-18 22:22:39,906: -PUB [/pickup/feedback] /move_group http://wng:44169/
[rosmaster.master][INFO] 2021-09-18 22:22:39,906: -PUB [/pickup/status] /move_group http://wng:44169/
[rosmaster.master][INFO] 2021-09-18 22:22:39,907: -PUB [/place/result] /move_group http://wng:44169/
[rosmaster.master][INFO] 2021-09-18 22:22:39,907: -PUB [/place/feedback] /move_group http://wng:44169/
[rosmaster.master][INFO] 2021-09-18 22:22:39,907: -PUB [/place/status] /move_group http://wng:44169/
[rosmaster.master][INFO] 2021-09-18 22:22:39,908: -SUB [/tf] /move_group http://wng:44169/
[rosmaster.master][INFO] 2021-09-18 22:22:39,908: -SUB [/tf_static] /move_group http://wng:44169/
[rosmaster.master][INFO] 2021-09-18 22:22:39,908: -SUB [/planning_scene] /move_group http://wng:44169/
[rosmaster.master][INFO] 2021-09-18 22:22:39,908: -SUB [/collision_object] /move_group http://wng:44169/
[rosmaster.master][INFO] 2021-09-18 22:22:39,908: -SUB [/planning_scene_world] /move_group http://wng:44169/
[rosmaster.master][INFO] 2021-09-18 22:22:39,909: -SUB [/camera/depth_registered/points] /move_group http://wng:44169/
[rosmaster.master][INFO] 2021-09-18 22:22:39,909: -SUB [/joint_states_desired] /move_group http://wng:44169/
[rosmaster.master][INFO] 2021-09-18 22:22:39,909: -SUB [/attached_collision_object] /move_group http://wng:44169/
[rosmaster.master][INFO] 2021-09-18 22:22:39,909: -SUB [/trajectory_execution_event] /move_group http://wng:44169/
[rosmaster.master][INFO] 2021-09-18 22:22:39,910: -SUB [/execute_trajectory/goal] /move_group http://wng:44169/
[rosmaster.master][INFO] 2021-09-18 22:22:39,910: -SUB [/execute_trajectory/cancel] /move_group http://wng:44169/
[rosmaster.master][INFO] 2021-09-18 22:22:39,910: -SUB [/move_group/goal] /move_group http://wng:44169/
[rosmaster.master][INFO] 2021-09-18 22:22:39,910: -SUB [/move_group/cancel] /move_group http://wng:44169/
[rosmaster.master][INFO] 2021-09-18 22:22:39,910: -SUB [/pickup/goal] /move_group http://wng:44169/
[rosmaster.master][INFO] 2021-09-18 22:22:39,910: -SUB [/pickup/cancel] /move_group http://wng:44169/
[rosmaster.master][INFO] 2021-09-18 22:22:39,911: -SUB [/place/goal] /move_group http://wng:44169/
[rosmaster.master][INFO] 2021-09-18 22:22:39,911: -SUB [/place/cancel] /move_group http://wng:44169/
[rosmaster.master][INFO] 2021-09-18 22:22:39,911: -SERVICE [/move_group/get_loggers] /move_group rosrpc://wng:41437
[rosmaster.master][INFO] 2021-09-18 22:22:39,911: -SERVICE [/move_group/set_logger_level] /move_group rosrpc://wng:41437
[rosmaster.master][INFO] 2021-09-18 22:22:39,911: -SERVICE [/move_group/planning_scene_monitor/set_parameters] /move_group rosrpc://wng:41437
[rosmaster.master][INFO] 2021-09-18 22:22:39,912: -SERVICE [/move_group/save_map] /move_group rosrpc://wng:41437
[rosmaster.master][INFO] 2021-09-18 22:22:39,912: -SERVICE [/move_group/load_map] /move_group rosrpc://wng:41437
[rosmaster.master][INFO] 2021-09-18 22:22:39,912: -SERVICE [/move_group/ompl/set_parameters] /move_group rosrpc://wng:41437
[rosmaster.master][INFO] 2021-09-18 22:22:39,912: -SERVICE [/move_group/trajectory_execution/set_parameters] /move_group rosrpc://wng:41437
[rosmaster.master][INFO] 2021-09-18 22:22:39,912: -SERVICE [/move_group/plan_execution/set_parameters] /move_group rosrpc://wng:41437
[rosmaster.master][INFO] 2021-09-18 22:22:39,913: -SERVICE [/move_group/sense_for_plan/set_parameters] /move_group rosrpc://wng:41437
[rosmaster.master][INFO] 2021-09-18 22:22:39,913: -SERVICE [/apply_planning_scene] /move_group rosrpc://wng:41437
[rosmaster.master][INFO] 2021-09-18 22:22:39,913: -SERVICE [/clear_octomap] /move_group rosrpc://wng:41437
[rosmaster.master][INFO] 2021-09-18 22:22:39,913: -SERVICE [/compute_cartesian_path] /move_group rosrpc://wng:41437
[rosmaster.master][INFO] 2021-09-18 22:22:39,913: -SERVICE [/get_planning_scene] /move_group rosrpc://wng:41437
[rosmaster.master][INFO] 2021-09-18 22:22:39,914: -SERVICE [/compute_fk] /move_group rosrpc://wng:41437
[rosmaster.master][INFO] 2021-09-18 22:22:39,914: -SERVICE [/compute_ik] /move_group rosrpc://wng:41437
[rosmaster.master][INFO] 2021-09-18 22:22:39,914: -SERVICE [/plan_kinematic_path] /move_group rosrpc://wng:41437
[rosmaster.master][INFO] 2021-09-18 22:22:39,914: -SERVICE [/query_planner_interface] /move_group rosrpc://wng:41437
[rosmaster.master][INFO] 2021-09-18 22:22:39,914: -SERVICE [/get_planner_params] /move_group rosrpc://wng:41437
[rosmaster.master][INFO] 2021-09-18 22:22:39,914: -SERVICE [/set_planner_params] /move_group rosrpc://wng:41437
[rosmaster.master][INFO] 2021-09-18 22:22:39,915: -SERVICE [/check_state_validity] /move_group rosrpc://wng:41437
[rosmaster.master][INFO] 2021-09-18 22:22:39,915: -CACHEDPARAM [/rosout_disable_topics_generation] by /move_group
[rosmaster.master][INFO] 2021-09-18 22:22:39,998: -PUB [/rosout] /joint_state_desired_publisher http://wng:37627/
[rosmaster.master][INFO] 2021-09-18 22:22:39,998: -PUB [/rosout] /robot_state_publisher http://wng:42965/
[rosmaster.master][INFO] 2021-09-18 22:22:39,999: publisherUpdate[/rosout] -> http://wng:36869/ ['http://wng:42965/', 'http://wng:33469/']
[rosmaster.master][INFO] 2021-09-18 22:22:39,999: -PUB [/joint_states_desired] /joint_state_desired_publisher http://wng:37627/
[rosmaster.master][INFO] 2021-09-18 22:22:39,999: publisherUpdate[/rosout] -> http://wng:36869/ ['http://wng:42965/', 'http://wng:33469/']: sec=0.00, result=[1, '', 0]
[rosmaster.master][INFO] 2021-09-18 22:22:40,000: -PUB [/tf] /robot_state_publisher http://wng:42965/
[rosmaster.master][INFO] 2021-09-18 22:22:40,000: publisherUpdate[/rosout] -> http://wng:36869/ ['http://wng:33469/']
[rosmaster.master][INFO] 2021-09-18 22:22:40,000: -SUB [/joint_states] /joint_state_desired_publisher http://wng:37627/
[rosmaster.master][INFO] 2021-09-18 22:22:40,000: publisherUpdate[/rosout] -> http://wng:36869/ ['http://wng:33469/']: sec=0.00, result=[1, '', 0]
[rosmaster.master][INFO] 2021-09-18 22:22:40,000: -PUB [/tf_static] /robot_state_publisher http://wng:42965/
[rosmaster.master][INFO] 2021-09-18 22:22:40,001: publisherUpdate[/tf] -> http://wng:33469/ []
[rosmaster.master][INFO] 2021-09-18 22:22:40,001: -SERVICE [/joint_state_desired_publisher/get_loggers] /joint_state_desired_publisher rosrpc://wng:36033
[rosmaster.master][INFO] 2021-09-18 22:22:40,001: -SUB [/joint_states] /robot_state_publisher http://wng:42965/
[rosmaster.master][INFO] 2021-09-18 22:22:40,001: -SERVICE [/joint_state_desired_publisher/set_logger_level] /joint_state_desired_publisher rosrpc://wng:36033
[rosmaster.master][INFO] 2021-09-18 22:22:40,002: -SERVICE [/robot_state_publisher/get_loggers] /robot_state_publisher rosrpc://wng:49919
[rosmaster.master][INFO] 2021-09-18 22:22:40,002: -CACHEDPARAM [/rosout_disable_topics_generation] by /joint_state_desired_publisher
[rosmaster.master][INFO] 2021-09-18 22:22:40,002: -SERVICE [/robot_state_publisher/set_logger_level] /robot_state_publisher rosrpc://wng:49919
[rosmaster.master][INFO] 2021-09-18 22:22:44,974: publisherUpdate[/tf] -> http://wng:33469/ []: sec=4.97, exception=[Errno 111] Connection refused
[rosmaster.threadpool][ERROR] 2021-09-18 22:22:44,975: Traceback (most recent call last):
  File "/opt/ros/melodic/lib/python2.7/dist-packages/rosmaster/threadpool.py", line 218, in run
    result = cmd(*args)
  File "/opt/ros/melodic/lib/python2.7/dist-packages/rosmaster/master_api.py", line 210, in publisher_update_task
    ret = xmlrpcapi(api).publisherUpdate('/master', topic, pub_uris)
  File "/usr/lib/python2.7/xmlrpclib.py", line 1243, in __call__
    return self.__send(self.__name, args)
  File "/usr/lib/python2.7/xmlrpclib.py", line 1602, in __request
    verbose=self.__verbose
  File "/usr/lib/python2.7/xmlrpclib.py", line 1283, in request
    return self.single_request(host, handler, request_body, verbose)
  File "/usr/lib/python2.7/xmlrpclib.py", line 1311, in single_request
    self.send_content(h, request_body)
  File "/usr/lib/python2.7/xmlrpclib.py", line 1459, in send_content
    connection.endheaders(request_body)
  File "/usr/lib/python2.7/httplib.py", line 1095, in endheaders
    self._send_output(message_body)
  File "/usr/lib/python2.7/httplib.py", line 898, in _send_output
    self.send(msg)
  File "/usr/lib/python2.7/httplib.py", line 860, in send
    self.connect()
  File "/usr/lib/python2.7/httplib.py", line 837, in connect
    self.timeout, self.source_address)
  File "/usr/lib/python2.7/socket.py", line 575, in create_connection
    raise err
error: [Errno 111] Connection refused

[rosmaster.master][INFO] 2021-09-18 22:22:44,975: publisherUpdate[/tf_static] -> http://wng:33469/ []
[rosmaster.master][INFO] 2021-09-18 22:22:44,976: publisherUpdate[/tf_static] -> http://wng:33469/ []: sec=0.00, exception=[Errno 111] Connection refused
[rosmaster.threadpool][ERROR] 2021-09-18 22:22:44,976: Traceback (most recent call last):
  File "/opt/ros/melodic/lib/python2.7/dist-packages/rosmaster/threadpool.py", line 218, in run
    result = cmd(*args)
  File "/opt/ros/melodic/lib/python2.7/dist-packages/rosmaster/master_api.py", line 210, in publisher_update_task
    ret = xmlrpcapi(api).publisherUpdate('/master', topic, pub_uris)
  File "/usr/lib/python2.7/xmlrpclib.py", line 1243, in __call__
    return self.__send(self.__name, args)
  File "/usr/lib/python2.7/xmlrpclib.py", line 1602, in __request
    verbose=self.__verbose
  File "/usr/lib/python2.7/xmlrpclib.py", line 1283, in request
    return self.single_request(host, handler, request_body, verbose)
  File "/usr/lib/python2.7/xmlrpclib.py", line 1311, in single_request
    self.send_content(h, request_body)
  File "/usr/lib/python2.7/xmlrpclib.py", line 1459, in send_content
    connection.endheaders(request_body)
  File "/usr/lib/python2.7/httplib.py", line 1095, in endheaders
    self._send_output(message_body)
  File "/usr/lib/python2.7/httplib.py", line 898, in _send_output
    self.send(msg)
  File "/usr/lib/python2.7/httplib.py", line 860, in send
    self.connect()
  File "/usr/lib/python2.7/httplib.py", line 837, in connect
    self.timeout, self.source_address)
  File "/usr/lib/python2.7/socket.py", line 575, in create_connection
    raise err
error: [Errno 111] Connection refused

[rosmaster.master][INFO] 2021-09-18 22:22:57,025: -PUB [/rosout_agg] /rosout http://wng:36869/
[rosmaster.master][INFO] 2021-09-18 22:22:57,025: -SUB [/rosout] /rosout http://wng:36869/
[rosmaster.master][INFO] 2021-09-18 22:22:57,025: -SERVICE [/rosout/get_loggers] /rosout rosrpc://wng:37617
[rosmaster.master][INFO] 2021-09-18 22:22:57,026: -SERVICE [/rosout/set_logger_level] /rosout rosrpc://wng:37617
[rosmaster.master][INFO] 2021-09-18 22:22:57,026: -CACHEDPARAM [/rosout/omit_topics] by /rosout
[rosmaster.main][INFO] 2021-09-18 22:22:57,078: keyboard interrupt, will exit
[rosmaster.main][INFO] 2021-09-18 22:22:57,078: stopping master...
[rospy.core][INFO] 2021-09-18 22:22:57,078: signal_shutdown [atexit]
