[rospy.client][INFO] 2021-09-18 22:22:31,008: init_node, name[/PandaMove], pid[7695]
[xmlrpc][INFO] 2021-09-18 22:22:31,008: XML-RPC server binding to 0.0.0.0:0
[xmlrpc][INFO] 2021-09-18 22:22:31,008: Started XML-RPC server [http://wng:41135/]
[rospy.init][INFO] 2021-09-18 22:22:31,009: ROS Slave URI: [http://wng:41135/]
[rospy.impl.masterslave][INFO] 2021-09-18 22:22:31,009: _ready: http://wng:41135/
[xmlrpc][INFO] 2021-09-18 22:22:31,009: xml rpc node: starting XML-RPC server
[rospy.registration][INFO] 2021-09-18 22:22:31,009: Registering with master node http://localhost:11311
[rospy.init][INFO] 2021-09-18 22:22:31,109: registered with master
[rospy.rosout][INFO] 2021-09-18 22:22:31,109: initializing /rosout core topic
[rospy.rosout][INFO] 2021-09-18 22:22:31,111: connected to core topic /rosout
[rospy.simtime][INFO] 2021-09-18 22:22:31,111: /use_sim_time is not set, will not subscribe to simulated time [/clock] topic
[rosout][INFO] 2021-09-18 22:22:31,152: pan, pan, None
[rosout][INFO] 2021-09-18 22:22:31,153: pot, pot, None
[rosout][INFO] 2021-09-18 22:22:31,154: plate, plate, None
[rosout][INFO] 2021-09-18 22:22:31,155: bowl, bowl, None
[rosout][INFO] 2021-09-18 22:22:31,156: spatula, spatula, None
[rosout][INFO] 2021-09-18 22:22:31,156: spreader, spreader, None
[rosout][INFO] 2021-09-18 22:22:31,156: scooper, scooper, None
[rosout][INFO] 2021-09-18 22:22:31,157: knife, knife, None
[rosout][INFO] 2021-09-18 22:22:31,157: table, table, None
[rosout][INFO] 2021-09-18 22:22:31,158: stove, stove, None
[rosout][INFO] 2021-09-18 22:22:31,158: cutting_board, cutting_board, None
[rosout][INFO] 2021-09-18 22:22:31,159: near_cutting_board, near_cutting_board, None
[rosout][INFO] 2021-09-18 22:22:31,159: onion, onion, ['exist']
[rosout][INFO] 2021-09-18 22:22:31,160: celery, celery, ['exist']
[rosout][INFO] 2021-09-18 22:22:31,160: green_pepper, green_pepper, ['exist']
[rosout][INFO] 2021-09-18 22:22:31,161: cheese, cheese, ['exist']
[rosout][INFO] 2021-09-18 22:22:31,161: oregano, oregano, ['exist']
[rosout][INFO] 2021-09-18 22:22:31,162: black_olive, black_olive, ['exist']
[rosout][INFO] 2021-09-18 22:22:31,162: tomato, tomato, ['exist']
[rosout][INFO] 2021-09-18 22:22:31,163: salad, salad, []
[rospy.internal][INFO] 2021-09-18 22:22:31,388: topic[/rosout] adding connection to [/rosout], count 0
[rospy.core][INFO] 2021-09-18 22:22:39,845: signal_shutdown [signal-2]
[rospy.internal][INFO] 2021-09-18 22:22:39,848: topic[/rosout] removing connection to /rosout
[rospy.impl.masterslave][INFO] 2021-09-18 22:22:39,848: signal-2
[rospy.core][INFO] 2021-09-18 22:22:54,872: signal_shutdown [signal-15]
