[rospy.client][INFO] 2021-09-17 10:45:39,231: init_node, name[/server_endpoint], pid[31671]
[xmlrpc][INFO] 2021-09-17 10:45:39,231: XML-RPC server binding to 0.0.0.0:0
[xmlrpc][INFO] 2021-09-17 10:45:39,232: Started XML-RPC server [http://wng:43429/]
[rospy.init][INFO] 2021-09-17 10:45:39,232: ROS Slave URI: [http://wng:43429/]
[rospy.impl.masterslave][INFO] 2021-09-17 10:45:39,232: _ready: http://wng:43429/
[rospy.registration][INFO] 2021-09-17 10:45:39,232: Registering with master node http://localhost:11311
[xmlrpc][INFO] 2021-09-17 10:45:39,232: xml rpc node: starting XML-RPC server
[rospy.init][INFO] 2021-09-17 10:45:39,332: registered with master
[rospy.rosout][INFO] 2021-09-17 10:45:39,332: initializing /rosout core topic
[rospy.rosout][INFO] 2021-09-17 10:45:39,333: connected to core topic /rosout
[rospy.simtime][INFO] 2021-09-17 10:45:39,334: /use_sim_time is not set, will not subscribe to simulated time [/clock] topic
[rosout][INFO] 2021-09-17 10:45:39,338: Starting server on 192.168.1.146:10000
[rospy.internal][INFO] 2021-09-17 10:45:39,542: topic[/rosout] adding connection to [/rosout], count 0
[rosout][INFO] 2021-09-17 10:45:54,471: Connection from 192.168.1.146
[rosout][INFO] 2021-09-17 10:45:54,477: RegisterPublisher(execution_check, <class 'panda_move.msg._ExecutionCheck.ExecutionCheck'>) OK
[rospy.internal][INFO] 2021-09-17 10:45:54,568: topic[/execution_check] adding connection to [http://wng:43429/], count 0
[rospy.internal][INFO] 2021-09-17 10:45:54,569: topic[/execution_check] adding connection to [/server_endpoint], count 0
[rospy.core][INFO] 2021-09-17 11:03:26,987: signal_shutdown [signal-2]
[rospy.internal][INFO] 2021-09-17 11:03:26,990: topic[/execution_check] removing connection to /server_endpoint
[rospy.internal][INFO] 2021-09-17 11:03:26,991: topic[/rosout] removing connection to /rosout
[rospy.internal][INFO] 2021-09-17 11:03:26,991: topic[/execution_check] removing connection to http://wng:43429/
[rospy.impl.masterslave][INFO] 2021-09-17 11:03:26,991: signal-2
[rospy.internal][ERROR] 2021-09-17 11:03:26,991: Unable to initiate TCP/IP socket to wng:39843 (http://wng:43429/): Traceback (most recent call last):
  File "/opt/ros/melodic/lib/python2.7/dist-packages/rospy/impl/tcpros_base.py", line 562, in connect
    self.read_header()
  File "/opt/ros/melodic/lib/python2.7/dist-packages/rospy/impl/tcpros_base.py", line 657, in read_header
    self._validate_header(read_ros_handshake_header(sock, self.read_buff, self.protocol.buff_size))
  File "/opt/ros/melodic/lib/python2.7/dist-packages/rospy/impl/tcpros_base.py", line 600, in _validate_header
    raise TransportInitError("remote error reported: %s"%header['error'])
TransportInitError: remote error reported: node shutting down

[rospy.core][INFO] 2021-09-17 11:03:27,099: signal_shutdown [atexit]
