[rospy.client][INFO] 2021-12-14 10:50:30,098: init_node, name[/joint_state_publisher], pid[21534]
[xmlrpc][INFO] 2021-12-14 10:50:30,098: XML-RPC server binding to 0.0.0.0:0
[xmlrpc][INFO] 2021-12-14 10:50:30,098: Started XML-RPC server [http://wng:37395/]
[rospy.init][INFO] 2021-12-14 10:50:30,098: ROS Slave URI: [http://wng:37395/]
[rospy.impl.masterslave][INFO] 2021-12-14 10:50:30,098: _ready: http://wng:37395/
[rospy.registration][INFO] 2021-12-14 10:50:30,099: Registering with master node http://localhost:11311
[xmlrpc][INFO] 2021-12-14 10:50:30,099: xml rpc node: starting XML-RPC server
[rospy.init][INFO] 2021-12-14 10:50:30,199: registered with master
[rospy.rosout][INFO] 2021-12-14 10:50:30,199: initializing /rosout core topic
[rospy.rosout][INFO] 2021-12-14 10:50:30,201: connected to core topic /rosout
[rospy.simtime][INFO] 2021-12-14 10:50:30,201: /use_sim_time is not set, will not subscribe to simulated time [/clock] topic
[rospy.internal][INFO] 2021-12-14 10:50:30,268: topic[/move_group/fake_controller_joint_states] adding connection to [http://wng:40335/], count 0
[rospy.internal][INFO] 2021-12-14 10:50:30,371: topic[/rosout] adding connection to [/rosout], count 0
[rospy.internal][INFO] 2021-12-14 10:50:30,472: topic[/joint_states] adding connection to [/robot_state_publisher], count 0
[rospy.internal][INFO] 2021-12-14 10:50:30,472: topic[/joint_states] adding connection to [/joint_state_desired_publisher], count 1
[rospy.internal][INFO] 2021-12-14 10:51:30,974: topic[/joint_states] adding connection to [/move_group_commander_wrappers_1639446665007293077], count 2
[rospy.core][INFO] 2021-12-14 10:52:54,211: signal_shutdown [signal-2]
[rospy.internal][INFO] 2021-12-14 10:52:54,216: topic[/joint_states] removing connection to /robot_state_publisher
[rospy.internal][INFO] 2021-12-14 10:52:54,217: topic[/joint_states] removing connection to /joint_state_desired_publisher
[rospy.internal][INFO] 2021-12-14 10:52:54,217: topic[/joint_states] removing connection to /move_group_commander_wrappers_1639446665007293077
[rospy.internal][INFO] 2021-12-14 10:52:54,218: topic[/rosout] removing connection to /rosout
[rospy.internal][INFO] 2021-12-14 10:52:54,218: topic[/move_group/fake_controller_joint_states] removing connection to http://wng:40335/
[rospy.impl.masterslave][INFO] 2021-12-14 10:52:54,218: signal-2
[rospy.core][INFO] 2021-12-14 10:52:54,322: signal_shutdown [atexit]
