[rospy.client][INFO] 2021-09-10 16:30:05,321: init_node, name[/joint_state_publisher], pid[12774]
[xmlrpc][INFO] 2021-09-10 16:30:05,321: XML-RPC server binding to 0.0.0.0:0
[xmlrpc][INFO] 2021-09-10 16:30:05,321: Started XML-RPC server [http://wng:45485/]
[rospy.init][INFO] 2021-09-10 16:30:05,321: ROS Slave URI: [http://wng:45485/]
[rospy.impl.masterslave][INFO] 2021-09-10 16:30:05,321: _ready: http://wng:45485/
[xmlrpc][INFO] 2021-09-10 16:30:05,322: xml rpc node: starting XML-RPC server
[rospy.registration][INFO] 2021-09-10 16:30:05,322: Registering with master node http://localhost:11311
[rospy.init][INFO] 2021-09-10 16:30:05,421: registered with master
[rospy.rosout][INFO] 2021-09-10 16:30:05,422: initializing /rosout core topic
[rospy.rosout][INFO] 2021-09-10 16:30:05,424: connected to core topic /rosout
[rospy.simtime][INFO] 2021-09-10 16:30:05,424: /use_sim_time is not set, will not subscribe to simulated time [/clock] topic
[rospy.internal][INFO] 2021-09-10 16:30:05,486: topic[/move_group/fake_controller_joint_states] adding connection to [http://wng:44561/], count 0
[rospy.internal][INFO] 2021-09-10 16:30:05,547: topic[/joint_states] adding connection to [/joint_state_desired_publisher], count 0
[rospy.internal][INFO] 2021-09-10 16:30:05,649: topic[/rosout] adding connection to [/rosout], count 0
[rospy.internal][INFO] 2021-09-10 16:30:05,650: topic[/joint_states] adding connection to [/robot_state_publisher], count 1
[rospy.core][INFO] 2021-09-10 16:30:24,734: signal_shutdown [signal-2]
[rospy.internal][INFO] 2021-09-10 16:30:24,736: topic[/joint_states] removing connection to /joint_state_desired_publisher
[rospy.internal][INFO] 2021-09-10 16:30:24,736: topic[/joint_states] removing connection to /robot_state_publisher
[rospy.internal][INFO] 2021-09-10 16:30:24,736: topic[/rosout] removing connection to /rosout
[rospy.internal][INFO] 2021-09-10 16:30:24,736: topic[/move_group/fake_controller_joint_states] removing connection to http://wng:44561/
[rospy.impl.masterslave][INFO] 2021-09-10 16:30:24,736: signal-2
[rospy.core][INFO] 2021-09-10 16:30:24,868: signal_shutdown [atexit]
