[rospy.client][INFO] 2021-12-09 22:23:14,134: init_node, name[/server_endpoint], pid[9468]
[xmlrpc][INFO] 2021-12-09 22:23:14,134: XML-RPC server binding to 0.0.0.0:0
[xmlrpc][INFO] 2021-12-09 22:23:14,135: Started XML-RPC server [http://wng:40097/]
[rospy.init][INFO] 2021-12-09 22:23:14,135: ROS Slave URI: [http://wng:40097/]
[rospy.impl.masterslave][INFO] 2021-12-09 22:23:14,135: _ready: http://wng:40097/
[rospy.registration][INFO] 2021-12-09 22:23:14,136: Registering with master node http://localhost:11311
[xmlrpc][INFO] 2021-12-09 22:23:14,136: xml rpc node: starting XML-RPC server
[rospy.init][INFO] 2021-12-09 22:23:14,235: registered with master
[rospy.rosout][INFO] 2021-12-09 22:23:14,236: initializing /rosout core topic
[rospy.rosout][INFO] 2021-12-09 22:23:14,237: connected to core topic /rosout
[rospy.simtime][INFO] 2021-12-09 22:23:14,238: /use_sim_time is not set, will not subscribe to simulated time [/clock] topic
[rosout][INFO] 2021-12-09 22:23:14,243: Starting server on 192.168.0.8:10000
[rospy.internal][INFO] 2021-12-09 22:23:14,493: topic[/rosout] adding connection to [/rosout], count 0
[rosout][INFO] 2021-12-09 22:23:18,344: Connection from 192.168.0.8
[rosout][INFO] 2021-12-09 22:23:18,349: RegisterPublisher(execution_check, <class 'panda_move.msg._ExecutionCheck.ExecutionCheck'>) OK
[rospy.internal][INFO] 2021-12-09 22:23:18,415: topic[/execution_check] adding connection to [http://wng:40097/], count 0
[rospy.internal][INFO] 2021-12-09 22:23:18,417: topic[/execution_check] adding connection to [/server_endpoint], count 0
[rospy.core][INFO] 2021-12-09 22:53:22,464: signal_shutdown [signal-2]
[rospy.internal][INFO] 2021-12-09 22:53:22,470: topic[/execution_check] removing connection to /server_endpoint
[rospy.internal][INFO] 2021-12-09 22:53:22,470: topic[/rosout] removing connection to /rosout
[rospy.internal][INFO] 2021-12-09 22:53:22,470: topic[/execution_check] removing connection to http://wng:40097/
[rospy.impl.masterslave][INFO] 2021-12-09 22:53:22,470: signal-2
[rospy.internal][ERROR] 2021-12-09 22:53:22,471: Unable to initiate TCP/IP socket to wng:36919 (http://wng:40097/): Traceback (most recent call last):
  File "/opt/ros/melodic/lib/python2.7/dist-packages/rospy/impl/tcpros_base.py", line 562, in connect
    self.read_header()
  File "/opt/ros/melodic/lib/python2.7/dist-packages/rospy/impl/tcpros_base.py", line 657, in read_header
    self._validate_header(read_ros_handshake_header(sock, self.read_buff, self.protocol.buff_size))
  File "/opt/ros/melodic/lib/python2.7/dist-packages/rospy/impl/tcpros_base.py", line 600, in _validate_header
    raise TransportInitError("remote error reported: %s"%header['error'])
TransportInitError: remote error reported: node shutting down

[rospy.core][INFO] 2021-12-09 22:53:22,586: signal_shutdown [atexit]
