[rospy.client][INFO] 2021-09-17 11:57:16,901: init_node, name[/joint_state_publisher], pid[8453]
[xmlrpc][INFO] 2021-09-17 11:57:16,901: XML-RPC server binding to 0.0.0.0:0
[xmlrpc][INFO] 2021-09-17 11:57:16,901: Started XML-RPC server [http://wng:38881/]
[rospy.init][INFO] 2021-09-17 11:57:16,901: ROS Slave URI: [http://wng:38881/]
[rospy.impl.masterslave][INFO] 2021-09-17 11:57:16,901: _ready: http://wng:38881/
[xmlrpc][INFO] 2021-09-17 11:57:16,902: xml rpc node: starting XML-RPC server
[rospy.registration][INFO] 2021-09-17 11:57:16,902: Registering with master node http://localhost:11311
[rospy.init][INFO] 2021-09-17 11:57:17,001: registered with master
[rospy.rosout][INFO] 2021-09-17 11:57:17,002: initializing /rosout core topic
[rospy.rosout][INFO] 2021-09-17 11:57:17,004: connected to core topic /rosout
[rospy.simtime][INFO] 2021-09-17 11:57:17,004: /use_sim_time is not set, will not subscribe to simulated time [/clock] topic
[rospy.internal][INFO] 2021-09-17 11:57:17,066: topic[/move_group/fake_controller_joint_states] adding connection to [http://wng:46005/], count 0
[rospy.internal][INFO] 2021-09-17 11:57:17,165: topic[/rosout] adding connection to [/rosout], count 0
[rospy.internal][INFO] 2021-09-17 11:57:17,265: topic[/joint_states] adding connection to [/joint_state_desired_publisher], count 0
[rospy.internal][INFO] 2021-09-17 11:57:17,266: topic[/joint_states] adding connection to [/robot_state_publisher], count 1
[rospy.core][INFO] 2021-09-17 11:57:26,734: signal_shutdown [signal-2]
[rospy.internal][INFO] 2021-09-17 11:57:26,738: topic[/joint_states] removing connection to /joint_state_desired_publisher
[rospy.internal][INFO] 2021-09-17 11:57:26,738: topic[/joint_states] removing connection to /robot_state_publisher
[rospy.internal][INFO] 2021-09-17 11:57:26,738: topic[/rosout] removing connection to /rosout
[rospy.internal][INFO] 2021-09-17 11:57:26,738: topic[/move_group/fake_controller_joint_states] removing connection to http://wng:46005/
[rospy.impl.masterslave][INFO] 2021-09-17 11:57:26,739: signal-2
[rospy.core][INFO] 2021-09-17 11:57:26,903: signal_shutdown [atexit]
