Determining if the pthread_create exist failed with the following output:
Change Dir: /home/wng/unity_ws/ROS/build/CMakeFiles/CMakeTmp

Run Build Command:"/usr/bin/make" "cmTC_c498f/fast"
/usr/bin/make -f CMakeFiles/cmTC_c498f.dir/build.make CMakeFiles/cmTC_c498f.dir/build
make[1]: Entering directory '/home/wng/unity_ws/ROS/build/CMakeFiles/CMakeTmp'
Building C object CMakeFiles/cmTC_c498f.dir/CheckSymbolExists.c.o
/usr/bin/cc    -o CMakeFiles/cmTC_c498f.dir/CheckSymbolExists.c.o   -c /home/wng/unity_ws/ROS/build/CMakeFiles/CMakeTmp/CheckSymbolExists.c
Linking C executable cmTC_c498f
/usr/bin/cmake -E cmake_link_script CMakeFiles/cmTC_c498f.dir/link.txt --verbose=1
/usr/bin/cc      -rdynamic CMakeFiles/cmTC_c498f.dir/CheckSymbolExists.c.o  -o cmTC_c498f 
CMakeFiles/cmTC_c498f.dir/CheckSymbolExists.c.o: In function `main':
CheckSymbolExists.c:(.text+0x1b): undefined reference to `pthread_create'
collect2: error: ld returned 1 exit status
CMakeFiles/cmTC_c498f.dir/build.make:97: recipe for target 'cmTC_c498f' failed
make[1]: *** [cmTC_c498f] Error 1
make[1]: Leaving directory '/home/wng/unity_ws/ROS/build/CMakeFiles/CMakeTmp'
Makefile:126: recipe for target 'cmTC_c498f/fast' failed
make: *** [cmTC_c498f/fast] Error 2

File /home/wng/unity_ws/ROS/build/CMakeFiles/CMakeTmp/CheckSymbolExists.c:
/* */
#include <pthread.h>

int main(int argc, char** argv)
{
  (void)argv;
#ifndef pthread_create
  return ((int*)(&pthread_create))[argc];
#else
  (void)argc;
  return 0;
#endif
}

Determining if the function pthread_create exists in the pthreads failed with the following output:
Change Dir: /home/wng/unity_ws/ROS/build/CMakeFiles/CMakeTmp

Run Build Command:"/usr/bin/make" "cmTC_6932c/fast"
/usr/bin/make -f CMakeFiles/cmTC_6932c.dir/build.make CMakeFiles/cmTC_6932c.dir/build
make[1]: Entering directory '/home/wng/unity_ws/ROS/build/CMakeFiles/CMakeTmp'
Building C object CMakeFiles/cmTC_6932c.dir/CheckFunctionExists.c.o
/usr/bin/cc   -DCHECK_FUNCTION_EXISTS=pthread_create   -o CMakeFiles/cmTC_6932c.dir/CheckFunctionExists.c.o   -c /usr/share/cmake-3.10/Modules/CheckFunctionExists.c
Linking C executable cmTC_6932c
/usr/bin/cmake -E cmake_link_script CMakeFiles/cmTC_6932c.dir/link.txt --verbose=1
/usr/bin/cc  -DCHECK_FUNCTION_EXISTS=pthread_create    -rdynamic CMakeFiles/cmTC_6932c.dir/CheckFunctionExists.c.o  -o cmTC_6932c -lpthreads 
/usr/bin/ld: cannot find -lpthreads
collect2: error: ld returned 1 exit status
CMakeFiles/cmTC_6932c.dir/build.make:97: recipe for target 'cmTC_6932c' failed
make[1]: *** [cmTC_6932c] Error 1
make[1]: Leaving directory '/home/wng/unity_ws/ROS/build/CMakeFiles/CMakeTmp'
Makefile:126: recipe for target 'cmTC_6932c/fast' failed
make: *** [cmTC_6932c/fast] Error 2


