[rospy.client][INFO] 2021-12-08 10:40:28,389: init_node, name[/joint_state_publisher], pid[1292]
[xmlrpc][INFO] 2021-12-08 10:40:28,389: XML-RPC server binding to 0.0.0.0:0
[xmlrpc][INFO] 2021-12-08 10:40:28,390: Started XML-RPC server [http://wng:46041/]
[rospy.init][INFO] 2021-12-08 10:40:28,390: ROS Slave URI: [http://wng:46041/]
[rospy.impl.masterslave][INFO] 2021-12-08 10:40:28,390: _ready: http://wng:46041/
[rospy.registration][INFO] 2021-12-08 10:40:28,391: Registering with master node http://localhost:11311
[xmlrpc][INFO] 2021-12-08 10:40:28,391: xml rpc node: starting XML-RPC server
[rospy.init][INFO] 2021-12-08 10:40:28,490: registered with master
[rospy.rosout][INFO] 2021-12-08 10:40:28,490: initializing /rosout core topic
[rospy.rosout][INFO] 2021-12-08 10:40:28,492: connected to core topic /rosout
[rospy.simtime][INFO] 2021-12-08 10:40:28,493: /use_sim_time is not set, will not subscribe to simulated time [/clock] topic
[rospy.internal][INFO] 2021-12-08 10:40:28,555: topic[/move_group/fake_controller_joint_states] adding connection to [http://wng:33529/], count 0
[rospy.internal][INFO] 2021-12-08 10:40:28,788: topic[/rosout] adding connection to [/rosout], count 0
[rospy.internal][INFO] 2021-12-08 10:40:28,788: topic[/joint_states] adding connection to [/joint_state_desired_publisher], count 0
[rospy.internal][INFO] 2021-12-08 10:40:28,789: topic[/joint_states] adding connection to [/robot_state_publisher], count 1
[rospy.internal][INFO] 2021-12-08 10:40:58,972: topic[/joint_states] adding connection to [/move_group_commander_wrappers_1638927636102956354], count 2
[rospy.internal][INFO] 2021-12-08 10:52:07,916: topic[/joint_states] removing connection to /move_group_commander_wrappers_1638927636102956354
[rospy.core][INFO] 2021-12-08 10:52:21,895: signal_shutdown [signal-2]
[rospy.internal][INFO] 2021-12-08 10:52:21,899: topic[/joint_states] removing connection to /joint_state_desired_publisher
[rospy.internal][INFO] 2021-12-08 10:52:21,899: topic[/joint_states] removing connection to /robot_state_publisher
[rospy.internal][INFO] 2021-12-08 10:52:21,900: topic[/rosout] removing connection to /rosout
[rospy.internal][INFO] 2021-12-08 10:52:21,900: topic[/move_group/fake_controller_joint_states] removing connection to http://wng:33529/
[rospy.topics][ERROR] 2021-12-08 10:52:21,900: Traceback (most recent call last):
  File "/opt/ros/melodic/lib/python2.7/dist-packages/rospy/topics.py", line 326, in close
    c.close()
  File "/opt/ros/melodic/lib/python2.7/dist-packages/rospy/impl/tcpros_base.py", line 846, in close
    self.socket.close()
AttributeError: 'NoneType' object has no attribute 'close'

[rospy.internal][WARNING] 2021-12-08 10:52:21,901: Unknown error initiating TCP/IP socket to wng:35619 (http://wng:33529/): Traceback (most recent call last):
  File "/opt/ros/melodic/lib/python2.7/dist-packages/rospy/impl/tcpros_base.py", line 562, in connect
    self.read_header()
  File "/opt/ros/melodic/lib/python2.7/dist-packages/rospy/impl/tcpros_base.py", line 657, in read_header
    self._validate_header(read_ros_handshake_header(sock, self.read_buff, self.protocol.buff_size))
AttributeError: 'NoneType' object has no attribute 'buff_size'

[rospy.impl.masterslave][INFO] 2021-12-08 10:52:21,901: signal-2
[rospy.core][INFO] 2021-12-08 10:52:22,033: signal_shutdown [atexit]
