[rospy.client][INFO] 2021-12-09 17:49:21,949: init_node, name[/joint_state_publisher], pid[13875]
[xmlrpc][INFO] 2021-12-09 17:49:21,949: XML-RPC server binding to 0.0.0.0:0
[xmlrpc][INFO] 2021-12-09 17:49:21,949: Started XML-RPC server [http://wng:35139/]
[rospy.init][INFO] 2021-12-09 17:49:21,949: ROS Slave URI: [http://wng:35139/]
[rospy.impl.masterslave][INFO] 2021-12-09 17:49:21,949: _ready: http://wng:35139/
[xmlrpc][INFO] 2021-12-09 17:49:21,950: xml rpc node: starting XML-RPC server
[rospy.registration][INFO] 2021-12-09 17:49:21,950: Registering with master node http://localhost:11311
[rospy.init][INFO] 2021-12-09 17:49:22,050: registered with master
[rospy.rosout][INFO] 2021-12-09 17:49:22,050: initializing /rosout core topic
[rospy.rosout][INFO] 2021-12-09 17:49:22,052: connected to core topic /rosout
[rospy.simtime][INFO] 2021-12-09 17:49:22,052: /use_sim_time is not set, will not subscribe to simulated time [/clock] topic
[rospy.internal][INFO] 2021-12-09 17:49:22,119: topic[/move_group/fake_controller_joint_states] adding connection to [http://wng:43703/], count 0
[rospy.internal][INFO] 2021-12-09 17:49:22,314: topic[/rosout] adding connection to [/rosout], count 0
[rospy.internal][INFO] 2021-12-09 17:49:22,315: topic[/joint_states] adding connection to [/joint_state_desired_publisher], count 0
[rospy.internal][INFO] 2021-12-09 17:49:22,315: topic[/joint_states] adding connection to [/robot_state_publisher], count 1
[rospy.internal][INFO] 2021-12-09 17:49:49,013: topic[/joint_states] adding connection to [/move_group_commander_wrappers_1639039768507006454], count 2
[rospy.internal][INFO] 2021-12-09 18:04:01,274: topic[/joint_states] removing connection to /move_group_commander_wrappers_1639039768507006454
[rospy.core][INFO] 2021-12-09 18:15:15,936: signal_shutdown [signal-2]
[rospy.internal][INFO] 2021-12-09 18:15:15,941: topic[/joint_states] removing connection to /joint_state_desired_publisher
[rospy.internal][INFO] 2021-12-09 18:15:15,941: topic[/joint_states] removing connection to /robot_state_publisher
[rospy.internal][INFO] 2021-12-09 18:15:15,941: topic[/rosout] removing connection to /rosout
[rospy.internal][INFO] 2021-12-09 18:15:15,941: topic[/move_group/fake_controller_joint_states] removing connection to http://wng:43703/
[rospy.impl.masterslave][INFO] 2021-12-09 18:15:15,941: signal-2
[rospy.core][INFO] 2021-12-09 18:15:16,075: signal_shutdown [atexit]
