[rospy.client][INFO] 2021-12-09 17:49:22,236: init_node, name[/server_endpoint], pid[13873]
[xmlrpc][INFO] 2021-12-09 17:49:22,236: XML-RPC server binding to 0.0.0.0:0
[xmlrpc][INFO] 2021-12-09 17:49:22,236: Started XML-RPC server [http://wng:34635/]
[rospy.init][INFO] 2021-12-09 17:49:22,237: ROS Slave URI: [http://wng:34635/]
[rospy.impl.masterslave][INFO] 2021-12-09 17:49:22,237: _ready: http://wng:34635/
[rospy.registration][INFO] 2021-12-09 17:49:22,237: Registering with master node http://localhost:11311
[xmlrpc][INFO] 2021-12-09 17:49:22,237: xml rpc node: starting XML-RPC server
[rospy.init][INFO] 2021-12-09 17:49:22,337: registered with master
[rospy.rosout][INFO] 2021-12-09 17:49:22,337: initializing /rosout core topic
[rospy.rosout][INFO] 2021-12-09 17:49:22,338: connected to core topic /rosout
[rospy.simtime][INFO] 2021-12-09 17:49:22,339: /use_sim_time is not set, will not subscribe to simulated time [/clock] topic
[rosout][INFO] 2021-12-09 17:49:22,344: Starting server on 192.168.0.8:10000
[rospy.internal][INFO] 2021-12-09 17:49:22,615: topic[/rosout] adding connection to [/rosout], count 0
[rosout][INFO] 2021-12-09 17:49:23,294: Connection from 192.168.0.8
[rosout][INFO] 2021-12-09 17:49:23,299: RegisterPublisher(execution_check, <class 'panda_move.msg._ExecutionCheck.ExecutionCheck'>) OK
[rospy.internal][INFO] 2021-12-09 17:49:23,353: topic[/execution_check] adding connection to [http://wng:34635/], count 0
[rospy.internal][INFO] 2021-12-09 17:49:23,354: topic[/execution_check] adding connection to [/server_endpoint], count 0
[rospy.core][INFO] 2021-12-09 18:15:15,937: signal_shutdown [signal-2]
[rospy.internal][INFO] 2021-12-09 18:15:15,940: topic[/execution_check] removing connection to /server_endpoint
[rospy.internal][INFO] 2021-12-09 18:15:15,941: topic[/rosout] removing connection to /rosout
[rospy.internal][INFO] 2021-12-09 18:15:15,941: topic[/execution_check] removing connection to http://wng:34635/
[rospy.impl.masterslave][INFO] 2021-12-09 18:15:15,942: signal-2
[rospy.internal][ERROR] 2021-12-09 18:15:15,942: Unable to initiate TCP/IP socket to wng:35955 (http://wng:34635/): Traceback (most recent call last):
  File "/opt/ros/melodic/lib/python2.7/dist-packages/rospy/impl/tcpros_base.py", line 562, in connect
    self.read_header()
  File "/opt/ros/melodic/lib/python2.7/dist-packages/rospy/impl/tcpros_base.py", line 657, in read_header
    self._validate_header(read_ros_handshake_header(sock, self.read_buff, self.protocol.buff_size))
  File "/opt/ros/melodic/lib/python2.7/dist-packages/rospy/impl/tcpros_base.py", line 600, in _validate_header
    raise TransportInitError("remote error reported: %s"%header['error'])
TransportInitError: remote error reported: node shutting down

[rospy.core][INFO] 2021-12-09 18:15:16,057: signal_shutdown [atexit]
