[rospy.client][INFO] 2021-09-09 14:48:01,197: init_node, name[/joint_state_publisher], pid[21855]
[xmlrpc][INFO] 2021-09-09 14:48:01,198: XML-RPC server binding to 0.0.0.0:0
[xmlrpc][INFO] 2021-09-09 14:48:01,198: Started XML-RPC server [http://wng:43027/]
[rospy.init][INFO] 2021-09-09 14:48:01,198: ROS Slave URI: [http://wng:43027/]
[rospy.impl.masterslave][INFO] 2021-09-09 14:48:01,198: _ready: http://wng:43027/
[xmlrpc][INFO] 2021-09-09 14:48:01,198: xml rpc node: starting XML-RPC server
[rospy.registration][INFO] 2021-09-09 14:48:01,198: Registering with master node http://localhost:11311
[rospy.init][INFO] 2021-09-09 14:48:01,298: registered with master
[rospy.rosout][INFO] 2021-09-09 14:48:01,298: initializing /rosout core topic
[rospy.rosout][INFO] 2021-09-09 14:48:01,301: connected to core topic /rosout
[rospy.simtime][INFO] 2021-09-09 14:48:01,301: /use_sim_time is not set, will not subscribe to simulated time [/clock] topic
[rospy.internal][INFO] 2021-09-09 14:48:01,363: topic[/move_group/fake_controller_joint_states] adding connection to [http://wng:38085/], count 0
[rospy.internal][INFO] 2021-09-09 14:48:01,591: topic[/rosout] adding connection to [/rosout], count 0
[rospy.internal][INFO] 2021-09-09 14:48:01,592: topic[/joint_states] adding connection to [/joint_state_desired_publisher], count 0
[rospy.internal][INFO] 2021-09-09 14:48:01,691: topic[/joint_states] adding connection to [/robot_state_publisher], count 1
[rospy.internal][INFO] 2021-09-09 14:49:36,782: topic[/joint_states] adding connection to [/move_group_commander_wrappers_1631166495098724736], count 2
[rospy.internal][INFO] 2021-09-09 15:06:19,018: topic[/joint_states] removing connection to /move_group_commander_wrappers_1631166495098724736
[rospy.core][INFO] 2021-09-09 15:07:00,998: signal_shutdown [signal-2]
[rospy.internal][INFO] 2021-09-09 15:07:01,001: topic[/joint_states] removing connection to /joint_state_desired_publisher
[rospy.internal][INFO] 2021-09-09 15:07:01,001: topic[/joint_states] removing connection to /robot_state_publisher
[rospy.internal][INFO] 2021-09-09 15:07:01,001: topic[/rosout] removing connection to /rosout
[rospy.internal][INFO] 2021-09-09 15:07:01,001: topic[/move_group/fake_controller_joint_states] removing connection to http://wng:38085/
[rospy.impl.masterslave][INFO] 2021-09-09 15:07:01,001: signal-2
[rospy.core][INFO] 2021-09-09 15:07:01,117: signal_shutdown [atexit]
