[rospy.client][INFO] 2021-09-09 14:48:01,675: init_node, name[/server_endpoint], pid[21853]
[xmlrpc][INFO] 2021-09-09 14:48:01,675: XML-RPC server binding to 0.0.0.0:0
[xmlrpc][INFO] 2021-09-09 14:48:01,675: Started XML-RPC server [http://wng:44391/]
[rospy.init][INFO] 2021-09-09 14:48:01,675: ROS Slave URI: [http://wng:44391/]
[rospy.impl.masterslave][INFO] 2021-09-09 14:48:01,675: _ready: http://wng:44391/
[rospy.registration][INFO] 2021-09-09 14:48:01,675: Registering with master node http://localhost:11311
[xmlrpc][INFO] 2021-09-09 14:48:01,676: xml rpc node: starting XML-RPC server
[rospy.init][INFO] 2021-09-09 14:48:01,775: registered with master
[rospy.rosout][INFO] 2021-09-09 14:48:01,776: initializing /rosout core topic
[rospy.rosout][INFO] 2021-09-09 14:48:01,777: connected to core topic /rosout
[rospy.simtime][INFO] 2021-09-09 14:48:01,777: /use_sim_time is not set, will not subscribe to simulated time [/clock] topic
[rosout][INFO] 2021-09-09 14:48:01,784: Starting server on 192.168.1.146:10000
[rospy.internal][INFO] 2021-09-09 14:48:01,996: topic[/rosout] adding connection to [/rosout], count 0
[rosout][INFO] 2021-09-09 14:49:28,125: Connection from 192.168.1.146
[rosout][INFO] 2021-09-09 14:49:28,129: RegisterPublisher(execution_check, <class 'panda_move.msg._ExecutionCheck.ExecutionCheck'>) OK
[rospy.internal][INFO] 2021-09-09 14:49:28,188: topic[/execution_check] adding connection to [http://wng:44391/], count 0
[rospy.internal][INFO] 2021-09-09 14:49:28,189: topic[/execution_check] adding connection to [/server_endpoint], count 0
[rosout][ERROR] 2021-09-09 15:07:00,039: Exception: No more data available
[rosout][INFO] 2021-09-09 15:07:00,041: Disconnected from 192.168.1.146
[rospy.core][INFO] 2021-09-09 15:07:00,998: signal_shutdown [signal-2]
[rospy.internal][INFO] 2021-09-09 15:07:01,001: topic[/execution_check] removing connection to /server_endpoint
[rospy.internal][INFO] 2021-09-09 15:07:01,002: topic[/rosout] removing connection to /rosout
[rospy.internal][INFO] 2021-09-09 15:07:01,002: topic[/execution_check] removing connection to http://wng:44391/
[rospy.impl.masterslave][INFO] 2021-09-09 15:07:01,002: signal-2
[rospy.core][INFO] 2021-09-09 15:07:01,117: signal_shutdown [atexit]
