[rospy.client][INFO] 2021-09-19 13:07:16,040: init_node, name[/joint_state_publisher], pid[23228]
[xmlrpc][INFO] 2021-09-19 13:07:16,041: XML-RPC server binding to 0.0.0.0:0
[xmlrpc][INFO] 2021-09-19 13:07:16,041: Started XML-RPC server [http://wng:45541/]
[rospy.init][INFO] 2021-09-19 13:07:16,041: ROS Slave URI: [http://wng:45541/]
[rospy.impl.masterslave][INFO] 2021-09-19 13:07:16,041: _ready: http://wng:45541/
[rospy.registration][INFO] 2021-09-19 13:07:16,042: Registering with master node http://localhost:11311
[xmlrpc][INFO] 2021-09-19 13:07:16,045: xml rpc node: starting XML-RPC server
[rospy.init][INFO] 2021-09-19 13:07:16,145: registered with master
[rospy.rosout][INFO] 2021-09-19 13:07:16,145: initializing /rosout core topic
[rospy.rosout][INFO] 2021-09-19 13:07:16,148: connected to core topic /rosout
[rospy.simtime][INFO] 2021-09-19 13:07:16,149: /use_sim_time is not set, will not subscribe to simulated time [/clock] topic
[rospy.internal][INFO] 2021-09-19 13:07:16,218: topic[/move_group/fake_controller_joint_states] adding connection to [http://wng:46481/], count 0
[rospy.internal][INFO] 2021-09-19 13:07:16,413: topic[/rosout] adding connection to [/rosout], count 0
[rospy.internal][INFO] 2021-09-19 13:07:16,414: topic[/joint_states] adding connection to [/robot_state_publisher], count 0
[rospy.internal][INFO] 2021-09-19 13:07:16,414: topic[/joint_states] adding connection to [/joint_state_desired_publisher], count 1
[rospy.internal][INFO] 2021-09-19 13:08:00,726: topic[/joint_states] adding connection to [/move_group_commander_wrappers_1632024444974556858], count 2
[rospy.internal][INFO] 2021-09-19 13:42:07,671: topic[/joint_states] removing connection to /move_group_commander_wrappers_1632024444974556858
[rospy.core][INFO] 2021-09-19 13:42:11,247: signal_shutdown [signal-2]
[rospy.internal][INFO] 2021-09-19 13:42:11,258: topic[/joint_states] removing connection to /robot_state_publisher
[rospy.internal][INFO] 2021-09-19 13:42:11,258: topic[/joint_states] removing connection to /joint_state_desired_publisher
[rospy.internal][INFO] 2021-09-19 13:42:11,259: topic[/rosout] removing connection to /rosout
[rospy.internal][INFO] 2021-09-19 13:42:11,259: topic[/move_group/fake_controller_joint_states] removing connection to http://wng:46481/
[rospy.impl.masterslave][INFO] 2021-09-19 13:42:11,259: signal-2
[rospy.core][INFO] 2021-09-19 13:42:11,395: signal_shutdown [atexit]
