[rospy.client][INFO] 2021-09-19 13:07:16,688: init_node, name[/server_endpoint], pid[23226]
[xmlrpc][INFO] 2021-09-19 13:07:16,688: XML-RPC server binding to 0.0.0.0:0
[xmlrpc][INFO] 2021-09-19 13:07:16,689: Started XML-RPC server [http://wng:39295/]
[rospy.init][INFO] 2021-09-19 13:07:16,689: ROS Slave URI: [http://wng:39295/]
[rospy.impl.masterslave][INFO] 2021-09-19 13:07:16,689: _ready: http://wng:39295/
[rospy.registration][INFO] 2021-09-19 13:07:16,689: Registering with master node http://localhost:11311
[xmlrpc][INFO] 2021-09-19 13:07:16,689: xml rpc node: starting XML-RPC server
[rospy.init][INFO] 2021-09-19 13:07:16,789: registered with master
[rospy.rosout][INFO] 2021-09-19 13:07:16,789: initializing /rosout core topic
[rospy.rosout][INFO] 2021-09-19 13:07:16,790: connected to core topic /rosout
[rospy.simtime][INFO] 2021-09-19 13:07:16,791: /use_sim_time is not set, will not subscribe to simulated time [/clock] topic
[rosout][INFO] 2021-09-19 13:07:16,798: Starting server on 192.168.1.146:10000
[rospy.internal][INFO] 2021-09-19 13:07:17,018: topic[/rosout] adding connection to [/rosout], count 0
[rosout][INFO] 2021-09-19 13:07:30,974: Connection from 192.168.1.146
[rosout][INFO] 2021-09-19 13:07:30,980: RegisterPublisher(execution_check, <class 'panda_move.msg._ExecutionCheck.ExecutionCheck'>) OK
[rospy.internal][INFO] 2021-09-19 13:07:31,083: topic[/execution_check] adding connection to [http://wng:39295/], count 0
[rospy.internal][INFO] 2021-09-19 13:07:31,088: topic[/execution_check] adding connection to [/server_endpoint], count 0
[rospy.core][INFO] 2021-09-19 13:42:11,247: signal_shutdown [signal-2]
[rospy.internal][INFO] 2021-09-19 13:42:11,259: topic[/execution_check] removing connection to /server_endpoint
[rospy.internal][INFO] 2021-09-19 13:42:11,259: topic[/rosout] removing connection to /rosout
[rospy.internal][INFO] 2021-09-19 13:42:11,259: topic[/execution_check] removing connection to http://wng:39295/
[rospy.impl.masterslave][INFO] 2021-09-19 13:42:11,260: signal-2
[rospy.core][INFO] 2021-09-19 13:42:11,376: signal_shutdown [atexit]
