[rospy.client][INFO] 2021-09-10 12:39:34,713: init_node, name[/joint_state_publisher], pid[16022]
[xmlrpc][INFO] 2021-09-10 12:39:34,713: XML-RPC server binding to 0.0.0.0:0
[xmlrpc][INFO] 2021-09-10 12:39:34,713: Started XML-RPC server [http://wng:33569/]
[rospy.init][INFO] 2021-09-10 12:39:34,713: ROS Slave URI: [http://wng:33569/]
[rospy.impl.masterslave][INFO] 2021-09-10 12:39:34,714: _ready: http://wng:33569/
[xmlrpc][INFO] 2021-09-10 12:39:34,714: xml rpc node: starting XML-RPC server
[rospy.registration][INFO] 2021-09-10 12:39:34,714: Registering with master node http://localhost:11311
[rospy.init][INFO] 2021-09-10 12:39:34,814: registered with master
[rospy.rosout][INFO] 2021-09-10 12:39:34,814: initializing /rosout core topic
[rospy.rosout][INFO] 2021-09-10 12:39:34,816: connected to core topic /rosout
[rospy.simtime][INFO] 2021-09-10 12:39:34,817: /use_sim_time is not set, will not subscribe to simulated time [/clock] topic
[rospy.internal][INFO] 2021-09-10 12:39:34,879: topic[/move_group/fake_controller_joint_states] adding connection to [http://wng:34503/], count 0
[rospy.internal][INFO] 2021-09-10 12:39:35,083: topic[/rosout] adding connection to [/rosout], count 0
[rospy.internal][INFO] 2021-09-10 12:39:35,085: topic[/joint_states] adding connection to [/joint_state_desired_publisher], count 0
[rospy.internal][INFO] 2021-09-10 12:39:35,085: topic[/joint_states] adding connection to [/robot_state_publisher], count 1
[rospy.internal][INFO] 2021-09-10 12:40:10,198: topic[/joint_states] adding connection to [/move_group_commander_wrappers_1631245181317025597], count 2
[rospy.internal][INFO] 2021-09-10 13:14:19,231: topic[/joint_states] removing connection to /move_group_commander_wrappers_1631245181317025597
[rospy.core][INFO] 2021-09-10 13:14:47,021: signal_shutdown [signal-2]
[rospy.internal][INFO] 2021-09-10 13:14:47,024: topic[/joint_states] removing connection to /joint_state_desired_publisher
[rospy.internal][INFO] 2021-09-10 13:14:47,024: topic[/joint_states] removing connection to /robot_state_publisher
[rospy.internal][INFO] 2021-09-10 13:14:47,029: topic[/rosout] removing connection to /rosout
[rospy.internal][INFO] 2021-09-10 13:14:47,029: topic[/move_group/fake_controller_joint_states] removing connection to http://wng:34503/
[rospy.impl.masterslave][INFO] 2021-09-10 13:14:47,030: signal-2
[rospy.internal][WARNING] 2021-09-10 13:14:47,120: Unknown error initiating TCP/IP socket to wng:37465 (http://wng:34503/): Traceback (most recent call last):
  File "/opt/ros/melodic/lib/python2.7/dist-packages/rospy/impl/tcpros_base.py", line 562, in connect
    self.read_header()
  File "/opt/ros/melodic/lib/python2.7/dist-packages/rospy/impl/tcpros_base.py", line 657, in read_header
    self._validate_header(read_ros_handshake_header(sock, self.read_buff, self.protocol.buff_size))
  File "/opt/ros/melodic/lib/python2.7/dist-packages/rosgraph/network.py", line 359, in read_ros_handshake_header
    raise ROSHandshakeException("connection from sender terminated before handshake header received. %s bytes were received. Please check sender for additional details."%b.tell())
ROSHandshakeException: connection from sender terminated before handshake header received. 0 bytes were received. Please check sender for additional details.

[rospy.core][INFO] 2021-09-10 13:14:47,139: signal_shutdown [atexit]
