[rospy.client][INFO] 2021-11-25 09:23:11,415: init_node, name[/joint_state_publisher], pid[15021]
[xmlrpc][INFO] 2021-11-25 09:23:11,415: XML-RPC server binding to 0.0.0.0:0
[xmlrpc][INFO] 2021-11-25 09:23:11,415: Started XML-RPC server [http://wng:43757/]
[rospy.init][INFO] 2021-11-25 09:23:11,416: ROS Slave URI: [http://wng:43757/]
[rospy.impl.masterslave][INFO] 2021-11-25 09:23:11,416: _ready: http://wng:43757/
[xmlrpc][INFO] 2021-11-25 09:23:11,416: xml rpc node: starting XML-RPC server
[rospy.registration][INFO] 2021-11-25 09:23:11,416: Registering with master node http://localhost:11311
[rospy.init][INFO] 2021-11-25 09:23:11,516: registered with master
[rospy.rosout][INFO] 2021-11-25 09:23:11,516: initializing /rosout core topic
[rospy.rosout][INFO] 2021-11-25 09:23:11,517: connected to core topic /rosout
[rospy.simtime][INFO] 2021-11-25 09:23:11,518: /use_sim_time is not set, will not subscribe to simulated time [/clock] topic
[rospy.internal][INFO] 2021-11-25 09:23:11,584: topic[/move_group/fake_controller_joint_states] adding connection to [http://wng:40109/], count 0
[rospy.internal][INFO] 2021-11-25 09:23:11,722: topic[/rosout] adding connection to [/rosout], count 0
[rospy.internal][INFO] 2021-11-25 09:23:11,822: topic[/joint_states] adding connection to [/joint_state_desired_publisher], count 0
[rospy.internal][INFO] 2021-11-25 09:23:11,822: topic[/joint_states] adding connection to [/robot_state_publisher], count 1
[rospy.internal][INFO] 2021-11-25 09:23:48,143: topic[/joint_states] adding connection to [/move_group_commander_wrappers_1637799799910136840], count 2
[rospy.internal][INFO] 2021-11-25 09:54:28,537: topic[/joint_states] removing connection to /move_group_commander_wrappers_1637799799910136840
[rospy.core][INFO] 2021-11-25 09:54:31,290: signal_shutdown [signal-2]
[rospy.internal][INFO] 2021-11-25 09:54:31,292: topic[/joint_states] removing connection to /joint_state_desired_publisher
[rospy.internal][INFO] 2021-11-25 09:54:31,292: topic[/joint_states] removing connection to /robot_state_publisher
[rospy.internal][INFO] 2021-11-25 09:54:31,292: topic[/rosout] removing connection to /rosout
[rospy.internal][INFO] 2021-11-25 09:54:31,292: topic[/move_group/fake_controller_joint_states] removing connection to http://wng:40109/
[rospy.impl.masterslave][INFO] 2021-11-25 09:54:31,292: signal-2
[rospy.core][INFO] 2021-11-25 09:54:31,424: signal_shutdown [atexit]
