[rospy.client][INFO] 2021-12-09 20:45:55,344: init_node, name[/joint_state_publisher], pid[3443]
[xmlrpc][INFO] 2021-12-09 20:45:55,344: XML-RPC server binding to 0.0.0.0:0
[xmlrpc][INFO] 2021-12-09 20:45:55,345: Started XML-RPC server [http://wng:36685/]
[rospy.init][INFO] 2021-12-09 20:45:55,345: ROS Slave URI: [http://wng:36685/]
[rospy.impl.masterslave][INFO] 2021-12-09 20:45:55,345: _ready: http://wng:36685/
[rospy.registration][INFO] 2021-12-09 20:45:55,346: Registering with master node http://localhost:11311
[xmlrpc][INFO] 2021-12-09 20:45:55,346: xml rpc node: starting XML-RPC server
[rospy.init][INFO] 2021-12-09 20:45:55,445: registered with master
[rospy.rosout][INFO] 2021-12-09 20:45:55,445: initializing /rosout core topic
[rospy.rosout][INFO] 2021-12-09 20:45:55,447: connected to core topic /rosout
[rospy.simtime][INFO] 2021-12-09 20:45:55,448: /use_sim_time is not set, will not subscribe to simulated time [/clock] topic
[rospy.internal][INFO] 2021-12-09 20:45:55,515: topic[/move_group/fake_controller_joint_states] adding connection to [http://wng:41321/], count 0
[rospy.internal][INFO] 2021-12-09 20:45:55,675: topic[/rosout] adding connection to [/rosout], count 0
[rospy.internal][INFO] 2021-12-09 20:45:55,676: topic[/joint_states] adding connection to [/joint_state_desired_publisher], count 0
[rospy.internal][INFO] 2021-12-09 20:45:55,676: topic[/joint_states] adding connection to [/robot_state_publisher], count 1
[rospy.internal][INFO] 2021-12-09 20:46:25,044: topic[/joint_states] adding connection to [/move_group_commander_wrappers_1639050363650567630], count 2
[rospy.internal][INFO] 2021-12-09 21:00:17,751: topic[/joint_states] removing connection to /move_group_commander_wrappers_1639050363650567630
[rospy.core][INFO] 2021-12-09 21:18:55,972: signal_shutdown [signal-2]
[rospy.internal][INFO] 2021-12-09 21:18:55,976: topic[/joint_states] removing connection to /joint_state_desired_publisher
[rospy.internal][INFO] 2021-12-09 21:18:55,976: topic[/joint_states] removing connection to /robot_state_publisher
[rospy.internal][INFO] 2021-12-09 21:18:55,976: topic[/rosout] removing connection to /rosout
[rospy.internal][INFO] 2021-12-09 21:18:55,977: topic[/move_group/fake_controller_joint_states] removing connection to http://wng:41321/
[rospy.internal][WARNING] 2021-12-09 21:18:55,978: Unknown error initiating TCP/IP socket to wng:41599 (http://wng:41321/): Traceback (most recent call last):
  File "/opt/ros/melodic/lib/python2.7/dist-packages/rospy/impl/tcpros_base.py", line 562, in connect
    self.read_header()
  File "/opt/ros/melodic/lib/python2.7/dist-packages/rospy/impl/tcpros_base.py", line 657, in read_header
    self._validate_header(read_ros_handshake_header(sock, self.read_buff, self.protocol.buff_size))
AttributeError: 'NoneType' object has no attribute 'buff_size'

[rospy.topics][ERROR] 2021-12-09 21:18:55,978: Traceback (most recent call last):
  File "/opt/ros/melodic/lib/python2.7/dist-packages/rospy/topics.py", line 326, in close
    c.close()
  File "/opt/ros/melodic/lib/python2.7/dist-packages/rospy/impl/tcpros_base.py", line 846, in close
    self.socket.close()
AttributeError: 'NoneType' object has no attribute 'close'

[rospy.impl.masterslave][INFO] 2021-12-09 21:18:55,978: signal-2
[rospy.core][INFO] 2021-12-09 21:18:56,142: signal_shutdown [atexit]
