[rospy.client][INFO] 2021-12-09 20:45:55,747: init_node, name[/server_endpoint], pid[3441]
[xmlrpc][INFO] 2021-12-09 20:45:55,747: XML-RPC server binding to 0.0.0.0:0
[xmlrpc][INFO] 2021-12-09 20:45:55,748: Started XML-RPC server [http://wng:35913/]
[rospy.init][INFO] 2021-12-09 20:45:55,748: ROS Slave URI: [http://wng:35913/]
[rospy.impl.masterslave][INFO] 2021-12-09 20:45:55,748: _ready: http://wng:35913/
[rospy.registration][INFO] 2021-12-09 20:45:55,748: Registering with master node http://localhost:11311
[xmlrpc][INFO] 2021-12-09 20:45:55,749: xml rpc node: starting XML-RPC server
[rospy.init][INFO] 2021-12-09 20:45:55,848: registered with master
[rospy.rosout][INFO] 2021-12-09 20:45:55,849: initializing /rosout core topic
[rospy.rosout][INFO] 2021-12-09 20:45:55,850: connected to core topic /rosout
[rospy.simtime][INFO] 2021-12-09 20:45:55,850: /use_sim_time is not set, will not subscribe to simulated time [/clock] topic
[rosout][INFO] 2021-12-09 20:45:55,856: Starting server on 192.168.0.8:10000
[rospy.internal][INFO] 2021-12-09 20:45:56,079: topic[/rosout] adding connection to [/rosout], count 0
[rosout][INFO] 2021-12-09 20:46:02,099: Connection from 192.168.0.8
[rosout][INFO] 2021-12-09 20:46:02,104: RegisterPublisher(execution_check, <class 'panda_move.msg._ExecutionCheck.ExecutionCheck'>) OK
[rospy.internal][INFO] 2021-12-09 20:46:02,229: topic[/execution_check] adding connection to [http://wng:35913/], count 0
[rospy.internal][INFO] 2021-12-09 20:46:02,231: topic[/execution_check] adding connection to [/server_endpoint], count 0
[rospy.core][INFO] 2021-12-09 21:18:55,972: signal_shutdown [signal-2]
[rospy.internal][INFO] 2021-12-09 21:18:55,977: topic[/execution_check] removing connection to /server_endpoint
[rospy.internal][INFO] 2021-12-09 21:18:55,977: topic[/rosout] removing connection to /rosout
[rospy.internal][INFO] 2021-12-09 21:18:55,978: topic[/execution_check] removing connection to http://wng:35913/
[rospy.impl.masterslave][INFO] 2021-12-09 21:18:55,978: signal-2
[rospy.internal][ERROR] 2021-12-09 21:18:55,979: Unable to initiate TCP/IP socket to wng:36185 (http://wng:35913/): Traceback (most recent call last):
  File "/opt/ros/melodic/lib/python2.7/dist-packages/rospy/impl/tcpros_base.py", line 562, in connect
    self.read_header()
  File "/opt/ros/melodic/lib/python2.7/dist-packages/rospy/impl/tcpros_base.py", line 657, in read_header
    self._validate_header(read_ros_handshake_header(sock, self.read_buff, self.protocol.buff_size))
  File "/opt/ros/melodic/lib/python2.7/dist-packages/rospy/impl/tcpros_base.py", line 600, in _validate_header
    raise TransportInitError("remote error reported: %s"%header['error'])
TransportInitError: remote error reported: node shutting down

[rospy.core][INFO] 2021-12-09 21:18:56,082: signal_shutdown [atexit]
