[rospy.client][INFO] 2021-11-26 11:03:09,453: init_node, name[/joint_state_publisher], pid[12046]
[xmlrpc][INFO] 2021-11-26 11:03:09,453: XML-RPC server binding to 0.0.0.0:0
[xmlrpc][INFO] 2021-11-26 11:03:09,453: Started XML-RPC server [http://wng:35103/]
[rospy.init][INFO] 2021-11-26 11:03:09,454: ROS Slave URI: [http://wng:35103/]
[rospy.impl.masterslave][INFO] 2021-11-26 11:03:09,454: _ready: http://wng:35103/
[xmlrpc][INFO] 2021-11-26 11:03:09,454: xml rpc node: starting XML-RPC server
[rospy.registration][INFO] 2021-11-26 11:03:09,454: Registering with master node http://localhost:11311
[rospy.init][INFO] 2021-11-26 11:03:09,554: registered with master
[rospy.rosout][INFO] 2021-11-26 11:03:09,554: initializing /rosout core topic
[rospy.rosout][INFO] 2021-11-26 11:03:09,556: connected to core topic /rosout
[rospy.simtime][INFO] 2021-11-26 11:03:09,557: /use_sim_time is not set, will not subscribe to simulated time [/clock] topic
[rospy.internal][INFO] 2021-11-26 11:03:09,635: topic[/move_group/fake_controller_joint_states] adding connection to [http://wng:39357/], count 0
[rospy.internal][INFO] 2021-11-26 11:03:09,686: topic[/rosout] adding connection to [/rosout], count 0
[rospy.internal][INFO] 2021-11-26 11:03:09,807: topic[/joint_states] adding connection to [/joint_state_desired_publisher], count 0
[rospy.internal][INFO] 2021-11-26 11:03:09,811: topic[/joint_states] adding connection to [/robot_state_publisher], count 1
[rospy.internal][INFO] 2021-11-26 11:03:57,443: topic[/joint_states] adding connection to [/move_group_commander_wrappers_1637892197254959048], count 2
[rospy.internal][INFO] 2021-11-26 11:35:01,881: topic[/joint_states] removing connection to /move_group_commander_wrappers_1637892197254959048
[rospy.core][INFO] 2021-11-26 12:12:08,448: signal_shutdown [signal-2]
[rospy.internal][INFO] 2021-11-26 12:12:08,450: topic[/joint_states] removing connection to /joint_state_desired_publisher
[rospy.internal][INFO] 2021-11-26 12:12:08,451: topic[/joint_states] removing connection to /robot_state_publisher
[rospy.internal][INFO] 2021-11-26 12:12:08,451: topic[/rosout] removing connection to /rosout
[rospy.internal][INFO] 2021-11-26 12:12:08,451: topic[/move_group/fake_controller_joint_states] removing connection to http://wng:39357/
[rospy.impl.masterslave][INFO] 2021-11-26 12:12:08,451: signal-2
[rospy.core][INFO] 2021-11-26 12:12:08,555: signal_shutdown [atexit]
