[rospy.client][INFO] 2021-11-26 11:03:09,755: init_node, name[/server_endpoint], pid[12044]
[xmlrpc][INFO] 2021-11-26 11:03:09,755: XML-RPC server binding to 0.0.0.0:0
[xmlrpc][INFO] 2021-11-26 11:03:09,755: Started XML-RPC server [http://wng:44645/]
[rospy.init][INFO] 2021-11-26 11:03:09,756: ROS Slave URI: [http://wng:44645/]
[rospy.impl.masterslave][INFO] 2021-11-26 11:03:09,756: _ready: http://wng:44645/
[rospy.registration][INFO] 2021-11-26 11:03:09,756: Registering with master node http://localhost:11311
[xmlrpc][INFO] 2021-11-26 11:03:09,757: xml rpc node: starting XML-RPC server
[rospy.init][INFO] 2021-11-26 11:03:09,856: registered with master
[rospy.rosout][INFO] 2021-11-26 11:03:09,856: initializing /rosout core topic
[rospy.rosout][INFO] 2021-11-26 11:03:09,857: connected to core topic /rosout
[rospy.simtime][INFO] 2021-11-26 11:03:09,858: /use_sim_time is not set, will not subscribe to simulated time [/clock] topic
[rosout][INFO] 2021-11-26 11:03:09,868: Starting server on 192.168.1.146:10000
[rospy.internal][INFO] 2021-11-26 11:03:10,083: topic[/rosout] adding connection to [/rosout], count 0
[rosout][INFO] 2021-11-26 11:03:20,142: Connection from 192.168.1.146
[rosout][INFO] 2021-11-26 11:03:20,146: RegisterPublisher(execution_check, <class 'panda_move.msg._ExecutionCheck.ExecutionCheck'>) OK
[rospy.internal][INFO] 2021-11-26 11:03:20,240: topic[/execution_check] adding connection to [http://wng:44645/], count 0
[rospy.internal][INFO] 2021-11-26 11:03:20,241: topic[/execution_check] adding connection to [/server_endpoint], count 0
[rospy.core][INFO] 2021-11-26 12:12:08,446: signal_shutdown [signal-2]
[rospy.internal][INFO] 2021-11-26 12:12:08,450: topic[/execution_check] removing connection to /server_endpoint
[rospy.internal][INFO] 2021-11-26 12:12:08,450: topic[/rosout] removing connection to /rosout
[rospy.internal][INFO] 2021-11-26 12:12:08,450: topic[/execution_check] removing connection to http://wng:44645/
[rospy.impl.masterslave][INFO] 2021-11-26 12:12:08,450: signal-2
[rospy.internal][ERROR] 2021-11-26 12:12:08,450: Unable to initiate TCP/IP socket to wng:39711 (http://wng:44645/): Traceback (most recent call last):
  File "/opt/ros/melodic/lib/python2.7/dist-packages/rospy/impl/tcpros_base.py", line 562, in connect
    self.read_header()
  File "/opt/ros/melodic/lib/python2.7/dist-packages/rospy/impl/tcpros_base.py", line 657, in read_header
    self._validate_header(read_ros_handshake_header(sock, self.read_buff, self.protocol.buff_size))
  File "/opt/ros/melodic/lib/python2.7/dist-packages/rospy/impl/tcpros_base.py", line 600, in _validate_header
    raise TransportInitError("remote error reported: %s"%header['error'])
TransportInitError: remote error reported: node shutting down

[rospy.core][INFO] 2021-11-26 12:12:08,582: signal_shutdown [atexit]
