[rospy.client][INFO] 2021-09-23 10:30:53,808: init_node, name[/joint_state_publisher], pid[25400]
[xmlrpc][INFO] 2021-09-23 10:30:53,808: XML-RPC server binding to 0.0.0.0:0
[xmlrpc][INFO] 2021-09-23 10:30:53,808: Started XML-RPC server [http://wng:37643/]
[rospy.init][INFO] 2021-09-23 10:30:53,808: ROS Slave URI: [http://wng:37643/]
[rospy.impl.masterslave][INFO] 2021-09-23 10:30:53,808: _ready: http://wng:37643/
[xmlrpc][INFO] 2021-09-23 10:30:53,808: xml rpc node: starting XML-RPC server
[rospy.registration][INFO] 2021-09-23 10:30:53,809: Registering with master node http://localhost:11311
[rospy.init][INFO] 2021-09-23 10:30:53,908: registered with master
[rospy.rosout][INFO] 2021-09-23 10:30:53,908: initializing /rosout core topic
[rospy.rosout][INFO] 2021-09-23 10:30:53,911: connected to core topic /rosout
[rospy.simtime][INFO] 2021-09-23 10:30:53,911: /use_sim_time is not set, will not subscribe to simulated time [/clock] topic
[rospy.internal][INFO] 2021-09-23 10:30:53,973: topic[/move_group/fake_controller_joint_states] adding connection to [http://wng:35313/], count 0
[rospy.internal][INFO] 2021-09-23 10:30:54,131: topic[/rosout] adding connection to [/rosout], count 0
[rospy.internal][INFO] 2021-09-23 10:30:54,132: topic[/joint_states] adding connection to [/joint_state_desired_publisher], count 0
[rospy.internal][INFO] 2021-09-23 10:30:54,132: topic[/joint_states] adding connection to [/robot_state_publisher], count 1
[rospy.core][INFO] 2021-09-23 10:31:33,777: signal_shutdown [signal-2]
[rospy.internal][INFO] 2021-09-23 10:31:33,778: topic[/joint_states] removing connection to /joint_state_desired_publisher
[rospy.internal][INFO] 2021-09-23 10:31:33,778: topic[/joint_states] removing connection to /robot_state_publisher
[rospy.internal][INFO] 2021-09-23 10:31:33,779: topic[/rosout] removing connection to /rosout
[rospy.internal][INFO] 2021-09-23 10:31:33,779: topic[/move_group/fake_controller_joint_states] removing connection to http://wng:35313/
[rospy.impl.masterslave][INFO] 2021-09-23 10:31:33,779: signal-2
[rospy.core][INFO] 2021-09-23 10:31:33,911: signal_shutdown [atexit]
