[rosmaster.main][INFO] 2021-09-23 10:30:53,428: initialization complete, waiting for shutdown
[rosmaster.main][INFO] 2021-09-23 10:30:53,428: Starting ROS Master Node
[xmlrpc][INFO] 2021-09-23 10:30:53,428: XML-RPC server binding to 0.0.0.0:11311
[xmlrpc][INFO] 2021-09-23 10:30:53,428: Started XML-RPC server [http://wng:11311/]
[xmlrpc][INFO] 2021-09-23 10:30:53,428: xml rpc node: starting XML-RPC server
[rosmaster.master][INFO] 2021-09-23 10:30:53,428: Master initialized: port[11311], uri[http://wng:11311/]
[rosmaster.master][INFO] 2021-09-23 10:30:53,487: +PARAM [/run_id] by /roslaunch
[rosmaster.master][INFO] 2021-09-23 10:30:53,488: +PARAM [/roslaunch/uris/host_wng__37361] by /roslaunch
[rosmaster.master][INFO] 2021-09-23 10:30:53,534: +SERVICE [/rosout/get_loggers] /rosout http://wng:41465/
[rosmaster.master][INFO] 2021-09-23 10:30:53,534: +SERVICE [/rosout/set_logger_level] /rosout http://wng:41465/
[rosmaster.master][INFO] 2021-09-23 10:30:53,535: +PUB [/rosout_agg] /rosout http://wng:41465/
[rosmaster.master][INFO] 2021-09-23 10:30:53,536: +SUB [/rosout] /rosout http://wng:41465/
[rosmaster.master][INFO] 2021-09-23 10:30:53,580: +PARAM [/move_group/planner_configs/RRTkConfigDefault/goal_bias] by /roslaunch
[rosmaster.master][INFO] 2021-09-23 10:30:53,580: +PARAM [/move_group/panda_arm/planner_configs] by /roslaunch
[rosmaster.master][INFO] 2021-09-23 10:30:53,580: +PARAM [/robot_description_semantic] by /roslaunch
[rosmaster.master][INFO] 2021-09-23 10:30:53,581: +PARAM [/move_group/planner_configs/SPARStwokConfigDefault/stretch_factor] by /roslaunch
[rosmaster.master][INFO] 2021-09-23 10:30:53,581: +PARAM [/robot_description_planning/joint_limits/panda_joint3/has_acceleration_limits] by /roslaunch
[rosmaster.master][INFO] 2021-09-23 10:30:53,581: +PARAM [/move_group/planner_configs/STRIDEkConfigDefault/max_degree] by /roslaunch
[rosmaster.master][INFO] 2021-09-23 10:30:53,581: +PARAM [/move_group/planner_configs/RRTstarkConfigDefault/range] by /roslaunch
[rosmaster.master][INFO] 2021-09-23 10:30:53,581: +PARAM [/move_group/planner_configs/SPARSkConfigDefault/sparse_delta_fraction] by /roslaunch
[rosmaster.master][INFO] 2021-09-23 10:30:53,581: +PARAM [/move_group/planner_configs/FMTkConfigDefault/radius_multiplier] by /roslaunch
[rosmaster.master][INFO] 2021-09-23 10:30:53,581: +PARAM [/move_group/controller_list] by /roslaunch
[rosmaster.master][INFO] 2021-09-23 10:30:53,581: +PARAM [/move_group/planner_configs/BFMTkConfigDefault/cache_cc] by /roslaunch
[rosmaster.master][INFO] 2021-09-23 10:30:53,581: +PARAM [/move_group/planner_configs/STRIDEkConfigDefault/goal_bias] by /roslaunch
[rosmaster.master][INFO] 2021-09-23 10:30:53,581: +PARAM [/move_group/max_safe_path_cost] by /roslaunch
[rosmaster.master][INFO] 2021-09-23 10:30:53,581: +PARAM [/move_group/planner_configs/BiTRRTkConfigDefault/temp_change_factor] by /roslaunch
[rosmaster.master][INFO] 2021-09-23 10:30:53,581: +PARAM [/move_group/planner_configs/SPARStwokConfigDefault/sparse_delta_fraction] by /roslaunch
[rosmaster.master][INFO] 2021-09-23 10:30:53,581: +PARAM [/move_group/hand/planner_configs] by /roslaunch
[rosmaster.master][INFO] 2021-09-23 10:30:53,581: +PARAM [/move_group/planner_configs/RRTstarkConfigDefault/goal_bias] by /roslaunch
[rosmaster.master][INFO] 2021-09-23 10:30:53,581: +PARAM [/move_group/planner_configs/STRIDEkConfigDefault/range] by /roslaunch
[rosmaster.master][INFO] 2021-09-23 10:30:53,581: +PARAM [/move_group/planning_scene_monitor/publish_planning_scene] by /roslaunch
[rosmaster.master][INFO] 2021-09-23 10:30:53,581: +PARAM [/move_group/octomap_frame] by /roslaunch
[rosmaster.master][INFO] 2021-09-23 10:30:53,581: +PARAM [/move_group/planner_configs/PRMkConfigDefault/type] by /roslaunch
[rosmaster.master][INFO] 2021-09-23 10:30:53,581: +PARAM [/move_group/planner_configs/BiESTkConfigDefault/range] by /roslaunch
[rosmaster.master][INFO] 2021-09-23 10:30:53,581: +PARAM [/move_group/planner_configs/ESTkConfigDefault/range] by /roslaunch
[rosmaster.master][INFO] 2021-09-23 10:30:53,581: +PARAM [/move_group/planner_configs/KPIECEkConfigDefault/min_valid_path_fraction] by /roslaunch
[rosmaster.master][INFO] 2021-09-23 10:30:53,581: +PARAM [/robot_description_planning/joint_limits/panda_finger_joint2/max_acceleration] by /roslaunch
[rosmaster.master][INFO] 2021-09-23 10:30:53,582: +PARAM [/move_group/planner_configs/BKPIECEkConfigDefault/border_fraction] by /roslaunch
[rosmaster.master][INFO] 2021-09-23 10:30:53,582: +PARAM [/move_group/planner_configs/SPARStwokConfigDefault/max_failures] by /roslaunch
[rosmaster.master][INFO] 2021-09-23 10:30:53,582: +PARAM [/move_group/planner_configs/BiTRRTkConfigDefault/frountier_node_ratio] by /roslaunch
[rosmaster.master][INFO] 2021-09-23 10:30:53,582: +PARAM [/move_group/planner_configs/PRMkConfigDefault/max_nearest_neighbors] by /roslaunch
[rosmaster.master][INFO] 2021-09-23 10:30:53,582: +PARAM [/move_group/planner_configs/BiTRRTkConfigDefault/cost_threshold] by /roslaunch
[rosmaster.master][INFO] 2021-09-23 10:30:53,582: +PARAM [/robot_description_kinematics/panda_arm/kinematics_solver] by /roslaunch
[rosmaster.master][INFO] 2021-09-23 10:30:53,582: +PARAM [/move_group/planner_configs/TRRTkConfigDefault/goal_bias] by /roslaunch
[rosmaster.master][INFO] 2021-09-23 10:30:53,582: +PARAM [/move_group/planner_configs/LBTRRTkConfigDefault/type] by /roslaunch
[rosmaster.master][INFO] 2021-09-23 10:30:53,582: +PARAM [/move_group/planner_configs/FMTkConfigDefault/cache_cc] by /roslaunch
[rosmaster.master][INFO] 2021-09-23 10:30:53,582: +PARAM [/robot_description_planning/joint_limits/panda_joint2/max_velocity] by /roslaunch
[rosmaster.master][INFO] 2021-09-23 10:30:53,582: +PARAM [/robot_description_planning/joint_limits/panda_joint5/max_acceleration] by /roslaunch
[rosmaster.master][INFO] 2021-09-23 10:30:53,582: +PARAM [/move_group/planner_configs/FMTkConfigDefault/type] by /roslaunch
[rosmaster.master][INFO] 2021-09-23 10:30:53,582: +PARAM [/move_group/planner_configs/ProjESTkConfigDefault/type] by /roslaunch
[rosmaster.master][INFO] 2021-09-23 10:30:53,582: +PARAM [/move_group/planner_configs/LBTRRTkConfigDefault/epsilon] by /roslaunch
[rosmaster.master][INFO] 2021-09-23 10:30:53,582: +PARAM [/move_group/planner_configs/LazyPRMkConfigDefault/type] by /roslaunch
[rosmaster.master][INFO] 2021-09-23 10:30:53,582: +PARAM [/move_group/planner_configs/STRIDEkConfigDefault/min_degree] by /roslaunch
[rosmaster.master][INFO] 2021-09-23 10:30:53,582: +PARAM [/move_group/planner_configs/TRRTkConfigDefault/max_states_failed] by /roslaunch
[rosmaster.master][INFO] 2021-09-23 10:30:53,582: +PARAM [/move_group/planner_configs/BKPIECEkConfigDefault/min_valid_path_fraction] by /roslaunch
[rosmaster.master][INFO] 2021-09-23 10:30:53,582: +PARAM [/move_group/planner_configs/SBLkConfigDefault/range] by /roslaunch
[rosmaster.master][INFO] 2021-09-23 10:30:53,582: +PARAM [/robot_description_planning/joint_limits/panda_finger_joint2/has_acceleration_limits] by /roslaunch
[rosmaster.master][INFO] 2021-09-23 10:30:53,582: +PARAM [/robot_description_planning/joint_limits/panda_joint6/max_velocity] by /roslaunch
[rosmaster.master][INFO] 2021-09-23 10:30:53,582: +PARAM [/move_group/planner_configs/TRRTkConfigDefault/frountierNodeRatio] by /roslaunch
[rosmaster.master][INFO] 2021-09-23 10:30:53,582: +PARAM [/rviz_wng_25364_2557255652785865797/panda_arm/kinematics_solver_timeout] by /roslaunch
[rosmaster.master][INFO] 2021-09-23 10:30:53,582: +PARAM [/move_group/planner_configs/BFMTkConfigDefault/type] by /roslaunch
[rosmaster.master][INFO] 2021-09-23 10:30:53,583: +PARAM [/robot_description_planning/joint_limits/panda_joint3/max_acceleration] by /roslaunch
[rosmaster.master][INFO] 2021-09-23 10:30:53,583: +PARAM [/move_group/planning_plugin] by /roslaunch
[rosmaster.master][INFO] 2021-09-23 10:30:53,583: +PARAM [/robot_description_planning/joint_limits/panda_joint7/max_velocity] by /roslaunch
[rosmaster.master][INFO] 2021-09-23 10:30:53,583: +PARAM [/move_group/planning_scene_monitor/publish_geometry_updates] by /roslaunch
[rosmaster.master][INFO] 2021-09-23 10:30:53,583: +PARAM [/move_group/planner_configs/LazyPRMkConfigDefault/range] by /roslaunch
[rosmaster.master][INFO] 2021-09-23 10:30:53,583: +PARAM [/move_group/planner_configs/TRRTkConfigDefault/type] by /roslaunch
[rosmaster.master][INFO] 2021-09-23 10:30:53,583: +PARAM [/robot_description_planning/joint_limits/panda_joint5/max_velocity] by /roslaunch
[rosmaster.master][INFO] 2021-09-23 10:30:53,583: +PARAM [/move_group/planner_configs/BiTRRTkConfigDefault/init_temperature] by /roslaunch
[rosmaster.master][INFO] 2021-09-23 10:30:53,583: +PARAM [/move_group/planner_configs/SPARSkConfigDefault/max_failures] by /roslaunch
[rosmaster.master][INFO] 2021-09-23 10:30:53,583: +PARAM [/move_group/planner_configs/BiTRRTkConfigDefault/range] by /roslaunch
[rosmaster.master][INFO] 2021-09-23 10:30:53,583: +PARAM [/move_group/planner_configs/PDSTkConfigDefault/type] by /roslaunch
[rosmaster.master][INFO] 2021-09-23 10:30:53,583: +PARAM [/move_group/trajectory_execution/allowed_goal_duration_margin] by /roslaunch
[rosmaster.master][INFO] 2021-09-23 10:30:53,583: +PARAM [/rosdistro] by /roslaunch
[rosmaster.master][INFO] 2021-09-23 10:30:53,583: +PARAM [/robot_description_planning/joint_limits/panda_joint1/has_velocity_limits] by /roslaunch
[rosmaster.master][INFO] 2021-09-23 10:30:53,583: +PARAM [/move_group/planner_configs/STRIDEkConfigDefault/max_pts_per_leaf] by /roslaunch
[rosmaster.master][INFO] 2021-09-23 10:30:53,583: +PARAM [/move_group/planner_configs/BFMTkConfigDefault/nearest_k] by /roslaunch
[rosmaster.master][INFO] 2021-09-23 10:30:53,583: +PARAM [/move_group/planner_configs/LazyPRMstarkConfigDefault/type] by /roslaunch
[rosmaster.master][INFO] 2021-09-23 10:30:53,583: +PARAM [/robot_description_kinematics/panda_arm/kinematics_solver_timeout] by /roslaunch
[rosmaster.master][INFO] 2021-09-23 10:30:53,583: +PARAM [/move_group/planner_configs/PRMstarkConfigDefault/type] by /roslaunch
[rosmaster.master][INFO] 2021-09-23 10:30:53,583: +PARAM [/move_group/planner_configs/RRTkConfigDefault/range] by /roslaunch
[rosmaster.master][INFO] 2021-09-23 10:30:53,583: +PARAM [/move_group/allow_trajectory_execution] by /roslaunch
[rosmaster.master][INFO] 2021-09-23 10:30:53,583: +PARAM [/move_group/planner_configs/SPARSkConfigDefault/stretch_factor] by /roslaunch
[rosmaster.master][INFO] 2021-09-23 10:30:53,583: +PARAM [/move_group/planner_configs/ESTkConfigDefault/type] by /roslaunch
[rosmaster.master][INFO] 2021-09-23 10:30:53,584: +PARAM [/robot_description_planning/joint_limits/panda_joint4/max_acceleration] by /roslaunch
[rosmaster.master][INFO] 2021-09-23 10:30:53,584: +PARAM [/move_group/start_state_max_bounds_error] by /roslaunch
[rosmaster.master][INFO] 2021-09-23 10:30:53,584: +PARAM [/robot_description_planning/joint_limits/panda_finger_joint2/has_velocity_limits] by /roslaunch
[rosmaster.master][INFO] 2021-09-23 10:30:53,584: +PARAM [/move_group/max_range] by /roslaunch
[rosmaster.master][INFO] 2021-09-23 10:30:53,584: +PARAM [/robot_description_kinematics/panda_arm/kinematics_solver_search_resolution] by /roslaunch
[rosmaster.master][INFO] 2021-09-23 10:30:53,584: +PARAM [/robot_description_planning/joint_limits/panda_joint2/max_acceleration] by /roslaunch
[rosmaster.master][INFO] 2021-09-23 10:30:53,584: +PARAM [/move_group/planner_configs/RRTstarkConfigDefault/type] by /roslaunch
[rosmaster.master][INFO] 2021-09-23 10:30:53,584: +PARAM [/move_group/planner_configs/STRIDEkConfigDefault/min_valid_path_fraction] by /roslaunch
[rosmaster.master][INFO] 2021-09-23 10:30:53,584: +PARAM [/robot_description_planning/joint_limits/panda_joint7/has_acceleration_limits] by /roslaunch
[rosmaster.master][INFO] 2021-09-23 10:30:53,584: +PARAM [/move_group/planner_configs/BiTRRTkConfigDefault/frountier_threshold] by /roslaunch
[rosmaster.master][INFO] 2021-09-23 10:30:53,584: +PARAM [/robot_description_planning/joint_limits/panda_joint5/has_acceleration_limits] by /roslaunch
[rosmaster.master][INFO] 2021-09-23 10:30:53,584: +PARAM [/joint_state_publisher/use_gui] by /roslaunch
[rosmaster.master][INFO] 2021-09-23 10:30:53,584: +PARAM [/move_group/planner_configs/BKPIECEkConfigDefault/type] by /roslaunch
[rosmaster.master][INFO] 2021-09-23 10:30:53,584: +PARAM [/robot_description_planning/joint_limits/panda_joint7/max_acceleration] by /roslaunch
[rosmaster.master][INFO] 2021-09-23 10:30:53,584: +PARAM [/robot_description_planning/joint_limits/panda_joint6/max_acceleration] by /roslaunch
[rosmaster.master][INFO] 2021-09-23 10:30:53,584: +PARAM [/move_group/trajectory_execution/allowed_execution_duration_scaling] by /roslaunch
[rosmaster.master][INFO] 2021-09-23 10:30:53,584: +PARAM [/move_group/planner_configs/KPIECEkConfigDefault/border_fraction] by /roslaunch
[rosmaster.master][INFO] 2021-09-23 10:30:53,584: +PARAM [/move_group/trajectory_execution/allowed_start_tolerance] by /roslaunch
[rosmaster.master][INFO] 2021-09-23 10:30:53,584: +PARAM [/robot_description_planning/joint_limits/panda_joint3/max_velocity] by /roslaunch
[rosmaster.master][INFO] 2021-09-23 10:30:53,584: +PARAM [/move_group/moveit_manage_controllers] by /roslaunch
[rosmaster.master][INFO] 2021-09-23 10:30:53,584: +PARAM [/move_group/panda_arm_hand/planner_configs] by /roslaunch
[rosmaster.master][INFO] 2021-09-23 10:30:53,584: +PARAM [/move_group/planner_configs/FMTkConfigDefault/heuristics] by /roslaunch
[rosmaster.master][INFO] 2021-09-23 10:30:53,584: +PARAM [/rviz_wng_25364_2557255652785865797/panda_arm/kinematics_solver] by /roslaunch
[rosmaster.master][INFO] 2021-09-23 10:30:53,585: +PARAM [/move_group/planner_configs/BFMTkConfigDefault/optimality] by /roslaunch
[rosmaster.master][INFO] 2021-09-23 10:30:53,585: +PARAM [/robot_description_planning/joint_limits/panda_joint2/has_acceleration_limits] by /roslaunch
[rosmaster.master][INFO] 2021-09-23 10:30:53,585: +PARAM [/move_group/planner_configs/FMTkConfigDefault/nearest_k] by /roslaunch
[rosmaster.master][INFO] 2021-09-23 10:30:53,585: +PARAM [/move_group/planner_configs/ProjESTkConfigDefault/goal_bias] by /roslaunch
[rosmaster.master][INFO] 2021-09-23 10:30:53,585: +PARAM [/move_group/planner_configs/ESTkConfigDefault/goal_bias] by /roslaunch
[rosmaster.master][INFO] 2021-09-23 10:30:53,585: +PARAM [/move_group/planner_configs/BFMTkConfigDefault/radius_multiplier] by /roslaunch
[rosmaster.master][INFO] 2021-09-23 10:30:53,585: +PARAM [/move_group/planner_configs/LBKPIECEkConfigDefault/border_fraction] by /roslaunch
[rosmaster.master][INFO] 2021-09-23 10:30:53,585: +PARAM [/move_group/jiggle_fraction] by /roslaunch
[rosmaster.master][INFO] 2021-09-23 10:30:53,585: +PARAM [/move_group/planner_configs/SPARStwokConfigDefault/dense_delta_fraction] by /roslaunch
[rosmaster.master][INFO] 2021-09-23 10:30:53,585: +PARAM [/move_group/planner_configs/BFMTkConfigDefault/num_samples] by /roslaunch
[rosmaster.master][INFO] 2021-09-23 10:30:53,585: +PARAM [/move_group/planner_configs/TRRTkConfigDefault/range] by /roslaunch
[rosmaster.master][INFO] 2021-09-23 10:30:53,585: +PARAM [/move_group/planning_scene_monitor/publish_state_updates] by /roslaunch
[rosmaster.master][INFO] 2021-09-23 10:30:53,585: +PARAM [/move_group/planner_configs/TRRTkConfigDefault/temp_change_factor] by /roslaunch
[rosmaster.master][INFO] 2021-09-23 10:30:53,585: +PARAM [/robot_description_planning/joint_limits/panda_joint1/max_velocity] by /roslaunch
[rosmaster.master][INFO] 2021-09-23 10:30:53,585: +PARAM [/move_group/planner_configs/BKPIECEkConfigDefault/range] by /roslaunch
[rosmaster.master][INFO] 2021-09-23 10:30:53,585: +PARAM [/move_group/planner_configs/SBLkConfigDefault/type] by /roslaunch
[rosmaster.master][INFO] 2021-09-23 10:30:53,585: +PARAM [/robot_description_planning/joint_limits/panda_finger_joint1/has_velocity_limits] by /roslaunch
[rosmaster.master][INFO] 2021-09-23 10:30:53,585: +PARAM [/move_group/planner_configs/LBTRRTkConfigDefault/range] by /roslaunch
[rosmaster.master][INFO] 2021-09-23 10:30:53,585: +PARAM [/robot_description] by /roslaunch
[rosmaster.master][INFO] 2021-09-23 10:30:53,585: +PARAM [/move_group/planner_configs/FMTkConfigDefault/extended_fmt] by /roslaunch
[rosmaster.master][INFO] 2021-09-23 10:30:53,585: +PARAM [/move_group/planner_configs/LBKPIECEkConfigDefault/range] by /roslaunch
[rosmaster.master][INFO] 2021-09-23 10:30:53,585: +PARAM [/robot_description_planning/joint_limits/panda_joint5/has_velocity_limits] by /roslaunch
[rosmaster.master][INFO] 2021-09-23 10:30:53,585: +PARAM [/robot_description_planning/joint_limits/panda_finger_joint1/max_velocity] by /roslaunch
[rosmaster.master][INFO] 2021-09-23 10:30:53,586: +PARAM [/move_group/moveit_controller_manager] by /roslaunch
[rosmaster.master][INFO] 2021-09-23 10:30:53,586: +PARAM [/robot_description_planning/joint_limits/panda_joint1/max_acceleration] by /roslaunch
[rosmaster.master][INFO] 2021-09-23 10:30:53,586: +PARAM [/move_group/planner_configs/TRRTkConfigDefault/frountier_threshold] by /roslaunch
[rosmaster.master][INFO] 2021-09-23 10:30:53,586: +PARAM [/move_group/planner_configs/BFMTkConfigDefault/heuristics] by /roslaunch
[rosmaster.master][INFO] 2021-09-23 10:30:53,586: +PARAM [/robot_description_planning/joint_limits/panda_finger_joint1/has_acceleration_limits] by /roslaunch
[rosmaster.master][INFO] 2021-09-23 10:30:53,586: +PARAM [/move_group/planner_configs/KPIECEkConfigDefault/range] by /roslaunch
[rosmaster.master][INFO] 2021-09-23 10:30:53,586: +PARAM [/robot_description_planning/joint_limits/panda_joint7/has_velocity_limits] by /roslaunch
[rosmaster.master][INFO] 2021-09-23 10:30:53,586: +PARAM [/move_group/planner_configs/KPIECEkConfigDefault/goal_bias] by /roslaunch
[rosmaster.master][INFO] 2021-09-23 10:30:53,586: +PARAM [/move_group/planner_configs/RRTConnectkConfigDefault/range] by /roslaunch
[rosmaster.master][INFO] 2021-09-23 10:30:53,586: +PARAM [/robot_description_planning/joint_limits/panda_joint4/has_velocity_limits] by /roslaunch
[rosmaster.master][INFO] 2021-09-23 10:30:53,586: +PARAM [/move_group/request_adapters] by /roslaunch
[rosmaster.master][INFO] 2021-09-23 10:30:53,586: +PARAM [/move_group/planner_configs/TRRTkConfigDefault/min_temperature] by /roslaunch
[rosmaster.master][INFO] 2021-09-23 10:30:53,586: +PARAM [/robot_description_planning/joint_limits/panda_joint6/has_acceleration_limits] by /roslaunch
[rosmaster.master][INFO] 2021-09-23 10:30:53,586: +PARAM [/move_group/planner_configs/BFMTkConfigDefault/balanced] by /roslaunch
[rosmaster.master][INFO] 2021-09-23 10:30:53,586: +PARAM [/move_group/planner_configs/ProjESTkConfigDefault/range] by /roslaunch
[rosmaster.master][INFO] 2021-09-23 10:30:53,586: +PARAM [/move_group/octomap_resolution] by /roslaunch
[rosmaster.master][INFO] 2021-09-23 10:30:53,586: +PARAM [/move_group/planner_configs/STRIDEkConfigDefault/degree] by /roslaunch
[rosmaster.master][INFO] 2021-09-23 10:30:53,586: +PARAM [/move_group/planner_configs/KPIECEkConfigDefault/failed_expansion_score_factor] by /roslaunch
[rosmaster.master][INFO] 2021-09-23 10:30:53,586: +PARAM [/move_group/initial] by /roslaunch
[rosmaster.master][INFO] 2021-09-23 10:30:53,586: +PARAM [/move_group/planning_scene_monitor/publish_transforms_updates] by /roslaunch
[rosmaster.master][INFO] 2021-09-23 10:30:53,586: +PARAM [/move_group/planner_configs/SPARSkConfigDefault/type] by /roslaunch
[rosmaster.master][INFO] 2021-09-23 10:30:53,586: +PARAM [/move_group/planner_configs/TRRTkConfigDefault/init_temperature] by /roslaunch
[rosmaster.master][INFO] 2021-09-23 10:30:53,586: +PARAM [/move_group/sensors] by /roslaunch
[rosmaster.master][INFO] 2021-09-23 10:30:53,586: +PARAM [/robot_description_planning/joint_limits/panda_joint1/has_acceleration_limits] by /roslaunch
[rosmaster.master][INFO] 2021-09-23 10:30:53,587: +PARAM [/move_group/planner_configs/STRIDEkConfigDefault/type] by /roslaunch
[rosmaster.master][INFO] 2021-09-23 10:30:53,587: +PARAM [/move_group/planner_configs/TrajOptDefault/type] by /roslaunch
[rosmaster.master][INFO] 2021-09-23 10:30:53,587: +PARAM [/move_group/planner_configs/RRTstarkConfigDefault/delay_collision_checking] by /roslaunch
[rosmaster.master][INFO] 2021-09-23 10:30:53,587: +PARAM [/move_group/planner_configs/KPIECEkConfigDefault/type] by /roslaunch
[rosmaster.master][INFO] 2021-09-23 10:30:53,587: +PARAM [/robot_description_planning/joint_limits/panda_joint3/has_velocity_limits] by /roslaunch
[rosmaster.master][INFO] 2021-09-23 10:30:53,587: +PARAM [/robot_description_planning/joint_limits/panda_joint6/has_velocity_limits] by /roslaunch
[rosmaster.master][INFO] 2021-09-23 10:30:53,587: +PARAM [/move_group/planner_configs/BiTRRTkConfigDefault/type] by /roslaunch
[rosmaster.master][INFO] 2021-09-23 10:30:53,587: +PARAM [/robot_description_planning/joint_limits/panda_finger_joint2/max_velocity] by /roslaunch
[rosmaster.master][INFO] 2021-09-23 10:30:53,587: +PARAM [/move_group/planner_configs/RRTConnectkConfigDefault/type] by /roslaunch
[rosmaster.master][INFO] 2021-09-23 10:30:53,587: +PARAM [/move_group/planner_configs/SPARSkConfigDefault/dense_delta_fraction] by /roslaunch
[rosmaster.master][INFO] 2021-09-23 10:30:53,587: +PARAM [/move_group/planner_configs/LBTRRTkConfigDefault/goal_bias] by /roslaunch
[rosmaster.master][INFO] 2021-09-23 10:30:53,587: +PARAM [/robot_description_planning/joint_limits/panda_finger_joint1/max_acceleration] by /roslaunch
[rosmaster.master][INFO] 2021-09-23 10:30:53,587: +PARAM [/move_group/planner_configs/BKPIECEkConfigDefault/failed_expansion_score_factor] by /roslaunch
[rosmaster.master][INFO] 2021-09-23 10:30:53,587: +PARAM [/move_group/planner_configs/LBKPIECEkConfigDefault/min_valid_path_fraction] by /roslaunch
[rosmaster.master][INFO] 2021-09-23 10:30:53,587: +PARAM [/rosversion] by /roslaunch
[rosmaster.master][INFO] 2021-09-23 10:30:53,587: +PARAM [/move_group/planner_configs/BiESTkConfigDefault/type] by /roslaunch
[rosmaster.master][INFO] 2021-09-23 10:30:53,587: +PARAM [/robot_description_planning/joint_limits/panda_joint2/has_velocity_limits] by /roslaunch
[rosmaster.master][INFO] 2021-09-23 10:30:53,587: +PARAM [/move_group/planner_configs/STRIDEkConfigDefault/estimated_dimension] by /roslaunch
[rosmaster.master][INFO] 2021-09-23 10:30:53,587: +PARAM [/move_group/planner_configs/STRIDEkConfigDefault/use_projected_distance] by /roslaunch
[rosmaster.master][INFO] 2021-09-23 10:30:53,587: +PARAM [/move_group/planner_configs/TRRTkConfigDefault/k_constant] by /roslaunch
[rosmaster.master][INFO] 2021-09-23 10:30:53,587: +PARAM [/move_group/planner_configs/FMTkConfigDefault/num_samples] by /roslaunch
[rosmaster.master][INFO] 2021-09-23 10:30:53,587: +PARAM [/move_group/planner_configs/LBKPIECEkConfigDefault/type] by /roslaunch
[rosmaster.master][INFO] 2021-09-23 10:30:53,587: +PARAM [/move_group/planner_configs/BFMTkConfigDefault/extended_fmt] by /roslaunch
[rosmaster.master][INFO] 2021-09-23 10:30:53,588: +PARAM [/robot_description_planning/joint_limits/panda_joint4/max_velocity] by /roslaunch
[rosmaster.master][INFO] 2021-09-23 10:30:53,588: +PARAM [/robot_description_planning/joint_limits/panda_joint4/has_acceleration_limits] by /roslaunch
[rosmaster.master][INFO] 2021-09-23 10:30:53,588: +PARAM [/move_group/planner_configs/SPARStwokConfigDefault/type] by /roslaunch
[rosmaster.master][INFO] 2021-09-23 10:30:53,588: +PARAM [/rviz_wng_25364_2557255652785865797/panda_arm/kinematics_solver_search_resolution] by /roslaunch
[rosmaster.master][INFO] 2021-09-23 10:30:53,588: +PARAM [/move_group/planner_configs/RRTkConfigDefault/type] by /roslaunch
[rosmaster.master][INFO] 2021-09-23 10:30:53,588: +PARAM [/source_list] by /roslaunch
[rosmaster.master][INFO] 2021-09-23 10:30:53,604: +PUB [/rosout] /joint_state_desired_publisher http://wng:33283/
[rosmaster.master][INFO] 2021-09-23 10:30:53,605: +SERVICE [/joint_state_desired_publisher/get_loggers] /joint_state_desired_publisher http://wng:33283/
[rosmaster.master][INFO] 2021-09-23 10:30:53,605: +SERVICE [/joint_state_desired_publisher/set_logger_level] /joint_state_desired_publisher http://wng:33283/
[rosmaster.master][INFO] 2021-09-23 10:30:53,607: +SUB [/joint_states] /joint_state_desired_publisher http://wng:33283/
[rosmaster.master][INFO] 2021-09-23 10:30:53,612: +PUB [/rosout] /robot_state_publisher http://wng:39527/
[rosmaster.master][INFO] 2021-09-23 10:30:53,612: +SERVICE [/robot_state_publisher/get_loggers] /robot_state_publisher http://wng:39527/
[rosmaster.master][INFO] 2021-09-23 10:30:53,612: +SERVICE [/robot_state_publisher/set_logger_level] /robot_state_publisher http://wng:39527/
[rosmaster.master][INFO] 2021-09-23 10:30:53,614: +PUB [/tf] /robot_state_publisher http://wng:39527/
[rosmaster.master][INFO] 2021-09-23 10:30:53,614: +PUB [/tf_static] /robot_state_publisher http://wng:39527/
[rosmaster.master][INFO] 2021-09-23 10:30:53,616: +SUB [/joint_states] /robot_state_publisher http://wng:39527/
[rosmaster.master][INFO] 2021-09-23 10:30:53,628: publisherUpdate[/rosout] -> http://wng:41465/ ['http://wng:33283/']
[rosmaster.master][INFO] 2021-09-23 10:30:53,629: publisherUpdate[/rosout] -> http://wng:41465/ ['http://wng:33283/']: sec=0.00, result=[1, '', 0]
[rosmaster.master][INFO] 2021-09-23 10:30:53,629: publisherUpdate[/rosout] -> http://wng:41465/ ['http://wng:33283/', 'http://wng:39527/']
[rosmaster.master][INFO] 2021-09-23 10:30:53,630: publisherUpdate[/rosout] -> http://wng:41465/ ['http://wng:33283/', 'http://wng:39527/']: sec=0.00, result=[1, '', 0]
[rosmaster.master][INFO] 2021-09-23 10:30:53,647: +PUB [/rosout] /move_group http://wng:35313/
[rosmaster.master][INFO] 2021-09-23 10:30:53,647: +SERVICE [/move_group/get_loggers] /move_group http://wng:35313/
[rosmaster.master][INFO] 2021-09-23 10:30:53,647: +SERVICE [/move_group/set_logger_level] /move_group http://wng:35313/
[rosmaster.master][INFO] 2021-09-23 10:30:53,648: +SUB [/tf] /move_group http://wng:35313/
[rosmaster.master][INFO] 2021-09-23 10:30:53,649: +SUB [/tf_static] /move_group http://wng:35313/
[rosmaster.master][INFO] 2021-09-23 10:30:53,652: +CACHEDPARAM [/rosout_disable_topics_generation] by /move_group
[rosmaster.master][INFO] 2021-09-23 10:30:53,699: +SERVICE [/move_group/planning_scene_monitor/set_parameters] /move_group http://wng:35313/
[rosmaster.master][INFO] 2021-09-23 10:30:53,699: +PUB [/move_group/planning_scene_monitor/parameter_descriptions] /move_group http://wng:35313/
[rosmaster.master][INFO] 2021-09-23 10:30:53,699: +PUB [/move_group/planning_scene_monitor/parameter_updates] /move_group http://wng:35313/
[rosmaster.master][INFO] 2021-09-23 10:30:53,700: +PARAM [/move_group/planning_scene_monitor/publish_planning_scene] by /move_group
[rosmaster.master][INFO] 2021-09-23 10:30:53,701: +PARAM [/move_group/planning_scene_monitor/publish_planning_scene_hz] by /move_group
[rosmaster.master][INFO] 2021-09-23 10:30:53,701: +PARAM [/move_group/planning_scene_monitor/publish_geometry_updates] by /move_group
[rosmaster.master][INFO] 2021-09-23 10:30:53,701: +PARAM [/move_group/planning_scene_monitor/publish_state_updates] by /move_group
[rosmaster.master][INFO] 2021-09-23 10:30:53,701: +PARAM [/move_group/planning_scene_monitor/publish_transforms_updates] by /move_group
[rosmaster.master][INFO] 2021-09-23 10:30:53,701: +PUB [/move_group/monitored_planning_scene] /move_group http://wng:35313/
[rosmaster.master][INFO] 2021-09-23 10:30:53,702: +PARAM [/move_group/planning_scene_monitor/publish_planning_scene] by /move_group
[rosmaster.master][INFO] 2021-09-23 10:30:53,702: +PARAM [/move_group/planning_scene_monitor/publish_planning_scene_hz] by /move_group
[rosmaster.master][INFO] 2021-09-23 10:30:53,702: +PARAM [/move_group/planning_scene_monitor/publish_geometry_updates] by /move_group
[rosmaster.master][INFO] 2021-09-23 10:30:53,702: +PARAM [/move_group/planning_scene_monitor/publish_state_updates] by /move_group
[rosmaster.master][INFO] 2021-09-23 10:30:53,702: +PARAM [/move_group/planning_scene_monitor/publish_transforms_updates] by /move_group
[rosmaster.master][INFO] 2021-09-23 10:30:53,703: +SUB [/planning_scene] /move_group http://wng:35313/
[rosmaster.master][INFO] 2021-09-23 10:30:53,704: +SUB [/collision_object] /move_group http://wng:35313/
[rosmaster.master][INFO] 2021-09-23 10:30:53,705: +SUB [/planning_scene_world] /move_group http://wng:35313/
[rosmaster.master][INFO] 2021-09-23 10:30:53,709: +PUB [/move_group/filtered_cloud] /move_group http://wng:35313/
[rosmaster.master][INFO] 2021-09-23 10:30:53,709: +SERVICE [/move_group/save_map] /move_group http://wng:35313/
[rosmaster.master][INFO] 2021-09-23 10:30:53,709: +SERVICE [/move_group/load_map] /move_group http://wng:35313/
[rosmaster.master][INFO] 2021-09-23 10:30:53,711: +PUB [/rosout] /rviz_wng_25364_2557255652785865797 http://wng:36927/
[rosmaster.master][INFO] 2021-09-23 10:30:53,711: +SERVICE [/rviz_wng_25364_2557255652785865797/get_loggers] /rviz_wng_25364_2557255652785865797 http://wng:36927/
[rosmaster.master][INFO] 2021-09-23 10:30:53,711: +SERVICE [/rviz_wng_25364_2557255652785865797/set_logger_level] /rviz_wng_25364_2557255652785865797 http://wng:36927/
[rosmaster.master][INFO] 2021-09-23 10:30:53,712: +CACHEDPARAM [/rosout_disable_topics_generation] by /rviz_wng_25364_2557255652785865797
[rosmaster.master][INFO] 2021-09-23 10:30:53,713: +SUB [/camera/depth_registered/points] /move_group http://wng:35313/
[rosmaster.master][INFO] 2021-09-23 10:30:53,714: +SUB [/joint_states_desired] /move_group http://wng:35313/
[rosmaster.master][INFO] 2021-09-23 10:30:53,716: +SUB [/attached_collision_object] /move_group http://wng:35313/
[rosmaster.master][INFO] 2021-09-23 10:30:53,728: publisherUpdate[/rosout] -> http://wng:41465/ ['http://wng:33283/', 'http://wng:39527/', 'http://wng:35313/']
[rosmaster.master][INFO] 2021-09-23 10:30:53,729: publisherUpdate[/rosout] -> http://wng:41465/ ['http://wng:33283/', 'http://wng:39527/', 'http://wng:35313/']: sec=0.00, result=[1, '', 0]
[rosmaster.master][INFO] 2021-09-23 10:30:53,729: publisherUpdate[/rosout] -> http://wng:41465/ ['http://wng:33283/', 'http://wng:39527/', 'http://wng:35313/', 'http://wng:36927/']
[rosmaster.master][INFO] 2021-09-23 10:30:53,730: publisherUpdate[/rosout] -> http://wng:41465/ ['http://wng:33283/', 'http://wng:39527/', 'http://wng:35313/', 'http://wng:36927/']: sec=0.00, result=[1, '', 0]
[rosmaster.master][INFO] 2021-09-23 10:30:53,754: +SERVICE [/move_group/ompl/set_parameters] /move_group http://wng:35313/
[rosmaster.master][INFO] 2021-09-23 10:30:53,754: +PUB [/move_group/ompl/parameter_descriptions] /move_group http://wng:35313/
[rosmaster.master][INFO] 2021-09-23 10:30:53,754: +PUB [/move_group/ompl/parameter_updates] /move_group http://wng:35313/
[rosmaster.master][INFO] 2021-09-23 10:30:53,755: +PARAM [/move_group/ompl/simplify_solutions] by /move_group
[rosmaster.master][INFO] 2021-09-23 10:30:53,755: +PARAM [/move_group/ompl/minimum_waypoint_count] by /move_group
[rosmaster.master][INFO] 2021-09-23 10:30:53,756: +PARAM [/move_group/ompl/maximum_waypoint_distance] by /move_group
[rosmaster.master][INFO] 2021-09-23 10:30:53,756: +PARAM [/move_group/ompl/link_for_exploration_tree] by /move_group
[rosmaster.master][INFO] 2021-09-23 10:30:53,756: +PARAM [/move_group/ompl/display_random_valid_states] by /move_group
[rosmaster.master][INFO] 2021-09-23 10:30:53,756: +PARAM [/move_group/ompl/simplify_solutions] by /move_group
[rosmaster.master][INFO] 2021-09-23 10:30:53,756: +PARAM [/move_group/ompl/minimum_waypoint_count] by /move_group
[rosmaster.master][INFO] 2021-09-23 10:30:53,757: +PARAM [/move_group/ompl/maximum_waypoint_distance] by /move_group
[rosmaster.master][INFO] 2021-09-23 10:30:53,757: +PARAM [/move_group/ompl/link_for_exploration_tree] by /move_group
[rosmaster.master][INFO] 2021-09-23 10:30:53,757: +PARAM [/move_group/ompl/display_random_valid_states] by /move_group
[rosmaster.master][INFO] 2021-09-23 10:30:53,760: +PUB [/move_group/display_planned_path] /move_group http://wng:35313/
[rosmaster.master][INFO] 2021-09-23 10:30:53,760: +PUB [/move_group/display_contacts] /move_group http://wng:35313/
[rosmaster.master][INFO] 2021-09-23 10:30:53,764: +PUB [/move_group/fake_controller_joint_states] /move_group http://wng:35313/
[rosmaster.master][INFO] 2021-09-23 10:30:53,789: +SUB [/trajectory_execution_event] /move_group http://wng:35313/
[rosmaster.master][INFO] 2021-09-23 10:30:53,789: +SERVICE [/move_group/trajectory_execution/set_parameters] /move_group http://wng:35313/
[rosmaster.master][INFO] 2021-09-23 10:30:53,789: +PUB [/move_group/trajectory_execution/parameter_descriptions] /move_group http://wng:35313/
[rosmaster.master][INFO] 2021-09-23 10:30:53,790: +PUB [/move_group/trajectory_execution/parameter_updates] /move_group http://wng:35313/
[rosmaster.master][INFO] 2021-09-23 10:30:53,791: +PARAM [/move_group/trajectory_execution/execution_duration_monitoring] by /move_group
[rosmaster.master][INFO] 2021-09-23 10:30:53,791: +PARAM [/move_group/trajectory_execution/allowed_execution_duration_scaling] by /move_group
[rosmaster.master][INFO] 2021-09-23 10:30:53,791: +PARAM [/move_group/trajectory_execution/allowed_goal_duration_margin] by /move_group
[rosmaster.master][INFO] 2021-09-23 10:30:53,792: +PARAM [/move_group/trajectory_execution/execution_velocity_scaling] by /move_group
[rosmaster.master][INFO] 2021-09-23 10:30:53,792: +PARAM [/move_group/trajectory_execution/allowed_start_tolerance] by /move_group
[rosmaster.master][INFO] 2021-09-23 10:30:53,792: +PARAM [/move_group/trajectory_execution/wait_for_trajectory_completion] by /move_group
[rosmaster.master][INFO] 2021-09-23 10:30:53,792: +PARAM [/move_group/trajectory_execution/execution_duration_monitoring] by /move_group
[rosmaster.master][INFO] 2021-09-23 10:30:53,792: +PARAM [/move_group/trajectory_execution/allowed_execution_duration_scaling] by /move_group
[rosmaster.master][INFO] 2021-09-23 10:30:53,793: +PARAM [/move_group/trajectory_execution/allowed_goal_duration_margin] by /move_group
[rosmaster.master][INFO] 2021-09-23 10:30:53,793: +PARAM [/move_group/trajectory_execution/execution_velocity_scaling] by /move_group
[rosmaster.master][INFO] 2021-09-23 10:30:53,793: +PARAM [/move_group/trajectory_execution/allowed_start_tolerance] by /move_group
[rosmaster.master][INFO] 2021-09-23 10:30:53,793: +PARAM [/move_group/trajectory_execution/wait_for_trajectory_completion] by /move_group
[rosmaster.master][INFO] 2021-09-23 10:30:53,794: +SERVICE [/move_group/plan_execution/set_parameters] /move_group http://wng:35313/
[rosmaster.master][INFO] 2021-09-23 10:30:53,794: +PUB [/move_group/plan_execution/parameter_descriptions] /move_group http://wng:35313/
[rosmaster.master][INFO] 2021-09-23 10:30:53,794: +PUB [/move_group/plan_execution/parameter_updates] /move_group http://wng:35313/
[rosmaster.master][INFO] 2021-09-23 10:30:53,795: +PARAM [/move_group/plan_execution/max_replan_attempts] by /move_group
[rosmaster.master][INFO] 2021-09-23 10:30:53,795: +PARAM [/move_group/plan_execution/record_trajectory_state_frequency] by /move_group
[rosmaster.master][INFO] 2021-09-23 10:30:53,795: +PARAM [/move_group/plan_execution/max_replan_attempts] by /move_group
[rosmaster.master][INFO] 2021-09-23 10:30:53,795: +PARAM [/move_group/plan_execution/record_trajectory_state_frequency] by /move_group
[rosmaster.master][INFO] 2021-09-23 10:30:53,796: +SERVICE [/move_group/sense_for_plan/set_parameters] /move_group http://wng:35313/
[rosmaster.master][INFO] 2021-09-23 10:30:53,796: +PUB [/move_group/sense_for_plan/parameter_descriptions] /move_group http://wng:35313/
[rosmaster.master][INFO] 2021-09-23 10:30:53,796: +PUB [/move_group/sense_for_plan/parameter_updates] /move_group http://wng:35313/
[rosmaster.master][INFO] 2021-09-23 10:30:53,797: +PARAM [/move_group/sense_for_plan/max_safe_path_cost] by /move_group
[rosmaster.master][INFO] 2021-09-23 10:30:53,797: +PARAM [/move_group/sense_for_plan/max_look_attempts] by /move_group
[rosmaster.master][INFO] 2021-09-23 10:30:53,797: +PARAM [/move_group/sense_for_plan/max_cost_sources] by /move_group
[rosmaster.master][INFO] 2021-09-23 10:30:53,797: +PARAM [/move_group/sense_for_plan/discard_overlapping_cost_sources] by /move_group
[rosmaster.master][INFO] 2021-09-23 10:30:53,798: +PARAM [/move_group/sense_for_plan/max_safe_path_cost] by /move_group
[rosmaster.master][INFO] 2021-09-23 10:30:53,798: +PARAM [/move_group/sense_for_plan/max_look_attempts] by /move_group
[rosmaster.master][INFO] 2021-09-23 10:30:53,798: +PARAM [/move_group/sense_for_plan/max_cost_sources] by /move_group
[rosmaster.master][INFO] 2021-09-23 10:30:53,798: +PARAM [/move_group/sense_for_plan/discard_overlapping_cost_sources] by /move_group
[rosmaster.master][INFO] 2021-09-23 10:30:53,798: +PUB [/move_group/display_cost_sources] /move_group http://wng:35313/
[rosmaster.master][INFO] 2021-09-23 10:30:53,799: +PUB [/move_group/motion_plan_request] /move_group http://wng:35313/
[rosmaster.master][INFO] 2021-09-23 10:30:53,802: +SERVICE [/apply_planning_scene] /move_group http://wng:35313/
[rosmaster.master][INFO] 2021-09-23 10:30:53,802: +SERVICE [/clear_octomap] /move_group http://wng:35313/
[rosmaster.master][INFO] 2021-09-23 10:30:53,803: +SERVICE [/compute_cartesian_path] /move_group http://wng:35313/
[rosmaster.master][INFO] 2021-09-23 10:30:53,803: +PUB [/execute_trajectory/result] /move_group http://wng:35313/
[rosmaster.master][INFO] 2021-09-23 10:30:53,803: +PUB [/execute_trajectory/feedback] /move_group http://wng:35313/
[rosmaster.master][INFO] 2021-09-23 10:30:53,804: +PUB [/execute_trajectory/status] /move_group http://wng:35313/
[rosmaster.master][INFO] 2021-09-23 10:30:53,805: +SUB [/execute_trajectory/goal] /move_group http://wng:35313/
[rosmaster.master][INFO] 2021-09-23 10:30:53,806: +SUB [/execute_trajectory/cancel] /move_group http://wng:35313/
[rosmaster.master][INFO] 2021-09-23 10:30:53,806: +SERVICE [/get_planning_scene] /move_group http://wng:35313/
[rosmaster.master][INFO] 2021-09-23 10:30:53,807: +SERVICE [/compute_fk] /move_group http://wng:35313/
[rosmaster.master][INFO] 2021-09-23 10:30:53,807: +SERVICE [/compute_ik] /move_group http://wng:35313/
[rosmaster.master][INFO] 2021-09-23 10:30:53,807: +PUB [/move_group/result] /move_group http://wng:35313/
[rosmaster.master][INFO] 2021-09-23 10:30:53,808: +PUB [/move_group/feedback] /move_group http://wng:35313/
[rosmaster.master][INFO] 2021-09-23 10:30:53,808: +PUB [/move_group/status] /move_group http://wng:35313/
[rosmaster.master][INFO] 2021-09-23 10:30:53,809: +SUB [/move_group/goal] /move_group http://wng:35313/
[rosmaster.master][INFO] 2021-09-23 10:30:53,810: +SUB [/move_group/cancel] /move_group http://wng:35313/
[rosmaster.master][INFO] 2021-09-23 10:30:53,812: +PUB [/move_group/display_grasp_markers] /move_group http://wng:35313/
[rosmaster.master][INFO] 2021-09-23 10:30:53,813: +PUB [/pickup/result] /move_group http://wng:35313/
[rosmaster.master][INFO] 2021-09-23 10:30:53,813: +PUB [/pickup/feedback] /move_group http://wng:35313/
[rosmaster.master][INFO] 2021-09-23 10:30:53,813: +PUB [/pickup/status] /move_group http://wng:35313/
[rosmaster.master][INFO] 2021-09-23 10:30:53,815: +SUB [/pickup/goal] /move_group http://wng:35313/
[rosmaster.master][INFO] 2021-09-23 10:30:53,815: +SUB [/pickup/cancel] /move_group http://wng:35313/
[rosmaster.master][INFO] 2021-09-23 10:30:53,816: +PUB [/place/result] /move_group http://wng:35313/
[rosmaster.master][INFO] 2021-09-23 10:30:53,816: +PUB [/place/feedback] /move_group http://wng:35313/
[rosmaster.master][INFO] 2021-09-23 10:30:53,816: +PUB [/place/status] /move_group http://wng:35313/
[rosmaster.master][INFO] 2021-09-23 10:30:53,817: +SUB [/place/goal] /move_group http://wng:35313/
[rosmaster.master][INFO] 2021-09-23 10:30:53,818: +SUB [/place/cancel] /move_group http://wng:35313/
[rosmaster.master][INFO] 2021-09-23 10:30:53,818: +SERVICE [/plan_kinematic_path] /move_group http://wng:35313/
[rosmaster.master][INFO] 2021-09-23 10:30:53,819: +SERVICE [/query_planner_interface] /move_group http://wng:35313/
[rosmaster.master][INFO] 2021-09-23 10:30:53,819: +SERVICE [/get_planner_params] /move_group http://wng:35313/
[rosmaster.master][INFO] 2021-09-23 10:30:53,819: +SERVICE [/set_planner_params] /move_group http://wng:35313/
[rosmaster.master][INFO] 2021-09-23 10:30:53,819: +SERVICE [/check_state_validity] /move_group http://wng:35313/
[rosmaster.master][INFO] 2021-09-23 10:30:53,909: +PUB [/rosout] /joint_state_publisher http://wng:37643/
[rosmaster.master][INFO] 2021-09-23 10:30:53,911: +SERVICE [/joint_state_publisher/get_loggers] /joint_state_publisher http://wng:37643/
[rosmaster.master][INFO] 2021-09-23 10:30:53,912: +SERVICE [/joint_state_publisher/set_logger_level] /joint_state_publisher http://wng:37643/
[rosmaster.master][INFO] 2021-09-23 10:30:53,923: +SUB [/move_group/fake_controller_joint_states] /joint_state_publisher http://wng:37643/
[rosmaster.master][INFO] 2021-09-23 10:30:53,924: +PUB [/joint_states] /joint_state_publisher http://wng:37643/
[rosmaster.master][INFO] 2021-09-23 10:30:53,929: publisherUpdate[/rosout] -> http://wng:41465/ ['http://wng:33283/', 'http://wng:39527/', 'http://wng:35313/', 'http://wng:36927/', 'http://wng:37643/']
[rosmaster.master][INFO] 2021-09-23 10:30:53,930: publisherUpdate[/rosout] -> http://wng:41465/ ['http://wng:33283/', 'http://wng:39527/', 'http://wng:35313/', 'http://wng:36927/', 'http://wng:37643/']: sec=0.00, result=[1, '', 0]
[rosmaster.master][INFO] 2021-09-23 10:30:53,930: publisherUpdate[/joint_states] -> http://wng:33283/ ['http://wng:37643/']
[rosmaster.master][INFO] 2021-09-23 10:30:53,930: publisherUpdate[/joint_states] -> http://wng:39527/ ['http://wng:37643/']
[rosmaster.master][INFO] 2021-09-23 10:30:53,930: publisherUpdate[/joint_states] -> http://wng:33283/ ['http://wng:37643/']: sec=0.00, result=[1, '', 0]
[rosmaster.master][INFO] 2021-09-23 10:30:53,930: publisherUpdate[/joint_states] -> http://wng:39527/ ['http://wng:37643/']: sec=0.00, result=[1, '', 0]
[rosmaster.master][INFO] 2021-09-23 10:30:54,030: +CACHEDPARAM [/rosout/omit_topics] by /rosout
[rosmaster.master][INFO] 2021-09-23 10:30:54,150: +SUB [/tf] /rviz_wng_25364_2557255652785865797 http://wng:36927/
[rosmaster.master][INFO] 2021-09-23 10:30:54,151: +SUB [/tf_static] /rviz_wng_25364_2557255652785865797 http://wng:36927/
[rosmaster.master][INFO] 2021-09-23 10:30:54,172: +PUB [/initialpose] /rviz_wng_25364_2557255652785865797 http://wng:36927/
[rosmaster.master][INFO] 2021-09-23 10:30:54,172: +PUB [/goal] /rviz_wng_25364_2557255652785865797 http://wng:36927/
[rosmaster.master][INFO] 2021-09-23 10:30:54,214: +SUB [/visualization_marker] /rviz_wng_25364_2557255652785865797 http://wng:36927/
[rosmaster.master][INFO] 2021-09-23 10:30:54,215: +SUB [/visualization_marker_array] /rviz_wng_25364_2557255652785865797 http://wng:36927/
[rosmaster.master][INFO] 2021-09-23 10:30:54,215: -SUB [/visualization_marker] /rviz_wng_25364_2557255652785865797 http://wng:36927/
[rosmaster.master][INFO] 2021-09-23 10:30:54,216: -SUB [/visualization_marker_array] /rviz_wng_25364_2557255652785865797 http://wng:36927/
[rosmaster.master][INFO] 2021-09-23 10:30:54,216: +SUB [/action] /rviz_wng_25364_2557255652785865797 http://wng:36927/
[rosmaster.master][INFO] 2021-09-23 10:30:54,217: +SUB [/action_array] /rviz_wng_25364_2557255652785865797 http://wng:36927/
[rosmaster.master][INFO] 2021-09-23 10:30:54,225: +PUB [/planning_scene] /rviz_wng_25364_2557255652785865797 http://wng:36927/
[rosmaster.master][INFO] 2021-09-23 10:30:54,226: +PUB [/planning_scene_world] /rviz_wng_25364_2557255652785865797 http://wng:36927/
[rosmaster.master][INFO] 2021-09-23 10:30:54,226: +PUB [/joint_states_desired] /joint_state_desired_publisher http://wng:33283/
[rosmaster.master][INFO] 2021-09-23 10:30:54,226: +CACHEDPARAM [/rosout_disable_topics_generation] by /joint_state_desired_publisher
[rosmaster.master][INFO] 2021-09-23 10:30:54,227: +SUB [/recognize_objects/status] /rviz_wng_25364_2557255652785865797 http://wng:36927/
[rosmaster.master][INFO] 2021-09-23 10:30:54,228: +SUB [/recognize_objects/feedback] /rviz_wng_25364_2557255652785865797 http://wng:36927/
[rosmaster.master][INFO] 2021-09-23 10:30:54,229: +SUB [/recognize_objects/result] /rviz_wng_25364_2557255652785865797 http://wng:36927/
[rosmaster.master][INFO] 2021-09-23 10:30:54,229: +PUB [/recognize_objects/goal] /rviz_wng_25364_2557255652785865797 http://wng:36927/
[rosmaster.master][INFO] 2021-09-23 10:30:54,229: +PUB [/recognize_objects/cancel] /rviz_wng_25364_2557255652785865797 http://wng:36927/
[rosmaster.master][INFO] 2021-09-23 10:30:54,230: +SUB [/recognized_object_array] /rviz_wng_25364_2557255652785865797 http://wng:36927/
[rosmaster.master][INFO] 2021-09-23 10:30:54,230: publisherUpdate[/planning_scene] -> http://wng:35313/ ['http://wng:36927/']
[rosmaster.master][INFO] 2021-09-23 10:30:54,231: publisherUpdate[/planning_scene] -> http://wng:35313/ ['http://wng:36927/']: sec=0.00, result=[1, '', 0]
[rosmaster.master][INFO] 2021-09-23 10:30:54,231: publisherUpdate[/planning_scene_world] -> http://wng:35313/ ['http://wng:36927/']
[rosmaster.master][INFO] 2021-09-23 10:30:54,231: publisherUpdate[/planning_scene_world] -> http://wng:35313/ ['http://wng:36927/']: sec=0.00, result=[1, '', 0]
[rosmaster.master][INFO] 2021-09-23 10:30:54,231: publisherUpdate[/joint_states_desired] -> http://wng:35313/ ['http://wng:33283/']
[rosmaster.master][INFO] 2021-09-23 10:30:54,232: publisherUpdate[/joint_states_desired] -> http://wng:35313/ ['http://wng:33283/']: sec=0.00, result=[1, '', 0]
[rosmaster.master][INFO] 2021-09-23 10:30:57,232: -SUB [/recognize_objects/status] /rviz_wng_25364_2557255652785865797 http://wng:36927/
[rosmaster.master][INFO] 2021-09-23 10:30:57,233: -PUB [/recognize_objects/cancel] /rviz_wng_25364_2557255652785865797 http://wng:36927/
[rosmaster.master][INFO] 2021-09-23 10:30:57,235: -PUB [/recognize_objects/goal] /rviz_wng_25364_2557255652785865797 http://wng:36927/
[rosmaster.master][INFO] 2021-09-23 10:30:57,236: -SUB [/recognize_objects/feedback] /rviz_wng_25364_2557255652785865797 http://wng:36927/
[rosmaster.master][INFO] 2021-09-23 10:30:57,237: -SUB [/recognize_objects/result] /rviz_wng_25364_2557255652785865797 http://wng:36927/
[rosmaster.master][INFO] 2021-09-23 10:30:57,262: +PUB [/feedback] /rviz_wng_25364_2557255652785865797 http://wng:36927/
[rosmaster.master][INFO] 2021-09-23 10:30:57,262: -PUB [/feedback] /rviz_wng_25364_2557255652785865797 http://wng:36927/
[rosmaster.master][INFO] 2021-09-23 10:30:57,262: +PUB [/feedback] /rviz_wng_25364_2557255652785865797 http://wng:36927/
[rosmaster.master][INFO] 2021-09-23 10:30:57,263: -PUB [/goal] /rviz_wng_25364_2557255652785865797 http://wng:36927/
[rosmaster.master][INFO] 2021-09-23 10:30:57,263: -PUB [/initialpose] /rviz_wng_25364_2557255652785865797 http://wng:36927/
[rosmaster.master][INFO] 2021-09-23 10:30:57,277: +SERVICE [/rviz_wng_25364_2557255652785865797/reload_shaders] /rviz_wng_25364_2557255652785865797 http://wng:36927/
[rosmaster.master][INFO] 2021-09-23 10:30:57,277: +SERVICE [/rviz_wng_25364_2557255652785865797/load_config] /rviz_wng_25364_2557255652785865797 http://wng:36927/
[rosmaster.master][INFO] 2021-09-23 10:30:57,278: +SERVICE [/rviz_wng_25364_2557255652785865797/save_config] /rviz_wng_25364_2557255652785865797 http://wng:36927/
[rosmaster.master][INFO] 2021-09-23 10:30:57,339: +SERVICE [/rviz_wng_25364_2557255652785865797/motionplanning_planning_scene_monitor/set_parameters] /rviz_wng_25364_2557255652785865797 http://wng:36927/
[rosmaster.master][INFO] 2021-09-23 10:30:57,339: +PUB [/rviz_wng_25364_2557255652785865797/motionplanning_planning_scene_monitor/parameter_descriptions] /rviz_wng_25364_2557255652785865797 http://wng:36927/
[rosmaster.master][INFO] 2021-09-23 10:30:57,339: +PUB [/rviz_wng_25364_2557255652785865797/motionplanning_planning_scene_monitor/parameter_updates] /rviz_wng_25364_2557255652785865797 http://wng:36927/
[rosmaster.master][INFO] 2021-09-23 10:30:57,340: +PARAM [/rviz_wng_25364_2557255652785865797/motionplanning_planning_scene_monitor/publish_planning_scene] by /rviz_wng_25364_2557255652785865797
[rosmaster.master][INFO] 2021-09-23 10:30:57,340: +PARAM [/rviz_wng_25364_2557255652785865797/motionplanning_planning_scene_monitor/publish_planning_scene_hz] by /rviz_wng_25364_2557255652785865797
[rosmaster.master][INFO] 2021-09-23 10:30:57,341: +PARAM [/rviz_wng_25364_2557255652785865797/motionplanning_planning_scene_monitor/publish_geometry_updates] by /rviz_wng_25364_2557255652785865797
[rosmaster.master][INFO] 2021-09-23 10:30:57,341: +PARAM [/rviz_wng_25364_2557255652785865797/motionplanning_planning_scene_monitor/publish_state_updates] by /rviz_wng_25364_2557255652785865797
[rosmaster.master][INFO] 2021-09-23 10:30:57,341: +PARAM [/rviz_wng_25364_2557255652785865797/motionplanning_planning_scene_monitor/publish_transforms_updates] by /rviz_wng_25364_2557255652785865797
[rosmaster.master][INFO] 2021-09-23 10:30:57,341: +PARAM [/rviz_wng_25364_2557255652785865797/motionplanning_planning_scene_monitor/publish_planning_scene] by /rviz_wng_25364_2557255652785865797
[rosmaster.master][INFO] 2021-09-23 10:30:57,341: +PARAM [/rviz_wng_25364_2557255652785865797/motionplanning_planning_scene_monitor/publish_planning_scene_hz] by /rviz_wng_25364_2557255652785865797
[rosmaster.master][INFO] 2021-09-23 10:30:57,342: +PARAM [/rviz_wng_25364_2557255652785865797/motionplanning_planning_scene_monitor/publish_geometry_updates] by /rviz_wng_25364_2557255652785865797
[rosmaster.master][INFO] 2021-09-23 10:30:57,342: +PARAM [/rviz_wng_25364_2557255652785865797/motionplanning_planning_scene_monitor/publish_state_updates] by /rviz_wng_25364_2557255652785865797
[rosmaster.master][INFO] 2021-09-23 10:30:57,342: +PARAM [/rviz_wng_25364_2557255652785865797/motionplanning_planning_scene_monitor/publish_transforms_updates] by /rviz_wng_25364_2557255652785865797
[rosmaster.master][INFO] 2021-09-23 10:30:57,373: +SUB [/move_group/monitored_planning_scene] /rviz_wng_25364_2557255652785865797 http://wng:36927/
[rosmaster.master][INFO] 2021-09-23 10:30:57,601: +SUB [/move_group/display_planned_path] /rviz_wng_25364_2557255652785865797 http://wng:36927/
[rosmaster.master][INFO] 2021-09-23 10:30:57,601: +PUB [/rviz_moveit_motion_planning_display/robot_interaction_interactive_marker_topic/update_full] /rviz_wng_25364_2557255652785865797 http://wng:36927/
[rosmaster.master][INFO] 2021-09-23 10:30:57,601: +PUB [/rviz_moveit_motion_planning_display/robot_interaction_interactive_marker_topic/update] /rviz_wng_25364_2557255652785865797 http://wng:36927/
[rosmaster.master][INFO] 2021-09-23 10:30:57,602: +SUB [/rviz_moveit_motion_planning_display/robot_interaction_interactive_marker_topic/feedback] /rviz_wng_25364_2557255652785865797 http://wng:36927/
[rosmaster.master][INFO] 2021-09-23 10:30:57,603: -PUB [/feedback] /rviz_wng_25364_2557255652785865797 http://wng:36927/
[rosmaster.master][INFO] 2021-09-23 10:30:57,604: +SUB [/rviz_moveit_motion_planning_display/robot_interaction_interactive_marker_topic/update] /rviz_wng_25364_2557255652785865797 http://wng:36927/
[rosmaster.master][INFO] 2021-09-23 10:30:57,604: +SUB [/rviz_moveit_motion_planning_display/robot_interaction_interactive_marker_topic/update_full] /rviz_wng_25364_2557255652785865797 http://wng:36927/
[rosmaster.master][INFO] 2021-09-23 10:30:57,605: +PUB [/rviz_moveit_motion_planning_display/robot_interaction_interactive_marker_topic/feedback] /rviz_wng_25364_2557255652785865797 http://wng:36927/
[rosmaster.master][INFO] 2021-09-23 10:30:57,611: +PUB [/trajectory_execution_event] /rviz_wng_25364_2557255652785865797 http://wng:36927/
[rosmaster.master][INFO] 2021-09-23 10:30:57,611: +PUB [/attached_collision_object] /rviz_wng_25364_2557255652785865797 http://wng:36927/
[rosmaster.master][INFO] 2021-09-23 10:30:57,613: +SUB [/move_group/status] /rviz_wng_25364_2557255652785865797 http://wng:36927/
[rosmaster.master][INFO] 2021-09-23 10:30:57,613: +SUB [/move_group/feedback] /rviz_wng_25364_2557255652785865797 http://wng:36927/
[rosmaster.master][INFO] 2021-09-23 10:30:57,614: +SUB [/move_group/result] /rviz_wng_25364_2557255652785865797 http://wng:36927/
[rosmaster.master][INFO] 2021-09-23 10:30:57,615: +PUB [/move_group/goal] /rviz_wng_25364_2557255652785865797 http://wng:36927/
[rosmaster.master][INFO] 2021-09-23 10:30:57,615: +PUB [/move_group/cancel] /rviz_wng_25364_2557255652785865797 http://wng:36927/
[rosmaster.master][INFO] 2021-09-23 10:30:57,637: publisherUpdate[/rviz_moveit_motion_planning_display/robot_interaction_interactive_marker_topic/feedback] -> http://wng:36927/ ['http://wng:36927/']
[rosmaster.master][INFO] 2021-09-23 10:30:57,637: publisherUpdate[/trajectory_execution_event] -> http://wng:35313/ ['http://wng:36927/']
[rosmaster.master][INFO] 2021-09-23 10:30:57,639: publisherUpdate[/rviz_moveit_motion_planning_display/robot_interaction_interactive_marker_topic/feedback] -> http://wng:36927/ ['http://wng:36927/']: sec=0.00, result=[1, '', 0]
[rosmaster.master][INFO] 2021-09-23 10:30:57,639: publisherUpdate[/trajectory_execution_event] -> http://wng:35313/ ['http://wng:36927/']: sec=0.00, result=[1, '', 0]
[rosmaster.master][INFO] 2021-09-23 10:30:57,639: publisherUpdate[/attached_collision_object] -> http://wng:35313/ ['http://wng:36927/']
[rosmaster.master][INFO] 2021-09-23 10:30:57,639: publisherUpdate[/attached_collision_object] -> http://wng:35313/ ['http://wng:36927/']: sec=0.00, result=[1, '', 0]
[rosmaster.master][INFO] 2021-09-23 10:30:57,640: publisherUpdate[/move_group/goal] -> http://wng:35313/ ['http://wng:36927/']
[rosmaster.master][INFO] 2021-09-23 10:30:57,640: publisherUpdate[/move_group/goal] -> http://wng:35313/ ['http://wng:36927/']: sec=0.00, result=[1, '', 0]
[rosmaster.master][INFO] 2021-09-23 10:30:57,640: publisherUpdate[/move_group/cancel] -> http://wng:35313/ ['http://wng:36927/']
[rosmaster.master][INFO] 2021-09-23 10:30:57,640: publisherUpdate[/move_group/cancel] -> http://wng:35313/ ['http://wng:36927/']: sec=0.00, result=[1, '', 0]
[rosmaster.master][INFO] 2021-09-23 10:30:57,745: +SUB [/pickup/status] /rviz_wng_25364_2557255652785865797 http://wng:36927/
[rosmaster.master][INFO] 2021-09-23 10:30:57,746: +SUB [/pickup/feedback] /rviz_wng_25364_2557255652785865797 http://wng:36927/
[rosmaster.master][INFO] 2021-09-23 10:30:57,747: +SUB [/pickup/result] /rviz_wng_25364_2557255652785865797 http://wng:36927/
[rosmaster.master][INFO] 2021-09-23 10:30:57,747: +PUB [/pickup/goal] /rviz_wng_25364_2557255652785865797 http://wng:36927/
[rosmaster.master][INFO] 2021-09-23 10:30:57,747: +PUB [/pickup/cancel] /rviz_wng_25364_2557255652785865797 http://wng:36927/
[rosmaster.master][INFO] 2021-09-23 10:30:57,839: publisherUpdate[/pickup/goal] -> http://wng:35313/ ['http://wng:36927/']
[rosmaster.master][INFO] 2021-09-23 10:30:57,840: publisherUpdate[/pickup/goal] -> http://wng:35313/ ['http://wng:36927/']: sec=0.00, result=[1, '', 0]
[rosmaster.master][INFO] 2021-09-23 10:30:57,840: publisherUpdate[/pickup/cancel] -> http://wng:35313/ ['http://wng:36927/']
[rosmaster.master][INFO] 2021-09-23 10:30:57,841: publisherUpdate[/pickup/cancel] -> http://wng:35313/ ['http://wng:36927/']: sec=0.00, result=[1, '', 0]
[rosmaster.master][INFO] 2021-09-23 10:30:58,044: +SUB [/place/status] /rviz_wng_25364_2557255652785865797 http://wng:36927/
[rosmaster.master][INFO] 2021-09-23 10:30:58,045: +SUB [/place/feedback] /rviz_wng_25364_2557255652785865797 http://wng:36927/
[rosmaster.master][INFO] 2021-09-23 10:30:58,046: +SUB [/place/result] /rviz_wng_25364_2557255652785865797 http://wng:36927/
[rosmaster.master][INFO] 2021-09-23 10:30:58,046: +PUB [/place/goal] /rviz_wng_25364_2557255652785865797 http://wng:36927/
[rosmaster.master][INFO] 2021-09-23 10:30:58,047: +PUB [/place/cancel] /rviz_wng_25364_2557255652785865797 http://wng:36927/
[rosmaster.master][INFO] 2021-09-23 10:30:58,109: -SUB [/rviz_moveit_motion_planning_display/robot_interaction_interactive_marker_topic/update_full] /rviz_wng_25364_2557255652785865797 http://wng:36927/
[rosmaster.master][INFO] 2021-09-23 10:30:58,140: publisherUpdate[/place/goal] -> http://wng:35313/ ['http://wng:36927/']
[rosmaster.master][INFO] 2021-09-23 10:30:58,141: publisherUpdate[/place/goal] -> http://wng:35313/ ['http://wng:36927/']: sec=0.00, result=[1, '', 0]
[rosmaster.master][INFO] 2021-09-23 10:30:58,141: publisherUpdate[/place/cancel] -> http://wng:35313/ ['http://wng:36927/']
[rosmaster.master][INFO] 2021-09-23 10:30:58,141: publisherUpdate[/place/cancel] -> http://wng:35313/ ['http://wng:36927/']: sec=0.00, result=[1, '', 0]
[rosmaster.master][INFO] 2021-09-23 10:30:58,344: +SUB [/execute_trajectory/status] /rviz_wng_25364_2557255652785865797 http://wng:36927/
[rosmaster.master][INFO] 2021-09-23 10:30:58,346: +SUB [/execute_trajectory/feedback] /rviz_wng_25364_2557255652785865797 http://wng:36927/
[rosmaster.master][INFO] 2021-09-23 10:30:58,347: +SUB [/execute_trajectory/result] /rviz_wng_25364_2557255652785865797 http://wng:36927/
[rosmaster.master][INFO] 2021-09-23 10:30:58,347: +PUB [/execute_trajectory/goal] /rviz_wng_25364_2557255652785865797 http://wng:36927/
[rosmaster.master][INFO] 2021-09-23 10:30:58,348: +PUB [/execute_trajectory/cancel] /rviz_wng_25364_2557255652785865797 http://wng:36927/
[rosmaster.master][INFO] 2021-09-23 10:30:58,441: publisherUpdate[/execute_trajectory/goal] -> http://wng:35313/ ['http://wng:36927/']
[rosmaster.master][INFO] 2021-09-23 10:30:58,442: publisherUpdate[/execute_trajectory/goal] -> http://wng:35313/ ['http://wng:36927/']: sec=0.00, result=[1, '', 0]
[rosmaster.master][INFO] 2021-09-23 10:30:58,442: publisherUpdate[/execute_trajectory/cancel] -> http://wng:35313/ ['http://wng:36927/']
[rosmaster.master][INFO] 2021-09-23 10:30:58,442: publisherUpdate[/execute_trajectory/cancel] -> http://wng:35313/ ['http://wng:36927/']: sec=0.00, result=[1, '', 0]
[rosmaster.master][INFO] 2021-09-23 10:31:00,196: +PUB [/rosout] /move_group_commander_wrappers_1632360660194614663 http://wng:34115/
[rosmaster.master][INFO] 2021-09-23 10:31:00,197: +SERVICE [/move_group_commander_wrappers_1632360660194614663/get_loggers] /move_group_commander_wrappers_1632360660194614663 http://wng:34115/
[rosmaster.master][INFO] 2021-09-23 10:31:00,197: +SERVICE [/move_group_commander_wrappers_1632360660194614663/set_logger_level] /move_group_commander_wrappers_1632360660194614663 http://wng:34115/
[rosmaster.master][INFO] 2021-09-23 10:31:00,244: publisherUpdate[/rosout] -> http://wng:41465/ ['http://wng:33283/', 'http://wng:39527/', 'http://wng:35313/', 'http://wng:36927/', 'http://wng:37643/', 'http://wng:34115/']
[rosmaster.master][INFO] 2021-09-23 10:31:00,245: publisherUpdate[/rosout] -> http://wng:41465/ ['http://wng:33283/', 'http://wng:39527/', 'http://wng:35313/', 'http://wng:36927/', 'http://wng:37643/', 'http://wng:34115/']: sec=0.00, result=[1, '', 0]
[rosmaster.master][INFO] 2021-09-23 10:31:00,323: +PUB [/rosout] /LowLevelMotion_25524_1632360660197 http://wng:35279/
[rosmaster.master][INFO] 2021-09-23 10:31:00,325: +SERVICE [/LowLevelMotion_25524_1632360660197/get_loggers] /LowLevelMotion_25524_1632360660197 http://wng:35279/
[rosmaster.master][INFO] 2021-09-23 10:31:00,326: +SERVICE [/LowLevelMotion_25524_1632360660197/set_logger_level] /LowLevelMotion_25524_1632360660197 http://wng:35279/
[rosmaster.master][INFO] 2021-09-23 10:31:00,328: +CACHEDPARAM [/rosout_disable_topics_generation] by /move_group_commander_wrappers_1632360660194614663
[rosmaster.master][INFO] 2021-09-23 10:31:00,345: publisherUpdate[/rosout] -> http://wng:41465/ ['http://wng:33283/', 'http://wng:39527/', 'http://wng:35313/', 'http://wng:36927/', 'http://wng:37643/', 'http://wng:34115/', 'http://wng:35279/']
[rosmaster.master][INFO] 2021-09-23 10:31:00,345: publisherUpdate[/rosout] -> http://wng:41465/ ['http://wng:33283/', 'http://wng:39527/', 'http://wng:35313/', 'http://wng:36927/', 'http://wng:37643/', 'http://wng:34115/', 'http://wng:35279/']: sec=0.00, result=[1, '', 0]
[rosmaster.master][INFO] 2021-09-23 10:31:00,371: +SUB [/tf] /move_group_commander_wrappers_1632360660194614663 http://wng:34115/
[rosmaster.master][INFO] 2021-09-23 10:31:00,372: +SUB [/tf_static] /move_group_commander_wrappers_1632360660194614663 http://wng:34115/
[rosmaster.master][INFO] 2021-09-23 10:31:00,372: +PUB [/planning_scene] /move_group_commander_wrappers_1632360660194614663 http://wng:34115/
[rosmaster.master][INFO] 2021-09-23 10:31:00,374: +PUB [/collision_object] /LowLevelMotion_25524_1632360660197 http://wng:35279/
[rosmaster.master][INFO] 2021-09-23 10:31:00,374: +PUB [/attached_collision_object] /LowLevelMotion_25524_1632360660197 http://wng:35279/
[rosmaster.master][INFO] 2021-09-23 10:31:00,375: +PUB [/trajectory_execution_event] /move_group_commander_wrappers_1632360660194614663 http://wng:34115/
[rosmaster.master][INFO] 2021-09-23 10:31:00,375: +PUB [/attached_collision_object] /move_group_commander_wrappers_1632360660194614663 http://wng:34115/
[rosmaster.master][INFO] 2021-09-23 10:31:00,376: +SUB [/move_group/status] /move_group_commander_wrappers_1632360660194614663 http://wng:34115/
[rosmaster.master][INFO] 2021-09-23 10:31:00,377: +SUB [/move_group/feedback] /move_group_commander_wrappers_1632360660194614663 http://wng:34115/
[rosmaster.master][INFO] 2021-09-23 10:31:00,378: +SUB [/move_group/result] /move_group_commander_wrappers_1632360660194614663 http://wng:34115/
[rosmaster.master][INFO] 2021-09-23 10:31:00,378: +PUB [/move_group/goal] /move_group_commander_wrappers_1632360660194614663 http://wng:34115/
[rosmaster.master][INFO] 2021-09-23 10:31:00,379: +PUB [/move_group/cancel] /move_group_commander_wrappers_1632360660194614663 http://wng:34115/
[rosmaster.master][INFO] 2021-09-23 10:31:00,445: publisherUpdate[/planning_scene] -> http://wng:35313/ ['http://wng:36927/', 'http://wng:34115/']
[rosmaster.master][INFO] 2021-09-23 10:31:00,446: publisherUpdate[/planning_scene] -> http://wng:35313/ ['http://wng:36927/', 'http://wng:34115/']: sec=0.00, result=[1, '', 0]
[rosmaster.master][INFO] 2021-09-23 10:31:00,446: publisherUpdate[/collision_object] -> http://wng:35313/ ['http://wng:35279/']
[rosmaster.master][INFO] 2021-09-23 10:31:00,446: publisherUpdate[/collision_object] -> http://wng:35313/ ['http://wng:35279/']: sec=0.00, result=[1, '', 0]
[rosmaster.master][INFO] 2021-09-23 10:31:00,446: publisherUpdate[/attached_collision_object] -> http://wng:35313/ ['http://wng:36927/', 'http://wng:35279/']
[rosmaster.master][INFO] 2021-09-23 10:31:00,446: publisherUpdate[/attached_collision_object] -> http://wng:35313/ ['http://wng:36927/', 'http://wng:35279/']: sec=0.00, result=[1, '', 0]
[rosmaster.master][INFO] 2021-09-23 10:31:00,446: publisherUpdate[/trajectory_execution_event] -> http://wng:35313/ ['http://wng:36927/', 'http://wng:34115/']
[rosmaster.master][INFO] 2021-09-23 10:31:00,447: publisherUpdate[/trajectory_execution_event] -> http://wng:35313/ ['http://wng:36927/', 'http://wng:34115/']: sec=0.00, result=[1, '', 0]
[rosmaster.master][INFO] 2021-09-23 10:31:00,447: publisherUpdate[/attached_collision_object] -> http://wng:35313/ ['http://wng:36927/', 'http://wng:35279/', 'http://wng:34115/']
[rosmaster.master][INFO] 2021-09-23 10:31:00,447: publisherUpdate[/attached_collision_object] -> http://wng:35313/ ['http://wng:36927/', 'http://wng:35279/', 'http://wng:34115/']: sec=0.00, result=[1, '', 0]
[rosmaster.master][INFO] 2021-09-23 10:31:00,447: publisherUpdate[/move_group/goal] -> http://wng:35313/ ['http://wng:36927/', 'http://wng:34115/']
[rosmaster.master][INFO] 2021-09-23 10:31:00,447: publisherUpdate[/move_group/goal] -> http://wng:35313/ ['http://wng:36927/', 'http://wng:34115/']: sec=0.00, result=[1, '', 0]
[rosmaster.master][INFO] 2021-09-23 10:31:00,447: publisherUpdate[/move_group/cancel] -> http://wng:35313/ ['http://wng:36927/', 'http://wng:34115/']
[rosmaster.master][INFO] 2021-09-23 10:31:00,447: publisherUpdate[/move_group/cancel] -> http://wng:35313/ ['http://wng:36927/', 'http://wng:34115/']: sec=0.00, result=[1, '', 0]
[rosmaster.master][INFO] 2021-09-23 10:31:00,653: +SUB [/pickup/status] /move_group_commander_wrappers_1632360660194614663 http://wng:34115/
[rosmaster.master][INFO] 2021-09-23 10:31:00,654: +SUB [/pickup/feedback] /move_group_commander_wrappers_1632360660194614663 http://wng:34115/
[rosmaster.master][INFO] 2021-09-23 10:31:00,656: +SUB [/pickup/result] /move_group_commander_wrappers_1632360660194614663 http://wng:34115/
[rosmaster.master][INFO] 2021-09-23 10:31:00,656: +PUB [/pickup/goal] /move_group_commander_wrappers_1632360660194614663 http://wng:34115/
[rosmaster.master][INFO] 2021-09-23 10:31:00,657: +PUB [/pickup/cancel] /move_group_commander_wrappers_1632360660194614663 http://wng:34115/
[rosmaster.master][INFO] 2021-09-23 10:31:00,746: publisherUpdate[/pickup/goal] -> http://wng:35313/ ['http://wng:36927/', 'http://wng:34115/']
[rosmaster.master][INFO] 2021-09-23 10:31:00,748: publisherUpdate[/pickup/goal] -> http://wng:35313/ ['http://wng:36927/', 'http://wng:34115/']: sec=0.00, result=[1, '', 0]
[rosmaster.master][INFO] 2021-09-23 10:31:00,748: publisherUpdate[/pickup/cancel] -> http://wng:35313/ ['http://wng:36927/', 'http://wng:34115/']
[rosmaster.master][INFO] 2021-09-23 10:31:00,749: publisherUpdate[/pickup/cancel] -> http://wng:35313/ ['http://wng:36927/', 'http://wng:34115/']: sec=0.00, result=[1, '', 0]
[rosmaster.master][INFO] 2021-09-23 10:31:00,976: +SUB [/place/status] /move_group_commander_wrappers_1632360660194614663 http://wng:34115/
[rosmaster.master][INFO] 2021-09-23 10:31:00,978: +SUB [/place/feedback] /move_group_commander_wrappers_1632360660194614663 http://wng:34115/
[rosmaster.master][INFO] 2021-09-23 10:31:00,979: +SUB [/place/result] /move_group_commander_wrappers_1632360660194614663 http://wng:34115/
[rosmaster.master][INFO] 2021-09-23 10:31:00,980: +PUB [/place/goal] /move_group_commander_wrappers_1632360660194614663 http://wng:34115/
[rosmaster.master][INFO] 2021-09-23 10:31:00,980: +PUB [/place/cancel] /move_group_commander_wrappers_1632360660194614663 http://wng:34115/
[rosmaster.master][INFO] 2021-09-23 10:31:01,047: publisherUpdate[/place/goal] -> http://wng:35313/ ['http://wng:36927/', 'http://wng:34115/']
[rosmaster.master][INFO] 2021-09-23 10:31:01,047: publisherUpdate[/place/goal] -> http://wng:35313/ ['http://wng:36927/', 'http://wng:34115/']: sec=0.00, result=[1, '', 0]
[rosmaster.master][INFO] 2021-09-23 10:31:01,047: publisherUpdate[/place/cancel] -> http://wng:35313/ ['http://wng:36927/', 'http://wng:34115/']
[rosmaster.master][INFO] 2021-09-23 10:31:01,048: publisherUpdate[/place/cancel] -> http://wng:35313/ ['http://wng:36927/', 'http://wng:34115/']: sec=0.00, result=[1, '', 0]
[rosmaster.master][INFO] 2021-09-23 10:31:01,251: +SUB [/execute_trajectory/status] /move_group_commander_wrappers_1632360660194614663 http://wng:34115/
[rosmaster.master][INFO] 2021-09-23 10:31:01,253: +SUB [/execute_trajectory/feedback] /move_group_commander_wrappers_1632360660194614663 http://wng:34115/
[rosmaster.master][INFO] 2021-09-23 10:31:01,254: +SUB [/execute_trajectory/result] /move_group_commander_wrappers_1632360660194614663 http://wng:34115/
[rosmaster.master][INFO] 2021-09-23 10:31:01,255: +PUB [/execute_trajectory/goal] /move_group_commander_wrappers_1632360660194614663 http://wng:34115/
[rosmaster.master][INFO] 2021-09-23 10:31:01,255: +PUB [/execute_trajectory/cancel] /move_group_commander_wrappers_1632360660194614663 http://wng:34115/
[rosmaster.master][INFO] 2021-09-23 10:31:01,349: publisherUpdate[/execute_trajectory/goal] -> http://wng:35313/ ['http://wng:36927/', 'http://wng:34115/']
[rosmaster.master][INFO] 2021-09-23 10:31:01,349: publisherUpdate[/execute_trajectory/goal] -> http://wng:35313/ ['http://wng:36927/', 'http://wng:34115/']: sec=0.00, result=[1, '', 0]
[rosmaster.master][INFO] 2021-09-23 10:31:01,349: publisherUpdate[/execute_trajectory/cancel] -> http://wng:35313/ ['http://wng:36927/', 'http://wng:34115/']
[rosmaster.master][INFO] 2021-09-23 10:31:01,350: publisherUpdate[/execute_trajectory/cancel] -> http://wng:35313/ ['http://wng:36927/', 'http://wng:34115/']: sec=0.00, result=[1, '', 0]
[rosmaster.master][INFO] 2021-09-23 10:31:33,778: -SUB [/move_group/fake_controller_joint_states] /joint_state_publisher http://wng:37643/
[rosmaster.master][INFO] 2021-09-23 10:31:33,778: -PUB [/joint_states] /joint_state_publisher http://wng:37643/
[rosmaster.master][INFO] 2021-09-23 10:31:33,778: -PUB [/rosout] /joint_state_publisher http://wng:37643/
[rosmaster.master][INFO] 2021-09-23 10:31:33,778: -SERVICE [/joint_state_publisher/get_loggers] /joint_state_publisher rosrpc://wng:40329
[rosmaster.master][INFO] 2021-09-23 10:31:33,778: -SERVICE [/joint_state_publisher/set_logger_level] /joint_state_publisher rosrpc://wng:40329
[rosmaster.master][INFO] 2021-09-23 10:31:33,804: publisherUpdate[/joint_states] -> http://wng:33283/ []
[rosmaster.master][INFO] 2021-09-23 10:31:33,804: publisherUpdate[/joint_states] -> http://wng:33283/ []: sec=0.00, result=[1, '', 0]
[rosmaster.master][INFO] 2021-09-23 10:31:33,804: publisherUpdate[/joint_states] -> http://wng:39527/ []
[rosmaster.master][INFO] 2021-09-23 10:31:33,804: publisherUpdate[/rosout] -> http://wng:41465/ ['http://wng:33283/', 'http://wng:39527/', 'http://wng:35313/', 'http://wng:36927/', 'http://wng:34115/', 'http://wng:35279/']
[rosmaster.master][INFO] 2021-09-23 10:31:33,805: publisherUpdate[/rosout] -> http://wng:41465/ ['http://wng:33283/', 'http://wng:39527/', 'http://wng:35313/', 'http://wng:36927/', 'http://wng:34115/', 'http://wng:35279/']: sec=0.00, result=[1, '', 0]
[rosmaster.master][INFO] 2021-09-23 10:31:33,805: publisherUpdate[/joint_states] -> http://wng:39527/ []: sec=0.00, result=[1, '', 0]
[rosmaster.master][INFO] 2021-09-23 10:31:33,865: -PUB [/rosout] /move_group http://wng:35313/
[rosmaster.master][INFO] 2021-09-23 10:31:33,866: -PUB [/move_group/planning_scene_monitor/parameter_descriptions] /move_group http://wng:35313/
[rosmaster.master][INFO] 2021-09-23 10:31:33,866: -PUB [/move_group/planning_scene_monitor/parameter_updates] /move_group http://wng:35313/
[rosmaster.master][INFO] 2021-09-23 10:31:33,866: -PUB [/move_group/monitored_planning_scene] /move_group http://wng:35313/
[rosmaster.master][INFO] 2021-09-23 10:31:33,866: -PUB [/move_group/filtered_cloud] /move_group http://wng:35313/
[rosmaster.master][INFO] 2021-09-23 10:31:33,867: -PUB [/move_group/ompl/parameter_descriptions] /move_group http://wng:35313/
[rosmaster.master][INFO] 2021-09-23 10:31:33,867: -PUB [/move_group/ompl/parameter_updates] /move_group http://wng:35313/
[rosmaster.master][INFO] 2021-09-23 10:31:33,867: -PUB [/move_group/display_planned_path] /move_group http://wng:35313/
[rosmaster.master][INFO] 2021-09-23 10:31:33,867: -PUB [/move_group/display_contacts] /move_group http://wng:35313/
[rosmaster.master][INFO] 2021-09-23 10:31:33,867: -PUB [/move_group/fake_controller_joint_states] /move_group http://wng:35313/
[rosmaster.master][INFO] 2021-09-23 10:31:33,868: -PUB [/move_group/trajectory_execution/parameter_descriptions] /move_group http://wng:35313/
[rosmaster.master][INFO] 2021-09-23 10:31:33,868: -PUB [/move_group/trajectory_execution/parameter_updates] /move_group http://wng:35313/
[rosmaster.master][INFO] 2021-09-23 10:31:33,868: -PUB [/move_group/plan_execution/parameter_descriptions] /move_group http://wng:35313/
[rosmaster.master][INFO] 2021-09-23 10:31:33,868: -PUB [/move_group/plan_execution/parameter_updates] /move_group http://wng:35313/
[rosmaster.master][INFO] 2021-09-23 10:31:33,868: -PUB [/move_group/sense_for_plan/parameter_descriptions] /move_group http://wng:35313/
[rosmaster.master][INFO] 2021-09-23 10:31:33,868: -PUB [/move_group/sense_for_plan/parameter_updates] /move_group http://wng:35313/
[rosmaster.master][INFO] 2021-09-23 10:31:33,869: -PUB [/move_group/display_cost_sources] /move_group http://wng:35313/
[rosmaster.master][INFO] 2021-09-23 10:31:33,869: -PUB [/move_group/motion_plan_request] /move_group http://wng:35313/
[rosmaster.master][INFO] 2021-09-23 10:31:33,869: -PUB [/execute_trajectory/result] /move_group http://wng:35313/
[rosmaster.master][INFO] 2021-09-23 10:31:33,869: -PUB [/execute_trajectory/feedback] /move_group http://wng:35313/
[rosmaster.master][INFO] 2021-09-23 10:31:33,870: -PUB [/execute_trajectory/status] /move_group http://wng:35313/
[rosmaster.master][INFO] 2021-09-23 10:31:33,870: -PUB [/move_group/result] /move_group http://wng:35313/
[rosmaster.master][INFO] 2021-09-23 10:31:33,870: -PUB [/move_group/feedback] /move_group http://wng:35313/
[rosmaster.master][INFO] 2021-09-23 10:31:33,870: -PUB [/move_group/status] /move_group http://wng:35313/
[rosmaster.master][INFO] 2021-09-23 10:31:33,870: -PUB [/move_group/display_grasp_markers] /move_group http://wng:35313/
[rosmaster.master][INFO] 2021-09-23 10:31:33,871: -PUB [/pickup/result] /move_group http://wng:35313/
[rosmaster.master][INFO] 2021-09-23 10:31:33,871: -PUB [/pickup/feedback] /move_group http://wng:35313/
[rosmaster.master][INFO] 2021-09-23 10:31:33,871: -PUB [/pickup/status] /move_group http://wng:35313/
[rosmaster.master][INFO] 2021-09-23 10:31:33,871: -PUB [/place/result] /move_group http://wng:35313/
[rosmaster.master][INFO] 2021-09-23 10:31:33,871: -PUB [/place/feedback] /move_group http://wng:35313/
[rosmaster.master][INFO] 2021-09-23 10:31:33,872: -PUB [/place/status] /move_group http://wng:35313/
[rosmaster.master][INFO] 2021-09-23 10:31:33,872: -SUB [/tf] /move_group http://wng:35313/
[rosmaster.master][INFO] 2021-09-23 10:31:33,872: -SUB [/tf_static] /move_group http://wng:35313/
[rosmaster.master][INFO] 2021-09-23 10:31:33,872: -SUB [/planning_scene] /move_group http://wng:35313/
[rosmaster.master][INFO] 2021-09-23 10:31:33,873: -SUB [/collision_object] /move_group http://wng:35313/
[rosmaster.master][INFO] 2021-09-23 10:31:33,873: -SUB [/planning_scene_world] /move_group http://wng:35313/
[rosmaster.master][INFO] 2021-09-23 10:31:33,873: -SUB [/camera/depth_registered/points] /move_group http://wng:35313/
[rosmaster.master][INFO] 2021-09-23 10:31:33,873: -SUB [/joint_states_desired] /move_group http://wng:35313/
[rosmaster.master][INFO] 2021-09-23 10:31:33,873: -SUB [/attached_collision_object] /move_group http://wng:35313/
[rosmaster.master][INFO] 2021-09-23 10:31:33,874: -SUB [/trajectory_execution_event] /move_group http://wng:35313/
[rosmaster.master][INFO] 2021-09-23 10:31:33,874: -SUB [/execute_trajectory/goal] /move_group http://wng:35313/
[rosmaster.master][INFO] 2021-09-23 10:31:33,874: -SUB [/execute_trajectory/cancel] /move_group http://wng:35313/
[rosmaster.master][INFO] 2021-09-23 10:31:33,874: -SUB [/move_group/goal] /move_group http://wng:35313/
[rosmaster.master][INFO] 2021-09-23 10:31:33,875: -SUB [/move_group/cancel] /move_group http://wng:35313/
[rosmaster.master][INFO] 2021-09-23 10:31:33,875: -SUB [/pickup/goal] /move_group http://wng:35313/
[rosmaster.master][INFO] 2021-09-23 10:31:33,875: -SUB [/pickup/cancel] /move_group http://wng:35313/
[rosmaster.master][INFO] 2021-09-23 10:31:33,875: -SUB [/place/goal] /move_group http://wng:35313/
[rosmaster.master][INFO] 2021-09-23 10:31:33,875: -SUB [/place/cancel] /move_group http://wng:35313/
[rosmaster.master][INFO] 2021-09-23 10:31:33,876: -SERVICE [/move_group/get_loggers] /move_group rosrpc://wng:50809
[rosmaster.master][INFO] 2021-09-23 10:31:33,876: -SERVICE [/move_group/set_logger_level] /move_group rosrpc://wng:50809
[rosmaster.master][INFO] 2021-09-23 10:31:33,876: -SERVICE [/move_group/planning_scene_monitor/set_parameters] /move_group rosrpc://wng:50809
[rosmaster.master][INFO] 2021-09-23 10:31:33,876: -SERVICE [/move_group/save_map] /move_group rosrpc://wng:50809
[rosmaster.master][INFO] 2021-09-23 10:31:33,876: -SERVICE [/move_group/load_map] /move_group rosrpc://wng:50809
[rosmaster.master][INFO] 2021-09-23 10:31:33,877: -SERVICE [/move_group/ompl/set_parameters] /move_group rosrpc://wng:50809
[rosmaster.master][INFO] 2021-09-23 10:31:33,877: -SERVICE [/move_group/trajectory_execution/set_parameters] /move_group rosrpc://wng:50809
[rosmaster.master][INFO] 2021-09-23 10:31:33,877: -SERVICE [/move_group/plan_execution/set_parameters] /move_group rosrpc://wng:50809
[rosmaster.master][INFO] 2021-09-23 10:31:33,877: -SERVICE [/move_group/sense_for_plan/set_parameters] /move_group rosrpc://wng:50809
[rosmaster.master][INFO] 2021-09-23 10:31:33,877: -SERVICE [/apply_planning_scene] /move_group rosrpc://wng:50809
[rosmaster.master][INFO] 2021-09-23 10:31:33,878: -SERVICE [/clear_octomap] /move_group rosrpc://wng:50809
[rosmaster.master][INFO] 2021-09-23 10:31:33,878: -SERVICE [/compute_cartesian_path] /move_group rosrpc://wng:50809
[rosmaster.master][INFO] 2021-09-23 10:31:33,878: -SERVICE [/get_planning_scene] /move_group rosrpc://wng:50809
[rosmaster.master][INFO] 2021-09-23 10:31:33,878: -SERVICE [/compute_fk] /move_group rosrpc://wng:50809
[rosmaster.master][INFO] 2021-09-23 10:31:33,879: -SERVICE [/compute_ik] /move_group rosrpc://wng:50809
[rosmaster.master][INFO] 2021-09-23 10:31:33,879: -SERVICE [/plan_kinematic_path] /move_group rosrpc://wng:50809
[rosmaster.master][INFO] 2021-09-23 10:31:33,879: -SERVICE [/query_planner_interface] /move_group rosrpc://wng:50809
[rosmaster.master][INFO] 2021-09-23 10:31:33,879: -SERVICE [/get_planner_params] /move_group rosrpc://wng:50809
[rosmaster.master][INFO] 2021-09-23 10:31:33,880: -SERVICE [/set_planner_params] /move_group rosrpc://wng:50809
[rosmaster.master][INFO] 2021-09-23 10:31:33,880: -SERVICE [/check_state_validity] /move_group rosrpc://wng:50809
[rosmaster.master][INFO] 2021-09-23 10:31:33,881: -CACHEDPARAM [/rosout_disable_topics_generation] by /move_group
[rosmaster.master][INFO] 2021-09-23 10:31:33,904: -PUB [/rosout] /joint_state_desired_publisher http://wng:33283/
[rosmaster.master][INFO] 2021-09-23 10:31:33,905: -PUB [/joint_states_desired] /joint_state_desired_publisher http://wng:33283/
[rosmaster.master][INFO] 2021-09-23 10:31:33,905: -PUB [/rosout] /robot_state_publisher http://wng:39527/
[rosmaster.master][INFO] 2021-09-23 10:31:33,905: publisherUpdate[/rosout] -> http://wng:41465/ ['http://wng:33283/', 'http://wng:39527/', 'http://wng:36927/', 'http://wng:34115/', 'http://wng:35279/']
[rosmaster.master][INFO] 2021-09-23 10:31:33,905: -SUB [/joint_states] /joint_state_desired_publisher http://wng:33283/
[rosmaster.master][INFO] 2021-09-23 10:31:33,905: publisherUpdate[/move_group/monitored_planning_scene] -> http://wng:36927/ []
[rosmaster.master][INFO] 2021-09-23 10:31:33,906: publisherUpdate[/rosout] -> http://wng:41465/ ['http://wng:33283/', 'http://wng:39527/', 'http://wng:36927/', 'http://wng:34115/', 'http://wng:35279/']: sec=0.00, result=[1, '', 0]
[rosmaster.master][INFO] 2021-09-23 10:31:33,906: -PUB [/tf] /robot_state_publisher http://wng:39527/
[rosmaster.master][INFO] 2021-09-23 10:31:33,906: publisherUpdate[/execute_trajectory/result] -> http://wng:34115/ []
[rosmaster.master][INFO] 2021-09-23 10:31:33,906: publisherUpdate[/move_group/monitored_planning_scene] -> http://wng:36927/ []: sec=0.00, result=[0, 'Unknown Error', 0]
[rosmaster.master][INFO] 2021-09-23 10:31:33,907: -SERVICE [/joint_state_desired_publisher/get_loggers] /joint_state_desired_publisher rosrpc://wng:39269
[rosmaster.master][INFO] 2021-09-23 10:31:33,907: publisherUpdate[/move_group/display_planned_path] -> http://wng:36927/ []
[rosmaster.master][INFO] 2021-09-23 10:31:33,907: -PUB [/tf_static] /robot_state_publisher http://wng:39527/
[rosmaster.master][INFO] 2021-09-23 10:31:33,907: publisherUpdate[/move_group/display_planned_path] -> http://wng:36927/ []: sec=0.00, result=[0, 'Unknown Error', 0]
[rosmaster.master][INFO] 2021-09-23 10:31:33,907: -SERVICE [/joint_state_desired_publisher/set_logger_level] /joint_state_desired_publisher rosrpc://wng:39269
[rosmaster.master][INFO] 2021-09-23 10:31:33,908: publisherUpdate[/execute_trajectory/result] -> http://wng:36927/ []
[rosmaster.master][INFO] 2021-09-23 10:31:33,908: -SUB [/joint_states] /robot_state_publisher http://wng:39527/
[rosmaster.master][INFO] 2021-09-23 10:31:33,908: -CACHEDPARAM [/rosout_disable_topics_generation] by /joint_state_desired_publisher
[rosmaster.master][INFO] 2021-09-23 10:31:33,908: publisherUpdate[/execute_trajectory/result] -> http://wng:36927/ []: sec=0.00, result=[0, 'Unknown Error', 0]
[rosmaster.master][INFO] 2021-09-23 10:31:33,909: -SERVICE [/robot_state_publisher/get_loggers] /robot_state_publisher rosrpc://wng:60791
[rosmaster.master][INFO] 2021-09-23 10:31:33,909: publisherUpdate[/execute_trajectory/feedback] -> http://wng:36927/ []
[rosmaster.master][INFO] 2021-09-23 10:31:33,909: -SERVICE [/robot_state_publisher/set_logger_level] /robot_state_publisher rosrpc://wng:60791
[rosmaster.master][INFO] 2021-09-23 10:31:33,909: publisherUpdate[/execute_trajectory/feedback] -> http://wng:36927/ []: sec=0.00, result=[0, 'Unknown Error', 0]
[rosmaster.master][INFO] 2021-09-23 10:31:33,909: publisherUpdate[/execute_trajectory/status] -> http://wng:36927/ []
[rosmaster.master][INFO] 2021-09-23 10:31:33,910: publisherUpdate[/execute_trajectory/status] -> http://wng:36927/ []: sec=0.00, result=[0, 'Unknown Error', 0]
[rosmaster.master][INFO] 2021-09-23 10:31:33,910: publisherUpdate[/move_group/result] -> http://wng:36927/ []
[rosmaster.master][INFO] 2021-09-23 10:31:33,910: publisherUpdate[/move_group/result] -> http://wng:36927/ []: sec=0.00, result=[0, 'Unknown Error', 0]
[rosmaster.master][INFO] 2021-09-23 10:31:33,910: publisherUpdate[/move_group/feedback] -> http://wng:36927/ []
[rosmaster.master][INFO] 2021-09-23 10:31:33,910: publisherUpdate[/move_group/feedback] -> http://wng:36927/ []: sec=0.00, result=[0, 'Unknown Error', 0]
[rosmaster.master][INFO] 2021-09-23 10:31:33,910: publisherUpdate[/move_group/status] -> http://wng:36927/ []
[rosmaster.master][INFO] 2021-09-23 10:31:33,910: publisherUpdate[/rosout] -> http://wng:41465/ ['http://wng:39527/', 'http://wng:36927/', 'http://wng:34115/', 'http://wng:35279/']
[rosmaster.master][INFO] 2021-09-23 10:31:33,911: publisherUpdate[/move_group/status] -> http://wng:36927/ []: sec=0.00, result=[0, 'Unknown Error', 0]
[rosmaster.master][INFO] 2021-09-23 10:31:33,913: publisherUpdate[/rosout] -> http://wng:41465/ ['http://wng:39527/', 'http://wng:36927/', 'http://wng:34115/', 'http://wng:35279/']: sec=0.00, result=[1, '', 0]
[rosmaster.master][INFO] 2021-09-23 10:31:33,913: publisherUpdate[/pickup/result] -> http://wng:36927/ []
[rosmaster.master][INFO] 2021-09-23 10:31:33,914: publisherUpdate[/rosout] -> http://wng:41465/ ['http://wng:36927/', 'http://wng:34115/', 'http://wng:35279/']
[rosmaster.master][INFO] 2021-09-23 10:31:33,914: publisherUpdate[/pickup/result] -> http://wng:36927/ []: sec=0.00, result=[0, 'Unknown Error', 0]
[rosmaster.master][INFO] 2021-09-23 10:31:33,914: publisherUpdate[/rosout] -> http://wng:41465/ ['http://wng:36927/', 'http://wng:34115/', 'http://wng:35279/']: sec=0.00, result=[1, '', 0]
[rosmaster.master][INFO] 2021-09-23 10:31:33,914: publisherUpdate[/pickup/feedback] -> http://wng:36927/ []
[rosmaster.master][INFO] 2021-09-23 10:31:33,915: publisherUpdate[/pickup/feedback] -> http://wng:36927/ []: sec=0.00, result=[0, 'Unknown Error', 0]
[rosmaster.master][INFO] 2021-09-23 10:31:33,915: publisherUpdate[/pickup/status] -> http://wng:36927/ []
[rosmaster.master][INFO] 2021-09-23 10:31:33,915: publisherUpdate[/pickup/status] -> http://wng:36927/ []: sec=0.00, result=[0, 'Unknown Error', 0]
[rosmaster.master][INFO] 2021-09-23 10:31:33,915: publisherUpdate[/place/result] -> http://wng:36927/ []
[rosmaster.master][INFO] 2021-09-23 10:31:33,915: publisherUpdate[/place/result] -> http://wng:36927/ []: sec=0.00, result=[0, 'Unknown Error', 0]
[rosmaster.master][INFO] 2021-09-23 10:31:33,915: publisherUpdate[/place/feedback] -> http://wng:36927/ []
[rosmaster.master][INFO] 2021-09-23 10:31:33,916: publisherUpdate[/place/feedback] -> http://wng:36927/ []: sec=0.00, result=[0, 'Unknown Error', 0]
[rosmaster.master][INFO] 2021-09-23 10:31:33,916: publisherUpdate[/place/status] -> http://wng:36927/ []
[rosmaster.master][INFO] 2021-09-23 10:31:33,916: publisherUpdate[/place/status] -> http://wng:36927/ []: sec=0.00, result=[0, 'Unknown Error', 0]
[rosmaster.master][INFO] 2021-09-23 10:31:33,916: publisherUpdate[/tf] -> http://wng:36927/ []
[rosmaster.master][INFO] 2021-09-23 10:31:33,916: publisherUpdate[/tf] -> http://wng:36927/ []: sec=0.00, result=[0, 'Unknown Error', 0]
[rosmaster.master][INFO] 2021-09-23 10:31:33,916: publisherUpdate[/tf_static] -> http://wng:36927/ []
[rosmaster.master][INFO] 2021-09-23 10:31:33,916: publisherUpdate[/tf_static] -> http://wng:36927/ []: sec=0.00, result=[0, 'Unknown Error', 0]
[rosmaster.master][INFO] 2021-09-23 10:31:34,017: -PUB [/rosout] /rviz_wng_25364_2557255652785865797 http://wng:36927/
[rosmaster.master][INFO] 2021-09-23 10:31:34,017: -PUB [/planning_scene] /rviz_wng_25364_2557255652785865797 http://wng:36927/
[rosmaster.master][INFO] 2021-09-23 10:31:34,018: -PUB [/planning_scene_world] /rviz_wng_25364_2557255652785865797 http://wng:36927/
[rosmaster.master][INFO] 2021-09-23 10:31:34,018: -PUB [/rviz_wng_25364_2557255652785865797/motionplanning_planning_scene_monitor/parameter_descriptions] /rviz_wng_25364_2557255652785865797 http://wng:36927/
[rosmaster.master][INFO] 2021-09-23 10:31:34,018: -PUB [/rviz_wng_25364_2557255652785865797/motionplanning_planning_scene_monitor/parameter_updates] /rviz_wng_25364_2557255652785865797 http://wng:36927/
[rosmaster.master][INFO] 2021-09-23 10:31:34,018: -PUB [/rviz_moveit_motion_planning_display/robot_interaction_interactive_marker_topic/update_full] /rviz_wng_25364_2557255652785865797 http://wng:36927/
[rosmaster.master][INFO] 2021-09-23 10:31:34,019: -PUB [/rviz_moveit_motion_planning_display/robot_interaction_interactive_marker_topic/update] /rviz_wng_25364_2557255652785865797 http://wng:36927/
[rosmaster.master][INFO] 2021-09-23 10:31:34,019: -PUB [/rviz_moveit_motion_planning_display/robot_interaction_interactive_marker_topic/feedback] /rviz_wng_25364_2557255652785865797 http://wng:36927/
[rosmaster.master][INFO] 2021-09-23 10:31:34,019: -PUB [/trajectory_execution_event] /rviz_wng_25364_2557255652785865797 http://wng:36927/
[rosmaster.master][INFO] 2021-09-23 10:31:34,020: -PUB [/attached_collision_object] /rviz_wng_25364_2557255652785865797 http://wng:36927/
[rosmaster.master][INFO] 2021-09-23 10:31:34,020: -PUB [/move_group/goal] /rviz_wng_25364_2557255652785865797 http://wng:36927/
[rosmaster.master][INFO] 2021-09-23 10:31:34,020: -PUB [/move_group/cancel] /rviz_wng_25364_2557255652785865797 http://wng:36927/
[rosmaster.master][INFO] 2021-09-23 10:31:34,020: -PUB [/pickup/goal] /rviz_wng_25364_2557255652785865797 http://wng:36927/
[rosmaster.master][INFO] 2021-09-23 10:31:34,021: -PUB [/pickup/cancel] /rviz_wng_25364_2557255652785865797 http://wng:36927/
[rosmaster.master][INFO] 2021-09-23 10:31:34,021: -PUB [/place/goal] /rviz_wng_25364_2557255652785865797 http://wng:36927/
[rosmaster.master][INFO] 2021-09-23 10:31:34,021: -PUB [/place/cancel] /rviz_wng_25364_2557255652785865797 http://wng:36927/
[rosmaster.master][INFO] 2021-09-23 10:31:34,021: -PUB [/execute_trajectory/goal] /rviz_wng_25364_2557255652785865797 http://wng:36927/
[rosmaster.master][INFO] 2021-09-23 10:31:34,022: -PUB [/execute_trajectory/cancel] /rviz_wng_25364_2557255652785865797 http://wng:36927/
[rosmaster.master][INFO] 2021-09-23 10:31:34,022: -SUB [/tf] /rviz_wng_25364_2557255652785865797 http://wng:36927/
[rosmaster.master][INFO] 2021-09-23 10:31:34,022: -SUB [/tf_static] /rviz_wng_25364_2557255652785865797 http://wng:36927/
[rosmaster.master][INFO] 2021-09-23 10:31:34,022: -SUB [/action] /rviz_wng_25364_2557255652785865797 http://wng:36927/
[rosmaster.master][INFO] 2021-09-23 10:31:34,023: -SUB [/action_array] /rviz_wng_25364_2557255652785865797 http://wng:36927/
[rosmaster.master][INFO] 2021-09-23 10:31:34,023: -SUB [/recognized_object_array] /rviz_wng_25364_2557255652785865797 http://wng:36927/
[rosmaster.master][INFO] 2021-09-23 10:31:34,023: -SUB [/move_group/monitored_planning_scene] /rviz_wng_25364_2557255652785865797 http://wng:36927/
[rosmaster.master][INFO] 2021-09-23 10:31:34,023: -SUB [/move_group/display_planned_path] /rviz_wng_25364_2557255652785865797 http://wng:36927/
[rosmaster.master][INFO] 2021-09-23 10:31:34,023: -SUB [/rviz_moveit_motion_planning_display/robot_interaction_interactive_marker_topic/feedback] /rviz_wng_25364_2557255652785865797 http://wng:36927/
[rosmaster.master][INFO] 2021-09-23 10:31:34,024: -SUB [/rviz_moveit_motion_planning_display/robot_interaction_interactive_marker_topic/update] /rviz_wng_25364_2557255652785865797 http://wng:36927/
[rosmaster.master][INFO] 2021-09-23 10:31:34,024: -SUB [/move_group/status] /rviz_wng_25364_2557255652785865797 http://wng:36927/
[rosmaster.master][INFO] 2021-09-23 10:31:34,024: -SUB [/move_group/feedback] /rviz_wng_25364_2557255652785865797 http://wng:36927/
[rosmaster.master][INFO] 2021-09-23 10:31:34,024: -SUB [/move_group/result] /rviz_wng_25364_2557255652785865797 http://wng:36927/
[rosmaster.master][INFO] 2021-09-23 10:31:34,024: -SUB [/pickup/status] /rviz_wng_25364_2557255652785865797 http://wng:36927/
[rosmaster.master][INFO] 2021-09-23 10:31:34,025: -SUB [/pickup/feedback] /rviz_wng_25364_2557255652785865797 http://wng:36927/
[rosmaster.master][INFO] 2021-09-23 10:31:34,025: -SUB [/pickup/result] /rviz_wng_25364_2557255652785865797 http://wng:36927/
[rosmaster.master][INFO] 2021-09-23 10:31:34,025: -SUB [/place/status] /rviz_wng_25364_2557255652785865797 http://wng:36927/
[rosmaster.master][INFO] 2021-09-23 10:31:34,025: -SUB [/place/feedback] /rviz_wng_25364_2557255652785865797 http://wng:36927/
[rosmaster.master][INFO] 2021-09-23 10:31:34,025: -SUB [/place/result] /rviz_wng_25364_2557255652785865797 http://wng:36927/
[rosmaster.master][INFO] 2021-09-23 10:31:34,026: -SUB [/execute_trajectory/status] /rviz_wng_25364_2557255652785865797 http://wng:36927/
[rosmaster.master][INFO] 2021-09-23 10:31:34,026: -SUB [/execute_trajectory/feedback] /rviz_wng_25364_2557255652785865797 http://wng:36927/
[rosmaster.master][INFO] 2021-09-23 10:31:34,026: -SUB [/execute_trajectory/result] /rviz_wng_25364_2557255652785865797 http://wng:36927/
[rosmaster.master][INFO] 2021-09-23 10:31:34,026: -SERVICE [/rviz_wng_25364_2557255652785865797/get_loggers] /rviz_wng_25364_2557255652785865797 rosrpc://wng:60635
[rosmaster.master][INFO] 2021-09-23 10:31:34,026: -SERVICE [/rviz_wng_25364_2557255652785865797/set_logger_level] /rviz_wng_25364_2557255652785865797 rosrpc://wng:60635
[rosmaster.master][INFO] 2021-09-23 10:31:34,027: -SERVICE [/rviz_wng_25364_2557255652785865797/reload_shaders] /rviz_wng_25364_2557255652785865797 rosrpc://wng:60635
[rosmaster.master][INFO] 2021-09-23 10:31:34,027: -SERVICE [/rviz_wng_25364_2557255652785865797/load_config] /rviz_wng_25364_2557255652785865797 rosrpc://wng:60635
[rosmaster.master][INFO] 2021-09-23 10:31:34,027: -SERVICE [/rviz_wng_25364_2557255652785865797/save_config] /rviz_wng_25364_2557255652785865797 rosrpc://wng:60635
[rosmaster.master][INFO] 2021-09-23 10:31:34,027: -SERVICE [/rviz_wng_25364_2557255652785865797/motionplanning_planning_scene_monitor/set_parameters] /rviz_wng_25364_2557255652785865797 rosrpc://wng:60635
[rosmaster.master][INFO] 2021-09-23 10:31:34,027: -CACHEDPARAM [/rosout_disable_topics_generation] by /rviz_wng_25364_2557255652785865797
[rosmaster.master][INFO] 2021-09-23 10:31:34,116: publisherUpdate[/rosout] -> http://wng:41465/ ['http://wng:34115/', 'http://wng:35279/']
[rosmaster.master][INFO] 2021-09-23 10:31:34,117: publisherUpdate[/rviz_moveit_motion_planning_display/robot_interaction_interactive_marker_topic/update] -> http://wng:36927/ []
[rosmaster.master][INFO] 2021-09-23 10:31:34,117: publisherUpdate[/rosout] -> http://wng:41465/ ['http://wng:34115/', 'http://wng:35279/']: sec=0.00, result=[1, '', 0]
[rosmaster.master][INFO] 2021-09-23 10:31:34,118: publisherUpdate[/rviz_moveit_motion_planning_display/robot_interaction_interactive_marker_topic/update] -> http://wng:36927/ []: sec=0.00, exception=<Fault -1: 'publisherUpdate: unknown method name'>
[rosmaster.threadpool][ERROR] 2021-09-23 10:31:34,120: Traceback (most recent call last):
  File "/opt/ros/melodic/lib/python2.7/dist-packages/rosmaster/threadpool.py", line 218, in run
    result = cmd(*args)
  File "/opt/ros/melodic/lib/python2.7/dist-packages/rosmaster/master_api.py", line 210, in publisher_update_task
    ret = xmlrpcapi(api).publisherUpdate('/master', topic, pub_uris)
  File "/usr/lib/python2.7/xmlrpclib.py", line 1243, in __call__
    return self.__send(self.__name, args)
  File "/usr/lib/python2.7/xmlrpclib.py", line 1602, in __request
    verbose=self.__verbose
  File "/usr/lib/python2.7/xmlrpclib.py", line 1283, in request
    return self.single_request(host, handler, request_body, verbose)
  File "/usr/lib/python2.7/xmlrpclib.py", line 1316, in single_request
    return self.parse_response(response)
  File "/usr/lib/python2.7/xmlrpclib.py", line 1493, in parse_response
    return u.close()
  File "/usr/lib/python2.7/xmlrpclib.py", line 800, in close
    raise Fault(**self._stack[0])
Fault: <Fault -1: 'publisherUpdate: unknown method name'>

[rosmaster.master][INFO] 2021-09-23 10:31:34,120: publisherUpdate[/rviz_moveit_motion_planning_display/robot_interaction_interactive_marker_topic/feedback] -> http://wng:36927/ []
[rosmaster.master][INFO] 2021-09-23 10:31:34,121: publisherUpdate[/rviz_moveit_motion_planning_display/robot_interaction_interactive_marker_topic/feedback] -> http://wng:36927/ []: sec=0.00, exception=<Fault -1: 'publisherUpdate: unknown method name'>
[rosmaster.threadpool][ERROR] 2021-09-23 10:31:34,121: Traceback (most recent call last):
  File "/opt/ros/melodic/lib/python2.7/dist-packages/rosmaster/threadpool.py", line 218, in run
    result = cmd(*args)
  File "/opt/ros/melodic/lib/python2.7/dist-packages/rosmaster/master_api.py", line 210, in publisher_update_task
    ret = xmlrpcapi(api).publisherUpdate('/master', topic, pub_uris)
  File "/usr/lib/python2.7/xmlrpclib.py", line 1243, in __call__
    return self.__send(self.__name, args)
  File "/usr/lib/python2.7/xmlrpclib.py", line 1602, in __request
    verbose=self.__verbose
  File "/usr/lib/python2.7/xmlrpclib.py", line 1283, in request
    return self.single_request(host, handler, request_body, verbose)
  File "/usr/lib/python2.7/xmlrpclib.py", line 1316, in single_request
    return self.parse_response(response)
  File "/usr/lib/python2.7/xmlrpclib.py", line 1493, in parse_response
    return u.close()
  File "/usr/lib/python2.7/xmlrpclib.py", line 800, in close
    raise Fault(**self._stack[0])
Fault: <Fault -1: 'publisherUpdate: unknown method name'>

[rosmaster.master][INFO] 2021-09-23 10:31:34,517: -PUB [/rosout_agg] /rosout http://wng:41465/
[rosmaster.master][INFO] 2021-09-23 10:31:34,518: -SUB [/rosout] /rosout http://wng:41465/
[rosmaster.master][INFO] 2021-09-23 10:31:34,518: -SERVICE [/rosout/get_loggers] /rosout rosrpc://wng:47415
[rosmaster.master][INFO] 2021-09-23 10:31:34,518: -SERVICE [/rosout/set_logger_level] /rosout rosrpc://wng:47415
[rosmaster.master][INFO] 2021-09-23 10:31:34,518: -CACHEDPARAM [/rosout/omit_topics] by /rosout
[rosmaster.main][INFO] 2021-09-23 10:31:34,578: keyboard interrupt, will exit
[rosmaster.main][INFO] 2021-09-23 10:31:34,578: stopping master...
[rospy.core][INFO] 2021-09-23 10:31:34,578: signal_shutdown [atexit]
