[rospy.client][INFO] 2021-09-10 10:08:14,774: init_node, name[/server_endpoint], pid[1816]
[xmlrpc][INFO] 2021-09-10 10:08:14,775: XML-RPC server binding to 0.0.0.0:0
[xmlrpc][INFO] 2021-09-10 10:08:14,775: Started XML-RPC server [http://wng:36799/]
[rospy.init][INFO] 2021-09-10 10:08:14,775: ROS Slave URI: [http://wng:36799/]
[rospy.impl.masterslave][INFO] 2021-09-10 10:08:14,775: _ready: http://wng:36799/
[rospy.registration][INFO] 2021-09-10 10:08:14,775: Registering with master node http://localhost:11311
[xmlrpc][INFO] 2021-09-10 10:08:14,775: xml rpc node: starting XML-RPC server
[rospy.init][INFO] 2021-09-10 10:08:14,875: registered with master
[rospy.rosout][INFO] 2021-09-10 10:08:14,875: initializing /rosout core topic
[rospy.rosout][INFO] 2021-09-10 10:08:14,877: connected to core topic /rosout
[rospy.simtime][INFO] 2021-09-10 10:08:14,878: /use_sim_time is not set, will not subscribe to simulated time [/clock] topic
[rosout][INFO] 2021-09-10 10:08:14,885: Starting server on 192.168.1.146:10000
[rospy.internal][INFO] 2021-09-10 10:08:15,111: topic[/rosout] adding connection to [/rosout], count 0
[rosout][INFO] 2021-09-10 10:08:28,318: Connection from 192.168.1.146
[rosout][INFO] 2021-09-10 10:08:28,322: RegisterPublisher(execution_check, <class 'panda_move.msg._ExecutionCheck.ExecutionCheck'>) OK
[rospy.internal][INFO] 2021-09-10 10:08:28,359: topic[/execution_check] adding connection to [http://wng:36799/], count 0
[rospy.internal][INFO] 2021-09-10 10:08:28,361: topic[/execution_check] adding connection to [/server_endpoint], count 0
[rospy.core][INFO] 2021-09-10 10:36:39,681: signal_shutdown [signal-2]
[rospy.internal][INFO] 2021-09-10 10:36:39,685: topic[/execution_check] removing connection to /server_endpoint
[rospy.internal][ERROR] 2021-09-10 10:36:39,685: Unable to initiate TCP/IP socket to wng:37045 (http://wng:36799/): Traceback (most recent call last):
  File "/opt/ros/melodic/lib/python2.7/dist-packages/rospy/impl/tcpros_base.py", line 562, in connect
    self.read_header()
  File "/opt/ros/melodic/lib/python2.7/dist-packages/rospy/impl/tcpros_base.py", line 657, in read_header
    self._validate_header(read_ros_handshake_header(sock, self.read_buff, self.protocol.buff_size))
  File "/opt/ros/melodic/lib/python2.7/dist-packages/rospy/impl/tcpros_base.py", line 600, in _validate_header
    raise TransportInitError("remote error reported: %s"%header['error'])
TransportInitError: remote error reported: node shutting down

[rospy.internal][INFO] 2021-09-10 10:36:39,685: topic[/rosout] removing connection to /rosout
[rospy.internal][INFO] 2021-09-10 10:36:39,686: topic[/execution_check] removing connection to http://wng:36799/
[rospy.impl.masterslave][INFO] 2021-09-10 10:36:39,686: signal-2
[rospy.core][INFO] 2021-09-10 10:36:39,803: signal_shutdown [atexit]
