[rospy.client][INFO] 2021-09-19 14:03:40,241: init_node, name[/joint_state_publisher], pid[29648]
[xmlrpc][INFO] 2021-09-19 14:03:40,241: XML-RPC server binding to 0.0.0.0:0
[xmlrpc][INFO] 2021-09-19 14:03:40,242: Started XML-RPC server [http://wng:36681/]
[rospy.init][INFO] 2021-09-19 14:03:40,242: ROS Slave URI: [http://wng:36681/]
[rospy.impl.masterslave][INFO] 2021-09-19 14:03:40,242: _ready: http://wng:36681/
[xmlrpc][INFO] 2021-09-19 14:03:40,242: xml rpc node: starting XML-RPC server
[rospy.registration][INFO] 2021-09-19 14:03:40,242: Registering with master node http://localhost:11311
[rospy.init][INFO] 2021-09-19 14:03:40,342: registered with master
[rospy.rosout][INFO] 2021-09-19 14:03:40,342: initializing /rosout core topic
[rospy.rosout][INFO] 2021-09-19 14:03:40,344: connected to core topic /rosout
[rospy.simtime][INFO] 2021-09-19 14:03:40,345: /use_sim_time is not set, will not subscribe to simulated time [/clock] topic
[rospy.internal][INFO] 2021-09-19 14:03:40,407: topic[/move_group/fake_controller_joint_states] adding connection to [http://wng:34955/], count 0
[rospy.internal][INFO] 2021-09-19 14:03:40,606: topic[/rosout] adding connection to [/rosout], count 0
[rospy.internal][INFO] 2021-09-19 14:03:40,607: topic[/joint_states] adding connection to [/joint_state_desired_publisher], count 0
[rospy.internal][INFO] 2021-09-19 14:03:40,607: topic[/joint_states] adding connection to [/robot_state_publisher], count 1
[rospy.internal][INFO] 2021-09-19 14:04:26,633: topic[/joint_states] adding connection to [/move_group_commander_wrappers_1632027826940358614], count 2
[rospy.internal][INFO] 2021-09-19 14:34:09,159: topic[/joint_states] removing connection to /move_group_commander_wrappers_1632027826940358614
[rospy.core][INFO] 2021-09-19 14:34:22,577: signal_shutdown [signal-2]
[rospy.internal][INFO] 2021-09-19 14:34:22,580: topic[/joint_states] removing connection to /joint_state_desired_publisher
[rospy.internal][INFO] 2021-09-19 14:34:22,585: topic[/joint_states] removing connection to /robot_state_publisher
[rospy.internal][INFO] 2021-09-19 14:34:22,589: topic[/rosout] removing connection to /rosout
[rospy.internal][INFO] 2021-09-19 14:34:22,593: topic[/move_group/fake_controller_joint_states] removing connection to http://wng:34955/
[rospy.impl.masterslave][INFO] 2021-09-19 14:34:22,593: signal-2
[rospy.core][INFO] 2021-09-19 14:34:22,701: signal_shutdown [atexit]
