[rospy.client][INFO] 2021-09-19 14:03:40,748: init_node, name[/server_endpoint], pid[29646]
[xmlrpc][INFO] 2021-09-19 14:03:40,749: XML-RPC server binding to 0.0.0.0:0
[xmlrpc][INFO] 2021-09-19 14:03:40,749: Started XML-RPC server [http://wng:36581/]
[rospy.init][INFO] 2021-09-19 14:03:40,749: ROS Slave URI: [http://wng:36581/]
[rospy.impl.masterslave][INFO] 2021-09-19 14:03:40,749: _ready: http://wng:36581/
[rospy.registration][INFO] 2021-09-19 14:03:40,750: Registering with master node http://localhost:11311
[xmlrpc][INFO] 2021-09-19 14:03:40,750: xml rpc node: starting XML-RPC server
[rospy.init][INFO] 2021-09-19 14:03:40,850: registered with master
[rospy.rosout][INFO] 2021-09-19 14:03:40,850: initializing /rosout core topic
[rospy.rosout][INFO] 2021-09-19 14:03:40,853: connected to core topic /rosout
[rospy.simtime][INFO] 2021-09-19 14:03:40,855: /use_sim_time is not set, will not subscribe to simulated time [/clock] topic
[rosout][INFO] 2021-09-19 14:03:40,870: Starting server on 192.168.1.146:10000
[rospy.internal][INFO] 2021-09-19 14:03:41,110: topic[/rosout] adding connection to [/rosout], count 0
[rosout][INFO] 2021-09-19 14:04:19,296: Connection from 192.168.1.146
[rosout][INFO] 2021-09-19 14:04:19,300: RegisterPublisher(execution_check, <class 'panda_move.msg._ExecutionCheck.ExecutionCheck'>) OK
[rospy.internal][INFO] 2021-09-19 14:04:19,347: topic[/execution_check] adding connection to [http://wng:36581/], count 0
[rospy.internal][INFO] 2021-09-19 14:04:19,348: topic[/execution_check] adding connection to [/server_endpoint], count 0
[rospy.core][INFO] 2021-09-19 14:34:22,581: signal_shutdown [signal-2]
[rospy.internal][INFO] 2021-09-19 14:34:22,584: topic[/execution_check] removing connection to /server_endpoint
[rospy.internal][INFO] 2021-09-19 14:34:22,585: topic[/rosout] removing connection to /rosout
[rospy.internal][INFO] 2021-09-19 14:34:22,585: topic[/execution_check] removing connection to http://wng:36581/
[rospy.internal][WARNING] 2021-09-19 14:34:22,585: Unknown error initiating TCP/IP socket to wng:34497 (http://wng:36581/): Traceback (most recent call last):
  File "/opt/ros/melodic/lib/python2.7/dist-packages/rospy/impl/tcpros_base.py", line 562, in connect
    self.read_header()
  File "/opt/ros/melodic/lib/python2.7/dist-packages/rospy/impl/tcpros_base.py", line 657, in read_header
    self._validate_header(read_ros_handshake_header(sock, self.read_buff, self.protocol.buff_size))
AttributeError: 'NoneType' object has no attribute 'buff_size'

[rospy.impl.masterslave][INFO] 2021-09-19 14:34:22,586: signal-2
[rospy.core][INFO] 2021-09-19 14:34:22,687: signal_shutdown [atexit]
