[rospy.client][INFO] 2021-12-14 12:13:47,920: init_node, name[/joint_state_publisher], pid[438]
[xmlrpc][INFO] 2021-12-14 12:13:47,921: XML-RPC server binding to 0.0.0.0:0
[xmlrpc][INFO] 2021-12-14 12:13:47,921: Started XML-RPC server [http://wng:45043/]
[rospy.init][INFO] 2021-12-14 12:13:47,921: ROS Slave URI: [http://wng:45043/]
[rospy.impl.masterslave][INFO] 2021-12-14 12:13:47,921: _ready: http://wng:45043/
[xmlrpc][INFO] 2021-12-14 12:13:47,922: xml rpc node: starting XML-RPC server
[rospy.registration][INFO] 2021-12-14 12:13:47,922: Registering with master node http://localhost:11311
[rospy.init][INFO] 2021-12-14 12:13:48,021: registered with master
[rospy.rosout][INFO] 2021-12-14 12:13:48,022: initializing /rosout core topic
[rospy.rosout][INFO] 2021-12-14 12:13:48,024: connected to core topic /rosout
[rospy.simtime][INFO] 2021-12-14 12:13:48,024: /use_sim_time is not set, will not subscribe to simulated time [/clock] topic
[rospy.internal][INFO] 2021-12-14 12:13:48,092: topic[/move_group/fake_controller_joint_states] adding connection to [http://wng:37793/], count 0
[rospy.internal][INFO] 2021-12-14 12:13:48,312: topic[/rosout] adding connection to [/rosout], count 0
[rospy.internal][INFO] 2021-12-14 12:13:48,313: topic[/joint_states] adding connection to [/joint_state_desired_publisher], count 0
[rospy.internal][INFO] 2021-12-14 12:13:48,412: topic[/joint_states] adding connection to [/robot_state_publisher], count 1
[rospy.internal][INFO] 2021-12-14 12:14:29,573: topic[/joint_states] adding connection to [/move_group_commander_wrappers_1639451637278602532], count 2
[rospy.internal][INFO] 2021-12-14 12:30:04,647: topic[/joint_states] removing connection to /move_group_commander_wrappers_1639451637278602532
[rospy.core][INFO] 2021-12-14 12:30:06,523: signal_shutdown [signal-2]
[rospy.internal][INFO] 2021-12-14 12:30:06,528: topic[/joint_states] removing connection to /joint_state_desired_publisher
[rospy.internal][INFO] 2021-12-14 12:30:06,532: topic[/joint_states] removing connection to /robot_state_publisher
[rospy.internal][INFO] 2021-12-14 12:30:06,532: topic[/rosout] removing connection to /rosout
[rospy.internal][INFO] 2021-12-14 12:30:06,532: topic[/move_group/fake_controller_joint_states] removing connection to http://wng:37793/
[rospy.impl.masterslave][INFO] 2021-12-14 12:30:06,532: signal-2
[rospy.core][INFO] 2021-12-14 12:30:06,664: signal_shutdown [atexit]
