[rospy.client][INFO] 2021-12-14 12:13:48,153: init_node, name[/server_endpoint], pid[436]
[xmlrpc][INFO] 2021-12-14 12:13:48,153: XML-RPC server binding to 0.0.0.0:0
[xmlrpc][INFO] 2021-12-14 12:13:48,153: Started XML-RPC server [http://wng:45993/]
[rospy.init][INFO] 2021-12-14 12:13:48,154: ROS Slave URI: [http://wng:45993/]
[rospy.impl.masterslave][INFO] 2021-12-14 12:13:48,154: _ready: http://wng:45993/
[rospy.registration][INFO] 2021-12-14 12:13:48,154: Registering with master node http://localhost:11311
[xmlrpc][INFO] 2021-12-14 12:13:48,154: xml rpc node: starting XML-RPC server
[rospy.init][INFO] 2021-12-14 12:13:48,254: registered with master
[rospy.rosout][INFO] 2021-12-14 12:13:48,254: initializing /rosout core topic
[rospy.rosout][INFO] 2021-12-14 12:13:48,255: connected to core topic /rosout
[rospy.simtime][INFO] 2021-12-14 12:13:48,256: /use_sim_time is not set, will not subscribe to simulated time [/clock] topic
[rosout][INFO] 2021-12-14 12:13:48,263: Starting server on 192.168.0.8:10000
[rospy.internal][INFO] 2021-12-14 12:13:48,514: topic[/rosout] adding connection to [/rosout], count 0
[rosout][INFO] 2021-12-14 12:14:04,875: Connection from 192.168.0.8
[rosout][INFO] 2021-12-14 12:14:04,880: RegisterPublisher(execution_check, <class 'panda_move.msg._ExecutionCheck.ExecutionCheck'>) OK
[rospy.internal][INFO] 2021-12-14 12:14:04,988: topic[/execution_check] adding connection to [http://wng:45993/], count 0
[rospy.internal][INFO] 2021-12-14 12:14:04,989: topic[/execution_check] adding connection to [/server_endpoint], count 0
[rospy.core][INFO] 2021-12-14 12:30:06,523: signal_shutdown [signal-2]
[rospy.internal][INFO] 2021-12-14 12:30:06,528: topic[/execution_check] removing connection to /server_endpoint
[rospy.internal][INFO] 2021-12-14 12:30:06,529: topic[/rosout] removing connection to /rosout
[rospy.internal][INFO] 2021-12-14 12:30:06,529: topic[/execution_check] removing connection to http://wng:45993/
[rospy.impl.masterslave][INFO] 2021-12-14 12:30:06,529: signal-2
[rospy.internal][WARNING] 2021-12-14 12:30:06,530: Unknown error initiating TCP/IP socket to wng:46627 (http://wng:45993/): Traceback (most recent call last):
  File "/opt/ros/melodic/lib/python2.7/dist-packages/rospy/impl/tcpros_base.py", line 562, in connect
    self.read_header()
  File "/opt/ros/melodic/lib/python2.7/dist-packages/rospy/impl/tcpros_base.py", line 657, in read_header
    self._validate_header(read_ros_handshake_header(sock, self.read_buff, self.protocol.buff_size))
  File "/opt/ros/melodic/lib/python2.7/dist-packages/rosgraph/network.py", line 357, in read_ros_handshake_header
    d = sock.recv(buff_size)
error: [Errno 104] Connection reset by peer

[rospy.core][INFO] 2021-12-14 12:30:06,645: signal_shutdown [atexit]
