[rospy.client][INFO] 2021-09-26 13:25:51,947: init_node, name[/server_endpoint], pid[13981]
[xmlrpc][INFO] 2021-09-26 13:25:51,947: XML-RPC server binding to 0.0.0.0:0
[xmlrpc][INFO] 2021-09-26 13:25:51,947: Started XML-RPC server [http://wng:36007/]
[rospy.init][INFO] 2021-09-26 13:25:51,947: ROS Slave URI: [http://wng:36007/]
[rospy.impl.masterslave][INFO] 2021-09-26 13:25:51,947: _ready: http://wng:36007/
[rospy.registration][INFO] 2021-09-26 13:25:51,948: Registering with master node http://localhost:11311
[xmlrpc][INFO] 2021-09-26 13:25:51,948: xml rpc node: starting XML-RPC server
[rospy.init][INFO] 2021-09-26 13:25:52,048: registered with master
[rospy.rosout][INFO] 2021-09-26 13:25:52,048: initializing /rosout core topic
[rospy.rosout][INFO] 2021-09-26 13:25:52,050: connected to core topic /rosout
[rospy.simtime][INFO] 2021-09-26 13:25:52,051: /use_sim_time is not set, will not subscribe to simulated time [/clock] topic
[rosout][INFO] 2021-09-26 13:25:52,062: Starting server on 192.168.1.146:10000
[rospy.internal][INFO] 2021-09-26 13:25:52,255: topic[/rosout] adding connection to [/rosout], count 0
[rosout][INFO] 2021-09-26 13:26:41,415: Connection from 192.168.1.146
[rosout][INFO] 2021-09-26 13:26:41,420: RegisterPublisher(execution_check, <class 'panda_move.msg._ExecutionCheck.ExecutionCheck'>) OK
[rospy.internal][INFO] 2021-09-26 13:26:41,499: topic[/execution_check] adding connection to [http://wng:36007/], count 0
[rospy.internal][INFO] 2021-09-26 13:26:41,500: topic[/execution_check] adding connection to [/server_endpoint], count 0
[rospy.core][INFO] 2021-09-26 14:00:33,957: signal_shutdown [signal-2]
[rospy.internal][INFO] 2021-09-26 14:00:33,960: topic[/execution_check] removing connection to /server_endpoint
[rospy.internal][INFO] 2021-09-26 14:00:33,961: topic[/rosout] removing connection to /rosout
[rospy.internal][INFO] 2021-09-26 14:00:33,961: topic[/execution_check] removing connection to http://wng:36007/
[rospy.impl.masterslave][INFO] 2021-09-26 14:00:33,961: signal-2
[rospy.internal][ERROR] 2021-09-26 14:00:33,960: Unable to initiate TCP/IP socket to wng:41333 (http://wng:36007/): Traceback (most recent call last):
  File "/opt/ros/melodic/lib/python2.7/dist-packages/rospy/impl/tcpros_base.py", line 562, in connect
    self.read_header()
  File "/opt/ros/melodic/lib/python2.7/dist-packages/rospy/impl/tcpros_base.py", line 657, in read_header
    self._validate_header(read_ros_handshake_header(sock, self.read_buff, self.protocol.buff_size))
  File "/opt/ros/melodic/lib/python2.7/dist-packages/rospy/impl/tcpros_base.py", line 600, in _validate_header
    raise TransportInitError("remote error reported: %s"%header['error'])
TransportInitError: remote error reported: node shutting down

[rospy.core][INFO] 2021-09-26 14:00:34,093: signal_shutdown [atexit]
