[rospy.client][INFO] 2021-11-26 09:51:13,269: init_node, name[/joint_state_publisher], pid[4936]
[xmlrpc][INFO] 2021-11-26 09:51:13,269: XML-RPC server binding to 0.0.0.0:0
[xmlrpc][INFO] 2021-11-26 09:51:13,269: Started XML-RPC server [http://wng:37347/]
[rospy.init][INFO] 2021-11-26 09:51:13,269: ROS Slave URI: [http://wng:37347/]
[rospy.impl.masterslave][INFO] 2021-11-26 09:51:13,269: _ready: http://wng:37347/
[rospy.registration][INFO] 2021-11-26 09:51:13,271: Registering with master node http://localhost:11311
[xmlrpc][INFO] 2021-11-26 09:51:13,271: xml rpc node: starting XML-RPC server
[rospy.init][INFO] 2021-11-26 09:51:13,370: registered with master
[rospy.rosout][INFO] 2021-11-26 09:51:13,370: initializing /rosout core topic
[rospy.rosout][INFO] 2021-11-26 09:51:13,371: connected to core topic /rosout
[rospy.simtime][INFO] 2021-11-26 09:51:13,372: /use_sim_time is not set, will not subscribe to simulated time [/clock] topic
[rospy.internal][INFO] 2021-11-26 09:51:13,387: topic[/move_group/fake_controller_joint_states] adding connection to [http://wng:42565/], count 0
[rospy.internal][INFO] 2021-11-26 09:51:13,607: topic[/rosout] adding connection to [/rosout], count 0
[rospy.internal][INFO] 2021-11-26 09:51:13,607: topic[/joint_states] adding connection to [/joint_state_desired_publisher], count 0
[rospy.internal][INFO] 2021-11-26 09:51:13,607: topic[/joint_states] adding connection to [/robot_state_publisher], count 1
[rospy.internal][INFO] 2021-11-26 09:51:45,622: topic[/joint_states] adding connection to [/move_group_commander_wrappers_1637887879650382953], count 2
[rospy.internal][INFO] 2021-11-26 10:21:55,787: topic[/joint_states] removing connection to /move_group_commander_wrappers_1637887879650382953
[rospy.core][INFO] 2021-11-26 10:22:33,403: signal_shutdown [signal-2]
[rospy.internal][INFO] 2021-11-26 10:22:33,405: topic[/joint_states] removing connection to /joint_state_desired_publisher
[rospy.internal][INFO] 2021-11-26 10:22:33,406: topic[/joint_states] removing connection to /robot_state_publisher
[rospy.internal][INFO] 2021-11-26 10:22:33,406: topic[/rosout] removing connection to /rosout
[rospy.internal][INFO] 2021-11-26 10:22:33,406: topic[/move_group/fake_controller_joint_states] removing connection to http://wng:42565/
[rospy.impl.masterslave][INFO] 2021-11-26 10:22:33,406: signal-2
[rospy.core][INFO] 2021-11-26 10:22:33,517: signal_shutdown [atexit]
