[rospy.client][INFO] 2021-09-06 15:52:25,040: init_node, name[/joint_state_publisher], pid[30296]
[xmlrpc][INFO] 2021-09-06 15:52:25,040: XML-RPC server binding to 0.0.0.0:0
[xmlrpc][INFO] 2021-09-06 15:52:25,041: Started XML-RPC server [http://wng:44393/]
[rospy.init][INFO] 2021-09-06 15:52:25,041: ROS Slave URI: [http://wng:44393/]
[rospy.impl.masterslave][INFO] 2021-09-06 15:52:25,041: _ready: http://wng:44393/
[xmlrpc][INFO] 2021-09-06 15:52:25,041: xml rpc node: starting XML-RPC server
[rospy.registration][INFO] 2021-09-06 15:52:25,041: Registering with master node http://localhost:11311
[rospy.init][INFO] 2021-09-06 15:52:25,141: registered with master
[rospy.rosout][INFO] 2021-09-06 15:52:25,141: initializing /rosout core topic
[rospy.rosout][INFO] 2021-09-06 15:52:25,143: connected to core topic /rosout
[rospy.simtime][INFO] 2021-09-06 15:52:25,144: /use_sim_time is not set, will not subscribe to simulated time [/clock] topic
[rospy.internal][INFO] 2021-09-06 15:52:25,205: topic[/move_group/fake_controller_joint_states] adding connection to [http://wng:32975/], count 0
[rospy.internal][INFO] 2021-09-06 15:52:25,433: topic[/rosout] adding connection to [/rosout], count 0
[rospy.internal][INFO] 2021-09-06 15:52:25,433: topic[/joint_states] adding connection to [/joint_state_desired_publisher], count 0
[rospy.internal][INFO] 2021-09-06 15:52:25,534: topic[/joint_states] adding connection to [/robot_state_publisher], count 1
[rospy.internal][INFO] 2021-09-06 15:53:08,390: topic[/joint_states] adding connection to [/move_group_commander_wrappers_1630911150937267906], count 2
[rospy.internal][INFO] 2021-09-06 16:11:25,324: topic[/joint_states] removing connection to /move_group_commander_wrappers_1630911150937267906
[rospy.core][INFO] 2021-09-06 16:11:38,018: signal_shutdown [signal-2]
[rospy.internal][INFO] 2021-09-06 16:11:38,023: topic[/joint_states] removing connection to /joint_state_desired_publisher
[rospy.internal][INFO] 2021-09-06 16:11:38,029: topic[/joint_states] removing connection to /robot_state_publisher
[rospy.internal][INFO] 2021-09-06 16:11:38,033: topic[/rosout] removing connection to /rosout
[rospy.internal][INFO] 2021-09-06 16:11:38,037: topic[/move_group/fake_controller_joint_states] removing connection to http://wng:32975/
[rospy.impl.masterslave][INFO] 2021-09-06 16:11:38,037: signal-2
[rospy.core][INFO] 2021-09-06 16:11:38,144: signal_shutdown [atexit]
