[rospy.client][INFO] 2021-09-06 15:52:25,510: init_node, name[/server_endpoint], pid[30294]
[xmlrpc][INFO] 2021-09-06 15:52:25,510: XML-RPC server binding to 0.0.0.0:0
[xmlrpc][INFO] 2021-09-06 15:52:25,510: Started XML-RPC server [http://wng:32847/]
[rospy.init][INFO] 2021-09-06 15:52:25,510: ROS Slave URI: [http://wng:32847/]
[rospy.impl.masterslave][INFO] 2021-09-06 15:52:25,510: _ready: http://wng:32847/
[xmlrpc][INFO] 2021-09-06 15:52:25,511: xml rpc node: starting XML-RPC server
[rospy.registration][INFO] 2021-09-06 15:52:25,511: Registering with master node http://localhost:11311
[rospy.init][INFO] 2021-09-06 15:52:25,611: registered with master
[rospy.rosout][INFO] 2021-09-06 15:52:25,611: initializing /rosout core topic
[rospy.rosout][INFO] 2021-09-06 15:52:25,614: connected to core topic /rosout
[rospy.simtime][INFO] 2021-09-06 15:52:25,616: /use_sim_time is not set, will not subscribe to simulated time [/clock] topic
[rosout][INFO] 2021-09-06 15:52:25,641: Starting server on 192.168.1.146:10000
[rospy.internal][INFO] 2021-09-06 15:52:25,839: topic[/rosout] adding connection to [/rosout], count 0
[rosout][INFO] 2021-09-06 15:52:37,724: Connection from 192.168.1.146
[rosout][INFO] 2021-09-06 15:52:37,730: RegisterPublisher(execution_check, <class 'panda_move.msg._ExecutionCheck.ExecutionCheck'>) OK
[rospy.internal][INFO] 2021-09-06 15:52:37,798: topic[/execution_check] adding connection to [http://wng:32847/], count 0
[rospy.internal][INFO] 2021-09-06 15:52:37,799: topic[/execution_check] adding connection to [/server_endpoint], count 0
[rospy.core][INFO] 2021-09-06 16:11:38,045: signal_shutdown [signal-2]
[rospy.internal][INFO] 2021-09-06 16:11:38,049: topic[/execution_check] removing connection to /server_endpoint
[rospy.internal][INFO] 2021-09-06 16:11:38,049: topic[/rosout] removing connection to /rosout
[rospy.internal][INFO] 2021-09-06 16:11:38,049: topic[/execution_check] removing connection to http://wng:32847/
[rospy.impl.masterslave][INFO] 2021-09-06 16:11:38,049: signal-2
[rospy.core][INFO] 2021-09-06 16:11:38,151: signal_shutdown [atexit]
