[rospy.client][INFO] 2021-09-18 21:17:49,648: init_node, name[/joint_state_publisher], pid[31470]
[xmlrpc][INFO] 2021-09-18 21:17:49,649: XML-RPC server binding to 0.0.0.0:0
[xmlrpc][INFO] 2021-09-18 21:17:49,650: Started XML-RPC server [http://wng:38003/]
[rospy.init][INFO] 2021-09-18 21:17:49,650: ROS Slave URI: [http://wng:38003/]
[rospy.impl.masterslave][INFO] 2021-09-18 21:17:49,650: _ready: http://wng:38003/
[rospy.registration][INFO] 2021-09-18 21:17:49,651: Registering with master node http://localhost:11311
[xmlrpc][INFO] 2021-09-18 21:17:49,651: xml rpc node: starting XML-RPC server
[rospy.init][INFO] 2021-09-18 21:17:49,750: registered with master
[rospy.rosout][INFO] 2021-09-18 21:17:49,750: initializing /rosout core topic
[rospy.rosout][INFO] 2021-09-18 21:17:49,753: connected to core topic /rosout
[rospy.simtime][INFO] 2021-09-18 21:17:49,754: /use_sim_time is not set, will not subscribe to simulated time [/clock] topic
[rospy.internal][INFO] 2021-09-18 21:17:49,825: topic[/move_group/fake_controller_joint_states] adding connection to [http://wng:33895/], count 0
[rospy.internal][INFO] 2021-09-18 21:17:50,008: topic[/rosout] adding connection to [/rosout], count 0
[rospy.internal][INFO] 2021-09-18 21:17:50,009: topic[/joint_states] adding connection to [/robot_state_publisher], count 0
[rospy.internal][INFO] 2021-09-18 21:17:50,012: topic[/joint_states] adding connection to [/joint_state_desired_publisher], count 1
[rospy.internal][INFO] 2021-09-18 21:18:35,908: topic[/joint_states] adding connection to [/move_group_commander_wrappers_1631967478754594796], count 2
[rospy.internal][INFO] 2021-09-18 21:33:17,712: topic[/joint_states] removing connection to /move_group_commander_wrappers_1631967478754594796
[rospy.core][INFO] 2021-09-18 21:34:11,790: signal_shutdown [signal-2]
[rospy.internal][INFO] 2021-09-18 21:34:11,793: topic[/joint_states] removing connection to /robot_state_publisher
[rospy.internal][INFO] 2021-09-18 21:34:11,793: topic[/joint_states] removing connection to /joint_state_desired_publisher
[rospy.internal][INFO] 2021-09-18 21:34:11,793: topic[/rosout] removing connection to /rosout
[rospy.internal][INFO] 2021-09-18 21:34:11,794: topic[/move_group/fake_controller_joint_states] removing connection to http://wng:33895/
[rospy.internal][WARNING] 2021-09-18 21:34:11,794: Unknown error initiating TCP/IP socket to wng:57837 (http://wng:33895/): Traceback (most recent call last):
  File "/opt/ros/melodic/lib/python2.7/dist-packages/rospy/impl/tcpros_base.py", line 562, in connect
    self.read_header()
  File "/opt/ros/melodic/lib/python2.7/dist-packages/rospy/impl/tcpros_base.py", line 657, in read_header
    self._validate_header(read_ros_handshake_header(sock, self.read_buff, self.protocol.buff_size))
AttributeError: 'NoneType' object has no attribute 'buff_size'

[rospy.topics][ERROR] 2021-09-18 21:34:11,794: Traceback (most recent call last):
  File "/opt/ros/melodic/lib/python2.7/dist-packages/rospy/topics.py", line 326, in close
    c.close()
  File "/opt/ros/melodic/lib/python2.7/dist-packages/rospy/impl/tcpros_base.py", line 846, in close
    self.socket.close()
AttributeError: 'NoneType' object has no attribute 'close'

[rospy.impl.masterslave][INFO] 2021-09-18 21:34:11,794: signal-2
[rospy.core][INFO] 2021-09-18 21:34:11,895: signal_shutdown [atexit]
