[rospy.client][INFO] 2021-09-18 21:17:49,926: init_node, name[/server_endpoint], pid[31468]
[xmlrpc][INFO] 2021-09-18 21:17:49,927: XML-RPC server binding to 0.0.0.0:0
[xmlrpc][INFO] 2021-09-18 21:17:49,927: Started XML-RPC server [http://wng:40955/]
[rospy.init][INFO] 2021-09-18 21:17:49,927: ROS Slave URI: [http://wng:40955/]
[rospy.impl.masterslave][INFO] 2021-09-18 21:17:49,927: _ready: http://wng:40955/
[rospy.registration][INFO] 2021-09-18 21:17:49,927: Registering with master node http://localhost:11311
[xmlrpc][INFO] 2021-09-18 21:17:49,927: xml rpc node: starting XML-RPC server
[rospy.init][INFO] 2021-09-18 21:17:50,027: registered with master
[rospy.rosout][INFO] 2021-09-18 21:17:50,027: initializing /rosout core topic
[rospy.rosout][INFO] 2021-09-18 21:17:50,028: connected to core topic /rosout
[rospy.simtime][INFO] 2021-09-18 21:17:50,029: /use_sim_time is not set, will not subscribe to simulated time [/clock] topic
[rosout][INFO] 2021-09-18 21:17:50,032: Starting server on 192.168.1.146:10000
[rospy.internal][INFO] 2021-09-18 21:17:50,310: topic[/rosout] adding connection to [/rosout], count 0
[rosout][INFO] 2021-09-18 21:18:05,264: Connection from 192.168.1.146
[rosout][INFO] 2021-09-18 21:18:05,268: RegisterPublisher(execution_check, <class 'panda_move.msg._ExecutionCheck.ExecutionCheck'>) OK
[rospy.internal][INFO] 2021-09-18 21:18:05,383: topic[/execution_check] adding connection to [http://wng:40955/], count 0
[rospy.internal][INFO] 2021-09-18 21:18:05,386: topic[/execution_check] adding connection to [/server_endpoint], count 0
[rospy.core][INFO] 2021-09-18 21:34:11,791: signal_shutdown [signal-2]
[rospy.internal][INFO] 2021-09-18 21:34:11,794: topic[/execution_check] removing connection to /server_endpoint
[rospy.internal][INFO] 2021-09-18 21:34:11,794: topic[/rosout] removing connection to /rosout
[rospy.internal][INFO] 2021-09-18 21:34:11,794: topic[/execution_check] removing connection to http://wng:40955/
[rospy.impl.masterslave][INFO] 2021-09-18 21:34:11,794: signal-2
[rospy.internal][ERROR] 2021-09-18 21:34:11,795: Unable to initiate TCP/IP socket to wng:38863 (http://wng:40955/): Traceback (most recent call last):
  File "/opt/ros/melodic/lib/python2.7/dist-packages/rospy/impl/tcpros_base.py", line 562, in connect
    self.read_header()
  File "/opt/ros/melodic/lib/python2.7/dist-packages/rospy/impl/tcpros_base.py", line 657, in read_header
    self._validate_header(read_ros_handshake_header(sock, self.read_buff, self.protocol.buff_size))
  File "/opt/ros/melodic/lib/python2.7/dist-packages/rospy/impl/tcpros_base.py", line 600, in _validate_header
    raise TransportInitError("remote error reported: %s"%header['error'])
TransportInitError: remote error reported: node shutting down

[rospy.core][INFO] 2021-09-18 21:34:11,902: signal_shutdown [atexit]
