[rospy.client][INFO] 2021-09-09 13:34:27,933: init_node, name[/joint_state_publisher], pid[12513]
[xmlrpc][INFO] 2021-09-09 13:34:27,933: XML-RPC server binding to 0.0.0.0:0
[xmlrpc][INFO] 2021-09-09 13:34:27,933: Started XML-RPC server [http://wng:32959/]
[rospy.init][INFO] 2021-09-09 13:34:27,933: ROS Slave URI: [http://wng:32959/]
[rospy.impl.masterslave][INFO] 2021-09-09 13:34:27,933: _ready: http://wng:32959/
[xmlrpc][INFO] 2021-09-09 13:34:27,934: xml rpc node: starting XML-RPC server
[rospy.registration][INFO] 2021-09-09 13:34:27,934: Registering with master node http://localhost:11311
[rospy.init][INFO] 2021-09-09 13:34:28,034: registered with master
[rospy.rosout][INFO] 2021-09-09 13:34:28,034: initializing /rosout core topic
[rospy.rosout][INFO] 2021-09-09 13:34:28,036: connected to core topic /rosout
[rospy.simtime][INFO] 2021-09-09 13:34:28,036: /use_sim_time is not set, will not subscribe to simulated time [/clock] topic
[rospy.internal][INFO] 2021-09-09 13:34:28,098: topic[/move_group/fake_controller_joint_states] adding connection to [http://wng:33655/], count 0
[rospy.internal][INFO] 2021-09-09 13:34:28,313: topic[/rosout] adding connection to [/rosout], count 0
[rospy.internal][INFO] 2021-09-09 13:34:28,314: topic[/joint_states] adding connection to [/joint_state_desired_publisher], count 0
[rospy.internal][INFO] 2021-09-09 13:34:28,314: topic[/joint_states] adding connection to [/robot_state_publisher], count 1
[rospy.internal][INFO] 2021-09-09 13:34:53,595: topic[/joint_states] adding connection to [/move_group_commander_wrappers_1631162072988044684], count 2
[rospy.core][INFO] 2021-09-09 13:37:21,098: signal_shutdown [signal-2]
[rospy.internal][INFO] 2021-09-09 13:37:21,101: topic[/joint_states] removing connection to /joint_state_desired_publisher
[rospy.internal][INFO] 2021-09-09 13:37:21,101: topic[/joint_states] removing connection to /robot_state_publisher
[rospy.internal][INFO] 2021-09-09 13:37:21,102: topic[/joint_states] removing connection to /move_group_commander_wrappers_1631162072988044684
[rospy.internal][INFO] 2021-09-09 13:37:21,102: topic[/rosout] removing connection to /rosout
[rospy.internal][INFO] 2021-09-09 13:37:21,102: topic[/move_group/fake_controller_joint_states] removing connection to http://wng:33655/
[rospy.impl.masterslave][INFO] 2021-09-09 13:37:21,102: signal-2
[rospy.core][INFO] 2021-09-09 13:37:21,266: signal_shutdown [atexit]
