[rospy.client][INFO] 2021-09-19 10:46:15,926: init_node, name[/server_endpoint], pid[8593]
[xmlrpc][INFO] 2021-09-19 10:46:15,927: XML-RPC server binding to 0.0.0.0:0
[xmlrpc][INFO] 2021-09-19 10:46:15,927: Started XML-RPC server [http://wng:35157/]
[rospy.init][INFO] 2021-09-19 10:46:15,927: ROS Slave URI: [http://wng:35157/]
[rospy.impl.masterslave][INFO] 2021-09-19 10:46:15,927: _ready: http://wng:35157/
[rospy.registration][INFO] 2021-09-19 10:46:15,927: Registering with master node http://localhost:11311
[xmlrpc][INFO] 2021-09-19 10:46:15,927: xml rpc node: starting XML-RPC server
[rospy.init][INFO] 2021-09-19 10:46:16,027: registered with master
[rospy.rosout][INFO] 2021-09-19 10:46:16,028: initializing /rosout core topic
[rospy.rosout][INFO] 2021-09-19 10:46:16,031: connected to core topic /rosout
[rospy.simtime][INFO] 2021-09-19 10:46:16,032: /use_sim_time is not set, will not subscribe to simulated time [/clock] topic
[rosout][INFO] 2021-09-19 10:46:16,043: Starting server on 192.168.1.146:10000
[rospy.internal][INFO] 2021-09-19 10:46:16,261: topic[/rosout] adding connection to [/rosout], count 0
[rosout][INFO] 2021-09-19 10:46:42,532: Connection from 192.168.1.146
[rosout][INFO] 2021-09-19 10:46:42,537: RegisterPublisher(execution_check, <class 'panda_move.msg._ExecutionCheck.ExecutionCheck'>) OK
[rospy.internal][INFO] 2021-09-19 10:46:42,566: topic[/execution_check] adding connection to [http://wng:35157/], count 0
[rospy.internal][INFO] 2021-09-19 10:46:42,567: topic[/execution_check] adding connection to [/server_endpoint], count 0
[rospy.core][INFO] 2021-09-19 11:04:59,786: signal_shutdown [signal-2]
[rospy.internal][INFO] 2021-09-19 11:04:59,789: topic[/execution_check] removing connection to /server_endpoint
[rospy.internal][INFO] 2021-09-19 11:04:59,790: topic[/rosout] removing connection to /rosout
[rospy.internal][INFO] 2021-09-19 11:04:59,790: topic[/execution_check] removing connection to http://wng:35157/
[rospy.impl.masterslave][INFO] 2021-09-19 11:04:59,790: signal-2
[rospy.internal][ERROR] 2021-09-19 11:04:59,791: Unable to initiate TCP/IP socket to wng:42349 (http://wng:35157/): Traceback (most recent call last):
  File "/opt/ros/melodic/lib/python2.7/dist-packages/rospy/impl/tcpros_base.py", line 562, in connect
    self.read_header()
  File "/opt/ros/melodic/lib/python2.7/dist-packages/rospy/impl/tcpros_base.py", line 657, in read_header
    self._validate_header(read_ros_handshake_header(sock, self.read_buff, self.protocol.buff_size))
  File "/opt/ros/melodic/lib/python2.7/dist-packages/rospy/impl/tcpros_base.py", line 600, in _validate_header
    raise TransportInitError("remote error reported: %s"%header['error'])
TransportInitError: remote error reported: node shutting down

[rospy.core][INFO] 2021-09-19 11:04:59,906: signal_shutdown [atexit]
