[rospy.client][INFO] 2021-09-06 15:25:07,030: init_node, name[/joint_state_publisher], pid[26800]
[xmlrpc][INFO] 2021-09-06 15:25:07,030: XML-RPC server binding to 0.0.0.0:0
[xmlrpc][INFO] 2021-09-06 15:25:07,031: Started XML-RPC server [http://wng:43613/]
[rospy.init][INFO] 2021-09-06 15:25:07,031: ROS Slave URI: [http://wng:43613/]
[rospy.impl.masterslave][INFO] 2021-09-06 15:25:07,031: _ready: http://wng:43613/
[xmlrpc][INFO] 2021-09-06 15:25:07,031: xml rpc node: starting XML-RPC server
[rospy.registration][INFO] 2021-09-06 15:25:07,031: Registering with master node http://localhost:11311
[rospy.init][INFO] 2021-09-06 15:25:07,131: registered with master
[rospy.rosout][INFO] 2021-09-06 15:25:07,131: initializing /rosout core topic
[rospy.rosout][INFO] 2021-09-06 15:25:07,133: connected to core topic /rosout
[rospy.simtime][INFO] 2021-09-06 15:25:07,134: /use_sim_time is not set, will not subscribe to simulated time [/clock] topic
[rospy.internal][INFO] 2021-09-06 15:25:07,196: topic[/move_group/fake_controller_joint_states] adding connection to [http://wng:46297/], count 0
[rospy.internal][INFO] 2021-09-06 15:25:07,431: topic[/joint_states] adding connection to [/joint_state_desired_publisher], count 0
[rospy.internal][INFO] 2021-09-06 15:25:07,431: topic[/rosout] adding connection to [/rosout], count 0
[rospy.internal][INFO] 2021-09-06 15:25:07,531: topic[/joint_states] adding connection to [/robot_state_publisher], count 1
[rospy.internal][INFO] 2021-09-06 15:25:41,832: topic[/joint_states] adding connection to [/move_group_commander_wrappers_1630909514149640930], count 2
[rospy.internal][INFO] 2021-09-06 15:32:21,148: topic[/joint_states] removing connection to /move_group_commander_wrappers_1630909514149640930
[rospy.core][INFO] 2021-09-06 15:35:38,438: signal_shutdown [signal-2]
[rospy.internal][INFO] 2021-09-06 15:35:38,441: topic[/joint_states] removing connection to /joint_state_desired_publisher
[rospy.internal][INFO] 2021-09-06 15:35:38,441: topic[/joint_states] removing connection to /robot_state_publisher
[rospy.internal][INFO] 2021-09-06 15:35:38,441: topic[/rosout] removing connection to /rosout
[rospy.internal][INFO] 2021-09-06 15:35:38,441: topic[/move_group/fake_controller_joint_states] removing connection to http://wng:46297/
[rospy.impl.masterslave][INFO] 2021-09-06 15:35:38,441: signal-2
[rospy.core][INFO] 2021-09-06 15:35:38,557: signal_shutdown [atexit]
