[rospy.client][INFO] 2021-09-06 15:25:14,177: init_node, name[/PandaMove], pid[26799]
[xmlrpc][INFO] 2021-09-06 15:25:14,178: XML-RPC server binding to 0.0.0.0:0
[xmlrpc][INFO] 2021-09-06 15:25:14,178: Started XML-RPC server [http://wng:39717/]
[rospy.init][INFO] 2021-09-06 15:25:14,178: ROS Slave URI: [http://wng:39717/]
[rospy.impl.masterslave][INFO] 2021-09-06 15:25:14,178: _ready: http://wng:39717/
[xmlrpc][INFO] 2021-09-06 15:25:14,179: xml rpc node: starting XML-RPC server
[rospy.registration][INFO] 2021-09-06 15:25:14,179: Registering with master node http://localhost:11311
[rospy.init][INFO] 2021-09-06 15:25:14,279: registered with master
[rospy.rosout][INFO] 2021-09-06 15:25:14,279: initializing /rosout core topic
[rospy.rosout][INFO] 2021-09-06 15:25:14,280: connected to core topic /rosout
[rospy.simtime][INFO] 2021-09-06 15:25:14,280: /use_sim_time is not set, will not subscribe to simulated time [/clock] topic
[rospy.internal][INFO] 2021-09-06 15:25:15,953: topic[/rosout] adding connection to [/rosout], count 0
[rospy.internal][INFO] 2021-09-06 15:25:15,975: topic[/attached_collision_object] adding connection to [/move_group], count 0
[rospy.internal][INFO] 2021-09-06 15:25:15,978: topic[/collision_object] adding connection to [/move_group], count 0
[rosout][INFO] 2021-09-06 15:25:15,978: wait for update_place_pose_state
[rospy.internal][INFO] 2021-09-06 15:25:15,979: topic[/tf_static] adding connection to [/move_group_commander_wrappers_1630909514149640930], count 0
[rospy.internal][INFO] 2021-09-06 15:25:16,056: topic[/tf_static] adding connection to [/move_group], count 1
[rospy.internal][INFO] 2021-09-06 15:25:16,079: topic[/tf_static] adding connection to [/rviz_wng_26763_1680231126437874925], count 2
[rospy.internal][INFO] 2021-09-06 15:25:16,181: topic[/action] adding connection to [/rviz_wng_26763_1680231126437874925], count 0
[rosout][INFO] 2021-09-06 15:25:16,680: pan
[rosout][INFO] 2021-09-06 15:25:16,689: wait for update_place_pose_state
[rosout][INFO] 2021-09-06 15:25:17,394: pot
[rosout][INFO] 2021-09-06 15:25:17,412: wait for update_place_pose_state
[rosout][INFO] 2021-09-06 15:25:18,120: plate
[rosout][INFO] 2021-09-06 15:25:18,130: wait for update_place_pose_state
[rosout][INFO] 2021-09-06 15:25:18,843: bowl
[rosout][INFO] 2021-09-06 15:25:18,856: wait for update_place_pose_state
[rosout][INFO] 2021-09-06 15:25:19,570: spatula
[rosout][INFO] 2021-09-06 15:25:19,575: wait for update_place_pose_state
[rosout][INFO] 2021-09-06 15:25:20,294: spreader
[rosout][INFO] 2021-09-06 15:25:20,301: wait for update_place_pose_state
[rosout][INFO] 2021-09-06 15:25:21,023: scooper
[rosout][INFO] 2021-09-06 15:25:21,028: wait for update_place_pose_state
[rosout][INFO] 2021-09-06 15:25:21,753: knife
[rosout][INFO] 2021-09-06 15:25:21,762: wait for update_place_pose_state
[rosout][INFO] 2021-09-06 15:25:22,487: cutting_board
[rosout][INFO] 2021-09-06 15:25:22,494: wait for update_place_pose_state
[rosout][INFO] 2021-09-06 15:25:23,218: bacon
[rosout][INFO] 2021-09-06 15:25:23,226: wait for update_place_pose_state
[rosout][INFO] 2021-09-06 15:25:23,956: ham
[rosout][INFO] 2021-09-06 15:25:23,961: wait for update_place_pose_state
[rosout][INFO] 2021-09-06 15:25:24,692: tomato
[rosout][INFO] 2021-09-06 15:25:24,703: wait for update_place_pose_state
[rosout][INFO] 2021-09-06 15:25:25,478: garlic_bread1
[rosout][INFO] 2021-09-06 15:25:25,482: wait for update_place_pose_state
[rosout][INFO] 2021-09-06 15:25:26,221: garlic_bread2
[rosout][INFO] 2021-09-06 15:25:26,225: wait for update_place_pose_state
[rosout][INFO] 2021-09-06 15:25:26,969: garlic_bread3
[rosout][INFO] 2021-09-06 15:25:26,973: wait for update_place_pose_state
[rosout][INFO] 2021-09-06 15:25:27,715: turkey
[rosout][INFO] 2021-09-06 15:25:27,734: wait for update_place_pose_state
[rosout][INFO] 2021-09-06 15:25:28,484: cheese
[rosout][INFO] 2021-09-06 15:25:28,487: wait for update_place_pose_state
[rosout][INFO] 2021-09-06 15:25:29,242: escarole
[rosout][INFO] 2021-09-06 15:25:29,251: wait for update_place_pose_state
[rosout][INFO] 2021-09-06 15:25:30,005: relish_bottle
[rosout][INFO] 2021-09-06 15:25:30,015: wait for update_place_pose_state
[rosout][INFO] 2021-09-06 15:25:30,772: chopped_tomato
[rosout][INFO] 2021-09-06 15:25:30,796: wait for update_place_pose_state
[rosout][INFO] 2021-09-06 15:25:31,556: mayonnaise_1
[rosout][INFO] 2021-09-06 15:25:31,564: wait for update_place_pose_state
[rosout][INFO] 2021-09-06 15:25:32,328: mayonnaise_2
[rosout][INFO] 2021-09-06 15:25:59,021: Scene Sync Completed
[rosout][INFO] 2021-09-06 15:25:59,023: ==================================================
[rosout][INFO] 2021-09-06 15:25:59,024: [task=1]
[rosout][INFO] 2021-09-06 15:25:59,025: wait for update_place_pose_state
[rosout][INFO] 2021-09-06 15:25:59,842: ####### generate problem #######
[rosout][INFO] 2021-09-06 15:25:59,844: using_ings: [set(['bacon', 'relish']), {}]
[rosout][INFO] 2021-09-06 15:25:59,845: using_objects: {'plate': 'plate', 'relish_bottle': 'relish_bottle', 'near_cutting_board': 'near_cutting_board', 'bacon': 'bacon', 'pot': 'pot', 'bowl': 'bowl', 'relish': 'relish', 'cutting_board': 'cutting_board', 'spatula': 'spatula', 'spreader': 'spreader', 'scooper': 'scooper', 'table': 'table', 'stove': 'stove', 'pan': 'pan', 'knife': 'knife'}
[rosout][INFO] 2021-09-06 15:25:59,846: goal: {'cooked_bacon': True, 'exist_escarole': True, 'exist_bacon': True, 'exist_relish': True, 'exist_ham': True, 'exist_turkey': True, 'exist_tomato': True, 'exist_cheese': True, 'exist_garlic_bread1': True, 'exist_garlic_bread2': True, 'exist_garlic_bread3': True}
[rosout][INFO] 2021-09-06 15:25:59,846: goal_diff: {'cooked_bacon': True}
[rosout][INFO] 2021-09-06 15:25:59,847: current: {'plate_is_on': 'table1', 'tomato_is_on': 'table1', 'escarole_is_on': 'table1', 'pan_is_on': 'table1', 'pot_is_on': 'table1', 'spatula_is_on': 'table1', 'garlic_bread2_is_on': 'table1', 'garlic_bread1_is_on': 'table1', 'garlic_bread3_is_on': 'table1', 'bacon_is_on': 'table1', 'knife_is_on': 'table1', 'bowl_is_on': 'table1', 'scooper_is_on': 'table1', 'turkey_is_on': 'table1', 'relish_bottle_is_on': 'table1', 'cheese_is_on': 'table1', 'ham_is_on': 'table1', 'spreader_is_on': 'table1'}
[rosout][INFO] 2021-09-06 15:25:59,848: initial: {'garlic_bread3_is_on': 'table1', 'spatula_is_on': 'table1', 'chopped_turkey': False, 'chopped_bacon': False, 'chopped_cheese': False, 'spread_on_ham': 'None', 'cooked_bacon': False, 'exist_escarole': True, 'chopped_garlic_bread1': False, 'garlic_bread1_is_on': 'table1', 'chopped_ham': False, 'ham_is_in': 'None', 'turkey_is_in': 'None', 'exist_turkey': True, 'cooked_relish': False, 'cheese_is_on': 'table1', 'spread_on_cheese': 'None', 'relish_is_on': 'table', 'chopped_sandwich': False, 'sandwich_is_in': 'None', 'garlic_bread2_is_in': 'None', 'spread_on_turkey': 'None', 'spread_on_garlic_bread1': 'None', 'cooked_garlic_bread1': False, 'cooked_garlic_bread3': False, 'cooked_garlic_bread2': False, 'chopped_tomato': False, 'cooked_turkey': False, 'cooked_sandwich': False, 'chopped_escarole': False, 'tomato_is_on': 'table1', 'bacon_is_in': 'None', 'escarole_is_on': 'table1', 'exist_sandwich': False, 'garlic_bread3_is_in': 'None', 'exist_bacon': True, 'exist_cheese': True, 'bowl_is_on': 'table1', 'chopped_relish': False, 'cooked_tomato': False, 'exist_garlic_bread1': True, 'spread_on_sandwich': 'None', 'cooked_cheese': False, 'spread_on_relish': 'None', 'garlic_bread1_is_in': 'None', 'spread_on_bacon': 'None', 'knife_is_on': 'table1', 'holding': 'None', 'spread_on_escarole': 'None', 'turkey_is_on': 'table1', 'ham_is_on': 'table1', 'spreader_is_on': 'table1', 'spread_on_tomato': 'None', 'spread_on_garlic_bread2': 'None', 'exist_ham': True, 'relish_is_in': 'None', 'spread_on_garlic_bread3': 'None', 'pot_is_on': 'table1', 'cooked_escarole': False, 'scooper_is_on': 'table1', 'cheese_is_in': 'None', 'sandwich_is_on': 'table', 'exist_garlic_bread2': True, 'bacon_is_on': 'table1', 'exist_garlic_bread3': True, 'plate_is_on': 'table1', 'exist_relish': True, 'garlic_bread2_is_on': 'table1', 'pan_is_on': 'table1', 'exist_tomato': True, 'escarole_is_in': 'None', 'chopped_garlic_bread2': False, 'chopped_garlic_bread3': False, 'relish_bottle_is_on': 'table1', 'tomato_is_in': 'None', 'cooked_ham': False}
[rosout][INFO] 2021-09-06 15:26:01,984: ####### task plan info #######
[rosout][INFO] 2021-09-06 15:26:01,985: plan =  -> PickUp/pan -> Place/pan/stove/cookware -> PickUp/bacon -> PutOn/bacon/pan/None -> Activate/stove/bacon
[rosout][INFO] 2021-09-06 15:26:01,986: length = 5
[rosout][INFO] 2021-09-06 15:26:01,987: num_of_expand = 2324
[rosout][INFO] 2021-09-06 15:26:01,988: time = 2.13384389877
[rosout][INFO] 2021-09-06 15:26:01,988: success = True
[rosout][INFO] 2021-09-06 15:26:01,989: ==================================================
[rosout][INFO] 2021-09-06 15:26:01,990: [ola=0] ['PickUp', 'pan']
[rosout][INFO] 2021-09-06 15:26:02,175: move_to: 7
[rosout][INFO] 2021-09-06 15:26:11,951: Scene Sync Completed
[rosout][INFO] 2021-09-06 15:26:12,121: linear_motion: 0.75
[rosout][INFO] 2021-09-06 15:26:18,651: Scene Sync Completed
[rosout][INFO] 2021-09-06 15:26:18,652: obj_hierarchy = ['pan']
[rosout][INFO] 2021-09-06 15:26:19,921: Hand Sync Completed
[rosout][INFO] 2021-09-06 15:26:19,952: linear_motion: 1.0
[rosout][INFO] 2021-09-06 15:26:27,250: Scene Sync Completed
[rosout][INFO] 2021-09-06 15:26:27,266: ####### motion plan info #######
[rosout][INFO] 2021-09-06 15:26:27,267: planning_time = 0.18138217926
[rosout][INFO] 2021-09-06 15:26:27,268: execution_time = 2.30288290977
[rosout][INFO] 2021-09-06 15:26:27,269: success = True
[rosout][INFO] 2021-09-06 15:26:27,270: ####### motion plan info #######
[rosout][INFO] 2021-09-06 15:26:27,271: planning_time = 0.0711419582367
[rosout][INFO] 2021-09-06 15:26:27,272: execution_time = 0.926774024963
[rosout][INFO] 2021-09-06 15:26:27,273: success = True
[rosout][INFO] 2021-09-06 15:26:27,273: ####### motion plan info #######
[rosout][INFO] 2021-09-06 15:26:27,274: planning_time = None
[rosout][INFO] 2021-09-06 15:26:27,275: execution_time = None
[rosout][INFO] 2021-09-06 15:26:27,276: success = True
[rosout][INFO] 2021-09-06 15:26:27,277: ####### motion plan info #######
[rosout][INFO] 2021-09-06 15:26:27,279: planning_time = 0.00362610816956
[rosout][INFO] 2021-09-06 15:26:27,279: execution_time = 1.19569420815
[rosout][INFO] 2021-09-06 15:26:27,280: success = True
[rosout][INFO] 2021-09-06 15:26:27,281: ####### object-level action info #######
[rosout][INFO] 2021-09-06 15:26:27,282: time = 25.2757492065
[rosout][INFO] 2021-09-06 15:26:27,283: action = ['PickUp', 'pan']
[rosout][INFO] 2021-09-06 15:26:27,284: length = 4
[rosout][INFO] 2021-09-06 15:26:27,284: success = True
[rosout][INFO] 2021-09-06 15:26:27,285: ==================================================
[rosout][INFO] 2021-09-06 15:26:27,286: [ola=1] ['Place', 'pan', 'stove', 'cookware']
[rosout][INFO] 2021-09-06 15:26:27,287: wait for update_place_pose_state
[rosout][INFO] 2021-09-06 15:26:28,262: move_to: 24
[rosout][INFO] 2021-09-06 15:26:49,250: Scene Sync Completed
[rosout][INFO] 2021-09-06 15:26:49,442: linear_motion: 0.75
[rosout][INFO] 2021-09-06 15:26:55,950: Scene Sync Completed
[rosout][INFO] 2021-09-06 15:26:55,957: ['pan']
[rosout][INFO] 2021-09-06 15:26:57,416: Hand Sync Completed
[rosout][INFO] 2021-09-06 15:26:57,963: Motion Type Interaction Completed
[rosout][INFO] 2021-09-06 15:27:00,450: Scene Sync Completed
[rosout][INFO] 2021-09-06 15:27:00,558: linear_motion: 1.0
[rosout][INFO] 2021-09-06 15:27:08,156: Scene Sync Completed
[rosout][INFO] 2021-09-06 15:27:08,157: ####### motion plan info #######
[rosout][INFO] 2021-09-06 15:27:08,158: planning_time = 0.193614959717
[rosout][INFO] 2021-09-06 15:27:08,159: execution_time = 3.89856290817
[rosout][INFO] 2021-09-06 15:27:08,160: success = True
[rosout][INFO] 2021-09-06 15:27:08,161: ####### motion plan info #######
[rosout][INFO] 2021-09-06 15:27:08,162: planning_time = 0.0935988426208
[rosout][INFO] 2021-09-06 15:27:08,162: execution_time = 0.905479192734
[rosout][INFO] 2021-09-06 15:27:08,163: success = True
[rosout][INFO] 2021-09-06 15:27:08,164: ####### motion plan info #######
[rosout][INFO] 2021-09-06 15:27:08,165: planning_time = None
[rosout][INFO] 2021-09-06 15:27:08,166: execution_time = None
[rosout][INFO] 2021-09-06 15:27:08,167: success = True
[rosout][INFO] 2021-09-06 15:27:08,168: ####### motion plan info #######
[rosout][INFO] 2021-09-06 15:27:08,168: planning_time = 0.00899386405945
[rosout][INFO] 2021-09-06 15:27:08,169: execution_time = 1.08933281898
[rosout][INFO] 2021-09-06 15:27:08,170: success = True
[rosout][INFO] 2021-09-06 15:27:08,171: ####### object-level action info #######
[rosout][INFO] 2021-09-06 15:27:08,172: time = 40.8704941273
[rosout][INFO] 2021-09-06 15:27:08,173: action = ['Place', 'pan', 'stove', 'cookware']
[rosout][INFO] 2021-09-06 15:27:08,174: length = 4
[rosout][INFO] 2021-09-06 15:27:08,177: success = True
[rosout][INFO] 2021-09-06 15:27:08,178: ==================================================
[rosout][INFO] 2021-09-06 15:27:08,179: [ola=2] ['PickUp', 'bacon']
[rosout][INFO] 2021-09-06 15:27:08,409: move_to: 15
[rosout][INFO] 2021-09-06 15:27:24,950: Scene Sync Completed
[rosout][INFO] 2021-09-06 15:27:25,060: linear_motion: 1.0
[rosout][INFO] 2021-09-06 15:27:33,151: Scene Sync Completed
[rosout][INFO] 2021-09-06 15:27:33,152: obj_hierarchy = ['bacon']
[rosout][INFO] 2021-09-06 15:27:34,548: Hand Sync Completed
[rosout][INFO] 2021-09-06 15:27:34,662: linear_motion: 1.0
[rosout][INFO] 2021-09-06 15:27:42,857: Scene Sync Completed
[rosout][INFO] 2021-09-06 15:27:42,860: ####### motion plan info #######
[rosout][INFO] 2021-09-06 15:27:42,861: planning_time = 0.0982449054718
[rosout][INFO] 2021-09-06 15:27:42,862: execution_time = 2.99876999855
[rosout][INFO] 2021-09-06 15:27:42,863: success = True
[rosout][INFO] 2021-09-06 15:27:42,863: ####### motion plan info #######
[rosout][INFO] 2021-09-06 15:27:42,864: planning_time = 0.0110399723053
[rosout][INFO] 2021-09-06 15:27:42,865: execution_time = 1.38735198975
[rosout][INFO] 2021-09-06 15:27:42,866: success = True
[rosout][INFO] 2021-09-06 15:27:42,867: ####### motion plan info #######
[rosout][INFO] 2021-09-06 15:27:42,868: planning_time = None
[rosout][INFO] 2021-09-06 15:27:42,869: execution_time = None
[rosout][INFO] 2021-09-06 15:27:42,870: success = True
[rosout][INFO] 2021-09-06 15:27:42,871: ####### motion plan info #######
[rosout][INFO] 2021-09-06 15:27:42,872: planning_time = 0.0134818553925
[rosout][INFO] 2021-09-06 15:27:42,873: execution_time = 1.28596115112
[rosout][INFO] 2021-09-06 15:27:42,874: success = True
[rosout][INFO] 2021-09-06 15:27:42,875: ####### object-level action info #######
[rosout][INFO] 2021-09-06 15:27:42,876: time = 34.6800301075
[rosout][INFO] 2021-09-06 15:27:42,877: action = ['PickUp', 'bacon']
[rosout][INFO] 2021-09-06 15:27:42,885: length = 4
[rosout][INFO] 2021-09-06 15:27:42,889: success = True
[rosout][INFO] 2021-09-06 15:27:42,891: ==================================================
[rosout][INFO] 2021-09-06 15:27:42,891: [ola=3] ['PutOn', 'bacon', 'pan', 'None']
[rosout][INFO] 2021-09-06 15:27:43,137: move_to: 21
[rosout][INFO] 2021-09-06 15:28:01,950: Scene Sync Completed
[rosout][INFO] 2021-09-06 15:28:02,054: linear_motion: 1.0
[rosout][INFO] 2021-09-06 15:28:08,450: Scene Sync Completed
[rosout][INFO] 2021-09-06 15:28:10,113: Hand Sync Completed
[rosout][INFO] 2021-09-06 15:28:10,691: Motion Type Interaction Completed
[rosout][INFO] 2021-09-06 15:28:13,251: Scene Sync Completed
[rosout][INFO] 2021-09-06 15:28:13,252: wait for update_place_pose_state
[rosout][INFO] 2021-09-06 15:28:14,036: {'plate': [], 'pot': [], 'bowl': [], 'pan': ['bacon']}
[rosout][INFO] 2021-09-06 15:28:14,108: linear_motion: 1.0
[rosout][INFO] 2021-09-06 15:28:19,951: Scene Sync Completed
[rosout][INFO] 2021-09-06 15:28:19,957: ####### motion plan info #######
[rosout][INFO] 2021-09-06 15:28:19,958: planning_time = 0.129115104675
[rosout][INFO] 2021-09-06 15:28:19,959: execution_time = 3.69865989685
[rosout][INFO] 2021-09-06 15:28:19,960: success = True
[rosout][INFO] 2021-09-06 15:28:19,961: ####### motion plan info #######
[rosout][INFO] 2021-09-06 15:28:19,962: planning_time = 0.005695104599
[rosout][INFO] 2021-09-06 15:28:19,963: execution_time = 0.887022018433
[rosout][INFO] 2021-09-06 15:28:19,964: success = True
[rosout][INFO] 2021-09-06 15:28:19,965: ####### motion plan info #######
[rosout][INFO] 2021-09-06 15:28:19,966: planning_time = None
[rosout][INFO] 2021-09-06 15:28:19,967: execution_time = None
[rosout][INFO] 2021-09-06 15:28:19,968: success = True
[rosout][INFO] 2021-09-06 15:28:19,969: ####### motion plan info #######
[rosout][INFO] 2021-09-06 15:28:19,970: planning_time = 0.0588960647583
[rosout][INFO] 2021-09-06 15:28:19,971: execution_time = 0.840496063232
[rosout][INFO] 2021-09-06 15:28:19,972: success = True
[rosout][INFO] 2021-09-06 15:28:19,973: ####### object-level action info #######
[rosout][INFO] 2021-09-06 15:28:19,974: time = 37.0650999546
[rosout][INFO] 2021-09-06 15:28:19,975: action = ['PutOn', 'bacon', 'pan', 'None']
[rosout][INFO] 2021-09-06 15:28:19,976: length = 4
[rosout][INFO] 2021-09-06 15:28:19,977: success = True
[rosout][INFO] 2021-09-06 15:28:19,978: ==================================================
[rosout][INFO] 2021-09-06 15:28:19,979: [ola=4] ['Activate', 'stove', 'bacon']
[rosout][INFO] 2021-09-06 15:28:19,980: obj=stove, cooked_obj=bacon
[rosout][INFO] 2021-09-06 15:28:20,249: Motion Type Interaction Completed
[rosout][INFO] 2021-09-06 15:28:20,251: ####### object-level action info #######
[rosout][INFO] 2021-09-06 15:28:20,252: time = 0.270918130875
[rosout][INFO] 2021-09-06 15:28:20,252: action = ['Activate', 'stove', 'bacon']
[rosout][INFO] 2021-09-06 15:28:20,253: length = 0
[rosout][INFO] 2021-09-06 15:28:20,254: success = True
[rosout][INFO] 2021-09-06 15:28:20,255: ==================================================
[rosout][INFO] 2021-09-06 15:28:20,256: [task=2]
[rosout][INFO] 2021-09-06 15:28:20,257: wait for update_place_pose_state
[rosout][INFO] 2021-09-06 15:28:21,094: ####### generate problem #######
[rosout][INFO] 2021-09-06 15:28:21,095: using_ings: [set(['tomato', 'relish']), {}]
[rosout][INFO] 2021-09-06 15:28:21,101: using_objects: {'tomato': 'tomato', 'plate': 'plate', 'relish_bottle': 'relish_bottle', 'near_cutting_board': 'near_cutting_board', 'pot': 'pot', 'bowl': 'bowl', 'relish': 'relish', 'cutting_board': 'cutting_board', 'spatula': 'spatula', 'spreader': 'spreader', 'scooper': 'scooper', 'table': 'table', 'stove': 'stove', 'pan': 'pan', 'knife': 'knife'}
[rosout][INFO] 2021-09-06 15:28:21,102: goal: {'cooked_bacon': True, 'exist_escarole': True, 'exist_bacon': True, 'exist_relish': True, 'exist_ham': True, 'exist_turkey': True, 'chopped_tomato': True, 'exist_tomato': True, 'exist_cheese': True, 'exist_garlic_bread1': True, 'exist_garlic_bread2': True, 'exist_garlic_bread3': True}
[rosout][INFO] 2021-09-06 15:28:21,103: goal_diff: {'chopped_tomato': True}
[rosout][INFO] 2021-09-06 15:28:21,104: current: {'plate_is_on': 'table1', 'tomato_is_on': 'table1', 'escarole_is_on': 'table1', 'knife_is_on': 'table1', 'pot_is_on': 'table1', 'spatula_is_on': 'table1', 'garlic_bread2_is_on': 'table1', 'garlic_bread1_is_on': 'table1', 'garlic_bread3_is_on': 'table1', 'bacon_is_on': 'pan', 'pan_is_on': 'stove', 'bowl_is_on': 'table1', 'scooper_is_on': 'table1', 'turkey_is_on': 'table1', 'relish_bottle_is_on': 'table1', 'cheese_is_on': 'table1', 'ham_is_on': 'table1', 'spreader_is_on': 'table1'}
[rosout][INFO] 2021-09-06 15:28:21,105: initial: {'garlic_bread3_is_on': 'table1', 'spatula_is_on': 'table1', 'chopped_turkey': False, 'chopped_bacon': False, 'chopped_cheese': False, 'spread_on_ham': 'None', 'cooked_bacon': True, 'exist_escarole': True, 'chopped_garlic_bread1': False, 'garlic_bread1_is_on': 'table1', 'chopped_ham': False, 'ham_is_in': 'None', 'turkey_is_in': 'None', 'exist_turkey': True, 'cooked_relish': False, 'cheese_is_on': 'table1', 'spread_on_cheese': 'None', 'relish_is_on': 'table', 'chopped_sandwich': False, 'sandwich_is_in': 'None', 'garlic_bread2_is_in': 'None', 'spread_on_turkey': 'None', 'spread_on_garlic_bread1': 'None', 'cooked_garlic_bread1': False, 'cooked_garlic_bread3': False, 'cooked_garlic_bread2': False, 'chopped_tomato': False, 'cooked_turkey': False, 'cooked_sandwich': False, 'chopped_escarole': False, 'tomato_is_on': 'table1', 'bacon_is_in': 'None', 'escarole_is_on': 'table1', 'exist_sandwich': False, 'garlic_bread3_is_in': 'None', 'exist_bacon': True, 'exist_cheese': True, 'bowl_is_on': 'table1', 'chopped_relish': False, 'cooked_tomato': False, 'exist_garlic_bread1': True, 'spread_on_sandwich': 'None', 'cooked_cheese': False, 'spread_on_relish': 'None', 'garlic_bread1_is_in': 'None', 'spread_on_bacon': 'None', 'knife_is_on': 'table1', 'holding': 'None', 'spread_on_escarole': 'None', 'turkey_is_on': 'table1', 'ham_is_on': 'table1', 'spreader_is_on': 'table1', 'spread_on_tomato': 'None', 'spread_on_garlic_bread2': 'None', 'exist_ham': True, 'relish_is_in': 'None', 'spread_on_garlic_bread3': 'None', 'pot_is_on': 'table1', 'cooked_escarole': False, 'scooper_is_on': 'table1', 'cheese_is_in': 'None', 'sandwich_is_on': 'table', 'exist_garlic_bread2': True, 'bacon_is_on': 'pan', 'exist_garlic_bread3': True, 'plate_is_on': 'table1', 'exist_relish': True, 'garlic_bread2_is_on': 'table1', 'pan_is_on': 'stove', 'exist_tomato': True, 'escarole_is_in': 'None', 'chopped_garlic_bread2': False, 'chopped_garlic_bread3': False, 'relish_bottle_is_on': 'table1', 'tomato_is_in': 'None', 'cooked_ham': False}
[rosout][INFO] 2021-09-06 15:28:21,664: ####### task plan info #######
[rosout][INFO] 2021-09-06 15:28:21,665: plan =  -> PickUp/tomato -> Place/tomato/cutting_board/ingredient -> PickUp/knife -> Chop/tomato/knife
[rosout][INFO] 2021-09-06 15:28:21,666: length = 4
[rosout][INFO] 2021-09-06 15:28:21,667: num_of_expand = 466
[rosout][INFO] 2021-09-06 15:28:21,668: time = 0.538154125214
[rosout][INFO] 2021-09-06 15:28:21,668: success = True
[rosout][INFO] 2021-09-06 15:28:21,669: ==================================================
[rosout][INFO] 2021-09-06 15:28:21,670: [ola=0] ['PickUp', 'tomato']
[rosout][INFO] 2021-09-06 15:28:21,795: move_to: 10
[rosout][INFO] 2021-09-06 15:28:34,650: Scene Sync Completed
[rosout][INFO] 2021-09-06 15:28:34,765: linear_motion: 1.0
[rosout][INFO] 2021-09-06 15:28:43,250: Scene Sync Completed
[rosout][INFO] 2021-09-06 15:28:43,254: obj_hierarchy = ['tomato']
[rosout][INFO] 2021-09-06 15:28:44,375: Hand Sync Completed
[rosout][INFO] 2021-09-06 15:28:44,525: linear_motion: 1.0
[rosout][INFO] 2021-09-06 15:28:51,450: Scene Sync Completed
[rosout][INFO] 2021-09-06 15:28:51,458: ####### motion plan info #######
[rosout][INFO] 2021-09-06 15:28:51,459: planning_time = 0.120970010757
[rosout][INFO] 2021-09-06 15:28:51,460: execution_time = 2.99940395355
[rosout][INFO] 2021-09-06 15:28:51,460: success = True
[rosout][INFO] 2021-09-06 15:28:51,463: ####### motion plan info #######
[rosout][INFO] 2021-09-06 15:28:51,464: planning_time = 0.0154459476471
[rosout][INFO] 2021-09-06 15:28:51,464: execution_time = 1.18598008156
[rosout][INFO] 2021-09-06 15:28:51,465: success = True
[rosout][INFO] 2021-09-06 15:28:51,466: ####### motion plan info #######
[rosout][INFO] 2021-09-06 15:28:51,467: planning_time = None
[rosout][INFO] 2021-09-06 15:28:51,468: execution_time = None
[rosout][INFO] 2021-09-06 15:28:51,469: success = True
[rosout][INFO] 2021-09-06 15:28:51,470: ####### motion plan info #######
[rosout][INFO] 2021-09-06 15:28:51,471: planning_time = 0.0762131214142
[rosout][INFO] 2021-09-06 15:28:51,471: execution_time = 1.02210998535
[rosout][INFO] 2021-09-06 15:28:51,472: success = True
[rosout][INFO] 2021-09-06 15:28:51,473: ####### object-level action info #######
[rosout][INFO] 2021-09-06 15:28:51,474: time = 29.7866780758
[rosout][INFO] 2021-09-06 15:28:51,475: action = ['PickUp', 'tomato']
[rosout][INFO] 2021-09-06 15:28:51,475: length = 4
[rosout][INFO] 2021-09-06 15:28:51,476: success = True
[rosout][INFO] 2021-09-06 15:28:51,477: ==================================================
[rosout][INFO] 2021-09-06 15:28:51,478: [ola=1] ['Place', 'tomato', 'cutting_board', 'ingredient']
[rosout][INFO] 2021-09-06 15:28:51,480: wait for update_place_pose_state
[rosout][INFO] 2021-09-06 15:28:52,455: move_to: 7
[rosout][INFO] 2021-09-06 15:29:03,151: Scene Sync Completed
[rosout][INFO] 2021-09-06 15:29:03,277: linear_motion: 1.0
[rosout][INFO] 2021-09-06 15:29:10,750: Scene Sync Completed
[rosout][INFO] 2021-09-06 15:29:10,752: ['tomato']
[rosout][INFO] 2021-09-06 15:29:11,862: Hand Sync Completed
[rosout][INFO] 2021-09-06 15:29:12,473: Motion Type Interaction Completed
[rosout][INFO] 2021-09-06 15:29:14,950: Scene Sync Completed
[rosout][INFO] 2021-09-06 15:29:15,089: linear_motion: 1.0
[rosout][INFO] 2021-09-06 15:29:23,151: Scene Sync Completed
[rosout][INFO] 2021-09-06 15:29:23,156: ####### motion plan info #######
[rosout][INFO] 2021-09-06 15:29:23,158: planning_time = 0.154629945755
[rosout][INFO] 2021-09-06 15:29:23,159: execution_time = 2.29952383041
[rosout][INFO] 2021-09-06 15:29:23,160: success = True
[rosout][INFO] 2021-09-06 15:29:23,161: ####### motion plan info #######
[rosout][INFO] 2021-09-06 15:29:23,162: planning_time = 0.0285301208496
[rosout][INFO] 2021-09-06 15:29:23,163: execution_time = 1.07026100159
[rosout][INFO] 2021-09-06 15:29:23,163: success = True
[rosout][INFO] 2021-09-06 15:29:23,164: ####### motion plan info #######
[rosout][INFO] 2021-09-06 15:29:23,165: planning_time = None
[rosout][INFO] 2021-09-06 15:29:23,166: execution_time = None
[rosout][INFO] 2021-09-06 15:29:23,167: success = True
[rosout][INFO] 2021-09-06 15:29:23,168: ####### motion plan info #######
[rosout][INFO] 2021-09-06 15:29:23,168: planning_time = 0.0391221046448
[rosout][INFO] 2021-09-06 15:29:23,169: execution_time = 1.05824398994
[rosout][INFO] 2021-09-06 15:29:23,170: success = True
[rosout][INFO] 2021-09-06 15:29:23,171: ####### object-level action info #######
[rosout][INFO] 2021-09-06 15:29:23,172: time = 31.6768550873
[rosout][INFO] 2021-09-06 15:29:23,173: action = ['Place', 'tomato', 'cutting_board', 'ingredient']
[rosout][INFO] 2021-09-06 15:29:23,173: length = 4
[rosout][INFO] 2021-09-06 15:29:23,174: success = True
[rosout][INFO] 2021-09-06 15:29:23,175: ==================================================
[rosout][INFO] 2021-09-06 15:29:23,176: [ola=2] ['PickUp', 'knife']
[rosout][INFO] 2021-09-06 15:29:23,398: move_to: 9
[rosout][INFO] 2021-09-06 15:29:34,450: Scene Sync Completed
[rosout][INFO] 2021-09-06 15:29:34,561: linear_motion: 1.0
[rosout][INFO] 2021-09-06 15:29:42,155: Scene Sync Completed
[rosout][INFO] 2021-09-06 15:29:42,156: obj_hierarchy = ['knife']
[rosout][INFO] 2021-09-06 15:29:43,815: Hand Sync Completed
[rosout][INFO] 2021-09-06 15:29:43,854: linear_motion: 1.0
[rosout][INFO] 2021-09-06 15:29:51,750: Scene Sync Completed
[rosout][INFO] 2021-09-06 15:29:51,751: ####### motion plan info #######
[rosout][INFO] 2021-09-06 15:29:51,752: planning_time = 0.0976810455322
[rosout][INFO] 2021-09-06 15:29:51,753: execution_time = 2.19923210144
[rosout][INFO] 2021-09-06 15:29:51,754: success = True
[rosout][INFO] 2021-09-06 15:29:51,755: ####### motion plan info #######
[rosout][INFO] 2021-09-06 15:29:51,756: planning_time = 0.0123801231384
[rosout][INFO] 2021-09-06 15:29:51,756: execution_time = 1.08569598198
[rosout][INFO] 2021-09-06 15:29:51,757: success = True
[rosout][INFO] 2021-09-06 15:29:51,758: ####### motion plan info #######
[rosout][INFO] 2021-09-06 15:29:51,759: planning_time = None
[rosout][INFO] 2021-09-06 15:29:51,760: execution_time = None
[rosout][INFO] 2021-09-06 15:29:51,761: success = True
[rosout][INFO] 2021-09-06 15:29:51,762: ####### motion plan info #######
[rosout][INFO] 2021-09-06 15:29:51,763: planning_time = 0.00373315811157
[rosout][INFO] 2021-09-06 15:29:51,764: execution_time = 1.09415888786
[rosout][INFO] 2021-09-06 15:29:51,764: success = True
[rosout][INFO] 2021-09-06 15:29:51,765: ####### object-level action info #######
[rosout][INFO] 2021-09-06 15:29:51,766: time = 28.5744180679
[rosout][INFO] 2021-09-06 15:29:51,767: action = ['PickUp', 'knife']
[rosout][INFO] 2021-09-06 15:29:51,768: length = 4
[rosout][INFO] 2021-09-06 15:29:51,768: success = True
[rosout][INFO] 2021-09-06 15:29:51,769: ==================================================
[rosout][INFO] 2021-09-06 15:29:51,771: [ola=3] ['Chop', 'tomato', 'knife']
[rosout][INFO] 2021-09-06 15:29:51,993: move_to: 2
[rosout][INFO] 2021-09-06 15:29:57,050: Scene Sync Completed
[rosout][INFO] 2021-09-06 15:29:57,314: move_to: 8
[rosout][INFO] 2021-09-06 15:30:08,851: Scene Sync Completed
[rosout][INFO] 2021-09-06 15:30:09,037: linear_motion: 0.75
[rosout][INFO] 2021-09-06 15:30:13,760: Motion Type Interaction Completed
[rosout][INFO] 2021-09-06 15:30:16,250: Scene Sync Completed
[rosout][INFO] 2021-09-06 15:30:16,366: reciprocating_motion: 1.0
[rosout][INFO] 2021-09-06 15:30:20,551: reciprocating_motion: 1.0
[rosout][INFO] 2021-09-06 15:30:25,154: Motion Type Interaction Completed
[rosout][INFO] 2021-09-06 15:30:31,753: Scene Sync Completed
[rosout][INFO] 2021-09-06 15:30:32,019: move_to: 2
[rosout][INFO] 2021-09-06 15:30:37,151: Scene Sync Completed
[rosout][INFO] 2021-09-06 15:30:37,152: ####### motion plan info #######
[rosout][INFO] 2021-09-06 15:30:37,153: planning_time = 0.143597126007
[rosout][INFO] 2021-09-06 15:30:37,154: execution_time = 0.49946308136
[rosout][INFO] 2021-09-06 15:30:37,155: success = True
[rosout][INFO] 2021-09-06 15:30:37,156: ####### motion plan info #######
[rosout][INFO] 2021-09-06 15:30:37,157: planning_time = 0.100157022476
[rosout][INFO] 2021-09-06 15:30:37,158: execution_time = 2.19936084747
[rosout][INFO] 2021-09-06 15:30:37,159: success = True
[rosout][INFO] 2021-09-06 15:30:37,160: ####### motion plan info #######
[rosout][INFO] 2021-09-06 15:30:37,161: planning_time = 0.0875780582428
[rosout][INFO] 2021-09-06 15:30:37,162: execution_time = 1.0108590126
[rosout][INFO] 2021-09-06 15:30:37,163: success = True
[rosout][INFO] 2021-09-06 15:30:37,164: ####### motion plan info #######
[rosout][INFO] 2021-09-06 15:30:37,165: planning_time = 0.0175969600677
[rosout][INFO] 2021-09-06 15:30:37,166: execution_time = 0.00136303901672
[rosout][INFO] 2021-09-06 15:30:37,167: success = True
[rosout][INFO] 2021-09-06 15:30:37,167: ####### motion plan info #######
[rosout][INFO] 2021-09-06 15:30:37,168: planning_time = 0.00179409980774
[rosout][INFO] 2021-09-06 15:30:37,169: execution_time = 0.00147700309753
[rosout][INFO] 2021-09-06 15:30:37,170: success = True
[rosout][INFO] 2021-09-06 15:30:37,171: ####### motion plan info #######
[rosout][INFO] 2021-09-06 15:30:37,172: planning_time = 0.170344114304
[rosout][INFO] 2021-09-06 15:30:37,173: execution_time = 0.500138998032
[rosout][INFO] 2021-09-06 15:30:37,173: success = True
[rosout][INFO] 2021-09-06 15:30:37,174: ####### object-level action info #######
[rosout][INFO] 2021-09-06 15:30:37,175: time = 45.3807461262
[rosout][INFO] 2021-09-06 15:30:37,176: action = ['Chop', 'tomato', 'knife']
[rosout][INFO] 2021-09-06 15:30:37,177: length = 6
[rosout][INFO] 2021-09-06 15:30:37,178: success = True
[rosout][INFO] 2021-09-06 15:30:37,179: ==================================================
[rosout][INFO] 2021-09-06 15:30:37,180: [task=3]
[rosout][INFO] 2021-09-06 15:30:37,181: wait for update_place_pose_state
[rosout][INFO] 2021-09-06 15:30:37,978: ####### generate problem #######
[rosout][INFO] 2021-09-06 15:30:37,980: using_ings: [set(['garlic_bread1', 'relish']), {}]
[rosout][INFO] 2021-09-06 15:30:37,980: using_objects: {'plate': 'plate', 'relish_bottle': 'relish_bottle', 'near_cutting_board': 'near_cutting_board', 'pot': 'pot', 'bowl': 'bowl', 'relish': 'relish', 'cutting_board': 'cutting_board', 'spatula': 'spatula', 'garlic_bread1': 'garlic_bread', 'spreader': 'spreader', 'scooper': 'scooper', 'table': 'table', 'stove': 'stove', 'pan': 'pan', 'knife': 'knife'}
[rosout][INFO] 2021-09-06 15:30:37,981: goal: {'cooked_bacon': True, 'exist_escarole': True, 'exist_bacon': True, 'exist_ham': True, 'exist_turkey': True, 'chopped_tomato': True, 'spread_on_garlic_bread1': 'relish', 'exist_tomato': True, 'exist_cheese': True, 'exist_garlic_bread1': True, 'exist_garlic_bread2': True, 'exist_relish': True, 'exist_garlic_bread3': True}
[rosout][INFO] 2021-09-06 15:30:37,982: goal_diff: {'spread_on_garlic_bread1': 'relish'}
[rosout][INFO] 2021-09-06 15:30:37,983: current: {'plate_is_on': 'table1', 'tomato_is_on': 'table1', 'escarole_is_on': 'table1', 'pot_is_on': 'table1', 'spatula_is_on': 'table1', 'garlic_bread2_is_on': 'table1', 'garlic_bread1_is_on': 'table1', 'garlic_bread3_is_on': 'table1', 'bacon_is_on': 'pan', 'pan_is_on': 'stove', 'holding': 'knife', 'bowl_is_on': 'table1', 'scooper_is_on': 'table1', 'turkey_is_on': 'table1', 'relish_bottle_is_on': 'table1', 'cheese_is_on': 'table1', 'ham_is_on': 'table1', 'spreader_is_on': 'table1'}
[rosout][INFO] 2021-09-06 15:30:37,984: initial: {'garlic_bread3_is_on': 'table1', 'spatula_is_on': 'table1', 'chopped_turkey': False, 'chopped_bacon': False, 'chopped_cheese': False, 'spread_on_ham': 'None', 'cooked_bacon': True, 'exist_escarole': True, 'chopped_garlic_bread1': False, 'garlic_bread1_is_on': 'table1', 'chopped_ham': False, 'ham_is_in': 'None', 'turkey_is_in': 'None', 'exist_turkey': True, 'cooked_relish': False, 'cheese_is_on': 'table1', 'spread_on_cheese': 'None', 'relish_is_on': 'table', 'chopped_sandwich': False, 'sandwich_is_in': 'None', 'garlic_bread2_is_in': 'None', 'spread_on_turkey': 'None', 'spread_on_garlic_bread1': 'None', 'cooked_garlic_bread1': False, 'cooked_garlic_bread3': False, 'cooked_garlic_bread2': False, 'chopped_tomato': True, 'cooked_turkey': False, 'cooked_sandwich': False, 'chopped_escarole': False, 'tomato_is_on': 'table1', 'bacon_is_in': 'None', 'escarole_is_on': 'table1', 'exist_sandwich': False, 'garlic_bread3_is_in': 'None', 'exist_bacon': True, 'exist_cheese': True, 'bowl_is_on': 'table1', 'chopped_relish': False, 'cooked_tomato': False, 'exist_garlic_bread1': True, 'spread_on_sandwich': 'None', 'cooked_cheese': False, 'spread_on_relish': 'None', 'garlic_bread1_is_in': 'None', 'spread_on_bacon': 'None', 'knife_is_on': 'table', 'holding': 'knife', 'spread_on_escarole': 'None', 'turkey_is_on': 'table1', 'ham_is_on': 'table1', 'spreader_is_on': 'table1', 'spread_on_tomato': 'None', 'spread_on_garlic_bread2': 'None', 'exist_ham': True, 'relish_is_in': 'None', 'spread_on_garlic_bread3': 'None', 'pot_is_on': 'table1', 'cooked_escarole': False, 'scooper_is_on': 'table1', 'cheese_is_in': 'None', 'sandwich_is_on': 'table', 'exist_garlic_bread2': True, 'bacon_is_on': 'pan', 'exist_garlic_bread3': True, 'plate_is_on': 'table1', 'exist_relish': True, 'garlic_bread2_is_on': 'table1', 'pan_is_on': 'stove', 'exist_tomato': True, 'escarole_is_in': 'None', 'chopped_garlic_bread2': False, 'chopped_garlic_bread3': False, 'relish_bottle_is_on': 'table1', 'tomato_is_in': 'None', 'cooked_ham': False}
[rosout][INFO] 2021-09-06 15:30:38,015: ####### task plan info #######
[rosout][INFO] 2021-09-06 15:30:38,017: plan =  -> Place/knife/table/tool -> PickUp/relish_bottle -> Pour/relish_bottle/garlic_bread1/relish
[rosout][INFO] 2021-09-06 15:30:38,018: length = 3
[rosout][INFO] 2021-09-06 15:30:38,018: num_of_expand = 40
[rosout][INFO] 2021-09-06 15:30:38,019: time = 0.0260758399963
[rosout][INFO] 2021-09-06 15:30:38,020: success = True
[rosout][INFO] 2021-09-06 15:30:38,021: ==================================================
[rosout][INFO] 2021-09-06 15:30:38,021: [ola=0] ['Place', 'knife', 'table', 'tool']
[rosout][INFO] 2021-09-06 15:30:38,022: wait for update_place_pose_state
[rosout][INFO] 2021-09-06 15:30:38,997: move_to: 6
[rosout][INFO] 2021-09-06 15:30:50,050: Scene Sync Completed
[rosout][INFO] 2021-09-06 15:30:50,170: linear_motion: 1.0
[rosout][INFO] 2021-09-06 15:30:57,450: Scene Sync Completed
[rosout][INFO] 2021-09-06 15:30:57,451: ['knife']
[rosout][INFO] 2021-09-06 15:30:59,147: Hand Sync Completed
[rosout][INFO] 2021-09-06 15:30:59,687: Motion Type Interaction Completed
[rosout][INFO] 2021-09-06 15:31:02,250: Scene Sync Completed
[rosout][INFO] 2021-09-06 15:31:02,377: linear_motion: 1.0
[rosout][INFO] 2021-09-06 15:31:09,852: Scene Sync Completed
[rosout][INFO] 2021-09-06 15:31:09,858: ####### motion plan info #######
[rosout][INFO] 2021-09-06 15:31:09,859: planning_time = 0.175438165665
[rosout][INFO] 2021-09-06 15:31:09,861: execution_time = 2.29958605766
[rosout][INFO] 2021-09-06 15:31:09,862: success = True
[rosout][INFO] 2021-09-06 15:31:09,863: ####### motion plan info #######
[rosout][INFO] 2021-09-06 15:31:09,864: planning_time = 0.0169200897217
[rosout][INFO] 2021-09-06 15:31:09,865: execution_time = 1.07727599144
[rosout][INFO] 2021-09-06 15:31:09,866: success = True
[rosout][INFO] 2021-09-06 15:31:09,867: ####### motion plan info #######
[rosout][INFO] 2021-09-06 15:31:09,868: planning_time = None
[rosout][INFO] 2021-09-06 15:31:09,870: execution_time = None
[rosout][INFO] 2021-09-06 15:31:09,871: success = True
[rosout][INFO] 2021-09-06 15:31:09,872: ####### motion plan info #######
[rosout][INFO] 2021-09-06 15:31:09,873: planning_time = 0.0279140472412
[rosout][INFO] 2021-09-06 15:31:09,874: execution_time = 1.06715297699
[rosout][INFO] 2021-09-06 15:31:09,875: success = True
[rosout][INFO] 2021-09-06 15:31:09,876: ####### object-level action info #######
[rosout][INFO] 2021-09-06 15:31:09,877: time = 31.8358240128
[rosout][INFO] 2021-09-06 15:31:09,878: action = ['Place', 'knife', 'table', 'tool']
[rosout][INFO] 2021-09-06 15:31:09,879: length = 4
[rosout][INFO] 2021-09-06 15:31:09,880: success = True
[rosout][INFO] 2021-09-06 15:31:09,881: ==================================================
[rosout][INFO] 2021-09-06 15:31:09,882: [ola=1] ['PickUp', 'relish_bottle']
[rosout][INFO] 2021-09-06 15:31:10,116: move_to: 19
[rosout][INFO] 2021-09-06 15:31:26,951: Scene Sync Completed
[rosout][INFO] 2021-09-06 15:31:27,057: linear_motion: 1.0
[rosout][INFO] 2021-09-06 15:31:34,850: Scene Sync Completed
[rosout][INFO] 2021-09-06 15:31:34,852: obj_hierarchy = ['relish_bottle']
[rosout][INFO] 2021-09-06 15:31:36,471: Hand Sync Completed
[rosout][INFO] 2021-09-06 15:31:36,557: linear_motion: 1.0
[rosout][INFO] 2021-09-06 15:31:44,050: Scene Sync Completed
[rosout][INFO] 2021-09-06 15:31:44,052: ####### motion plan info #######
[rosout][INFO] 2021-09-06 15:31:44,053: planning_time = 0.125399112701
[rosout][INFO] 2021-09-06 15:31:44,054: execution_time = 1.89943385124
[rosout][INFO] 2021-09-06 15:31:44,054: success = True
[rosout][INFO] 2021-09-06 15:31:44,055: ####### motion plan info #######
[rosout][INFO] 2021-09-06 15:31:44,056: planning_time = 0.00793194770813
[rosout][INFO] 2021-09-06 15:31:44,057: execution_time = 1.1908249855
[rosout][INFO] 2021-09-06 15:31:44,057: success = True
[rosout][INFO] 2021-09-06 15:31:44,058: ####### motion plan info #######
[rosout][INFO] 2021-09-06 15:31:44,059: planning_time = None
[rosout][INFO] 2021-09-06 15:31:44,061: execution_time = None
[rosout][INFO] 2021-09-06 15:31:44,062: success = True
[rosout][INFO] 2021-09-06 15:31:44,063: ####### motion plan info #######
[rosout][INFO] 2021-09-06 15:31:44,064: planning_time = 0.00814008712769
[rosout][INFO] 2021-09-06 15:31:44,065: execution_time = 1.2904958725
[rosout][INFO] 2021-09-06 15:31:44,066: success = True
[rosout][INFO] 2021-09-06 15:31:44,067: ####### object-level action info #######
[rosout][INFO] 2021-09-06 15:31:44,068: time = 34.1680121422
[rosout][INFO] 2021-09-06 15:31:44,069: action = ['PickUp', 'relish_bottle']
[rosout][INFO] 2021-09-06 15:31:44,071: length = 4
[rosout][INFO] 2021-09-06 15:31:44,073: success = True
[rosout][INFO] 2021-09-06 15:31:44,074: ==================================================
[rosout][INFO] 2021-09-06 15:31:44,074: [ola=2] ['Pour', 'relish_bottle', 'garlic_bread1', 'relish']
[rosout][INFO] 2021-09-06 15:31:44,503: move_to: 10
[rosout][INFO] 2021-09-06 15:31:56,899: Scene Sync Completed
[rosout][INFO] 2021-09-06 15:31:57,116: move_to: 29
[rosout][INFO] 2021-09-06 15:32:20,751: Scene Sync Completed
[rospy.core][INFO] 2021-09-06 15:32:20,754: signal_shutdown [atexit]
[rospy.internal][INFO] 2021-09-06 15:32:20,757: topic[/collision_object] removing connection to /move_group
[rospy.internal][INFO] 2021-09-06 15:32:20,758: topic[/rosout] removing connection to /rosout
[rospy.internal][INFO] 2021-09-06 15:32:20,758: topic[/tf_static] removing connection to /move_group_commander_wrappers_1630909514149640930
[rospy.internal][INFO] 2021-09-06 15:32:20,758: topic[/tf_static] removing connection to /move_group
[rospy.internal][INFO] 2021-09-06 15:32:20,759: topic[/tf_static] removing connection to /rviz_wng_26763_1680231126437874925
[rospy.internal][INFO] 2021-09-06 15:32:20,759: topic[/attached_collision_object] removing connection to /move_group
[rospy.internal][INFO] 2021-09-06 15:32:20,759: topic[/action] removing connection to /rviz_wng_26763_1680231126437874925
[rospy.impl.masterslave][INFO] 2021-09-06 15:32:20,759: atexit
