[rospy.client][INFO] 2021-09-10 15:29:37,758: init_node, name[/joint_state_publisher], pid[797]
[xmlrpc][INFO] 2021-09-10 15:29:37,758: XML-RPC server binding to 0.0.0.0:0
[xmlrpc][INFO] 2021-09-10 15:29:37,758: Started XML-RPC server [http://wng:38887/]
[rospy.init][INFO] 2021-09-10 15:29:37,758: ROS Slave URI: [http://wng:38887/]
[rospy.impl.masterslave][INFO] 2021-09-10 15:29:37,758: _ready: http://wng:38887/
[xmlrpc][INFO] 2021-09-10 15:29:37,759: xml rpc node: starting XML-RPC server
[rospy.registration][INFO] 2021-09-10 15:29:37,759: Registering with master node http://localhost:11311
[rospy.init][INFO] 2021-09-10 15:29:37,858: registered with master
[rospy.rosout][INFO] 2021-09-10 15:29:37,859: initializing /rosout core topic
[rospy.rosout][INFO] 2021-09-10 15:29:37,861: connected to core topic /rosout
[rospy.simtime][INFO] 2021-09-10 15:29:37,861: /use_sim_time is not set, will not subscribe to simulated time [/clock] topic
[rospy.internal][INFO] 2021-09-10 15:29:37,923: topic[/move_group/fake_controller_joint_states] adding connection to [http://wng:34597/], count 0
[rospy.internal][INFO] 2021-09-10 15:29:37,980: topic[/rosout] adding connection to [/rosout], count 0
[rospy.internal][INFO] 2021-09-10 15:29:38,081: topic[/joint_states] adding connection to [/joint_state_desired_publisher], count 0
[rospy.internal][INFO] 2021-09-10 15:29:38,081: topic[/joint_states] adding connection to [/robot_state_publisher], count 1
[rospy.core][INFO] 2021-09-10 15:30:09,490: signal_shutdown [signal-2]
[rospy.internal][INFO] 2021-09-10 15:30:09,493: topic[/joint_states] removing connection to /joint_state_desired_publisher
[rospy.internal][INFO] 2021-09-10 15:30:09,494: topic[/joint_states] removing connection to /robot_state_publisher
[rospy.internal][INFO] 2021-09-10 15:30:09,494: topic[/rosout] removing connection to /rosout
[rospy.internal][INFO] 2021-09-10 15:30:09,494: topic[/move_group/fake_controller_joint_states] removing connection to http://wng:34597/
[rospy.impl.masterslave][INFO] 2021-09-10 15:30:09,494: signal-2
[rospy.core][INFO] 2021-09-10 15:30:09,602: signal_shutdown [atexit]
