[rospy.client][INFO] 2021-09-10 15:29:46,644: init_node, name[/PandaMove], pid[796]
[xmlrpc][INFO] 2021-09-10 15:29:46,644: XML-RPC server binding to 0.0.0.0:0
[xmlrpc][INFO] 2021-09-10 15:29:46,644: Started XML-RPC server [http://wng:40141/]
[rospy.init][INFO] 2021-09-10 15:29:46,644: ROS Slave URI: [http://wng:40141/]
[rospy.impl.masterslave][INFO] 2021-09-10 15:29:46,644: _ready: http://wng:40141/
[rospy.registration][INFO] 2021-09-10 15:29:46,645: Registering with master node http://localhost:11311
[xmlrpc][INFO] 2021-09-10 15:29:46,645: xml rpc node: starting XML-RPC server
[rospy.init][INFO] 2021-09-10 15:29:46,745: registered with master
[rospy.rosout][INFO] 2021-09-10 15:29:46,745: initializing /rosout core topic
[rospy.rosout][INFO] 2021-09-10 15:29:46,746: connected to core topic /rosout
[rospy.simtime][INFO] 2021-09-10 15:29:46,747: /use_sim_time is not set, will not subscribe to simulated time [/clock] topic
[rospy.internal][INFO] 2021-09-10 15:29:48,411: topic[/attached_collision_object] adding connection to [/move_group], count 0
[rospy.internal][INFO] 2021-09-10 15:29:48,427: topic[/collision_object] adding connection to [/move_group], count 0
[rospy.internal][INFO] 2021-09-10 15:29:48,493: topic[/rosout] adding connection to [/rosout], count 0
[rosout][INFO] 2021-09-10 15:29:48,508: wait for update_place_pose_state
[rospy.internal][INFO] 2021-09-10 15:29:48,512: topic[/tf_static] adding connection to [/move_group], count 0
[rospy.internal][INFO] 2021-09-10 15:29:48,642: topic[/tf_static] adding connection to [/rviz_wng_761_5452675628622876765], count 1
[rospy.internal][INFO] 2021-09-10 15:29:48,642: topic[/tf_static] adding connection to [/move_group_commander_wrappers_1631255386596363574], count 2
[rospy.internal][INFO] 2021-09-10 15:29:48,743: topic[/action] adding connection to [/rviz_wng_761_5452675628622876765], count 0
[rosout][INFO] 2021-09-10 15:29:49,209: pan
[rosout][INFO] 2021-09-10 15:29:49,219: wait for update_place_pose_state
[rosout][INFO] 2021-09-10 15:29:49,924: pot
[rosout][INFO] 2021-09-10 15:29:49,943: wait for update_place_pose_state
[rosout][INFO] 2021-09-10 15:29:50,651: plate
[rosout][INFO] 2021-09-10 15:29:50,659: wait for update_place_pose_state
[rosout][INFO] 2021-09-10 15:29:51,370: bowl
[rosout][INFO] 2021-09-10 15:29:51,383: wait for update_place_pose_state
[rosout][INFO] 2021-09-10 15:29:52,125: spatula
[rosout][INFO] 2021-09-10 15:29:52,135: wait for update_place_pose_state
[rosout][INFO] 2021-09-10 15:29:52,855: spreader
[rosout][INFO] 2021-09-10 15:29:52,862: wait for update_place_pose_state
[rosout][INFO] 2021-09-10 15:29:53,583: scooper
[rosout][INFO] 2021-09-10 15:29:53,589: wait for update_place_pose_state
[rosout][INFO] 2021-09-10 15:29:54,310: knife
[rosout][INFO] 2021-09-10 15:29:54,319: wait for update_place_pose_state
[rosout][INFO] 2021-09-10 15:29:55,063: cutting_board
[rosout][INFO] 2021-09-10 15:29:55,071: wait for update_place_pose_state
[rosout][INFO] 2021-09-10 15:29:55,797: tuna
[rosout][INFO] 2021-09-10 15:29:55,802: wait for update_place_pose_state
[rosout][INFO] 2021-09-10 15:29:56,535: onion
[rosout][INFO] 2021-09-10 15:29:56,541: wait for update_place_pose_state
[rosout][INFO] 2021-09-10 15:29:57,273: butter
[rosout][INFO] 2021-09-10 15:29:57,275: wait for update_place_pose_state
[rosout][INFO] 2021-09-10 15:29:58,014: lettuce
[rosout][INFO] 2021-09-10 15:29:58,024: wait for update_place_pose_state
[rosout][INFO] 2021-09-10 15:29:58,767: bread1
[rosout][INFO] 2021-09-10 15:29:58,772: wait for update_place_pose_state
[rosout][INFO] 2021-09-10 15:29:59,511: bread2
[rosout][INFO] 2021-09-10 15:29:59,514: wait for update_place_pose_state
[rosout][INFO] 2021-09-10 15:30:00,259: salt_bottle
[rosout][INFO] 2021-09-10 15:30:00,271: wait for update_place_pose_state
[rosout][INFO] 2021-09-10 15:30:01,020: sugar_bottle
[rosout][INFO] 2021-09-10 15:30:01,032: wait for update_place_pose_state
[rosout][INFO] 2021-09-10 15:30:01,792: pepper_bottle
[rosout][INFO] 2021-09-10 15:30:01,807: wait for update_place_pose_state
[rosout][INFO] 2021-09-10 15:30:02,558: mayonnaise_bottle
[rosout][INFO] 2021-09-10 15:30:02,567: wait for update_place_pose_state
[rosout][INFO] 2021-09-10 15:30:03,329: chopped_onion
[rosout][INFO] 2021-09-10 15:30:03,336: wait for update_place_pose_state
[rosout][INFO] 2021-09-10 15:30:04,106: chopped_tuna
[rosout][INFO] 2021-09-10 15:30:04,131: wait for update_place_pose_state
[rosout][INFO] 2021-09-10 15:30:04,900: chopped_sandwich
[rosout][INFO] 2021-09-10 15:30:04,915: wait for update_place_pose_state
[rosout][INFO] 2021-09-10 15:30:05,681: chopped_lettuce
[rosout][INFO] 2021-09-10 15:30:05,686: wait for update_place_pose_state
[rosout][INFO] 2021-09-10 15:30:06,447: mayonnaise_1
[rosout][INFO] 2021-09-10 15:30:06,454: wait for update_place_pose_state
[rosout][INFO] 2021-09-10 15:30:07,215: sugar_1
[rosout][INFO] 2021-09-10 15:30:07,222: wait for update_place_pose_state
[rosout][INFO] 2021-09-10 15:30:07,982: pepper_1
[rosout][INFO] 2021-09-10 15:30:07,989: wait for update_place_pose_state
[rosout][INFO] 2021-09-10 15:30:08,754: salt_1
[rosout][INFO] 2021-09-10 15:30:08,760: wait for update_place_pose_state
[rospy.core][INFO] 2021-09-10 15:30:09,490: signal_shutdown [signal-2]
[rospy.internal][INFO] 2021-09-10 15:30:09,494: topic[/collision_object] removing connection to /move_group
[rospy.internal][INFO] 2021-09-10 15:30:09,494: topic[/rosout] removing connection to /rosout
[rospy.internal][INFO] 2021-09-10 15:30:09,494: topic[/tf_static] removing connection to /move_group
[rospy.internal][INFO] 2021-09-10 15:30:09,494: topic[/tf_static] removing connection to /rviz_wng_761_5452675628622876765
[rospy.internal][INFO] 2021-09-10 15:30:09,494: topic[/tf_static] removing connection to /move_group_commander_wrappers_1631255386596363574
[rospy.internal][INFO] 2021-09-10 15:30:09,495: topic[/attached_collision_object] removing connection to /move_group
[rospy.internal][INFO] 2021-09-10 15:30:09,495: topic[/action] removing connection to /rviz_wng_761_5452675628622876765
[rospy.impl.masterslave][INFO] 2021-09-10 15:30:09,495: signal-2
[rosout][INFO] 2021-09-10 15:30:09,696: tuna_spread
[rosout][INFO] 2021-09-10 15:30:09,702: wait for update_place_pose_state
[rosout][ERROR] 2021-09-10 15:30:10,405: cannot get object pose: pan
[rosout][ERROR] 2021-09-10 15:30:10,408: list index out of range
[rosout][ERROR] 2021-09-10 15:30:10,411: self.objects
[rospy.core][INFO] 2021-09-10 15:30:10,424: signal_shutdown [atexit]
