

1631255377.455775292  Node Startup
1631255377.793112054 INFO /move_group [/tmp/binarydeb/ros-melodic-moveit-ros-move-group-1.0.7/src/move_group_context.cpp:85(MoveGroupContext::status)] [topics: /rosout, /move_group/planning_scene_monitor/parameter_descriptions, /move_group/planning_scene_monitor/parameter_updates, /move_group/monitored_planning_scene, /move_group/filtered_cloud, /move_group/ompl/parameter_descriptions, /move_group/ompl/parameter_updates, /move_group/display_planned_path, /move_group/display_contacts, /move_group/fake_controller_joint_states, /move_group/trajectory_execution/parameter_descriptions, /move_group/trajectory_execution/parameter_updates, /move_group/plan_execution/parameter_descriptions, /move_group/plan_execution/parameter_updates, /move_group/sense_for_plan/parameter_descriptions, /move_group/sense_for_plan/parameter_updates, /move_group/display_cost_sources, /move_group/motion_plan_request, /execute_trajectory/result, /execute_trajectory/feedback, /execute_trajectory/status, /move_group/result, /move_group/feedback, /move_group/status, /move_group/display_grasp_markers, /pickup/result, /pickup/feedback, /pickup/status, /place/result, /place/feedback, /place/status] MoveGroup context initialization complete
1631255377.689719726 INFO /rviz_wng_761_5452675628622876765 [/tmp/binarydeb/ros-melodic-rviz-1.13.17/src/rviz/ogre_helpers/render_system.cpp:85(RenderSystem::forceGlVersion)] [topics: /rosout] Forcing OpenGl version 0.
1631255378.115877202 INFO /rviz_wng_761_5452675628622876765 [/tmp/binarydeb/ros-melodic-rviz-1.13.17/src/rviz/ogre_helpers/render_system.cpp:462(RenderWindow* rviz::RenderSystem::makeRenderWindow)] [topics: /rosout] Stereo is NOT SUPPORTED
1631255378.115920033 INFO /rviz_wng_761_5452675628622876765 [/tmp/binarydeb/ros-melodic-rviz-1.13.17/src/rviz/ogre_helpers/render_system.cpp:183(RenderSystem::detectGlVersion)] [topics: /rosout] OpenGL device: llvmpipe (LLVM 10.0.0, 256 bits)
1631255378.115942920 INFO /rviz_wng_761_5452675628622876765 [/tmp/binarydeb/ros-melodic-rviz-1.13.17/src/rviz/ogre_helpers/render_system.cpp:230(RenderSystem::detectGlVersion)] [topics: /rosout] OpenGl version: 3.1 (GLSL 1.4).
1631255378.176385917 INFO /joint_state_desired_publisher [/tmp/binarydeb/ros-melodic-topic-tools-1.14.11/src/relay.cpp:101(MessageEvent<topic_tools::ShapeShifter>&))] [topics: /rosout, /joint_states_desired] advertised as joint_states_desired

1631255378.370225906 INFO /server_endpoint [server.py:78(TcpServer.listen_loop)] [topics: /execution_check, /rosout] Starting server on 192.168.1.146:10000
1631255381.331610967 INFO /rviz_wng_761_5452675628622876765 [/tmp/binarydeb/ros-melodic-moveit-core-1.0.7/robot_model/src/robot_model.cpp:92(core::RobotModel::buildModel)] [topics: /rosout, /planning_scene, /planning_scene_world, /feedback] Loading robot model 'panda'...
1631255381.331664611 INFO /rviz_wng_761_5452675628622876765 [/tmp/binarydeb/ros-melodic-moveit-core-1.0.7/robot_model/src/robot_model.cpp:951(core::JointModel* moveit::core::RobotModel::constructJointModel)] [topics: /rosout, /planning_scene, /planning_scene_world, /feedback] No root/virtual joint specified in SRDF. Assuming fixed joint
1631255381.412809854 INFO /rviz_wng_761_5452675628622876765 [/tmp/binarydeb/ros-melodic-moveit-ros-planning-1.0.7/planning_scene_monitor/src/planning_scene_monitor.cpp:987(PlanningSceneMonitor::startSceneMonitor)] [topics: /rosout, /planning_scene, /planning_scene_world, /feedback, /rviz_wng_761_5452675628622876765/motionplanning_planning_scene_monitor/parameter_descriptions, /rviz_wng_761_5452675628622876765/motionplanning_planning_scene_monitor/parameter_updates] Starting planning scene monitor
1631255381.417012167 INFO /rviz_wng_761_5452675628622876765 [/tmp/binarydeb/ros-melodic-moveit-ros-planning-1.0.7/planning_scene_monitor/src/planning_scene_monitor.cpp:993(PlanningSceneMonitor::startSceneMonitor)] [topics: /rosout, /planning_scene, /planning_scene_world, /feedback, /rviz_wng_761_5452675628622876765/motionplanning_planning_scene_monitor/parameter_descriptions, /rviz_wng_761_5452675628622876765/motionplanning_planning_scene_monitor/parameter_updates] Listening to '/move_group/monitored_planning_scene'
1631255381.755563286 INFO /rviz_wng_761_5452675628622876765 [/tmp/binarydeb/ros-melodic-moveit-ros-visualization-1.0.7/motion_planning_rviz_plugin/src/motion_planning_frame.cpp:361(MotionPlanningFrame::changePlanningGroupHelper)] [topics: /rosout, /planning_scene, /planning_scene_world, /rviz_wng_761_5452675628622876765/motionplanning_planning_scene_monitor/parameter_descriptions, /rviz_wng_761_5452675628622876765/motionplanning_planning_scene_monitor/parameter_updates, /rviz_moveit_motion_planning_display/robot_interaction_interactive_marker_topic/update_full, /rviz_moveit_motion_planning_display/robot_interaction_interactive_marker_topic/update, /rviz_moveit_motion_planning_display/robot_interaction_interactive_marker_topic/feedback] Constructing new MoveGroup connection for group 'panda_arm' in namespace ''
1631255382.897463085 INFO /rviz_wng_761_5452675628622876765 [/tmp/binarydeb/ros-melodic-moveit-ros-planning-interface-1.0.7/move_group_interface/src/move_group_interface.cpp:176(planning_interface::MoveGroupInterface::MoveGroupInterfaceImpl::MoveGroupInterfaceImpl)] [topics: /rosout, /planning_scene, /planning_scene_world, /rviz_wng_761_5452675628622876765/motionplanning_planning_scene_monitor/parameter_descriptions, /rviz_wng_761_5452675628622876765/motionplanning_planning_scene_monitor/parameter_updates, /rviz_moveit_motion_planning_display/robot_interaction_interactive_marker_topic/update_full, /rviz_moveit_motion_planning_display/robot_interaction_interactive_marker_topic/update, /rviz_moveit_motion_planning_display/robot_interaction_interactive_marker_topic/feedback, /trajectory_execution_event, /attached_collision_object, /move_group/goal, /move_group/cancel, /pickup/goal, /pickup/cancel, /place/goal, /place/cancel, /execute_trajectory/goal, /execute_trajectory/cancel] Ready to take commands for planning group panda_arm.
1631255382.897531733 INFO /rviz_wng_761_5452675628622876765 [/tmp/binarydeb/ros-melodic-moveit-ros-planning-interface-1.0.7/move_group_interface/src/move_group_interface.cpp:980(planning_interface::MoveGroupInterface::MoveGroupInterfaceImpl::allowLooking)] [topics: /rosout, /planning_scene, /planning_scene_world, /rviz_wng_761_5452675628622876765/motionplanning_planning_scene_monitor/parameter_descriptions, /rviz_wng_761_5452675628622876765/motionplanning_planning_scene_monitor/parameter_updates, /rviz_moveit_motion_planning_display/robot_interaction_interactive_marker_topic/update_full, /rviz_moveit_motion_planning_display/robot_interaction_interactive_marker_topic/update, /rviz_moveit_motion_planning_display/robot_interaction_interactive_marker_topic/feedback, /trajectory_execution_event, /attached_collision_object, /move_group/goal, /move_group/cancel, /pickup/goal, /pickup/cancel, /place/goal, /place/cancel, /execute_trajectory/goal, /execute_trajectory/cancel] Looking around: no
1631255382.897556085 INFO /rviz_wng_761_5452675628622876765 [/tmp/binarydeb/ros-melodic-moveit-ros-planning-interface-1.0.7/move_group_interface/src/move_group_interface.cpp:986(planning_interface::MoveGroupInterface::MoveGroupInterfaceImpl::allowReplanning)] [topics: /rosout, /planning_scene, /planning_scene_world, /rviz_wng_761_5452675628622876765/motionplanning_planning_scene_monitor/parameter_descriptions, /rviz_wng_761_5452675628622876765/motionplanning_planning_scene_monitor/parameter_updates, /rviz_moveit_motion_planning_display/robot_interaction_interactive_marker_topic/update_full, /rviz_moveit_motion_planning_display/robot_interaction_interactive_marker_topic/update, /rviz_moveit_motion_planning_display/robot_interaction_interactive_marker_topic/feedback, /trajectory_execution_event, /attached_collision_object, /move_group/goal, /move_group/cancel, /pickup/goal, /pickup/cancel, /place/goal, /place/cancel, /execute_trajectory/goal, /execute_trajectory/cancel] Replanning: no
1631255386.750203142 INFO /move_group_commander_wrappers_1631255386596363574 [/tmp/binarydeb/ros-melodic-moveit-core-1.0.7/robot_model/src/robot_model.cpp:951(core::JointModel* moveit::core::RobotModel::constructJointModel)] [topics: /rosout] No root/virtual joint specified in SRDF. Assuming fixed joint
1631255387.809411740 INFO /move_group_commander_wrappers_1631255386596363574 [/tmp/binarydeb/ros-melodic-moveit-ros-planning-interface-1.0.7/move_group_interface/src/move_group_interface.cpp:176(planning_interface::MoveGroupInterface::MoveGroupInterfaceImpl::MoveGroupInterfaceImpl)] [topics: /rosout, /planning_scene, /trajectory_execution_event, /attached_collision_object, /move_group/goal, /move_group/cancel, /pickup/goal, /pickup/cancel, /place/goal, /place/cancel, /execute_trajectory/goal, /execute_trajectory/cancel] Ready to take commands for planning group panda_arm.
1631255388.373624978 INFO /move_group_commander_wrappers_1631255386596363574 [/tmp/binarydeb/ros-melodic-moveit-ros-planning-interface-1.0.7/move_group_interface/src/move_group_interface.cpp:176(planning_interface::MoveGroupInterface::MoveGroupInterfaceImpl::MoveGroupInterfaceImpl)] [topics: /rosout, /planning_scene, /trajectory_execution_event, /attached_collision_object, /move_group/goal, /move_group/cancel, /pickup/goal, /pickup/cancel, /place/goal, /place/cancel, /execute_trajectory/goal, /execute_trajectory/cancel] Ready to take commands for planning group hand.
1631255388.509061098 INFO /PandaMove [object_level_motion.py:265(ObjectLevelMotion._update_place_pose_state)] [topics: /tf_static, /collision_object, /attached_collision_object, /waypoints, /rosout, /action] wait for update_place_pose_state
1631255389.210494995 INFO /PandaMove [object_level_motion.py:254(ObjectLevelMotion._arrange)] [topics: /tf_static, /collision_object, /attached_collision_object, /waypoints, /rosout, /action] pan
1631255389.220438957 INFO /PandaMove [object_level_motion.py:265(ObjectLevelMotion._update_place_pose_state)] [topics: /tf_static, /collision_object, /attached_collision_object, /waypoints, /rosout, /action] wait for update_place_pose_state
1631255389.925431966 INFO /PandaMove [object_level_motion.py:254(ObjectLevelMotion._arrange)] [topics: /tf_static, /collision_object, /attached_collision_object, /waypoints, /rosout, /action] pot
1631255389.944724082 INFO /PandaMove [object_level_motion.py:265(ObjectLevelMotion._update_place_pose_state)] [topics: /tf_static, /collision_object, /attached_collision_object, /waypoints, /rosout, /action] wait for update_place_pose_state
1631255390.652246952 INFO /PandaMove [object_level_motion.py:254(ObjectLevelMotion._arrange)] [topics: /tf_static, /collision_object, /attached_collision_object, /waypoints, /rosout, /action] plate
1631255390.660233974 INFO /PandaMove [object_level_motion.py:265(ObjectLevelMotion._update_place_pose_state)] [topics: /tf_static, /collision_object, /attached_collision_object, /waypoints, /rosout, /action] wait for update_place_pose_state
1631255391.371583938 INFO /PandaMove [object_level_motion.py:254(ObjectLevelMotion._arrange)] [topics: /tf_static, /collision_object, /attached_collision_object, /waypoints, /rosout, /action] bowl
1631255391.384391069 INFO /PandaMove [object_level_motion.py:265(ObjectLevelMotion._update_place_pose_state)] [topics: /tf_static, /collision_object, /attached_collision_object, /waypoints, /rosout, /action] wait for update_place_pose_state
1631255392.126900911 INFO /PandaMove [object_level_motion.py:254(ObjectLevelMotion._arrange)] [topics: /tf_static, /collision_object, /attached_collision_object, /waypoints, /rosout, /action] spatula
1631255392.136642932 INFO /PandaMove [object_level_motion.py:265(ObjectLevelMotion._update_place_pose_state)] [topics: /tf_static, /collision_object, /attached_collision_object, /waypoints, /rosout, /action] wait for update_place_pose_state
1631255392.856245994 INFO /PandaMove [object_level_motion.py:254(ObjectLevelMotion._arrange)] [topics: /tf_static, /collision_object, /attached_collision_object, /waypoints, /rosout, /action] spreader
1631255392.862797975 INFO /PandaMove [object_level_motion.py:265(ObjectLevelMotion._update_place_pose_state)] [topics: /tf_static, /collision_object, /attached_collision_object, /waypoints, /rosout, /action] wait for update_place_pose_state
1631255393.583947896 INFO /PandaMove [object_level_motion.py:254(ObjectLevelMotion._arrange)] [topics: /tf_static, /collision_object, /attached_collision_object, /waypoints, /rosout, /action] scooper
1631255393.589581012 INFO /PandaMove [object_level_motion.py:265(ObjectLevelMotion._update_place_pose_state)] [topics: /tf_static, /collision_object, /attached_collision_object, /waypoints, /rosout, /action] wait for update_place_pose_state
1631255394.311372995 INFO /PandaMove [object_level_motion.py:254(ObjectLevelMotion._arrange)] [topics: /tf_static, /collision_object, /attached_collision_object, /waypoints, /rosout, /action] knife
1631255394.320708990 INFO /PandaMove [object_level_motion.py:265(ObjectLevelMotion._update_place_pose_state)] [topics: /tf_static, /collision_object, /attached_collision_object, /waypoints, /rosout, /action] wait for update_place_pose_state
1631255395.064950942 INFO /PandaMove [object_level_motion.py:254(ObjectLevelMotion._arrange)] [topics: /tf_static, /collision_object, /attached_collision_object, /waypoints, /rosout, /action] cutting_board
1631255395.071732044 INFO /PandaMove [object_level_motion.py:265(ObjectLevelMotion._update_place_pose_state)] [topics: /tf_static, /collision_object, /attached_collision_object, /waypoints, /rosout, /action] wait for update_place_pose_state
1631255395.797851085 INFO /PandaMove [object_level_motion.py:254(ObjectLevelMotion._arrange)] [topics: /tf_static, /collision_object, /attached_collision_object, /waypoints, /rosout, /action] tuna
1631255395.803025960 INFO /PandaMove [object_level_motion.py:265(ObjectLevelMotion._update_place_pose_state)] [topics: /tf_static, /collision_object, /attached_collision_object, /waypoints, /rosout, /action] wait for update_place_pose_state
1631255396.535748958 INFO /PandaMove [object_level_motion.py:254(ObjectLevelMotion._arrange)] [topics: /tf_static, /collision_object, /attached_collision_object, /waypoints, /rosout, /action] onion
1631255396.542445898 INFO /PandaMove [object_level_motion.py:265(ObjectLevelMotion._update_place_pose_state)] [topics: /tf_static, /collision_object, /attached_collision_object, /waypoints, /rosout, /action] wait for update_place_pose_state
1631255397.274348974 INFO /PandaMove [object_level_motion.py:254(ObjectLevelMotion._arrange)] [topics: /tf_static, /collision_object, /attached_collision_object, /waypoints, /rosout, /action] butter
1631255397.276139974 INFO /PandaMove [object_level_motion.py:265(ObjectLevelMotion._update_place_pose_state)] [topics: /tf_static, /collision_object, /attached_collision_object, /waypoints, /rosout, /action] wait for update_place_pose_state
1631255398.015486001 INFO /PandaMove [object_level_motion.py:254(ObjectLevelMotion._arrange)] [topics: /tf_static, /collision_object, /attached_collision_object, /waypoints, /rosout, /action] lettuce
1631255398.025089025 INFO /PandaMove [object_level_motion.py:265(ObjectLevelMotion._update_place_pose_state)] [topics: /tf_static, /collision_object, /attached_collision_object, /waypoints, /rosout, /action] wait for update_place_pose_state
1631255398.769227981 INFO /PandaMove [object_level_motion.py:254(ObjectLevelMotion._arrange)] [topics: /tf_static, /collision_object, /attached_collision_object, /waypoints, /rosout, /action] bread1
1631255398.773336887 INFO /PandaMove [object_level_motion.py:265(ObjectLevelMotion._update_place_pose_state)] [topics: /tf_static, /collision_object, /attached_collision_object, /waypoints, /rosout, /action] wait for update_place_pose_state
1631255399.511770963 INFO /PandaMove [object_level_motion.py:254(ObjectLevelMotion._arrange)] [topics: /tf_static, /collision_object, /attached_collision_object, /waypoints, /rosout, /action] bread2
1631255399.515197038 INFO /PandaMove [object_level_motion.py:265(ObjectLevelMotion._update_place_pose_state)] [topics: /tf_static, /collision_object, /attached_collision_object, /waypoints, /rosout, /action] wait for update_place_pose_state
1631255400.260302066 INFO /PandaMove [object_level_motion.py:254(ObjectLevelMotion._arrange)] [topics: /tf_static, /collision_object, /attached_collision_object, /waypoints, /rosout, /action] salt_bottle
1631255400.272237062 INFO /PandaMove [object_level_motion.py:265(ObjectLevelMotion._update_place_pose_state)] [topics: /tf_static, /collision_object, /attached_collision_object, /waypoints, /rosout, /action] wait for update_place_pose_state
1631255401.021564960 INFO /PandaMove [object_level_motion.py:254(ObjectLevelMotion._arrange)] [topics: /tf_static, /collision_object, /attached_collision_object, /waypoints, /rosout, /action] sugar_bottle
1631255401.033798933 INFO /PandaMove [object_level_motion.py:265(ObjectLevelMotion._update_place_pose_state)] [topics: /tf_static, /collision_object, /attached_collision_object, /waypoints, /rosout, /action] wait for update_place_pose_state
1631255401.793137073 INFO /PandaMove [object_level_motion.py:254(ObjectLevelMotion._arrange)] [topics: /tf_static, /collision_object, /attached_collision_object, /waypoints, /rosout, /action] pepper_bottle
1631255401.807848930 INFO /PandaMove [object_level_motion.py:265(ObjectLevelMotion._update_place_pose_state)] [topics: /tf_static, /collision_object, /attached_collision_object, /waypoints, /rosout, /action] wait for update_place_pose_state
1631255402.559863090 INFO /PandaMove [object_level_motion.py:254(ObjectLevelMotion._arrange)] [topics: /tf_static, /collision_object, /attached_collision_object, /waypoints, /rosout, /action] mayonnaise_bottle
1631255402.567931890 INFO /PandaMove [object_level_motion.py:265(ObjectLevelMotion._update_place_pose_state)] [topics: /tf_static, /collision_object, /attached_collision_object, /waypoints, /rosout, /action] wait for update_place_pose_state
1631255403.330321073 INFO /PandaMove [object_level_motion.py:254(ObjectLevelMotion._arrange)] [topics: /tf_static, /collision_object, /attached_collision_object, /waypoints, /rosout, /action] chopped_onion
1631255403.337153911 INFO /PandaMove [object_level_motion.py:265(ObjectLevelMotion._update_place_pose_state)] [topics: /tf_static, /collision_object, /attached_collision_object, /waypoints, /rosout, /action] wait for update_place_pose_state
1631255404.106847047 INFO /PandaMove [object_level_motion.py:254(ObjectLevelMotion._arrange)] [topics: /tf_static, /collision_object, /attached_collision_object, /waypoints, /rosout, /action] chopped_tuna
1631255404.131994962 INFO /PandaMove [object_level_motion.py:265(ObjectLevelMotion._update_place_pose_state)] [topics: /tf_static, /collision_object, /attached_collision_object, /waypoints, /rosout, /action] wait for update_place_pose_state
1631255404.901602983 INFO /PandaMove [object_level_motion.py:254(ObjectLevelMotion._arrange)] [topics: /tf_static, /collision_object, /attached_collision_object, /waypoints, /rosout, /action] chopped_sandwich
1631255404.916404008 INFO /PandaMove [object_level_motion.py:265(ObjectLevelMotion._update_place_pose_state)] [topics: /tf_static, /collision_object, /attached_collision_object, /waypoints, /rosout, /action] wait for update_place_pose_state
1631255405.681981086 INFO /PandaMove [object_level_motion.py:254(ObjectLevelMotion._arrange)] [topics: /tf_static, /collision_object, /attached_collision_object, /waypoints, /rosout, /action] chopped_lettuce
1631255405.687062025 INFO /PandaMove [object_level_motion.py:265(ObjectLevelMotion._update_place_pose_state)] [topics: /tf_static, /collision_object, /attached_collision_object, /waypoints, /rosout, /action] wait for update_place_pose_state
1631255406.448251962 INFO /PandaMove [object_level_motion.py:254(ObjectLevelMotion._arrange)] [topics: /tf_static, /collision_object, /attached_collision_object, /waypoints, /rosout, /action] mayonnaise_1
1631255406.454935073 INFO /PandaMove [object_level_motion.py:265(ObjectLevelMotion._update_place_pose_state)] [topics: /tf_static, /collision_object, /attached_collision_object, /waypoints, /rosout, /action] wait for update_place_pose_state
1631255407.216672897 INFO /PandaMove [object_level_motion.py:254(ObjectLevelMotion._arrange)] [topics: /tf_static, /collision_object, /attached_collision_object, /waypoints, /rosout, /action] sugar_1
1631255407.222596883 INFO /PandaMove [object_level_motion.py:265(ObjectLevelMotion._update_place_pose_state)] [topics: /tf_static, /collision_object, /attached_collision_object, /waypoints, /rosout, /action] wait for update_place_pose_state
1631255407.983736991 INFO /PandaMove [object_level_motion.py:254(ObjectLevelMotion._arrange)] [topics: /tf_static, /collision_object, /attached_collision_object, /waypoints, /rosout, /action] pepper_1
1631255407.989737987 INFO /PandaMove [object_level_motion.py:265(ObjectLevelMotion._update_place_pose_state)] [topics: /tf_static, /collision_object, /attached_collision_object, /waypoints, /rosout, /action] wait for update_place_pose_state
1631255408.754883050 INFO /PandaMove [object_level_motion.py:254(ObjectLevelMotion._arrange)] [topics: /tf_static, /collision_object, /attached_collision_object, /waypoints, /rosout, /action] salt_1
1631255408.760955095 INFO /PandaMove [object_level_motion.py:265(ObjectLevelMotion._update_place_pose_state)] [topics: /tf_static, /collision_object, /attached_collision_object, /waypoints, /rosout, /action] wait for update_place_pose_state
1631255410.405601759 WARN /move_group_commander_wrappers_1631255386596363574 [/tmp/binarydeb/ros-melodic-moveit-ros-planning-interface-1.0.7/planning_scene_interface/src/planning_scene_interface.cpp:159(map<std::__cxx11::basic_string<char>, geometry_msgs::Pose_<std::allocator<void> > > moveit::planning_interface::PlanningSceneInterface::PlanningSceneInterfaceImpl::getObjectPoses)] [topics: /rosout, /planning_scene, /trajectory_execution_event, /attached_collision_object, /move_group/goal, /move_group/cancel, /pickup/goal, /pickup/cancel, /place/goal, /place/cancel, /execute_trajectory/goal, /execute_trajectory/cancel] Could not call planning scene service to get object names
