[rospy.client][INFO] 2021-09-17 12:14:45,013: init_node, name[/joint_state_publisher], pid[10601]
[xmlrpc][INFO] 2021-09-17 12:14:45,013: XML-RPC server binding to 0.0.0.0:0
[xmlrpc][INFO] 2021-09-17 12:14:45,013: Started XML-RPC server [http://wng:45179/]
[rospy.impl.masterslave][INFO] 2021-09-17 12:14:45,013: _ready: http://wng:45179/
[rospy.init][INFO] 2021-09-17 12:14:45,014: ROS Slave URI: [http://wng:45179/]
[xmlrpc][INFO] 2021-09-17 12:14:45,016: xml rpc node: starting XML-RPC server
[rospy.registration][INFO] 2021-09-17 12:14:45,014: Registering with master node http://localhost:11311
[rospy.init][INFO] 2021-09-17 12:14:45,114: registered with master
[rospy.rosout][INFO] 2021-09-17 12:14:45,114: initializing /rosout core topic
[rospy.rosout][INFO] 2021-09-17 12:14:45,119: connected to core topic /rosout
[rospy.simtime][INFO] 2021-09-17 12:14:45,120: /use_sim_time is not set, will not subscribe to simulated time [/clock] topic
[rospy.internal][INFO] 2021-09-17 12:14:45,185: topic[/move_group/fake_controller_joint_states] adding connection to [http://wng:41699/], count 0
[rospy.internal][INFO] 2021-09-17 12:14:45,322: topic[/rosout] adding connection to [/rosout], count 0
[rospy.internal][INFO] 2021-09-17 12:14:45,416: topic[/joint_states] adding connection to [/joint_state_desired_publisher], count 0
[rospy.internal][INFO] 2021-09-17 12:14:45,449: topic[/joint_states] adding connection to [/robot_state_publisher], count 1
[rospy.internal][INFO] 2021-09-17 12:15:16,814: topic[/joint_states] adding connection to [/move_group_commander_wrappers_1631848493722702353], count 2
[rospy.internal][INFO] 2021-09-17 12:32:46,942: topic[/joint_states] removing connection to /move_group_commander_wrappers_1631848493722702353
[rospy.core][INFO] 2021-09-17 12:47:34,928: signal_shutdown [signal-2]
[rospy.internal][INFO] 2021-09-17 12:47:34,931: topic[/joint_states] removing connection to /joint_state_desired_publisher
[rospy.internal][INFO] 2021-09-17 12:47:34,931: topic[/joint_states] removing connection to /robot_state_publisher
[rospy.internal][INFO] 2021-09-17 12:47:34,931: topic[/rosout] removing connection to /rosout
[rospy.internal][INFO] 2021-09-17 12:47:34,932: topic[/move_group/fake_controller_joint_states] removing connection to http://wng:41699/
[rospy.internal][WARNING] 2021-09-17 12:47:34,932: Unknown error initiating TCP/IP socket to wng:37087 (http://wng:41699/): Traceback (most recent call last):
  File "/opt/ros/melodic/lib/python2.7/dist-packages/rospy/impl/tcpros_base.py", line 562, in connect
    self.read_header()
  File "/opt/ros/melodic/lib/python2.7/dist-packages/rospy/impl/tcpros_base.py", line 657, in read_header
    self._validate_header(read_ros_handshake_header(sock, self.read_buff, self.protocol.buff_size))
AttributeError: 'NoneType' object has no attribute 'buff_size'

[rospy.topics][ERROR] 2021-09-17 12:47:34,932: Traceback (most recent call last):
  File "/opt/ros/melodic/lib/python2.7/dist-packages/rospy/topics.py", line 326, in close
    c.close()
  File "/opt/ros/melodic/lib/python2.7/dist-packages/rospy/impl/tcpros_base.py", line 846, in close
    self.socket.close()
AttributeError: 'NoneType' object has no attribute 'close'

[rospy.impl.masterslave][INFO] 2021-09-17 12:47:34,933: signal-2
[rospy.core][INFO] 2021-09-17 12:47:35,067: signal_shutdown [atexit]
