[rospy.client][INFO] 2021-09-17 12:14:45,610: init_node, name[/server_endpoint], pid[10599]
[xmlrpc][INFO] 2021-09-17 12:14:45,610: XML-RPC server binding to 0.0.0.0:0
[xmlrpc][INFO] 2021-09-17 12:14:45,611: Started XML-RPC server [http://wng:42513/]
[rospy.init][INFO] 2021-09-17 12:14:45,611: ROS Slave URI: [http://wng:42513/]
[rospy.impl.masterslave][INFO] 2021-09-17 12:14:45,611: _ready: http://wng:42513/
[rospy.registration][INFO] 2021-09-17 12:14:45,611: Registering with master node http://localhost:11311
[xmlrpc][INFO] 2021-09-17 12:14:45,611: xml rpc node: starting XML-RPC server
[rospy.init][INFO] 2021-09-17 12:14:45,711: registered with master
[rospy.rosout][INFO] 2021-09-17 12:14:45,711: initializing /rosout core topic
[rospy.rosout][INFO] 2021-09-17 12:14:45,712: connected to core topic /rosout
[rospy.simtime][INFO] 2021-09-17 12:14:45,713: /use_sim_time is not set, will not subscribe to simulated time [/clock] topic
[rosout][INFO] 2021-09-17 12:14:45,718: Starting server on 192.168.1.146:10000
[rospy.internal][INFO] 2021-09-17 12:14:45,926: topic[/rosout] adding connection to [/rosout], count 0
[rosout][INFO] 2021-09-17 12:15:07,497: Connection from 192.168.1.146
[rosout][INFO] 2021-09-17 12:15:07,501: RegisterPublisher(execution_check, <class 'panda_move.msg._ExecutionCheck.ExecutionCheck'>) OK
[rospy.internal][INFO] 2021-09-17 12:15:07,601: topic[/execution_check] adding connection to [http://wng:42513/], count 0
[rospy.internal][INFO] 2021-09-17 12:15:07,602: topic[/execution_check] adding connection to [/server_endpoint], count 0
[rospy.core][INFO] 2021-09-17 12:47:34,927: signal_shutdown [signal-2]
[rospy.internal][INFO] 2021-09-17 12:47:34,932: topic[/execution_check] removing connection to /server_endpoint
[rospy.internal][INFO] 2021-09-17 12:47:34,933: topic[/rosout] removing connection to /rosout
[rospy.internal][INFO] 2021-09-17 12:47:34,934: topic[/execution_check] removing connection to http://wng:42513/
[rospy.impl.masterslave][INFO] 2021-09-17 12:47:34,934: signal-2
[rospy.internal][ERROR] 2021-09-17 12:47:34,933: Unable to initiate TCP/IP socket to wng:39833 (http://wng:42513/): Traceback (most recent call last):
  File "/opt/ros/melodic/lib/python2.7/dist-packages/rospy/impl/tcpros_base.py", line 562, in connect
    self.read_header()
  File "/opt/ros/melodic/lib/python2.7/dist-packages/rospy/impl/tcpros_base.py", line 657, in read_header
    self._validate_header(read_ros_handshake_header(sock, self.read_buff, self.protocol.buff_size))
  File "/opt/ros/melodic/lib/python2.7/dist-packages/rospy/impl/tcpros_base.py", line 600, in _validate_header
    raise TransportInitError("remote error reported: %s"%header['error'])
TransportInitError: remote error reported: node shutting down

[rospy.core][INFO] 2021-09-17 12:47:35,066: signal_shutdown [atexit]
