[rospy.client][INFO] 2021-12-09 17:08:16,104: init_node, name[/server_endpoint], pid[8145]
[xmlrpc][INFO] 2021-12-09 17:08:16,105: XML-RPC server binding to 0.0.0.0:0
[xmlrpc][INFO] 2021-12-09 17:08:16,105: Started XML-RPC server [http://wng:34893/]
[rospy.init][INFO] 2021-12-09 17:08:16,105: ROS Slave URI: [http://wng:34893/]
[rospy.impl.masterslave][INFO] 2021-12-09 17:08:16,105: _ready: http://wng:34893/
[rospy.registration][INFO] 2021-12-09 17:08:16,106: Registering with master node http://localhost:11311
[xmlrpc][INFO] 2021-12-09 17:08:16,106: xml rpc node: starting XML-RPC server
[rospy.init][INFO] 2021-12-09 17:08:16,206: registered with master
[rospy.rosout][INFO] 2021-12-09 17:08:16,206: initializing /rosout core topic
[rospy.rosout][INFO] 2021-12-09 17:08:16,207: connected to core topic /rosout
[rospy.simtime][INFO] 2021-12-09 17:08:16,207: /use_sim_time is not set, will not subscribe to simulated time [/clock] topic
[rosout][INFO] 2021-12-09 17:08:16,213: Starting server on 192.168.0.8:10000
[rospy.internal][INFO] 2021-12-09 17:08:16,494: topic[/rosout] adding connection to [/rosout], count 0
[rosout][INFO] 2021-12-09 17:08:22,307: Connection from 192.168.0.8
[rosout][INFO] 2021-12-09 17:08:22,313: RegisterPublisher(execution_check, <class 'panda_move.msg._ExecutionCheck.ExecutionCheck'>) OK
[rospy.internal][INFO] 2021-12-09 17:08:22,437: topic[/execution_check] adding connection to [http://wng:34893/], count 0
[rospy.internal][INFO] 2021-12-09 17:08:22,438: topic[/execution_check] adding connection to [/server_endpoint], count 0
[rospy.core][INFO] 2021-12-09 17:27:00,932: signal_shutdown [signal-2]
[rospy.internal][INFO] 2021-12-09 17:27:00,938: topic[/execution_check] removing connection to /server_endpoint
[rospy.internal][INFO] 2021-12-09 17:27:00,938: topic[/rosout] removing connection to /rosout
[rospy.internal][ERROR] 2021-12-09 17:27:00,939: Unable to initiate TCP/IP socket to wng:46455 (http://wng:34893/): Traceback (most recent call last):
  File "/opt/ros/melodic/lib/python2.7/dist-packages/rospy/impl/tcpros_base.py", line 562, in connect
    self.read_header()
  File "/opt/ros/melodic/lib/python2.7/dist-packages/rospy/impl/tcpros_base.py", line 657, in read_header
    self._validate_header(read_ros_handshake_header(sock, self.read_buff, self.protocol.buff_size))
  File "/opt/ros/melodic/lib/python2.7/dist-packages/rospy/impl/tcpros_base.py", line 600, in _validate_header
    raise TransportInitError("remote error reported: %s"%header['error'])
TransportInitError: remote error reported: node shutting down

[rospy.internal][INFO] 2021-12-09 17:27:00,939: topic[/execution_check] removing connection to http://wng:34893/
[rospy.impl.masterslave][INFO] 2021-12-09 17:27:00,939: signal-2
[rospy.core][INFO] 2021-12-09 17:27:01,071: signal_shutdown [atexit]
