[rospy.client][INFO] 2021-12-08 08:28:45,362: init_node, name[/joint_state_publisher], pid[17590]
[xmlrpc][INFO] 2021-12-08 08:28:45,362: XML-RPC server binding to 0.0.0.0:0
[xmlrpc][INFO] 2021-12-08 08:28:45,362: Started XML-RPC server [http://wng:33181/]
[rospy.init][INFO] 2021-12-08 08:28:45,363: ROS Slave URI: [http://wng:33181/]
[rospy.impl.masterslave][INFO] 2021-12-08 08:28:45,363: _ready: http://wng:33181/
[xmlrpc][INFO] 2021-12-08 08:28:45,363: xml rpc node: starting XML-RPC server
[rospy.registration][INFO] 2021-12-08 08:28:45,363: Registering with master node http://localhost:11311
[rospy.init][INFO] 2021-12-08 08:28:45,463: registered with master
[rospy.rosout][INFO] 2021-12-08 08:28:45,463: initializing /rosout core topic
[rospy.rosout][INFO] 2021-12-08 08:28:45,465: connected to core topic /rosout
[rospy.simtime][INFO] 2021-12-08 08:28:45,466: /use_sim_time is not set, will not subscribe to simulated time [/clock] topic
[rospy.internal][INFO] 2021-12-08 08:28:45,531: topic[/move_group/fake_controller_joint_states] adding connection to [http://wng:33523/], count 0
[rospy.internal][INFO] 2021-12-08 08:28:45,682: topic[/rosout] adding connection to [/rosout], count 0
[rospy.internal][INFO] 2021-12-08 08:28:45,782: topic[/joint_states] adding connection to [/robot_state_publisher], count 0
[rospy.internal][INFO] 2021-12-08 08:28:45,782: topic[/joint_states] adding connection to [/joint_state_desired_publisher], count 1
[rospy.internal][INFO] 2021-12-08 08:29:12,861: topic[/joint_states] adding connection to [/move_group_commander_wrappers_1638919730817704404], count 2
[rospy.internal][INFO] 2021-12-08 08:39:19,586: topic[/joint_states] removing connection to /move_group_commander_wrappers_1638919730817704404
[rospy.core][INFO] 2021-12-08 08:49:34,811: signal_shutdown [signal-2]
[rospy.internal][INFO] 2021-12-08 08:49:34,816: topic[/joint_states] removing connection to /robot_state_publisher
[rospy.internal][INFO] 2021-12-08 08:49:34,816: topic[/joint_states] removing connection to /joint_state_desired_publisher
[rospy.internal][INFO] 2021-12-08 08:49:34,816: topic[/rosout] removing connection to /rosout
[rospy.internal][INFO] 2021-12-08 08:49:34,817: topic[/move_group/fake_controller_joint_states] removing connection to http://wng:33523/
[rospy.impl.masterslave][INFO] 2021-12-08 08:49:34,817: signal-2
[rospy.core][INFO] 2021-12-08 08:49:34,933: signal_shutdown [atexit]
