[rospy.client][INFO] 2021-09-26 15:58:48,607: init_node, name[/joint_state_publisher], pid[28450]
[xmlrpc][INFO] 2021-09-26 15:58:48,607: XML-RPC server binding to 0.0.0.0:0
[xmlrpc][INFO] 2021-09-26 15:58:48,607: Started XML-RPC server [http://wng:36383/]
[rospy.init][INFO] 2021-09-26 15:58:48,607: ROS Slave URI: [http://wng:36383/]
[rospy.impl.masterslave][INFO] 2021-09-26 15:58:48,607: _ready: http://wng:36383/
[rospy.registration][INFO] 2021-09-26 15:58:48,608: Registering with master node http://localhost:11311
[xmlrpc][INFO] 2021-09-26 15:58:48,608: xml rpc node: starting XML-RPC server
[rospy.init][INFO] 2021-09-26 15:58:48,708: registered with master
[rospy.rosout][INFO] 2021-09-26 15:58:48,708: initializing /rosout core topic
[rospy.rosout][INFO] 2021-09-26 15:58:48,710: connected to core topic /rosout
[rospy.simtime][INFO] 2021-09-26 15:58:48,711: /use_sim_time is not set, will not subscribe to simulated time [/clock] topic
[rospy.internal][INFO] 2021-09-26 15:58:48,773: topic[/move_group/fake_controller_joint_states] adding connection to [http://wng:41227/], count 0
[rospy.internal][INFO] 2021-09-26 15:58:48,974: topic[/rosout] adding connection to [/rosout], count 0
[rospy.internal][INFO] 2021-09-26 15:58:48,975: topic[/joint_states] adding connection to [/joint_state_desired_publisher], count 0
[rospy.internal][INFO] 2021-09-26 15:58:48,979: topic[/joint_states] adding connection to [/robot_state_publisher], count 1
[rospy.internal][INFO] 2021-09-26 15:59:50,293: topic[/joint_states] adding connection to [/move_group_commander_wrappers_1632639541239476025], count 2
[rospy.internal][INFO] 2021-09-26 16:32:44,588: topic[/joint_states] removing connection to /move_group_commander_wrappers_1632639541239476025
[rospy.core][INFO] 2021-09-26 16:36:26,446: signal_shutdown [signal-2]
[rospy.internal][INFO] 2021-09-26 16:36:26,449: topic[/joint_states] removing connection to /joint_state_desired_publisher
[rospy.internal][INFO] 2021-09-26 16:36:26,453: topic[/joint_states] removing connection to /robot_state_publisher
[rospy.internal][INFO] 2021-09-26 16:36:26,453: topic[/rosout] removing connection to /rosout
[rospy.internal][INFO] 2021-09-26 16:36:26,453: topic[/move_group/fake_controller_joint_states] removing connection to http://wng:41227/
[rospy.impl.masterslave][INFO] 2021-09-26 16:36:26,454: signal-2
[rospy.internal][WARNING] 2021-09-26 16:36:26,586: Unknown error initiating TCP/IP socket to wng:38193 (http://wng:41227/): Traceback (most recent call last):
  File "/opt/ros/melodic/lib/python2.7/dist-packages/rospy/impl/tcpros_base.py", line 562, in connect
    self.read_header()
  File "/opt/ros/melodic/lib/python2.7/dist-packages/rospy/impl/tcpros_base.py", line 657, in read_header
    self._validate_header(read_ros_handshake_header(sock, self.read_buff, self.protocol.buff_size))
  File "/opt/ros/melodic/lib/python2.7/dist-packages/rosgraph/network.py", line 357, in read_ros_handshake_header
    d = sock.recv(buff_size)
error: [Errno 104] Connection reset by peer

[rospy.core][INFO] 2021-09-26 16:36:27,069: signal_shutdown [atexit]
