[rospy.client][INFO] 2021-12-14 11:32:22,240: init_node, name[/joint_state_publisher], pid[29215]
[xmlrpc][INFO] 2021-12-14 11:32:22,241: XML-RPC server binding to 0.0.0.0:0
[xmlrpc][INFO] 2021-12-14 11:32:22,241: Started XML-RPC server [http://wng:44047/]
[rospy.init][INFO] 2021-12-14 11:32:22,241: ROS Slave URI: [http://wng:44047/]
[rospy.impl.masterslave][INFO] 2021-12-14 11:32:22,241: _ready: http://wng:44047/
[rospy.registration][INFO] 2021-12-14 11:32:22,242: Registering with master node http://localhost:11311
[xmlrpc][INFO] 2021-12-14 11:32:22,242: xml rpc node: starting XML-RPC server
[rospy.init][INFO] 2021-12-14 11:32:22,342: registered with master
[rospy.rosout][INFO] 2021-12-14 11:32:22,342: initializing /rosout core topic
[rospy.rosout][INFO] 2021-12-14 11:32:22,344: connected to core topic /rosout
[rospy.simtime][INFO] 2021-12-14 11:32:22,345: /use_sim_time is not set, will not subscribe to simulated time [/clock] topic
[rospy.internal][INFO] 2021-12-14 11:32:22,407: topic[/move_group/fake_controller_joint_states] adding connection to [http://wng:35013/], count 0
[rospy.internal][INFO] 2021-12-14 11:32:22,587: topic[/rosout] adding connection to [/rosout], count 0
[rospy.internal][INFO] 2021-12-14 11:32:22,587: topic[/joint_states] adding connection to [/joint_state_desired_publisher], count 0
[rospy.internal][INFO] 2021-12-14 11:32:22,687: topic[/joint_states] adding connection to [/robot_state_publisher], count 1
[rospy.internal][INFO] 2021-12-14 11:33:18,693: topic[/joint_states] adding connection to [/move_group_commander_wrappers_1639449152885271210], count 2
[rospy.internal][INFO] 2021-12-14 11:52:18,169: topic[/joint_states] removing connection to /move_group_commander_wrappers_1639449152885271210
[rospy.core][INFO] 2021-12-14 11:52:21,804: signal_shutdown [signal-2]
[rospy.internal][INFO] 2021-12-14 11:52:21,808: topic[/joint_states] removing connection to /joint_state_desired_publisher
[rospy.internal][INFO] 2021-12-14 11:52:21,808: topic[/joint_states] removing connection to /robot_state_publisher
[rospy.internal][INFO] 2021-12-14 11:52:21,809: topic[/rosout] removing connection to /rosout
[rospy.internal][INFO] 2021-12-14 11:52:21,809: topic[/move_group/fake_controller_joint_states] removing connection to http://wng:35013/
[rospy.impl.masterslave][INFO] 2021-12-14 11:52:21,809: signal-2
[rospy.core][INFO] 2021-12-14 11:52:21,941: signal_shutdown [atexit]
