[rospy.client][INFO] 2021-09-26 14:01:36,422: init_node, name[/joint_state_publisher], pid[17696]
[xmlrpc][INFO] 2021-09-26 14:01:36,423: XML-RPC server binding to 0.0.0.0:0
[xmlrpc][INFO] 2021-09-26 14:01:36,423: Started XML-RPC server [http://wng:41977/]
[rospy.init][INFO] 2021-09-26 14:01:36,423: ROS Slave URI: [http://wng:41977/]
[rospy.impl.masterslave][INFO] 2021-09-26 14:01:36,423: _ready: http://wng:41977/
[xmlrpc][INFO] 2021-09-26 14:01:36,423: xml rpc node: starting XML-RPC server
[rospy.registration][INFO] 2021-09-26 14:01:36,423: Registering with master node http://localhost:11311
[rospy.init][INFO] 2021-09-26 14:01:36,523: registered with master
[rospy.rosout][INFO] 2021-09-26 14:01:36,523: initializing /rosout core topic
[rospy.rosout][INFO] 2021-09-26 14:01:36,526: connected to core topic /rosout
[rospy.simtime][INFO] 2021-09-26 14:01:36,526: /use_sim_time is not set, will not subscribe to simulated time [/clock] topic
[rospy.internal][INFO] 2021-09-26 14:01:36,588: topic[/move_group/fake_controller_joint_states] adding connection to [http://wng:37495/], count 0
[rospy.internal][INFO] 2021-09-26 14:01:36,731: topic[/rosout] adding connection to [/rosout], count 0
[rospy.internal][INFO] 2021-09-26 14:01:36,831: topic[/joint_states] adding connection to [/robot_state_publisher], count 0
[rospy.internal][INFO] 2021-09-26 14:01:36,831: topic[/joint_states] adding connection to [/joint_state_desired_publisher], count 1
[rospy.internal][INFO] 2021-09-26 14:02:42,395: topic[/joint_states] adding connection to [/move_group_commander_wrappers_1632632504204592853], count 2
[rospy.internal][INFO] 2021-09-26 14:35:14,842: topic[/joint_states] removing connection to /move_group_commander_wrappers_1632632504204592853
[rospy.core][INFO] 2021-09-26 14:36:21,238: signal_shutdown [signal-2]
[rospy.internal][INFO] 2021-09-26 14:36:21,250: topic[/joint_states] removing connection to /robot_state_publisher
[rospy.internal][INFO] 2021-09-26 14:36:21,250: topic[/joint_states] removing connection to /joint_state_desired_publisher
[rospy.internal][INFO] 2021-09-26 14:36:21,250: topic[/rosout] removing connection to /rosout
[rospy.internal][INFO] 2021-09-26 14:36:21,250: topic[/move_group/fake_controller_joint_states] removing connection to http://wng:37495/
[rospy.impl.masterslave][INFO] 2021-09-26 14:36:21,250: signal-2
[rospy.internal][WARNING] 2021-09-26 14:36:21,251: Unknown error initiating TCP/IP socket to wng:44817 (http://wng:37495/): Traceback (most recent call last):
  File "/opt/ros/melodic/lib/python2.7/dist-packages/rospy/impl/tcpros_base.py", line 562, in connect
    self.read_header()
  File "/opt/ros/melodic/lib/python2.7/dist-packages/rospy/impl/tcpros_base.py", line 657, in read_header
    self._validate_header(read_ros_handshake_header(sock, self.read_buff, self.protocol.buff_size))
AttributeError: 'NoneType' object has no attribute 'buff_size'

[rospy.core][INFO] 2021-09-26 14:36:21,865: signal_shutdown [atexit]
