[rospy.client][INFO] 2021-09-26 14:01:36,896: init_node, name[/server_endpoint], pid[17694]
[xmlrpc][INFO] 2021-09-26 14:01:36,896: XML-RPC server binding to 0.0.0.0:0
[xmlrpc][INFO] 2021-09-26 14:01:36,896: Started XML-RPC server [http://wng:39143/]
[rospy.init][INFO] 2021-09-26 14:01:36,896: ROS Slave URI: [http://wng:39143/]
[rospy.impl.masterslave][INFO] 2021-09-26 14:01:36,896: _ready: http://wng:39143/
[rospy.registration][INFO] 2021-09-26 14:01:36,897: Registering with master node http://localhost:11311
[xmlrpc][INFO] 2021-09-26 14:01:36,897: xml rpc node: starting XML-RPC server
[rospy.init][INFO] 2021-09-26 14:01:36,997: registered with master
[rospy.rosout][INFO] 2021-09-26 14:01:36,998: initializing /rosout core topic
[rospy.rosout][INFO] 2021-09-26 14:01:37,000: connected to core topic /rosout
[rospy.simtime][INFO] 2021-09-26 14:01:37,000: /use_sim_time is not set, will not subscribe to simulated time [/clock] topic
[rosout][INFO] 2021-09-26 14:01:37,012: Starting server on 192.168.1.146:10000
[rospy.internal][INFO] 2021-09-26 14:01:37,236: topic[/rosout] adding connection to [/rosout], count 0
[rosout][INFO] 2021-09-26 14:01:55,178: Connection from 192.168.1.146
[rosout][INFO] 2021-09-26 14:01:55,184: RegisterPublisher(execution_check, <class 'panda_move.msg._ExecutionCheck.ExecutionCheck'>) OK
[rospy.internal][INFO] 2021-09-26 14:01:55,237: topic[/execution_check] adding connection to [http://wng:39143/], count 0
[rospy.internal][INFO] 2021-09-26 14:01:55,239: topic[/execution_check] adding connection to [/server_endpoint], count 0
[rospy.core][INFO] 2021-09-26 14:36:21,239: signal_shutdown [signal-2]
[rospy.internal][INFO] 2021-09-26 14:36:21,243: topic[/execution_check] removing connection to /server_endpoint
[rospy.internal][INFO] 2021-09-26 14:36:21,243: topic[/rosout] removing connection to /rosout
[rospy.internal][INFO] 2021-09-26 14:36:21,244: topic[/execution_check] removing connection to http://wng:39143/
[rospy.impl.masterslave][INFO] 2021-09-26 14:36:21,244: signal-2
[rospy.core][INFO] 2021-09-26 14:36:21,348: signal_shutdown [atexit]
