[rospy.client][INFO] 2021-09-23 14:55:17,099: init_node, name[/server_endpoint], pid[14993]
[xmlrpc][INFO] 2021-09-23 14:55:17,100: XML-RPC server binding to 0.0.0.0:0
[xmlrpc][INFO] 2021-09-23 14:55:17,100: Started XML-RPC server [http://wng:42077/]
[rospy.init][INFO] 2021-09-23 14:55:17,100: ROS Slave URI: [http://wng:42077/]
[rospy.impl.masterslave][INFO] 2021-09-23 14:55:17,100: _ready: http://wng:42077/
[rospy.registration][INFO] 2021-09-23 14:55:17,100: Registering with master node http://localhost:11311
[xmlrpc][INFO] 2021-09-23 14:55:17,100: xml rpc node: starting XML-RPC server
[rospy.init][INFO] 2021-09-23 14:55:17,200: registered with master
[rospy.rosout][INFO] 2021-09-23 14:55:17,200: initializing /rosout core topic
[rospy.rosout][INFO] 2021-09-23 14:55:17,201: connected to core topic /rosout
[rospy.simtime][INFO] 2021-09-23 14:55:17,202: /use_sim_time is not set, will not subscribe to simulated time [/clock] topic
[rosout][INFO] 2021-09-23 14:55:17,207: Starting server on 192.168.1.146:10000
[rospy.internal][INFO] 2021-09-23 14:55:17,434: topic[/rosout] adding connection to [/rosout], count 0
[rosout][INFO] 2021-09-23 14:55:31,510: Connection from 192.168.1.146
[rosout][INFO] 2021-09-23 14:55:31,514: RegisterPublisher(execution_check, <class 'panda_move.msg._ExecutionCheck.ExecutionCheck'>) OK
[rospy.internal][INFO] 2021-09-23 14:55:31,590: topic[/execution_check] adding connection to [http://wng:42077/], count 0
[rospy.internal][INFO] 2021-09-23 14:55:31,593: topic[/execution_check] adding connection to [/server_endpoint], count 0
[rospy.core][INFO] 2021-09-23 15:32:21,203: signal_shutdown [signal-2]
[rospy.internal][INFO] 2021-09-23 15:32:21,207: topic[/execution_check] removing connection to /server_endpoint
[rospy.internal][INFO] 2021-09-23 15:32:21,208: topic[/rosout] removing connection to /rosout
[rospy.internal][INFO] 2021-09-23 15:32:21,208: topic[/execution_check] removing connection to http://wng:42077/
[rospy.impl.masterslave][INFO] 2021-09-23 15:32:21,208: signal-2
[rospy.internal][WARNING] 2021-09-23 15:32:21,209: Unknown error initiating TCP/IP socket to wng:35579 (http://wng:42077/): Traceback (most recent call last):
  File "/opt/ros/melodic/lib/python2.7/dist-packages/rospy/impl/tcpros_base.py", line 561, in connect
    self.write_header()
  File "/opt/ros/melodic/lib/python2.7/dist-packages/rospy/impl/tcpros_base.py", line 642, in write_header
    self.stat_bytes += write_ros_handshake_header(sock, protocol.get_header_fields())
  File "/opt/ros/melodic/lib/python2.7/dist-packages/rosgraph/network.py", line 417, in write_ros_handshake_header
    sock.sendall(s)
  File "/usr/lib/python2.7/socket.py", line 228, in meth
    return getattr(self._sock,name)(*args)
  File "/usr/lib/python2.7/socket.py", line 174, in _dummy
    raise error(EBADF, 'Bad file descriptor')
error: [Errno 9] Bad file descriptor

[rospy.core][INFO] 2021-09-23 15:32:21,823: signal_shutdown [atexit]
