[rospy.client][INFO] 2021-09-24 09:55:31,112: init_node, name[/joint_state_publisher], pid[25148]
[xmlrpc][INFO] 2021-09-24 09:55:31,112: XML-RPC server binding to 0.0.0.0:0
[xmlrpc][INFO] 2021-09-24 09:55:31,112: Started XML-RPC server [http://wng:45743/]
[rospy.init][INFO] 2021-09-24 09:55:31,112: ROS Slave URI: [http://wng:45743/]
[rospy.impl.masterslave][INFO] 2021-09-24 09:55:31,112: _ready: http://wng:45743/
[xmlrpc][INFO] 2021-09-24 09:55:31,113: xml rpc node: starting XML-RPC server
[rospy.registration][INFO] 2021-09-24 09:55:31,113: Registering with master node http://localhost:11311
[rospy.init][INFO] 2021-09-24 09:55:31,213: registered with master
[rospy.rosout][INFO] 2021-09-24 09:55:31,213: initializing /rosout core topic
[rospy.rosout][INFO] 2021-09-24 09:55:31,215: connected to core topic /rosout
[rospy.simtime][INFO] 2021-09-24 09:55:31,216: /use_sim_time is not set, will not subscribe to simulated time [/clock] topic
[rospy.internal][INFO] 2021-09-24 09:55:31,279: topic[/move_group/fake_controller_joint_states] adding connection to [http://wng:45257/], count 0
[rospy.internal][INFO] 2021-09-24 09:55:31,424: topic[/rosout] adding connection to [/rosout], count 0
[rospy.internal][INFO] 2021-09-24 09:55:31,525: topic[/joint_states] adding connection to [/joint_state_desired_publisher], count 0
[rospy.internal][INFO] 2021-09-24 09:55:31,624: topic[/joint_states] adding connection to [/robot_state_publisher], count 1
[rospy.internal][INFO] 2021-09-24 09:56:07,936: topic[/joint_states] adding connection to [/move_group_commander_wrappers_1632444944051315985], count 2
[rospy.internal][INFO] 2021-09-24 10:15:00,406: topic[/joint_states] removing connection to /move_group_commander_wrappers_1632444944051315985
[rospy.core][INFO] 2021-09-24 10:17:18,041: signal_shutdown [signal-2]
[rospy.internal][INFO] 2021-09-24 10:17:18,047: topic[/joint_states] removing connection to /joint_state_desired_publisher
[rospy.internal][INFO] 2021-09-24 10:17:18,047: topic[/joint_states] removing connection to /robot_state_publisher
[rospy.internal][INFO] 2021-09-24 10:17:18,047: topic[/rosout] removing connection to /rosout
[rospy.internal][INFO] 2021-09-24 10:17:18,047: topic[/move_group/fake_controller_joint_states] removing connection to http://wng:45257/
[rospy.impl.masterslave][INFO] 2021-09-24 10:17:18,048: signal-2
[rospy.core][INFO] 2021-09-24 10:17:18,163: signal_shutdown [atexit]
