[rospy.client][INFO] 2021-09-24 09:55:31,626: init_node, name[/server_endpoint], pid[25146]
[xmlrpc][INFO] 2021-09-24 09:55:31,627: XML-RPC server binding to 0.0.0.0:0
[xmlrpc][INFO] 2021-09-24 09:55:31,627: Started XML-RPC server [http://wng:37823/]
[rospy.init][INFO] 2021-09-24 09:55:31,627: ROS Slave URI: [http://wng:37823/]
[rospy.impl.masterslave][INFO] 2021-09-24 09:55:31,627: _ready: http://wng:37823/
[rospy.registration][INFO] 2021-09-24 09:55:31,627: Registering with master node http://localhost:11311
[xmlrpc][INFO] 2021-09-24 09:55:31,627: xml rpc node: starting XML-RPC server
[rospy.init][INFO] 2021-09-24 09:55:31,727: registered with master
[rospy.rosout][INFO] 2021-09-24 09:55:31,727: initializing /rosout core topic
[rospy.rosout][INFO] 2021-09-24 09:55:31,728: connected to core topic /rosout
[rospy.simtime][INFO] 2021-09-24 09:55:31,728: /use_sim_time is not set, will not subscribe to simulated time [/clock] topic
[rosout][INFO] 2021-09-24 09:55:31,733: Starting server on 192.168.1.146:10000
[rospy.internal][INFO] 2021-09-24 09:55:32,028: topic[/rosout] adding connection to [/rosout], count 0
[rosout][INFO] 2021-09-24 09:55:47,939: Connection from 192.168.1.146
[rosout][INFO] 2021-09-24 09:55:47,943: RegisterPublisher(execution_check, <class 'panda_move.msg._ExecutionCheck.ExecutionCheck'>) OK
[rospy.internal][INFO] 2021-09-24 09:55:48,012: topic[/execution_check] adding connection to [http://wng:37823/], count 0
[rospy.internal][INFO] 2021-09-24 09:55:48,014: topic[/execution_check] adding connection to [/server_endpoint], count 0
[rospy.core][INFO] 2021-09-24 10:17:18,035: signal_shutdown [signal-2]
[rospy.internal][INFO] 2021-09-24 10:17:18,039: topic[/execution_check] removing connection to /server_endpoint
[rospy.internal][INFO] 2021-09-24 10:17:18,039: topic[/rosout] removing connection to /rosout
[rospy.internal][INFO] 2021-09-24 10:17:18,040: topic[/execution_check] removing connection to http://wng:37823/
[rospy.impl.masterslave][INFO] 2021-09-24 10:17:18,040: signal-2
[rospy.core][INFO] 2021-09-24 10:17:18,155: signal_shutdown [atexit]
