[rospy.client][INFO] 2021-12-14 10:33:57,017: init_node, name[/joint_state_publisher], pid[18497]
[xmlrpc][INFO] 2021-12-14 10:33:57,017: XML-RPC server binding to 0.0.0.0:0
[xmlrpc][INFO] 2021-12-14 10:33:57,018: Started XML-RPC server [http://wng:34601/]
[rospy.init][INFO] 2021-12-14 10:33:57,018: ROS Slave URI: [http://wng:34601/]
[rospy.impl.masterslave][INFO] 2021-12-14 10:33:57,018: _ready: http://wng:34601/
[xmlrpc][INFO] 2021-12-14 10:33:57,018: xml rpc node: starting XML-RPC server
[rospy.registration][INFO] 2021-12-14 10:33:57,019: Registering with master node http://localhost:11311
[rospy.init][INFO] 2021-12-14 10:33:57,118: registered with master
[rospy.rosout][INFO] 2021-12-14 10:33:57,118: initializing /rosout core topic
[rospy.rosout][INFO] 2021-12-14 10:33:57,120: connected to core topic /rosout
[rospy.simtime][INFO] 2021-12-14 10:33:57,121: /use_sim_time is not set, will not subscribe to simulated time [/clock] topic
[rospy.internal][INFO] 2021-12-14 10:33:57,191: topic[/move_group/fake_controller_joint_states] adding connection to [http://wng:33953/], count 0
[rospy.internal][INFO] 2021-12-14 10:33:57,395: topic[/rosout] adding connection to [/rosout], count 0
[rospy.internal][INFO] 2021-12-14 10:33:57,395: topic[/joint_states] adding connection to [/joint_state_desired_publisher], count 0
[rospy.internal][INFO] 2021-12-14 10:33:57,396: topic[/joint_states] adding connection to [/robot_state_publisher], count 1
[rospy.internal][INFO] 2021-12-14 10:34:28,509: topic[/joint_states] adding connection to [/move_group_commander_wrappers_1639445642246934612], count 2
[rospy.core][INFO] 2021-12-14 10:35:09,432: signal_shutdown [signal-2]
[rospy.internal][INFO] 2021-12-14 10:35:09,437: topic[/joint_states] removing connection to /joint_state_desired_publisher
[rospy.internal][INFO] 2021-12-14 10:35:09,437: topic[/joint_states] removing connection to /robot_state_publisher
[rospy.internal][INFO] 2021-12-14 10:35:09,437: topic[/joint_states] removing connection to /move_group_commander_wrappers_1639445642246934612
[rospy.internal][INFO] 2021-12-14 10:35:09,438: topic[/rosout] removing connection to /rosout
[rospy.internal][INFO] 2021-12-14 10:35:09,438: topic[/move_group/fake_controller_joint_states] removing connection to http://wng:33953/
[rospy.internal][WARNING] 2021-12-14 10:35:09,438: Unknown error initiating TCP/IP socket to wng:34021 (http://wng:33953/): Traceback (most recent call last):
  File "/opt/ros/melodic/lib/python2.7/dist-packages/rospy/impl/tcpros_base.py", line 562, in connect
    self.read_header()
  File "/opt/ros/melodic/lib/python2.7/dist-packages/rospy/impl/tcpros_base.py", line 657, in read_header
    self._validate_header(read_ros_handshake_header(sock, self.read_buff, self.protocol.buff_size))
AttributeError: 'NoneType' object has no attribute 'buff_size'

[rospy.topics][ERROR] 2021-12-14 10:35:09,439: Traceback (most recent call last):
  File "/opt/ros/melodic/lib/python2.7/dist-packages/rospy/topics.py", line 326, in close
    c.close()
  File "/opt/ros/melodic/lib/python2.7/dist-packages/rospy/impl/tcpros_base.py", line 846, in close
    self.socket.close()
AttributeError: 'NoneType' object has no attribute 'close'

[rospy.impl.masterslave][INFO] 2021-12-14 10:35:09,439: signal-2
[rospy.core][INFO] 2021-12-14 10:35:09,603: signal_shutdown [atexit]
