[rospy.client][INFO] 2021-12-14 10:33:57,249: init_node, name[/server_endpoint], pid[18495]
[xmlrpc][INFO] 2021-12-14 10:33:57,250: XML-RPC server binding to 0.0.0.0:0
[xmlrpc][INFO] 2021-12-14 10:33:57,250: Started XML-RPC server [http://wng:38339/]
[rospy.init][INFO] 2021-12-14 10:33:57,250: ROS Slave URI: [http://wng:38339/]
[rospy.impl.masterslave][INFO] 2021-12-14 10:33:57,250: _ready: http://wng:38339/
[rospy.registration][INFO] 2021-12-14 10:33:57,250: Registering with master node http://localhost:11311
[xmlrpc][INFO] 2021-12-14 10:33:57,251: xml rpc node: starting XML-RPC server
[rospy.init][INFO] 2021-12-14 10:33:57,350: registered with master
[rospy.rosout][INFO] 2021-12-14 10:33:57,351: initializing /rosout core topic
[rospy.rosout][INFO] 2021-12-14 10:33:57,352: connected to core topic /rosout
[rospy.simtime][INFO] 2021-12-14 10:33:57,352: /use_sim_time is not set, will not subscribe to simulated time [/clock] topic
[rosout][INFO] 2021-12-14 10:33:57,358: Starting server on 192.168.0.8:10000
[rospy.internal][INFO] 2021-12-14 10:33:57,596: topic[/rosout] adding connection to [/rosout], count 0
[rosout][INFO] 2021-12-14 10:33:59,511: Connection from 192.168.0.8
[rosout][INFO] 2021-12-14 10:33:59,516: RegisterPublisher(execution_check, <class 'panda_move.msg._ExecutionCheck.ExecutionCheck'>) OK
[rospy.internal][INFO] 2021-12-14 10:33:59,630: topic[/execution_check] adding connection to [http://wng:38339/], count 0
[rospy.internal][INFO] 2021-12-14 10:33:59,631: topic[/execution_check] adding connection to [/server_endpoint], count 0
[rospy.core][INFO] 2021-12-14 10:35:09,432: signal_shutdown [signal-2]
[rospy.internal][INFO] 2021-12-14 10:35:09,438: topic[/execution_check] removing connection to /server_endpoint
[rospy.internal][INFO] 2021-12-14 10:35:09,438: topic[/rosout] removing connection to /rosout
[rospy.internal][INFO] 2021-12-14 10:35:09,439: topic[/execution_check] removing connection to http://wng:38339/
[rospy.impl.masterslave][INFO] 2021-12-14 10:35:09,439: signal-2
[rospy.internal][WARNING] 2021-12-14 10:35:09,439: Unknown error initiating TCP/IP socket to wng:44377 (http://wng:38339/): Traceback (most recent call last):
  File "/opt/ros/melodic/lib/python2.7/dist-packages/rospy/impl/tcpros_base.py", line 561, in connect
    self.write_header()
  File "/opt/ros/melodic/lib/python2.7/dist-packages/rospy/impl/tcpros_base.py", line 641, in write_header
    sock.setblocking(1)
  File "/usr/lib/python2.7/socket.py", line 228, in meth
    return getattr(self._sock,name)(*args)
  File "/usr/lib/python2.7/socket.py", line 174, in _dummy
    raise error(EBADF, 'Bad file descriptor')
error: [Errno 9] Bad file descriptor

[rospy.core][INFO] 2021-12-14 10:35:09,571: signal_shutdown [atexit]
