[rospy.client][INFO] 2021-12-10 11:07:57,489: init_node, name[/joint_state_publisher], pid[30575]
[xmlrpc][INFO] 2021-12-10 11:07:57,489: XML-RPC server binding to 0.0.0.0:0
[xmlrpc][INFO] 2021-12-10 11:07:57,490: Started XML-RPC server [http://wng:38677/]
[rospy.init][INFO] 2021-12-10 11:07:57,490: ROS Slave URI: [http://wng:38677/]
[rospy.impl.masterslave][INFO] 2021-12-10 11:07:57,490: _ready: http://wng:38677/
[xmlrpc][INFO] 2021-12-10 11:07:57,490: xml rpc node: starting XML-RPC server
[rospy.registration][INFO] 2021-12-10 11:07:57,491: Registering with master node http://localhost:11311
[rospy.init][INFO] 2021-12-10 11:07:57,590: registered with master
[rospy.rosout][INFO] 2021-12-10 11:07:57,590: initializing /rosout core topic
[rospy.rosout][INFO] 2021-12-10 11:07:57,592: connected to core topic /rosout
[rospy.simtime][INFO] 2021-12-10 11:07:57,593: /use_sim_time is not set, will not subscribe to simulated time [/clock] topic
[rospy.internal][INFO] 2021-12-10 11:07:57,662: topic[/move_group/fake_controller_joint_states] adding connection to [http://wng:43575/], count 0
[rospy.internal][INFO] 2021-12-10 11:07:57,867: topic[/rosout] adding connection to [/rosout], count 0
[rospy.internal][INFO] 2021-12-10 11:07:57,868: topic[/joint_states] adding connection to [/joint_state_desired_publisher], count 0
[rospy.internal][INFO] 2021-12-10 11:07:57,868: topic[/joint_states] adding connection to [/robot_state_publisher], count 1
[rospy.internal][INFO] 2021-12-10 11:08:36,350: topic[/joint_states] adding connection to [/move_group_commander_wrappers_1639102089291804025], count 2
[rospy.internal][INFO] 2021-12-10 11:25:34,815: topic[/joint_states] removing connection to /move_group_commander_wrappers_1639102089291804025
[rospy.core][INFO] 2021-12-10 11:47:23,090: signal_shutdown [signal-2]
[rospy.internal][INFO] 2021-12-10 11:47:23,095: topic[/joint_states] removing connection to /joint_state_desired_publisher
[rospy.internal][INFO] 2021-12-10 11:47:23,095: topic[/joint_states] removing connection to /robot_state_publisher
[rospy.internal][INFO] 2021-12-10 11:47:23,095: topic[/rosout] removing connection to /rosout
[rospy.internal][INFO] 2021-12-10 11:47:23,095: topic[/move_group/fake_controller_joint_states] removing connection to http://wng:43575/
[rospy.impl.masterslave][INFO] 2021-12-10 11:47:23,095: signal-2
[rospy.core][INFO] 2021-12-10 11:47:23,227: signal_shutdown [atexit]
