[rospy.client][INFO] 2021-12-10 11:07:57,780: init_node, name[/server_endpoint], pid[30573]
[xmlrpc][INFO] 2021-12-10 11:07:57,780: XML-RPC server binding to 0.0.0.0:0
[xmlrpc][INFO] 2021-12-10 11:07:57,780: Started XML-RPC server [http://wng:44971/]
[rospy.init][INFO] 2021-12-10 11:07:57,781: ROS Slave URI: [http://wng:44971/]
[rospy.impl.masterslave][INFO] 2021-12-10 11:07:57,781: _ready: http://wng:44971/
[rospy.registration][INFO] 2021-12-10 11:07:57,781: Registering with master node http://localhost:11311
[xmlrpc][INFO] 2021-12-10 11:07:57,781: xml rpc node: starting XML-RPC server
[rospy.init][INFO] 2021-12-10 11:07:57,881: registered with master
[rospy.rosout][INFO] 2021-12-10 11:07:57,881: initializing /rosout core topic
[rospy.rosout][INFO] 2021-12-10 11:07:57,882: connected to core topic /rosout
[rospy.simtime][INFO] 2021-12-10 11:07:57,883: /use_sim_time is not set, will not subscribe to simulated time [/clock] topic
[rosout][INFO] 2021-12-10 11:07:57,889: Starting server on 192.168.0.8:10000
[rospy.internal][INFO] 2021-12-10 11:07:58,069: topic[/rosout] adding connection to [/rosout], count 0
[rosout][INFO] 2021-12-10 11:08:03,422: Connection from 192.168.0.8
[rosout][INFO] 2021-12-10 11:08:03,427: RegisterPublisher(execution_check, <class 'panda_move.msg._ExecutionCheck.ExecutionCheck'>) OK
[rospy.internal][INFO] 2021-12-10 11:08:03,512: topic[/execution_check] adding connection to [http://wng:44971/], count 0
[rospy.internal][INFO] 2021-12-10 11:08:03,513: topic[/execution_check] adding connection to [/server_endpoint], count 0
[rospy.core][INFO] 2021-12-10 11:47:23,090: signal_shutdown [signal-2]
[rospy.internal][INFO] 2021-12-10 11:47:23,096: topic[/execution_check] removing connection to /server_endpoint
[rospy.internal][INFO] 2021-12-10 11:47:23,096: topic[/rosout] removing connection to /rosout
[rospy.internal][INFO] 2021-12-10 11:47:23,097: topic[/execution_check] removing connection to http://wng:44971/
[rospy.impl.masterslave][INFO] 2021-12-10 11:47:23,097: signal-2
[rospy.internal][ERROR] 2021-12-10 11:47:23,097: Unable to initiate TCP/IP socket to wng:33979 (http://wng:44971/): Traceback (most recent call last):
  File "/opt/ros/melodic/lib/python2.7/dist-packages/rospy/impl/tcpros_base.py", line 562, in connect
    self.read_header()
  File "/opt/ros/melodic/lib/python2.7/dist-packages/rospy/impl/tcpros_base.py", line 657, in read_header
    self._validate_header(read_ros_handshake_header(sock, self.read_buff, self.protocol.buff_size))
  File "/opt/ros/melodic/lib/python2.7/dist-packages/rospy/impl/tcpros_base.py", line 600, in _validate_header
    raise TransportInitError("remote error reported: %s"%header['error'])
TransportInitError: remote error reported: node shutting down

[rospy.core][INFO] 2021-12-10 11:47:23,229: signal_shutdown [atexit]
