[rospy.client][INFO] 2021-09-10 16:28:19,056: init_node, name[/joint_state_publisher], pid[12222]
[xmlrpc][INFO] 2021-09-10 16:28:19,057: XML-RPC server binding to 0.0.0.0:0
[xmlrpc][INFO] 2021-09-10 16:28:19,057: Started XML-RPC server [http://wng:41537/]
[rospy.init][INFO] 2021-09-10 16:28:19,057: ROS Slave URI: [http://wng:41537/]
[rospy.impl.masterslave][INFO] 2021-09-10 16:28:19,057: _ready: http://wng:41537/
[xmlrpc][INFO] 2021-09-10 16:28:19,058: xml rpc node: starting XML-RPC server
[rospy.registration][INFO] 2021-09-10 16:28:19,057: Registering with master node http://localhost:11311
[rospy.init][INFO] 2021-09-10 16:28:19,157: registered with master
[rospy.rosout][INFO] 2021-09-10 16:28:19,157: initializing /rosout core topic
[rospy.rosout][INFO] 2021-09-10 16:28:19,159: connected to core topic /rosout
[rospy.simtime][INFO] 2021-09-10 16:28:19,160: /use_sim_time is not set, will not subscribe to simulated time [/clock] topic
[rospy.internal][INFO] 2021-09-10 16:28:19,222: topic[/move_group/fake_controller_joint_states] adding connection to [http://wng:39461/], count 0
[rospy.internal][INFO] 2021-09-10 16:28:19,445: topic[/rosout] adding connection to [/rosout], count 0
[rospy.internal][INFO] 2021-09-10 16:28:19,447: topic[/joint_states] adding connection to [/joint_state_desired_publisher], count 0
[rospy.internal][INFO] 2021-09-10 16:28:19,449: topic[/joint_states] adding connection to [/move_group_commander_wrappers_1631258634265383941], count 1
[rospy.internal][INFO] 2021-09-10 16:28:19,544: topic[/joint_states] adding connection to [/robot_state_publisher], count 2
[rospy.internal][INFO] 2021-09-10 16:28:28,075: topic[/joint_states] removing connection to /move_group_commander_wrappers_1631258634265383941
[rospy.internal][INFO] 2021-09-10 16:28:28,225: topic[/rosout] removing connection to /rosout
[rospy.core][INFO] 2021-09-10 16:28:56,954: signal_shutdown [signal-2]
[rospy.registration][WARNING] 2021-09-10 16:28:56,955: cannot unregister with master due to network issues
[rospy.internal][INFO] 2021-09-10 16:28:56,955: topic[/joint_states] removing connection to /joint_state_desired_publisher
[rospy.internal][INFO] 2021-09-10 16:28:56,955: topic[/joint_states] removing connection to /robot_state_publisher
[rospy.internal][INFO] 2021-09-10 16:28:56,955: topic[/move_group/fake_controller_joint_states] removing connection to http://wng:39461/
[rospy.impl.masterslave][INFO] 2021-09-10 16:28:56,955: signal-2
[rospy.core][INFO] 2021-09-10 16:28:57,119: signal_shutdown [atexit]
