[rospy.client][INFO] 2021-09-10 16:23:54,293: init_node, name[/PandaMove], pid[11638]
[xmlrpc][INFO] 2021-09-10 16:23:54,293: XML-RPC server binding to 0.0.0.0:0
[xmlrpc][INFO] 2021-09-10 16:23:54,293: Started XML-RPC server [http://wng:38395/]
[rospy.init][INFO] 2021-09-10 16:23:54,293: ROS Slave URI: [http://wng:38395/]
[rospy.impl.masterslave][INFO] 2021-09-10 16:23:54,293: _ready: http://wng:38395/
[rospy.registration][INFO] 2021-09-10 16:23:54,294: Registering with master node http://localhost:11311
[xmlrpc][INFO] 2021-09-10 16:23:54,294: xml rpc node: starting XML-RPC server
[rospy.init][INFO] 2021-09-10 16:23:54,394: registered with master
[rospy.rosout][INFO] 2021-09-10 16:23:54,394: initializing /rosout core topic
[rospy.rosout][INFO] 2021-09-10 16:23:54,396: connected to core topic /rosout
[rospy.simtime][INFO] 2021-09-10 16:23:54,396: /use_sim_time is not set, will not subscribe to simulated time [/clock] topic
[rospy.internal][INFO] 2021-09-10 16:23:56,095: topic[/rosout] adding connection to [/rosout], count 0
[rospy.internal][INFO] 2021-09-10 16:23:56,114: topic[/collision_object] adding connection to [/move_group], count 0
[rospy.internal][INFO] 2021-09-10 16:23:56,114: topic[/attached_collision_object] adding connection to [/move_group], count 0
[rosout][INFO] 2021-09-10 16:23:56,114: wait for update_place_pose_state
[rospy.internal][INFO] 2021-09-10 16:23:56,198: topic[/tf_static] adding connection to [/move_group], count 0
[rospy.internal][INFO] 2021-09-10 16:23:56,223: topic[/tf_static] adding connection to [/move_group_commander_wrappers_1631258634265383941], count 1
[rospy.internal][INFO] 2021-09-10 16:23:56,224: topic[/tf_static] adding connection to [/rviz_wng_11603_2477781114085938298], count 2
[rospy.internal][INFO] 2021-09-10 16:23:56,324: topic[/action] adding connection to [/rviz_wng_11603_2477781114085938298], count 0
[rosout][INFO] 2021-09-10 16:23:56,816: pan
[rosout][INFO] 2021-09-10 16:23:56,827: wait for update_place_pose_state
[rosout][INFO] 2021-09-10 16:23:57,533: pot
[rosout][INFO] 2021-09-10 16:23:57,550: wait for update_place_pose_state
[rosout][INFO] 2021-09-10 16:23:58,257: plate
[rosout][INFO] 2021-09-10 16:23:58,265: wait for update_place_pose_state
[rosout][INFO] 2021-09-10 16:23:58,977: bowl
[rosout][INFO] 2021-09-10 16:23:58,991: wait for update_place_pose_state
[rosout][INFO] 2021-09-10 16:23:59,707: spatula
[rosout][INFO] 2021-09-10 16:23:59,712: wait for update_place_pose_state
[rosout][INFO] 2021-09-10 16:24:00,430: spreader
[rosout][INFO] 2021-09-10 16:24:00,437: wait for update_place_pose_state
[rosout][INFO] 2021-09-10 16:24:01,157: scooper
[rosout][INFO] 2021-09-10 16:24:01,163: wait for update_place_pose_state
[rosout][INFO] 2021-09-10 16:24:01,884: knife
[rosout][INFO] 2021-09-10 16:24:01,893: wait for update_place_pose_state
[rosout][INFO] 2021-09-10 16:24:02,620: cutting_board
[rosout][INFO] 2021-09-10 16:24:02,629: wait for update_place_pose_state
[rosout][INFO] 2021-09-10 16:24:03,355: tuna
[rosout][INFO] 2021-09-10 16:24:03,362: wait for update_place_pose_state
[rosout][INFO] 2021-09-10 16:24:04,092: onion
[rosout][INFO] 2021-09-10 16:24:04,103: wait for update_place_pose_state
[rosout][INFO] 2021-09-10 16:24:04,841: butter
[rosout][INFO] 2021-09-10 16:24:04,843: wait for update_place_pose_state
[rosout][INFO] 2021-09-10 16:24:05,577: lettuce
[rosout][INFO] 2021-09-10 16:24:05,582: wait for update_place_pose_state
[rosout][INFO] 2021-09-10 16:24:06,320: bread1
[rosout][INFO] 2021-09-10 16:24:06,324: wait for update_place_pose_state
[rosout][INFO] 2021-09-10 16:24:07,082: bread2
[rosout][INFO] 2021-09-10 16:24:07,086: wait for update_place_pose_state
[rosout][INFO] 2021-09-10 16:24:07,846: salt_bottle
[rosout][INFO] 2021-09-10 16:24:07,856: wait for update_place_pose_state
[rosout][INFO] 2021-09-10 16:24:08,605: sugar_bottle
[rosout][INFO] 2021-09-10 16:24:08,617: wait for update_place_pose_state
[rosout][INFO] 2021-09-10 16:24:09,367: pepper_bottle
[rosout][INFO] 2021-09-10 16:24:09,378: wait for update_place_pose_state
[rosout][INFO] 2021-09-10 16:24:10,157: mayonnaise_bottle
[rosout][INFO] 2021-09-10 16:24:10,170: wait for update_place_pose_state
[rosout][INFO] 2021-09-10 16:24:11,025: chopped_onion
[rosout][INFO] 2021-09-10 16:24:11,041: wait for update_place_pose_state
[rosout][INFO] 2021-09-10 16:24:11,804: chopped_tuna
[rosout][INFO] 2021-09-10 16:24:11,830: wait for update_place_pose_state
[rosout][INFO] 2021-09-10 16:24:12,594: chopped_sandwich
[rosout][INFO] 2021-09-10 16:24:12,609: wait for update_place_pose_state
[rosout][INFO] 2021-09-10 16:24:13,370: chopped_lettuce
[rosout][INFO] 2021-09-10 16:24:13,376: wait for update_place_pose_state
[rosout][INFO] 2021-09-10 16:24:14,149: mayonnaise_1
[rosout][INFO] 2021-09-10 16:24:14,158: wait for update_place_pose_state
[rosout][INFO] 2021-09-10 16:24:14,922: sugar_1
[rosout][INFO] 2021-09-10 16:24:14,929: wait for update_place_pose_state
[rosout][INFO] 2021-09-10 16:24:15,689: pepper_1
[rosout][INFO] 2021-09-10 16:24:15,697: wait for update_place_pose_state
[rosout][INFO] 2021-09-10 16:24:16,506: salt_1
[rosout][INFO] 2021-09-10 16:24:16,521: wait for update_place_pose_state
[rosout][INFO] 2021-09-10 16:24:17,318: tuna_spread
[rosout][INFO] 2021-09-10 16:24:17,326: wait for update_place_pose_state
[rosout][INFO] 2021-09-10 16:24:18,135: sandwich
[rospy.core][INFO] 2021-09-10 16:28:10,842: signal_shutdown [signal-2]
[rospy.internal][INFO] 2021-09-10 16:28:10,854: topic[/collision_object] removing connection to /move_group
[rospy.internal][INFO] 2021-09-10 16:28:10,854: topic[/rosout] removing connection to /rosout
[rospy.internal][INFO] 2021-09-10 16:28:10,855: topic[/tf_static] removing connection to /move_group
[rospy.internal][INFO] 2021-09-10 16:28:10,855: topic[/tf_static] removing connection to /move_group_commander_wrappers_1631258634265383941
[rospy.internal][INFO] 2021-09-10 16:28:10,855: topic[/tf_static] removing connection to /rviz_wng_11603_2477781114085938298
[rospy.internal][INFO] 2021-09-10 16:28:10,856: topic[/attached_collision_object] removing connection to /move_group
[rospy.internal][INFO] 2021-09-10 16:28:10,856: topic[/action] removing connection to /rviz_wng_11603_2477781114085938298
[rospy.impl.masterslave][INFO] 2021-09-10 16:28:10,856: signal-2
[rospy.core][INFO] 2021-09-10 16:28:25,869: signal_shutdown [signal-15]
