[rospy.client][INFO] 2021-09-10 16:23:50,050: init_node, name[/server_endpoint], pid[11637]
[xmlrpc][INFO] 2021-09-10 16:23:50,050: XML-RPC server binding to 0.0.0.0:0
[xmlrpc][INFO] 2021-09-10 16:23:50,050: Started XML-RPC server [http://wng:39071/]
[rospy.init][INFO] 2021-09-10 16:23:50,050: ROS Slave URI: [http://wng:39071/]
[rospy.impl.masterslave][INFO] 2021-09-10 16:23:50,050: _ready: http://wng:39071/
[rospy.registration][INFO] 2021-09-10 16:23:50,051: Registering with master node http://localhost:11311
[xmlrpc][INFO] 2021-09-10 16:23:50,051: xml rpc node: starting XML-RPC server
[rospy.init][INFO] 2021-09-10 16:23:50,151: registered with master
[rospy.rosout][INFO] 2021-09-10 16:23:50,151: initializing /rosout core topic
[rospy.rosout][INFO] 2021-09-10 16:23:50,153: connected to core topic /rosout
[rospy.simtime][INFO] 2021-09-10 16:23:50,155: /use_sim_time is not set, will not subscribe to simulated time [/clock] topic
[rosout][INFO] 2021-09-10 16:23:50,176: Starting server on 192.168.1.146:10000
[rospy.internal][INFO] 2021-09-10 16:23:50,382: topic[/rosout] adding connection to [/rosout], count 0
[rosout][INFO] 2021-09-10 16:24:15,984: Connection from 192.168.1.146
[rosout][INFO] 2021-09-10 16:24:15,989: RegisterPublisher(execution_check, <class 'panda_move.msg._ExecutionCheck.ExecutionCheck'>) OK
[rospy.internal][INFO] 2021-09-10 16:24:16,040: topic[/execution_check] adding connection to [http://wng:39071/], count 0
[rospy.internal][INFO] 2021-09-10 16:24:16,041: topic[/execution_check] adding connection to [/server_endpoint], count 0
[rosout][ERROR] 2021-09-10 16:27:33,782: Exception: No more data available
[rosout][INFO] 2021-09-10 16:27:33,783: Disconnected from 192.168.1.146
[rospy.core][INFO] 2021-09-10 16:28:10,843: signal_shutdown [signal-2]
[rospy.internal][INFO] 2021-09-10 16:28:10,854: topic[/execution_check] removing connection to /server_endpoint
[rospy.internal][INFO] 2021-09-10 16:28:10,855: topic[/rosout] removing connection to /rosout
[rospy.internal][INFO] 2021-09-10 16:28:10,856: topic[/execution_check] removing connection to http://wng:39071/
[rospy.impl.masterslave][INFO] 2021-09-10 16:28:10,856: signal-2
[rospy.internal][ERROR] 2021-09-10 16:28:10,857: Unable to initiate TCP/IP socket to wng:38953 (http://wng:39071/): Traceback (most recent call last):
  File "/opt/ros/melodic/lib/python2.7/dist-packages/rospy/impl/tcpros_base.py", line 562, in connect
    self.read_header()
  File "/opt/ros/melodic/lib/python2.7/dist-packages/rospy/impl/tcpros_base.py", line 657, in read_header
    self._validate_header(read_ros_handshake_header(sock, self.read_buff, self.protocol.buff_size))
  File "/opt/ros/melodic/lib/python2.7/dist-packages/rospy/impl/tcpros_base.py", line 600, in _validate_header
    raise TransportInitError("remote error reported: %s"%header['error'])
TransportInitError: remote error reported: node shutting down

[rospy.core][INFO] 2021-09-10 16:28:10,972: signal_shutdown [atexit]
