[rospy.client][INFO] 2021-09-24 14:29:19,458: init_node, name[/joint_state_publisher], pid[24171]
[xmlrpc][INFO] 2021-09-24 14:29:19,458: XML-RPC server binding to 0.0.0.0:0
[xmlrpc][INFO] 2021-09-24 14:29:19,458: Started XML-RPC server [http://wng:41457/]
[rospy.init][INFO] 2021-09-24 14:29:19,458: ROS Slave URI: [http://wng:41457/]
[rospy.impl.masterslave][INFO] 2021-09-24 14:29:19,459: _ready: http://wng:41457/
[rospy.registration][INFO] 2021-09-24 14:29:19,459: Registering with master node http://localhost:11311
[xmlrpc][INFO] 2021-09-24 14:29:19,459: xml rpc node: starting XML-RPC server
[rospy.init][INFO] 2021-09-24 14:29:19,559: registered with master
[rospy.rosout][INFO] 2021-09-24 14:29:19,559: initializing /rosout core topic
[rospy.rosout][INFO] 2021-09-24 14:29:19,561: connected to core topic /rosout
[rospy.simtime][INFO] 2021-09-24 14:29:19,561: /use_sim_time is not set, will not subscribe to simulated time [/clock] topic
[rospy.internal][INFO] 2021-09-24 14:29:19,623: topic[/move_group/fake_controller_joint_states] adding connection to [http://wng:42921/], count 0
[rospy.internal][INFO] 2021-09-24 14:29:19,770: topic[/rosout] adding connection to [/rosout], count 0
[rospy.internal][INFO] 2021-09-24 14:29:19,870: topic[/joint_states] adding connection to [/joint_state_desired_publisher], count 0
[rospy.internal][INFO] 2021-09-24 14:29:19,969: topic[/joint_states] adding connection to [/robot_state_publisher], count 1
[rospy.core][INFO] 2021-09-24 14:29:40,761: signal_shutdown [signal-2]
[rospy.internal][INFO] 2021-09-24 14:29:40,766: topic[/joint_states] removing connection to /joint_state_desired_publisher
[rospy.internal][INFO] 2021-09-24 14:29:40,766: topic[/joint_states] removing connection to /robot_state_publisher
[rospy.internal][INFO] 2021-09-24 14:29:40,766: topic[/rosout] removing connection to /rosout
[rospy.internal][INFO] 2021-09-24 14:29:40,766: topic[/move_group/fake_controller_joint_states] removing connection to http://wng:42921/
[rospy.impl.masterslave][INFO] 2021-09-24 14:29:40,766: signal-2
[rospy.core][INFO] 2021-09-24 14:29:40,898: signal_shutdown [atexit]
