[rospy.client][INFO] 2021-09-24 14:29:19,957: init_node, name[/PandaMove], pid[24170]
[xmlrpc][INFO] 2021-09-24 14:29:19,957: XML-RPC server binding to 0.0.0.0:0
[xmlrpc][INFO] 2021-09-24 14:29:19,958: Started XML-RPC server [http://wng:33105/]
[rospy.init][INFO] 2021-09-24 14:29:19,958: ROS Slave URI: [http://wng:33105/]
[rospy.impl.masterslave][INFO] 2021-09-24 14:29:19,958: _ready: http://wng:33105/
[xmlrpc][INFO] 2021-09-24 14:29:19,958: xml rpc node: starting XML-RPC server
[rospy.registration][INFO] 2021-09-24 14:29:19,958: Registering with master node http://localhost:11311
[rospy.init][INFO] 2021-09-24 14:29:20,061: registered with master
[rospy.rosout][INFO] 2021-09-24 14:29:20,061: initializing /rosout core topic
[rospy.rosout][INFO] 2021-09-24 14:29:20,066: connected to core topic /rosout
[rospy.simtime][INFO] 2021-09-24 14:29:20,067: /use_sim_time is not set, will not subscribe to simulated time [/clock] topic
[rosout][INFO] 2021-09-24 14:29:20,131: pan, pan, None
[rosout][INFO] 2021-09-24 14:29:20,132: pot, pot, None
[rosout][INFO] 2021-09-24 14:29:20,132: plate, plate, None
[rosout][INFO] 2021-09-24 14:29:20,133: bowl, bowl, None
[rosout][INFO] 2021-09-24 14:29:20,133: spatula, spatula, None
[rosout][INFO] 2021-09-24 14:29:20,134: spreader, spreader, None
[rosout][INFO] 2021-09-24 14:29:20,134: scooper, scooper, None
[rosout][INFO] 2021-09-24 14:29:20,135: knife, knife, None
[rosout][INFO] 2021-09-24 14:29:20,135: table, table, None
[rosout][INFO] 2021-09-24 14:29:20,136: stove, stove, None
[rosout][INFO] 2021-09-24 14:29:20,136: cutting_board, cutting_board, None
[rosout][INFO] 2021-09-24 14:29:20,137: near_cutting_board, near_cutting_board, None
[rosout][INFO] 2021-09-24 14:29:20,137: onion, onion, ['exist']
[rosout][INFO] 2021-09-24 14:29:20,137: butter, butter, ['exist']
[rosout][INFO] 2021-09-24 14:29:20,138: lettuce, lettuce, ['exist']
[rosout][INFO] 2021-09-24 14:29:20,138: bread1, bread, ['exist']
[rosout][INFO] 2021-09-24 14:29:20,139: bread2, bread, ['exist']
[rosout][INFO] 2021-09-24 14:29:20,139: tuna, tuna, ['exist']
[rosout][INFO] 2021-09-24 14:29:20,140: sandwich, sandwich, []
[rosout][INFO] 2021-09-24 14:29:20,140: tuna_spread, tuna_spread, []
[rosout][INFO] 2021-09-24 14:29:20,141: sugar, sugar, ['exist']
[rosout][INFO] 2021-09-24 14:29:20,141: salt, salt, ['exist']
[rosout][INFO] 2021-09-24 14:29:20,142: pepper, pepper, ['exist']
[rosout][INFO] 2021-09-24 14:29:20,142: mayonnaise, mayonnaise, ['exist']
[rosout][INFO] 2021-09-24 14:29:20,143: sugar_bottle, sugar_bottle, None
[rosout][INFO] 2021-09-24 14:29:20,143: salt_bottle, salt_bottle, None
[rosout][INFO] 2021-09-24 14:29:20,144: pepper_bottle, pepper_bottle, None
[rosout][INFO] 2021-09-24 14:29:20,144: mayonnaise_bottle, mayonnaise_bottle, None
[rospy.internal][INFO] 2021-09-24 14:29:20,275: topic[/rosout] adding connection to [/rosout], count 0
[rosout][INFO] 2021-09-24 14:29:28,416: wait for update_place_pose_state
[rospy.internal][INFO] 2021-09-24 14:29:28,423: topic[/collision_object] adding connection to [/move_group], count 0
[rospy.internal][INFO] 2021-09-24 14:29:28,424: topic[/attached_collision_object] adding connection to [/move_group], count 0
[rospy.internal][INFO] 2021-09-24 14:29:28,523: topic[/tf_static] adding connection to [/move_group], count 0
[rospy.internal][INFO] 2021-09-24 14:29:28,559: topic[/tf_static] adding connection to [/move_group_commander_wrappers_1632461366924292301], count 1
[rospy.internal][INFO] 2021-09-24 14:29:28,559: topic[/tf_static] adding connection to [/rviz_wng_24132_7036257004216144947], count 2
[rospy.internal][INFO] 2021-09-24 14:29:28,660: topic[/action] adding connection to [/rviz_wng_24132_7036257004216144947], count 0
[rosout][INFO] 2021-09-24 14:29:29,118: ^^^^^^^^^^^^^^^^^^^^^^^^^^^^^^
[rosout][INFO] 2021-09-24 14:29:29,119: ^^^^^^^^^^^^^^^^^^^^^^^^^^^^^^
[rosout][INFO] 2021-09-24 14:29:29,119: ^^^^^^^^^^^^^^^^^^^^^^^^^^^^^^
[rosout][INFO] 2021-09-24 14:29:29,120: ^^^^^^^^^^^^^^^^^^^^^^^^^^^^^^
[rosout][INFO] 2021-09-24 14:29:29,121: ^^^^^^^^^^^^^^^^^^^^^^^^^^^^^^
[rosout][INFO] 2021-09-24 14:29:29,121: ^^^^^^^^^^^^^^^^^^^^^^^^^^^^^^
[rosout][INFO] 2021-09-24 14:29:29,122: ^^^^^^^^^^^^^^^^^^^^^^^^^^^^^^
[rosout][INFO] 2021-09-24 14:29:29,123: ^^^^^^^^^^^^^^^^^^^^^^^^^^^^^^
[rosout][INFO] 2021-09-24 14:29:29,123: ^^^^^^^^^^^^^^^^^^^^^^^^^^^^^^
[rosout][INFO] 2021-09-24 14:29:29,124: ^^^^^^^^^^^^^^^^^^^^^^^^^^^^^^
[rosout][INFO] 2021-09-24 14:29:29,125: ^^^^^^^^^^^^^^^^^^^^^^^^^^^^^^
[rosout][INFO] 2021-09-24 14:29:29,125: ^^^^^^^^^^^^^^^^^^^^^^^^^^^^^^
[rosout][INFO] 2021-09-24 14:29:29,126: ^^^^^^^^^^^^^^^^^^^^^^^^^^^^^^
[rosout][INFO] 2021-09-24 14:29:29,127: ^^^^^^^^^^^^^^^^^^^^^^^^^^^^^^
[rosout][INFO] 2021-09-24 14:29:29,128: ^^^^^^^^^^^^^^^^^^^^^^^^^^^^^^
[rosout][INFO] 2021-09-24 14:29:29,129: ^^^^^^^^^^^^^^^^^^^^^^^^^^^^^^
[rosout][INFO] 2021-09-24 14:29:29,129: ^^^^^^^^^^^^^^^^^^^^^^^^^^^^^^
[rosout][INFO] 2021-09-24 14:29:29,130: ^^^^^^^^^^^^^^^^^^^^^^^^^^^^^^
[rosout][INFO] 2021-09-24 14:29:29,131: ^^^^^^^^^^^^^^^^^^^^^^^^^^^^^^
[rosout][INFO] 2021-09-24 14:29:29,132: ^^^^^^^^^^^^^^^^^^^^^^^^^^^^^^
[rosout][INFO] 2021-09-24 14:29:29,132: ^^^^^^^^^^^^^^^^^^^^^^^^^^^^^^
[rosout][INFO] 2021-09-24 14:29:29,133: ^^^^^^^^^^^^^^^^^^^^^^^^^^^^^^
[rosout][INFO] 2021-09-24 14:29:29,133: ^^^^^^^^^^^^^^^^^^^^^^^^^^^^^^
[rosout][INFO] 2021-09-24 14:29:29,134: ^^^^^^^^^^^^^^^^^^^^^^^^^^^^^^
[rosout][INFO] 2021-09-24 14:29:29,135: ^^^^^^^^^^^^^^^^^^^^^^^^^^^^^^
[rosout][INFO] 2021-09-24 14:29:29,135: ^^^^^^^^^^^^^^^^^^^^^^^^^^^^^^
[rosout][INFO] 2021-09-24 14:29:29,136: ^^^^^^^^^^^^^^^^^^^^^^^^^^^^^^
[rosout][INFO] 2021-09-24 14:29:29,136: ^^^^^^^^^^^^^^^^^^^^^^^^^^^^^^
[rosout][INFO] 2021-09-24 14:29:29,137: ^^^^^^^^^^^^^^^^^^^^^^^^^^^^^^
[rosout][INFO] 2021-09-24 14:29:29,138: ^^^^^^^^^^^^^^^^^^^^^^^^^^^^^^
[rosout][INFO] 2021-09-24 14:29:29,138: ^^^^^^^^^^^^^^^^^^^^^^^^^^^^^^
[rosout][INFO] 2021-09-24 14:29:29,139: ^^^^^^^^^^^^^^^^^^^^^^^^^^^^^^
[rosout][INFO] 2021-09-24 14:29:29,140: pan
[rosout][INFO] 2021-09-24 14:29:29,150: wait for update_place_pose_state
[rosout][INFO] 2021-09-24 14:29:29,853: obj=pan, obj_pose=position: 
  x: 0.5
  y: 1.375
  z: 0.401
orientation: 
  x: 0.0
  y: 0.0
  z: 0.0
  w: 1.0
[rosout][INFO] 2021-09-24 14:29:29,854: ^^^^^^^^^^^^^^^^^^^^^^^^^^^^^^
[rosout][INFO] 2021-09-24 14:29:29,855: ^^^^^^^^^^^^^^^^^^^^^^^^^^^^^^
[rosout][INFO] 2021-09-24 14:29:29,856: ^^^^^^^^^^^^^^^^^^^^^^^^^^^^^^
[rosout][INFO] 2021-09-24 14:29:29,856: ^^^^^^^^^^^^^^^^^^^^^^^^^^^^^^
[rosout][INFO] 2021-09-24 14:29:29,857: ^^^^^^^^^^^^^^^^^^^^^^^^^^^^^^
[rosout][INFO] 2021-09-24 14:29:29,858: ^^^^^^^^^^^^^^^^^^^^^^^^^^^^^^
[rosout][INFO] 2021-09-24 14:29:29,859: ^^^^^^^^^^^^^^^^^^^^^^^^^^^^^^
[rosout][INFO] 2021-09-24 14:29:29,859: ^^^^^^^^^^^^^^^^^^^^^^^^^^^^^^
[rosout][INFO] 2021-09-24 14:29:29,860: ^^^^^^^^^^^^^^^^^^^^^^^^^^^^^^
[rosout][INFO] 2021-09-24 14:29:29,861: ^^^^^^^^^^^^^^^^^^^^^^^^^^^^^^
[rosout][INFO] 2021-09-24 14:29:29,861: ^^^^^^^^^^^^^^^^^^^^^^^^^^^^^^
[rosout][INFO] 2021-09-24 14:29:29,862: ^^^^^^^^^^^^^^^^^^^^^^^^^^^^^^
[rosout][INFO] 2021-09-24 14:29:29,863: ^^^^^^^^^^^^^^^^^^^^^^^^^^^^^^
[rosout][INFO] 2021-09-24 14:29:29,864: ^^^^^^^^^^^^^^^^^^^^^^^^^^^^^^
[rosout][INFO] 2021-09-24 14:29:29,865: ^^^^^^^^^^^^^^^^^^^^^^^^^^^^^^
[rosout][INFO] 2021-09-24 14:29:29,866: ^^^^^^^^^^^^^^^^^^^^^^^^^^^^^^
[rosout][INFO] 2021-09-24 14:29:29,867: ^^^^^^^^^^^^^^^^^^^^^^^^^^^^^^
[rosout][INFO] 2021-09-24 14:29:29,867: ^^^^^^^^^^^^^^^^^^^^^^^^^^^^^^
[rosout][INFO] 2021-09-24 14:29:29,868: ^^^^^^^^^^^^^^^^^^^^^^^^^^^^^^
[rosout][INFO] 2021-09-24 14:29:29,869: ^^^^^^^^^^^^^^^^^^^^^^^^^^^^^^
[rosout][INFO] 2021-09-24 14:29:29,869: ^^^^^^^^^^^^^^^^^^^^^^^^^^^^^^
[rosout][INFO] 2021-09-24 14:29:29,870: ^^^^^^^^^^^^^^^^^^^^^^^^^^^^^^
[rosout][INFO] 2021-09-24 14:29:29,871: ^^^^^^^^^^^^^^^^^^^^^^^^^^^^^^
[rosout][INFO] 2021-09-24 14:29:29,871: ^^^^^^^^^^^^^^^^^^^^^^^^^^^^^^
[rosout][INFO] 2021-09-24 14:29:29,872: ^^^^^^^^^^^^^^^^^^^^^^^^^^^^^^
[rosout][INFO] 2021-09-24 14:29:29,873: ^^^^^^^^^^^^^^^^^^^^^^^^^^^^^^
[rosout][INFO] 2021-09-24 14:29:29,873: ^^^^^^^^^^^^^^^^^^^^^^^^^^^^^^
[rosout][INFO] 2021-09-24 14:29:29,874: ^^^^^^^^^^^^^^^^^^^^^^^^^^^^^^
[rosout][INFO] 2021-09-24 14:29:29,874: ^^^^^^^^^^^^^^^^^^^^^^^^^^^^^^
[rosout][INFO] 2021-09-24 14:29:29,875: ^^^^^^^^^^^^^^^^^^^^^^^^^^^^^^
[rosout][INFO] 2021-09-24 14:29:29,876: key=table1_pan, val=[{'z': 0.40000000000000002, 'name': 'pan'}]
[rosout][INFO] 2021-09-24 14:29:29,876: ^^^^^^^^^^^^^^^^^^^^^^^^^^^^^^
[rosout][INFO] 2021-09-24 14:29:29,877: ^^^^^^^^^^^^^^^^^^^^^^^^^^^^^^
[rosout][INFO] 2021-09-24 14:29:29,878: pot
[rosout][INFO] 2021-09-24 14:29:29,894: wait for update_place_pose_state
[rosout][INFO] 2021-09-24 14:29:30,600: obj=pan, obj_pose=position: 
  x: 0.5
  y: 1.375
  z: 0.401
orientation: 
  x: 0.0
  y: 0.0
  z: 0.0
  w: 1.0
[rosout][INFO] 2021-09-24 14:29:30,602: obj=pot, obj_pose=position: 
  x: 0.5
  y: 1.125
  z: 0.401
orientation: 
  x: 0.0
  y: 0.0
  z: 0.0
  w: 1.0
[rosout][INFO] 2021-09-24 14:29:30,603: ^^^^^^^^^^^^^^^^^^^^^^^^^^^^^^
[rosout][INFO] 2021-09-24 14:29:30,604: ^^^^^^^^^^^^^^^^^^^^^^^^^^^^^^
[rosout][INFO] 2021-09-24 14:29:30,605: ^^^^^^^^^^^^^^^^^^^^^^^^^^^^^^
[rosout][INFO] 2021-09-24 14:29:30,606: ^^^^^^^^^^^^^^^^^^^^^^^^^^^^^^
[rosout][INFO] 2021-09-24 14:29:30,606: ^^^^^^^^^^^^^^^^^^^^^^^^^^^^^^
[rosout][INFO] 2021-09-24 14:29:30,607: ^^^^^^^^^^^^^^^^^^^^^^^^^^^^^^
[rosout][INFO] 2021-09-24 14:29:30,608: ^^^^^^^^^^^^^^^^^^^^^^^^^^^^^^
[rosout][INFO] 2021-09-24 14:29:30,608: ^^^^^^^^^^^^^^^^^^^^^^^^^^^^^^
[rosout][INFO] 2021-09-24 14:29:30,609: ^^^^^^^^^^^^^^^^^^^^^^^^^^^^^^
[rosout][INFO] 2021-09-24 14:29:30,610: ^^^^^^^^^^^^^^^^^^^^^^^^^^^^^^
[rosout][INFO] 2021-09-24 14:29:30,610: ^^^^^^^^^^^^^^^^^^^^^^^^^^^^^^
[rosout][INFO] 2021-09-24 14:29:30,611: ^^^^^^^^^^^^^^^^^^^^^^^^^^^^^^
[rosout][INFO] 2021-09-24 14:29:30,612: ^^^^^^^^^^^^^^^^^^^^^^^^^^^^^^
[rosout][INFO] 2021-09-24 14:29:30,613: ^^^^^^^^^^^^^^^^^^^^^^^^^^^^^^
[rosout][INFO] 2021-09-24 14:29:30,613: ^^^^^^^^^^^^^^^^^^^^^^^^^^^^^^
[rosout][INFO] 2021-09-24 14:29:30,614: ^^^^^^^^^^^^^^^^^^^^^^^^^^^^^^
[rosout][INFO] 2021-09-24 14:29:30,615: ^^^^^^^^^^^^^^^^^^^^^^^^^^^^^^
[rosout][INFO] 2021-09-24 14:29:30,616: ^^^^^^^^^^^^^^^^^^^^^^^^^^^^^^
[rosout][INFO] 2021-09-24 14:29:30,616: ^^^^^^^^^^^^^^^^^^^^^^^^^^^^^^
[rosout][INFO] 2021-09-24 14:29:30,617: ^^^^^^^^^^^^^^^^^^^^^^^^^^^^^^
[rosout][INFO] 2021-09-24 14:29:30,618: ^^^^^^^^^^^^^^^^^^^^^^^^^^^^^^
[rosout][INFO] 2021-09-24 14:29:30,618: ^^^^^^^^^^^^^^^^^^^^^^^^^^^^^^
[rosout][INFO] 2021-09-24 14:29:30,620: ^^^^^^^^^^^^^^^^^^^^^^^^^^^^^^
[rosout][INFO] 2021-09-24 14:29:30,621: ^^^^^^^^^^^^^^^^^^^^^^^^^^^^^^
[rosout][INFO] 2021-09-24 14:29:30,622: ^^^^^^^^^^^^^^^^^^^^^^^^^^^^^^
[rosout][INFO] 2021-09-24 14:29:30,622: ^^^^^^^^^^^^^^^^^^^^^^^^^^^^^^
[rosout][INFO] 2021-09-24 14:29:30,623: ^^^^^^^^^^^^^^^^^^^^^^^^^^^^^^
[rosout][INFO] 2021-09-24 14:29:30,624: ^^^^^^^^^^^^^^^^^^^^^^^^^^^^^^
[rosout][INFO] 2021-09-24 14:29:30,624: ^^^^^^^^^^^^^^^^^^^^^^^^^^^^^^
[rosout][INFO] 2021-09-24 14:29:30,625: ^^^^^^^^^^^^^^^^^^^^^^^^^^^^^^
[rosout][INFO] 2021-09-24 14:29:30,626: key=table1_pan, val=[{'z': 0.40000000000000002, 'name': 'pan'}]
[rosout][INFO] 2021-09-24 14:29:30,627: ^^^^^^^^^^^^^^^^^^^^^^^^^^^^^^
[rosout][INFO] 2021-09-24 14:29:30,629: ^^^^^^^^^^^^^^^^^^^^^^^^^^^^^^
[rosout][INFO] 2021-09-24 14:29:30,629: key=table1_pot, val=[{'z': 0.40000000000000002, 'name': 'pot'}]
[rosout][INFO] 2021-09-24 14:29:30,630: plate
[rosout][INFO] 2021-09-24 14:29:30,639: wait for update_place_pose_state
[rosout][INFO] 2021-09-24 14:29:31,342: obj=pan, obj_pose=position: 
  x: 0.5
  y: 1.375
  z: 0.401
orientation: 
  x: 0.0
  y: 0.0
  z: 0.0
  w: 1.0
[rosout][INFO] 2021-09-24 14:29:31,344: obj=pot, obj_pose=position: 
  x: 0.5
  y: 1.125
  z: 0.401
orientation: 
  x: 0.0
  y: 0.0
  z: 0.0
  w: 1.0
[rosout][INFO] 2021-09-24 14:29:31,346: obj=plate, obj_pose=position: 
  x: 0.375
  y: 0.085
  z: 0.401
orientation: 
  x: 0.0
  y: 0.0
  z: 0.0
  w: 1.0
[rosout][INFO] 2021-09-24 14:29:31,348: ^^^^^^^^^^^^^^^^^^^^^^^^^^^^^^
[rosout][INFO] 2021-09-24 14:29:31,349: ^^^^^^^^^^^^^^^^^^^^^^^^^^^^^^
[rosout][INFO] 2021-09-24 14:29:31,350: ^^^^^^^^^^^^^^^^^^^^^^^^^^^^^^
[rosout][INFO] 2021-09-24 14:29:31,351: ^^^^^^^^^^^^^^^^^^^^^^^^^^^^^^
[rosout][INFO] 2021-09-24 14:29:31,352: ^^^^^^^^^^^^^^^^^^^^^^^^^^^^^^
[rosout][INFO] 2021-09-24 14:29:31,352: ^^^^^^^^^^^^^^^^^^^^^^^^^^^^^^
[rosout][INFO] 2021-09-24 14:29:31,353: ^^^^^^^^^^^^^^^^^^^^^^^^^^^^^^
[rosout][INFO] 2021-09-24 14:29:31,354: ^^^^^^^^^^^^^^^^^^^^^^^^^^^^^^
[rosout][INFO] 2021-09-24 14:29:31,355: ^^^^^^^^^^^^^^^^^^^^^^^^^^^^^^
[rosout][INFO] 2021-09-24 14:29:31,355: ^^^^^^^^^^^^^^^^^^^^^^^^^^^^^^
[rosout][INFO] 2021-09-24 14:29:31,356: ^^^^^^^^^^^^^^^^^^^^^^^^^^^^^^
[rosout][INFO] 2021-09-24 14:29:31,357: key=table1_empty_3, val=[{'z': 0.40000000000000002, 'name': 'plate'}]
[rosout][INFO] 2021-09-24 14:29:31,358: ^^^^^^^^^^^^^^^^^^^^^^^^^^^^^^
[rosout][INFO] 2021-09-24 14:29:31,359: ^^^^^^^^^^^^^^^^^^^^^^^^^^^^^^
[rosout][INFO] 2021-09-24 14:29:31,360: ^^^^^^^^^^^^^^^^^^^^^^^^^^^^^^
[rosout][INFO] 2021-09-24 14:29:31,361: ^^^^^^^^^^^^^^^^^^^^^^^^^^^^^^
[rosout][INFO] 2021-09-24 14:29:31,362: ^^^^^^^^^^^^^^^^^^^^^^^^^^^^^^
[rosout][INFO] 2021-09-24 14:29:31,362: ^^^^^^^^^^^^^^^^^^^^^^^^^^^^^^
[rosout][INFO] 2021-09-24 14:29:31,363: ^^^^^^^^^^^^^^^^^^^^^^^^^^^^^^
[rosout][INFO] 2021-09-24 14:29:31,364: ^^^^^^^^^^^^^^^^^^^^^^^^^^^^^^
[rosout][INFO] 2021-09-24 14:29:31,365: ^^^^^^^^^^^^^^^^^^^^^^^^^^^^^^
[rosout][INFO] 2021-09-24 14:29:31,366: ^^^^^^^^^^^^^^^^^^^^^^^^^^^^^^
[rosout][INFO] 2021-09-24 14:29:31,367: ^^^^^^^^^^^^^^^^^^^^^^^^^^^^^^
[rosout][INFO] 2021-09-24 14:29:31,367: ^^^^^^^^^^^^^^^^^^^^^^^^^^^^^^
[rosout][INFO] 2021-09-24 14:29:31,368: ^^^^^^^^^^^^^^^^^^^^^^^^^^^^^^
[rosout][INFO] 2021-09-24 14:29:31,369: ^^^^^^^^^^^^^^^^^^^^^^^^^^^^^^
[rosout][INFO] 2021-09-24 14:29:31,370: ^^^^^^^^^^^^^^^^^^^^^^^^^^^^^^
[rosout][INFO] 2021-09-24 14:29:31,371: ^^^^^^^^^^^^^^^^^^^^^^^^^^^^^^
[rosout][INFO] 2021-09-24 14:29:31,371: ^^^^^^^^^^^^^^^^^^^^^^^^^^^^^^
[rosout][INFO] 2021-09-24 14:29:31,372: ^^^^^^^^^^^^^^^^^^^^^^^^^^^^^^
[rosout][INFO] 2021-09-24 14:29:31,373: ^^^^^^^^^^^^^^^^^^^^^^^^^^^^^^
[rosout][INFO] 2021-09-24 14:29:31,374: key=table1_pan, val=[{'z': 0.40000000000000002, 'name': 'pan'}]
[rosout][INFO] 2021-09-24 14:29:31,374: ^^^^^^^^^^^^^^^^^^^^^^^^^^^^^^
[rosout][INFO] 2021-09-24 14:29:31,375: ^^^^^^^^^^^^^^^^^^^^^^^^^^^^^^
[rosout][INFO] 2021-09-24 14:29:31,376: key=table1_pot, val=[{'z': 0.40000000000000002, 'name': 'pot'}]
[rosout][INFO] 2021-09-24 14:29:31,377: bowl
[rosout][INFO] 2021-09-24 14:29:31,391: wait for update_place_pose_state
[rosout][INFO] 2021-09-24 14:29:32,094: obj=pan, obj_pose=position: 
  x: 0.5
  y: 1.375
  z: 0.401
orientation: 
  x: 0.0
  y: 0.0
  z: 0.0
  w: 1.0
[rosout][INFO] 2021-09-24 14:29:32,095: obj=pot, obj_pose=position: 
  x: 0.5
  y: 1.125
  z: 0.401
orientation: 
  x: 0.0
  y: 0.0
  z: 0.0
  w: 1.0
[rosout][INFO] 2021-09-24 14:29:32,097: obj=plate, obj_pose=position: 
  x: 0.375
  y: 0.085
  z: 0.401
orientation: 
  x: 0.0
  y: 0.0
  z: 0.0
  w: 1.0
[rosout][INFO] 2021-09-24 14:29:32,098: obj=bowl, obj_pose=position: 
  x: 0.375
  y: 0.875
  z: 0.401
orientation: 
  x: 0.0
  y: 0.0
  z: 0.0
  w: 1.0
[rosout][INFO] 2021-09-24 14:29:32,100: ^^^^^^^^^^^^^^^^^^^^^^^^^^^^^^
[rosout][INFO] 2021-09-24 14:29:32,101: ^^^^^^^^^^^^^^^^^^^^^^^^^^^^^^
[rosout][INFO] 2021-09-24 14:29:32,102: ^^^^^^^^^^^^^^^^^^^^^^^^^^^^^^
[rosout][INFO] 2021-09-24 14:29:32,103: ^^^^^^^^^^^^^^^^^^^^^^^^^^^^^^
[rosout][INFO] 2021-09-24 14:29:32,105: ^^^^^^^^^^^^^^^^^^^^^^^^^^^^^^
[rosout][INFO] 2021-09-24 14:29:32,106: ^^^^^^^^^^^^^^^^^^^^^^^^^^^^^^
[rosout][INFO] 2021-09-24 14:29:32,107: key=table1_plate, val=[{'z': 0.40000000000000002, 'name': 'bowl'}]
[rosout][INFO] 2021-09-24 14:29:32,108: ^^^^^^^^^^^^^^^^^^^^^^^^^^^^^^
[rosout][INFO] 2021-09-24 14:29:32,109: ^^^^^^^^^^^^^^^^^^^^^^^^^^^^^^
[rosout][INFO] 2021-09-24 14:29:32,110: ^^^^^^^^^^^^^^^^^^^^^^^^^^^^^^
[rosout][INFO] 2021-09-24 14:29:32,111: ^^^^^^^^^^^^^^^^^^^^^^^^^^^^^^
[rosout][INFO] 2021-09-24 14:29:32,111: ^^^^^^^^^^^^^^^^^^^^^^^^^^^^^^
[rosout][INFO] 2021-09-24 14:29:32,112: key=table1_empty_3, val=[{'z': 0.40000000000000002, 'name': 'plate'}]
[rosout][INFO] 2021-09-24 14:29:32,113: ^^^^^^^^^^^^^^^^^^^^^^^^^^^^^^
[rosout][INFO] 2021-09-24 14:29:32,114: ^^^^^^^^^^^^^^^^^^^^^^^^^^^^^^
[rosout][INFO] 2021-09-24 14:29:32,115: ^^^^^^^^^^^^^^^^^^^^^^^^^^^^^^
[rosout][INFO] 2021-09-24 14:29:32,116: ^^^^^^^^^^^^^^^^^^^^^^^^^^^^^^
[rosout][INFO] 2021-09-24 14:29:32,116: ^^^^^^^^^^^^^^^^^^^^^^^^^^^^^^
[rosout][INFO] 2021-09-24 14:29:32,117: ^^^^^^^^^^^^^^^^^^^^^^^^^^^^^^
[rosout][INFO] 2021-09-24 14:29:32,118: ^^^^^^^^^^^^^^^^^^^^^^^^^^^^^^
[rosout][INFO] 2021-09-24 14:29:32,120: ^^^^^^^^^^^^^^^^^^^^^^^^^^^^^^
[rosout][INFO] 2021-09-24 14:29:32,121: ^^^^^^^^^^^^^^^^^^^^^^^^^^^^^^
[rosout][INFO] 2021-09-24 14:29:32,122: ^^^^^^^^^^^^^^^^^^^^^^^^^^^^^^
[rosout][INFO] 2021-09-24 14:29:32,123: ^^^^^^^^^^^^^^^^^^^^^^^^^^^^^^
[rosout][INFO] 2021-09-24 14:29:32,124: ^^^^^^^^^^^^^^^^^^^^^^^^^^^^^^
[rosout][INFO] 2021-09-24 14:29:32,125: ^^^^^^^^^^^^^^^^^^^^^^^^^^^^^^
[rosout][INFO] 2021-09-24 14:29:32,127: ^^^^^^^^^^^^^^^^^^^^^^^^^^^^^^
[rosout][INFO] 2021-09-24 14:29:32,128: ^^^^^^^^^^^^^^^^^^^^^^^^^^^^^^
[rosout][INFO] 2021-09-24 14:29:32,129: ^^^^^^^^^^^^^^^^^^^^^^^^^^^^^^
[rosout][INFO] 2021-09-24 14:29:32,130: ^^^^^^^^^^^^^^^^^^^^^^^^^^^^^^
[rosout][INFO] 2021-09-24 14:29:32,131: ^^^^^^^^^^^^^^^^^^^^^^^^^^^^^^
[rosout][INFO] 2021-09-24 14:29:32,132: ^^^^^^^^^^^^^^^^^^^^^^^^^^^^^^
[rosout][INFO] 2021-09-24 14:29:32,133: key=table1_pan, val=[{'z': 0.40000000000000002, 'name': 'pan'}]
[rosout][INFO] 2021-09-24 14:29:32,135: ^^^^^^^^^^^^^^^^^^^^^^^^^^^^^^
[rosout][INFO] 2021-09-24 14:29:32,136: ^^^^^^^^^^^^^^^^^^^^^^^^^^^^^^
[rosout][INFO] 2021-09-24 14:29:32,136: key=table1_pot, val=[{'z': 0.40000000000000002, 'name': 'pot'}]
[rosout][INFO] 2021-09-24 14:29:32,137: spatula
[rosout][INFO] 2021-09-24 14:29:32,141: wait for update_place_pose_state
[rosout][INFO] 2021-09-24 14:29:32,843: obj=pan, obj_pose=position: 
  x: 0.5
  y: 1.375
  z: 0.401
orientation: 
  x: 0.0
  y: 0.0
  z: 0.0
  w: 1.0
[rosout][INFO] 2021-09-24 14:29:32,845: obj=pot, obj_pose=position: 
  x: 0.5
  y: 1.125
  z: 0.401
orientation: 
  x: 0.0
  y: 0.0
  z: 0.0
  w: 1.0
[rosout][INFO] 2021-09-24 14:29:32,846: obj=plate, obj_pose=position: 
  x: 0.375
  y: 0.085
  z: 0.401
orientation: 
  x: 0.0
  y: 0.0
  z: 0.0
  w: 1.0
[rosout][INFO] 2021-09-24 14:29:32,848: obj=bowl, obj_pose=position: 
  x: 0.375
  y: 0.875
  z: 0.401
orientation: 
  x: 0.0
  y: 0.0
  z: 0.0
  w: 1.0
[rosout][INFO] 2021-09-24 14:29:32,849: obj=spatula, obj_pose=position: 
  x: 0.3819
  y: -1.0
  z: 0.450000000855
orientation: 
  x: -0.500000006699
  y: 0.499999993301
  z: 0.499999993301
  w: 0.500000006699
[rosout][INFO] 2021-09-24 14:29:32,850: ^^^^^^^^^^^^^^^^^^^^^^^^^^^^^^
[rosout][INFO] 2021-09-24 14:29:32,851: ^^^^^^^^^^^^^^^^^^^^^^^^^^^^^^
[rosout][INFO] 2021-09-24 14:29:32,852: ^^^^^^^^^^^^^^^^^^^^^^^^^^^^^^
[rosout][INFO] 2021-09-24 14:29:32,852: ^^^^^^^^^^^^^^^^^^^^^^^^^^^^^^
[rosout][INFO] 2021-09-24 14:29:32,853: ^^^^^^^^^^^^^^^^^^^^^^^^^^^^^^
[rosout][INFO] 2021-09-24 14:29:32,854: ^^^^^^^^^^^^^^^^^^^^^^^^^^^^^^
[rosout][INFO] 2021-09-24 14:29:32,855: key=table1_plate, val=[{'z': 0.40000000000000002, 'name': 'bowl'}]
[rosout][INFO] 2021-09-24 14:29:32,856: ^^^^^^^^^^^^^^^^^^^^^^^^^^^^^^
[rosout][INFO] 2021-09-24 14:29:32,857: ^^^^^^^^^^^^^^^^^^^^^^^^^^^^^^
[rosout][INFO] 2021-09-24 14:29:32,858: ^^^^^^^^^^^^^^^^^^^^^^^^^^^^^^
[rosout][INFO] 2021-09-24 14:29:32,859: ^^^^^^^^^^^^^^^^^^^^^^^^^^^^^^
[rosout][INFO] 2021-09-24 14:29:32,860: ^^^^^^^^^^^^^^^^^^^^^^^^^^^^^^
[rosout][INFO] 2021-09-24 14:29:32,861: key=table1_empty_3, val=[{'z': 0.40000000000000002, 'name': 'plate'}]
[rosout][INFO] 2021-09-24 14:29:32,862: ^^^^^^^^^^^^^^^^^^^^^^^^^^^^^^
[rosout][INFO] 2021-09-24 14:29:32,863: ^^^^^^^^^^^^^^^^^^^^^^^^^^^^^^
[rosout][INFO] 2021-09-24 14:29:32,863: key=table1_scooper, val=[{'z': 0.45000000000000007, 'name': 'spatula'}]
[rosout][INFO] 2021-09-24 14:29:32,864: ^^^^^^^^^^^^^^^^^^^^^^^^^^^^^^
[rosout][INFO] 2021-09-24 14:29:32,865: ^^^^^^^^^^^^^^^^^^^^^^^^^^^^^^
[rosout][INFO] 2021-09-24 14:29:32,866: ^^^^^^^^^^^^^^^^^^^^^^^^^^^^^^
[rosout][INFO] 2021-09-24 14:29:32,867: ^^^^^^^^^^^^^^^^^^^^^^^^^^^^^^
[rosout][INFO] 2021-09-24 14:29:32,868: ^^^^^^^^^^^^^^^^^^^^^^^^^^^^^^
[rosout][INFO] 2021-09-24 14:29:32,869: ^^^^^^^^^^^^^^^^^^^^^^^^^^^^^^
[rosout][INFO] 2021-09-24 14:29:32,870: ^^^^^^^^^^^^^^^^^^^^^^^^^^^^^^
[rosout][INFO] 2021-09-24 14:29:32,871: ^^^^^^^^^^^^^^^^^^^^^^^^^^^^^^
[rosout][INFO] 2021-09-24 14:29:32,872: ^^^^^^^^^^^^^^^^^^^^^^^^^^^^^^
[rosout][INFO] 2021-09-24 14:29:32,873: ^^^^^^^^^^^^^^^^^^^^^^^^^^^^^^
[rosout][INFO] 2021-09-24 14:29:32,874: ^^^^^^^^^^^^^^^^^^^^^^^^^^^^^^
[rosout][INFO] 2021-09-24 14:29:32,876: ^^^^^^^^^^^^^^^^^^^^^^^^^^^^^^
[rosout][INFO] 2021-09-24 14:29:32,878: ^^^^^^^^^^^^^^^^^^^^^^^^^^^^^^
[rosout][INFO] 2021-09-24 14:29:32,880: ^^^^^^^^^^^^^^^^^^^^^^^^^^^^^^
[rosout][INFO] 2021-09-24 14:29:32,881: ^^^^^^^^^^^^^^^^^^^^^^^^^^^^^^
[rosout][INFO] 2021-09-24 14:29:32,882: ^^^^^^^^^^^^^^^^^^^^^^^^^^^^^^
[rosout][INFO] 2021-09-24 14:29:32,883: ^^^^^^^^^^^^^^^^^^^^^^^^^^^^^^
[rosout][INFO] 2021-09-24 14:29:32,883: key=table1_pan, val=[{'z': 0.40000000000000002, 'name': 'pan'}]
[rosout][INFO] 2021-09-24 14:29:32,884: ^^^^^^^^^^^^^^^^^^^^^^^^^^^^^^
[rosout][INFO] 2021-09-24 14:29:32,885: ^^^^^^^^^^^^^^^^^^^^^^^^^^^^^^
[rosout][INFO] 2021-09-24 14:29:32,885: key=table1_pot, val=[{'z': 0.40000000000000002, 'name': 'pot'}]
[rosout][INFO] 2021-09-24 14:29:32,886: spreader
[rosout][INFO] 2021-09-24 14:29:32,894: wait for update_place_pose_state
[rosout][INFO] 2021-09-24 14:29:33,598: obj=pan, obj_pose=position: 
  x: 0.5
  y: 1.375
  z: 0.401
orientation: 
  x: 0.0
  y: 0.0
  z: 0.0
  w: 1.0
[rosout][INFO] 2021-09-24 14:29:33,600: obj=pot, obj_pose=position: 
  x: 0.5
  y: 1.125
  z: 0.401
orientation: 
  x: 0.0
  y: 0.0
  z: 0.0
  w: 1.0
[rosout][INFO] 2021-09-24 14:29:33,602: obj=plate, obj_pose=position: 
  x: 0.375
  y: 0.085
  z: 0.401
orientation: 
  x: 0.0
  y: 0.0
  z: 0.0
  w: 1.0
[rosout][INFO] 2021-09-24 14:29:33,604: obj=bowl, obj_pose=position: 
  x: 0.375
  y: 0.875
  z: 0.401
orientation: 
  x: 0.0
  y: 0.0
  z: 0.0
  w: 1.0
[rosout][INFO] 2021-09-24 14:29:33,606: obj=spatula, obj_pose=position: 
  x: 0.3819
  y: -1.0
  z: 0.450000000855
orientation: 
  x: -0.500000006699
  y: 0.499999993301
  z: 0.499999993301
  w: 0.500000006699
[rosout][INFO] 2021-09-24 14:29:33,608: obj=spreader, obj_pose=position: 
  x: 0.2991
  y: -0.8
  z: 0.449999998636
orientation: 
  x: -0.500000006699
  y: 0.499999993301
  z: 0.499999993301
  w: 0.500000006699
[rosout][INFO] 2021-09-24 14:29:33,610: ^^^^^^^^^^^^^^^^^^^^^^^^^^^^^^
[rosout][INFO] 2021-09-24 14:29:33,612: ^^^^^^^^^^^^^^^^^^^^^^^^^^^^^^
[rosout][INFO] 2021-09-24 14:29:33,614: ^^^^^^^^^^^^^^^^^^^^^^^^^^^^^^
[rosout][INFO] 2021-09-24 14:29:33,615: ^^^^^^^^^^^^^^^^^^^^^^^^^^^^^^
[rosout][INFO] 2021-09-24 14:29:33,617: key=table1_knife, val=[{'z': 0.44999999999999996, 'name': 'spreader'}]
[rosout][INFO] 2021-09-24 14:29:33,618: ^^^^^^^^^^^^^^^^^^^^^^^^^^^^^^
[rosout][INFO] 2021-09-24 14:29:33,619: ^^^^^^^^^^^^^^^^^^^^^^^^^^^^^^
[rosout][INFO] 2021-09-24 14:29:33,620: key=table1_plate, val=[{'z': 0.40000000000000002, 'name': 'bowl'}]
[rosout][INFO] 2021-09-24 14:29:33,621: ^^^^^^^^^^^^^^^^^^^^^^^^^^^^^^
[rosout][INFO] 2021-09-24 14:29:33,622: ^^^^^^^^^^^^^^^^^^^^^^^^^^^^^^
[rosout][INFO] 2021-09-24 14:29:33,624: ^^^^^^^^^^^^^^^^^^^^^^^^^^^^^^
[rosout][INFO] 2021-09-24 14:29:33,625: ^^^^^^^^^^^^^^^^^^^^^^^^^^^^^^
[rosout][INFO] 2021-09-24 14:29:33,626: ^^^^^^^^^^^^^^^^^^^^^^^^^^^^^^
[rosout][INFO] 2021-09-24 14:29:33,627: key=table1_empty_3, val=[{'z': 0.40000000000000002, 'name': 'plate'}]
[rosout][INFO] 2021-09-24 14:29:33,628: ^^^^^^^^^^^^^^^^^^^^^^^^^^^^^^
[rosout][INFO] 2021-09-24 14:29:33,630: ^^^^^^^^^^^^^^^^^^^^^^^^^^^^^^
[rosout][INFO] 2021-09-24 14:29:33,631: key=table1_scooper, val=[{'z': 0.45000000000000007, 'name': 'spatula'}]
[rosout][INFO] 2021-09-24 14:29:33,632: ^^^^^^^^^^^^^^^^^^^^^^^^^^^^^^
[rosout][INFO] 2021-09-24 14:29:33,633: ^^^^^^^^^^^^^^^^^^^^^^^^^^^^^^
[rosout][INFO] 2021-09-24 14:29:33,634: ^^^^^^^^^^^^^^^^^^^^^^^^^^^^^^
[rosout][INFO] 2021-09-24 14:29:33,635: ^^^^^^^^^^^^^^^^^^^^^^^^^^^^^^
[rosout][INFO] 2021-09-24 14:29:33,636: ^^^^^^^^^^^^^^^^^^^^^^^^^^^^^^
[rosout][INFO] 2021-09-24 14:29:33,637: ^^^^^^^^^^^^^^^^^^^^^^^^^^^^^^
[rosout][INFO] 2021-09-24 14:29:33,638: ^^^^^^^^^^^^^^^^^^^^^^^^^^^^^^
[rosout][INFO] 2021-09-24 14:29:33,639: ^^^^^^^^^^^^^^^^^^^^^^^^^^^^^^
[rosout][INFO] 2021-09-24 14:29:33,640: ^^^^^^^^^^^^^^^^^^^^^^^^^^^^^^
[rosout][INFO] 2021-09-24 14:29:33,641: ^^^^^^^^^^^^^^^^^^^^^^^^^^^^^^
[rosout][INFO] 2021-09-24 14:29:33,642: ^^^^^^^^^^^^^^^^^^^^^^^^^^^^^^
[rosout][INFO] 2021-09-24 14:29:33,644: ^^^^^^^^^^^^^^^^^^^^^^^^^^^^^^
[rosout][INFO] 2021-09-24 14:29:33,645: ^^^^^^^^^^^^^^^^^^^^^^^^^^^^^^
[rosout][INFO] 2021-09-24 14:29:33,647: ^^^^^^^^^^^^^^^^^^^^^^^^^^^^^^
[rosout][INFO] 2021-09-24 14:29:33,648: ^^^^^^^^^^^^^^^^^^^^^^^^^^^^^^
[rosout][INFO] 2021-09-24 14:29:33,649: ^^^^^^^^^^^^^^^^^^^^^^^^^^^^^^
[rosout][INFO] 2021-09-24 14:29:33,650: ^^^^^^^^^^^^^^^^^^^^^^^^^^^^^^
[rosout][INFO] 2021-09-24 14:29:33,651: key=table1_pan, val=[{'z': 0.40000000000000002, 'name': 'pan'}]
[rosout][INFO] 2021-09-24 14:29:33,652: ^^^^^^^^^^^^^^^^^^^^^^^^^^^^^^
[rosout][INFO] 2021-09-24 14:29:33,653: ^^^^^^^^^^^^^^^^^^^^^^^^^^^^^^
[rosout][INFO] 2021-09-24 14:29:33,653: key=table1_pot, val=[{'z': 0.40000000000000002, 'name': 'pot'}]
[rosout][INFO] 2021-09-24 14:29:33,654: scooper
[rosout][INFO] 2021-09-24 14:29:33,661: wait for update_place_pose_state
[rosout][INFO] 2021-09-24 14:29:34,365: obj=pan, obj_pose=position: 
  x: 0.5
  y: 1.375
  z: 0.401
orientation: 
  x: 0.0
  y: 0.0
  z: 0.0
  w: 1.0
[rosout][INFO] 2021-09-24 14:29:34,367: obj=pot, obj_pose=position: 
  x: 0.5
  y: 1.125
  z: 0.401
orientation: 
  x: 0.0
  y: 0.0
  z: 0.0
  w: 1.0
[rosout][INFO] 2021-09-24 14:29:34,368: obj=plate, obj_pose=position: 
  x: 0.375
  y: 0.085
  z: 0.401
orientation: 
  x: 0.0
  y: 0.0
  z: 0.0
  w: 1.0
[rosout][INFO] 2021-09-24 14:29:34,370: obj=bowl, obj_pose=position: 
  x: 0.375
  y: 0.875
  z: 0.401
orientation: 
  x: 0.0
  y: 0.0
  z: 0.0
  w: 1.0
[rosout][INFO] 2021-09-24 14:29:34,372: obj=spatula, obj_pose=position: 
  x: 0.3819
  y: -1.0
  z: 0.450000000855
orientation: 
  x: -0.500000006699
  y: 0.499999993301
  z: 0.499999993301
  w: 0.500000006699
[rosout][INFO] 2021-09-24 14:29:34,374: obj=spreader, obj_pose=position: 
  x: 0.2991
  y: -0.8
  z: 0.449999998636
orientation: 
  x: -0.500000006699
  y: 0.499999993301
  z: 0.499999993301
  w: 0.500000006699
[rosout][INFO] 2021-09-24 14:29:34,375: obj=scooper, obj_pose=position: 
  x: 0.2463
  y: -1.39999999722
  z: 0.45
orientation: 
  x: -9.47342660555e-09
  y: 9.4734265663e-09
  z: 0.707106771713
  w: 0.70710679066
[rosout][INFO] 2021-09-24 14:29:34,378: ^^^^^^^^^^^^^^^^^^^^^^^^^^^^^^
[rosout][INFO] 2021-09-24 14:29:34,379: ^^^^^^^^^^^^^^^^^^^^^^^^^^^^^^
[rosout][INFO] 2021-09-24 14:29:34,381: ^^^^^^^^^^^^^^^^^^^^^^^^^^^^^^
[rosout][INFO] 2021-09-24 14:29:34,382: ^^^^^^^^^^^^^^^^^^^^^^^^^^^^^^
[rosout][INFO] 2021-09-24 14:29:34,383: key=table1_knife, val=[{'z': 0.44999999999999996, 'name': 'spreader'}]
[rosout][INFO] 2021-09-24 14:29:34,384: ^^^^^^^^^^^^^^^^^^^^^^^^^^^^^^
[rosout][INFO] 2021-09-24 14:29:34,385: ^^^^^^^^^^^^^^^^^^^^^^^^^^^^^^
[rosout][INFO] 2021-09-24 14:29:34,385: key=table1_plate, val=[{'z': 0.40000000000000002, 'name': 'bowl'}]
[rosout][INFO] 2021-09-24 14:29:34,386: ^^^^^^^^^^^^^^^^^^^^^^^^^^^^^^
[rosout][INFO] 2021-09-24 14:29:34,388: ^^^^^^^^^^^^^^^^^^^^^^^^^^^^^^
[rosout][INFO] 2021-09-24 14:29:34,389: ^^^^^^^^^^^^^^^^^^^^^^^^^^^^^^
[rosout][INFO] 2021-09-24 14:29:34,390: ^^^^^^^^^^^^^^^^^^^^^^^^^^^^^^
[rosout][INFO] 2021-09-24 14:29:34,391: ^^^^^^^^^^^^^^^^^^^^^^^^^^^^^^
[rosout][INFO] 2021-09-24 14:29:34,391: key=table1_empty_3, val=[{'z': 0.40000000000000002, 'name': 'plate'}]
[rosout][INFO] 2021-09-24 14:29:34,392: ^^^^^^^^^^^^^^^^^^^^^^^^^^^^^^
[rosout][INFO] 2021-09-24 14:29:34,393: key=table1_spatula, val=[{'z': 0.45000000000000001, 'name': 'scooper'}]
[rosout][INFO] 2021-09-24 14:29:34,394: ^^^^^^^^^^^^^^^^^^^^^^^^^^^^^^
[rosout][INFO] 2021-09-24 14:29:34,395: key=table1_scooper, val=[{'z': 0.45000000000000007, 'name': 'spatula'}]
[rosout][INFO] 2021-09-24 14:29:34,397: ^^^^^^^^^^^^^^^^^^^^^^^^^^^^^^
[rosout][INFO] 2021-09-24 14:29:34,398: ^^^^^^^^^^^^^^^^^^^^^^^^^^^^^^
[rosout][INFO] 2021-09-24 14:29:34,399: ^^^^^^^^^^^^^^^^^^^^^^^^^^^^^^
[rosout][INFO] 2021-09-24 14:29:34,401: ^^^^^^^^^^^^^^^^^^^^^^^^^^^^^^
[rosout][INFO] 2021-09-24 14:29:34,402: ^^^^^^^^^^^^^^^^^^^^^^^^^^^^^^
[rosout][INFO] 2021-09-24 14:29:34,403: ^^^^^^^^^^^^^^^^^^^^^^^^^^^^^^
[rosout][INFO] 2021-09-24 14:29:34,404: ^^^^^^^^^^^^^^^^^^^^^^^^^^^^^^
[rosout][INFO] 2021-09-24 14:29:34,406: ^^^^^^^^^^^^^^^^^^^^^^^^^^^^^^
[rosout][INFO] 2021-09-24 14:29:34,407: ^^^^^^^^^^^^^^^^^^^^^^^^^^^^^^
[rosout][INFO] 2021-09-24 14:29:34,409: ^^^^^^^^^^^^^^^^^^^^^^^^^^^^^^
[rosout][INFO] 2021-09-24 14:29:34,410: ^^^^^^^^^^^^^^^^^^^^^^^^^^^^^^
[rosout][INFO] 2021-09-24 14:29:34,412: ^^^^^^^^^^^^^^^^^^^^^^^^^^^^^^
[rosout][INFO] 2021-09-24 14:29:34,413: ^^^^^^^^^^^^^^^^^^^^^^^^^^^^^^
[rosout][INFO] 2021-09-24 14:29:34,415: ^^^^^^^^^^^^^^^^^^^^^^^^^^^^^^
[rosout][INFO] 2021-09-24 14:29:34,416: ^^^^^^^^^^^^^^^^^^^^^^^^^^^^^^
[rosout][INFO] 2021-09-24 14:29:34,417: ^^^^^^^^^^^^^^^^^^^^^^^^^^^^^^
[rosout][INFO] 2021-09-24 14:29:34,418: ^^^^^^^^^^^^^^^^^^^^^^^^^^^^^^
[rosout][INFO] 2021-09-24 14:29:34,418: key=table1_pan, val=[{'z': 0.40000000000000002, 'name': 'pan'}]
[rosout][INFO] 2021-09-24 14:29:34,419: ^^^^^^^^^^^^^^^^^^^^^^^^^^^^^^
[rosout][INFO] 2021-09-24 14:29:34,420: ^^^^^^^^^^^^^^^^^^^^^^^^^^^^^^
[rosout][INFO] 2021-09-24 14:29:34,421: key=table1_pot, val=[{'z': 0.40000000000000002, 'name': 'pot'}]
[rosout][INFO] 2021-09-24 14:29:34,422: knife
[rosout][INFO] 2021-09-24 14:29:34,430: wait for update_place_pose_state
[rosout][INFO] 2021-09-24 14:29:35,133: obj=pan, obj_pose=position: 
  x: 0.5
  y: 1.375
  z: 0.401
orientation: 
  x: 0.0
  y: 0.0
  z: 0.0
  w: 1.0
[rosout][INFO] 2021-09-24 14:29:35,135: obj=pot, obj_pose=position: 
  x: 0.5
  y: 1.125
  z: 0.401
orientation: 
  x: 0.0
  y: 0.0
  z: 0.0
  w: 1.0
[rosout][INFO] 2021-09-24 14:29:35,136: obj=plate, obj_pose=position: 
  x: 0.375
  y: 0.085
  z: 0.401
orientation: 
  x: 0.0
  y: 0.0
  z: 0.0
  w: 1.0
[rosout][INFO] 2021-09-24 14:29:35,138: obj=bowl, obj_pose=position: 
  x: 0.375
  y: 0.875
  z: 0.401
orientation: 
  x: 0.0
  y: 0.0
  z: 0.0
  w: 1.0
[rosout][INFO] 2021-09-24 14:29:35,139: obj=spatula, obj_pose=position: 
  x: 0.3819
  y: -1.0
  z: 0.450000000855
orientation: 
  x: -0.500000006699
  y: 0.499999993301
  z: 0.499999993301
  w: 0.500000006699
[rosout][INFO] 2021-09-24 14:29:35,141: obj=spreader, obj_pose=position: 
  x: 0.2991
  y: -0.8
  z: 0.449999998636
orientation: 
  x: -0.500000006699
  y: 0.499999993301
  z: 0.499999993301
  w: 0.500000006699
[rosout][INFO] 2021-09-24 14:29:35,143: obj=scooper, obj_pose=position: 
  x: 0.2463
  y: -1.39999999722
  z: 0.45
orientation: 
  x: -9.47342660555e-09
  y: 9.4734265663e-09
  z: 0.707106771713
  w: 0.70710679066
[rosout][INFO] 2021-09-24 14:29:35,146: obj=knife, obj_pose=position: 
  x: 0.3018
  y: -1.2
  z: 0.449999998708
orientation: 
  x: -0.500000006699
  y: 0.499999993301
  z: 0.499999993301
  w: 0.500000006699
[rosout][INFO] 2021-09-24 14:29:35,148: ^^^^^^^^^^^^^^^^^^^^^^^^^^^^^^
[rosout][INFO] 2021-09-24 14:29:35,148: key=table1_spreader, val=[{'z': 0.44999999999999996, 'name': 'knife'}]
[rosout][INFO] 2021-09-24 14:29:35,149: ^^^^^^^^^^^^^^^^^^^^^^^^^^^^^^
[rosout][INFO] 2021-09-24 14:29:35,150: ^^^^^^^^^^^^^^^^^^^^^^^^^^^^^^
[rosout][INFO] 2021-09-24 14:29:35,152: ^^^^^^^^^^^^^^^^^^^^^^^^^^^^^^
[rosout][INFO] 2021-09-24 14:29:35,152: key=table1_knife, val=[{'z': 0.44999999999999996, 'name': 'spreader'}]
[rosout][INFO] 2021-09-24 14:29:35,153: ^^^^^^^^^^^^^^^^^^^^^^^^^^^^^^
[rosout][INFO] 2021-09-24 14:29:35,154: ^^^^^^^^^^^^^^^^^^^^^^^^^^^^^^
[rosout][INFO] 2021-09-24 14:29:35,155: key=table1_plate, val=[{'z': 0.40000000000000002, 'name': 'bowl'}]
[rosout][INFO] 2021-09-24 14:29:35,156: ^^^^^^^^^^^^^^^^^^^^^^^^^^^^^^
[rosout][INFO] 2021-09-24 14:29:35,157: ^^^^^^^^^^^^^^^^^^^^^^^^^^^^^^
[rosout][INFO] 2021-09-24 14:29:35,158: ^^^^^^^^^^^^^^^^^^^^^^^^^^^^^^
[rosout][INFO] 2021-09-24 14:29:35,159: ^^^^^^^^^^^^^^^^^^^^^^^^^^^^^^
[rosout][INFO] 2021-09-24 14:29:35,160: ^^^^^^^^^^^^^^^^^^^^^^^^^^^^^^
[rosout][INFO] 2021-09-24 14:29:35,161: key=table1_empty_3, val=[{'z': 0.40000000000000002, 'name': 'plate'}]
[rosout][INFO] 2021-09-24 14:29:35,162: ^^^^^^^^^^^^^^^^^^^^^^^^^^^^^^
[rosout][INFO] 2021-09-24 14:29:35,163: key=table1_spatula, val=[{'z': 0.45000000000000001, 'name': 'scooper'}]
[rosout][INFO] 2021-09-24 14:29:35,165: ^^^^^^^^^^^^^^^^^^^^^^^^^^^^^^
[rosout][INFO] 2021-09-24 14:29:35,165: key=table1_scooper, val=[{'z': 0.45000000000000007, 'name': 'spatula'}]
[rosout][INFO] 2021-09-24 14:29:35,166: ^^^^^^^^^^^^^^^^^^^^^^^^^^^^^^
[rosout][INFO] 2021-09-24 14:29:35,167: ^^^^^^^^^^^^^^^^^^^^^^^^^^^^^^
[rosout][INFO] 2021-09-24 14:29:35,168: ^^^^^^^^^^^^^^^^^^^^^^^^^^^^^^
[rosout][INFO] 2021-09-24 14:29:35,170: ^^^^^^^^^^^^^^^^^^^^^^^^^^^^^^
[rosout][INFO] 2021-09-24 14:29:35,171: ^^^^^^^^^^^^^^^^^^^^^^^^^^^^^^
[rosout][INFO] 2021-09-24 14:29:35,172: ^^^^^^^^^^^^^^^^^^^^^^^^^^^^^^
[rosout][INFO] 2021-09-24 14:29:35,174: ^^^^^^^^^^^^^^^^^^^^^^^^^^^^^^
[rosout][INFO] 2021-09-24 14:29:35,175: ^^^^^^^^^^^^^^^^^^^^^^^^^^^^^^
[rosout][INFO] 2021-09-24 14:29:35,177: ^^^^^^^^^^^^^^^^^^^^^^^^^^^^^^
[rosout][INFO] 2021-09-24 14:29:35,179: ^^^^^^^^^^^^^^^^^^^^^^^^^^^^^^
[rosout][INFO] 2021-09-24 14:29:35,180: ^^^^^^^^^^^^^^^^^^^^^^^^^^^^^^
[rosout][INFO] 2021-09-24 14:29:35,181: ^^^^^^^^^^^^^^^^^^^^^^^^^^^^^^
[rosout][INFO] 2021-09-24 14:29:35,182: ^^^^^^^^^^^^^^^^^^^^^^^^^^^^^^
[rosout][INFO] 2021-09-24 14:29:35,183: ^^^^^^^^^^^^^^^^^^^^^^^^^^^^^^
[rosout][INFO] 2021-09-24 14:29:35,184: ^^^^^^^^^^^^^^^^^^^^^^^^^^^^^^
[rosout][INFO] 2021-09-24 14:29:35,186: ^^^^^^^^^^^^^^^^^^^^^^^^^^^^^^
[rosout][INFO] 2021-09-24 14:29:35,187: ^^^^^^^^^^^^^^^^^^^^^^^^^^^^^^
[rosout][INFO] 2021-09-24 14:29:35,187: key=table1_pan, val=[{'z': 0.40000000000000002, 'name': 'pan'}]
[rosout][INFO] 2021-09-24 14:29:35,188: ^^^^^^^^^^^^^^^^^^^^^^^^^^^^^^
[rosout][INFO] 2021-09-24 14:29:35,189: ^^^^^^^^^^^^^^^^^^^^^^^^^^^^^^
[rosout][INFO] 2021-09-24 14:29:35,190: key=table1_pot, val=[{'z': 0.40000000000000002, 'name': 'pot'}]
[rosout][INFO] 2021-09-24 14:29:35,191: cutting_board
[rosout][INFO] 2021-09-24 14:29:35,198: wait for update_place_pose_state
[rosout][INFO] 2021-09-24 14:29:35,901: obj=pan, obj_pose=position: 
  x: 0.5
  y: 1.375
  z: 0.401
orientation: 
  x: 0.0
  y: 0.0
  z: 0.0
  w: 1.0
[rosout][INFO] 2021-09-24 14:29:35,903: obj=pot, obj_pose=position: 
  x: 0.5
  y: 1.125
  z: 0.401
orientation: 
  x: 0.0
  y: 0.0
  z: 0.0
  w: 1.0
[rosout][INFO] 2021-09-24 14:29:35,904: obj=plate, obj_pose=position: 
  x: 0.375
  y: 0.085
  z: 0.401
orientation: 
  x: 0.0
  y: 0.0
  z: 0.0
  w: 1.0
[rosout][INFO] 2021-09-24 14:29:35,906: obj=bowl, obj_pose=position: 
  x: 0.375
  y: 0.875
  z: 0.401
orientation: 
  x: 0.0
  y: 0.0
  z: 0.0
  w: 1.0
[rosout][INFO] 2021-09-24 14:29:35,908: obj=spatula, obj_pose=position: 
  x: 0.3819
  y: -1.0
  z: 0.450000000855
orientation: 
  x: -0.500000006699
  y: 0.499999993301
  z: 0.499999993301
  w: 0.500000006699
[rosout][INFO] 2021-09-24 14:29:35,909: obj=spreader, obj_pose=position: 
  x: 0.2991
  y: -0.8
  z: 0.449999998636
orientation: 
  x: -0.500000006699
  y: 0.499999993301
  z: 0.499999993301
  w: 0.500000006699
[rosout][INFO] 2021-09-24 14:29:35,912: obj=scooper, obj_pose=position: 
  x: 0.2463
  y: -1.39999999722
  z: 0.45
orientation: 
  x: -9.47342660555e-09
  y: 9.4734265663e-09
  z: 0.707106771713
  w: 0.70710679066
[rosout][INFO] 2021-09-24 14:29:35,914: obj=knife, obj_pose=position: 
  x: 0.3018
  y: -1.2
  z: 0.449999998708
orientation: 
  x: -0.500000006699
  y: 0.499999993301
  z: 0.499999993301
  w: 0.500000006699
[rosout][INFO] 2021-09-24 14:29:35,916: ^^^^^^^^^^^^^^^^^^^^^^^^^^^^^^
[rosout][INFO] 2021-09-24 14:29:35,917: key=table1_spreader, val=[{'z': 0.44999999999999996, 'name': 'knife'}]
[rosout][INFO] 2021-09-24 14:29:35,918: ^^^^^^^^^^^^^^^^^^^^^^^^^^^^^^
[rosout][INFO] 2021-09-24 14:29:35,919: ^^^^^^^^^^^^^^^^^^^^^^^^^^^^^^
[rosout][INFO] 2021-09-24 14:29:35,920: ^^^^^^^^^^^^^^^^^^^^^^^^^^^^^^
[rosout][INFO] 2021-09-24 14:29:35,920: key=table1_knife, val=[{'z': 0.44999999999999996, 'name': 'spreader'}]
[rosout][INFO] 2021-09-24 14:29:35,921: ^^^^^^^^^^^^^^^^^^^^^^^^^^^^^^
[rosout][INFO] 2021-09-24 14:29:35,922: ^^^^^^^^^^^^^^^^^^^^^^^^^^^^^^
[rosout][INFO] 2021-09-24 14:29:35,923: key=table1_plate, val=[{'z': 0.40000000000000002, 'name': 'bowl'}]
[rosout][INFO] 2021-09-24 14:29:35,924: ^^^^^^^^^^^^^^^^^^^^^^^^^^^^^^
[rosout][INFO] 2021-09-24 14:29:35,925: ^^^^^^^^^^^^^^^^^^^^^^^^^^^^^^
[rosout][INFO] 2021-09-24 14:29:35,926: ^^^^^^^^^^^^^^^^^^^^^^^^^^^^^^
[rosout][INFO] 2021-09-24 14:29:35,927: ^^^^^^^^^^^^^^^^^^^^^^^^^^^^^^
[rosout][INFO] 2021-09-24 14:29:35,928: ^^^^^^^^^^^^^^^^^^^^^^^^^^^^^^
[rosout][INFO] 2021-09-24 14:29:35,929: key=table1_empty_3, val=[{'z': 0.40000000000000002, 'name': 'plate'}]
[rosout][INFO] 2021-09-24 14:29:35,930: ^^^^^^^^^^^^^^^^^^^^^^^^^^^^^^
[rosout][INFO] 2021-09-24 14:29:35,931: key=table1_spatula, val=[{'z': 0.45000000000000001, 'name': 'scooper'}]
[rosout][INFO] 2021-09-24 14:29:35,933: ^^^^^^^^^^^^^^^^^^^^^^^^^^^^^^
[rosout][INFO] 2021-09-24 14:29:35,933: key=table1_scooper, val=[{'z': 0.45000000000000007, 'name': 'spatula'}]
[rosout][INFO] 2021-09-24 14:29:35,934: ^^^^^^^^^^^^^^^^^^^^^^^^^^^^^^
[rosout][INFO] 2021-09-24 14:29:35,936: ^^^^^^^^^^^^^^^^^^^^^^^^^^^^^^
[rosout][INFO] 2021-09-24 14:29:35,937: ^^^^^^^^^^^^^^^^^^^^^^^^^^^^^^
[rosout][INFO] 2021-09-24 14:29:35,938: ^^^^^^^^^^^^^^^^^^^^^^^^^^^^^^
[rosout][INFO] 2021-09-24 14:29:35,939: ^^^^^^^^^^^^^^^^^^^^^^^^^^^^^^
[rosout][INFO] 2021-09-24 14:29:35,940: ^^^^^^^^^^^^^^^^^^^^^^^^^^^^^^
[rosout][INFO] 2021-09-24 14:29:35,942: ^^^^^^^^^^^^^^^^^^^^^^^^^^^^^^
[rosout][INFO] 2021-09-24 14:29:35,943: ^^^^^^^^^^^^^^^^^^^^^^^^^^^^^^
[rosout][INFO] 2021-09-24 14:29:35,945: ^^^^^^^^^^^^^^^^^^^^^^^^^^^^^^
[rosout][INFO] 2021-09-24 14:29:35,946: ^^^^^^^^^^^^^^^^^^^^^^^^^^^^^^
[rosout][INFO] 2021-09-24 14:29:35,947: ^^^^^^^^^^^^^^^^^^^^^^^^^^^^^^
[rosout][INFO] 2021-09-24 14:29:35,948: ^^^^^^^^^^^^^^^^^^^^^^^^^^^^^^
[rosout][INFO] 2021-09-24 14:29:35,950: ^^^^^^^^^^^^^^^^^^^^^^^^^^^^^^
[rosout][INFO] 2021-09-24 14:29:35,951: ^^^^^^^^^^^^^^^^^^^^^^^^^^^^^^
[rosout][INFO] 2021-09-24 14:29:35,952: ^^^^^^^^^^^^^^^^^^^^^^^^^^^^^^
[rosout][INFO] 2021-09-24 14:29:35,953: ^^^^^^^^^^^^^^^^^^^^^^^^^^^^^^
[rosout][INFO] 2021-09-24 14:29:35,954: ^^^^^^^^^^^^^^^^^^^^^^^^^^^^^^
[rosout][INFO] 2021-09-24 14:29:35,954: key=table1_pan, val=[{'z': 0.40000000000000002, 'name': 'pan'}]
[rosout][INFO] 2021-09-24 14:29:35,955: ^^^^^^^^^^^^^^^^^^^^^^^^^^^^^^
[rosout][INFO] 2021-09-24 14:29:35,957: ^^^^^^^^^^^^^^^^^^^^^^^^^^^^^^
[rosout][INFO] 2021-09-24 14:29:35,957: key=table1_pot, val=[{'z': 0.40000000000000002, 'name': 'pot'}]
[rosout][INFO] 2021-09-24 14:29:35,958: tuna
[rosout][INFO] 2021-09-24 14:29:35,964: wait for update_place_pose_state
[rosout][INFO] 2021-09-24 14:29:36,668: obj=pan, obj_pose=position: 
  x: 0.5
  y: 1.375
  z: 0.401
orientation: 
  x: 0.0
  y: 0.0
  z: 0.0
  w: 1.0
[rosout][INFO] 2021-09-24 14:29:36,671: obj=pot, obj_pose=position: 
  x: 0.5
  y: 1.125
  z: 0.401
orientation: 
  x: 0.0
  y: 0.0
  z: 0.0
  w: 1.0
[rosout][INFO] 2021-09-24 14:29:36,674: obj=plate, obj_pose=position: 
  x: 0.375
  y: 0.085
  z: 0.401
orientation: 
  x: 0.0
  y: 0.0
  z: 0.0
  w: 1.0
[rosout][INFO] 2021-09-24 14:29:36,677: obj=bowl, obj_pose=position: 
  x: 0.375
  y: 0.875
  z: 0.401
orientation: 
  x: 0.0
  y: 0.0
  z: 0.0
  w: 1.0
[rosout][INFO] 2021-09-24 14:29:36,681: obj=spatula, obj_pose=position: 
  x: 0.3819
  y: -1.0
  z: 0.450000000855
orientation: 
  x: -0.500000006699
  y: 0.499999993301
  z: 0.499999993301
  w: 0.500000006699
[rosout][INFO] 2021-09-24 14:29:36,684: obj=spreader, obj_pose=position: 
  x: 0.2991
  y: -0.8
  z: 0.449999998636
orientation: 
  x: -0.500000006699
  y: 0.499999993301
  z: 0.499999993301
  w: 0.500000006699
[rosout][INFO] 2021-09-24 14:29:36,686: obj=scooper, obj_pose=position: 
  x: 0.2463
  y: -1.39999999722
  z: 0.45
orientation: 
  x: -9.47342660555e-09
  y: 9.4734265663e-09
  z: 0.707106771713
  w: 0.70710679066
[rosout][INFO] 2021-09-24 14:29:36,688: obj=knife, obj_pose=position: 
  x: 0.3018
  y: -1.2
  z: 0.449999998708
orientation: 
  x: -0.500000006699
  y: 0.499999993301
  z: 0.499999993301
  w: 0.500000006699
[rosout][INFO] 2021-09-24 14:29:36,689: obj=tuna, obj_pose=position: 
  x: 0.33
  y: 0.48
  z: 0.401
orientation: 
  x: 0.0
  y: 0.0
  z: 0.0
  w: 1.0
[rosout][INFO] 2021-09-24 14:29:36,692: ^^^^^^^^^^^^^^^^^^^^^^^^^^^^^^
[rosout][INFO] 2021-09-24 14:29:36,693: key=table1_spreader, val=[{'z': 0.44999999999999996, 'name': 'knife'}]
[rosout][INFO] 2021-09-24 14:29:36,694: ^^^^^^^^^^^^^^^^^^^^^^^^^^^^^^
[rosout][INFO] 2021-09-24 14:29:36,695: ^^^^^^^^^^^^^^^^^^^^^^^^^^^^^^
[rosout][INFO] 2021-09-24 14:29:36,696: ^^^^^^^^^^^^^^^^^^^^^^^^^^^^^^
[rosout][INFO] 2021-09-24 14:29:36,697: key=table1_knife, val=[{'z': 0.44999999999999996, 'name': 'spreader'}]
[rosout][INFO] 2021-09-24 14:29:36,698: ^^^^^^^^^^^^^^^^^^^^^^^^^^^^^^
[rosout][INFO] 2021-09-24 14:29:36,700: ^^^^^^^^^^^^^^^^^^^^^^^^^^^^^^
[rosout][INFO] 2021-09-24 14:29:36,702: key=table1_plate, val=[{'z': 0.40000000000000002, 'name': 'bowl'}]
[rosout][INFO] 2021-09-24 14:29:36,703: ^^^^^^^^^^^^^^^^^^^^^^^^^^^^^^
[rosout][INFO] 2021-09-24 14:29:36,704: ^^^^^^^^^^^^^^^^^^^^^^^^^^^^^^
[rosout][INFO] 2021-09-24 14:29:36,706: ^^^^^^^^^^^^^^^^^^^^^^^^^^^^^^
[rosout][INFO] 2021-09-24 14:29:36,708: ^^^^^^^^^^^^^^^^^^^^^^^^^^^^^^
[rosout][INFO] 2021-09-24 14:29:36,710: ^^^^^^^^^^^^^^^^^^^^^^^^^^^^^^
[rosout][INFO] 2021-09-24 14:29:36,711: key=table1_empty_3, val=[{'z': 0.40000000000000002, 'name': 'plate'}]
[rosout][INFO] 2021-09-24 14:29:36,712: ^^^^^^^^^^^^^^^^^^^^^^^^^^^^^^
[rosout][INFO] 2021-09-24 14:29:36,713: key=table1_spatula, val=[{'z': 0.45000000000000001, 'name': 'scooper'}]
[rosout][INFO] 2021-09-24 14:29:36,714: ^^^^^^^^^^^^^^^^^^^^^^^^^^^^^^
[rosout][INFO] 2021-09-24 14:29:36,715: key=table1_scooper, val=[{'z': 0.45000000000000007, 'name': 'spatula'}]
[rosout][INFO] 2021-09-24 14:29:36,716: ^^^^^^^^^^^^^^^^^^^^^^^^^^^^^^
[rosout][INFO] 2021-09-24 14:29:36,717: ^^^^^^^^^^^^^^^^^^^^^^^^^^^^^^
[rosout][INFO] 2021-09-24 14:29:36,718: ^^^^^^^^^^^^^^^^^^^^^^^^^^^^^^
[rosout][INFO] 2021-09-24 14:29:36,719: ^^^^^^^^^^^^^^^^^^^^^^^^^^^^^^
[rosout][INFO] 2021-09-24 14:29:36,720: ^^^^^^^^^^^^^^^^^^^^^^^^^^^^^^
[rosout][INFO] 2021-09-24 14:29:36,722: key=table1_ing_8, val=[{'z': 0.40000000000000002, 'name': 'tuna'}]
[rosout][INFO] 2021-09-24 14:29:36,724: ^^^^^^^^^^^^^^^^^^^^^^^^^^^^^^
[rosout][INFO] 2021-09-24 14:29:36,726: ^^^^^^^^^^^^^^^^^^^^^^^^^^^^^^
[rosout][INFO] 2021-09-24 14:29:36,727: ^^^^^^^^^^^^^^^^^^^^^^^^^^^^^^
[rosout][INFO] 2021-09-24 14:29:36,728: ^^^^^^^^^^^^^^^^^^^^^^^^^^^^^^
[rosout][INFO] 2021-09-24 14:29:36,729: ^^^^^^^^^^^^^^^^^^^^^^^^^^^^^^
[rosout][INFO] 2021-09-24 14:29:36,730: ^^^^^^^^^^^^^^^^^^^^^^^^^^^^^^
[rosout][INFO] 2021-09-24 14:29:36,732: ^^^^^^^^^^^^^^^^^^^^^^^^^^^^^^
[rosout][INFO] 2021-09-24 14:29:36,733: ^^^^^^^^^^^^^^^^^^^^^^^^^^^^^^
[rosout][INFO] 2021-09-24 14:29:36,735: ^^^^^^^^^^^^^^^^^^^^^^^^^^^^^^
[rosout][INFO] 2021-09-24 14:29:36,737: ^^^^^^^^^^^^^^^^^^^^^^^^^^^^^^
[rosout][INFO] 2021-09-24 14:29:36,739: ^^^^^^^^^^^^^^^^^^^^^^^^^^^^^^
[rosout][INFO] 2021-09-24 14:29:36,740: ^^^^^^^^^^^^^^^^^^^^^^^^^^^^^^
[rosout][INFO] 2021-09-24 14:29:36,741: key=table1_pan, val=[{'z': 0.40000000000000002, 'name': 'pan'}]
[rosout][INFO] 2021-09-24 14:29:36,742: ^^^^^^^^^^^^^^^^^^^^^^^^^^^^^^
[rosout][INFO] 2021-09-24 14:29:36,743: ^^^^^^^^^^^^^^^^^^^^^^^^^^^^^^
[rosout][INFO] 2021-09-24 14:29:36,744: key=table1_pot, val=[{'z': 0.40000000000000002, 'name': 'pot'}]
[rosout][INFO] 2021-09-24 14:29:36,744: onion
[rosout][INFO] 2021-09-24 14:29:36,751: wait for update_place_pose_state
[rosout][INFO] 2021-09-24 14:29:37,454: obj=pan, obj_pose=position: 
  x: 0.5
  y: 1.375
  z: 0.401
orientation: 
  x: 0.0
  y: 0.0
  z: 0.0
  w: 1.0
[rosout][INFO] 2021-09-24 14:29:37,455: obj=pot, obj_pose=position: 
  x: 0.5
  y: 1.125
  z: 0.401
orientation: 
  x: 0.0
  y: 0.0
  z: 0.0
  w: 1.0
[rosout][INFO] 2021-09-24 14:29:37,457: obj=plate, obj_pose=position: 
  x: 0.375
  y: 0.085
  z: 0.401
orientation: 
  x: 0.0
  y: 0.0
  z: 0.0
  w: 1.0
[rosout][INFO] 2021-09-24 14:29:37,458: obj=bowl, obj_pose=position: 
  x: 0.375
  y: 0.875
  z: 0.401
orientation: 
  x: 0.0
  y: 0.0
  z: 0.0
  w: 1.0
[rosout][INFO] 2021-09-24 14:29:37,460: obj=spatula, obj_pose=position: 
  x: 0.3819
  y: -1.0
  z: 0.450000000855
orientation: 
  x: -0.500000006699
  y: 0.499999993301
  z: 0.499999993301
  w: 0.500000006699
[rosout][INFO] 2021-09-24 14:29:37,461: obj=spreader, obj_pose=position: 
  x: 0.2991
  y: -0.8
  z: 0.449999998636
orientation: 
  x: -0.500000006699
  y: 0.499999993301
  z: 0.499999993301
  w: 0.500000006699
[rosout][INFO] 2021-09-24 14:29:37,463: obj=scooper, obj_pose=position: 
  x: 0.2463
  y: -1.39999999722
  z: 0.45
orientation: 
  x: -9.47342660555e-09
  y: 9.4734265663e-09
  z: 0.707106771713
  w: 0.70710679066
[rosout][INFO] 2021-09-24 14:29:37,464: obj=knife, obj_pose=position: 
  x: 0.3018
  y: -1.2
  z: 0.449999998708
orientation: 
  x: -0.500000006699
  y: 0.499999993301
  z: 0.499999993301
  w: 0.500000006699
[rosout][INFO] 2021-09-24 14:29:37,466: obj=tuna, obj_pose=position: 
  x: 0.33
  y: 0.48
  z: 0.401
orientation: 
  x: 0.0
  y: 0.0
  z: 0.0
  w: 1.0
[rosout][INFO] 2021-09-24 14:29:37,469: obj=onion, obj_pose=position: 
  x: 0.5
  y: 0.48
  z: 0.426
orientation: 
  x: 0.0
  y: 0.0
  z: 0.0
  w: 1.0
[rosout][INFO] 2021-09-24 14:29:37,471: ^^^^^^^^^^^^^^^^^^^^^^^^^^^^^^
[rosout][INFO] 2021-09-24 14:29:37,472: key=table1_spreader, val=[{'z': 0.44999999999999996, 'name': 'knife'}]
[rosout][INFO] 2021-09-24 14:29:37,473: ^^^^^^^^^^^^^^^^^^^^^^^^^^^^^^
[rosout][INFO] 2021-09-24 14:29:37,474: ^^^^^^^^^^^^^^^^^^^^^^^^^^^^^^
[rosout][INFO] 2021-09-24 14:29:37,476: ^^^^^^^^^^^^^^^^^^^^^^^^^^^^^^
[rosout][INFO] 2021-09-24 14:29:37,477: key=table1_knife, val=[{'z': 0.44999999999999996, 'name': 'spreader'}]
[rosout][INFO] 2021-09-24 14:29:37,478: ^^^^^^^^^^^^^^^^^^^^^^^^^^^^^^
[rosout][INFO] 2021-09-24 14:29:37,479: ^^^^^^^^^^^^^^^^^^^^^^^^^^^^^^
[rosout][INFO] 2021-09-24 14:29:37,480: key=table1_plate, val=[{'z': 0.40000000000000002, 'name': 'bowl'}]
[rosout][INFO] 2021-09-24 14:29:37,481: ^^^^^^^^^^^^^^^^^^^^^^^^^^^^^^
[rosout][INFO] 2021-09-24 14:29:37,483: ^^^^^^^^^^^^^^^^^^^^^^^^^^^^^^
[rosout][INFO] 2021-09-24 14:29:37,484: ^^^^^^^^^^^^^^^^^^^^^^^^^^^^^^
[rosout][INFO] 2021-09-24 14:29:37,486: ^^^^^^^^^^^^^^^^^^^^^^^^^^^^^^
[rosout][INFO] 2021-09-24 14:29:37,488: ^^^^^^^^^^^^^^^^^^^^^^^^^^^^^^
[rosout][INFO] 2021-09-24 14:29:37,489: key=table1_empty_3, val=[{'z': 0.40000000000000002, 'name': 'plate'}]
[rosout][INFO] 2021-09-24 14:29:37,491: ^^^^^^^^^^^^^^^^^^^^^^^^^^^^^^
[rosout][INFO] 2021-09-24 14:29:37,492: key=table1_spatula, val=[{'z': 0.45000000000000001, 'name': 'scooper'}]
[rosout][INFO] 2021-09-24 14:29:37,493: ^^^^^^^^^^^^^^^^^^^^^^^^^^^^^^
[rosout][INFO] 2021-09-24 14:29:37,493: key=table1_scooper, val=[{'z': 0.45000000000000007, 'name': 'spatula'}]
[rosout][INFO] 2021-09-24 14:29:37,495: ^^^^^^^^^^^^^^^^^^^^^^^^^^^^^^
[rosout][INFO] 2021-09-24 14:29:37,496: ^^^^^^^^^^^^^^^^^^^^^^^^^^^^^^
[rosout][INFO] 2021-09-24 14:29:37,498: ^^^^^^^^^^^^^^^^^^^^^^^^^^^^^^
[rosout][INFO] 2021-09-24 14:29:37,499: ^^^^^^^^^^^^^^^^^^^^^^^^^^^^^^
[rosout][INFO] 2021-09-24 14:29:37,501: ^^^^^^^^^^^^^^^^^^^^^^^^^^^^^^
[rosout][INFO] 2021-09-24 14:29:37,502: key=table1_ing_8, val=[{'z': 0.40000000000000002, 'name': 'tuna'}]
[rosout][INFO] 2021-09-24 14:29:37,503: ^^^^^^^^^^^^^^^^^^^^^^^^^^^^^^
[rosout][INFO] 2021-09-24 14:29:37,504: ^^^^^^^^^^^^^^^^^^^^^^^^^^^^^^
[rosout][INFO] 2021-09-24 14:29:37,506: ^^^^^^^^^^^^^^^^^^^^^^^^^^^^^^
[rosout][INFO] 2021-09-24 14:29:37,507: ^^^^^^^^^^^^^^^^^^^^^^^^^^^^^^
[rosout][INFO] 2021-09-24 14:29:37,508: key=table1_ing_5, val=[{'z': 0.40000000000000002, 'name': 'onion'}]
[rosout][INFO] 2021-09-24 14:29:37,509: ^^^^^^^^^^^^^^^^^^^^^^^^^^^^^^
[rosout][INFO] 2021-09-24 14:29:37,511: ^^^^^^^^^^^^^^^^^^^^^^^^^^^^^^
[rosout][INFO] 2021-09-24 14:29:37,513: ^^^^^^^^^^^^^^^^^^^^^^^^^^^^^^
[rosout][INFO] 2021-09-24 14:29:37,515: ^^^^^^^^^^^^^^^^^^^^^^^^^^^^^^
[rosout][INFO] 2021-09-24 14:29:37,517: ^^^^^^^^^^^^^^^^^^^^^^^^^^^^^^
[rosout][INFO] 2021-09-24 14:29:37,518: ^^^^^^^^^^^^^^^^^^^^^^^^^^^^^^
[rosout][INFO] 2021-09-24 14:29:37,519: ^^^^^^^^^^^^^^^^^^^^^^^^^^^^^^
[rosout][INFO] 2021-09-24 14:29:37,520: ^^^^^^^^^^^^^^^^^^^^^^^^^^^^^^
[rosout][INFO] 2021-09-24 14:29:37,521: key=table1_pan, val=[{'z': 0.40000000000000002, 'name': 'pan'}]
[rosout][INFO] 2021-09-24 14:29:37,522: ^^^^^^^^^^^^^^^^^^^^^^^^^^^^^^
[rosout][INFO] 2021-09-24 14:29:37,523: ^^^^^^^^^^^^^^^^^^^^^^^^^^^^^^
[rosout][INFO] 2021-09-24 14:29:37,524: key=table1_pot, val=[{'z': 0.40000000000000002, 'name': 'pot'}]
[rosout][INFO] 2021-09-24 14:29:37,525: butter
[rosout][INFO] 2021-09-24 14:29:37,527: wait for update_place_pose_state
[rosout][INFO] 2021-09-24 14:29:38,232: obj=pan, obj_pose=position: 
  x: 0.5
  y: 1.375
  z: 0.401
orientation: 
  x: 0.0
  y: 0.0
  z: 0.0
  w: 1.0
[rosout][INFO] 2021-09-24 14:29:38,239: obj=pot, obj_pose=position: 
  x: 0.5
  y: 1.125
  z: 0.401
orientation: 
  x: 0.0
  y: 0.0
  z: 0.0
  w: 1.0
[rosout][INFO] 2021-09-24 14:29:38,246: obj=plate, obj_pose=position: 
  x: 0.375
  y: 0.085
  z: 0.401
orientation: 
  x: 0.0
  y: 0.0
  z: 0.0
  w: 1.0
[rosout][INFO] 2021-09-24 14:29:38,252: obj=bowl, obj_pose=position: 
  x: 0.375
  y: 0.875
  z: 0.401
orientation: 
  x: 0.0
  y: 0.0
  z: 0.0
  w: 1.0
[rosout][INFO] 2021-09-24 14:29:38,258: obj=spatula, obj_pose=position: 
  x: 0.3819
  y: -1.0
  z: 0.450000000855
orientation: 
  x: -0.500000006699
  y: 0.499999993301
  z: 0.499999993301
  w: 0.500000006699
[rosout][INFO] 2021-09-24 14:29:38,262: obj=spreader, obj_pose=position: 
  x: 0.2991
  y: -0.8
  z: 0.449999998636
orientation: 
  x: -0.500000006699
  y: 0.499999993301
  z: 0.499999993301
  w: 0.500000006699
[rosout][INFO] 2021-09-24 14:29:38,265: obj=scooper, obj_pose=position: 
  x: 0.2463
  y: -1.39999999722
  z: 0.45
orientation: 
  x: -9.47342660555e-09
  y: 9.4734265663e-09
  z: 0.707106771713
  w: 0.70710679066
[rosout][INFO] 2021-09-24 14:29:38,268: obj=knife, obj_pose=position: 
  x: 0.3018
  y: -1.2
  z: 0.449999998708
orientation: 
  x: -0.500000006699
  y: 0.499999993301
  z: 0.499999993301
  w: 0.500000006699
[rosout][INFO] 2021-09-24 14:29:38,271: obj=tuna, obj_pose=position: 
  x: 0.33
  y: 0.48
  z: 0.401
orientation: 
  x: 0.0
  y: 0.0
  z: 0.0
  w: 1.0
[rosout][INFO] 2021-09-24 14:29:38,274: obj=onion, obj_pose=position: 
  x: 0.5
  y: 0.48
  z: 0.426
orientation: 
  x: 0.0
  y: 0.0
  z: 0.0
  w: 1.0
[rosout][INFO] 2021-09-24 14:29:38,276: obj=butter, obj_pose=position: 
  x: 0.5
  y: 0.66
  z: 0.401
orientation: 
  x: 0.0
  y: 0.0
  z: 0.0
  w: 1.0
[rosout][INFO] 2021-09-24 14:29:38,278: ^^^^^^^^^^^^^^^^^^^^^^^^^^^^^^
[rosout][INFO] 2021-09-24 14:29:38,279: key=table1_spreader, val=[{'z': 0.44999999999999996, 'name': 'knife'}]
[rosout][INFO] 2021-09-24 14:29:38,281: ^^^^^^^^^^^^^^^^^^^^^^^^^^^^^^
[rosout][INFO] 2021-09-24 14:29:38,284: ^^^^^^^^^^^^^^^^^^^^^^^^^^^^^^
[rosout][INFO] 2021-09-24 14:29:38,287: ^^^^^^^^^^^^^^^^^^^^^^^^^^^^^^
[rosout][INFO] 2021-09-24 14:29:38,288: key=table1_knife, val=[{'z': 0.44999999999999996, 'name': 'spreader'}]
[rosout][INFO] 2021-09-24 14:29:38,289: ^^^^^^^^^^^^^^^^^^^^^^^^^^^^^^
[rosout][INFO] 2021-09-24 14:29:38,291: ^^^^^^^^^^^^^^^^^^^^^^^^^^^^^^
[rosout][INFO] 2021-09-24 14:29:38,292: key=table1_plate, val=[{'z': 0.40000000000000002, 'name': 'bowl'}]
[rosout][INFO] 2021-09-24 14:29:38,293: ^^^^^^^^^^^^^^^^^^^^^^^^^^^^^^
[rosout][INFO] 2021-09-24 14:29:38,295: ^^^^^^^^^^^^^^^^^^^^^^^^^^^^^^
[rosout][INFO] 2021-09-24 14:29:38,297: ^^^^^^^^^^^^^^^^^^^^^^^^^^^^^^
[rosout][INFO] 2021-09-24 14:29:38,298: ^^^^^^^^^^^^^^^^^^^^^^^^^^^^^^
[rosout][INFO] 2021-09-24 14:29:38,299: ^^^^^^^^^^^^^^^^^^^^^^^^^^^^^^
[rosout][INFO] 2021-09-24 14:29:38,300: key=table1_empty_3, val=[{'z': 0.40000000000000002, 'name': 'plate'}]
[rosout][INFO] 2021-09-24 14:29:38,301: ^^^^^^^^^^^^^^^^^^^^^^^^^^^^^^
[rosout][INFO] 2021-09-24 14:29:38,302: key=table1_spatula, val=[{'z': 0.45000000000000001, 'name': 'scooper'}]
[rosout][INFO] 2021-09-24 14:29:38,305: ^^^^^^^^^^^^^^^^^^^^^^^^^^^^^^
[rosout][INFO] 2021-09-24 14:29:38,306: key=table1_scooper, val=[{'z': 0.45000000000000007, 'name': 'spatula'}]
[rosout][INFO] 2021-09-24 14:29:38,307: ^^^^^^^^^^^^^^^^^^^^^^^^^^^^^^
[rosout][INFO] 2021-09-24 14:29:38,308: ^^^^^^^^^^^^^^^^^^^^^^^^^^^^^^
[rosout][INFO] 2021-09-24 14:29:38,310: ^^^^^^^^^^^^^^^^^^^^^^^^^^^^^^
[rosout][INFO] 2021-09-24 14:29:38,311: ^^^^^^^^^^^^^^^^^^^^^^^^^^^^^^
[rosout][INFO] 2021-09-24 14:29:38,313: ^^^^^^^^^^^^^^^^^^^^^^^^^^^^^^
[rosout][INFO] 2021-09-24 14:29:38,314: key=table1_ing_8, val=[{'z': 0.40000000000000002, 'name': 'tuna'}]
[rosout][INFO] 2021-09-24 14:29:38,316: ^^^^^^^^^^^^^^^^^^^^^^^^^^^^^^
[rosout][INFO] 2021-09-24 14:29:38,318: ^^^^^^^^^^^^^^^^^^^^^^^^^^^^^^
[rosout][INFO] 2021-09-24 14:29:38,319: ^^^^^^^^^^^^^^^^^^^^^^^^^^^^^^
[rosout][INFO] 2021-09-24 14:29:38,320: ^^^^^^^^^^^^^^^^^^^^^^^^^^^^^^
[rosout][INFO] 2021-09-24 14:29:38,321: key=table1_ing_5, val=[{'z': 0.40000000000000002, 'name': 'onion'}]
[rosout][INFO] 2021-09-24 14:29:38,322: ^^^^^^^^^^^^^^^^^^^^^^^^^^^^^^
[rosout][INFO] 2021-09-24 14:29:38,323: key=table1_ing_4, val=[{'z': 0.40000000000000002, 'name': 'butter'}]
[rosout][INFO] 2021-09-24 14:29:38,324: ^^^^^^^^^^^^^^^^^^^^^^^^^^^^^^
[rosout][INFO] 2021-09-24 14:29:38,325: ^^^^^^^^^^^^^^^^^^^^^^^^^^^^^^
[rosout][INFO] 2021-09-24 14:29:38,327: ^^^^^^^^^^^^^^^^^^^^^^^^^^^^^^
[rosout][INFO] 2021-09-24 14:29:38,329: ^^^^^^^^^^^^^^^^^^^^^^^^^^^^^^
[rosout][INFO] 2021-09-24 14:29:38,330: ^^^^^^^^^^^^^^^^^^^^^^^^^^^^^^
[rosout][INFO] 2021-09-24 14:29:38,332: ^^^^^^^^^^^^^^^^^^^^^^^^^^^^^^
[rosout][INFO] 2021-09-24 14:29:38,334: ^^^^^^^^^^^^^^^^^^^^^^^^^^^^^^
[rosout][INFO] 2021-09-24 14:29:38,334: key=table1_pan, val=[{'z': 0.40000000000000002, 'name': 'pan'}]
[rosout][INFO] 2021-09-24 14:29:38,336: ^^^^^^^^^^^^^^^^^^^^^^^^^^^^^^
[rosout][INFO] 2021-09-24 14:29:38,337: ^^^^^^^^^^^^^^^^^^^^^^^^^^^^^^
[rosout][INFO] 2021-09-24 14:29:38,337: key=table1_pot, val=[{'z': 0.40000000000000002, 'name': 'pot'}]
[rosout][INFO] 2021-09-24 14:29:38,338: lettuce
[rosout][INFO] 2021-09-24 14:29:38,344: wait for update_place_pose_state
[rosout][INFO] 2021-09-24 14:29:39,049: obj=pan, obj_pose=position: 
  x: 0.5
  y: 1.375
  z: 0.401
orientation: 
  x: 0.0
  y: 0.0
  z: 0.0
  w: 1.0
[rosout][INFO] 2021-09-24 14:29:39,052: obj=pot, obj_pose=position: 
  x: 0.5
  y: 1.125
  z: 0.401
orientation: 
  x: 0.0
  y: 0.0
  z: 0.0
  w: 1.0
[rosout][INFO] 2021-09-24 14:29:39,054: obj=plate, obj_pose=position: 
  x: 0.375
  y: 0.085
  z: 0.401
orientation: 
  x: 0.0
  y: 0.0
  z: 0.0
  w: 1.0
[rosout][INFO] 2021-09-24 14:29:39,055: obj=bowl, obj_pose=position: 
  x: 0.375
  y: 0.875
  z: 0.401
orientation: 
  x: 0.0
  y: 0.0
  z: 0.0
  w: 1.0
[rosout][INFO] 2021-09-24 14:29:39,056: obj=spatula, obj_pose=position: 
  x: 0.3819
  y: -1.0
  z: 0.450000000855
orientation: 
  x: -0.500000006699
  y: 0.499999993301
  z: 0.499999993301
  w: 0.500000006699
[rosout][INFO] 2021-09-24 14:29:39,058: obj=spreader, obj_pose=position: 
  x: 0.2991
  y: -0.8
  z: 0.449999998636
orientation: 
  x: -0.500000006699
  y: 0.499999993301
  z: 0.499999993301
  w: 0.500000006699
[rosout][INFO] 2021-09-24 14:29:39,059: obj=scooper, obj_pose=position: 
  x: 0.2463
  y: -1.39999999722
  z: 0.45
orientation: 
  x: -9.47342660555e-09
  y: 9.4734265663e-09
  z: 0.707106771713
  w: 0.70710679066
[rosout][INFO] 2021-09-24 14:29:39,061: obj=knife, obj_pose=position: 
  x: 0.3018
  y: -1.2
  z: 0.449999998708
orientation: 
  x: -0.500000006699
  y: 0.499999993301
  z: 0.499999993301
  w: 0.500000006699
[rosout][INFO] 2021-09-24 14:29:39,062: obj=tuna, obj_pose=position: 
  x: 0.33
  y: 0.48
  z: 0.401
orientation: 
  x: 0.0
  y: 0.0
  z: 0.0
  w: 1.0
[rosout][INFO] 2021-09-24 14:29:39,064: obj=onion, obj_pose=position: 
  x: 0.5
  y: 0.48
  z: 0.426
orientation: 
  x: 0.0
  y: 0.0
  z: 0.0
  w: 1.0
[rosout][INFO] 2021-09-24 14:29:39,065: obj=butter, obj_pose=position: 
  x: 0.5
  y: 0.66
  z: 0.401
orientation: 
  x: 0.0
  y: 0.0
  z: 0.0
  w: 1.0
[rosout][INFO] 2021-09-24 14:29:39,068: obj=lettuce, obj_pose=position: 
  x: 0.67
  y: 0.48
  z: 0.401
orientation: 
  x: 0.0
  y: 0.0
  z: 0.0
  w: 1.0
[rosout][INFO] 2021-09-24 14:29:39,070: ^^^^^^^^^^^^^^^^^^^^^^^^^^^^^^
[rosout][INFO] 2021-09-24 14:29:39,071: key=table1_spreader, val=[{'z': 0.44999999999999996, 'name': 'knife'}]
[rosout][INFO] 2021-09-24 14:29:39,072: ^^^^^^^^^^^^^^^^^^^^^^^^^^^^^^
[rosout][INFO] 2021-09-24 14:29:39,074: ^^^^^^^^^^^^^^^^^^^^^^^^^^^^^^
[rosout][INFO] 2021-09-24 14:29:39,075: ^^^^^^^^^^^^^^^^^^^^^^^^^^^^^^
[rosout][INFO] 2021-09-24 14:29:39,076: key=table1_knife, val=[{'z': 0.44999999999999996, 'name': 'spreader'}]
[rosout][INFO] 2021-09-24 14:29:39,078: ^^^^^^^^^^^^^^^^^^^^^^^^^^^^^^
[rosout][INFO] 2021-09-24 14:29:39,079: ^^^^^^^^^^^^^^^^^^^^^^^^^^^^^^
[rosout][INFO] 2021-09-24 14:29:39,080: key=table1_plate, val=[{'z': 0.40000000000000002, 'name': 'bowl'}]
[rosout][INFO] 2021-09-24 14:29:39,082: ^^^^^^^^^^^^^^^^^^^^^^^^^^^^^^
[rosout][INFO] 2021-09-24 14:29:39,084: ^^^^^^^^^^^^^^^^^^^^^^^^^^^^^^
[rosout][INFO] 2021-09-24 14:29:39,086: ^^^^^^^^^^^^^^^^^^^^^^^^^^^^^^
[rosout][INFO] 2021-09-24 14:29:39,088: ^^^^^^^^^^^^^^^^^^^^^^^^^^^^^^
[rosout][INFO] 2021-09-24 14:29:39,089: ^^^^^^^^^^^^^^^^^^^^^^^^^^^^^^
[rosout][INFO] 2021-09-24 14:29:39,090: key=table1_empty_3, val=[{'z': 0.40000000000000002, 'name': 'plate'}]
[rosout][INFO] 2021-09-24 14:29:39,091: ^^^^^^^^^^^^^^^^^^^^^^^^^^^^^^
[rosout][INFO] 2021-09-24 14:29:39,092: key=table1_spatula, val=[{'z': 0.45000000000000001, 'name': 'scooper'}]
[rosout][INFO] 2021-09-24 14:29:39,093: ^^^^^^^^^^^^^^^^^^^^^^^^^^^^^^
[rosout][INFO] 2021-09-24 14:29:39,094: key=table1_scooper, val=[{'z': 0.45000000000000007, 'name': 'spatula'}]
[rosout][INFO] 2021-09-24 14:29:39,095: ^^^^^^^^^^^^^^^^^^^^^^^^^^^^^^
[rosout][INFO] 2021-09-24 14:29:39,096: ^^^^^^^^^^^^^^^^^^^^^^^^^^^^^^
[rosout][INFO] 2021-09-24 14:29:39,097: ^^^^^^^^^^^^^^^^^^^^^^^^^^^^^^
[rosout][INFO] 2021-09-24 14:29:39,099: ^^^^^^^^^^^^^^^^^^^^^^^^^^^^^^
[rosout][INFO] 2021-09-24 14:29:39,101: ^^^^^^^^^^^^^^^^^^^^^^^^^^^^^^
[rosout][INFO] 2021-09-24 14:29:39,102: key=table1_ing_8, val=[{'z': 0.40000000000000002, 'name': 'tuna'}]
[rosout][INFO] 2021-09-24 14:29:39,103: ^^^^^^^^^^^^^^^^^^^^^^^^^^^^^^
[rosout][INFO] 2021-09-24 14:29:39,104: ^^^^^^^^^^^^^^^^^^^^^^^^^^^^^^
[rosout][INFO] 2021-09-24 14:29:39,106: ^^^^^^^^^^^^^^^^^^^^^^^^^^^^^^
[rosout][INFO] 2021-09-24 14:29:39,106: key=table1_ing_2, val=[{'z': 0.40000000000000002, 'name': 'lettuce'}]
[rosout][INFO] 2021-09-24 14:29:39,108: ^^^^^^^^^^^^^^^^^^^^^^^^^^^^^^
[rosout][INFO] 2021-09-24 14:29:39,109: key=table1_ing_5, val=[{'z': 0.40000000000000002, 'name': 'onion'}]
[rosout][INFO] 2021-09-24 14:29:39,110: ^^^^^^^^^^^^^^^^^^^^^^^^^^^^^^
[rosout][INFO] 2021-09-24 14:29:39,111: key=table1_ing_4, val=[{'z': 0.40000000000000002, 'name': 'butter'}]
[rosout][INFO] 2021-09-24 14:29:39,113: ^^^^^^^^^^^^^^^^^^^^^^^^^^^^^^
[rosout][INFO] 2021-09-24 14:29:39,115: ^^^^^^^^^^^^^^^^^^^^^^^^^^^^^^
[rosout][INFO] 2021-09-24 14:29:39,117: ^^^^^^^^^^^^^^^^^^^^^^^^^^^^^^
[rosout][INFO] 2021-09-24 14:29:39,118: ^^^^^^^^^^^^^^^^^^^^^^^^^^^^^^
[rosout][INFO] 2021-09-24 14:29:39,119: ^^^^^^^^^^^^^^^^^^^^^^^^^^^^^^
[rosout][INFO] 2021-09-24 14:29:39,121: ^^^^^^^^^^^^^^^^^^^^^^^^^^^^^^
[rosout][INFO] 2021-09-24 14:29:39,122: ^^^^^^^^^^^^^^^^^^^^^^^^^^^^^^
[rosout][INFO] 2021-09-24 14:29:39,122: key=table1_pan, val=[{'z': 0.40000000000000002, 'name': 'pan'}]
[rosout][INFO] 2021-09-24 14:29:39,124: ^^^^^^^^^^^^^^^^^^^^^^^^^^^^^^
[rosout][INFO] 2021-09-24 14:29:39,125: ^^^^^^^^^^^^^^^^^^^^^^^^^^^^^^
[rosout][INFO] 2021-09-24 14:29:39,126: key=table1_pot, val=[{'z': 0.40000000000000002, 'name': 'pot'}]
[rosout][INFO] 2021-09-24 14:29:39,127: bread1
[rosout][INFO] 2021-09-24 14:29:39,130: wait for update_place_pose_state
[rosout][INFO] 2021-09-24 14:29:39,833: obj=pan, obj_pose=position: 
  x: 0.5
  y: 1.375
  z: 0.401
orientation: 
  x: 0.0
  y: 0.0
  z: 0.0
  w: 1.0
[rosout][INFO] 2021-09-24 14:29:39,834: obj=pot, obj_pose=position: 
  x: 0.5
  y: 1.125
  z: 0.401
orientation: 
  x: 0.0
  y: 0.0
  z: 0.0
  w: 1.0
[rosout][INFO] 2021-09-24 14:29:39,838: obj=plate, obj_pose=position: 
  x: 0.375
  y: 0.085
  z: 0.401
orientation: 
  x: 0.0
  y: 0.0
  z: 0.0
  w: 1.0
[rosout][INFO] 2021-09-24 14:29:39,840: obj=bowl, obj_pose=position: 
  x: 0.375
  y: 0.875
  z: 0.401
orientation: 
  x: 0.0
  y: 0.0
  z: 0.0
  w: 1.0
[rosout][INFO] 2021-09-24 14:29:39,841: obj=spatula, obj_pose=position: 
  x: 0.3819
  y: -1.0
  z: 0.450000000855
orientation: 
  x: -0.500000006699
  y: 0.499999993301
  z: 0.499999993301
  w: 0.500000006699
[rosout][INFO] 2021-09-24 14:29:39,843: obj=spreader, obj_pose=position: 
  x: 0.2991
  y: -0.8
  z: 0.449999998636
orientation: 
  x: -0.500000006699
  y: 0.499999993301
  z: 0.499999993301
  w: 0.500000006699
[rosout][INFO] 2021-09-24 14:29:39,845: obj=scooper, obj_pose=position: 
  x: 0.2463
  y: -1.39999999722
  z: 0.45
orientation: 
  x: -9.47342660555e-09
  y: 9.4734265663e-09
  z: 0.707106771713
  w: 0.70710679066
[rosout][INFO] 2021-09-24 14:29:39,847: obj=knife, obj_pose=position: 
  x: 0.3018
  y: -1.2
  z: 0.449999998708
orientation: 
  x: -0.500000006699
  y: 0.499999993301
  z: 0.499999993301
  w: 0.500000006699
[rosout][INFO] 2021-09-24 14:29:39,849: obj=tuna, obj_pose=position: 
  x: 0.33
  y: 0.48
  z: 0.401
orientation: 
  x: 0.0
  y: 0.0
  z: 0.0
  w: 1.0
[rosout][INFO] 2021-09-24 14:29:39,850: obj=onion, obj_pose=position: 
  x: 0.5
  y: 0.48
  z: 0.426
orientation: 
  x: 0.0
  y: 0.0
  z: 0.0
  w: 1.0
[rosout][INFO] 2021-09-24 14:29:39,852: obj=butter, obj_pose=position: 
  x: 0.5
  y: 0.66
  z: 0.401
orientation: 
  x: 0.0
  y: 0.0
  z: 0.0
  w: 1.0
[rosout][INFO] 2021-09-24 14:29:39,853: obj=lettuce, obj_pose=position: 
  x: 0.67
  y: 0.48
  z: 0.401
orientation: 
  x: 0.0
  y: 0.0
  z: 0.0
  w: 1.0
[rosout][INFO] 2021-09-24 14:29:39,855: obj=bread1, obj_pose=position: 
  x: 0.33
  y: 0.3
  z: 0.4095
orientation: 
  x: 0.0
  y: 0.0
  z: -0.707106771713
  w: 0.70710679066
[rosout][INFO] 2021-09-24 14:29:39,856: ^^^^^^^^^^^^^^^^^^^^^^^^^^^^^^
[rosout][INFO] 2021-09-24 14:29:39,857: key=table1_spreader, val=[{'z': 0.44999999999999996, 'name': 'knife'}]
[rosout][INFO] 2021-09-24 14:29:39,858: ^^^^^^^^^^^^^^^^^^^^^^^^^^^^^^
[rosout][INFO] 2021-09-24 14:29:39,860: ^^^^^^^^^^^^^^^^^^^^^^^^^^^^^^
[rosout][INFO] 2021-09-24 14:29:39,862: ^^^^^^^^^^^^^^^^^^^^^^^^^^^^^^
[rosout][INFO] 2021-09-24 14:29:39,863: key=table1_knife, val=[{'z': 0.44999999999999996, 'name': 'spreader'}]
[rosout][INFO] 2021-09-24 14:29:39,865: ^^^^^^^^^^^^^^^^^^^^^^^^^^^^^^
[rosout][INFO] 2021-09-24 14:29:39,868: ^^^^^^^^^^^^^^^^^^^^^^^^^^^^^^
[rosout][INFO] 2021-09-24 14:29:39,870: key=table1_plate, val=[{'z': 0.40000000000000002, 'name': 'bowl'}]
[rosout][INFO] 2021-09-24 14:29:39,874: ^^^^^^^^^^^^^^^^^^^^^^^^^^^^^^
[rosout][INFO] 2021-09-24 14:29:39,875: ^^^^^^^^^^^^^^^^^^^^^^^^^^^^^^
[rosout][INFO] 2021-09-24 14:29:39,877: ^^^^^^^^^^^^^^^^^^^^^^^^^^^^^^
[rosout][INFO] 2021-09-24 14:29:39,878: ^^^^^^^^^^^^^^^^^^^^^^^^^^^^^^
[rosout][INFO] 2021-09-24 14:29:39,880: ^^^^^^^^^^^^^^^^^^^^^^^^^^^^^^
[rosout][INFO] 2021-09-24 14:29:39,881: key=table1_empty_3, val=[{'z': 0.40000000000000002, 'name': 'plate'}]
[rosout][INFO] 2021-09-24 14:29:39,883: ^^^^^^^^^^^^^^^^^^^^^^^^^^^^^^
[rosout][INFO] 2021-09-24 14:29:39,884: key=table1_spatula, val=[{'z': 0.45000000000000001, 'name': 'scooper'}]
[rosout][INFO] 2021-09-24 14:29:39,886: ^^^^^^^^^^^^^^^^^^^^^^^^^^^^^^
[rosout][INFO] 2021-09-24 14:29:39,887: key=table1_scooper, val=[{'z': 0.45000000000000007, 'name': 'spatula'}]
[rosout][INFO] 2021-09-24 14:29:39,889: ^^^^^^^^^^^^^^^^^^^^^^^^^^^^^^
[rosout][INFO] 2021-09-24 14:29:39,890: ^^^^^^^^^^^^^^^^^^^^^^^^^^^^^^
[rosout][INFO] 2021-09-24 14:29:39,892: ^^^^^^^^^^^^^^^^^^^^^^^^^^^^^^
[rosout][INFO] 2021-09-24 14:29:39,893: ^^^^^^^^^^^^^^^^^^^^^^^^^^^^^^
[rosout][INFO] 2021-09-24 14:29:39,894: key=table1_ing_9, val=[{'z': 0.40000000000000002, 'name': 'bread1'}]
[rosout][INFO] 2021-09-24 14:29:39,895: ^^^^^^^^^^^^^^^^^^^^^^^^^^^^^^
[rosout][INFO] 2021-09-24 14:29:39,896: key=table1_ing_8, val=[{'z': 0.40000000000000002, 'name': 'tuna'}]
[rosout][INFO] 2021-09-24 14:29:39,897: ^^^^^^^^^^^^^^^^^^^^^^^^^^^^^^
[rosout][INFO] 2021-09-24 14:29:39,899: ^^^^^^^^^^^^^^^^^^^^^^^^^^^^^^
[rosout][INFO] 2021-09-24 14:29:39,903: ^^^^^^^^^^^^^^^^^^^^^^^^^^^^^^
[rosout][INFO] 2021-09-24 14:29:39,903: key=table1_ing_2, val=[{'z': 0.40000000000000002, 'name': 'lettuce'}]
[rosout][INFO] 2021-09-24 14:29:39,905: ^^^^^^^^^^^^^^^^^^^^^^^^^^^^^^
[rosout][INFO] 2021-09-24 14:29:39,905: key=table1_ing_5, val=[{'z': 0.40000000000000002, 'name': 'onion'}]
[rosout][INFO] 2021-09-24 14:29:39,907: ^^^^^^^^^^^^^^^^^^^^^^^^^^^^^^
[rosout][INFO] 2021-09-24 14:29:39,907: key=table1_ing_4, val=[{'z': 0.40000000000000002, 'name': 'butter'}]
[rosout][INFO] 2021-09-24 14:29:39,909: ^^^^^^^^^^^^^^^^^^^^^^^^^^^^^^
[rosout][INFO] 2021-09-24 14:29:39,910: ^^^^^^^^^^^^^^^^^^^^^^^^^^^^^^
[rosout][INFO] 2021-09-24 14:29:39,912: ^^^^^^^^^^^^^^^^^^^^^^^^^^^^^^
[rosout][INFO] 2021-09-24 14:29:39,913: ^^^^^^^^^^^^^^^^^^^^^^^^^^^^^^
[rosout][INFO] 2021-09-24 14:29:39,915: ^^^^^^^^^^^^^^^^^^^^^^^^^^^^^^
[rosout][INFO] 2021-09-24 14:29:39,917: ^^^^^^^^^^^^^^^^^^^^^^^^^^^^^^
[rosout][INFO] 2021-09-24 14:29:39,920: ^^^^^^^^^^^^^^^^^^^^^^^^^^^^^^
[rosout][INFO] 2021-09-24 14:29:39,921: key=table1_pan, val=[{'z': 0.40000000000000002, 'name': 'pan'}]
[rosout][INFO] 2021-09-24 14:29:39,923: ^^^^^^^^^^^^^^^^^^^^^^^^^^^^^^
[rosout][INFO] 2021-09-24 14:29:39,925: ^^^^^^^^^^^^^^^^^^^^^^^^^^^^^^
[rosout][INFO] 2021-09-24 14:29:39,925: key=table1_pot, val=[{'z': 0.40000000000000002, 'name': 'pot'}]
[rosout][INFO] 2021-09-24 14:29:39,926: bread2
[rosout][INFO] 2021-09-24 14:29:39,929: wait for update_place_pose_state
[rosout][INFO] 2021-09-24 14:29:40,633: obj=pan, obj_pose=position: 
  x: 0.5
  y: 1.375
  z: 0.401
orientation: 
  x: 0.0
  y: 0.0
  z: 0.0
  w: 1.0
[rosout][INFO] 2021-09-24 14:29:40,635: obj=pot, obj_pose=position: 
  x: 0.5
  y: 1.125
  z: 0.401
orientation: 
  x: 0.0
  y: 0.0
  z: 0.0
  w: 1.0
[rosout][INFO] 2021-09-24 14:29:40,637: obj=plate, obj_pose=position: 
  x: 0.375
  y: 0.085
  z: 0.401
orientation: 
  x: 0.0
  y: 0.0
  z: 0.0
  w: 1.0
[rosout][INFO] 2021-09-24 14:29:40,639: obj=bowl, obj_pose=position: 
  x: 0.375
  y: 0.875
  z: 0.401
orientation: 
  x: 0.0
  y: 0.0
  z: 0.0
  w: 1.0
[rosout][INFO] 2021-09-24 14:29:40,640: obj=spatula, obj_pose=position: 
  x: 0.3819
  y: -1.0
  z: 0.450000000855
orientation: 
  x: -0.500000006699
  y: 0.499999993301
  z: 0.499999993301
  w: 0.500000006699
[rosout][INFO] 2021-09-24 14:29:40,642: obj=spreader, obj_pose=position: 
  x: 0.2991
  y: -0.8
  z: 0.449999998636
orientation: 
  x: -0.500000006699
  y: 0.499999993301
  z: 0.499999993301
  w: 0.500000006699
[rosout][INFO] 2021-09-24 14:29:40,643: obj=scooper, obj_pose=position: 
  x: 0.2463
  y: -1.39999999722
  z: 0.45
orientation: 
  x: -9.47342660555e-09
  y: 9.4734265663e-09
  z: 0.707106771713
  w: 0.70710679066
[rosout][INFO] 2021-09-24 14:29:40,645: obj=knife, obj_pose=position: 
  x: 0.3018
  y: -1.2
  z: 0.449999998708
orientation: 
  x: -0.500000006699
  y: 0.499999993301
  z: 0.499999993301
  w: 0.500000006699
[rosout][INFO] 2021-09-24 14:29:40,646: obj=tuna, obj_pose=position: 
  x: 0.33
  y: 0.48
  z: 0.401
orientation: 
  x: 0.0
  y: 0.0
  z: 0.0
  w: 1.0
[rosout][INFO] 2021-09-24 14:29:40,648: obj=onion, obj_pose=position: 
  x: 0.5
  y: 0.48
  z: 0.426
orientation: 
  x: 0.0
  y: 0.0
  z: 0.0
  w: 1.0
[rosout][INFO] 2021-09-24 14:29:40,649: obj=butter, obj_pose=position: 
  x: 0.5
  y: 0.66
  z: 0.401
orientation: 
  x: 0.0
  y: 0.0
  z: 0.0
  w: 1.0
[rosout][INFO] 2021-09-24 14:29:40,652: obj=lettuce, obj_pose=position: 
  x: 0.67
  y: 0.48
  z: 0.401
orientation: 
  x: 0.0
  y: 0.0
  z: 0.0
  w: 1.0
[rosout][INFO] 2021-09-24 14:29:40,654: obj=bread1, obj_pose=position: 
  x: 0.33
  y: 0.3
  z: 0.4095
orientation: 
  x: 0.0
  y: 0.0
  z: -0.707106771713
  w: 0.70710679066
[rosout][INFO] 2021-09-24 14:29:40,656: obj=bread2, obj_pose=position: 
  x: 0.33
  y: 0.66
  z: 0.4095
orientation: 
  x: 0.0
  y: 0.0
  z: -0.707106771713
  w: 0.70710679066
[rosout][INFO] 2021-09-24 14:29:40,658: ^^^^^^^^^^^^^^^^^^^^^^^^^^^^^^
[rosout][INFO] 2021-09-24 14:29:40,659: key=table1_spreader, val=[{'z': 0.44999999999999996, 'name': 'knife'}]
[rosout][INFO] 2021-09-24 14:29:40,660: ^^^^^^^^^^^^^^^^^^^^^^^^^^^^^^
[rosout][INFO] 2021-09-24 14:29:40,662: ^^^^^^^^^^^^^^^^^^^^^^^^^^^^^^
[rosout][INFO] 2021-09-24 14:29:40,664: ^^^^^^^^^^^^^^^^^^^^^^^^^^^^^^
[rosout][INFO] 2021-09-24 14:29:40,666: key=table1_knife, val=[{'z': 0.44999999999999996, 'name': 'spreader'}]
[rosout][INFO] 2021-09-24 14:29:40,668: ^^^^^^^^^^^^^^^^^^^^^^^^^^^^^^
[rosout][INFO] 2021-09-24 14:29:40,670: ^^^^^^^^^^^^^^^^^^^^^^^^^^^^^^
[rosout][INFO] 2021-09-24 14:29:40,671: key=table1_plate, val=[{'z': 0.40000000000000002, 'name': 'bowl'}]
[rosout][INFO] 2021-09-24 14:29:40,673: ^^^^^^^^^^^^^^^^^^^^^^^^^^^^^^
[rosout][INFO] 2021-09-24 14:29:40,674: ^^^^^^^^^^^^^^^^^^^^^^^^^^^^^^
[rosout][INFO] 2021-09-24 14:29:40,676: ^^^^^^^^^^^^^^^^^^^^^^^^^^^^^^
[rosout][INFO] 2021-09-24 14:29:40,677: ^^^^^^^^^^^^^^^^^^^^^^^^^^^^^^
[rosout][INFO] 2021-09-24 14:29:40,679: ^^^^^^^^^^^^^^^^^^^^^^^^^^^^^^
[rosout][INFO] 2021-09-24 14:29:40,680: key=table1_empty_3, val=[{'z': 0.40000000000000002, 'name': 'plate'}]
[rosout][INFO] 2021-09-24 14:29:40,681: ^^^^^^^^^^^^^^^^^^^^^^^^^^^^^^
[rosout][INFO] 2021-09-24 14:29:40,682: key=table1_spatula, val=[{'z': 0.45000000000000001, 'name': 'scooper'}]
[rosout][INFO] 2021-09-24 14:29:40,684: ^^^^^^^^^^^^^^^^^^^^^^^^^^^^^^
[rosout][INFO] 2021-09-24 14:29:40,685: key=table1_scooper, val=[{'z': 0.45000000000000007, 'name': 'spatula'}]
[rosout][INFO] 2021-09-24 14:29:40,687: ^^^^^^^^^^^^^^^^^^^^^^^^^^^^^^
[rosout][INFO] 2021-09-24 14:29:40,688: ^^^^^^^^^^^^^^^^^^^^^^^^^^^^^^
[rosout][INFO] 2021-09-24 14:29:40,690: ^^^^^^^^^^^^^^^^^^^^^^^^^^^^^^
[rosout][INFO] 2021-09-24 14:29:40,691: ^^^^^^^^^^^^^^^^^^^^^^^^^^^^^^
[rosout][INFO] 2021-09-24 14:29:40,692: key=table1_ing_9, val=[{'z': 0.40000000000000002, 'name': 'bread1'}]
[rosout][INFO] 2021-09-24 14:29:40,693: ^^^^^^^^^^^^^^^^^^^^^^^^^^^^^^
[rosout][INFO] 2021-09-24 14:29:40,694: key=table1_ing_8, val=[{'z': 0.40000000000000002, 'name': 'tuna'}]
[rosout][INFO] 2021-09-24 14:29:40,696: ^^^^^^^^^^^^^^^^^^^^^^^^^^^^^^
[rosout][INFO] 2021-09-24 14:29:40,698: ^^^^^^^^^^^^^^^^^^^^^^^^^^^^^^
[rosout][INFO] 2021-09-24 14:29:40,699: ^^^^^^^^^^^^^^^^^^^^^^^^^^^^^^
[rosout][INFO] 2021-09-24 14:29:40,702: key=table1_ing_2, val=[{'z': 0.40000000000000002, 'name': 'lettuce'}]
[rosout][INFO] 2021-09-24 14:29:40,703: ^^^^^^^^^^^^^^^^^^^^^^^^^^^^^^
[rosout][INFO] 2021-09-24 14:29:40,704: key=table1_ing_5, val=[{'z': 0.40000000000000002, 'name': 'onion'}]
[rosout][INFO] 2021-09-24 14:29:40,706: ^^^^^^^^^^^^^^^^^^^^^^^^^^^^^^
[rosout][INFO] 2021-09-24 14:29:40,706: key=table1_ing_4, val=[{'z': 0.40000000000000002, 'name': 'butter'}]
[rosout][INFO] 2021-09-24 14:29:40,708: ^^^^^^^^^^^^^^^^^^^^^^^^^^^^^^
[rosout][INFO] 2021-09-24 14:29:40,709: key=table1_ing_7, val=[{'z': 0.40000000000000002, 'name': 'bread2'}]
[rosout][INFO] 2021-09-24 14:29:40,710: ^^^^^^^^^^^^^^^^^^^^^^^^^^^^^^
[rosout][INFO] 2021-09-24 14:29:40,712: ^^^^^^^^^^^^^^^^^^^^^^^^^^^^^^
[rosout][INFO] 2021-09-24 14:29:40,713: ^^^^^^^^^^^^^^^^^^^^^^^^^^^^^^
[rosout][INFO] 2021-09-24 14:29:40,718: ^^^^^^^^^^^^^^^^^^^^^^^^^^^^^^
[rosout][INFO] 2021-09-24 14:29:40,720: ^^^^^^^^^^^^^^^^^^^^^^^^^^^^^^
[rosout][INFO] 2021-09-24 14:29:40,721: ^^^^^^^^^^^^^^^^^^^^^^^^^^^^^^
[rosout][INFO] 2021-09-24 14:29:40,722: key=table1_pan, val=[{'z': 0.40000000000000002, 'name': 'pan'}]
[rosout][INFO] 2021-09-24 14:29:40,724: ^^^^^^^^^^^^^^^^^^^^^^^^^^^^^^
[rosout][INFO] 2021-09-24 14:29:40,725: ^^^^^^^^^^^^^^^^^^^^^^^^^^^^^^
[rosout][INFO] 2021-09-24 14:29:40,726: key=table1_pot, val=[{'z': 0.40000000000000002, 'name': 'pot'}]
[rosout][INFO] 2021-09-24 14:29:40,726: salt_bottle
[rosout][INFO] 2021-09-24 14:29:40,737: wait for update_place_pose_state
[rospy.core][INFO] 2021-09-24 14:29:40,762: signal_shutdown [signal-2]
[rospy.internal][INFO] 2021-09-24 14:29:40,767: topic[/collision_object] removing connection to /move_group
[rospy.internal][INFO] 2021-09-24 14:29:40,767: topic[/rosout] removing connection to /rosout
[rospy.internal][INFO] 2021-09-24 14:29:40,767: topic[/tf_static] removing connection to /move_group
[rospy.internal][INFO] 2021-09-24 14:29:40,767: topic[/tf_static] removing connection to /move_group_commander_wrappers_1632461366924292301
[rospy.internal][INFO] 2021-09-24 14:29:40,767: topic[/tf_static] removing connection to /rviz_wng_24132_7036257004216144947
[rospy.internal][INFO] 2021-09-24 14:29:40,768: topic[/attached_collision_object] removing connection to /move_group
[rospy.internal][INFO] 2021-09-24 14:29:40,768: topic[/action] removing connection to /rviz_wng_24132_7036257004216144947
[rospy.impl.masterslave][INFO] 2021-09-24 14:29:40,768: signal-2
[rosout][ERROR] 2021-09-24 14:29:40,946: cannot get object pose: pan
[rosout][ERROR] 2021-09-24 14:29:40,947: list index out of range
[rosout][INFO] 2021-09-24 14:29:40,948: obj=pan, obj_pose=[]
[rosout][ERROR] 2021-09-24 14:29:40,949: self.objects
[rospy.core][INFO] 2021-09-24 14:29:40,962: signal_shutdown [atexit]
