[rospy.client][INFO] 2021-09-07 11:00:13,872: init_node, name[/PandaMove], pid[9329]
[xmlrpc][INFO] 2021-09-07 11:00:13,872: XML-RPC server binding to 0.0.0.0:0
[xmlrpc][INFO] 2021-09-07 11:00:13,872: Started XML-RPC server [http://wng:41069/]
[rospy.init][INFO] 2021-09-07 11:00:13,872: ROS Slave URI: [http://wng:41069/]
[rospy.impl.masterslave][INFO] 2021-09-07 11:00:13,872: _ready: http://wng:41069/
[rospy.registration][INFO] 2021-09-07 11:00:13,873: Registering with master node http://localhost:11311
[xmlrpc][INFO] 2021-09-07 11:00:13,873: xml rpc node: starting XML-RPC server
[rospy.init][INFO] 2021-09-07 11:00:13,973: registered with master
[rospy.rosout][INFO] 2021-09-07 11:00:13,973: initializing /rosout core topic
[rospy.rosout][INFO] 2021-09-07 11:00:13,974: connected to core topic /rosout
[rospy.simtime][INFO] 2021-09-07 11:00:13,975: /use_sim_time is not set, will not subscribe to simulated time [/clock] topic
[rospy.internal][INFO] 2021-09-07 11:00:15,567: topic[/rosout] adding connection to [/rosout], count 0
[rosout][INFO] 2021-09-07 11:00:15,613: wait for update_place_pose_state
[rospy.internal][INFO] 2021-09-07 11:00:15,646: topic[/collision_object] adding connection to [/move_group], count 0
[rospy.internal][INFO] 2021-09-07 11:00:15,647: topic[/attached_collision_object] adding connection to [/move_group], count 0
[rospy.internal][INFO] 2021-09-07 11:00:15,747: topic[/tf_static] adding connection to [/move_group], count 0
[rospy.internal][INFO] 2021-09-07 11:00:15,778: topic[/tf_static] adding connection to [/rviz_wng_9293_1670208096842074752], count 1
[rospy.internal][INFO] 2021-09-07 11:00:15,779: topic[/tf_static] adding connection to [/move_group_commander_wrappers_1630980013846766052], count 2
[rospy.internal][INFO] 2021-09-07 11:00:15,880: topic[/action] adding connection to [/rviz_wng_9293_1670208096842074752], count 0
[rosout][INFO] 2021-09-07 11:00:16,317: pan
[rosout][INFO] 2021-09-07 11:00:16,327: wait for update_place_pose_state
[rosout][INFO] 2021-09-07 11:00:17,033: pot
[rosout][INFO] 2021-09-07 11:00:17,053: wait for update_place_pose_state
[rosout][INFO] 2021-09-07 11:00:17,761: plate
[rosout][INFO] 2021-09-07 11:00:17,768: wait for update_place_pose_state
[rosout][INFO] 2021-09-07 11:00:18,481: bowl
[rosout][INFO] 2021-09-07 11:00:18,500: wait for update_place_pose_state
[rosout][INFO] 2021-09-07 11:00:19,215: spatula
[rosout][INFO] 2021-09-07 11:00:19,221: wait for update_place_pose_state
[rosout][INFO] 2021-09-07 11:00:19,940: spreader
[rosout][INFO] 2021-09-07 11:00:19,948: wait for update_place_pose_state
[rosout][INFO] 2021-09-07 11:00:20,667: scooper
[rosout][INFO] 2021-09-07 11:00:20,673: wait for update_place_pose_state
[rosout][INFO] 2021-09-07 11:00:21,399: knife
[rosout][INFO] 2021-09-07 11:00:21,407: wait for update_place_pose_state
[rosout][INFO] 2021-09-07 11:00:22,141: cutting_board
[rosout][INFO] 2021-09-07 11:00:22,148: wait for update_place_pose_state
[rosout][INFO] 2021-09-07 11:00:22,874: bacon
[rosout][INFO] 2021-09-07 11:00:22,882: wait for update_place_pose_state
[rosout][INFO] 2021-09-07 11:00:23,621: ham
[rosout][INFO] 2021-09-07 11:00:23,627: wait for update_place_pose_state
[rosout][INFO] 2021-09-07 11:00:24,359: tomato
[rosout][INFO] 2021-09-07 11:00:24,368: wait for update_place_pose_state
[rosout][INFO] 2021-09-07 11:00:25,104: garlic_bread1
[rosout][INFO] 2021-09-07 11:00:25,108: wait for update_place_pose_state
[rosout][INFO] 2021-09-07 11:00:25,868: garlic_bread2
[rosout][INFO] 2021-09-07 11:00:25,874: wait for update_place_pose_state
[rosout][INFO] 2021-09-07 11:00:26,615: garlic_bread3
[rosout][INFO] 2021-09-07 11:00:26,620: wait for update_place_pose_state
[rosout][INFO] 2021-09-07 11:00:27,403: turkey
[rosout][INFO] 2021-09-07 11:00:27,424: wait for update_place_pose_state
[rosout][INFO] 2021-09-07 11:00:28,174: cheese
[rosout][INFO] 2021-09-07 11:00:28,177: wait for update_place_pose_state
[rosout][INFO] 2021-09-07 11:00:28,940: escarole
[rosout][INFO] 2021-09-07 11:00:28,947: wait for update_place_pose_state
[rosout][INFO] 2021-09-07 11:00:29,723: relish_bottle
[rosout][INFO] 2021-09-07 11:00:29,741: wait for update_place_pose_state
[rosout][INFO] 2021-09-07 11:00:30,543: chopped_tomato
[rosout][INFO] 2021-09-07 11:00:30,581: wait for update_place_pose_state
[rosout][INFO] 2021-09-07 11:00:31,372: relish_1
[rosout][INFO] 2021-09-07 11:00:31,383: wait for update_place_pose_state
[rosout][INFO] 2021-09-07 11:00:32,174: relish_2
[rosout][INFO] 2021-09-07 11:00:52,845: Scene Sync Completed
[rosout][INFO] 2021-09-07 11:00:52,846: ==================================================
[rosout][INFO] 2021-09-07 11:00:52,847: [task=1]
[rosout][INFO] 2021-09-07 11:00:52,848: wait for update_place_pose_state
[rosout][INFO] 2021-09-07 11:00:53,667: ####### generate problem #######
[rosout][INFO] 2021-09-07 11:00:53,673: using_ings: [set(['bacon', 'relish']), {}]
[rosout][INFO] 2021-09-07 11:00:53,674: using_objects: {'plate': 'plate', 'relish_bottle': 'relish_bottle', 'near_cutting_board': 'near_cutting_board', 'bacon': 'bacon', 'pot': 'pot', 'bowl': 'bowl', 'relish': 'relish', 'cutting_board': 'cutting_board', 'spatula': 'spatula', 'spreader': 'spreader', 'scooper': 'scooper', 'table': 'table', 'stove': 'stove', 'pan': 'pan', 'knife': 'knife'}
[rosout][INFO] 2021-09-07 11:00:53,675: goal: {'cooked_bacon': True, 'exist_escarole': True, 'exist_bacon': True, 'exist_relish': True, 'exist_ham': True, 'exist_turkey': True, 'exist_tomato': True, 'exist_cheese': True, 'exist_garlic_bread1': True, 'exist_garlic_bread2': True, 'exist_garlic_bread3': True}
[rosout][INFO] 2021-09-07 11:00:53,676: goal_diff: {'cooked_bacon': True}
[rosout][INFO] 2021-09-07 11:00:53,678: current: {'plate_is_on': 'table1', 'turkey_is_on': 'table1', 'escarole_is_on': 'table1', 'pan_is_on': 'table1', 'pot_is_on': 'table1', 'spatula_is_on': 'table1', 'garlic_bread2_is_on': 'table1', 'garlic_bread1_is_on': 'table1', 'garlic_bread3_is_on': 'table1', 'bacon_is_on': 'table1', 'knife_is_on': 'table1', 'bowl_is_on': 'near_cutting_board', 'scooper_is_on': 'table1', 'tomato_is_on': 'table1', 'relish_bottle_is_on': 'table1', 'cheese_is_on': 'table1', 'ham_is_on': 'table1', 'spreader_is_on': 'table1'}
[rosout][INFO] 2021-09-07 11:00:53,684: initial: {'garlic_bread3_is_on': 'table1', 'spatula_is_on': 'table1', 'chopped_turkey': False, 'chopped_bacon': False, 'chopped_cheese': False, 'spread_on_ham': 'None', 'cooked_bacon': False, 'exist_escarole': True, 'chopped_garlic_bread1': False, 'garlic_bread1_is_on': 'table1', 'chopped_ham': False, 'ham_is_in': 'None', 'turkey_is_in': 'None', 'exist_turkey': True, 'cooked_relish': False, 'cheese_is_on': 'table1', 'spread_on_cheese': 'None', 'relish_is_on': 'table', 'chopped_sandwich': False, 'sandwich_is_in': 'None', 'garlic_bread2_is_in': 'None', 'spread_on_turkey': 'None', 'spread_on_garlic_bread1': 'None', 'cooked_garlic_bread1': False, 'cooked_garlic_bread3': False, 'cooked_garlic_bread2': False, 'chopped_tomato': False, 'cooked_turkey': False, 'cooked_sandwich': False, 'chopped_escarole': False, 'tomato_is_on': 'table1', 'bacon_is_in': 'None', 'escarole_is_on': 'table1', 'exist_sandwich': False, 'garlic_bread3_is_in': 'None', 'exist_bacon': True, 'exist_cheese': True, 'bowl_is_on': 'near_cutting_board', 'chopped_relish': False, 'cooked_tomato': False, 'exist_garlic_bread1': True, 'spread_on_sandwich': 'None', 'cooked_cheese': False, 'spread_on_relish': 'None', 'garlic_bread1_is_in': 'None', 'spread_on_bacon': 'None', 'knife_is_on': 'table1', 'holding': 'None', 'spread_on_escarole': 'None', 'turkey_is_on': 'table1', 'ham_is_on': 'table1', 'spreader_is_on': 'table1', 'spread_on_tomato': 'None', 'spread_on_garlic_bread2': 'None', 'exist_ham': True, 'relish_is_in': 'None', 'spread_on_garlic_bread3': 'None', 'pot_is_on': 'table1', 'cooked_escarole': False, 'scooper_is_on': 'table1', 'cheese_is_in': 'None', 'sandwich_is_on': 'table', 'exist_garlic_bread2': True, 'bacon_is_on': 'table1', 'exist_garlic_bread3': True, 'plate_is_on': 'table1', 'exist_relish': True, 'garlic_bread2_is_on': 'table1', 'pan_is_on': 'table1', 'exist_tomato': True, 'escarole_is_in': 'None', 'chopped_garlic_bread2': False, 'chopped_garlic_bread3': False, 'relish_bottle_is_on': 'table1', 'tomato_is_in': 'None', 'cooked_ham': False}
[rosout][INFO] 2021-09-07 11:00:55,800: ####### task plan info #######
[rosout][INFO] 2021-09-07 11:00:55,801: plan =  -> PickUp/pan -> Place/pan/stove/cookware -> PickUp/bacon -> PutOn/bacon/pan/None -> Activate/stove/bacon
[rosout][INFO] 2021-09-07 11:00:55,802: length = 5
[rosout][INFO] 2021-09-07 11:00:55,803: num_of_expand = 2046
[rosout][INFO] 2021-09-07 11:00:55,804: time = 2.1142039299
[rosout][INFO] 2021-09-07 11:00:55,805: success = True
[rosout][INFO] 2021-09-07 11:00:55,806: ==================================================
[rosout][INFO] 2021-09-07 11:00:55,807: [ola=0] ['PickUp', 'pan']
[rosout][INFO] 2021-09-07 11:00:55,932: move_to: 7
[rosout][INFO] 2021-09-07 11:01:06,344: Scene Sync Completed
[rosout][INFO] 2021-09-07 11:01:06,500: linear_motion: 0.75
[rosout][INFO] 2021-09-07 11:01:12,844: Scene Sync Completed
[rosout][INFO] 2021-09-07 11:01:12,846: obj_hierarchy = ['pan']
[rosout][INFO] 2021-09-07 11:01:14,003: Hand Sync Completed
[rosout][INFO] 2021-09-07 11:01:14,046: linear_motion: 1.0
[rosout][INFO] 2021-09-07 11:01:21,944: Scene Sync Completed
[rosout][INFO] 2021-09-07 11:01:21,946: ####### motion plan info #######
[rosout][INFO] 2021-09-07 11:01:21,947: planning_time = 0.122130870819
[rosout][INFO] 2021-09-07 11:01:21,947: execution_time = 2.29491400719
[rosout][INFO] 2021-09-07 11:01:21,948: success = True
[rosout][INFO] 2021-09-07 11:01:21,949: ####### motion plan info #######
[rosout][INFO] 2021-09-07 11:01:21,950: planning_time = 0.0575058460236
[rosout][INFO] 2021-09-07 11:01:21,950: execution_time = 0.941329956055
[rosout][INFO] 2021-09-07 11:01:21,951: success = True
[rosout][INFO] 2021-09-07 11:01:21,952: ####### motion plan info #######
[rosout][INFO] 2021-09-07 11:01:21,953: planning_time = None
[rosout][INFO] 2021-09-07 11:01:21,954: execution_time = None
[rosout][INFO] 2021-09-07 11:01:21,955: success = True
[rosout][INFO] 2021-09-07 11:01:21,955: ####### motion plan info #######
[rosout][INFO] 2021-09-07 11:01:21,956: planning_time = 0.00348687171936
[rosout][INFO] 2021-09-07 11:01:21,957: execution_time = 1.09605407715
[rosout][INFO] 2021-09-07 11:01:21,958: success = True
[rosout][INFO] 2021-09-07 11:01:21,959: ####### object-level action info #######
[rosout][INFO] 2021-09-07 11:01:21,960: time = 26.1382939816
[rosout][INFO] 2021-09-07 11:01:21,960: action = ['PickUp', 'pan']
[rosout][INFO] 2021-09-07 11:01:21,961: length = 4
[rosout][INFO] 2021-09-07 11:01:21,962: success = True
[rosout][INFO] 2021-09-07 11:01:21,963: ==================================================
[rosout][INFO] 2021-09-07 11:01:21,964: [ola=1] ['Place', 'pan', 'stove', 'cookware']
[rosout][INFO] 2021-09-07 11:01:21,965: wait for update_place_pose_state
[rosout][INFO] 2021-09-07 11:01:22,950: move_to: 21
[rosout][INFO] 2021-09-07 11:01:41,944: Scene Sync Completed
[rosout][INFO] 2021-09-07 11:01:42,107: linear_motion: 0.75
[rosout][INFO] 2021-09-07 11:01:49,644: Scene Sync Completed
[rosout][INFO] 2021-09-07 11:01:49,645: ['pan']
[rosout][INFO] 2021-09-07 11:01:51,015: Hand Sync Completed
[rosout][INFO] 2021-09-07 11:01:51,535: Motion Type Interaction Completed
[rosout][INFO] 2021-09-07 11:01:54,045: Scene Sync Completed
[rosout][INFO] 2021-09-07 11:01:54,158: linear_motion: 1.0
[rosout][INFO] 2021-09-07 11:02:02,144: Scene Sync Completed
[rosout][INFO] 2021-09-07 11:02:02,158: ####### motion plan info #######
[rosout][INFO] 2021-09-07 11:02:02,159: planning_time = 0.198342084885
[rosout][INFO] 2021-09-07 11:02:02,160: execution_time = 3.89933991432
[rosout][INFO] 2021-09-07 11:02:02,161: success = True
[rosout][INFO] 2021-09-07 11:02:02,161: ####### motion plan info #######
[rosout][INFO] 2021-09-07 11:02:02,162: planning_time = 0.0637722015381
[rosout][INFO] 2021-09-07 11:02:02,169: execution_time = 0.934628009796
[rosout][INFO] 2021-09-07 11:02:02,171: success = True
[rosout][INFO] 2021-09-07 11:02:02,172: ####### motion plan info #######
[rosout][INFO] 2021-09-07 11:02:02,173: planning_time = None
[rosout][INFO] 2021-09-07 11:02:02,174: execution_time = None
[rosout][INFO] 2021-09-07 11:02:02,177: success = True
[rosout][INFO] 2021-09-07 11:02:02,178: ####### motion plan info #######
[rosout][INFO] 2021-09-07 11:02:02,179: planning_time = 0.0152928829193
[rosout][INFO] 2021-09-07 11:02:02,179: execution_time = 1.08343195915
[rosout][INFO] 2021-09-07 11:02:02,180: success = True
[rosout][INFO] 2021-09-07 11:02:02,181: ####### object-level action info #######
[rosout][INFO] 2021-09-07 11:02:02,182: time = 40.1931068897
[rosout][INFO] 2021-09-07 11:02:02,183: action = ['Place', 'pan', 'stove', 'cookware']
[rosout][INFO] 2021-09-07 11:02:02,184: length = 4
[rosout][INFO] 2021-09-07 11:02:02,185: success = True
[rosout][INFO] 2021-09-07 11:02:02,185: ==================================================
[rosout][INFO] 2021-09-07 11:02:02,190: [ola=2] ['PickUp', 'bacon']
[rosout][INFO] 2021-09-07 11:02:02,381: move_to: 8
[rosout][INFO] 2021-09-07 11:02:13,545: Scene Sync Completed
[rosout][INFO] 2021-09-07 11:02:13,661: linear_motion: 1.0
[rosout][INFO] 2021-09-07 11:02:21,044: Scene Sync Completed
[rosout][INFO] 2021-09-07 11:02:21,046: obj_hierarchy = ['bacon']
[rosout][INFO] 2021-09-07 11:02:22,402: Hand Sync Completed
[rosout][INFO] 2021-09-07 11:02:22,445: linear_motion: 1.0
[rosout][INFO] 2021-09-07 11:02:30,145: Scene Sync Completed
[rosout][INFO] 2021-09-07 11:02:30,154: ####### motion plan info #######
[rosout][INFO] 2021-09-07 11:02:30,155: planning_time = 0.0567429065704
[rosout][INFO] 2021-09-07 11:02:30,156: execution_time = 2.79981708527
[rosout][INFO] 2021-09-07 11:02:30,157: success = True
[rosout][INFO] 2021-09-07 11:02:30,157: ####### motion plan info #######
[rosout][INFO] 2021-09-07 11:02:30,158: planning_time = 0.0174551010132
[rosout][INFO] 2021-09-07 11:02:30,159: execution_time = 1.08063197136
[rosout][INFO] 2021-09-07 11:02:30,160: success = True
[rosout][INFO] 2021-09-07 11:02:30,161: ####### motion plan info #######
[rosout][INFO] 2021-09-07 11:02:30,162: planning_time = None
[rosout][INFO] 2021-09-07 11:02:30,163: execution_time = None
[rosout][INFO] 2021-09-07 11:02:30,163: success = True
[rosout][INFO] 2021-09-07 11:02:30,164: ####### motion plan info #######
[rosout][INFO] 2021-09-07 11:02:30,165: planning_time = 0.00239300727844
[rosout][INFO] 2021-09-07 11:02:30,166: execution_time = 1.09717106819
[rosout][INFO] 2021-09-07 11:02:30,167: success = True
[rosout][INFO] 2021-09-07 11:02:30,168: ####### object-level action info #######
[rosout][INFO] 2021-09-07 11:02:30,168: time = 27.9635090828
[rosout][INFO] 2021-09-07 11:02:30,169: action = ['PickUp', 'bacon']
[rosout][INFO] 2021-09-07 11:02:30,170: length = 4
[rosout][INFO] 2021-09-07 11:02:30,171: success = True
[rosout][INFO] 2021-09-07 11:02:30,172: ==================================================
[rosout][INFO] 2021-09-07 11:02:30,173: [ola=3] ['PutOn', 'bacon', 'pan', 'None']
[rosout][INFO] 2021-09-07 11:02:30,391: move_to: 14
[rosout][INFO] 2021-09-07 11:02:44,644: Scene Sync Completed
[rosout][INFO] 2021-09-07 11:02:44,750: linear_motion: 1.0
[rosout][INFO] 2021-09-07 11:02:50,444: Scene Sync Completed
[rosout][INFO] 2021-09-07 11:02:51,836: Hand Sync Completed
[rosout][INFO] 2021-09-07 11:02:52,497: Motion Type Interaction Completed
[rosout][INFO] 2021-09-07 11:02:55,045: Scene Sync Completed
[rosout][INFO] 2021-09-07 11:02:55,046: wait for update_place_pose_state
[rosout][INFO] 2021-09-07 11:02:55,874: {'plate': [], 'pot': [], 'bowl': []}
[rosout][INFO] 2021-09-07 11:02:55,945: linear_motion: 1.0
[rosout][INFO] 2021-09-07 11:03:02,044: Scene Sync Completed
[rosout][INFO] 2021-09-07 11:03:02,046: ####### motion plan info #######
[rosout][INFO] 2021-09-07 11:03:02,046: planning_time = 0.109411001205
[rosout][INFO] 2021-09-07 11:03:02,047: execution_time = 3.19988203049
[rosout][INFO] 2021-09-07 11:03:02,048: success = True
[rosout][INFO] 2021-09-07 11:03:02,049: ####### motion plan info #######
[rosout][INFO] 2021-09-07 11:03:02,050: planning_time = 0.00264883041382
[rosout][INFO] 2021-09-07 11:03:02,051: execution_time = 0.891433000565
[rosout][INFO] 2021-09-07 11:03:02,051: success = True
[rosout][INFO] 2021-09-07 11:03:02,052: ####### motion plan info #######
[rosout][INFO] 2021-09-07 11:03:02,053: planning_time = None
[rosout][INFO] 2021-09-07 11:03:02,054: execution_time = None
[rosout][INFO] 2021-09-07 11:03:02,055: success = True
[rosout][INFO] 2021-09-07 11:03:02,055: ####### motion plan info #######
[rosout][INFO] 2021-09-07 11:03:02,056: planning_time = 0.00200200080872
[rosout][INFO] 2021-09-07 11:03:02,057: execution_time = 0.896667957306
[rosout][INFO] 2021-09-07 11:03:02,058: success = True
[rosout][INFO] 2021-09-07 11:03:02,059: ####### object-level action info #######
[rosout][INFO] 2021-09-07 11:03:02,059: time = 31.8682689667
[rosout][INFO] 2021-09-07 11:03:02,060: action = ['PutOn', 'bacon', 'pan', 'None']
[rosout][INFO] 2021-09-07 11:03:02,061: length = 4
[rosout][INFO] 2021-09-07 11:03:02,062: success = True
[rosout][INFO] 2021-09-07 11:03:02,063: ==================================================
[rosout][INFO] 2021-09-07 11:03:02,064: [ola=4] ['Activate', 'stove', 'bacon']
[rosout][INFO] 2021-09-07 11:03:02,065: obj=stove, cooked_obj=bacon
[rosout][INFO] 2021-09-07 11:03:02,592: Motion Type Interaction Completed
[rosout][INFO] 2021-09-07 11:03:02,594: ####### object-level action info #######
[rosout][INFO] 2021-09-07 11:03:02,595: time = 0.529242038727
[rosout][INFO] 2021-09-07 11:03:02,596: action = ['Activate', 'stove', 'bacon']
[rosout][INFO] 2021-09-07 11:03:02,597: length = 0
[rosout][INFO] 2021-09-07 11:03:02,598: success = True
[rosout][INFO] 2021-09-07 11:03:02,599: ==================================================
[rosout][INFO] 2021-09-07 11:03:02,601: [task=2]
[rosout][INFO] 2021-09-07 11:03:02,602: wait for update_place_pose_state
[rosout][INFO] 2021-09-07 11:03:03,431: ####### generate problem #######
[rosout][INFO] 2021-09-07 11:03:03,433: using_ings: [set(['tomato', 'relish']), {}]
[rosout][INFO] 2021-09-07 11:03:03,435: using_objects: {'tomato': 'tomato', 'plate': 'plate', 'relish_bottle': 'relish_bottle', 'near_cutting_board': 'near_cutting_board', 'pot': 'pot', 'bowl': 'bowl', 'relish': 'relish', 'cutting_board': 'cutting_board', 'spatula': 'spatula', 'spreader': 'spreader', 'scooper': 'scooper', 'table': 'table', 'stove': 'stove', 'pan': 'pan', 'knife': 'knife'}
[rosout][INFO] 2021-09-07 11:03:03,436: goal: {'cooked_bacon': True, 'exist_escarole': True, 'exist_bacon': True, 'exist_relish': True, 'exist_ham': True, 'exist_turkey': True, 'chopped_tomato': True, 'exist_tomato': True, 'exist_cheese': True, 'exist_garlic_bread1': True, 'exist_garlic_bread2': True, 'exist_garlic_bread3': True}
[rosout][INFO] 2021-09-07 11:03:03,437: goal_diff: {'chopped_tomato': True}
[rosout][INFO] 2021-09-07 11:03:03,438: current: {'plate_is_on': 'table1', 'turkey_is_on': 'table1', 'escarole_is_on': 'table1', 'pan_is_on': 'bacon', 'pot_is_on': 'table1', 'spatula_is_on': 'table1', 'garlic_bread2_is_on': 'table1', 'garlic_bread1_is_on': 'table1', 'garlic_bread3_is_on': 'table1', 'bacon_is_on': 'stove', 'knife_is_on': 'table1', 'bowl_is_on': 'near_cutting_board', 'scooper_is_on': 'table1', 'tomato_is_on': 'table1', 'relish_bottle_is_on': 'table1', 'cheese_is_on': 'table1', 'ham_is_on': 'table1', 'spreader_is_on': 'table1'}
[rosout][INFO] 2021-09-07 11:03:03,439: initial: {'garlic_bread3_is_on': 'table1', 'spatula_is_on': 'table1', 'chopped_turkey': False, 'chopped_bacon': False, 'chopped_cheese': False, 'spread_on_ham': 'None', 'cooked_bacon': True, 'exist_escarole': True, 'chopped_garlic_bread1': False, 'garlic_bread1_is_on': 'table1', 'chopped_ham': False, 'ham_is_in': 'None', 'turkey_is_in': 'None', 'exist_turkey': True, 'cooked_relish': False, 'cheese_is_on': 'table1', 'spread_on_cheese': 'None', 'relish_is_on': 'table', 'chopped_sandwich': False, 'sandwich_is_in': 'None', 'garlic_bread2_is_in': 'None', 'spread_on_turkey': 'None', 'spread_on_garlic_bread1': 'None', 'cooked_garlic_bread1': False, 'cooked_garlic_bread3': False, 'cooked_garlic_bread2': False, 'chopped_tomato': False, 'cooked_turkey': False, 'cooked_sandwich': False, 'chopped_escarole': False, 'tomato_is_on': 'table1', 'bacon_is_in': 'None', 'escarole_is_on': 'table1', 'exist_sandwich': False, 'garlic_bread3_is_in': 'None', 'exist_bacon': True, 'exist_cheese': True, 'bowl_is_on': 'near_cutting_board', 'chopped_relish': False, 'cooked_tomato': False, 'exist_garlic_bread1': True, 'spread_on_sandwich': 'None', 'cooked_cheese': False, 'spread_on_relish': 'None', 'garlic_bread1_is_in': 'None', 'spread_on_bacon': 'None', 'knife_is_on': 'table1', 'holding': 'None', 'spread_on_escarole': 'None', 'turkey_is_on': 'table1', 'ham_is_on': 'table1', 'spreader_is_on': 'table1', 'spread_on_tomato': 'None', 'spread_on_garlic_bread2': 'None', 'exist_ham': True, 'relish_is_in': 'None', 'spread_on_garlic_bread3': 'None', 'pot_is_on': 'table1', 'cooked_escarole': False, 'scooper_is_on': 'table1', 'cheese_is_in': 'None', 'sandwich_is_on': 'table', 'exist_garlic_bread2': True, 'bacon_is_on': 'stove', 'exist_garlic_bread3': True, 'plate_is_on': 'table1', 'exist_relish': True, 'garlic_bread2_is_on': 'table1', 'pan_is_on': 'bacon', 'exist_tomato': True, 'escarole_is_in': 'None', 'chopped_garlic_bread2': False, 'chopped_garlic_bread3': False, 'relish_bottle_is_on': 'table1', 'tomato_is_in': 'None', 'cooked_ham': False}
[rosout][INFO] 2021-09-07 11:03:04,460: ####### task plan info #######
[rosout][INFO] 2021-09-07 11:03:04,461: plan =  -> PickUp/tomato -> Place/tomato/cutting_board/ingredient -> PickUp/knife -> Chop/tomato/knife
[rosout][INFO] 2021-09-07 11:03:04,462: length = 4
[rosout][INFO] 2021-09-07 11:03:04,463: num_of_expand = 804
[rosout][INFO] 2021-09-07 11:03:04,464: time = 1.00083804131
[rosout][INFO] 2021-09-07 11:03:04,464: success = True
[rosout][INFO] 2021-09-07 11:03:04,465: ==================================================
[rosout][INFO] 2021-09-07 11:03:04,466: [ola=0] ['PickUp', 'tomato']
[rosout][INFO] 2021-09-07 11:03:04,650: move_to: 18
[rospy.internal][INFO] 2021-09-07 11:03:06,755: topic[/collision_object] removing connection to /move_group
[rospy.internal][INFO] 2021-09-07 11:03:06,755: topic[/tf_static] removing connection to /move_group
[rospy.internal][INFO] 2021-09-07 11:03:06,755: topic[/tf_static] removing connection to /rviz_wng_9293_1670208096842074752
[rospy.internal][INFO] 2021-09-07 11:03:06,756: topic[/attached_collision_object] removing connection to /move_group
[rospy.internal][INFO] 2021-09-07 11:03:06,756: topic[/action] removing connection to /rviz_wng_9293_1670208096842074752
