[rospy.client][INFO] 2021-09-07 11:00:06,504: init_node, name[/server_endpoint], pid[9328]
[xmlrpc][INFO] 2021-09-07 11:00:06,504: XML-RPC server binding to 0.0.0.0:0
[xmlrpc][INFO] 2021-09-07 11:00:06,504: Started XML-RPC server [http://wng:33255/]
[rospy.init][INFO] 2021-09-07 11:00:06,505: ROS Slave URI: [http://wng:33255/]
[rospy.impl.masterslave][INFO] 2021-09-07 11:00:06,505: _ready: http://wng:33255/
[xmlrpc][INFO] 2021-09-07 11:00:06,505: xml rpc node: starting XML-RPC server
[rospy.registration][INFO] 2021-09-07 11:00:06,505: Registering with master node http://localhost:11311
[rospy.init][INFO] 2021-09-07 11:00:06,605: registered with master
[rospy.rosout][INFO] 2021-09-07 11:00:06,605: initializing /rosout core topic
[rospy.rosout][INFO] 2021-09-07 11:00:06,606: connected to core topic /rosout
[rospy.simtime][INFO] 2021-09-07 11:00:06,606: /use_sim_time is not set, will not subscribe to simulated time [/clock] topic
[rosout][INFO] 2021-09-07 11:00:06,611: Starting server on 192.168.1.146:10000
[rospy.internal][INFO] 2021-09-07 11:00:06,825: topic[/rosout] adding connection to [/rosout], count 0
[rosout][INFO] 2021-09-07 11:00:29,191: Connection from 192.168.1.146
[rosout][INFO] 2021-09-07 11:00:29,197: RegisterPublisher(execution_check, <class 'panda_move.msg._ExecutionCheck.ExecutionCheck'>) OK
[rospy.internal][INFO] 2021-09-07 11:00:29,298: topic[/execution_check] adding connection to [http://wng:33255/], count 0
[rospy.internal][INFO] 2021-09-07 11:00:29,300: topic[/execution_check] adding connection to [/server_endpoint], count 0
[rospy.core][INFO] 2021-09-07 11:03:06,545: signal_shutdown [signal-2]
[rospy.internal][INFO] 2021-09-07 11:03:06,548: topic[/execution_check] removing connection to /server_endpoint
[rospy.internal][INFO] 2021-09-07 11:03:06,549: topic[/rosout] removing connection to /rosout
[rospy.internal][INFO] 2021-09-07 11:03:06,549: topic[/execution_check] removing connection to http://wng:33255/
[rospy.impl.masterslave][INFO] 2021-09-07 11:03:06,549: signal-2
[rospy.core][INFO] 2021-09-07 11:03:06,680: signal_shutdown [atexit]
