[rospy.client][INFO] 2021-09-24 08:46:19,224: init_node, name[/joint_state_publisher], pid[18399]
[xmlrpc][INFO] 2021-09-24 08:46:19,224: XML-RPC server binding to 0.0.0.0:0
[xmlrpc][INFO] 2021-09-24 08:46:19,225: Started XML-RPC server [http://wng:43185/]
[rospy.init][INFO] 2021-09-24 08:46:19,225: ROS Slave URI: [http://wng:43185/]
[rospy.impl.masterslave][INFO] 2021-09-24 08:46:19,225: _ready: http://wng:43185/
[rospy.registration][INFO] 2021-09-24 08:46:19,225: Registering with master node http://localhost:11311
[xmlrpc][INFO] 2021-09-24 08:46:19,225: xml rpc node: starting XML-RPC server
[rospy.init][INFO] 2021-09-24 08:46:19,325: registered with master
[rospy.rosout][INFO] 2021-09-24 08:46:19,325: initializing /rosout core topic
[rospy.rosout][INFO] 2021-09-24 08:46:19,328: connected to core topic /rosout
[rospy.simtime][INFO] 2021-09-24 08:46:19,328: /use_sim_time is not set, will not subscribe to simulated time [/clock] topic
[rospy.internal][INFO] 2021-09-24 08:46:19,390: topic[/move_group/fake_controller_joint_states] adding connection to [http://wng:35941/], count 0
[rospy.internal][INFO] 2021-09-24 08:46:19,527: topic[/rosout] adding connection to [/rosout], count 0
[rospy.internal][INFO] 2021-09-24 08:46:19,627: topic[/joint_states] adding connection to [/robot_state_publisher], count 0
[rospy.internal][INFO] 2021-09-24 08:46:19,628: topic[/joint_states] adding connection to [/joint_state_desired_publisher], count 1
[rospy.internal][INFO] 2021-09-24 08:46:57,026: topic[/joint_states] adding connection to [/move_group_commander_wrappers_1632440787425770936], count 2
[rospy.internal][INFO] 2021-09-24 09:14:22,543: topic[/joint_states] removing connection to /move_group_commander_wrappers_1632440787425770936
[rospy.core][INFO] 2021-09-24 09:14:56,073: signal_shutdown [signal-2]
[rospy.internal][INFO] 2021-09-24 09:14:56,076: topic[/joint_states] removing connection to /robot_state_publisher
[rospy.internal][INFO] 2021-09-24 09:14:56,081: topic[/joint_states] removing connection to /joint_state_desired_publisher
[rospy.internal][INFO] 2021-09-24 09:14:56,081: topic[/rosout] removing connection to /rosout
[rospy.internal][INFO] 2021-09-24 09:14:56,081: topic[/move_group/fake_controller_joint_states] removing connection to http://wng:35941/
[rospy.impl.masterslave][INFO] 2021-09-24 09:14:56,081: signal-2
[rospy.internal][WARNING] 2021-09-24 09:14:56,082: Unknown error initiating TCP/IP socket to wng:52923 (http://wng:35941/): Traceback (most recent call last):
  File "/opt/ros/melodic/lib/python2.7/dist-packages/rospy/impl/tcpros_base.py", line 563, in connect
    self.local_endpoint = self.socket.getsockname()
AttributeError: 'NoneType' object has no attribute 'getsockname'

[rospy.core][INFO] 2021-09-24 09:14:56,189: signal_shutdown [atexit]
