[rospy.client][INFO] 2021-09-24 08:46:19,729: init_node, name[/server_endpoint], pid[18397]
[xmlrpc][INFO] 2021-09-24 08:46:19,729: XML-RPC server binding to 0.0.0.0:0
[xmlrpc][INFO] 2021-09-24 08:46:19,730: Started XML-RPC server [http://wng:35919/]
[rospy.init][INFO] 2021-09-24 08:46:19,730: ROS Slave URI: [http://wng:35919/]
[rospy.impl.masterslave][INFO] 2021-09-24 08:46:19,730: _ready: http://wng:35919/
[rospy.registration][INFO] 2021-09-24 08:46:19,730: Registering with master node http://localhost:11311
[xmlrpc][INFO] 2021-09-24 08:46:19,730: xml rpc node: starting XML-RPC server
[rospy.init][INFO] 2021-09-24 08:46:19,830: registered with master
[rospy.rosout][INFO] 2021-09-24 08:46:19,830: initializing /rosout core topic
[rospy.rosout][INFO] 2021-09-24 08:46:19,831: connected to core topic /rosout
[rospy.simtime][INFO] 2021-09-24 08:46:19,832: /use_sim_time is not set, will not subscribe to simulated time [/clock] topic
[rosout][INFO] 2021-09-24 08:46:19,837: Starting server on 192.168.1.146:10000
[rospy.internal][INFO] 2021-09-24 08:46:20,132: topic[/rosout] adding connection to [/rosout], count 0
[rosout][INFO] 2021-09-24 08:46:37,902: Connection from 192.168.1.146
[rosout][INFO] 2021-09-24 08:46:37,906: RegisterPublisher(execution_check, <class 'panda_move.msg._ExecutionCheck.ExecutionCheck'>) OK
[rospy.internal][INFO] 2021-09-24 08:46:37,965: topic[/execution_check] adding connection to [http://wng:35919/], count 0
[rospy.internal][INFO] 2021-09-24 08:46:37,966: topic[/execution_check] adding connection to [/server_endpoint], count 0
[rospy.core][INFO] 2021-09-24 09:14:56,077: signal_shutdown [signal-2]
[rospy.internal][INFO] 2021-09-24 09:14:56,080: topic[/execution_check] removing connection to /server_endpoint
[rospy.internal][INFO] 2021-09-24 09:14:56,080: topic[/rosout] removing connection to /rosout
[rospy.internal][ERROR] 2021-09-24 09:14:56,081: Unable to initiate TCP/IP socket to wng:34251 (http://wng:35919/): Traceback (most recent call last):
  File "/opt/ros/melodic/lib/python2.7/dist-packages/rospy/impl/tcpros_base.py", line 562, in connect
    self.read_header()
  File "/opt/ros/melodic/lib/python2.7/dist-packages/rospy/impl/tcpros_base.py", line 657, in read_header
    self._validate_header(read_ros_handshake_header(sock, self.read_buff, self.protocol.buff_size))
  File "/opt/ros/melodic/lib/python2.7/dist-packages/rospy/impl/tcpros_base.py", line 600, in _validate_header
    raise TransportInitError("remote error reported: %s"%header['error'])
TransportInitError: remote error reported: node shutting down

[rospy.internal][INFO] 2021-09-24 09:14:56,081: topic[/execution_check] removing connection to http://wng:35919/
[rospy.impl.masterslave][INFO] 2021-09-24 09:14:56,081: signal-2
[rospy.core][INFO] 2021-09-24 09:14:56,189: signal_shutdown [atexit]
