[rospy.client][INFO] 2021-09-26 12:27:18,635: init_node, name[/joint_state_publisher], pid[9723]
[xmlrpc][INFO] 2021-09-26 12:27:18,636: XML-RPC server binding to 0.0.0.0:0
[xmlrpc][INFO] 2021-09-26 12:27:18,636: Started XML-RPC server [http://wng:44025/]
[rospy.init][INFO] 2021-09-26 12:27:18,636: ROS Slave URI: [http://wng:44025/]
[rospy.impl.masterslave][INFO] 2021-09-26 12:27:18,638: _ready: http://wng:44025/
[rospy.registration][INFO] 2021-09-26 12:27:18,639: Registering with master node http://localhost:11311
[xmlrpc][INFO] 2021-09-26 12:27:18,639: xml rpc node: starting XML-RPC server
[rospy.init][INFO] 2021-09-26 12:27:18,739: registered with master
[rospy.rosout][INFO] 2021-09-26 12:27:18,739: initializing /rosout core topic
[rospy.rosout][INFO] 2021-09-26 12:27:18,742: connected to core topic /rosout
[rospy.simtime][INFO] 2021-09-26 12:27:18,742: /use_sim_time is not set, will not subscribe to simulated time [/clock] topic
[rospy.internal][INFO] 2021-09-26 12:27:18,805: topic[/move_group/fake_controller_joint_states] adding connection to [http://wng:39903/], count 0
[rospy.internal][INFO] 2021-09-26 12:27:19,004: topic[/rosout] adding connection to [/rosout], count 0
[rospy.internal][INFO] 2021-09-26 12:27:19,005: topic[/joint_states] adding connection to [/robot_state_publisher], count 0
[rospy.internal][INFO] 2021-09-26 12:27:19,011: topic[/joint_states] adding connection to [/joint_state_desired_publisher], count 1
[rospy.internal][INFO] 2021-09-26 12:27:55,211: topic[/joint_states] adding connection to [/move_group_commander_wrappers_1632626845231423675], count 2
[rospy.internal][INFO] 2021-09-26 12:59:38,184: topic[/joint_states] removing connection to /move_group_commander_wrappers_1632626845231423675
[rospy.core][INFO] 2021-09-26 13:24:47,701: signal_shutdown [signal-2]
[rospy.internal][INFO] 2021-09-26 13:24:47,703: topic[/joint_states] removing connection to /robot_state_publisher
[rospy.internal][INFO] 2021-09-26 13:24:47,709: topic[/joint_states] removing connection to /joint_state_desired_publisher
[rospy.internal][INFO] 2021-09-26 13:24:47,709: topic[/rosout] removing connection to /rosout
[rospy.internal][INFO] 2021-09-26 13:24:47,709: topic[/move_group/fake_controller_joint_states] removing connection to http://wng:39903/
[rospy.impl.masterslave][INFO] 2021-09-26 13:24:47,710: signal-2
[rospy.core][INFO] 2021-09-26 13:24:47,825: signal_shutdown [atexit]
