[rospy.client][INFO] 2021-11-29 08:53:31,290: init_node, name[/joint_state_publisher], pid[3522]
[xmlrpc][INFO] 2021-11-29 08:53:31,290: XML-RPC server binding to 0.0.0.0:0
[xmlrpc][INFO] 2021-11-29 08:53:31,290: Started XML-RPC server [http://wng:42891/]
[rospy.init][INFO] 2021-11-29 08:53:31,290: ROS Slave URI: [http://wng:42891/]
[rospy.impl.masterslave][INFO] 2021-11-29 08:53:31,290: _ready: http://wng:42891/
[xmlrpc][INFO] 2021-11-29 08:53:31,291: xml rpc node: starting XML-RPC server
[rospy.registration][INFO] 2021-11-29 08:53:31,291: Registering with master node http://localhost:11311
[rospy.init][INFO] 2021-11-29 08:53:31,391: registered with master
[rospy.rosout][INFO] 2021-11-29 08:53:31,391: initializing /rosout core topic
[rospy.rosout][INFO] 2021-11-29 08:53:31,392: connected to core topic /rosout
[rospy.simtime][INFO] 2021-11-29 08:53:31,393: /use_sim_time is not set, will not subscribe to simulated time [/clock] topic
[rospy.internal][INFO] 2021-11-29 08:53:31,458: topic[/move_group/fake_controller_joint_states] adding connection to [http://wng:40513/], count 0
[rospy.internal][INFO] 2021-11-29 08:53:31,640: topic[/rosout] adding connection to [/rosout], count 0
[rospy.internal][INFO] 2021-11-29 08:53:31,641: topic[/joint_states] adding connection to [/joint_state_desired_publisher], count 0
[rospy.internal][INFO] 2021-11-29 08:53:31,641: topic[/joint_states] adding connection to [/robot_state_publisher], count 1
[rospy.internal][INFO] 2021-11-29 08:54:16,308: topic[/joint_states] adding connection to [/move_group_commander_wrappers_1638143620008315688], count 2
[rospy.internal][INFO] 2021-11-29 09:11:58,408: topic[/joint_states] removing connection to /move_group_commander_wrappers_1638143620008315688
[rospy.core][INFO] 2021-11-29 09:12:50,358: signal_shutdown [signal-2]
[rospy.internal][INFO] 2021-11-29 09:12:50,361: topic[/joint_states] removing connection to /joint_state_desired_publisher
[rospy.internal][INFO] 2021-11-29 09:12:50,361: topic[/joint_states] removing connection to /robot_state_publisher
[rospy.internal][INFO] 2021-11-29 09:12:50,361: topic[/rosout] removing connection to /rosout
[rospy.internal][INFO] 2021-11-29 09:12:50,361: topic[/move_group/fake_controller_joint_states] removing connection to http://wng:40513/
[rospy.impl.masterslave][INFO] 2021-11-29 09:12:50,361: signal-2
[rospy.core][INFO] 2021-11-29 09:12:50,525: signal_shutdown [atexit]
