[rospy.client][INFO] 2021-12-01 13:38:00,253: init_node, name[/joint_state_publisher], pid[11324]
[xmlrpc][INFO] 2021-12-01 13:38:00,253: XML-RPC server binding to 0.0.0.0:0
[xmlrpc][INFO] 2021-12-01 13:38:00,253: Started XML-RPC server [http://wng:45391/]
[rospy.init][INFO] 2021-12-01 13:38:00,253: ROS Slave URI: [http://wng:45391/]
[rospy.impl.masterslave][INFO] 2021-12-01 13:38:00,253: _ready: http://wng:45391/
[rospy.registration][INFO] 2021-12-01 13:38:00,254: Registering with master node http://localhost:11311
[xmlrpc][INFO] 2021-12-01 13:38:00,254: xml rpc node: starting XML-RPC server
[rospy.init][INFO] 2021-12-01 13:38:00,354: registered with master
[rospy.rosout][INFO] 2021-12-01 13:38:00,354: initializing /rosout core topic
[rospy.rosout][INFO] 2021-12-01 13:38:00,356: connected to core topic /rosout
[rospy.simtime][INFO] 2021-12-01 13:38:00,357: /use_sim_time is not set, will not subscribe to simulated time [/clock] topic
[rospy.internal][INFO] 2021-12-01 13:38:00,422: topic[/move_group/fake_controller_joint_states] adding connection to [http://wng:33701/], count 0
[rospy.internal][INFO] 2021-12-01 13:38:00,630: topic[/joint_states] adding connection to [/joint_state_desired_publisher], count 0
[rospy.internal][INFO] 2021-12-01 13:38:00,631: topic[/rosout] adding connection to [/rosout], count 0
[rospy.internal][INFO] 2021-12-01 13:38:00,631: topic[/joint_states] adding connection to [/robot_state_publisher], count 1
[rospy.internal][INFO] 2021-12-01 13:38:31,806: topic[/joint_states] adding connection to [/move_group_commander_wrappers_1638333484954495985], count 2
[rospy.internal][INFO] 2021-12-01 13:51:14,777: topic[/joint_states] removing connection to /move_group_commander_wrappers_1638333484954495985
[rospy.core][INFO] 2021-12-01 13:51:28,549: signal_shutdown [signal-2]
[rospy.internal][INFO] 2021-12-01 13:51:28,553: topic[/joint_states] removing connection to /joint_state_desired_publisher
[rospy.internal][INFO] 2021-12-01 13:51:28,553: topic[/joint_states] removing connection to /robot_state_publisher
[rospy.internal][INFO] 2021-12-01 13:51:28,553: topic[/rosout] removing connection to /rosout
[rospy.internal][INFO] 2021-12-01 13:51:28,553: topic[/move_group/fake_controller_joint_states] removing connection to http://wng:33701/
[rospy.impl.masterslave][INFO] 2021-12-01 13:51:28,554: signal-2
[rospy.core][INFO] 2021-12-01 13:51:28,654: signal_shutdown [atexit]
