[rosmaster.main][INFO] 2022-01-11 16:43:07,631: initialization complete, waiting for shutdown
[rosmaster.main][INFO] 2022-01-11 16:43:07,631: Starting ROS Master Node
[xmlrpc][INFO] 2022-01-11 16:43:07,632: XML-RPC server binding to 0.0.0.0:11311
[xmlrpc][INFO] 2022-01-11 16:43:07,632: Started XML-RPC server [http://wng:11311/]
[rosmaster.master][INFO] 2022-01-11 16:43:07,632: Master initialized: port[11311], uri[http://wng:11311/]
[xmlrpc][INFO] 2022-01-11 16:43:07,632: xml rpc node: starting XML-RPC server
[rosmaster.master][INFO] 2022-01-11 16:43:07,663: +PARAM [/run_id] by /roslaunch
[rosmaster.master][INFO] 2022-01-11 16:43:07,664: +PARAM [/roslaunch/uris/host_wng__38025] by /roslaunch
[rosmaster.master][INFO] 2022-01-11 16:43:07,715: +PARAM [/move_group/planner_configs/RRTkConfigDefault/goal_bias] by /roslaunch
[rosmaster.master][INFO] 2022-01-11 16:43:07,716: +PARAM [/robot_description_semantic] by /roslaunch
[rosmaster.master][INFO] 2022-01-11 16:43:07,716: +PARAM [/move_group/manipulator/longest_valid_segment_fraction] by /roslaunch
[rosmaster.master][INFO] 2022-01-11 16:43:07,716: +PARAM [/robot_description_planning/joint_limits/shoulder_pan_joint/has_velocity_limits] by /roslaunch
[rosmaster.master][INFO] 2022-01-11 16:43:07,716: +PARAM [/move_group/planner_configs/RRTstarkConfigDefault/range] by /roslaunch
[rosmaster.master][INFO] 2022-01-11 16:43:07,716: +PARAM [/move_group/controller_list] by /roslaunch
[rosmaster.master][INFO] 2022-01-11 16:43:07,716: +PARAM [/move_group/max_safe_path_cost] by /roslaunch
[rosmaster.master][INFO] 2022-01-11 16:43:07,716: +PARAM [/robot_description_planning/joint_limits/shoulder_pan_joint/max_velocity] by /roslaunch
[rosmaster.master][INFO] 2022-01-11 16:43:07,716: +PARAM [/move_group/planner_configs/RRTstarkConfigDefault/goal_bias] by /roslaunch
[rosmaster.master][INFO] 2022-01-11 16:43:07,716: +PARAM [/move_group/planning_scene_monitor/publish_planning_scene] by /roslaunch
[rosmaster.master][INFO] 2022-01-11 16:43:07,716: +PARAM [/move_group/planner_configs/PRMkConfigDefault/type] by /roslaunch
[rosmaster.master][INFO] 2022-01-11 16:43:07,716: +PARAM [/move_group/planner_configs/KPIECEkConfigDefault/min_valid_path_fraction] by /roslaunch
[rosmaster.master][INFO] 2022-01-11 16:43:07,716: +PARAM [/move_group/planner_configs/BKPIECEkConfigDefault/border_fraction] by /roslaunch
[rosmaster.master][INFO] 2022-01-11 16:43:07,716: +PARAM [/move_group/planner_configs/PRMkConfigDefault/max_nearest_neighbors] by /roslaunch
[rosmaster.master][INFO] 2022-01-11 16:43:07,717: +SERVICE [/rosout/get_loggers] /rosout http://wng:46241/
[rosmaster.master][INFO] 2022-01-11 16:43:07,717: +PARAM [/move_group/planner_configs/TRRTkConfigDefault/goal_bias] by /roslaunch
[rosmaster.master][INFO] 2022-01-11 16:43:07,717: +SERVICE [/rosout/set_logger_level] /rosout http://wng:46241/
[rosmaster.master][INFO] 2022-01-11 16:43:07,717: +PARAM [/robot_description_planning/joint_limits/shoulder_lift_joint/has_acceleration_limits] by /roslaunch
[rosmaster.master][INFO] 2022-01-11 16:43:07,718: +PARAM [/robot_description_planning/joint_limits/shoulder_lift_joint/max_velocity] by /roslaunch
[rosmaster.master][INFO] 2022-01-11 16:43:07,718: +PARAM [/robot_description_planning/joint_limits/wrist_1_joint/max_acceleration] by /roslaunch
[rosmaster.master][INFO] 2022-01-11 16:43:07,718: +PARAM [/move_group/planner_configs/RRTkConfigDefault/range] by /roslaunch
[rosmaster.master][INFO] 2022-01-11 16:43:07,718: +PARAM [/move_group/planner_configs/BKPIECEkConfigDefault/min_valid_path_fraction] by /roslaunch
[rosmaster.master][INFO] 2022-01-11 16:43:07,718: +PUB [/rosout_agg] /rosout http://wng:46241/
[rosmaster.master][INFO] 2022-01-11 16:43:07,718: +PARAM [/move_group/planner_configs/SBLkConfigDefault/range] by /roslaunch
[rosmaster.master][INFO] 2022-01-11 16:43:07,719: +PARAM [/move_group/manipulator/default_planner_config] by /roslaunch
[rosmaster.master][INFO] 2022-01-11 16:43:07,719: +PARAM [/robot_description_planning/joint_limits/shoulder_pan_joint/max_acceleration] by /roslaunch
[rosmaster.master][INFO] 2022-01-11 16:43:07,720: +PARAM [/move_group/planner_configs/TRRTkConfigDefault/frountierNodeRatio] by /roslaunch
[rosmaster.master][INFO] 2022-01-11 16:43:07,720: +PARAM [/move_group/endeffector/planner_configs] by /roslaunch
[rosmaster.master][INFO] 2022-01-11 16:43:07,720: +SUB [/rosout] /rosout http://wng:46241/
[rosmaster.master][INFO] 2022-01-11 16:43:07,720: +PARAM [/move_group/moveit_controller_manager] by /roslaunch
[rosmaster.master][INFO] 2022-01-11 16:43:07,721: +PARAM [/move_group/planning_plugin] by /roslaunch
[rosmaster.master][INFO] 2022-01-11 16:43:07,721: +PARAM [/robot_description_planning/joint_limits/wrist_1_joint/max_velocity] by /roslaunch
[rosmaster.master][INFO] 2022-01-11 16:43:07,721: +PARAM [/robot_description_planning/joint_limits/wrist_2_joint/max_acceleration] by /roslaunch
[rosmaster.master][INFO] 2022-01-11 16:43:07,721: +PARAM [/move_group/planner_configs/RRTConnectkConfigDefault/range] by /roslaunch
[rosmaster.master][INFO] 2022-01-11 16:43:07,721: +PARAM [/move_group/planner_configs/TRRTkConfigDefault/max_states_failed] by /roslaunch
[rosmaster.master][INFO] 2022-01-11 16:43:07,721: +PARAM [/robot_description_planning/joint_limits/wrist_3_joint/max_velocity] by /roslaunch
[rosmaster.master][INFO] 2022-01-11 16:43:07,721: +PARAM [/move_group/planner_configs/ESTkConfigDefault/range] by /roslaunch
[rosmaster.master][INFO] 2022-01-11 16:43:07,721: +PARAM [/rosdistro] by /roslaunch
[rosmaster.master][INFO] 2022-01-11 16:43:07,721: +PARAM [/robot_description_planning/joint_limits/wrist_1_joint/has_acceleration_limits] by /roslaunch
[rosmaster.master][INFO] 2022-01-11 16:43:07,721: +PARAM [/rviz_wng_1797_8668212091027748816/manipulator/kinematics_solver_attempts] by /roslaunch
[rosmaster.master][INFO] 2022-01-11 16:43:07,721: +PARAM [/move_group/planner_configs/PRMstarkConfigDefault/type] by /roslaunch
[rosmaster.master][INFO] 2022-01-11 16:43:07,721: +PARAM [/move_group/trajectory_execution/allowed_execution_duration_scaling] by /roslaunch
[rosmaster.master][INFO] 2022-01-11 16:43:07,722: +PARAM [/robot_description_planning/joint_limits/wrist_3_joint/max_acceleration] by /roslaunch
[rosmaster.master][INFO] 2022-01-11 16:43:07,722: +PARAM [/move_group/allow_trajectory_execution] by /roslaunch
[rosmaster.master][INFO] 2022-01-11 16:43:07,722: +PARAM [/ROS_IP] by /roslaunch
[rosmaster.master][INFO] 2022-01-11 16:43:07,722: +PARAM [/move_group/planner_configs/ESTkConfigDefault/type] by /roslaunch
[rosmaster.master][INFO] 2022-01-11 16:43:07,722: +PARAM [/robot_description_planning/joint_limits/wrist_3_joint/has_velocity_limits] by /roslaunch
[rosmaster.master][INFO] 2022-01-11 16:43:07,722: +PARAM [/move_group/start_state_max_bounds_error] by /roslaunch
[rosmaster.master][INFO] 2022-01-11 16:43:07,722: +PARAM [/robot_description_kinematics/manipulator/kinematics_solver_attempts] by /roslaunch
[rosmaster.master][INFO] 2022-01-11 16:43:07,722: +PARAM [/move_group/max_range] by /roslaunch
[rosmaster.master][INFO] 2022-01-11 16:43:07,722: +PARAM [/move_group/planner_configs/TRRTkConfigDefault/init_temperature] by /roslaunch
[rosmaster.master][INFO] 2022-01-11 16:43:07,722: +PARAM [/joint_state_publisher/use_gui] by /roslaunch
[rosmaster.master][INFO] 2022-01-11 16:43:07,722: +PARAM [/robot_description_planning/joint_limits/shoulder_pan_joint/has_acceleration_limits] by /roslaunch
[rosmaster.master][INFO] 2022-01-11 16:43:07,722: +PARAM [/move_group/planner_configs/BKPIECEkConfigDefault/type] by /roslaunch
[rosmaster.master][INFO] 2022-01-11 16:43:07,723: +PARAM [/robot_description_planning/joint_limits/shoulder_lift_joint/max_acceleration] by /roslaunch
[rosmaster.master][INFO] 2022-01-11 16:43:07,723: +PARAM [/move_group/planner_configs/KPIECEkConfigDefault/border_fraction] by /roslaunch
[rosmaster.master][INFO] 2022-01-11 16:43:07,723: +PARAM [/move_group/moveit_manage_controllers] by /roslaunch
[rosmaster.master][INFO] 2022-01-11 16:43:07,723: +PARAM [/robot_description_planning/joint_limits/elbow_joint/max_velocity] by /roslaunch
[rosmaster.master][INFO] 2022-01-11 16:43:07,723: +PARAM [/robot_description_kinematics/manipulator/kinematics_solver_search_resolution] by /roslaunch
[rosmaster.master][INFO] 2022-01-11 16:43:07,723: +PARAM [/robot_description_planning/joint_limits/wrist_2_joint/max_velocity] by /roslaunch
[rosmaster.master][INFO] 2022-01-11 16:43:07,723: +PARAM [/move_group/planner_configs/ESTkConfigDefault/goal_bias] by /roslaunch
[rosmaster.master][INFO] 2022-01-11 16:43:07,723: +PARAM [/move_group/planner_configs/LBKPIECEkConfigDefault/border_fraction] by /roslaunch
[rosmaster.master][INFO] 2022-01-11 16:43:07,723: +PARAM [/move_group/jiggle_fraction] by /roslaunch
[rosmaster.master][INFO] 2022-01-11 16:43:07,723: +PARAM [/robot_description_planning/joint_limits/shoulder_lift_joint/has_velocity_limits] by /roslaunch
[rosmaster.master][INFO] 2022-01-11 16:43:07,723: +PARAM [/move_group/planner_configs/TRRTkConfigDefault/range] by /roslaunch
[rosmaster.master][INFO] 2022-01-11 16:43:07,723: +PARAM [/move_group/planning_scene_monitor/publish_state_updates] by /roslaunch
[rosmaster.master][INFO] 2022-01-11 16:43:07,724: +PARAM [/rviz_wng_1797_8668212091027748816/manipulator/kinematics_solver] by /roslaunch
[rosmaster.master][INFO] 2022-01-11 16:43:07,724: +PARAM [/robot_description_planning/joint_limits/elbow_joint/max_acceleration] by /roslaunch
[rosmaster.master][INFO] 2022-01-11 16:43:07,724: +PARAM [/move_group/planner_configs/TRRTkConfigDefault/temp_change_factor] by /roslaunch
[rosmaster.master][INFO] 2022-01-11 16:43:07,724: +PARAM [/robot_description_planning/joint_limits/wrist_3_joint/has_acceleration_limits] by /roslaunch
[rosmaster.master][INFO] 2022-01-11 16:43:07,724: +PARAM [/move_group/planner_configs/SBLkConfigDefault/type] by /roslaunch
[rosmaster.master][INFO] 2022-01-11 16:43:07,724: +PARAM [/move_group/planner_configs/KPIECEkConfigDefault/failed_expansion_score_factor] by /roslaunch
[rosmaster.master][INFO] 2022-01-11 16:43:07,724: +PARAM [/move_group/capabilities] by /roslaunch
[rosmaster.master][INFO] 2022-01-11 16:43:07,724: +PARAM [/move_group/planner_configs/LBKPIECEkConfigDefault/range] by /roslaunch
[rosmaster.master][INFO] 2022-01-11 16:43:07,724: +PARAM [/robot_description_kinematics/manipulator/kinematics_solver_timeout] by /roslaunch
[rosmaster.master][INFO] 2022-01-11 16:43:07,724: +PARAM [/move_group/planner_configs/TRRTkConfigDefault/frountier_threshold] by /roslaunch
[rosmaster.master][INFO] 2022-01-11 16:43:07,724: +PARAM [/move_group/planner_configs/KPIECEkConfigDefault/range] by /roslaunch
[rosmaster.master][INFO] 2022-01-11 16:43:07,724: +PARAM [/robot_description_planning/joint_limits/wrist_1_joint/has_velocity_limits] by /roslaunch
[rosmaster.master][INFO] 2022-01-11 16:43:07,724: +PARAM [/move_group/planner_configs/BKPIECEkConfigDefault/range] by /roslaunch
[rosmaster.master][INFO] 2022-01-11 16:43:07,725: +PARAM [/move_group/planner_configs/TRRTkConfigDefault/type] by /roslaunch
[rosmaster.master][INFO] 2022-01-11 16:43:07,725: +PARAM [/move_group/planner_configs/KPIECEkConfigDefault/goal_bias] by /roslaunch
[rosmaster.master][INFO] 2022-01-11 16:43:07,725: +PARAM [/move_group/trajectory_execution/allowed_goal_duration_margin] by /roslaunch
[rosmaster.master][INFO] 2022-01-11 16:43:07,725: +PARAM [/move_group/request_adapters] by /roslaunch
[rosmaster.master][INFO] 2022-01-11 16:43:07,725: +PARAM [/move_group/planner_configs/TRRTkConfigDefault/min_temperature] by /roslaunch
[rosmaster.master][INFO] 2022-01-11 16:43:07,725: +PARAM [/move_group/octomap_resolution] by /roslaunch
[rosmaster.master][INFO] 2022-01-11 16:43:07,725: +PARAM [/robot_description_planning/joint_limits/wrist_2_joint/has_velocity_limits] by /roslaunch
[rosmaster.master][INFO] 2022-01-11 16:43:07,725: +PARAM [/move_group/planning_scene_monitor/publish_geometry_updates] by /roslaunch
[rosmaster.master][INFO] 2022-01-11 16:43:07,725: +PARAM [/move_group/planning_scene_monitor/publish_transforms_updates] by /roslaunch
[rosmaster.master][INFO] 2022-01-11 16:43:07,725: +PARAM [/robot_description_planning/joint_limits/elbow_joint/has_acceleration_limits] by /roslaunch
[rosmaster.master][INFO] 2022-01-11 16:43:07,725: +PARAM [/move_group/planner_configs/RRTstarkConfigDefault/type] by /roslaunch
[rosmaster.master][INFO] 2022-01-11 16:43:07,726: +PARAM [/rviz_wng_1797_8668212091027748816/manipulator/kinematics_solver_timeout] by /roslaunch
[rosmaster.master][INFO] 2022-01-11 16:43:07,726: +PARAM [/move_group/planner_configs/RRTstarkConfigDefault/delay_collision_checking] by /roslaunch
[rosmaster.master][INFO] 2022-01-11 16:43:07,726: +PARAM [/move_group/planner_configs/KPIECEkConfigDefault/type] by /roslaunch
[rosmaster.master][INFO] 2022-01-11 16:43:07,726: +PARAM [/move_group/planner_configs/RRTConnectkConfigDefault/type] by /roslaunch
[rosmaster.master][INFO] 2022-01-11 16:43:07,726: +PARAM [/move_group/manipulator/planner_configs] by /roslaunch
[rosmaster.master][INFO] 2022-01-11 16:43:07,726: +PARAM [/robot_description_kinematics/manipulator/kinematics_solver] by /roslaunch
[rosmaster.master][INFO] 2022-01-11 16:43:07,726: +PARAM [/move_group/planner_configs/BKPIECEkConfigDefault/failed_expansion_score_factor] by /roslaunch
[rosmaster.master][INFO] 2022-01-11 16:43:07,726: +PARAM [/move_group/planner_configs/LBKPIECEkConfigDefault/min_valid_path_fraction] by /roslaunch
[rosmaster.master][INFO] 2022-01-11 16:43:07,726: +PARAM [/rosversion] by /roslaunch
[rosmaster.master][INFO] 2022-01-11 16:43:07,726: +PARAM [/rviz_wng_1797_8668212091027748816/manipulator/kinematics_solver_search_resolution] by /roslaunch
[rosmaster.master][INFO] 2022-01-11 16:43:07,726: +PARAM [/move_group/planner_configs/TRRTkConfigDefault/k_constant] by /roslaunch
[rosmaster.master][INFO] 2022-01-11 16:43:07,726: +PARAM [/robot_description_planning/joint_limits/wrist_2_joint/has_acceleration_limits] by /roslaunch
[rosmaster.master][INFO] 2022-01-11 16:43:07,727: +PARAM [/move_group/planner_configs/LBKPIECEkConfigDefault/type] by /roslaunch
[rosmaster.master][INFO] 2022-01-11 16:43:07,727: +PARAM [/robot_description_planning/joint_limits/elbow_joint/has_velocity_limits] by /roslaunch
[rosmaster.master][INFO] 2022-01-11 16:43:07,727: +PARAM [/move_group/planner_configs/RRTkConfigDefault/type] by /roslaunch
[rosmaster.master][INFO] 2022-01-11 16:43:07,727: +PARAM [/source_list] by /roslaunch
[rosmaster.master][INFO] 2022-01-11 16:43:07,770: +PUB [/rosout] /robot_state_publisher http://wng:32781/
[rosmaster.master][INFO] 2022-01-11 16:43:07,770: +SERVICE [/robot_state_publisher/get_loggers] /robot_state_publisher http://wng:32781/
[rosmaster.master][INFO] 2022-01-11 16:43:07,770: +SERVICE [/robot_state_publisher/set_logger_level] /robot_state_publisher http://wng:32781/
[rosmaster.master][INFO] 2022-01-11 16:43:07,771: +CACHEDPARAM [/rosout_disable_topics_generation] by /robot_state_publisher
[rosmaster.master][INFO] 2022-01-11 16:43:07,806: +PUB [/rosout] /move_group http://wng:42849/
[rosmaster.master][INFO] 2022-01-11 16:43:07,807: +SERVICE [/move_group/get_loggers] /move_group http://wng:42849/
[rosmaster.master][INFO] 2022-01-11 16:43:07,807: +SERVICE [/move_group/set_logger_level] /move_group http://wng:42849/
[rosmaster.master][INFO] 2022-01-11 16:43:07,809: +SUB [/tf] /move_group http://wng:42849/
[rosmaster.master][INFO] 2022-01-11 16:43:07,810: +SUB [/tf_static] /move_group http://wng:42849/
[rosmaster.master][INFO] 2022-01-11 16:43:07,811: +CACHEDPARAM [/rosout_disable_topics_generation] by /move_group
[rosmaster.master][INFO] 2022-01-11 16:43:07,832: publisherUpdate[/rosout] -> http://wng:46241/ ['http://wng:32781/']
[rosmaster.master][INFO] 2022-01-11 16:43:07,833: publisherUpdate[/rosout] -> http://wng:46241/ ['http://wng:32781/']: sec=0.00, result=[1, '', 0]
[rosmaster.master][INFO] 2022-01-11 16:43:07,833: publisherUpdate[/rosout] -> http://wng:46241/ ['http://wng:32781/', 'http://wng:42849/']
[rosmaster.master][INFO] 2022-01-11 16:43:07,833: +SERVICE [/move_group/planning_scene_monitor/set_parameters] /move_group http://wng:42849/
[rosmaster.master][INFO] 2022-01-11 16:43:07,834: publisherUpdate[/rosout] -> http://wng:46241/ ['http://wng:32781/', 'http://wng:42849/']: sec=0.00, result=[1, '', 0]
[rosmaster.master][INFO] 2022-01-11 16:43:07,834: +PUB [/move_group/planning_scene_monitor/parameter_descriptions] /move_group http://wng:42849/
[rosmaster.master][INFO] 2022-01-11 16:43:07,834: +PUB [/move_group/planning_scene_monitor/parameter_updates] /move_group http://wng:42849/
[rosmaster.master][INFO] 2022-01-11 16:43:07,836: +PARAM [/move_group/planning_scene_monitor/publish_planning_scene] by /move_group
[rosmaster.master][INFO] 2022-01-11 16:43:07,836: +PARAM [/move_group/planning_scene_monitor/publish_planning_scene_hz] by /move_group
[rosmaster.master][INFO] 2022-01-11 16:43:07,836: +PARAM [/move_group/planning_scene_monitor/publish_geometry_updates] by /move_group
[rosmaster.master][INFO] 2022-01-11 16:43:07,836: +PARAM [/move_group/planning_scene_monitor/publish_state_updates] by /move_group
[rosmaster.master][INFO] 2022-01-11 16:43:07,837: +PARAM [/move_group/planning_scene_monitor/publish_transforms_updates] by /move_group
[rosmaster.master][INFO] 2022-01-11 16:43:07,837: +PARAM [/move_group/planning_scene_monitor/publish_planning_scene] by /move_group
[rosmaster.master][INFO] 2022-01-11 16:43:07,837: +PARAM [/move_group/planning_scene_monitor/publish_planning_scene_hz] by /move_group
[rosmaster.master][INFO] 2022-01-11 16:43:07,837: +PARAM [/move_group/planning_scene_monitor/publish_geometry_updates] by /move_group
[rosmaster.master][INFO] 2022-01-11 16:43:07,838: +PARAM [/move_group/planning_scene_monitor/publish_state_updates] by /move_group
[rosmaster.master][INFO] 2022-01-11 16:43:07,838: +PARAM [/move_group/planning_scene_monitor/publish_transforms_updates] by /move_group
[rosmaster.master][INFO] 2022-01-11 16:43:07,895: +PUB [/rosout] /rviz_wng_1797_8668212091027748816 http://wng:35743/
[rosmaster.master][INFO] 2022-01-11 16:43:07,895: +SERVICE [/rviz_wng_1797_8668212091027748816/get_loggers] /rviz_wng_1797_8668212091027748816 http://wng:35743/
[rosmaster.master][INFO] 2022-01-11 16:43:07,895: +SERVICE [/rviz_wng_1797_8668212091027748816/set_logger_level] /rviz_wng_1797_8668212091027748816 http://wng:35743/
[rosmaster.master][INFO] 2022-01-11 16:43:07,896: +CACHEDPARAM [/rosout_disable_topics_generation] by /rviz_wng_1797_8668212091027748816
[rosmaster.master][INFO] 2022-01-11 16:43:07,932: publisherUpdate[/rosout] -> http://wng:46241/ ['http://wng:32781/', 'http://wng:42849/', 'http://wng:35743/']
[rosmaster.master][INFO] 2022-01-11 16:43:07,933: -PUB [/move_group/planning_scene_monitor/parameter_descriptions] /move_group http://wng:42849/
[rosmaster.master][INFO] 2022-01-11 16:43:07,933: publisherUpdate[/rosout] -> http://wng:46241/ ['http://wng:32781/', 'http://wng:42849/', 'http://wng:35743/']: sec=0.00, result=[1, '', 0]
[rosmaster.master][INFO] 2022-01-11 16:43:07,934: -PUB [/rosout] /robot_state_publisher http://wng:32781/
[rosmaster.master][INFO] 2022-01-11 16:43:07,934: publisherUpdate[/rosout] -> http://wng:46241/ ['http://wng:42849/', 'http://wng:35743/']
[rosmaster.master][INFO] 2022-01-11 16:43:07,934: -PUB [/move_group/planning_scene_monitor/parameter_updates] /move_group http://wng:42849/
[rosmaster.master][INFO] 2022-01-11 16:43:07,935: publisherUpdate[/rosout] -> http://wng:46241/ ['http://wng:42849/', 'http://wng:35743/']: sec=0.00, result=[1, '', 0]
[rosmaster.master][INFO] 2022-01-11 16:43:07,935: -SERVICE [/robot_state_publisher/get_loggers] /robot_state_publisher rosrpc://wng:52281
[rosmaster.master][INFO] 2022-01-11 16:43:07,936: -SERVICE [/move_group/planning_scene_monitor/set_parameters] /move_group rosrpc://wng:45875
[rosmaster.master][INFO] 2022-01-11 16:43:07,936: -SERVICE [/robot_state_publisher/set_logger_level] /robot_state_publisher rosrpc://wng:52281
[rosmaster.master][INFO] 2022-01-11 16:43:07,936: -CACHEDPARAM [/rosout_disable_topics_generation] by /robot_state_publisher
[rosmaster.master][INFO] 2022-01-11 16:43:07,942: -SUB [/tf_static] /move_group http://wng:42849/
[rosmaster.master][INFO] 2022-01-11 16:43:07,942: -SUB [/tf] /move_group http://wng:42849/
[rosmaster.master][INFO] 2022-01-11 16:43:07,960: +PUB [/rosout] /robot_state_publisher http://wng:33197/
[rosmaster.master][INFO] 2022-01-11 16:43:07,960: +SERVICE [/robot_state_publisher/get_loggers] /robot_state_publisher http://wng:33197/
[rosmaster.master][INFO] 2022-01-11 16:43:07,961: +SERVICE [/robot_state_publisher/set_logger_level] /robot_state_publisher http://wng:33197/
[rosmaster.master][INFO] 2022-01-11 16:43:07,961: +CACHEDPARAM [/rosout_disable_topics_generation] by /robot_state_publisher
[rosmaster.master][INFO] 2022-01-11 16:43:08,033: publisherUpdate[/rosout] -> http://wng:46241/ ['http://wng:42849/', 'http://wng:35743/', 'http://wng:33197/']
[rosmaster.master][INFO] 2022-01-11 16:43:08,034: publisherUpdate[/rosout] -> http://wng:46241/ ['http://wng:42849/', 'http://wng:35743/', 'http://wng:33197/']: sec=0.00, result=[1, '', 0]
[rosmaster.master][INFO] 2022-01-11 16:43:08,034: +CACHEDPARAM [/rosout/omit_topics] by /rosout
[rosmaster.master][INFO] 2022-01-11 16:43:08,056: +PUB [/rosout] /joint_state_publisher http://wng:44863/
[rosmaster.master][INFO] 2022-01-11 16:43:08,058: +SERVICE [/joint_state_publisher/get_loggers] /joint_state_publisher http://wng:44863/
[rosmaster.master][INFO] 2022-01-11 16:43:08,058: +SERVICE [/joint_state_publisher/set_logger_level] /joint_state_publisher http://wng:44863/
[rosmaster.master][INFO] 2022-01-11 16:43:08,060: -PUB [/rosout] /joint_state_publisher http://wng:44863/
[rosmaster.master][INFO] 2022-01-11 16:43:08,061: -SERVICE [/joint_state_publisher/get_loggers] /joint_state_publisher rosrpc://wng:43067
[rosmaster.master][INFO] 2022-01-11 16:43:08,061: -SERVICE [/joint_state_publisher/set_logger_level] /joint_state_publisher rosrpc://wng:43067
[rosmaster.master][INFO] 2022-01-11 16:43:08,134: -PUB [/rosout] /robot_state_publisher http://wng:33197/
[rosmaster.master][INFO] 2022-01-11 16:43:08,134: -SERVICE [/robot_state_publisher/get_loggers] /robot_state_publisher rosrpc://wng:45151
[rosmaster.master][INFO] 2022-01-11 16:43:08,135: publisherUpdate[/rosout] -> http://wng:46241/ ['http://wng:42849/', 'http://wng:35743/', 'http://wng:33197/', 'http://wng:44863/']
[rosmaster.master][INFO] 2022-01-11 16:43:08,135: -SERVICE [/robot_state_publisher/set_logger_level] /robot_state_publisher rosrpc://wng:45151
[rosmaster.master][INFO] 2022-01-11 16:43:08,135: publisherUpdate[/rosout] -> http://wng:46241/ ['http://wng:42849/', 'http://wng:35743/', 'http://wng:33197/', 'http://wng:44863/']: sec=0.00, result=[1, '', 0]
[rosmaster.master][INFO] 2022-01-11 16:43:08,136: publisherUpdate[/rosout] -> http://wng:46241/ ['http://wng:42849/', 'http://wng:35743/', 'http://wng:33197/']
[rosmaster.master][INFO] 2022-01-11 16:43:08,136: -CACHEDPARAM [/rosout_disable_topics_generation] by /robot_state_publisher
[rosmaster.master][INFO] 2022-01-11 16:43:08,136: publisherUpdate[/rosout] -> http://wng:46241/ ['http://wng:42849/', 'http://wng:35743/', 'http://wng:33197/']: sec=0.00, result=[1, '', 0]
[rosmaster.master][INFO] 2022-01-11 16:43:08,137: publisherUpdate[/rosout] -> http://wng:46241/ ['http://wng:42849/', 'http://wng:35743/']
[rosmaster.master][INFO] 2022-01-11 16:43:08,137: publisherUpdate[/rosout] -> http://wng:46241/ ['http://wng:42849/', 'http://wng:35743/']: sec=0.00, result=[1, '', 0]
[rosmaster.master][INFO] 2022-01-11 16:43:08,164: +PUB [/rosout] /robot_state_publisher http://wng:39115/
[rosmaster.master][INFO] 2022-01-11 16:43:08,164: +SERVICE [/robot_state_publisher/get_loggers] /robot_state_publisher http://wng:39115/
[rosmaster.master][INFO] 2022-01-11 16:43:08,165: +SERVICE [/robot_state_publisher/set_logger_level] /robot_state_publisher http://wng:39115/
[rosmaster.master][INFO] 2022-01-11 16:43:08,166: +CACHEDPARAM [/rosout_disable_topics_generation] by /robot_state_publisher
[rosmaster.master][INFO] 2022-01-11 16:43:08,234: -PUB [/rosout] /move_group http://wng:42849/
[rosmaster.master][INFO] 2022-01-11 16:43:08,235: -SERVICE [/move_group/get_loggers] /move_group rosrpc://wng:45875
[rosmaster.master][INFO] 2022-01-11 16:43:08,235: publisherUpdate[/rosout] -> http://wng:46241/ ['http://wng:42849/', 'http://wng:35743/', 'http://wng:39115/']
[rosmaster.master][INFO] 2022-01-11 16:43:08,235: -SERVICE [/move_group/set_logger_level] /move_group rosrpc://wng:45875
[rosmaster.master][INFO] 2022-01-11 16:43:08,236: publisherUpdate[/rosout] -> http://wng:46241/ ['http://wng:42849/', 'http://wng:35743/', 'http://wng:39115/']: sec=0.00, result=[1, '', 0]
[rosmaster.master][INFO] 2022-01-11 16:43:08,236: -CACHEDPARAM [/rosout_disable_topics_generation] by /move_group
[rosmaster.master][INFO] 2022-01-11 16:43:08,236: publisherUpdate[/rosout] -> http://wng:46241/ ['http://wng:35743/', 'http://wng:39115/']
[rosmaster.master][INFO] 2022-01-11 16:43:08,236: publisherUpdate[/rosout] -> http://wng:46241/ ['http://wng:35743/', 'http://wng:39115/']: sec=0.00, result=[1, '', 0]
[rosmaster.master][INFO] 2022-01-11 16:43:08,336: -PUB [/rosout] /robot_state_publisher http://wng:39115/
[rosmaster.master][INFO] 2022-01-11 16:43:08,336: publisherUpdate[/rosout] -> http://wng:46241/ ['http://wng:35743/']
[rosmaster.master][INFO] 2022-01-11 16:43:08,337: -SERVICE [/robot_state_publisher/get_loggers] /robot_state_publisher rosrpc://wng:46319
[rosmaster.master][INFO] 2022-01-11 16:43:08,337: publisherUpdate[/rosout] -> http://wng:46241/ ['http://wng:35743/']: sec=0.00, result=[1, '', 0]
[rosmaster.master][INFO] 2022-01-11 16:43:08,338: -SERVICE [/robot_state_publisher/set_logger_level] /robot_state_publisher rosrpc://wng:46319
[rosmaster.master][INFO] 2022-01-11 16:43:08,338: -CACHEDPARAM [/rosout_disable_topics_generation] by /robot_state_publisher
[rosmaster.master][INFO] 2022-01-11 16:43:08,368: +PUB [/rosout] /robot_state_publisher http://wng:44825/
[rosmaster.master][INFO] 2022-01-11 16:43:08,368: +SERVICE [/robot_state_publisher/get_loggers] /robot_state_publisher http://wng:44825/
[rosmaster.master][INFO] 2022-01-11 16:43:08,368: +SERVICE [/robot_state_publisher/set_logger_level] /robot_state_publisher http://wng:44825/
[rosmaster.master][INFO] 2022-01-11 16:43:08,369: +CACHEDPARAM [/rosout_disable_topics_generation] by /robot_state_publisher
[rosmaster.master][INFO] 2022-01-11 16:43:08,437: publisherUpdate[/rosout] -> http://wng:46241/ ['http://wng:35743/', 'http://wng:44825/']
[rosmaster.master][INFO] 2022-01-11 16:43:08,437: publisherUpdate[/rosout] -> http://wng:46241/ ['http://wng:35743/', 'http://wng:44825/']: sec=0.00, result=[1, '', 0]
[rosmaster.master][INFO] 2022-01-11 16:43:08,538: -PUB [/rosout] /robot_state_publisher http://wng:44825/
[rosmaster.master][INFO] 2022-01-11 16:43:08,538: publisherUpdate[/rosout] -> http://wng:46241/ ['http://wng:35743/']
[rosmaster.master][INFO] 2022-01-11 16:43:08,538: -SERVICE [/robot_state_publisher/get_loggers] /robot_state_publisher rosrpc://wng:40211
[rosmaster.master][INFO] 2022-01-11 16:43:08,539: publisherUpdate[/rosout] -> http://wng:46241/ ['http://wng:35743/']: sec=0.00, result=[1, '', 0]
[rosmaster.master][INFO] 2022-01-11 16:43:08,539: -SERVICE [/robot_state_publisher/set_logger_level] /robot_state_publisher rosrpc://wng:40211
[rosmaster.master][INFO] 2022-01-11 16:43:08,540: -CACHEDPARAM [/rosout_disable_topics_generation] by /robot_state_publisher
[rosmaster.master][INFO] 2022-01-11 16:43:08,570: +PUB [/rosout] /robot_state_publisher http://wng:46719/
[rosmaster.master][INFO] 2022-01-11 16:43:08,570: +SERVICE [/robot_state_publisher/get_loggers] /robot_state_publisher http://wng:46719/
[rosmaster.master][INFO] 2022-01-11 16:43:08,571: +SERVICE [/robot_state_publisher/set_logger_level] /robot_state_publisher http://wng:46719/
[rosmaster.master][INFO] 2022-01-11 16:43:08,571: +CACHEDPARAM [/rosout_disable_topics_generation] by /robot_state_publisher
[rosmaster.master][INFO] 2022-01-11 16:43:08,611: +SUB [/tf] /rviz_wng_1797_8668212091027748816 http://wng:35743/
[rosmaster.master][INFO] 2022-01-11 16:43:08,612: +SUB [/tf_static] /rviz_wng_1797_8668212091027748816 http://wng:35743/
[rosmaster.master][INFO] 2022-01-11 16:43:08,638: publisherUpdate[/rosout] -> http://wng:46241/ ['http://wng:35743/', 'http://wng:46719/']
[rosmaster.master][INFO] 2022-01-11 16:43:08,639: publisherUpdate[/rosout] -> http://wng:46241/ ['http://wng:35743/', 'http://wng:46719/']: sec=0.00, result=[1, '', 0]
[rosmaster.master][INFO] 2022-01-11 16:43:08,692: +PUB [/initialpose] /rviz_wng_1797_8668212091027748816 http://wng:35743/
[rosmaster.master][INFO] 2022-01-11 16:43:08,693: +PUB [/goal] /rviz_wng_1797_8668212091027748816 http://wng:35743/
[rosmaster.master][INFO] 2022-01-11 16:43:08,739: -PUB [/rosout] /robot_state_publisher http://wng:46719/
[rosmaster.master][INFO] 2022-01-11 16:43:08,739: publisherUpdate[/rosout] -> http://wng:46241/ ['http://wng:35743/']
[rosmaster.master][INFO] 2022-01-11 16:43:08,740: -SERVICE [/robot_state_publisher/get_loggers] /robot_state_publisher rosrpc://wng:46313
[rosmaster.master][INFO] 2022-01-11 16:43:08,740: publisherUpdate[/rosout] -> http://wng:46241/ ['http://wng:35743/']: sec=0.00, result=[1, '', 0]
[rosmaster.master][INFO] 2022-01-11 16:43:08,741: -SERVICE [/robot_state_publisher/set_logger_level] /robot_state_publisher rosrpc://wng:46313
[rosmaster.master][INFO] 2022-01-11 16:43:08,741: -CACHEDPARAM [/rosout_disable_topics_generation] by /robot_state_publisher
[rosmaster.master][INFO] 2022-01-11 16:43:08,761: +PUB [/planning_scene] /rviz_wng_1797_8668212091027748816 http://wng:35743/
[rosmaster.master][INFO] 2022-01-11 16:43:08,762: +PUB [/planning_scene_world] /rviz_wng_1797_8668212091027748816 http://wng:35743/
[rosmaster.master][INFO] 2022-01-11 16:43:08,763: +SUB [/recognize_objects/status] /rviz_wng_1797_8668212091027748816 http://wng:35743/
[rosmaster.master][INFO] 2022-01-11 16:43:08,765: +SUB [/recognize_objects/feedback] /rviz_wng_1797_8668212091027748816 http://wng:35743/
[rosmaster.master][INFO] 2022-01-11 16:43:08,766: +SUB [/recognize_objects/result] /rviz_wng_1797_8668212091027748816 http://wng:35743/
[rosmaster.master][INFO] 2022-01-11 16:43:08,766: +PUB [/recognize_objects/goal] /rviz_wng_1797_8668212091027748816 http://wng:35743/
[rosmaster.master][INFO] 2022-01-11 16:43:08,766: +PUB [/recognize_objects/cancel] /rviz_wng_1797_8668212091027748816 http://wng:35743/
[rosmaster.master][INFO] 2022-01-11 16:43:08,768: +SUB [/recognized_object_array] /rviz_wng_1797_8668212091027748816 http://wng:35743/
[rosmaster.master][INFO] 2022-01-11 16:43:08,775: +PUB [/rosout] /robot_state_publisher http://wng:34737/
[rosmaster.master][INFO] 2022-01-11 16:43:08,776: +SERVICE [/robot_state_publisher/get_loggers] /robot_state_publisher http://wng:34737/
[rosmaster.master][INFO] 2022-01-11 16:43:08,776: +SERVICE [/robot_state_publisher/set_logger_level] /robot_state_publisher http://wng:34737/
[rosmaster.master][INFO] 2022-01-11 16:43:08,777: +CACHEDPARAM [/rosout_disable_topics_generation] by /robot_state_publisher
[rosmaster.master][INFO] 2022-01-11 16:43:08,839: publisherUpdate[/rosout] -> http://wng:46241/ ['http://wng:35743/', 'http://wng:34737/']
[rosmaster.master][INFO] 2022-01-11 16:43:08,839: publisherUpdate[/rosout] -> http://wng:46241/ ['http://wng:35743/', 'http://wng:34737/']: sec=0.00, result=[1, '', 0]
[rosmaster.master][INFO] 2022-01-11 16:43:08,940: -PUB [/rosout] /robot_state_publisher http://wng:34737/
[rosmaster.master][INFO] 2022-01-11 16:43:08,940: publisherUpdate[/rosout] -> http://wng:46241/ ['http://wng:35743/']
[rosmaster.master][INFO] 2022-01-11 16:43:08,940: -SERVICE [/robot_state_publisher/get_loggers] /robot_state_publisher rosrpc://wng:49781
[rosmaster.master][INFO] 2022-01-11 16:43:08,941: publisherUpdate[/rosout] -> http://wng:46241/ ['http://wng:35743/']: sec=0.00, result=[1, '', 0]
[rosmaster.master][INFO] 2022-01-11 16:43:08,941: -SERVICE [/robot_state_publisher/set_logger_level] /robot_state_publisher rosrpc://wng:49781
[rosmaster.master][INFO] 2022-01-11 16:43:08,941: -CACHEDPARAM [/rosout_disable_topics_generation] by /robot_state_publisher
[rosmaster.master][INFO] 2022-01-11 16:43:08,979: +PUB [/rosout] /robot_state_publisher http://wng:38059/
[rosmaster.master][INFO] 2022-01-11 16:43:08,980: +SERVICE [/robot_state_publisher/get_loggers] /robot_state_publisher http://wng:38059/
[rosmaster.master][INFO] 2022-01-11 16:43:08,980: +SERVICE [/robot_state_publisher/set_logger_level] /robot_state_publisher http://wng:38059/
[rosmaster.master][INFO] 2022-01-11 16:43:08,981: +CACHEDPARAM [/rosout_disable_topics_generation] by /robot_state_publisher
[rosmaster.master][INFO] 2022-01-11 16:43:09,039: publisherUpdate[/rosout] -> http://wng:46241/ ['http://wng:35743/', 'http://wng:38059/']
[rosmaster.master][INFO] 2022-01-11 16:43:09,040: publisherUpdate[/rosout] -> http://wng:46241/ ['http://wng:35743/', 'http://wng:38059/']: sec=0.00, result=[1, '', 0]
[rosmaster.master][INFO] 2022-01-11 16:43:09,140: -PUB [/rosout] /robot_state_publisher http://wng:38059/
[rosmaster.master][INFO] 2022-01-11 16:43:09,140: publisherUpdate[/rosout] -> http://wng:46241/ ['http://wng:35743/']
[rosmaster.master][INFO] 2022-01-11 16:43:09,141: -SERVICE [/robot_state_publisher/get_loggers] /robot_state_publisher rosrpc://wng:59479
[rosmaster.master][INFO] 2022-01-11 16:43:09,141: publisherUpdate[/rosout] -> http://wng:46241/ ['http://wng:35743/']: sec=0.00, result=[1, '', 0]
[rosmaster.master][INFO] 2022-01-11 16:43:09,142: -SERVICE [/robot_state_publisher/set_logger_level] /robot_state_publisher rosrpc://wng:59479
[rosmaster.master][INFO] 2022-01-11 16:43:09,142: -CACHEDPARAM [/rosout_disable_topics_generation] by /robot_state_publisher
[rosmaster.master][INFO] 2022-01-11 16:43:09,182: +PUB [/rosout] /robot_state_publisher http://wng:36591/
[rosmaster.master][INFO] 2022-01-11 16:43:09,182: +SERVICE [/robot_state_publisher/get_loggers] /robot_state_publisher http://wng:36591/
[rosmaster.master][INFO] 2022-01-11 16:43:09,183: +SERVICE [/robot_state_publisher/set_logger_level] /robot_state_publisher http://wng:36591/
[rosmaster.master][INFO] 2022-01-11 16:43:09,184: +CACHEDPARAM [/rosout_disable_topics_generation] by /robot_state_publisher
[rosmaster.master][INFO] 2022-01-11 16:43:09,241: publisherUpdate[/rosout] -> http://wng:46241/ ['http://wng:35743/', 'http://wng:36591/']
[rosmaster.master][INFO] 2022-01-11 16:43:09,242: publisherUpdate[/rosout] -> http://wng:46241/ ['http://wng:35743/', 'http://wng:36591/']: sec=0.00, result=[1, '', 0]
[rosmaster.master][INFO] 2022-01-11 16:43:09,342: -PUB [/rosout] /robot_state_publisher http://wng:36591/
[rosmaster.master][INFO] 2022-01-11 16:43:09,342: publisherUpdate[/rosout] -> http://wng:46241/ ['http://wng:35743/']
[rosmaster.master][INFO] 2022-01-11 16:43:09,343: -SERVICE [/robot_state_publisher/get_loggers] /robot_state_publisher rosrpc://wng:53127
[rosmaster.master][INFO] 2022-01-11 16:43:09,343: publisherUpdate[/rosout] -> http://wng:46241/ ['http://wng:35743/']: sec=0.00, result=[1, '', 0]
[rosmaster.master][INFO] 2022-01-11 16:43:09,344: -SERVICE [/robot_state_publisher/set_logger_level] /robot_state_publisher rosrpc://wng:53127
[rosmaster.master][INFO] 2022-01-11 16:43:09,344: -CACHEDPARAM [/rosout_disable_topics_generation] by /robot_state_publisher
[rosmaster.master][INFO] 2022-01-11 16:43:09,386: +PUB [/rosout] /robot_state_publisher http://wng:42711/
[rosmaster.master][INFO] 2022-01-11 16:43:09,387: +SERVICE [/robot_state_publisher/get_loggers] /robot_state_publisher http://wng:42711/
[rosmaster.master][INFO] 2022-01-11 16:43:09,387: +SERVICE [/robot_state_publisher/set_logger_level] /robot_state_publisher http://wng:42711/
[rosmaster.master][INFO] 2022-01-11 16:43:09,388: +CACHEDPARAM [/rosout_disable_topics_generation] by /robot_state_publisher
[rosmaster.master][INFO] 2022-01-11 16:43:09,442: publisherUpdate[/rosout] -> http://wng:46241/ ['http://wng:35743/', 'http://wng:42711/']
[rosmaster.master][INFO] 2022-01-11 16:43:09,442: publisherUpdate[/rosout] -> http://wng:46241/ ['http://wng:35743/', 'http://wng:42711/']: sec=0.00, result=[1, '', 0]
[rosmaster.master][INFO] 2022-01-11 16:43:09,543: -PUB [/rosout] /robot_state_publisher http://wng:42711/
[rosmaster.master][INFO] 2022-01-11 16:43:09,543: publisherUpdate[/rosout] -> http://wng:46241/ ['http://wng:35743/']
[rosmaster.master][INFO] 2022-01-11 16:43:09,543: -SERVICE [/robot_state_publisher/get_loggers] /robot_state_publisher rosrpc://wng:51727
[rosmaster.master][INFO] 2022-01-11 16:43:09,543: publisherUpdate[/rosout] -> http://wng:46241/ ['http://wng:35743/']: sec=0.00, result=[1, '', 0]
[rosmaster.master][INFO] 2022-01-11 16:43:09,544: -SERVICE [/robot_state_publisher/set_logger_level] /robot_state_publisher rosrpc://wng:51727
[rosmaster.master][INFO] 2022-01-11 16:43:09,544: -CACHEDPARAM [/rosout_disable_topics_generation] by /robot_state_publisher
[rosmaster.master][INFO] 2022-01-11 16:43:09,593: +PUB [/rosout] /robot_state_publisher http://wng:43675/
[rosmaster.master][INFO] 2022-01-11 16:43:09,593: +SERVICE [/robot_state_publisher/get_loggers] /robot_state_publisher http://wng:43675/
[rosmaster.master][INFO] 2022-01-11 16:43:09,593: +SERVICE [/robot_state_publisher/set_logger_level] /robot_state_publisher http://wng:43675/
[rosmaster.master][INFO] 2022-01-11 16:43:09,594: +CACHEDPARAM [/rosout_disable_topics_generation] by /robot_state_publisher
[rosmaster.master][INFO] 2022-01-11 16:43:09,642: publisherUpdate[/rosout] -> http://wng:46241/ ['http://wng:35743/', 'http://wng:43675/']
[rosmaster.master][INFO] 2022-01-11 16:43:09,643: publisherUpdate[/rosout] -> http://wng:46241/ ['http://wng:35743/', 'http://wng:43675/']: sec=0.00, result=[1, '', 0]
[rosmaster.master][INFO] 2022-01-11 16:43:09,743: -PUB [/rosout] /robot_state_publisher http://wng:43675/
[rosmaster.master][INFO] 2022-01-11 16:43:09,743: publisherUpdate[/rosout] -> http://wng:46241/ ['http://wng:35743/']
[rosmaster.master][INFO] 2022-01-11 16:43:09,744: -SERVICE [/robot_state_publisher/get_loggers] /robot_state_publisher rosrpc://wng:57045
[rosmaster.master][INFO] 2022-01-11 16:43:09,744: publisherUpdate[/rosout] -> http://wng:46241/ ['http://wng:35743/']: sec=0.00, result=[1, '', 0]
[rosmaster.master][INFO] 2022-01-11 16:43:09,745: -SERVICE [/robot_state_publisher/set_logger_level] /robot_state_publisher rosrpc://wng:57045
[rosmaster.master][INFO] 2022-01-11 16:43:09,745: -CACHEDPARAM [/rosout_disable_topics_generation] by /robot_state_publisher
[rosmaster.master][INFO] 2022-01-11 16:43:09,796: +PUB [/rosout] /robot_state_publisher http://wng:41849/
[rosmaster.master][INFO] 2022-01-11 16:43:09,796: +SERVICE [/robot_state_publisher/get_loggers] /robot_state_publisher http://wng:41849/
[rosmaster.master][INFO] 2022-01-11 16:43:09,797: +SERVICE [/robot_state_publisher/set_logger_level] /robot_state_publisher http://wng:41849/
[rosmaster.master][INFO] 2022-01-11 16:43:09,798: +CACHEDPARAM [/rosout_disable_topics_generation] by /robot_state_publisher
[rosmaster.master][INFO] 2022-01-11 16:43:09,844: publisherUpdate[/rosout] -> http://wng:46241/ ['http://wng:35743/', 'http://wng:41849/']
[rosmaster.master][INFO] 2022-01-11 16:43:09,845: publisherUpdate[/rosout] -> http://wng:46241/ ['http://wng:35743/', 'http://wng:41849/']: sec=0.00, result=[1, '', 0]
[rosmaster.master][INFO] 2022-01-11 16:43:09,945: -PUB [/rosout] /robot_state_publisher http://wng:41849/
[rosmaster.master][INFO] 2022-01-11 16:43:09,945: publisherUpdate[/rosout] -> http://wng:46241/ ['http://wng:35743/']
[rosmaster.master][INFO] 2022-01-11 16:43:09,946: -SERVICE [/robot_state_publisher/get_loggers] /robot_state_publisher rosrpc://wng:54233
[rosmaster.master][INFO] 2022-01-11 16:43:09,946: publisherUpdate[/rosout] -> http://wng:46241/ ['http://wng:35743/']: sec=0.00, result=[1, '', 0]
[rosmaster.master][INFO] 2022-01-11 16:43:09,947: -SERVICE [/robot_state_publisher/set_logger_level] /robot_state_publisher rosrpc://wng:54233
[rosmaster.master][INFO] 2022-01-11 16:43:09,947: -CACHEDPARAM [/rosout_disable_topics_generation] by /robot_state_publisher
[rosmaster.master][INFO] 2022-01-11 16:43:10,000: +PUB [/rosout] /robot_state_publisher http://wng:32997/
[rosmaster.master][INFO] 2022-01-11 16:43:10,001: +SERVICE [/robot_state_publisher/get_loggers] /robot_state_publisher http://wng:32997/
[rosmaster.master][INFO] 2022-01-11 16:43:10,001: +SERVICE [/robot_state_publisher/set_logger_level] /robot_state_publisher http://wng:32997/
[rosmaster.master][INFO] 2022-01-11 16:43:10,002: +CACHEDPARAM [/rosout_disable_topics_generation] by /robot_state_publisher
[rosmaster.master][INFO] 2022-01-11 16:43:10,045: publisherUpdate[/rosout] -> http://wng:46241/ ['http://wng:35743/', 'http://wng:32997/']
[rosmaster.master][INFO] 2022-01-11 16:43:10,046: publisherUpdate[/rosout] -> http://wng:46241/ ['http://wng:35743/', 'http://wng:32997/']: sec=0.00, result=[1, '', 0]
[rosmaster.master][INFO] 2022-01-11 16:43:10,146: -PUB [/rosout] /robot_state_publisher http://wng:32997/
[rosmaster.master][INFO] 2022-01-11 16:43:10,147: -SERVICE [/robot_state_publisher/get_loggers] /robot_state_publisher rosrpc://wng:46465
[rosmaster.master][INFO] 2022-01-11 16:43:10,147: -SERVICE [/robot_state_publisher/set_logger_level] /robot_state_publisher rosrpc://wng:46465
[rosmaster.master][INFO] 2022-01-11 16:43:10,147: publisherUpdate[/rosout] -> http://wng:46241/ ['http://wng:35743/']
[rosmaster.master][INFO] 2022-01-11 16:43:10,148: -CACHEDPARAM [/rosout_disable_topics_generation] by /robot_state_publisher
[rosmaster.master][INFO] 2022-01-11 16:43:10,148: publisherUpdate[/rosout] -> http://wng:46241/ ['http://wng:35743/']: sec=0.00, result=[1, '', 0]
[rosmaster.master][INFO] 2022-01-11 16:43:10,202: +PUB [/rosout] /robot_state_publisher http://wng:45275/
[rosmaster.master][INFO] 2022-01-11 16:43:10,202: +SERVICE [/robot_state_publisher/get_loggers] /robot_state_publisher http://wng:45275/
[rosmaster.master][INFO] 2022-01-11 16:43:10,202: +SERVICE [/robot_state_publisher/set_logger_level] /robot_state_publisher http://wng:45275/
[rosmaster.master][INFO] 2022-01-11 16:43:10,203: +CACHEDPARAM [/rosout_disable_topics_generation] by /robot_state_publisher
[rosmaster.master][INFO] 2022-01-11 16:43:10,246: publisherUpdate[/rosout] -> http://wng:46241/ ['http://wng:35743/', 'http://wng:45275/']
[rosmaster.master][INFO] 2022-01-11 16:43:10,247: publisherUpdate[/rosout] -> http://wng:46241/ ['http://wng:35743/', 'http://wng:45275/']: sec=0.00, result=[1, '', 0]
[rosmaster.master][INFO] 2022-01-11 16:43:10,347: -PUB [/rosout] /robot_state_publisher http://wng:45275/
[rosmaster.master][INFO] 2022-01-11 16:43:10,348: -SERVICE [/robot_state_publisher/get_loggers] /robot_state_publisher rosrpc://wng:60665
[rosmaster.master][INFO] 2022-01-11 16:43:10,348: -SERVICE [/robot_state_publisher/set_logger_level] /robot_state_publisher rosrpc://wng:60665
[rosmaster.master][INFO] 2022-01-11 16:43:10,348: -CACHEDPARAM [/rosout_disable_topics_generation] by /robot_state_publisher
[rosmaster.master][INFO] 2022-01-11 16:43:10,348: publisherUpdate[/rosout] -> http://wng:46241/ ['http://wng:35743/']
[rosmaster.master][INFO] 2022-01-11 16:43:10,349: publisherUpdate[/rosout] -> http://wng:46241/ ['http://wng:35743/']: sec=0.00, result=[1, '', 0]
[rosmaster.master][INFO] 2022-01-11 16:43:10,407: +PUB [/rosout] /robot_state_publisher http://wng:45829/
[rosmaster.master][INFO] 2022-01-11 16:43:10,407: +SERVICE [/robot_state_publisher/get_loggers] /robot_state_publisher http://wng:45829/
[rosmaster.master][INFO] 2022-01-11 16:43:10,408: +SERVICE [/robot_state_publisher/set_logger_level] /robot_state_publisher http://wng:45829/
[rosmaster.master][INFO] 2022-01-11 16:43:10,409: +CACHEDPARAM [/rosout_disable_topics_generation] by /robot_state_publisher
[rosmaster.master][INFO] 2022-01-11 16:43:10,447: publisherUpdate[/rosout] -> http://wng:46241/ ['http://wng:35743/', 'http://wng:45829/']
[rosmaster.master][INFO] 2022-01-11 16:43:10,447: publisherUpdate[/rosout] -> http://wng:46241/ ['http://wng:35743/', 'http://wng:45829/']: sec=0.00, result=[1, '', 0]
[rosmaster.master][INFO] 2022-01-11 16:43:10,548: -PUB [/rosout] /robot_state_publisher http://wng:45829/
[rosmaster.master][INFO] 2022-01-11 16:43:10,548: publisherUpdate[/rosout] -> http://wng:46241/ ['http://wng:35743/']
[rosmaster.master][INFO] 2022-01-11 16:43:10,548: -SERVICE [/robot_state_publisher/get_loggers] /robot_state_publisher rosrpc://wng:53421
[rosmaster.master][INFO] 2022-01-11 16:43:10,548: publisherUpdate[/rosout] -> http://wng:46241/ ['http://wng:35743/']: sec=0.00, result=[1, '', 0]
[rosmaster.master][INFO] 2022-01-11 16:43:10,549: -SERVICE [/robot_state_publisher/set_logger_level] /robot_state_publisher rosrpc://wng:53421
[rosmaster.master][INFO] 2022-01-11 16:43:10,549: -CACHEDPARAM [/rosout_disable_topics_generation] by /robot_state_publisher
[rosmaster.master][INFO] 2022-01-11 16:43:10,611: +PUB [/rosout] /robot_state_publisher http://wng:35811/
[rosmaster.master][INFO] 2022-01-11 16:43:10,612: +SERVICE [/robot_state_publisher/get_loggers] /robot_state_publisher http://wng:35811/
[rosmaster.master][INFO] 2022-01-11 16:43:10,612: +SERVICE [/robot_state_publisher/set_logger_level] /robot_state_publisher http://wng:35811/
[rosmaster.master][INFO] 2022-01-11 16:43:10,613: +CACHEDPARAM [/rosout_disable_topics_generation] by /robot_state_publisher
[rosmaster.master][INFO] 2022-01-11 16:43:10,648: publisherUpdate[/rosout] -> http://wng:46241/ ['http://wng:35743/', 'http://wng:35811/']
[rosmaster.master][INFO] 2022-01-11 16:43:10,648: publisherUpdate[/rosout] -> http://wng:46241/ ['http://wng:35743/', 'http://wng:35811/']: sec=0.00, result=[1, '', 0]
[rosmaster.master][INFO] 2022-01-11 16:43:10,749: -PUB [/rosout] /robot_state_publisher http://wng:35811/
[rosmaster.master][INFO] 2022-01-11 16:43:10,749: publisherUpdate[/rosout] -> http://wng:46241/ ['http://wng:35743/']
[rosmaster.master][INFO] 2022-01-11 16:43:10,749: -SERVICE [/robot_state_publisher/get_loggers] /robot_state_publisher rosrpc://wng:36071
[rosmaster.master][INFO] 2022-01-11 16:43:10,750: publisherUpdate[/rosout] -> http://wng:46241/ ['http://wng:35743/']: sec=0.00, result=[1, '', 0]
[rosmaster.master][INFO] 2022-01-11 16:43:10,750: -SERVICE [/robot_state_publisher/set_logger_level] /robot_state_publisher rosrpc://wng:36071
[rosmaster.master][INFO] 2022-01-11 16:43:10,751: -CACHEDPARAM [/rosout_disable_topics_generation] by /robot_state_publisher
[rosmaster.master][INFO] 2022-01-11 16:43:10,818: +PUB [/rosout] /robot_state_publisher http://wng:39947/
[rosmaster.master][INFO] 2022-01-11 16:43:10,818: +SERVICE [/robot_state_publisher/get_loggers] /robot_state_publisher http://wng:39947/
[rosmaster.master][INFO] 2022-01-11 16:43:10,819: +SERVICE [/robot_state_publisher/set_logger_level] /robot_state_publisher http://wng:39947/
[rosmaster.master][INFO] 2022-01-11 16:43:10,820: +CACHEDPARAM [/rosout_disable_topics_generation] by /robot_state_publisher
[rosmaster.master][INFO] 2022-01-11 16:43:10,849: publisherUpdate[/rosout] -> http://wng:46241/ ['http://wng:35743/', 'http://wng:39947/']
[rosmaster.master][INFO] 2022-01-11 16:43:10,849: publisherUpdate[/rosout] -> http://wng:46241/ ['http://wng:35743/', 'http://wng:39947/']: sec=0.00, result=[1, '', 0]
[rosmaster.master][INFO] 2022-01-11 16:43:10,950: -PUB [/rosout] /robot_state_publisher http://wng:39947/
[rosmaster.master][INFO] 2022-01-11 16:43:10,950: publisherUpdate[/rosout] -> http://wng:46241/ ['http://wng:35743/']
[rosmaster.master][INFO] 2022-01-11 16:43:10,951: -SERVICE [/robot_state_publisher/get_loggers] /robot_state_publisher rosrpc://wng:42983
[rosmaster.master][INFO] 2022-01-11 16:43:10,951: publisherUpdate[/rosout] -> http://wng:46241/ ['http://wng:35743/']: sec=0.00, result=[1, '', 0]
[rosmaster.master][INFO] 2022-01-11 16:43:10,951: -SERVICE [/robot_state_publisher/set_logger_level] /robot_state_publisher rosrpc://wng:42983
[rosmaster.master][INFO] 2022-01-11 16:43:10,952: -CACHEDPARAM [/rosout_disable_topics_generation] by /robot_state_publisher
[rosmaster.master][INFO] 2022-01-11 16:43:11,020: +PUB [/rosout] /robot_state_publisher http://wng:42683/
[rosmaster.master][INFO] 2022-01-11 16:43:11,021: +SERVICE [/robot_state_publisher/get_loggers] /robot_state_publisher http://wng:42683/
[rosmaster.master][INFO] 2022-01-11 16:43:11,021: +SERVICE [/robot_state_publisher/set_logger_level] /robot_state_publisher http://wng:42683/
[rosmaster.master][INFO] 2022-01-11 16:43:11,022: +CACHEDPARAM [/rosout_disable_topics_generation] by /robot_state_publisher
[rosmaster.master][INFO] 2022-01-11 16:43:11,050: publisherUpdate[/rosout] -> http://wng:46241/ ['http://wng:35743/', 'http://wng:42683/']
[rosmaster.master][INFO] 2022-01-11 16:43:11,051: publisherUpdate[/rosout] -> http://wng:46241/ ['http://wng:35743/', 'http://wng:42683/']: sec=0.00, result=[1, '', 0]
[rosmaster.master][INFO] 2022-01-11 16:43:11,151: -PUB [/rosout] /robot_state_publisher http://wng:42683/
[rosmaster.master][INFO] 2022-01-11 16:43:11,151: publisherUpdate[/rosout] -> http://wng:46241/ ['http://wng:35743/']
[rosmaster.master][INFO] 2022-01-11 16:43:11,152: -SERVICE [/robot_state_publisher/get_loggers] /robot_state_publisher rosrpc://wng:44243
[rosmaster.master][INFO] 2022-01-11 16:43:11,152: publisherUpdate[/rosout] -> http://wng:46241/ ['http://wng:35743/']: sec=0.00, result=[1, '', 0]
[rosmaster.master][INFO] 2022-01-11 16:43:11,152: -SERVICE [/robot_state_publisher/set_logger_level] /robot_state_publisher rosrpc://wng:44243
[rosmaster.master][INFO] 2022-01-11 16:43:11,153: -CACHEDPARAM [/rosout_disable_topics_generation] by /robot_state_publisher
[rosmaster.master][INFO] 2022-01-11 16:43:11,222: +PUB [/rosout] /robot_state_publisher http://wng:45275/
[rosmaster.master][INFO] 2022-01-11 16:43:11,223: +SERVICE [/robot_state_publisher/get_loggers] /robot_state_publisher http://wng:45275/
[rosmaster.master][INFO] 2022-01-11 16:43:11,223: +SERVICE [/robot_state_publisher/set_logger_level] /robot_state_publisher http://wng:45275/
[rosmaster.master][INFO] 2022-01-11 16:43:11,224: +CACHEDPARAM [/rosout_disable_topics_generation] by /robot_state_publisher
[rosmaster.master][INFO] 2022-01-11 16:43:11,251: publisherUpdate[/rosout] -> http://wng:46241/ ['http://wng:35743/', 'http://wng:45275/']
[rosmaster.master][INFO] 2022-01-11 16:43:11,252: publisherUpdate[/rosout] -> http://wng:46241/ ['http://wng:35743/', 'http://wng:45275/']: sec=0.00, result=[1, '', 0]
[rosmaster.master][INFO] 2022-01-11 16:43:11,352: -PUB [/rosout] /robot_state_publisher http://wng:45275/
[rosmaster.master][INFO] 2022-01-11 16:43:11,352: publisherUpdate[/rosout] -> http://wng:46241/ ['http://wng:35743/']
[rosmaster.master][INFO] 2022-01-11 16:43:11,353: -SERVICE [/robot_state_publisher/get_loggers] /robot_state_publisher rosrpc://wng:43717
[rosmaster.master][INFO] 2022-01-11 16:43:11,353: publisherUpdate[/rosout] -> http://wng:46241/ ['http://wng:35743/']: sec=0.00, result=[1, '', 0]
[rosmaster.master][INFO] 2022-01-11 16:43:11,354: -SERVICE [/robot_state_publisher/set_logger_level] /robot_state_publisher rosrpc://wng:43717
[rosmaster.master][INFO] 2022-01-11 16:43:11,354: -CACHEDPARAM [/rosout_disable_topics_generation] by /robot_state_publisher
[rosmaster.master][INFO] 2022-01-11 16:43:11,428: +PUB [/rosout] /robot_state_publisher http://wng:35187/
[rosmaster.master][INFO] 2022-01-11 16:43:11,428: +SERVICE [/robot_state_publisher/get_loggers] /robot_state_publisher http://wng:35187/
[rosmaster.master][INFO] 2022-01-11 16:43:11,428: +SERVICE [/robot_state_publisher/set_logger_level] /robot_state_publisher http://wng:35187/
[rosmaster.master][INFO] 2022-01-11 16:43:11,429: +CACHEDPARAM [/rosout_disable_topics_generation] by /robot_state_publisher
[rosmaster.master][INFO] 2022-01-11 16:43:11,453: publisherUpdate[/rosout] -> http://wng:46241/ ['http://wng:35743/', 'http://wng:35187/']
[rosmaster.master][INFO] 2022-01-11 16:43:11,453: publisherUpdate[/rosout] -> http://wng:46241/ ['http://wng:35743/', 'http://wng:35187/']: sec=0.00, result=[1, '', 0]
[rosmaster.master][INFO] 2022-01-11 16:43:11,554: -PUB [/rosout] /robot_state_publisher http://wng:35187/
[rosmaster.master][INFO] 2022-01-11 16:43:11,554: publisherUpdate[/rosout] -> http://wng:46241/ ['http://wng:35743/']
[rosmaster.master][INFO] 2022-01-11 16:43:11,554: -SERVICE [/robot_state_publisher/get_loggers] /robot_state_publisher rosrpc://wng:58901
[rosmaster.master][INFO] 2022-01-11 16:43:11,555: publisherUpdate[/rosout] -> http://wng:46241/ ['http://wng:35743/']: sec=0.00, result=[1, '', 0]
[rosmaster.master][INFO] 2022-01-11 16:43:11,555: -SERVICE [/robot_state_publisher/set_logger_level] /robot_state_publisher rosrpc://wng:58901
[rosmaster.master][INFO] 2022-01-11 16:43:11,556: -CACHEDPARAM [/rosout_disable_topics_generation] by /robot_state_publisher
[rosmaster.master][INFO] 2022-01-11 16:43:11,632: +PUB [/rosout] /robot_state_publisher http://wng:44155/
[rosmaster.master][INFO] 2022-01-11 16:43:11,632: +SERVICE [/robot_state_publisher/get_loggers] /robot_state_publisher http://wng:44155/
[rosmaster.master][INFO] 2022-01-11 16:43:11,633: +SERVICE [/robot_state_publisher/set_logger_level] /robot_state_publisher http://wng:44155/
[rosmaster.master][INFO] 2022-01-11 16:43:11,634: +CACHEDPARAM [/rosout_disable_topics_generation] by /robot_state_publisher
[rosmaster.master][INFO] 2022-01-11 16:43:11,653: publisherUpdate[/rosout] -> http://wng:46241/ ['http://wng:35743/', 'http://wng:44155/']
[rosmaster.master][INFO] 2022-01-11 16:43:11,654: publisherUpdate[/rosout] -> http://wng:46241/ ['http://wng:35743/', 'http://wng:44155/']: sec=0.00, result=[1, '', 0]
[rosmaster.master][INFO] 2022-01-11 16:43:11,754: -PUB [/rosout] /robot_state_publisher http://wng:44155/
[rosmaster.master][INFO] 2022-01-11 16:43:11,754: publisherUpdate[/rosout] -> http://wng:46241/ ['http://wng:35743/']
[rosmaster.master][INFO] 2022-01-11 16:43:11,755: -SERVICE [/robot_state_publisher/get_loggers] /robot_state_publisher rosrpc://wng:37563
[rosmaster.master][INFO] 2022-01-11 16:43:11,755: publisherUpdate[/rosout] -> http://wng:46241/ ['http://wng:35743/']: sec=0.00, result=[1, '', 0]
[rosmaster.master][INFO] 2022-01-11 16:43:11,756: -SERVICE [/robot_state_publisher/set_logger_level] /robot_state_publisher rosrpc://wng:37563
[rosmaster.master][INFO] 2022-01-11 16:43:11,756: -CACHEDPARAM [/rosout_disable_topics_generation] by /robot_state_publisher
[rosmaster.master][INFO] 2022-01-11 16:43:11,778: -SUB [/recognize_objects/status] /rviz_wng_1797_8668212091027748816 http://wng:35743/
[rosmaster.master][INFO] 2022-01-11 16:43:11,778: -PUB [/recognize_objects/cancel] /rviz_wng_1797_8668212091027748816 http://wng:35743/
[rosmaster.master][INFO] 2022-01-11 16:43:11,779: -PUB [/recognize_objects/goal] /rviz_wng_1797_8668212091027748816 http://wng:35743/
[rosmaster.master][INFO] 2022-01-11 16:43:11,779: -SUB [/recognize_objects/feedback] /rviz_wng_1797_8668212091027748816 http://wng:35743/
[rosmaster.master][INFO] 2022-01-11 16:43:11,779: -SUB [/recognize_objects/result] /rviz_wng_1797_8668212091027748816 http://wng:35743/
[rosmaster.master][INFO] 2022-01-11 16:43:11,806: +PUB [/feedback] /rviz_wng_1797_8668212091027748816 http://wng:35743/
[rosmaster.master][INFO] 2022-01-11 16:43:11,806: -PUB [/feedback] /rviz_wng_1797_8668212091027748816 http://wng:35743/
[rosmaster.master][INFO] 2022-01-11 16:43:11,807: +PUB [/feedback] /rviz_wng_1797_8668212091027748816 http://wng:35743/
[rosmaster.master][INFO] 2022-01-11 16:43:11,808: -PUB [/goal] /rviz_wng_1797_8668212091027748816 http://wng:35743/
[rosmaster.master][INFO] 2022-01-11 16:43:11,808: -PUB [/initialpose] /rviz_wng_1797_8668212091027748816 http://wng:35743/
[rosmaster.master][INFO] 2022-01-11 16:43:11,810: +PUB [/initialpose] /rviz_wng_1797_8668212091027748816 http://wng:35743/
[rosmaster.master][INFO] 2022-01-11 16:43:11,810: +PUB [/goal] /rviz_wng_1797_8668212091027748816 http://wng:35743/
[rosmaster.master][INFO] 2022-01-11 16:43:11,811: +PUB [/move_base_simple/goal] /rviz_wng_1797_8668212091027748816 http://wng:35743/
[rosmaster.master][INFO] 2022-01-11 16:43:11,811: -PUB [/goal] /rviz_wng_1797_8668212091027748816 http://wng:35743/
[rosmaster.master][INFO] 2022-01-11 16:43:11,812: +PUB [/clicked_point] /rviz_wng_1797_8668212091027748816 http://wng:35743/
[rosmaster.master][INFO] 2022-01-11 16:43:11,835: +SERVICE [/rviz_wng_1797_8668212091027748816/reload_shaders] /rviz_wng_1797_8668212091027748816 http://wng:35743/
[rosmaster.master][INFO] 2022-01-11 16:43:11,836: +SERVICE [/rviz_wng_1797_8668212091027748816/load_config] /rviz_wng_1797_8668212091027748816 http://wng:35743/
[rosmaster.master][INFO] 2022-01-11 16:43:11,836: +SERVICE [/rviz_wng_1797_8668212091027748816/save_config] /rviz_wng_1797_8668212091027748816 http://wng:35743/
[rosmaster.master][INFO] 2022-01-11 16:43:11,836: +PUB [/rosout] /robot_state_publisher http://wng:40597/
[rosmaster.master][INFO] 2022-01-11 16:43:11,837: +SERVICE [/robot_state_publisher/get_loggers] /robot_state_publisher http://wng:40597/
[rosmaster.master][INFO] 2022-01-11 16:43:11,837: +SERVICE [/robot_state_publisher/set_logger_level] /robot_state_publisher http://wng:40597/
[rosmaster.master][INFO] 2022-01-11 16:43:11,837: +CACHEDPARAM [/rosout_disable_topics_generation] by /robot_state_publisher
[rosmaster.master][INFO] 2022-01-11 16:43:11,855: publisherUpdate[/rosout] -> http://wng:46241/ ['http://wng:35743/', 'http://wng:40597/']
[rosmaster.master][INFO] 2022-01-11 16:43:11,856: publisherUpdate[/rosout] -> http://wng:46241/ ['http://wng:35743/', 'http://wng:40597/']: sec=0.00, result=[1, '', 0]
[rosmaster.master][INFO] 2022-01-11 16:43:11,870: +SERVICE [/rviz_wng_1797_8668212091027748816/motionplanning_planning_scene_monitor/set_parameters] /rviz_wng_1797_8668212091027748816 http://wng:35743/
[rosmaster.master][INFO] 2022-01-11 16:43:11,870: +PUB [/rviz_wng_1797_8668212091027748816/motionplanning_planning_scene_monitor/parameter_descriptions] /rviz_wng_1797_8668212091027748816 http://wng:35743/
[rosmaster.master][INFO] 2022-01-11 16:43:11,870: +PUB [/rviz_wng_1797_8668212091027748816/motionplanning_planning_scene_monitor/parameter_updates] /rviz_wng_1797_8668212091027748816 http://wng:35743/
[rosmaster.master][INFO] 2022-01-11 16:43:11,872: +PARAM [/rviz_wng_1797_8668212091027748816/motionplanning_planning_scene_monitor/publish_planning_scene] by /rviz_wng_1797_8668212091027748816
[rosmaster.master][INFO] 2022-01-11 16:43:11,872: +PARAM [/rviz_wng_1797_8668212091027748816/motionplanning_planning_scene_monitor/publish_planning_scene_hz] by /rviz_wng_1797_8668212091027748816
[rosmaster.master][INFO] 2022-01-11 16:43:11,873: +PARAM [/rviz_wng_1797_8668212091027748816/motionplanning_planning_scene_monitor/publish_geometry_updates] by /rviz_wng_1797_8668212091027748816
[rosmaster.master][INFO] 2022-01-11 16:43:11,873: +PARAM [/rviz_wng_1797_8668212091027748816/motionplanning_planning_scene_monitor/publish_state_updates] by /rviz_wng_1797_8668212091027748816
[rosmaster.master][INFO] 2022-01-11 16:43:11,873: +PARAM [/rviz_wng_1797_8668212091027748816/motionplanning_planning_scene_monitor/publish_transforms_updates] by /rviz_wng_1797_8668212091027748816
[rosmaster.master][INFO] 2022-01-11 16:43:11,874: +PARAM [/rviz_wng_1797_8668212091027748816/motionplanning_planning_scene_monitor/publish_planning_scene] by /rviz_wng_1797_8668212091027748816
[rosmaster.master][INFO] 2022-01-11 16:43:11,874: +PARAM [/rviz_wng_1797_8668212091027748816/motionplanning_planning_scene_monitor/publish_planning_scene_hz] by /rviz_wng_1797_8668212091027748816
[rosmaster.master][INFO] 2022-01-11 16:43:11,875: +PARAM [/rviz_wng_1797_8668212091027748816/motionplanning_planning_scene_monitor/publish_geometry_updates] by /rviz_wng_1797_8668212091027748816
[rosmaster.master][INFO] 2022-01-11 16:43:11,875: +PARAM [/rviz_wng_1797_8668212091027748816/motionplanning_planning_scene_monitor/publish_state_updates] by /rviz_wng_1797_8668212091027748816
[rosmaster.master][INFO] 2022-01-11 16:43:11,875: +PARAM [/rviz_wng_1797_8668212091027748816/motionplanning_planning_scene_monitor/publish_transforms_updates] by /rviz_wng_1797_8668212091027748816
[rosmaster.master][INFO] 2022-01-11 16:43:11,956: -PUB [/rosout] /robot_state_publisher http://wng:40597/
[rosmaster.master][INFO] 2022-01-11 16:43:11,956: publisherUpdate[/rosout] -> http://wng:46241/ ['http://wng:35743/']
[rosmaster.master][INFO] 2022-01-11 16:43:11,957: -SERVICE [/robot_state_publisher/get_loggers] /robot_state_publisher rosrpc://wng:50373
[rosmaster.master][INFO] 2022-01-11 16:43:11,957: publisherUpdate[/rosout] -> http://wng:46241/ ['http://wng:35743/']: sec=0.00, result=[1, '', 0]
[rosmaster.master][INFO] 2022-01-11 16:43:11,958: -SERVICE [/robot_state_publisher/set_logger_level] /robot_state_publisher rosrpc://wng:50373
[rosmaster.master][INFO] 2022-01-11 16:43:11,958: -CACHEDPARAM [/rosout_disable_topics_generation] by /robot_state_publisher
[rosmaster.master][INFO] 2022-01-11 16:43:11,969: -PUB [/rviz_wng_1797_8668212091027748816/motionplanning_planning_scene_monitor/parameter_descriptions] /rviz_wng_1797_8668212091027748816 http://wng:35743/
[rosmaster.master][INFO] 2022-01-11 16:43:11,970: -PUB [/rviz_wng_1797_8668212091027748816/motionplanning_planning_scene_monitor/parameter_updates] /rviz_wng_1797_8668212091027748816 http://wng:35743/
[rosmaster.master][INFO] 2022-01-11 16:43:11,970: -SERVICE [/rviz_wng_1797_8668212091027748816/motionplanning_planning_scene_monitor/set_parameters] /rviz_wng_1797_8668212091027748816 rosrpc://wng:34247
[rosmaster.master][INFO] 2022-01-11 16:43:12,040: +PUB [/rosout] /robot_state_publisher http://wng:36127/
[rosmaster.master][INFO] 2022-01-11 16:43:12,040: +SERVICE [/robot_state_publisher/get_loggers] /robot_state_publisher http://wng:36127/
[rosmaster.master][INFO] 2022-01-11 16:43:12,041: +SERVICE [/robot_state_publisher/set_logger_level] /robot_state_publisher http://wng:36127/
[rosmaster.master][INFO] 2022-01-11 16:43:12,042: +CACHEDPARAM [/rosout_disable_topics_generation] by /robot_state_publisher
[rosmaster.master][INFO] 2022-01-11 16:43:12,056: publisherUpdate[/rosout] -> http://wng:46241/ ['http://wng:35743/', 'http://wng:36127/']
[rosmaster.master][INFO] 2022-01-11 16:43:12,057: publisherUpdate[/rosout] -> http://wng:46241/ ['http://wng:35743/', 'http://wng:36127/']: sec=0.00, result=[1, '', 0]
[rosmaster.master][INFO] 2022-01-11 16:43:12,157: -PUB [/rosout] /robot_state_publisher http://wng:36127/
[rosmaster.master][INFO] 2022-01-11 16:43:12,158: publisherUpdate[/rosout] -> http://wng:46241/ ['http://wng:35743/']
[rosmaster.master][INFO] 2022-01-11 16:43:12,158: -SERVICE [/robot_state_publisher/get_loggers] /robot_state_publisher rosrpc://wng:44251
[rosmaster.master][INFO] 2022-01-11 16:43:12,158: publisherUpdate[/rosout] -> http://wng:46241/ ['http://wng:35743/']: sec=0.00, result=[1, '', 0]
[rosmaster.master][INFO] 2022-01-11 16:43:12,159: -SERVICE [/robot_state_publisher/set_logger_level] /robot_state_publisher rosrpc://wng:44251
[rosmaster.master][INFO] 2022-01-11 16:43:12,159: -CACHEDPARAM [/rosout_disable_topics_generation] by /robot_state_publisher
[rosmaster.master][INFO] 2022-01-11 16:43:12,245: +PUB [/rosout] /robot_state_publisher http://wng:40147/
[rosmaster.master][INFO] 2022-01-11 16:43:12,245: +SERVICE [/robot_state_publisher/get_loggers] /robot_state_publisher http://wng:40147/
[rosmaster.master][INFO] 2022-01-11 16:43:12,245: +SERVICE [/robot_state_publisher/set_logger_level] /robot_state_publisher http://wng:40147/
[rosmaster.master][INFO] 2022-01-11 16:43:12,246: +CACHEDPARAM [/rosout_disable_topics_generation] by /robot_state_publisher
[rosmaster.master][INFO] 2022-01-11 16:43:12,257: publisherUpdate[/rosout] -> http://wng:46241/ ['http://wng:35743/', 'http://wng:40147/']
[rosmaster.master][INFO] 2022-01-11 16:43:12,257: publisherUpdate[/rosout] -> http://wng:46241/ ['http://wng:35743/', 'http://wng:40147/']: sec=0.00, result=[1, '', 0]
[rosmaster.master][INFO] 2022-01-11 16:43:12,358: -PUB [/rosout] /robot_state_publisher http://wng:40147/
[rosmaster.master][INFO] 2022-01-11 16:43:12,358: publisherUpdate[/rosout] -> http://wng:46241/ ['http://wng:35743/']
[rosmaster.master][INFO] 2022-01-11 16:43:12,358: -SERVICE [/robot_state_publisher/get_loggers] /robot_state_publisher rosrpc://wng:45455
[rosmaster.master][INFO] 2022-01-11 16:43:12,359: publisherUpdate[/rosout] -> http://wng:46241/ ['http://wng:35743/']: sec=0.00, result=[1, '', 0]
[rosmaster.master][INFO] 2022-01-11 16:43:12,359: -SERVICE [/robot_state_publisher/set_logger_level] /robot_state_publisher rosrpc://wng:45455
[rosmaster.master][INFO] 2022-01-11 16:43:12,360: -CACHEDPARAM [/rosout_disable_topics_generation] by /robot_state_publisher
[rosmaster.master][INFO] 2022-01-11 16:43:12,447: +PUB [/rosout] /robot_state_publisher http://wng:43703/
[rosmaster.master][INFO] 2022-01-11 16:43:12,448: +SERVICE [/robot_state_publisher/get_loggers] /robot_state_publisher http://wng:43703/
[rosmaster.master][INFO] 2022-01-11 16:43:12,448: +SERVICE [/robot_state_publisher/set_logger_level] /robot_state_publisher http://wng:43703/
[rosmaster.master][INFO] 2022-01-11 16:43:12,449: +CACHEDPARAM [/rosout_disable_topics_generation] by /robot_state_publisher
[rosmaster.master][INFO] 2022-01-11 16:43:12,457: publisherUpdate[/rosout] -> http://wng:46241/ ['http://wng:35743/', 'http://wng:43703/']
[rosmaster.master][INFO] 2022-01-11 16:43:12,458: publisherUpdate[/rosout] -> http://wng:46241/ ['http://wng:35743/', 'http://wng:43703/']: sec=0.00, result=[1, '', 0]
[rosmaster.master][INFO] 2022-01-11 16:43:12,559: -PUB [/rosout] /robot_state_publisher http://wng:43703/
[rosmaster.master][INFO] 2022-01-11 16:43:12,559: -SERVICE [/robot_state_publisher/get_loggers] /robot_state_publisher rosrpc://wng:46657
[rosmaster.master][INFO] 2022-01-11 16:43:12,559: -SERVICE [/robot_state_publisher/set_logger_level] /robot_state_publisher rosrpc://wng:46657
[rosmaster.master][INFO] 2022-01-11 16:43:12,560: -CACHEDPARAM [/rosout_disable_topics_generation] by /robot_state_publisher
[rosmaster.master][INFO] 2022-01-11 16:43:12,560: publisherUpdate[/rosout] -> http://wng:46241/ ['http://wng:35743/']
[rosmaster.master][INFO] 2022-01-11 16:43:12,560: publisherUpdate[/rosout] -> http://wng:46241/ ['http://wng:35743/']: sec=0.00, result=[1, '', 0]
[rosmaster.master][INFO] 2022-01-11 16:43:12,651: +PUB [/rosout] /robot_state_publisher http://wng:42409/
[rosmaster.master][INFO] 2022-01-11 16:43:12,652: +SERVICE [/robot_state_publisher/get_loggers] /robot_state_publisher http://wng:42409/
[rosmaster.master][INFO] 2022-01-11 16:43:12,652: +SERVICE [/robot_state_publisher/set_logger_level] /robot_state_publisher http://wng:42409/
[rosmaster.master][INFO] 2022-01-11 16:43:12,653: +CACHEDPARAM [/rosout_disable_topics_generation] by /robot_state_publisher
[rosmaster.master][INFO] 2022-01-11 16:43:12,658: publisherUpdate[/rosout] -> http://wng:46241/ ['http://wng:35743/', 'http://wng:42409/']
[rosmaster.master][INFO] 2022-01-11 16:43:12,659: publisherUpdate[/rosout] -> http://wng:46241/ ['http://wng:35743/', 'http://wng:42409/']: sec=0.00, result=[1, '', 0]
[rosmaster.master][INFO] 2022-01-11 16:43:12,759: -PUB [/rosout] /robot_state_publisher http://wng:42409/
[rosmaster.master][INFO] 2022-01-11 16:43:12,760: -SERVICE [/robot_state_publisher/get_loggers] /robot_state_publisher rosrpc://wng:57525
[rosmaster.master][INFO] 2022-01-11 16:43:12,760: publisherUpdate[/rosout] -> http://wng:46241/ ['http://wng:35743/']
[rosmaster.master][INFO] 2022-01-11 16:43:12,761: -SERVICE [/robot_state_publisher/set_logger_level] /robot_state_publisher rosrpc://wng:57525
[rosmaster.master][INFO] 2022-01-11 16:43:12,761: publisherUpdate[/rosout] -> http://wng:46241/ ['http://wng:35743/']: sec=0.00, result=[1, '', 0]
[rosmaster.master][INFO] 2022-01-11 16:43:12,761: -CACHEDPARAM [/rosout_disable_topics_generation] by /robot_state_publisher
[rosmaster.master][INFO] 2022-01-11 16:43:12,855: +PUB [/rosout] /robot_state_publisher http://wng:45603/
[rosmaster.master][INFO] 2022-01-11 16:43:12,856: +SERVICE [/robot_state_publisher/get_loggers] /robot_state_publisher http://wng:45603/
[rosmaster.master][INFO] 2022-01-11 16:43:12,856: +SERVICE [/robot_state_publisher/set_logger_level] /robot_state_publisher http://wng:45603/
[rosmaster.master][INFO] 2022-01-11 16:43:12,857: +CACHEDPARAM [/rosout_disable_topics_generation] by /robot_state_publisher
[rosmaster.master][INFO] 2022-01-11 16:43:12,859: publisherUpdate[/rosout] -> http://wng:46241/ ['http://wng:35743/', 'http://wng:45603/']
[rosmaster.master][INFO] 2022-01-11 16:43:12,860: publisherUpdate[/rosout] -> http://wng:46241/ ['http://wng:35743/', 'http://wng:45603/']: sec=0.00, result=[1, '', 0]
[rosmaster.master][INFO] 2022-01-11 16:43:12,960: -PUB [/rosout] /robot_state_publisher http://wng:45603/
[rosmaster.master][INFO] 2022-01-11 16:43:12,960: publisherUpdate[/rosout] -> http://wng:46241/ ['http://wng:35743/']
[rosmaster.master][INFO] 2022-01-11 16:43:12,961: -SERVICE [/robot_state_publisher/get_loggers] /robot_state_publisher rosrpc://wng:43949
[rosmaster.master][INFO] 2022-01-11 16:43:12,961: publisherUpdate[/rosout] -> http://wng:46241/ ['http://wng:35743/']: sec=0.00, result=[1, '', 0]
[rosmaster.master][INFO] 2022-01-11 16:43:12,961: -SERVICE [/robot_state_publisher/set_logger_level] /robot_state_publisher rosrpc://wng:43949
[rosmaster.master][INFO] 2022-01-11 16:43:12,962: -CACHEDPARAM [/rosout_disable_topics_generation] by /robot_state_publisher
[rosmaster.master][INFO] 2022-01-11 16:43:13,060: +PUB [/rosout] /robot_state_publisher http://wng:34991/
[rosmaster.master][INFO] 2022-01-11 16:43:13,061: +SERVICE [/robot_state_publisher/get_loggers] /robot_state_publisher http://wng:34991/
[rosmaster.master][INFO] 2022-01-11 16:43:13,061: publisherUpdate[/rosout] -> http://wng:46241/ ['http://wng:35743/', 'http://wng:34991/']
[rosmaster.master][INFO] 2022-01-11 16:43:13,061: +SERVICE [/robot_state_publisher/set_logger_level] /robot_state_publisher http://wng:34991/
[rosmaster.master][INFO] 2022-01-11 16:43:13,062: publisherUpdate[/rosout] -> http://wng:46241/ ['http://wng:35743/', 'http://wng:34991/']: sec=0.00, result=[1, '', 0]
[rosmaster.master][INFO] 2022-01-11 16:43:13,063: +CACHEDPARAM [/rosout_disable_topics_generation] by /robot_state_publisher
[rosmaster.master][INFO] 2022-01-11 16:43:13,263: -PUB [/rosout] /robot_state_publisher http://wng:34991/
[rosmaster.master][INFO] 2022-01-11 16:43:13,263: publisherUpdate[/rosout] -> http://wng:46241/ ['http://wng:35743/']
[rosmaster.master][INFO] 2022-01-11 16:43:13,264: -SERVICE [/robot_state_publisher/get_loggers] /robot_state_publisher rosrpc://wng:40325
[rosmaster.master][INFO] 2022-01-11 16:43:13,264: publisherUpdate[/rosout] -> http://wng:46241/ ['http://wng:35743/']: sec=0.00, result=[1, '', 0]
[rosmaster.master][INFO] 2022-01-11 16:43:13,264: -SERVICE [/robot_state_publisher/set_logger_level] /robot_state_publisher rosrpc://wng:40325
[rosmaster.master][INFO] 2022-01-11 16:43:13,265: -CACHEDPARAM [/rosout_disable_topics_generation] by /robot_state_publisher
[rosmaster.master][INFO] 2022-01-11 16:43:13,365: +PUB [/rosout] /robot_state_publisher http://wng:44257/
[rosmaster.master][INFO] 2022-01-11 16:43:13,365: publisherUpdate[/rosout] -> http://wng:46241/ ['http://wng:35743/', 'http://wng:44257/']
[rosmaster.master][INFO] 2022-01-11 16:43:13,365: +SERVICE [/robot_state_publisher/get_loggers] /robot_state_publisher http://wng:44257/
[rosmaster.master][INFO] 2022-01-11 16:43:13,365: publisherUpdate[/rosout] -> http://wng:46241/ ['http://wng:35743/', 'http://wng:44257/']: sec=0.00, result=[1, '', 0]
[rosmaster.master][INFO] 2022-01-11 16:43:13,366: +SERVICE [/robot_state_publisher/set_logger_level] /robot_state_publisher http://wng:44257/
[rosmaster.master][INFO] 2022-01-11 16:43:13,367: +CACHEDPARAM [/rosout_disable_topics_generation] by /robot_state_publisher
[rosmaster.master][INFO] 2022-01-11 16:43:13,566: -PUB [/rosout] /robot_state_publisher http://wng:44257/
[rosmaster.master][INFO] 2022-01-11 16:43:13,566: publisherUpdate[/rosout] -> http://wng:46241/ ['http://wng:35743/']
[rosmaster.master][INFO] 2022-01-11 16:43:13,567: -SERVICE [/robot_state_publisher/get_loggers] /robot_state_publisher rosrpc://wng:58189
[rosmaster.master][INFO] 2022-01-11 16:43:13,567: publisherUpdate[/rosout] -> http://wng:46241/ ['http://wng:35743/']: sec=0.00, result=[1, '', 0]
[rosmaster.master][INFO] 2022-01-11 16:43:13,568: -SERVICE [/robot_state_publisher/set_logger_level] /robot_state_publisher rosrpc://wng:58189
[rosmaster.master][INFO] 2022-01-11 16:43:13,568: -CACHEDPARAM [/rosout_disable_topics_generation] by /robot_state_publisher
[rosmaster.master][INFO] 2022-01-11 16:43:13,669: +PUB [/rosout] /robot_state_publisher http://wng:33217/
[rosmaster.master][INFO] 2022-01-11 16:43:13,669: +SERVICE [/robot_state_publisher/get_loggers] /robot_state_publisher http://wng:33217/
[rosmaster.master][INFO] 2022-01-11 16:43:13,669: +SERVICE [/robot_state_publisher/set_logger_level] /robot_state_publisher http://wng:33217/
[rosmaster.master][INFO] 2022-01-11 16:43:13,670: +CACHEDPARAM [/rosout_disable_topics_generation] by /robot_state_publisher
[rosmaster.master][INFO] 2022-01-11 16:43:13,762: publisherUpdate[/rosout] -> http://wng:46241/ ['http://wng:35743/', 'http://wng:33217/']
[rosmaster.master][INFO] 2022-01-11 16:43:13,763: publisherUpdate[/rosout] -> http://wng:46241/ ['http://wng:35743/', 'http://wng:33217/']: sec=0.00, result=[1, '', 0]
[rosmaster.master][INFO] 2022-01-11 16:43:13,864: -PUB [/rosout] /robot_state_publisher http://wng:33217/
[rosmaster.master][INFO] 2022-01-11 16:43:13,864: publisherUpdate[/rosout] -> http://wng:46241/ ['http://wng:35743/']
[rosmaster.master][INFO] 2022-01-11 16:43:13,864: publisherUpdate[/rosout] -> http://wng:46241/ ['http://wng:35743/']: sec=0.00, result=[1, '', 0]
[rosmaster.master][INFO] 2022-01-11 16:43:13,865: -SERVICE [/robot_state_publisher/get_loggers] /robot_state_publisher rosrpc://wng:47883
[rosmaster.master][INFO] 2022-01-11 16:43:13,865: -SERVICE [/robot_state_publisher/set_logger_level] /robot_state_publisher rosrpc://wng:47883
[rosmaster.master][INFO] 2022-01-11 16:43:13,865: -CACHEDPARAM [/rosout_disable_topics_generation] by /robot_state_publisher
[rosmaster.master][INFO] 2022-01-11 16:43:13,972: +PUB [/rosout] /robot_state_publisher http://wng:46597/
[rosmaster.master][INFO] 2022-01-11 16:43:13,973: +SERVICE [/robot_state_publisher/get_loggers] /robot_state_publisher http://wng:46597/
[rosmaster.master][INFO] 2022-01-11 16:43:13,973: +SERVICE [/robot_state_publisher/set_logger_level] /robot_state_publisher http://wng:46597/
[rosmaster.master][INFO] 2022-01-11 16:43:13,974: +CACHEDPARAM [/rosout_disable_topics_generation] by /robot_state_publisher
[rosmaster.master][INFO] 2022-01-11 16:43:14,064: publisherUpdate[/rosout] -> http://wng:46241/ ['http://wng:35743/', 'http://wng:46597/']
[rosmaster.master][INFO] 2022-01-11 16:43:14,065: publisherUpdate[/rosout] -> http://wng:46241/ ['http://wng:35743/', 'http://wng:46597/']: sec=0.00, result=[1, '', 0]
[rosmaster.master][INFO] 2022-01-11 16:43:14,166: -PUB [/rosout] /robot_state_publisher http://wng:46597/
[rosmaster.master][INFO] 2022-01-11 16:43:14,166: publisherUpdate[/rosout] -> http://wng:46241/ ['http://wng:35743/']
[rosmaster.master][INFO] 2022-01-11 16:43:14,166: -SERVICE [/robot_state_publisher/get_loggers] /robot_state_publisher rosrpc://wng:48321
[rosmaster.master][INFO] 2022-01-11 16:43:14,167: publisherUpdate[/rosout] -> http://wng:46241/ ['http://wng:35743/']: sec=0.00, result=[1, '', 0]
[rosmaster.master][INFO] 2022-01-11 16:43:14,167: -SERVICE [/robot_state_publisher/set_logger_level] /robot_state_publisher rosrpc://wng:48321
[rosmaster.master][INFO] 2022-01-11 16:43:14,167: -CACHEDPARAM [/rosout_disable_topics_generation] by /robot_state_publisher
[rosmaster.master][INFO] 2022-01-11 16:43:14,277: +PUB [/rosout] /robot_state_publisher http://wng:40719/
[rosmaster.master][INFO] 2022-01-11 16:43:14,277: +SERVICE [/robot_state_publisher/get_loggers] /robot_state_publisher http://wng:40719/
[rosmaster.master][INFO] 2022-01-11 16:43:14,278: +SERVICE [/robot_state_publisher/set_logger_level] /robot_state_publisher http://wng:40719/
[rosmaster.master][INFO] 2022-01-11 16:43:14,279: +CACHEDPARAM [/rosout_disable_topics_generation] by /robot_state_publisher
[rosmaster.master][INFO] 2022-01-11 16:43:14,366: publisherUpdate[/rosout] -> http://wng:46241/ ['http://wng:35743/', 'http://wng:40719/']
[rosmaster.master][INFO] 2022-01-11 16:43:14,366: publisherUpdate[/rosout] -> http://wng:46241/ ['http://wng:35743/', 'http://wng:40719/']: sec=0.00, result=[1, '', 0]
[rosmaster.master][INFO] 2022-01-11 16:43:14,467: -PUB [/rosout] /robot_state_publisher http://wng:40719/
[rosmaster.master][INFO] 2022-01-11 16:43:14,467: publisherUpdate[/rosout] -> http://wng:46241/ ['http://wng:35743/']
[rosmaster.master][INFO] 2022-01-11 16:43:14,467: -SERVICE [/robot_state_publisher/get_loggers] /robot_state_publisher rosrpc://wng:43403
[rosmaster.master][INFO] 2022-01-11 16:43:14,468: publisherUpdate[/rosout] -> http://wng:46241/ ['http://wng:35743/']: sec=0.00, result=[1, '', 0]
[rosmaster.master][INFO] 2022-01-11 16:43:14,468: -SERVICE [/robot_state_publisher/set_logger_level] /robot_state_publisher rosrpc://wng:43403
[rosmaster.master][INFO] 2022-01-11 16:43:14,468: -CACHEDPARAM [/rosout_disable_topics_generation] by /robot_state_publisher
[rosmaster.master][INFO] 2022-01-11 16:43:14,581: +PUB [/rosout] /robot_state_publisher http://wng:34449/
[rosmaster.master][INFO] 2022-01-11 16:43:14,581: +SERVICE [/robot_state_publisher/get_loggers] /robot_state_publisher http://wng:34449/
[rosmaster.master][INFO] 2022-01-11 16:43:14,581: +SERVICE [/robot_state_publisher/set_logger_level] /robot_state_publisher http://wng:34449/
[rosmaster.master][INFO] 2022-01-11 16:43:14,582: +CACHEDPARAM [/rosout_disable_topics_generation] by /robot_state_publisher
[rosmaster.master][INFO] 2022-01-11 16:43:14,667: publisherUpdate[/rosout] -> http://wng:46241/ ['http://wng:35743/', 'http://wng:34449/']
[rosmaster.master][INFO] 2022-01-11 16:43:14,668: publisherUpdate[/rosout] -> http://wng:46241/ ['http://wng:35743/', 'http://wng:34449/']: sec=0.00, result=[1, '', 0]
[rosmaster.master][INFO] 2022-01-11 16:43:14,769: -PUB [/rosout] /robot_state_publisher http://wng:34449/
[rosmaster.master][INFO] 2022-01-11 16:43:14,769: publisherUpdate[/rosout] -> http://wng:46241/ ['http://wng:35743/']
[rosmaster.master][INFO] 2022-01-11 16:43:14,769: -SERVICE [/robot_state_publisher/get_loggers] /robot_state_publisher rosrpc://wng:50677
[rosmaster.master][INFO] 2022-01-11 16:43:14,770: publisherUpdate[/rosout] -> http://wng:46241/ ['http://wng:35743/']: sec=0.00, result=[1, '', 0]
[rosmaster.master][INFO] 2022-01-11 16:43:14,770: -SERVICE [/robot_state_publisher/set_logger_level] /robot_state_publisher rosrpc://wng:50677
[rosmaster.master][INFO] 2022-01-11 16:43:14,771: -CACHEDPARAM [/rosout_disable_topics_generation] by /robot_state_publisher
[rosmaster.master][INFO] 2022-01-11 16:43:14,886: +PUB [/rosout] /robot_state_publisher http://wng:41765/
[rosmaster.master][INFO] 2022-01-11 16:43:14,887: +SERVICE [/robot_state_publisher/get_loggers] /robot_state_publisher http://wng:41765/
[rosmaster.master][INFO] 2022-01-11 16:43:14,887: +SERVICE [/robot_state_publisher/set_logger_level] /robot_state_publisher http://wng:41765/
[rosmaster.master][INFO] 2022-01-11 16:43:14,888: +CACHEDPARAM [/rosout_disable_topics_generation] by /robot_state_publisher
[rosmaster.master][INFO] 2022-01-11 16:43:14,969: publisherUpdate[/rosout] -> http://wng:46241/ ['http://wng:35743/', 'http://wng:41765/']
[rosmaster.master][INFO] 2022-01-11 16:43:14,970: publisherUpdate[/rosout] -> http://wng:46241/ ['http://wng:35743/', 'http://wng:41765/']: sec=0.00, result=[1, '', 0]
[rosmaster.master][INFO] 2022-01-11 16:43:15,070: -PUB [/rosout] /robot_state_publisher http://wng:41765/
[rosmaster.master][INFO] 2022-01-11 16:43:15,071: publisherUpdate[/rosout] -> http://wng:46241/ ['http://wng:35743/']
[rosmaster.master][INFO] 2022-01-11 16:43:15,071: -SERVICE [/robot_state_publisher/get_loggers] /robot_state_publisher rosrpc://wng:38949
[rosmaster.master][INFO] 2022-01-11 16:43:15,071: publisherUpdate[/rosout] -> http://wng:46241/ ['http://wng:35743/']: sec=0.00, result=[1, '', 0]
[rosmaster.master][INFO] 2022-01-11 16:43:15,072: -SERVICE [/robot_state_publisher/set_logger_level] /robot_state_publisher rosrpc://wng:38949
[rosmaster.master][INFO] 2022-01-11 16:43:15,072: -CACHEDPARAM [/rosout_disable_topics_generation] by /robot_state_publisher
[rosmaster.master][INFO] 2022-01-11 16:43:15,189: +PUB [/rosout] /robot_state_publisher http://wng:45551/
[rosmaster.master][INFO] 2022-01-11 16:43:15,190: +SERVICE [/robot_state_publisher/get_loggers] /robot_state_publisher http://wng:45551/
[rosmaster.master][INFO] 2022-01-11 16:43:15,190: +SERVICE [/robot_state_publisher/set_logger_level] /robot_state_publisher http://wng:45551/
[rosmaster.master][INFO] 2022-01-11 16:43:15,191: +CACHEDPARAM [/rosout_disable_topics_generation] by /robot_state_publisher
[rosmaster.master][INFO] 2022-01-11 16:43:15,270: publisherUpdate[/rosout] -> http://wng:46241/ ['http://wng:35743/', 'http://wng:45551/']
[rosmaster.master][INFO] 2022-01-11 16:43:15,271: publisherUpdate[/rosout] -> http://wng:46241/ ['http://wng:35743/', 'http://wng:45551/']: sec=0.00, result=[1, '', 0]
[rosmaster.master][INFO] 2022-01-11 16:43:15,371: -PUB [/rosout] /robot_state_publisher http://wng:45551/
[rosmaster.master][INFO] 2022-01-11 16:43:15,371: publisherUpdate[/rosout] -> http://wng:46241/ ['http://wng:35743/']
[rosmaster.master][INFO] 2022-01-11 16:43:15,372: -SERVICE [/robot_state_publisher/get_loggers] /robot_state_publisher rosrpc://wng:46081
[rosmaster.master][INFO] 2022-01-11 16:43:15,372: publisherUpdate[/rosout] -> http://wng:46241/ ['http://wng:35743/']: sec=0.00, result=[1, '', 0]
[rosmaster.master][INFO] 2022-01-11 16:43:15,373: -SERVICE [/robot_state_publisher/set_logger_level] /robot_state_publisher rosrpc://wng:46081
[rosmaster.master][INFO] 2022-01-11 16:43:15,373: -CACHEDPARAM [/rosout_disable_topics_generation] by /robot_state_publisher
[rosmaster.master][INFO] 2022-01-11 16:43:15,493: +PUB [/rosout] /robot_state_publisher http://wng:37315/
[rosmaster.master][INFO] 2022-01-11 16:43:15,494: +SERVICE [/robot_state_publisher/get_loggers] /robot_state_publisher http://wng:37315/
[rosmaster.master][INFO] 2022-01-11 16:43:15,494: +SERVICE [/robot_state_publisher/set_logger_level] /robot_state_publisher http://wng:37315/
[rosmaster.master][INFO] 2022-01-11 16:43:15,495: +CACHEDPARAM [/rosout_disable_topics_generation] by /robot_state_publisher
[rosmaster.master][INFO] 2022-01-11 16:43:15,572: publisherUpdate[/rosout] -> http://wng:46241/ ['http://wng:35743/', 'http://wng:37315/']
[rosmaster.master][INFO] 2022-01-11 16:43:15,573: publisherUpdate[/rosout] -> http://wng:46241/ ['http://wng:35743/', 'http://wng:37315/']: sec=0.00, result=[1, '', 0]
[rosmaster.master][INFO] 2022-01-11 16:43:15,673: -PUB [/rosout] /robot_state_publisher http://wng:37315/
[rosmaster.master][INFO] 2022-01-11 16:43:15,673: publisherUpdate[/rosout] -> http://wng:46241/ ['http://wng:35743/']
[rosmaster.master][INFO] 2022-01-11 16:43:15,674: -SERVICE [/robot_state_publisher/get_loggers] /robot_state_publisher rosrpc://wng:39903
[rosmaster.master][INFO] 2022-01-11 16:43:15,674: publisherUpdate[/rosout] -> http://wng:46241/ ['http://wng:35743/']: sec=0.00, result=[1, '', 0]
[rosmaster.master][INFO] 2022-01-11 16:43:15,674: -SERVICE [/robot_state_publisher/set_logger_level] /robot_state_publisher rosrpc://wng:39903
[rosmaster.master][INFO] 2022-01-11 16:43:15,675: -CACHEDPARAM [/rosout_disable_topics_generation] by /robot_state_publisher
[rosmaster.master][INFO] 2022-01-11 16:43:15,843: -PUB [/rosout] /rviz_wng_1797_8668212091027748816 http://wng:35743/
[rosmaster.master][INFO] 2022-01-11 16:43:15,844: -PUB [/planning_scene] /rviz_wng_1797_8668212091027748816 http://wng:35743/
[rosmaster.master][INFO] 2022-01-11 16:43:15,844: -PUB [/planning_scene_world] /rviz_wng_1797_8668212091027748816 http://wng:35743/
[rosmaster.master][INFO] 2022-01-11 16:43:15,845: -PUB [/feedback] /rviz_wng_1797_8668212091027748816 http://wng:35743/
[rosmaster.master][INFO] 2022-01-11 16:43:15,845: -PUB [/initialpose] /rviz_wng_1797_8668212091027748816 http://wng:35743/
[rosmaster.master][INFO] 2022-01-11 16:43:15,845: -PUB [/move_base_simple/goal] /rviz_wng_1797_8668212091027748816 http://wng:35743/
[rosmaster.master][INFO] 2022-01-11 16:43:15,845: -PUB [/clicked_point] /rviz_wng_1797_8668212091027748816 http://wng:35743/
[rosmaster.master][INFO] 2022-01-11 16:43:15,846: -SUB [/tf] /rviz_wng_1797_8668212091027748816 http://wng:35743/
[rosmaster.master][INFO] 2022-01-11 16:43:15,846: -SUB [/tf_static] /rviz_wng_1797_8668212091027748816 http://wng:35743/
[rosmaster.master][INFO] 2022-01-11 16:43:15,846: -SUB [/recognized_object_array] /rviz_wng_1797_8668212091027748816 http://wng:35743/
[rosmaster.master][INFO] 2022-01-11 16:43:15,847: -SERVICE [/rviz_wng_1797_8668212091027748816/get_loggers] /rviz_wng_1797_8668212091027748816 rosrpc://wng:34247
[rosmaster.master][INFO] 2022-01-11 16:43:15,847: -SERVICE [/rviz_wng_1797_8668212091027748816/set_logger_level] /rviz_wng_1797_8668212091027748816 rosrpc://wng:34247
[rosmaster.master][INFO] 2022-01-11 16:43:15,847: -SERVICE [/rviz_wng_1797_8668212091027748816/reload_shaders] /rviz_wng_1797_8668212091027748816 rosrpc://wng:34247
[rosmaster.master][INFO] 2022-01-11 16:43:15,848: -SERVICE [/rviz_wng_1797_8668212091027748816/load_config] /rviz_wng_1797_8668212091027748816 rosrpc://wng:34247
[rosmaster.master][INFO] 2022-01-11 16:43:15,848: -SERVICE [/rviz_wng_1797_8668212091027748816/save_config] /rviz_wng_1797_8668212091027748816 rosrpc://wng:34247
[rosmaster.master][INFO] 2022-01-11 16:43:15,848: -CACHEDPARAM [/rosout_disable_topics_generation] by /rviz_wng_1797_8668212091027748816
[rosmaster.master][INFO] 2022-01-11 16:43:15,873: publisherUpdate[/rosout] -> http://wng:46241/ []
[rosmaster.master][INFO] 2022-01-11 16:43:15,874: publisherUpdate[/rosout] -> http://wng:46241/ []: sec=0.00, result=[1, '', 0]
[rosmaster.master][INFO] 2022-01-11 16:43:16,074: -PUB [/rosout_agg] /rosout http://wng:46241/
[rosmaster.master][INFO] 2022-01-11 16:43:16,075: -SUB [/rosout] /rosout http://wng:46241/
[rosmaster.master][INFO] 2022-01-11 16:43:16,075: -SERVICE [/rosout/get_loggers] /rosout rosrpc://wng:40847
[rosmaster.master][INFO] 2022-01-11 16:43:16,075: -SERVICE [/rosout/set_logger_level] /rosout rosrpc://wng:40847
[rosmaster.master][INFO] 2022-01-11 16:43:16,076: -CACHEDPARAM [/rosout/omit_topics] by /rosout
[rosmaster.main][INFO] 2022-01-11 16:43:16,087: keyboard interrupt, will exit
[rosmaster.main][INFO] 2022-01-11 16:43:16,087: stopping master...
[rospy.core][INFO] 2022-01-11 16:43:16,087: signal_shutdown [atexit]
