[rospy.client][INFO] 2021-09-10 09:36:45,926: init_node, name[/joint_state_publisher], pid[30241]
[xmlrpc][INFO] 2021-09-10 09:36:45,927: XML-RPC server binding to 0.0.0.0:0
[xmlrpc][INFO] 2021-09-10 09:36:45,927: Started XML-RPC server [http://wng:39127/]
[rospy.init][INFO] 2021-09-10 09:36:45,927: ROS Slave URI: [http://wng:39127/]
[rospy.impl.masterslave][INFO] 2021-09-10 09:36:45,927: _ready: http://wng:39127/
[rospy.registration][INFO] 2021-09-10 09:36:45,927: Registering with master node http://localhost:11311
[xmlrpc][INFO] 2021-09-10 09:36:45,928: xml rpc node: starting XML-RPC server
[rospy.init][INFO] 2021-09-10 09:36:46,027: registered with master
[rospy.rosout][INFO] 2021-09-10 09:36:46,027: initializing /rosout core topic
[rospy.rosout][INFO] 2021-09-10 09:36:46,030: connected to core topic /rosout
[rospy.simtime][INFO] 2021-09-10 09:36:46,031: /use_sim_time is not set, will not subscribe to simulated time [/clock] topic
[rospy.internal][INFO] 2021-09-10 09:36:46,092: topic[/move_group/fake_controller_joint_states] adding connection to [http://wng:41643/], count 0
[rospy.internal][INFO] 2021-09-10 09:36:46,292: topic[/rosout] adding connection to [/rosout], count 0
[rospy.internal][INFO] 2021-09-10 09:36:46,292: topic[/joint_states] adding connection to [/joint_state_desired_publisher], count 0
[rospy.internal][INFO] 2021-09-10 09:36:46,293: topic[/joint_states] adding connection to [/robot_state_publisher], count 1
[rospy.internal][INFO] 2021-09-10 09:37:15,533: topic[/joint_states] adding connection to [/move_group_commander_wrappers_1631234212720217027], count 2
[rospy.internal][INFO] 2021-09-10 10:07:25,846: topic[/joint_states] removing connection to /move_group_commander_wrappers_1631234212720217027
[rospy.core][INFO] 2021-09-10 10:07:36,710: signal_shutdown [signal-2]
[rospy.internal][INFO] 2021-09-10 10:07:36,712: topic[/joint_states] removing connection to /joint_state_desired_publisher
[rospy.internal][INFO] 2021-09-10 10:07:36,717: topic[/joint_states] removing connection to /robot_state_publisher
[rospy.internal][INFO] 2021-09-10 10:07:36,717: topic[/rosout] removing connection to /rosout
[rospy.internal][INFO] 2021-09-10 10:07:36,717: topic[/move_group/fake_controller_joint_states] removing connection to http://wng:41643/
[rospy.impl.masterslave][INFO] 2021-09-10 10:07:36,725: signal-2
[rospy.core][INFO] 2021-09-10 10:07:36,847: signal_shutdown [atexit]
