[rospy.client][INFO] 2021-09-25 21:02:12,640: init_node, name[/joint_state_publisher], pid[28851]
[xmlrpc][INFO] 2021-09-25 21:02:12,641: XML-RPC server binding to 0.0.0.0:0
[xmlrpc][INFO] 2021-09-25 21:02:12,641: Started XML-RPC server [http://wng:40825/]
[rospy.init][INFO] 2021-09-25 21:02:12,641: ROS Slave URI: [http://wng:40825/]
[rospy.impl.masterslave][INFO] 2021-09-25 21:02:12,641: _ready: http://wng:40825/
[rospy.registration][INFO] 2021-09-25 21:02:12,642: Registering with master node http://localhost:11311
[xmlrpc][INFO] 2021-09-25 21:02:12,642: xml rpc node: starting XML-RPC server
[rospy.init][INFO] 2021-09-25 21:02:12,741: registered with master
[rospy.rosout][INFO] 2021-09-25 21:02:12,741: initializing /rosout core topic
[rospy.rosout][INFO] 2021-09-25 21:02:12,744: connected to core topic /rosout
[rospy.simtime][INFO] 2021-09-25 21:02:12,745: /use_sim_time is not set, will not subscribe to simulated time [/clock] topic
[rospy.internal][INFO] 2021-09-25 21:02:12,810: topic[/move_group/fake_controller_joint_states] adding connection to [http://wng:43227/], count 0
[rospy.internal][INFO] 2021-09-25 21:02:13,015: topic[/rosout] adding connection to [/rosout], count 0
[rospy.internal][INFO] 2021-09-25 21:02:13,015: topic[/joint_states] adding connection to [/joint_state_desired_publisher], count 0
[rospy.internal][INFO] 2021-09-25 21:02:13,114: topic[/joint_states] adding connection to [/robot_state_publisher], count 1
[rospy.internal][INFO] 2021-09-25 21:02:53,328: topic[/joint_states] adding connection to [/move_group_commander_wrappers_1632571339750372746], count 2
[rospy.internal][INFO] 2021-09-25 21:35:57,662: topic[/joint_states] removing connection to /move_group_commander_wrappers_1632571339750372746
[rospy.core][INFO] 2021-09-25 21:36:01,754: signal_shutdown [signal-2]
[rospy.internal][INFO] 2021-09-25 21:36:01,757: topic[/joint_states] removing connection to /joint_state_desired_publisher
[rospy.internal][INFO] 2021-09-25 21:36:01,757: topic[/joint_states] removing connection to /robot_state_publisher
[rospy.internal][INFO] 2021-09-25 21:36:01,757: topic[/rosout] removing connection to /rosout
[rospy.internal][INFO] 2021-09-25 21:36:01,758: topic[/move_group/fake_controller_joint_states] removing connection to http://wng:43227/
[rospy.impl.masterslave][INFO] 2021-09-25 21:36:01,758: signal-2
[rospy.core][INFO] 2021-09-25 21:36:01,922: signal_shutdown [atexit]
