[rospy.client][INFO] 2022-01-13 10:56:26,163: init_node, name[/joint_state_publisher], pid[17713]
[xmlrpc][INFO] 2022-01-13 10:56:26,163: XML-RPC server binding to 0.0.0.0:0
[xmlrpc][INFO] 2022-01-13 10:56:26,163: Started XML-RPC server [http://wng:34693/]
[rospy.init][INFO] 2022-01-13 10:56:26,163: ROS Slave URI: [http://wng:34693/]
[rospy.impl.masterslave][INFO] 2022-01-13 10:56:26,163: _ready: http://wng:34693/
[xmlrpc][INFO] 2022-01-13 10:56:26,164: xml rpc node: starting XML-RPC server
[rospy.registration][INFO] 2022-01-13 10:56:26,164: Registering with master node http://localhost:11311
[rospy.init][INFO] 2022-01-13 10:56:26,264: registered with master
[rospy.rosout][INFO] 2022-01-13 10:56:26,264: initializing /rosout core topic
[rospy.rosout][INFO] 2022-01-13 10:56:26,266: connected to core topic /rosout
[rospy.simtime][INFO] 2022-01-13 10:56:26,267: /use_sim_time is not set, will not subscribe to simulated time [/clock] topic
[rospy.internal][INFO] 2022-01-13 10:56:26,333: topic[/move_group/fake_controller_joint_states] adding connection to [http://wng:35327/], count 0
[rospy.internal][INFO] 2022-01-13 10:56:26,463: topic[/rosout] adding connection to [/rosout], count 0
[rospy.internal][INFO] 2022-01-13 10:56:26,564: topic[/joint_states] adding connection to [/robot_state_publisher], count 0
[rospy.internal][INFO] 2022-01-13 10:56:26,564: topic[/joint_states] adding connection to [/move_group], count 1
[rospy.core][INFO] 2022-01-13 10:58:12,445: signal_shutdown [signal-2]
[rospy.internal][INFO] 2022-01-13 10:58:12,449: topic[/joint_states] removing connection to /robot_state_publisher
[rospy.internal][INFO] 2022-01-13 10:58:12,449: topic[/joint_states] removing connection to /move_group
[rospy.internal][INFO] 2022-01-13 10:58:12,449: topic[/rosout] removing connection to /rosout
[rospy.internal][INFO] 2022-01-13 10:58:12,449: topic[/move_group/fake_controller_joint_states] removing connection to http://wng:35327/
[rospy.impl.masterslave][INFO] 2022-01-13 10:58:12,449: signal-2
[rospy.core][INFO] 2022-01-13 10:58:12,613: signal_shutdown [atexit]
