[rosmaster.main][INFO] 2022-01-13 10:56:25,757: initialization complete, waiting for shutdown
[rosmaster.main][INFO] 2022-01-13 10:56:25,757: Starting ROS Master Node
[xmlrpc][INFO] 2022-01-13 10:56:25,757: XML-RPC server binding to 0.0.0.0:11311
[xmlrpc][INFO] 2022-01-13 10:56:25,758: Started XML-RPC server [http://wng:11311/]
[xmlrpc][INFO] 2022-01-13 10:56:25,758: xml rpc node: starting XML-RPC server
[rosmaster.master][INFO] 2022-01-13 10:56:25,758: Master initialized: port[11311], uri[http://wng:11311/]
[rosmaster.master][INFO] 2022-01-13 10:56:25,853: +PARAM [/run_id] by /roslaunch
[rosmaster.master][INFO] 2022-01-13 10:56:25,854: +PARAM [/roslaunch/uris/host_wng__37311] by /roslaunch
[rosmaster.master][INFO] 2022-01-13 10:56:25,907: +PARAM [/move_group/planner_configs/RRTkConfigDefault/goal_bias] by /roslaunch
[rosmaster.master][INFO] 2022-01-13 10:56:25,908: +PARAM [/robot_description_semantic] by /roslaunch
[rosmaster.master][INFO] 2022-01-13 10:56:25,908: +PARAM [/move_group/manipulator/longest_valid_segment_fraction] by /roslaunch
[rosmaster.master][INFO] 2022-01-13 10:56:25,908: +PARAM [/robot_description_planning/joint_limits/shoulder_pan_joint/has_velocity_limits] by /roslaunch
[rosmaster.master][INFO] 2022-01-13 10:56:25,908: +PARAM [/move_group/planner_configs/RRTstarkConfigDefault/range] by /roslaunch
[rosmaster.master][INFO] 2022-01-13 10:56:25,908: +PARAM [/move_group/controller_list] by /roslaunch
[rosmaster.master][INFO] 2022-01-13 10:56:25,908: +PARAM [/move_group/max_safe_path_cost] by /roslaunch
[rosmaster.master][INFO] 2022-01-13 10:56:25,908: +PARAM [/robot_description_planning/joint_limits/shoulder_pan_joint/max_velocity] by /roslaunch
[rosmaster.master][INFO] 2022-01-13 10:56:25,908: +PARAM [/rviz_wng_17648_8361667051100657323/manipulator/kinematics_solver_search_resolution] by /roslaunch
[rosmaster.master][INFO] 2022-01-13 10:56:25,908: +PARAM [/move_group/planner_configs/RRTstarkConfigDefault/goal_bias] by /roslaunch
[rosmaster.master][INFO] 2022-01-13 10:56:25,908: +PARAM [/move_group/planning_scene_monitor/publish_planning_scene] by /roslaunch
[rosmaster.master][INFO] 2022-01-13 10:56:25,908: +PARAM [/move_group/planner_configs/PRMkConfigDefault/type] by /roslaunch
[rosmaster.master][INFO] 2022-01-13 10:56:25,908: +PARAM [/move_group/planner_configs/KPIECEkConfigDefault/min_valid_path_fraction] by /roslaunch
[rosmaster.master][INFO] 2022-01-13 10:56:25,909: +PARAM [/move_group/planner_configs/BKPIECEkConfigDefault/border_fraction] by /roslaunch
[rosmaster.master][INFO] 2022-01-13 10:56:25,909: +PARAM [/move_group/planner_configs/PRMkConfigDefault/max_nearest_neighbors] by /roslaunch
[rosmaster.master][INFO] 2022-01-13 10:56:25,909: +PARAM [/move_group/planner_configs/TRRTkConfigDefault/goal_bias] by /roslaunch
[rosmaster.master][INFO] 2022-01-13 10:56:25,909: +SERVICE [/rosout/get_loggers] /rosout http://wng:34301/
[rosmaster.master][INFO] 2022-01-13 10:56:25,909: +PARAM [/robot_description_planning/joint_limits/shoulder_lift_joint/has_acceleration_limits] by /roslaunch
[rosmaster.master][INFO] 2022-01-13 10:56:25,909: +PARAM [/robot_description_planning/joint_limits/shoulder_lift_joint/max_velocity] by /roslaunch
[rosmaster.master][INFO] 2022-01-13 10:56:25,909: +SERVICE [/rosout/set_logger_level] /rosout http://wng:34301/
[rosmaster.master][INFO] 2022-01-13 10:56:25,909: +PARAM [/robot_description_planning/joint_limits/shoulder_pan_joint/max_acceleration] by /roslaunch
[rosmaster.master][INFO] 2022-01-13 10:56:25,909: +PARAM [/move_group/planner_configs/RRTkConfigDefault/range] by /roslaunch
[rosmaster.master][INFO] 2022-01-13 10:56:25,910: +PARAM [/move_group/planner_configs/BKPIECEkConfigDefault/min_valid_path_fraction] by /roslaunch
[rosmaster.master][INFO] 2022-01-13 10:56:25,910: +PARAM [/move_group/planner_configs/SBLkConfigDefault/range] by /roslaunch
[rosmaster.master][INFO] 2022-01-13 10:56:25,910: +PARAM [/move_group/manipulator/default_planner_config] by /roslaunch
[rosmaster.master][INFO] 2022-01-13 10:56:25,910: +PARAM [/move_group/planner_configs/TRRTkConfigDefault/frountierNodeRatio] by /roslaunch
[rosmaster.master][INFO] 2022-01-13 10:56:25,910: +PARAM [/move_group/endeffector/planner_configs] by /roslaunch
[rosmaster.master][INFO] 2022-01-13 10:56:25,910: +PUB [/rosout_agg] /rosout http://wng:34301/
[rosmaster.master][INFO] 2022-01-13 10:56:25,910: +PARAM [/move_group/moveit_controller_manager] by /roslaunch
[rosmaster.master][INFO] 2022-01-13 10:56:25,910: +PARAM [/move_group/planning_plugin] by /roslaunch
[rosmaster.master][INFO] 2022-01-13 10:56:25,910: +PARAM [/robot_description_planning/joint_limits/wrist_1_joint/max_velocity] by /roslaunch
[rosmaster.master][INFO] 2022-01-13 10:56:25,910: +PARAM [/robot_description_planning/joint_limits/wrist_2_joint/max_acceleration] by /roslaunch
[rosmaster.master][INFO] 2022-01-13 10:56:25,910: +PARAM [/move_group/planner_configs/TRRTkConfigDefault/max_states_failed] by /roslaunch
[rosmaster.master][INFO] 2022-01-13 10:56:25,911: +PARAM [/rviz_wng_17648_8361667051100657323/manipulator/kinematics_solver_timeout] by /roslaunch
[rosmaster.master][INFO] 2022-01-13 10:56:25,911: +PARAM [/robot_description_planning/joint_limits/wrist_3_joint/max_velocity] by /roslaunch
[rosmaster.master][INFO] 2022-01-13 10:56:25,911: +PARAM [/move_group/planner_configs/ESTkConfigDefault/range] by /roslaunch
[rosmaster.master][INFO] 2022-01-13 10:56:25,911: +PARAM [/move_group/trajectory_execution/allowed_goal_duration_margin] by /roslaunch
[rosmaster.master][INFO] 2022-01-13 10:56:25,911: +PARAM [/rosdistro] by /roslaunch
[rosmaster.master][INFO] 2022-01-13 10:56:25,911: +SUB [/rosout] /rosout http://wng:34301/
[rosmaster.master][INFO] 2022-01-13 10:56:25,911: +PARAM [/robot_description_planning/joint_limits/wrist_1_joint/has_acceleration_limits] by /roslaunch
[rosmaster.master][INFO] 2022-01-13 10:56:25,911: +PARAM [/move_group/planner_configs/PRMstarkConfigDefault/type] by /roslaunch
[rosmaster.master][INFO] 2022-01-13 10:56:25,911: +PARAM [/move_group/trajectory_execution/allowed_execution_duration_scaling] by /roslaunch
[rosmaster.master][INFO] 2022-01-13 10:56:25,912: +PARAM [/robot_description_planning/joint_limits/wrist_3_joint/max_acceleration] by /roslaunch
[rosmaster.master][INFO] 2022-01-13 10:56:25,912: +PARAM [/move_group/allow_trajectory_execution] by /roslaunch
[rosmaster.master][INFO] 2022-01-13 10:56:25,912: +PARAM [/ROS_IP] by /roslaunch
[rosmaster.master][INFO] 2022-01-13 10:56:25,912: +PARAM [/move_group/planner_configs/ESTkConfigDefault/type] by /roslaunch
[rosmaster.master][INFO] 2022-01-13 10:56:25,912: +PARAM [/robot_description_planning/joint_limits/wrist_3_joint/has_velocity_limits] by /roslaunch
[rosmaster.master][INFO] 2022-01-13 10:56:25,912: +PARAM [/move_group/start_state_max_bounds_error] by /roslaunch
[rosmaster.master][INFO] 2022-01-13 10:56:25,912: +PARAM [/robot_description_kinematics/manipulator/kinematics_solver_attempts] by /roslaunch
[rosmaster.master][INFO] 2022-01-13 10:56:25,912: +PARAM [/move_group/max_range] by /roslaunch
[rosmaster.master][INFO] 2022-01-13 10:56:25,912: +PARAM [/rviz_wng_17648_8361667051100657323/manipulator/kinematics_solver] by /roslaunch
[rosmaster.master][INFO] 2022-01-13 10:56:25,912: +PARAM [/move_group/planner_configs/TRRTkConfigDefault/init_temperature] by /roslaunch
[rosmaster.master][INFO] 2022-01-13 10:56:25,912: +PARAM [/joint_state_publisher/use_gui] by /roslaunch
[rosmaster.master][INFO] 2022-01-13 10:56:25,912: +PARAM [/robot_description_planning/joint_limits/shoulder_pan_joint/has_acceleration_limits] by /roslaunch
[rosmaster.master][INFO] 2022-01-13 10:56:25,912: +PARAM [/move_group/planner_configs/BKPIECEkConfigDefault/type] by /roslaunch
[rosmaster.master][INFO] 2022-01-13 10:56:25,912: +PARAM [/robot_description_planning/joint_limits/shoulder_lift_joint/max_acceleration] by /roslaunch
[rosmaster.master][INFO] 2022-01-13 10:56:25,912: +PARAM [/move_group/planner_configs/KPIECEkConfigDefault/border_fraction] by /roslaunch
[rosmaster.master][INFO] 2022-01-13 10:56:25,913: +PARAM [/move_group/moveit_manage_controllers] by /roslaunch
[rosmaster.master][INFO] 2022-01-13 10:56:25,913: +PARAM [/rviz_wng_17648_8361667051100657323/manipulator/kinematics_solver_attempts] by /roslaunch
[rosmaster.master][INFO] 2022-01-13 10:56:25,913: +PARAM [/robot_description_planning/joint_limits/elbow_joint/max_velocity] by /roslaunch
[rosmaster.master][INFO] 2022-01-13 10:56:25,913: +PARAM [/robot_description_kinematics/manipulator/kinematics_solver_search_resolution] by /roslaunch
[rosmaster.master][INFO] 2022-01-13 10:56:25,913: +PARAM [/robot_description_planning/joint_limits/wrist_2_joint/max_velocity] by /roslaunch
[rosmaster.master][INFO] 2022-01-13 10:56:25,913: +PARAM [/move_group/planner_configs/ESTkConfigDefault/goal_bias] by /roslaunch
[rosmaster.master][INFO] 2022-01-13 10:56:25,913: +PARAM [/move_group/planner_configs/LBKPIECEkConfigDefault/border_fraction] by /roslaunch
[rosmaster.master][INFO] 2022-01-13 10:56:25,913: +PARAM [/move_group/jiggle_fraction] by /roslaunch
[rosmaster.master][INFO] 2022-01-13 10:56:25,913: +PARAM [/robot_description_planning/joint_limits/shoulder_lift_joint/has_velocity_limits] by /roslaunch
[rosmaster.master][INFO] 2022-01-13 10:56:25,913: +PARAM [/move_group/planner_configs/TRRTkConfigDefault/range] by /roslaunch
[rosmaster.master][INFO] 2022-01-13 10:56:25,913: +PARAM [/move_group/planning_scene_monitor/publish_state_updates] by /roslaunch
[rosmaster.master][INFO] 2022-01-13 10:56:25,913: +PARAM [/robot_description_planning/joint_limits/elbow_joint/max_acceleration] by /roslaunch
[rosmaster.master][INFO] 2022-01-13 10:56:25,913: +PARAM [/move_group/planner_configs/TRRTkConfigDefault/temp_change_factor] by /roslaunch
[rosmaster.master][INFO] 2022-01-13 10:56:25,913: +PARAM [/move_group/planner_configs/BKPIECEkConfigDefault/range] by /roslaunch
[rosmaster.master][INFO] 2022-01-13 10:56:25,914: +PARAM [/move_group/planner_configs/SBLkConfigDefault/type] by /roslaunch
[rosmaster.master][INFO] 2022-01-13 10:56:25,914: +PARAM [/robot_description] by /roslaunch
[rosmaster.master][INFO] 2022-01-13 10:56:25,914: +PARAM [/move_group/capabilities] by /roslaunch
[rosmaster.master][INFO] 2022-01-13 10:56:25,914: +PARAM [/move_group/planner_configs/LBKPIECEkConfigDefault/range] by /roslaunch
[rosmaster.master][INFO] 2022-01-13 10:56:25,914: +PARAM [/robot_description_kinematics/manipulator/kinematics_solver_timeout] by /roslaunch
[rosmaster.master][INFO] 2022-01-13 10:56:25,914: +PARAM [/move_group/planner_configs/TRRTkConfigDefault/frountier_threshold] by /roslaunch
[rosmaster.master][INFO] 2022-01-13 10:56:25,914: +PARAM [/move_group/planner_configs/KPIECEkConfigDefault/range] by /roslaunch
[rosmaster.master][INFO] 2022-01-13 10:56:25,914: +PARAM [/robot_description_planning/joint_limits/wrist_1_joint/has_velocity_limits] by /roslaunch
[rosmaster.master][INFO] 2022-01-13 10:56:25,914: +PARAM [/robot_description_planning/joint_limits/wrist_3_joint/has_acceleration_limits] by /roslaunch
[rosmaster.master][INFO] 2022-01-13 10:56:25,914: +PARAM [/move_group/planner_configs/LBKPIECEkConfigDefault/type] by /roslaunch
[rosmaster.master][INFO] 2022-01-13 10:56:25,914: +PARAM [/move_group/planner_configs/TRRTkConfigDefault/type] by /roslaunch
[rosmaster.master][INFO] 2022-01-13 10:56:25,914: +PARAM [/move_group/planner_configs/KPIECEkConfigDefault/goal_bias] by /roslaunch
[rosmaster.master][INFO] 2022-01-13 10:56:25,914: +PARAM [/move_group/planner_configs/RRTConnectkConfigDefault/range] by /roslaunch
[rosmaster.master][INFO] 2022-01-13 10:56:25,915: +PARAM [/move_group/request_adapters] by /roslaunch
[rosmaster.master][INFO] 2022-01-13 10:56:25,915: +PARAM [/move_group/planner_configs/TRRTkConfigDefault/min_temperature] by /roslaunch
[rosmaster.master][INFO] 2022-01-13 10:56:25,915: +PARAM [/move_group/octomap_resolution] by /roslaunch
[rosmaster.master][INFO] 2022-01-13 10:56:25,915: +PARAM [/robot_description_planning/joint_limits/wrist_2_joint/has_velocity_limits] by /roslaunch
[rosmaster.master][INFO] 2022-01-13 10:56:25,915: +PARAM [/move_group/planning_scene_monitor/publish_geometry_updates] by /roslaunch
[rosmaster.master][INFO] 2022-01-13 10:56:25,915: +PARAM [/move_group/planner_configs/KPIECEkConfigDefault/failed_expansion_score_factor] by /roslaunch
[rosmaster.master][INFO] 2022-01-13 10:56:25,915: +PARAM [/move_group/planning_scene_monitor/publish_transforms_updates] by /roslaunch
[rosmaster.master][INFO] 2022-01-13 10:56:25,915: +PARAM [/robot_description_planning/joint_limits/elbow_joint/has_acceleration_limits] by /roslaunch
[rosmaster.master][INFO] 2022-01-13 10:56:25,915: +PARAM [/move_group/planner_configs/RRTstarkConfigDefault/type] by /roslaunch
[rosmaster.master][INFO] 2022-01-13 10:56:25,915: +PARAM [/move_group/planner_configs/RRTstarkConfigDefault/delay_collision_checking] by /roslaunch
[rosmaster.master][INFO] 2022-01-13 10:56:25,915: +PARAM [/move_group/planner_configs/KPIECEkConfigDefault/type] by /roslaunch
[rosmaster.master][INFO] 2022-01-13 10:56:25,915: +PARAM [/move_group/planner_configs/RRTConnectkConfigDefault/type] by /roslaunch
[rosmaster.master][INFO] 2022-01-13 10:56:25,915: +PARAM [/move_group/manipulator/planner_configs] by /roslaunch
[rosmaster.master][INFO] 2022-01-13 10:56:25,916: +PARAM [/robot_description_kinematics/manipulator/kinematics_solver] by /roslaunch
[rosmaster.master][INFO] 2022-01-13 10:56:25,916: +PARAM [/move_group/planner_configs/BKPIECEkConfigDefault/failed_expansion_score_factor] by /roslaunch
[rosmaster.master][INFO] 2022-01-13 10:56:25,916: +PARAM [/move_group/planner_configs/LBKPIECEkConfigDefault/min_valid_path_fraction] by /roslaunch
[rosmaster.master][INFO] 2022-01-13 10:56:25,916: +PARAM [/rosversion] by /roslaunch
[rosmaster.master][INFO] 2022-01-13 10:56:25,916: +PARAM [/move_group/planner_configs/TRRTkConfigDefault/k_constant] by /roslaunch
[rosmaster.master][INFO] 2022-01-13 10:56:25,916: +PARAM [/robot_description_planning/joint_limits/wrist_2_joint/has_acceleration_limits] by /roslaunch
[rosmaster.master][INFO] 2022-01-13 10:56:25,916: +PARAM [/robot_description_planning/joint_limits/wrist_1_joint/max_acceleration] by /roslaunch
[rosmaster.master][INFO] 2022-01-13 10:56:25,916: +PARAM [/robot_description_planning/joint_limits/elbow_joint/has_velocity_limits] by /roslaunch
[rosmaster.master][INFO] 2022-01-13 10:56:25,916: +PARAM [/move_group/planner_configs/RRTkConfigDefault/type] by /roslaunch
[rosmaster.master][INFO] 2022-01-13 10:56:25,916: +PARAM [/source_list] by /roslaunch
[rosmaster.master][INFO] 2022-01-13 10:56:25,957: +PUB [/rosout] /robot_state_publisher http://wng:37805/
[rosmaster.master][INFO] 2022-01-13 10:56:25,958: publisherUpdate[/rosout] -> http://wng:34301/ ['http://wng:37805/']
[rosmaster.master][INFO] 2022-01-13 10:56:25,958: +SERVICE [/robot_state_publisher/get_loggers] /robot_state_publisher http://wng:37805/
[rosmaster.master][INFO] 2022-01-13 10:56:25,959: +SERVICE [/robot_state_publisher/set_logger_level] /robot_state_publisher http://wng:37805/
[rosmaster.master][INFO] 2022-01-13 10:56:25,960: publisherUpdate[/rosout] -> http://wng:34301/ ['http://wng:37805/']: sec=0.00, result=[1, '', 0]
[rosmaster.master][INFO] 2022-01-13 10:56:25,961: +PUB [/tf] /robot_state_publisher http://wng:37805/
[rosmaster.master][INFO] 2022-01-13 10:56:25,961: +PUB [/tf_static] /robot_state_publisher http://wng:37805/
[rosmaster.master][INFO] 2022-01-13 10:56:25,963: +SUB [/joint_states] /robot_state_publisher http://wng:37805/
[rosmaster.master][INFO] 2022-01-13 10:56:25,983: +PUB [/rosout] /move_group http://wng:35327/
[rosmaster.master][INFO] 2022-01-13 10:56:25,983: +SERVICE [/move_group/get_loggers] /move_group http://wng:35327/
[rosmaster.master][INFO] 2022-01-13 10:56:25,983: +SERVICE [/move_group/set_logger_level] /move_group http://wng:35327/
[rosmaster.master][INFO] 2022-01-13 10:56:25,984: +SUB [/tf] /move_group http://wng:35327/
[rosmaster.master][INFO] 2022-01-13 10:56:25,985: +SUB [/tf_static] /move_group http://wng:35327/
[rosmaster.master][INFO] 2022-01-13 10:56:25,988: +CACHEDPARAM [/rosout_disable_topics_generation] by /move_group
[rosmaster.master][INFO] 2022-01-13 10:56:26,052: +SERVICE [/move_group/planning_scene_monitor/set_parameters] /move_group http://wng:35327/
[rosmaster.master][INFO] 2022-01-13 10:56:26,052: +PUB [/move_group/planning_scene_monitor/parameter_descriptions] /move_group http://wng:35327/
[rosmaster.master][INFO] 2022-01-13 10:56:26,052: +PUB [/move_group/planning_scene_monitor/parameter_updates] /move_group http://wng:35327/
[rosmaster.master][INFO] 2022-01-13 10:56:26,054: +PARAM [/move_group/planning_scene_monitor/publish_planning_scene] by /move_group
[rosmaster.master][INFO] 2022-01-13 10:56:26,054: +PARAM [/move_group/planning_scene_monitor/publish_planning_scene_hz] by /move_group
[rosmaster.master][INFO] 2022-01-13 10:56:26,054: +PARAM [/move_group/planning_scene_monitor/publish_geometry_updates] by /move_group
[rosmaster.master][INFO] 2022-01-13 10:56:26,054: +PARAM [/move_group/planning_scene_monitor/publish_state_updates] by /move_group
[rosmaster.master][INFO] 2022-01-13 10:56:26,055: +PARAM [/move_group/planning_scene_monitor/publish_transforms_updates] by /move_group
[rosmaster.master][INFO] 2022-01-13 10:56:26,055: +PUB [/move_group/monitored_planning_scene] /move_group http://wng:35327/
[rosmaster.master][INFO] 2022-01-13 10:56:26,055: +PARAM [/move_group/planning_scene_monitor/publish_planning_scene] by /move_group
[rosmaster.master][INFO] 2022-01-13 10:56:26,056: +PARAM [/move_group/planning_scene_monitor/publish_planning_scene_hz] by /move_group
[rosmaster.master][INFO] 2022-01-13 10:56:26,056: +PARAM [/move_group/planning_scene_monitor/publish_geometry_updates] by /move_group
[rosmaster.master][INFO] 2022-01-13 10:56:26,056: +PARAM [/move_group/planning_scene_monitor/publish_state_updates] by /move_group
[rosmaster.master][INFO] 2022-01-13 10:56:26,056: +PARAM [/move_group/planning_scene_monitor/publish_transforms_updates] by /move_group
[rosmaster.master][INFO] 2022-01-13 10:56:26,058: +SUB [/planning_scene] /move_group http://wng:35327/
[rosmaster.master][INFO] 2022-01-13 10:56:26,058: publisherUpdate[/rosout] -> http://wng:34301/ ['http://wng:37805/', 'http://wng:35327/']
[rosmaster.master][INFO] 2022-01-13 10:56:26,060: publisherUpdate[/rosout] -> http://wng:34301/ ['http://wng:37805/', 'http://wng:35327/']: sec=0.00, result=[1, '', 0]
[rosmaster.master][INFO] 2022-01-13 10:56:26,060: +SUB [/collision_object] /move_group http://wng:35327/
[rosmaster.master][INFO] 2022-01-13 10:56:26,061: +SUB [/planning_scene_world] /move_group http://wng:35327/
[rosmaster.master][INFO] 2022-01-13 10:56:26,063: +SERVICE [/move_group/save_map] /move_group http://wng:35327/
[rosmaster.master][INFO] 2022-01-13 10:56:26,063: +SERVICE [/move_group/load_map] /move_group http://wng:35327/
[rosmaster.master][INFO] 2022-01-13 10:56:26,067: +SUB [/joint_states] /move_group http://wng:35327/
[rosmaster.master][INFO] 2022-01-13 10:56:26,068: +SUB [/attached_collision_object] /move_group http://wng:35327/
[rosmaster.master][INFO] 2022-01-13 10:56:26,096: +SERVICE [/move_group/ompl/set_parameters] /move_group http://wng:35327/
[rosmaster.master][INFO] 2022-01-13 10:56:26,097: +PUB [/move_group/ompl/parameter_descriptions] /move_group http://wng:35327/
[rosmaster.master][INFO] 2022-01-13 10:56:26,097: +PUB [/move_group/ompl/parameter_updates] /move_group http://wng:35327/
[rosmaster.master][INFO] 2022-01-13 10:56:26,098: +PARAM [/move_group/ompl/simplify_solutions] by /move_group
[rosmaster.master][INFO] 2022-01-13 10:56:26,098: +PARAM [/move_group/ompl/minimum_waypoint_count] by /move_group
[rosmaster.master][INFO] 2022-01-13 10:56:26,099: +PARAM [/move_group/ompl/maximum_waypoint_distance] by /move_group
[rosmaster.master][INFO] 2022-01-13 10:56:26,099: +PARAM [/move_group/ompl/link_for_exploration_tree] by /move_group
[rosmaster.master][INFO] 2022-01-13 10:56:26,099: +PARAM [/move_group/ompl/display_random_valid_states] by /move_group
[rosmaster.master][INFO] 2022-01-13 10:56:26,099: +PARAM [/move_group/ompl/simplify_solutions] by /move_group
[rosmaster.master][INFO] 2022-01-13 10:56:26,100: +PARAM [/move_group/ompl/minimum_waypoint_count] by /move_group
[rosmaster.master][INFO] 2022-01-13 10:56:26,100: +PARAM [/move_group/ompl/maximum_waypoint_distance] by /move_group
[rosmaster.master][INFO] 2022-01-13 10:56:26,100: +PARAM [/move_group/ompl/link_for_exploration_tree] by /move_group
[rosmaster.master][INFO] 2022-01-13 10:56:26,101: +PARAM [/move_group/ompl/display_random_valid_states] by /move_group
[rosmaster.master][INFO] 2022-01-13 10:56:26,105: +PUB [/move_group/display_planned_path] /move_group http://wng:35327/
[rosmaster.master][INFO] 2022-01-13 10:56:26,105: +PUB [/move_group/display_contacts] /move_group http://wng:35327/
[rosmaster.master][INFO] 2022-01-13 10:56:26,110: +PUB [/move_group/fake_controller_joint_states] /move_group http://wng:35327/
[rosmaster.master][INFO] 2022-01-13 10:56:26,110: +PUB [/rosout] /rviz_wng_17648_8361667051100657323 http://wng:33871/
[rosmaster.master][INFO] 2022-01-13 10:56:26,111: +SERVICE [/rviz_wng_17648_8361667051100657323/get_loggers] /rviz_wng_17648_8361667051100657323 http://wng:33871/
[rosmaster.master][INFO] 2022-01-13 10:56:26,112: +SERVICE [/rviz_wng_17648_8361667051100657323/set_logger_level] /rviz_wng_17648_8361667051100657323 http://wng:33871/
[rosmaster.master][INFO] 2022-01-13 10:56:26,113: +CACHEDPARAM [/rosout_disable_topics_generation] by /rviz_wng_17648_8361667051100657323
[rosmaster.master][INFO] 2022-01-13 10:56:26,114: +SUB [/trajectory_execution_event] /move_group http://wng:35327/
[rosmaster.master][INFO] 2022-01-13 10:56:26,114: +SERVICE [/move_group/trajectory_execution/set_parameters] /move_group http://wng:35327/
[rosmaster.master][INFO] 2022-01-13 10:56:26,114: +PUB [/move_group/trajectory_execution/parameter_descriptions] /move_group http://wng:35327/
[rosmaster.master][INFO] 2022-01-13 10:56:26,114: +PUB [/move_group/trajectory_execution/parameter_updates] /move_group http://wng:35327/
[rosmaster.master][INFO] 2022-01-13 10:56:26,116: +PARAM [/move_group/trajectory_execution/execution_duration_monitoring] by /move_group
[rosmaster.master][INFO] 2022-01-13 10:56:26,116: +PARAM [/move_group/trajectory_execution/allowed_execution_duration_scaling] by /move_group
[rosmaster.master][INFO] 2022-01-13 10:56:26,116: +PARAM [/move_group/trajectory_execution/allowed_goal_duration_margin] by /move_group
[rosmaster.master][INFO] 2022-01-13 10:56:26,116: +PARAM [/move_group/trajectory_execution/execution_velocity_scaling] by /move_group
[rosmaster.master][INFO] 2022-01-13 10:56:26,116: +PARAM [/move_group/trajectory_execution/allowed_start_tolerance] by /move_group
[rosmaster.master][INFO] 2022-01-13 10:56:26,117: +PARAM [/move_group/trajectory_execution/wait_for_trajectory_completion] by /move_group
[rosmaster.master][INFO] 2022-01-13 10:56:26,117: +PARAM [/move_group/trajectory_execution/execution_duration_monitoring] by /move_group
[rosmaster.master][INFO] 2022-01-13 10:56:26,117: +PARAM [/move_group/trajectory_execution/allowed_execution_duration_scaling] by /move_group
[rosmaster.master][INFO] 2022-01-13 10:56:26,117: +PARAM [/move_group/trajectory_execution/allowed_goal_duration_margin] by /move_group
[rosmaster.master][INFO] 2022-01-13 10:56:26,118: +PARAM [/move_group/trajectory_execution/execution_velocity_scaling] by /move_group
[rosmaster.master][INFO] 2022-01-13 10:56:26,118: +PARAM [/move_group/trajectory_execution/allowed_start_tolerance] by /move_group
[rosmaster.master][INFO] 2022-01-13 10:56:26,118: +PARAM [/move_group/trajectory_execution/wait_for_trajectory_completion] by /move_group
[rosmaster.master][INFO] 2022-01-13 10:56:26,119: +SERVICE [/move_group/plan_execution/set_parameters] /move_group http://wng:35327/
[rosmaster.master][INFO] 2022-01-13 10:56:26,119: +PUB [/move_group/plan_execution/parameter_descriptions] /move_group http://wng:35327/
[rosmaster.master][INFO] 2022-01-13 10:56:26,119: +PUB [/move_group/plan_execution/parameter_updates] /move_group http://wng:35327/
[rosmaster.master][INFO] 2022-01-13 10:56:26,120: +PARAM [/move_group/plan_execution/max_replan_attempts] by /move_group
[rosmaster.master][INFO] 2022-01-13 10:56:26,120: +PARAM [/move_group/plan_execution/record_trajectory_state_frequency] by /move_group
[rosmaster.master][INFO] 2022-01-13 10:56:26,120: +PARAM [/move_group/plan_execution/max_replan_attempts] by /move_group
[rosmaster.master][INFO] 2022-01-13 10:56:26,120: +PARAM [/move_group/plan_execution/record_trajectory_state_frequency] by /move_group
[rosmaster.master][INFO] 2022-01-13 10:56:26,121: +SERVICE [/move_group/sense_for_plan/set_parameters] /move_group http://wng:35327/
[rosmaster.master][INFO] 2022-01-13 10:56:26,121: +PUB [/move_group/sense_for_plan/parameter_descriptions] /move_group http://wng:35327/
[rosmaster.master][INFO] 2022-01-13 10:56:26,121: +PUB [/move_group/sense_for_plan/parameter_updates] /move_group http://wng:35327/
[rosmaster.master][INFO] 2022-01-13 10:56:26,122: +PARAM [/move_group/sense_for_plan/max_safe_path_cost] by /move_group
[rosmaster.master][INFO] 2022-01-13 10:56:26,122: +PARAM [/move_group/sense_for_plan/max_look_attempts] by /move_group
[rosmaster.master][INFO] 2022-01-13 10:56:26,123: +PARAM [/move_group/sense_for_plan/max_cost_sources] by /move_group
[rosmaster.master][INFO] 2022-01-13 10:56:26,123: +PARAM [/move_group/sense_for_plan/discard_overlapping_cost_sources] by /move_group
[rosmaster.master][INFO] 2022-01-13 10:56:26,123: +PARAM [/move_group/sense_for_plan/max_safe_path_cost] by /move_group
[rosmaster.master][INFO] 2022-01-13 10:56:26,123: +PARAM [/move_group/sense_for_plan/max_look_attempts] by /move_group
[rosmaster.master][INFO] 2022-01-13 10:56:26,123: +PARAM [/move_group/sense_for_plan/max_cost_sources] by /move_group
[rosmaster.master][INFO] 2022-01-13 10:56:26,123: +PARAM [/move_group/sense_for_plan/discard_overlapping_cost_sources] by /move_group
[rosmaster.master][INFO] 2022-01-13 10:56:26,124: +PUB [/move_group/display_cost_sources] /move_group http://wng:35327/
[rosmaster.master][INFO] 2022-01-13 10:56:26,124: +PUB [/move_group/motion_plan_request] /move_group http://wng:35327/
[rosmaster.master][INFO] 2022-01-13 10:56:26,129: +SERVICE [/apply_planning_scene] /move_group http://wng:35327/
[rosmaster.master][INFO] 2022-01-13 10:56:26,129: +SERVICE [/clear_octomap] /move_group http://wng:35327/
[rosmaster.master][INFO] 2022-01-13 10:56:26,129: +SERVICE [/compute_cartesian_path] /move_group http://wng:35327/
[rosmaster.master][INFO] 2022-01-13 10:56:26,130: +PUB [/execute_trajectory/result] /move_group http://wng:35327/
[rosmaster.master][INFO] 2022-01-13 10:56:26,131: +PUB [/execute_trajectory/feedback] /move_group http://wng:35327/
[rosmaster.master][INFO] 2022-01-13 10:56:26,131: +PUB [/execute_trajectory/status] /move_group http://wng:35327/
[rosmaster.master][INFO] 2022-01-13 10:56:26,133: +SUB [/execute_trajectory/goal] /move_group http://wng:35327/
[rosmaster.master][INFO] 2022-01-13 10:56:26,134: +SUB [/execute_trajectory/cancel] /move_group http://wng:35327/
[rosmaster.master][INFO] 2022-01-13 10:56:26,134: +SERVICE [/get_planning_scene] /move_group http://wng:35327/
[rosmaster.master][INFO] 2022-01-13 10:56:26,135: +SERVICE [/compute_fk] /move_group http://wng:35327/
[rosmaster.master][INFO] 2022-01-13 10:56:26,135: +SERVICE [/compute_ik] /move_group http://wng:35327/
[rosmaster.master][INFO] 2022-01-13 10:56:26,136: +PUB [/move_group/result] /move_group http://wng:35327/
[rosmaster.master][INFO] 2022-01-13 10:56:26,136: +PUB [/move_group/feedback] /move_group http://wng:35327/
[rosmaster.master][INFO] 2022-01-13 10:56:26,137: +PUB [/move_group/status] /move_group http://wng:35327/
[rosmaster.master][INFO] 2022-01-13 10:56:26,139: +SUB [/move_group/goal] /move_group http://wng:35327/
[rosmaster.master][INFO] 2022-01-13 10:56:26,139: +SUB [/move_group/cancel] /move_group http://wng:35327/
[rosmaster.master][INFO] 2022-01-13 10:56:26,142: +PUB [/move_group/display_grasp_markers] /move_group http://wng:35327/
[rosmaster.master][INFO] 2022-01-13 10:56:26,143: +PUB [/pickup/result] /move_group http://wng:35327/
[rosmaster.master][INFO] 2022-01-13 10:56:26,143: +PUB [/pickup/feedback] /move_group http://wng:35327/
[rosmaster.master][INFO] 2022-01-13 10:56:26,143: +PUB [/pickup/status] /move_group http://wng:35327/
[rosmaster.master][INFO] 2022-01-13 10:56:26,145: +SUB [/pickup/goal] /move_group http://wng:35327/
[rosmaster.master][INFO] 2022-01-13 10:56:26,146: +SUB [/pickup/cancel] /move_group http://wng:35327/
[rosmaster.master][INFO] 2022-01-13 10:56:26,146: +PUB [/place/result] /move_group http://wng:35327/
[rosmaster.master][INFO] 2022-01-13 10:56:26,147: +PUB [/place/feedback] /move_group http://wng:35327/
[rosmaster.master][INFO] 2022-01-13 10:56:26,147: +PUB [/place/status] /move_group http://wng:35327/
[rosmaster.master][INFO] 2022-01-13 10:56:26,149: +SUB [/place/goal] /move_group http://wng:35327/
[rosmaster.master][INFO] 2022-01-13 10:56:26,150: +SUB [/place/cancel] /move_group http://wng:35327/
[rosmaster.master][INFO] 2022-01-13 10:56:26,151: +SERVICE [/plan_kinematic_path] /move_group http://wng:35327/
[rosmaster.master][INFO] 2022-01-13 10:56:26,151: +SERVICE [/query_planner_interface] /move_group http://wng:35327/
[rosmaster.master][INFO] 2022-01-13 10:56:26,151: +SERVICE [/get_planner_params] /move_group http://wng:35327/
[rosmaster.master][INFO] 2022-01-13 10:56:26,152: +SERVICE [/set_planner_params] /move_group http://wng:35327/
[rosmaster.master][INFO] 2022-01-13 10:56:26,152: +SERVICE [/check_state_validity] /move_group http://wng:35327/
[rosmaster.master][INFO] 2022-01-13 10:56:26,159: publisherUpdate[/rosout] -> http://wng:34301/ ['http://wng:37805/', 'http://wng:35327/', 'http://wng:33871/']
[rosmaster.master][INFO] 2022-01-13 10:56:26,161: publisherUpdate[/rosout] -> http://wng:34301/ ['http://wng:37805/', 'http://wng:35327/', 'http://wng:33871/']: sec=0.00, result=[1, '', 0]
[rosmaster.master][INFO] 2022-01-13 10:56:26,262: +CACHEDPARAM [/rosout/omit_topics] by /rosout
[rosmaster.master][INFO] 2022-01-13 10:56:26,265: +PUB [/rosout] /joint_state_publisher http://wng:34693/
[rosmaster.master][INFO] 2022-01-13 10:56:26,268: +SERVICE [/joint_state_publisher/get_loggers] /joint_state_publisher http://wng:34693/
[rosmaster.master][INFO] 2022-01-13 10:56:26,269: +SERVICE [/joint_state_publisher/set_logger_level] /joint_state_publisher http://wng:34693/
[rosmaster.master][INFO] 2022-01-13 10:56:26,284: +SUB [/move_group/fake_controller_joint_states] /joint_state_publisher http://wng:34693/
[rosmaster.master][INFO] 2022-01-13 10:56:26,285: +PUB [/joint_states] /joint_state_publisher http://wng:34693/
[rosmaster.master][INFO] 2022-01-13 10:56:26,360: publisherUpdate[/rosout] -> http://wng:34301/ ['http://wng:37805/', 'http://wng:35327/', 'http://wng:33871/', 'http://wng:34693/']
[rosmaster.master][INFO] 2022-01-13 10:56:26,360: publisherUpdate[/joint_states] -> http://wng:37805/ ['http://wng:34693/']
[rosmaster.master][INFO] 2022-01-13 10:56:26,361: publisherUpdate[/rosout] -> http://wng:34301/ ['http://wng:37805/', 'http://wng:35327/', 'http://wng:33871/', 'http://wng:34693/']: sec=0.00, result=[1, '', 0]
[rosmaster.master][INFO] 2022-01-13 10:56:26,361: publisherUpdate[/joint_states] -> http://wng:35327/ ['http://wng:34693/']
[rosmaster.master][INFO] 2022-01-13 10:56:26,362: publisherUpdate[/joint_states] -> http://wng:37805/ ['http://wng:34693/']: sec=0.00, result=[1, '', 0]
[rosmaster.master][INFO] 2022-01-13 10:56:26,363: publisherUpdate[/joint_states] -> http://wng:35327/ ['http://wng:34693/']: sec=0.00, result=[1, '', 0]
[rosmaster.master][INFO] 2022-01-13 10:56:27,361: +SUB [/tf] /rviz_wng_17648_8361667051100657323 http://wng:33871/
[rosmaster.master][INFO] 2022-01-13 10:56:27,363: +SUB [/tf_static] /rviz_wng_17648_8361667051100657323 http://wng:33871/
[rosmaster.master][INFO] 2022-01-13 10:56:27,398: +PUB [/initialpose] /rviz_wng_17648_8361667051100657323 http://wng:33871/
[rosmaster.master][INFO] 2022-01-13 10:56:27,399: +PUB [/goal] /rviz_wng_17648_8361667051100657323 http://wng:33871/
[rosmaster.master][INFO] 2022-01-13 10:56:27,451: +PUB [/planning_scene] /rviz_wng_17648_8361667051100657323 http://wng:33871/
[rosmaster.master][INFO] 2022-01-13 10:56:27,451: +PUB [/planning_scene_world] /rviz_wng_17648_8361667051100657323 http://wng:33871/
[rosmaster.master][INFO] 2022-01-13 10:56:27,453: +SUB [/recognize_objects/status] /rviz_wng_17648_8361667051100657323 http://wng:33871/
[rosmaster.master][INFO] 2022-01-13 10:56:27,455: +SUB [/recognize_objects/feedback] /rviz_wng_17648_8361667051100657323 http://wng:33871/
[rosmaster.master][INFO] 2022-01-13 10:56:27,456: +SUB [/recognize_objects/result] /rviz_wng_17648_8361667051100657323 http://wng:33871/
[rosmaster.master][INFO] 2022-01-13 10:56:27,456: +PUB [/recognize_objects/goal] /rviz_wng_17648_8361667051100657323 http://wng:33871/
[rosmaster.master][INFO] 2022-01-13 10:56:27,456: +PUB [/recognize_objects/cancel] /rviz_wng_17648_8361667051100657323 http://wng:33871/
[rosmaster.master][INFO] 2022-01-13 10:56:27,457: +SUB [/recognized_object_array] /rviz_wng_17648_8361667051100657323 http://wng:33871/
[rosmaster.master][INFO] 2022-01-13 10:56:27,463: publisherUpdate[/planning_scene] -> http://wng:35327/ ['http://wng:33871/']
[rosmaster.master][INFO] 2022-01-13 10:56:27,464: publisherUpdate[/planning_scene] -> http://wng:35327/ ['http://wng:33871/']: sec=0.00, result=[1, '', 0]
[rosmaster.master][INFO] 2022-01-13 10:56:27,464: publisherUpdate[/planning_scene_world] -> http://wng:35327/ ['http://wng:33871/']
[rosmaster.master][INFO] 2022-01-13 10:56:27,465: publisherUpdate[/planning_scene_world] -> http://wng:35327/ ['http://wng:33871/']: sec=0.00, result=[1, '', 0]
[rosmaster.master][INFO] 2022-01-13 10:56:30,469: -SUB [/recognize_objects/status] /rviz_wng_17648_8361667051100657323 http://wng:33871/
[rosmaster.master][INFO] 2022-01-13 10:56:30,469: -PUB [/recognize_objects/cancel] /rviz_wng_17648_8361667051100657323 http://wng:33871/
[rosmaster.master][INFO] 2022-01-13 10:56:30,470: -PUB [/recognize_objects/goal] /rviz_wng_17648_8361667051100657323 http://wng:33871/
[rosmaster.master][INFO] 2022-01-13 10:56:30,470: -SUB [/recognize_objects/feedback] /rviz_wng_17648_8361667051100657323 http://wng:33871/
[rosmaster.master][INFO] 2022-01-13 10:56:30,470: -SUB [/recognize_objects/result] /rviz_wng_17648_8361667051100657323 http://wng:33871/
[rosmaster.master][INFO] 2022-01-13 10:56:30,505: +PUB [/feedback] /rviz_wng_17648_8361667051100657323 http://wng:33871/
[rosmaster.master][INFO] 2022-01-13 10:56:30,505: -PUB [/feedback] /rviz_wng_17648_8361667051100657323 http://wng:33871/
[rosmaster.master][INFO] 2022-01-13 10:56:30,506: +PUB [/feedback] /rviz_wng_17648_8361667051100657323 http://wng:33871/
[rosmaster.master][INFO] 2022-01-13 10:56:30,506: -PUB [/goal] /rviz_wng_17648_8361667051100657323 http://wng:33871/
[rosmaster.master][INFO] 2022-01-13 10:56:30,507: -PUB [/initialpose] /rviz_wng_17648_8361667051100657323 http://wng:33871/
[rosmaster.master][INFO] 2022-01-13 10:56:30,509: +PUB [/initialpose] /rviz_wng_17648_8361667051100657323 http://wng:33871/
[rosmaster.master][INFO] 2022-01-13 10:56:30,510: +PUB [/goal] /rviz_wng_17648_8361667051100657323 http://wng:33871/
[rosmaster.master][INFO] 2022-01-13 10:56:30,510: +PUB [/move_base_simple/goal] /rviz_wng_17648_8361667051100657323 http://wng:33871/
[rosmaster.master][INFO] 2022-01-13 10:56:30,511: -PUB [/goal] /rviz_wng_17648_8361667051100657323 http://wng:33871/
[rosmaster.master][INFO] 2022-01-13 10:56:30,511: +PUB [/clicked_point] /rviz_wng_17648_8361667051100657323 http://wng:33871/
[rosmaster.master][INFO] 2022-01-13 10:56:30,559: +SERVICE [/rviz_wng_17648_8361667051100657323/reload_shaders] /rviz_wng_17648_8361667051100657323 http://wng:33871/
[rosmaster.master][INFO] 2022-01-13 10:56:30,560: +SERVICE [/rviz_wng_17648_8361667051100657323/load_config] /rviz_wng_17648_8361667051100657323 http://wng:33871/
[rosmaster.master][INFO] 2022-01-13 10:56:30,560: +SERVICE [/rviz_wng_17648_8361667051100657323/save_config] /rviz_wng_17648_8361667051100657323 http://wng:33871/
[rosmaster.master][INFO] 2022-01-13 10:56:30,623: +SERVICE [/rviz_wng_17648_8361667051100657323/motionplanning_planning_scene_monitor/set_parameters] /rviz_wng_17648_8361667051100657323 http://wng:33871/
[rosmaster.master][INFO] 2022-01-13 10:56:30,623: +PUB [/rviz_wng_17648_8361667051100657323/motionplanning_planning_scene_monitor/parameter_descriptions] /rviz_wng_17648_8361667051100657323 http://wng:33871/
[rosmaster.master][INFO] 2022-01-13 10:56:30,623: +PUB [/rviz_wng_17648_8361667051100657323/motionplanning_planning_scene_monitor/parameter_updates] /rviz_wng_17648_8361667051100657323 http://wng:33871/
[rosmaster.master][INFO] 2022-01-13 10:56:30,624: +PARAM [/rviz_wng_17648_8361667051100657323/motionplanning_planning_scene_monitor/publish_planning_scene] by /rviz_wng_17648_8361667051100657323
[rosmaster.master][INFO] 2022-01-13 10:56:30,624: +PARAM [/rviz_wng_17648_8361667051100657323/motionplanning_planning_scene_monitor/publish_planning_scene_hz] by /rviz_wng_17648_8361667051100657323
[rosmaster.master][INFO] 2022-01-13 10:56:30,624: +PARAM [/rviz_wng_17648_8361667051100657323/motionplanning_planning_scene_monitor/publish_geometry_updates] by /rviz_wng_17648_8361667051100657323
[rosmaster.master][INFO] 2022-01-13 10:56:30,624: +PARAM [/rviz_wng_17648_8361667051100657323/motionplanning_planning_scene_monitor/publish_state_updates] by /rviz_wng_17648_8361667051100657323
[rosmaster.master][INFO] 2022-01-13 10:56:30,625: +PARAM [/rviz_wng_17648_8361667051100657323/motionplanning_planning_scene_monitor/publish_transforms_updates] by /rviz_wng_17648_8361667051100657323
[rosmaster.master][INFO] 2022-01-13 10:56:30,625: +PARAM [/rviz_wng_17648_8361667051100657323/motionplanning_planning_scene_monitor/publish_planning_scene] by /rviz_wng_17648_8361667051100657323
[rosmaster.master][INFO] 2022-01-13 10:56:30,625: +PARAM [/rviz_wng_17648_8361667051100657323/motionplanning_planning_scene_monitor/publish_planning_scene_hz] by /rviz_wng_17648_8361667051100657323
[rosmaster.master][INFO] 2022-01-13 10:56:30,626: +PARAM [/rviz_wng_17648_8361667051100657323/motionplanning_planning_scene_monitor/publish_geometry_updates] by /rviz_wng_17648_8361667051100657323
[rosmaster.master][INFO] 2022-01-13 10:56:30,626: +PARAM [/rviz_wng_17648_8361667051100657323/motionplanning_planning_scene_monitor/publish_state_updates] by /rviz_wng_17648_8361667051100657323
[rosmaster.master][INFO] 2022-01-13 10:56:30,626: +PARAM [/rviz_wng_17648_8361667051100657323/motionplanning_planning_scene_monitor/publish_transforms_updates] by /rviz_wng_17648_8361667051100657323
[rosmaster.master][INFO] 2022-01-13 10:56:30,633: +SUB [/move_group/monitored_planning_scene] /rviz_wng_17648_8361667051100657323 http://wng:33871/
[rosmaster.master][INFO] 2022-01-13 10:56:30,805: +SUB [/move_group/display_planned_path] /rviz_wng_17648_8361667051100657323 http://wng:33871/
[rosmaster.master][INFO] 2022-01-13 10:56:30,806: +PUB [/rviz_moveit_motion_planning_display/robot_interaction_interactive_marker_topic/update_full] /rviz_wng_17648_8361667051100657323 http://wng:33871/
[rosmaster.master][INFO] 2022-01-13 10:56:30,806: +PUB [/rviz_moveit_motion_planning_display/robot_interaction_interactive_marker_topic/update] /rviz_wng_17648_8361667051100657323 http://wng:33871/
[rosmaster.master][INFO] 2022-01-13 10:56:30,808: +SUB [/rviz_moveit_motion_planning_display/robot_interaction_interactive_marker_topic/feedback] /rviz_wng_17648_8361667051100657323 http://wng:33871/
[rosmaster.master][INFO] 2022-01-13 10:56:30,808: -PUB [/feedback] /rviz_wng_17648_8361667051100657323 http://wng:33871/
[rosmaster.master][INFO] 2022-01-13 10:56:30,809: +SUB [/rviz_moveit_motion_planning_display/robot_interaction_interactive_marker_topic/update] /rviz_wng_17648_8361667051100657323 http://wng:33871/
[rosmaster.master][INFO] 2022-01-13 10:56:30,811: +SUB [/rviz_moveit_motion_planning_display/robot_interaction_interactive_marker_topic/update_full] /rviz_wng_17648_8361667051100657323 http://wng:33871/
[rosmaster.master][INFO] 2022-01-13 10:56:30,811: +PUB [/rviz_moveit_motion_planning_display/robot_interaction_interactive_marker_topic/feedback] /rviz_wng_17648_8361667051100657323 http://wng:33871/
[rosmaster.master][INFO] 2022-01-13 10:56:30,819: +PUB [/trajectory_execution_event] /rviz_wng_17648_8361667051100657323 http://wng:33871/
[rosmaster.master][INFO] 2022-01-13 10:56:30,819: +PUB [/attached_collision_object] /rviz_wng_17648_8361667051100657323 http://wng:33871/
[rosmaster.master][INFO] 2022-01-13 10:56:30,822: +SUB [/move_group/status] /rviz_wng_17648_8361667051100657323 http://wng:33871/
[rosmaster.master][INFO] 2022-01-13 10:56:30,823: +SUB [/move_group/feedback] /rviz_wng_17648_8361667051100657323 http://wng:33871/
[rosmaster.master][INFO] 2022-01-13 10:56:30,824: +SUB [/move_group/result] /rviz_wng_17648_8361667051100657323 http://wng:33871/
[rosmaster.master][INFO] 2022-01-13 10:56:30,825: +PUB [/move_group/goal] /rviz_wng_17648_8361667051100657323 http://wng:33871/
[rosmaster.master][INFO] 2022-01-13 10:56:30,825: +PUB [/move_group/cancel] /rviz_wng_17648_8361667051100657323 http://wng:33871/
[rosmaster.master][INFO] 2022-01-13 10:56:30,868: publisherUpdate[/rviz_moveit_motion_planning_display/robot_interaction_interactive_marker_topic/feedback] -> http://wng:33871/ ['http://wng:33871/']
[rosmaster.master][INFO] 2022-01-13 10:56:30,868: publisherUpdate[/trajectory_execution_event] -> http://wng:35327/ ['http://wng:33871/']
[rosmaster.master][INFO] 2022-01-13 10:56:30,869: publisherUpdate[/rviz_moveit_motion_planning_display/robot_interaction_interactive_marker_topic/feedback] -> http://wng:33871/ ['http://wng:33871/']: sec=0.00, result=[1, '', 0]
[rosmaster.master][INFO] 2022-01-13 10:56:30,869: publisherUpdate[/trajectory_execution_event] -> http://wng:35327/ ['http://wng:33871/']: sec=0.00, result=[1, '', 0]
[rosmaster.master][INFO] 2022-01-13 10:56:30,870: publisherUpdate[/attached_collision_object] -> http://wng:35327/ ['http://wng:33871/']
[rosmaster.master][INFO] 2022-01-13 10:56:30,870: publisherUpdate[/attached_collision_object] -> http://wng:35327/ ['http://wng:33871/']: sec=0.00, result=[1, '', 0]
[rosmaster.master][INFO] 2022-01-13 10:56:30,870: publisherUpdate[/move_group/goal] -> http://wng:35327/ ['http://wng:33871/']
[rosmaster.master][INFO] 2022-01-13 10:56:30,871: publisherUpdate[/move_group/goal] -> http://wng:35327/ ['http://wng:33871/']: sec=0.00, result=[1, '', 0]
[rosmaster.master][INFO] 2022-01-13 10:56:30,871: publisherUpdate[/move_group/cancel] -> http://wng:35327/ ['http://wng:33871/']
[rosmaster.master][INFO] 2022-01-13 10:56:30,871: publisherUpdate[/move_group/cancel] -> http://wng:35327/ ['http://wng:33871/']: sec=0.00, result=[1, '', 0]
[rosmaster.master][INFO] 2022-01-13 10:56:31,095: +SUB [/pickup/status] /rviz_wng_17648_8361667051100657323 http://wng:33871/
[rosmaster.master][INFO] 2022-01-13 10:56:31,097: +SUB [/pickup/feedback] /rviz_wng_17648_8361667051100657323 http://wng:33871/
[rosmaster.master][INFO] 2022-01-13 10:56:31,098: +SUB [/pickup/result] /rviz_wng_17648_8361667051100657323 http://wng:33871/
[rosmaster.master][INFO] 2022-01-13 10:56:31,099: +PUB [/pickup/goal] /rviz_wng_17648_8361667051100657323 http://wng:33871/
[rosmaster.master][INFO] 2022-01-13 10:56:31,099: +PUB [/pickup/cancel] /rviz_wng_17648_8361667051100657323 http://wng:33871/
[rosmaster.master][INFO] 2022-01-13 10:56:31,169: publisherUpdate[/pickup/goal] -> http://wng:35327/ ['http://wng:33871/']
[rosmaster.master][INFO] 2022-01-13 10:56:31,169: publisherUpdate[/pickup/goal] -> http://wng:35327/ ['http://wng:33871/']: sec=0.00, result=[1, '', 0]
[rosmaster.master][INFO] 2022-01-13 10:56:31,170: publisherUpdate[/pickup/cancel] -> http://wng:35327/ ['http://wng:33871/']
[rosmaster.master][INFO] 2022-01-13 10:56:31,170: publisherUpdate[/pickup/cancel] -> http://wng:35327/ ['http://wng:33871/']: sec=0.00, result=[1, '', 0]
[rosmaster.master][INFO] 2022-01-13 10:56:31,321: -SUB [/rviz_moveit_motion_planning_display/robot_interaction_interactive_marker_topic/update_full] /rviz_wng_17648_8361667051100657323 http://wng:33871/
[rosmaster.master][INFO] 2022-01-13 10:56:31,375: +SUB [/place/status] /rviz_wng_17648_8361667051100657323 http://wng:33871/
[rosmaster.master][INFO] 2022-01-13 10:56:31,377: +SUB [/place/feedback] /rviz_wng_17648_8361667051100657323 http://wng:33871/
[rosmaster.master][INFO] 2022-01-13 10:56:31,378: +SUB [/place/result] /rviz_wng_17648_8361667051100657323 http://wng:33871/
[rosmaster.master][INFO] 2022-01-13 10:56:31,378: +PUB [/place/goal] /rviz_wng_17648_8361667051100657323 http://wng:33871/
[rosmaster.master][INFO] 2022-01-13 10:56:31,378: +PUB [/place/cancel] /rviz_wng_17648_8361667051100657323 http://wng:33871/
[rosmaster.master][INFO] 2022-01-13 10:56:31,470: publisherUpdate[/place/goal] -> http://wng:35327/ ['http://wng:33871/']
[rosmaster.master][INFO] 2022-01-13 10:56:31,471: publisherUpdate[/place/goal] -> http://wng:35327/ ['http://wng:33871/']: sec=0.00, result=[1, '', 0]
[rosmaster.master][INFO] 2022-01-13 10:56:31,471: publisherUpdate[/place/cancel] -> http://wng:35327/ ['http://wng:33871/']
[rosmaster.master][INFO] 2022-01-13 10:56:31,472: publisherUpdate[/place/cancel] -> http://wng:35327/ ['http://wng:33871/']: sec=0.00, result=[1, '', 0]
[rosmaster.master][INFO] 2022-01-13 10:56:31,676: +SUB [/execute_trajectory/status] /rviz_wng_17648_8361667051100657323 http://wng:33871/
[rosmaster.master][INFO] 2022-01-13 10:56:31,678: +SUB [/execute_trajectory/feedback] /rviz_wng_17648_8361667051100657323 http://wng:33871/
[rosmaster.master][INFO] 2022-01-13 10:56:31,679: +SUB [/execute_trajectory/result] /rviz_wng_17648_8361667051100657323 http://wng:33871/
[rosmaster.master][INFO] 2022-01-13 10:56:31,680: +PUB [/execute_trajectory/goal] /rviz_wng_17648_8361667051100657323 http://wng:33871/
[rosmaster.master][INFO] 2022-01-13 10:56:31,680: +PUB [/execute_trajectory/cancel] /rviz_wng_17648_8361667051100657323 http://wng:33871/
[rosmaster.master][INFO] 2022-01-13 10:56:31,771: publisherUpdate[/execute_trajectory/goal] -> http://wng:35327/ ['http://wng:33871/']
[rosmaster.master][INFO] 2022-01-13 10:56:31,773: publisherUpdate[/execute_trajectory/goal] -> http://wng:35327/ ['http://wng:33871/']: sec=0.00, result=[1, '', 0]
[rosmaster.master][INFO] 2022-01-13 10:56:31,773: publisherUpdate[/execute_trajectory/cancel] -> http://wng:35327/ ['http://wng:33871/']
[rosmaster.master][INFO] 2022-01-13 10:56:31,773: publisherUpdate[/execute_trajectory/cancel] -> http://wng:35327/ ['http://wng:33871/']: sec=0.00, result=[1, '', 0]
[rosmaster.master][INFO] 2022-01-13 10:58:12,447: -SUB [/move_group/fake_controller_joint_states] /joint_state_publisher http://wng:34693/
[rosmaster.master][INFO] 2022-01-13 10:58:12,447: -PUB [/joint_states] /joint_state_publisher http://wng:34693/
[rosmaster.master][INFO] 2022-01-13 10:58:12,447: -PUB [/rosout] /joint_state_publisher http://wng:34693/
[rosmaster.master][INFO] 2022-01-13 10:58:12,447: -SERVICE [/joint_state_publisher/get_loggers] /joint_state_publisher rosrpc://wng:34327
[rosmaster.master][INFO] 2022-01-13 10:58:12,448: -SERVICE [/joint_state_publisher/set_logger_level] /joint_state_publisher rosrpc://wng:34327
[rosmaster.master][INFO] 2022-01-13 10:58:12,493: -PUB [/rosout] /move_group http://wng:35327/
[rosmaster.master][INFO] 2022-01-13 10:58:12,494: -PUB [/move_group/planning_scene_monitor/parameter_descriptions] /move_group http://wng:35327/
[rosmaster.master][INFO] 2022-01-13 10:58:12,494: -PUB [/move_group/planning_scene_monitor/parameter_updates] /move_group http://wng:35327/
[rosmaster.master][INFO] 2022-01-13 10:58:12,494: -PUB [/move_group/monitored_planning_scene] /move_group http://wng:35327/
[rosmaster.master][INFO] 2022-01-13 10:58:12,495: -PUB [/move_group/ompl/parameter_descriptions] /move_group http://wng:35327/
[rosmaster.master][INFO] 2022-01-13 10:58:12,495: -PUB [/move_group/ompl/parameter_updates] /move_group http://wng:35327/
[rosmaster.master][INFO] 2022-01-13 10:58:12,495: -PUB [/move_group/display_planned_path] /move_group http://wng:35327/
[rosmaster.master][INFO] 2022-01-13 10:58:12,495: -PUB [/move_group/display_contacts] /move_group http://wng:35327/
[rosmaster.master][INFO] 2022-01-13 10:58:12,496: -PUB [/move_group/fake_controller_joint_states] /move_group http://wng:35327/
[rosmaster.master][INFO] 2022-01-13 10:58:12,496: -PUB [/move_group/trajectory_execution/parameter_descriptions] /move_group http://wng:35327/
[rosmaster.master][INFO] 2022-01-13 10:58:12,496: -PUB [/move_group/trajectory_execution/parameter_updates] /move_group http://wng:35327/
[rosmaster.master][INFO] 2022-01-13 10:58:12,496: -PUB [/move_group/plan_execution/parameter_descriptions] /move_group http://wng:35327/
[rosmaster.master][INFO] 2022-01-13 10:58:12,497: -PUB [/move_group/plan_execution/parameter_updates] /move_group http://wng:35327/
[rosmaster.master][INFO] 2022-01-13 10:58:12,497: -PUB [/move_group/sense_for_plan/parameter_descriptions] /move_group http://wng:35327/
[rosmaster.master][INFO] 2022-01-13 10:58:12,497: -PUB [/move_group/sense_for_plan/parameter_updates] /move_group http://wng:35327/
[rosmaster.master][INFO] 2022-01-13 10:58:12,497: -PUB [/move_group/display_cost_sources] /move_group http://wng:35327/
[rosmaster.master][INFO] 2022-01-13 10:58:12,498: -PUB [/move_group/motion_plan_request] /move_group http://wng:35327/
[rosmaster.master][INFO] 2022-01-13 10:58:12,498: -PUB [/execute_trajectory/result] /move_group http://wng:35327/
[rosmaster.master][INFO] 2022-01-13 10:58:12,498: -PUB [/execute_trajectory/feedback] /move_group http://wng:35327/
[rosmaster.master][INFO] 2022-01-13 10:58:12,498: -PUB [/execute_trajectory/status] /move_group http://wng:35327/
[rosmaster.master][INFO] 2022-01-13 10:58:12,499: -PUB [/move_group/result] /move_group http://wng:35327/
[rosmaster.master][INFO] 2022-01-13 10:58:12,499: -PUB [/move_group/feedback] /move_group http://wng:35327/
[rosmaster.master][INFO] 2022-01-13 10:58:12,499: -PUB [/move_group/status] /move_group http://wng:35327/
[rosmaster.master][INFO] 2022-01-13 10:58:12,500: -PUB [/move_group/display_grasp_markers] /move_group http://wng:35327/
[rosmaster.master][INFO] 2022-01-13 10:58:12,500: -PUB [/pickup/result] /move_group http://wng:35327/
[rosmaster.master][INFO] 2022-01-13 10:58:12,500: -PUB [/pickup/feedback] /move_group http://wng:35327/
[rosmaster.master][INFO] 2022-01-13 10:58:12,500: -PUB [/pickup/status] /move_group http://wng:35327/
[rosmaster.master][INFO] 2022-01-13 10:58:12,501: -PUB [/place/result] /move_group http://wng:35327/
[rosmaster.master][INFO] 2022-01-13 10:58:12,501: -PUB [/place/feedback] /move_group http://wng:35327/
[rosmaster.master][INFO] 2022-01-13 10:58:12,501: -PUB [/place/status] /move_group http://wng:35327/
[rosmaster.master][INFO] 2022-01-13 10:58:12,501: -SUB [/tf] /move_group http://wng:35327/
[rosmaster.master][INFO] 2022-01-13 10:58:12,502: -SUB [/tf_static] /move_group http://wng:35327/
[rosmaster.master][INFO] 2022-01-13 10:58:12,502: -SUB [/planning_scene] /move_group http://wng:35327/
[rosmaster.master][INFO] 2022-01-13 10:58:12,502: -SUB [/collision_object] /move_group http://wng:35327/
[rosmaster.master][INFO] 2022-01-13 10:58:12,503: -SUB [/planning_scene_world] /move_group http://wng:35327/
[rosmaster.master][INFO] 2022-01-13 10:58:12,503: -SUB [/joint_states] /move_group http://wng:35327/
[rosmaster.master][INFO] 2022-01-13 10:58:12,503: -SUB [/attached_collision_object] /move_group http://wng:35327/
[rosmaster.master][INFO] 2022-01-13 10:58:12,503: -SUB [/trajectory_execution_event] /move_group http://wng:35327/
[rosmaster.master][INFO] 2022-01-13 10:58:12,504: -SUB [/execute_trajectory/goal] /move_group http://wng:35327/
[rosmaster.master][INFO] 2022-01-13 10:58:12,504: -SUB [/execute_trajectory/cancel] /move_group http://wng:35327/
[rosmaster.master][INFO] 2022-01-13 10:58:12,504: -SUB [/move_group/goal] /move_group http://wng:35327/
[rosmaster.master][INFO] 2022-01-13 10:58:12,505: -SUB [/move_group/cancel] /move_group http://wng:35327/
[rosmaster.master][INFO] 2022-01-13 10:58:12,505: -SUB [/pickup/goal] /move_group http://wng:35327/
[rosmaster.master][INFO] 2022-01-13 10:58:12,505: -SUB [/pickup/cancel] /move_group http://wng:35327/
[rosmaster.master][INFO] 2022-01-13 10:58:12,506: -SUB [/place/goal] /move_group http://wng:35327/
[rosmaster.master][INFO] 2022-01-13 10:58:12,507: -SUB [/place/cancel] /move_group http://wng:35327/
[rosmaster.master][INFO] 2022-01-13 10:58:12,507: -SERVICE [/move_group/get_loggers] /move_group rosrpc://wng:55935
[rosmaster.master][INFO] 2022-01-13 10:58:12,507: -SERVICE [/move_group/set_logger_level] /move_group rosrpc://wng:55935
[rosmaster.master][INFO] 2022-01-13 10:58:12,508: -SERVICE [/move_group/planning_scene_monitor/set_parameters] /move_group rosrpc://wng:55935
[rosmaster.master][INFO] 2022-01-13 10:58:12,508: -SERVICE [/move_group/save_map] /move_group rosrpc://wng:55935
[rosmaster.master][INFO] 2022-01-13 10:58:12,508: -SERVICE [/move_group/load_map] /move_group rosrpc://wng:55935
[rosmaster.master][INFO] 2022-01-13 10:58:12,508: publisherUpdate[/joint_states] -> http://wng:37805/ []
[rosmaster.master][INFO] 2022-01-13 10:58:12,509: publisherUpdate[/joint_states] -> http://wng:35327/ []
[rosmaster.master][INFO] 2022-01-13 10:58:12,509: publisherUpdate[/rosout] -> http://wng:34301/ ['http://wng:37805/', 'http://wng:35327/', 'http://wng:33871/']
[rosmaster.master][INFO] 2022-01-13 10:58:12,509: -SERVICE [/move_group/ompl/set_parameters] /move_group rosrpc://wng:55935
[rosmaster.master][INFO] 2022-01-13 10:58:12,510: publisherUpdate[/joint_states] -> http://wng:37805/ []: sec=0.00, result=[1, '', 0]
[rosmaster.master][INFO] 2022-01-13 10:58:12,510: publisherUpdate[/joint_states] -> http://wng:35327/ []: sec=0.00, exception=<Fault -1: 'publisherUpdate: unknown method name'>
[rosmaster.master][INFO] 2022-01-13 10:58:12,510: publisherUpdate[/rosout] -> http://wng:34301/ ['http://wng:37805/', 'http://wng:35327/', 'http://wng:33871/']: sec=0.00, result=[1, '', 0]
[rosmaster.master][INFO] 2022-01-13 10:58:12,511: -SERVICE [/move_group/trajectory_execution/set_parameters] /move_group rosrpc://wng:55935
[rosmaster.master][INFO] 2022-01-13 10:58:12,511: publisherUpdate[/move_group/monitored_planning_scene] -> http://wng:33871/ []
[rosmaster.master][INFO] 2022-01-13 10:58:12,511: publisherUpdate[/rosout] -> http://wng:34301/ ['http://wng:37805/', 'http://wng:33871/']
[rosmaster.master][INFO] 2022-01-13 10:58:12,511: -SERVICE [/move_group/plan_execution/set_parameters] /move_group rosrpc://wng:55935
[rosmaster.master][INFO] 2022-01-13 10:58:12,512: publisherUpdate[/move_group/monitored_planning_scene] -> http://wng:33871/ []: sec=0.00, result=[1, '', 0]
[rosmaster.master][INFO] 2022-01-13 10:58:12,512: publisherUpdate[/rosout] -> http://wng:34301/ ['http://wng:37805/', 'http://wng:33871/']: sec=0.00, result=[1, '', 0]
[rosmaster.master][INFO] 2022-01-13 10:58:12,513: -SERVICE [/move_group/sense_for_plan/set_parameters] /move_group rosrpc://wng:55935
[rosmaster.master][INFO] 2022-01-13 10:58:12,513: publisherUpdate[/move_group/display_planned_path] -> http://wng:33871/ []
[rosmaster.master][INFO] 2022-01-13 10:58:12,513: -SERVICE [/apply_planning_scene] /move_group rosrpc://wng:55935
[rosmaster.threadpool][ERROR] 2022-01-13 10:58:12,513: Traceback (most recent call last):
  File "/opt/ros/melodic/lib/python2.7/dist-packages/rosmaster/threadpool.py", line 218, in run
    result = cmd(*args)
  File "/opt/ros/melodic/lib/python2.7/dist-packages/rosmaster/master_api.py", line 210, in publisher_update_task
    ret = xmlrpcapi(api).publisherUpdate('/master', topic, pub_uris)
  File "/usr/lib/python2.7/xmlrpclib.py", line 1243, in __call__
    return self.__send(self.__name, args)
  File "/usr/lib/python2.7/xmlrpclib.py", line 1602, in __request
    verbose=self.__verbose
  File "/usr/lib/python2.7/xmlrpclib.py", line 1283, in request
    return self.single_request(host, handler, request_body, verbose)
  File "/usr/lib/python2.7/xmlrpclib.py", line 1316, in single_request
    return self.parse_response(response)
  File "/usr/lib/python2.7/xmlrpclib.py", line 1493, in parse_response
    return u.close()
  File "/usr/lib/python2.7/xmlrpclib.py", line 800, in close
    raise Fault(**self._stack[0])
Fault: <Fault -1: 'publisherUpdate: unknown method name'>

[rosmaster.master][INFO] 2022-01-13 10:58:12,514: publisherUpdate[/move_group/display_planned_path] -> http://wng:33871/ []: sec=0.00, result=[1, '', 0]
[rosmaster.master][INFO] 2022-01-13 10:58:12,514: -SERVICE [/clear_octomap] /move_group rosrpc://wng:55935
[rosmaster.master][INFO] 2022-01-13 10:58:12,514: publisherUpdate[/execute_trajectory/result] -> http://wng:33871/ []
[rosmaster.master][INFO] 2022-01-13 10:58:12,514: -SERVICE [/compute_cartesian_path] /move_group rosrpc://wng:55935
[rosmaster.master][INFO] 2022-01-13 10:58:12,515: publisherUpdate[/execute_trajectory/result] -> http://wng:33871/ []: sec=0.00, result=[1, '', 0]
[rosmaster.master][INFO] 2022-01-13 10:58:12,515: publisherUpdate[/execute_trajectory/feedback] -> http://wng:33871/ []
[rosmaster.master][INFO] 2022-01-13 10:58:12,515: -SERVICE [/get_planning_scene] /move_group rosrpc://wng:55935
[rosmaster.master][INFO] 2022-01-13 10:58:12,515: publisherUpdate[/execute_trajectory/feedback] -> http://wng:33871/ []: sec=0.00, result=[1, '', 0]
[rosmaster.master][INFO] 2022-01-13 10:58:12,516: -SERVICE [/compute_fk] /move_group rosrpc://wng:55935
[rosmaster.master][INFO] 2022-01-13 10:58:12,516: publisherUpdate[/execute_trajectory/status] -> http://wng:33871/ []
[rosmaster.master][INFO] 2022-01-13 10:58:12,516: -SERVICE [/compute_ik] /move_group rosrpc://wng:55935
[rosmaster.master][INFO] 2022-01-13 10:58:12,517: publisherUpdate[/execute_trajectory/status] -> http://wng:33871/ []: sec=0.00, result=[1, '', 0]
[rosmaster.master][INFO] 2022-01-13 10:58:12,517: -SERVICE [/plan_kinematic_path] /move_group rosrpc://wng:55935
[rosmaster.master][INFO] 2022-01-13 10:58:12,517: publisherUpdate[/move_group/result] -> http://wng:33871/ []
[rosmaster.master][INFO] 2022-01-13 10:58:12,517: -SERVICE [/query_planner_interface] /move_group rosrpc://wng:55935
[rosmaster.master][INFO] 2022-01-13 10:58:12,518: publisherUpdate[/move_group/result] -> http://wng:33871/ []: sec=0.00, result=[1, '', 0]
[rosmaster.master][INFO] 2022-01-13 10:58:12,518: -SERVICE [/get_planner_params] /move_group rosrpc://wng:55935
[rosmaster.master][INFO] 2022-01-13 10:58:12,518: publisherUpdate[/move_group/feedback] -> http://wng:33871/ []
[rosmaster.master][INFO] 2022-01-13 10:58:12,519: -SERVICE [/set_planner_params] /move_group rosrpc://wng:55935
[rosmaster.master][INFO] 2022-01-13 10:58:12,519: publisherUpdate[/move_group/feedback] -> http://wng:33871/ []: sec=0.00, result=[1, '', 0]
[rosmaster.master][INFO] 2022-01-13 10:58:12,519: -SERVICE [/check_state_validity] /move_group rosrpc://wng:55935
[rosmaster.master][INFO] 2022-01-13 10:58:12,520: publisherUpdate[/move_group/status] -> http://wng:33871/ []
[rosmaster.master][INFO] 2022-01-13 10:58:12,520: publisherUpdate[/move_group/status] -> http://wng:33871/ []: sec=0.00, result=[1, '', 0]
[rosmaster.master][INFO] 2022-01-13 10:58:12,520: -CACHEDPARAM [/rosout_disable_topics_generation] by /move_group
[rosmaster.master][INFO] 2022-01-13 10:58:12,520: publisherUpdate[/pickup/result] -> http://wng:33871/ []
[rosmaster.master][INFO] 2022-01-13 10:58:12,521: publisherUpdate[/pickup/result] -> http://wng:33871/ []: sec=0.00, result=[1, '', 0]
[rosmaster.master][INFO] 2022-01-13 10:58:12,521: publisherUpdate[/pickup/feedback] -> http://wng:33871/ []
[rosmaster.master][INFO] 2022-01-13 10:58:12,521: publisherUpdate[/pickup/feedback] -> http://wng:33871/ []: sec=0.00, result=[1, '', 0]
[rosmaster.master][INFO] 2022-01-13 10:58:12,521: publisherUpdate[/pickup/status] -> http://wng:33871/ []
[rosmaster.master][INFO] 2022-01-13 10:58:12,522: publisherUpdate[/pickup/status] -> http://wng:33871/ []: sec=0.00, result=[1, '', 0]
[rosmaster.master][INFO] 2022-01-13 10:58:12,522: publisherUpdate[/place/result] -> http://wng:33871/ []
[rosmaster.master][INFO] 2022-01-13 10:58:12,522: publisherUpdate[/place/result] -> http://wng:33871/ []: sec=0.00, result=[1, '', 0]
[rosmaster.master][INFO] 2022-01-13 10:58:12,522: publisherUpdate[/place/feedback] -> http://wng:33871/ []
[rosmaster.master][INFO] 2022-01-13 10:58:12,523: publisherUpdate[/place/feedback] -> http://wng:33871/ []: sec=0.00, result=[1, '', 0]
[rosmaster.master][INFO] 2022-01-13 10:58:12,523: publisherUpdate[/place/status] -> http://wng:33871/ []
[rosmaster.master][INFO] 2022-01-13 10:58:12,523: publisherUpdate[/place/status] -> http://wng:33871/ []: sec=0.00, result=[1, '', 0]
[rosmaster.master][INFO] 2022-01-13 10:58:12,610: -PUB [/rosout] /robot_state_publisher http://wng:37805/
[rosmaster.master][INFO] 2022-01-13 10:58:12,610: -PUB [/tf] /robot_state_publisher http://wng:37805/
[rosmaster.master][INFO] 2022-01-13 10:58:12,611: -PUB [/tf_static] /robot_state_publisher http://wng:37805/
[rosmaster.master][INFO] 2022-01-13 10:58:12,612: -SUB [/joint_states] /robot_state_publisher http://wng:37805/
[rosmaster.master][INFO] 2022-01-13 10:58:12,612: -SERVICE [/robot_state_publisher/get_loggers] /robot_state_publisher rosrpc://wng:53667
[rosmaster.master][INFO] 2022-01-13 10:58:12,613: -SERVICE [/robot_state_publisher/set_logger_level] /robot_state_publisher rosrpc://wng:53667
[rosmaster.master][INFO] 2022-01-13 10:58:12,613: publisherUpdate[/rosout] -> http://wng:34301/ ['http://wng:33871/']
[rosmaster.master][INFO] 2022-01-13 10:58:12,614: publisherUpdate[/rosout] -> http://wng:34301/ ['http://wng:33871/']: sec=0.00, result=[1, '', 0]
[rosmaster.master][INFO] 2022-01-13 10:58:12,614: publisherUpdate[/tf] -> http://wng:33871/ []
[rosmaster.master][INFO] 2022-01-13 10:58:12,614: -PUB [/rosout] /rviz_wng_17648_8361667051100657323 http://wng:33871/
[rosmaster.master][INFO] 2022-01-13 10:58:12,615: -PUB [/planning_scene] /rviz_wng_17648_8361667051100657323 http://wng:33871/
[rosmaster.master][INFO] 2022-01-13 10:58:12,615: -PUB [/planning_scene_world] /rviz_wng_17648_8361667051100657323 http://wng:33871/
[rosmaster.master][INFO] 2022-01-13 10:58:12,616: -PUB [/initialpose] /rviz_wng_17648_8361667051100657323 http://wng:33871/
[rosmaster.master][INFO] 2022-01-13 10:58:12,616: -PUB [/move_base_simple/goal] /rviz_wng_17648_8361667051100657323 http://wng:33871/
[rosmaster.master][INFO] 2022-01-13 10:58:12,616: -PUB [/clicked_point] /rviz_wng_17648_8361667051100657323 http://wng:33871/
[rosmaster.master][INFO] 2022-01-13 10:58:12,616: -PUB [/rviz_wng_17648_8361667051100657323/motionplanning_planning_scene_monitor/parameter_descriptions] /rviz_wng_17648_8361667051100657323 http://wng:33871/
[rosmaster.master][INFO] 2022-01-13 10:58:12,617: -PUB [/rviz_wng_17648_8361667051100657323/motionplanning_planning_scene_monitor/parameter_updates] /rviz_wng_17648_8361667051100657323 http://wng:33871/
[rosmaster.master][INFO] 2022-01-13 10:58:12,617: -PUB [/rviz_moveit_motion_planning_display/robot_interaction_interactive_marker_topic/update_full] /rviz_wng_17648_8361667051100657323 http://wng:33871/
[rosmaster.master][INFO] 2022-01-13 10:58:12,617: -PUB [/rviz_moveit_motion_planning_display/robot_interaction_interactive_marker_topic/update] /rviz_wng_17648_8361667051100657323 http://wng:33871/
[rosmaster.master][INFO] 2022-01-13 10:58:12,618: -PUB [/rviz_moveit_motion_planning_display/robot_interaction_interactive_marker_topic/feedback] /rviz_wng_17648_8361667051100657323 http://wng:33871/
[rosmaster.master][INFO] 2022-01-13 10:58:12,618: -PUB [/trajectory_execution_event] /rviz_wng_17648_8361667051100657323 http://wng:33871/
[rosmaster.master][INFO] 2022-01-13 10:58:12,618: -PUB [/attached_collision_object] /rviz_wng_17648_8361667051100657323 http://wng:33871/
[rosmaster.master][INFO] 2022-01-13 10:58:12,619: -PUB [/move_group/goal] /rviz_wng_17648_8361667051100657323 http://wng:33871/
[rosmaster.master][INFO] 2022-01-13 10:58:12,619: -PUB [/move_group/cancel] /rviz_wng_17648_8361667051100657323 http://wng:33871/
[rosmaster.master][INFO] 2022-01-13 10:58:12,619: -PUB [/pickup/goal] /rviz_wng_17648_8361667051100657323 http://wng:33871/
[rosmaster.master][INFO] 2022-01-13 10:58:12,620: -PUB [/pickup/cancel] /rviz_wng_17648_8361667051100657323 http://wng:33871/
[rosmaster.master][INFO] 2022-01-13 10:58:12,620: -PUB [/place/goal] /rviz_wng_17648_8361667051100657323 http://wng:33871/
[rosmaster.master][INFO] 2022-01-13 10:58:12,621: -PUB [/place/cancel] /rviz_wng_17648_8361667051100657323 http://wng:33871/
[rosmaster.master][INFO] 2022-01-13 10:58:12,621: -PUB [/execute_trajectory/goal] /rviz_wng_17648_8361667051100657323 http://wng:33871/
[rosmaster.master][INFO] 2022-01-13 10:58:12,621: -PUB [/execute_trajectory/cancel] /rviz_wng_17648_8361667051100657323 http://wng:33871/
[rosmaster.master][INFO] 2022-01-13 10:58:12,622: -SUB [/tf] /rviz_wng_17648_8361667051100657323 http://wng:33871/
[rosmaster.master][INFO] 2022-01-13 10:58:12,622: -SUB [/tf_static] /rviz_wng_17648_8361667051100657323 http://wng:33871/
[rosmaster.master][INFO] 2022-01-13 10:58:12,622: -SUB [/recognized_object_array] /rviz_wng_17648_8361667051100657323 http://wng:33871/
[rosmaster.master][INFO] 2022-01-13 10:58:12,623: -SUB [/move_group/monitored_planning_scene] /rviz_wng_17648_8361667051100657323 http://wng:33871/
[rosmaster.master][INFO] 2022-01-13 10:58:12,623: -SUB [/move_group/display_planned_path] /rviz_wng_17648_8361667051100657323 http://wng:33871/
[rosmaster.master][INFO] 2022-01-13 10:58:12,623: -SUB [/rviz_moveit_motion_planning_display/robot_interaction_interactive_marker_topic/feedback] /rviz_wng_17648_8361667051100657323 http://wng:33871/
[rosmaster.master][INFO] 2022-01-13 10:58:12,623: publisherUpdate[/rosout] -> http://wng:34301/ []
[rosmaster.master][INFO] 2022-01-13 10:58:12,624: -SUB [/rviz_moveit_motion_planning_display/robot_interaction_interactive_marker_topic/update] /rviz_wng_17648_8361667051100657323 http://wng:33871/
[rosmaster.master][INFO] 2022-01-13 10:58:12,624: publisherUpdate[/rosout] -> http://wng:34301/ []: sec=0.00, result=[1, '', 0]
[rosmaster.master][INFO] 2022-01-13 10:58:12,624: publisherUpdate[/tf] -> http://wng:33871/ []: sec=0.01, exception=<Fault -1: 'publisherUpdate: unknown method name'>
[rosmaster.master][INFO] 2022-01-13 10:58:12,625: -SUB [/move_group/status] /rviz_wng_17648_8361667051100657323 http://wng:33871/
[rosmaster.threadpool][ERROR] 2022-01-13 10:58:12,625: Traceback (most recent call last):
  File "/opt/ros/melodic/lib/python2.7/dist-packages/rosmaster/threadpool.py", line 218, in run
    result = cmd(*args)
  File "/opt/ros/melodic/lib/python2.7/dist-packages/rosmaster/master_api.py", line 210, in publisher_update_task
    ret = xmlrpcapi(api).publisherUpdate('/master', topic, pub_uris)
  File "/usr/lib/python2.7/xmlrpclib.py", line 1243, in __call__
    return self.__send(self.__name, args)
  File "/usr/lib/python2.7/xmlrpclib.py", line 1602, in __request
    verbose=self.__verbose
  File "/usr/lib/python2.7/xmlrpclib.py", line 1283, in request
    return self.single_request(host, handler, request_body, verbose)
  File "/usr/lib/python2.7/xmlrpclib.py", line 1316, in single_request
    return self.parse_response(response)
  File "/usr/lib/python2.7/xmlrpclib.py", line 1493, in parse_response
    return u.close()
  File "/usr/lib/python2.7/xmlrpclib.py", line 800, in close
    raise Fault(**self._stack[0])
Fault: <Fault -1: 'publisherUpdate: unknown method name'>

[rosmaster.master][INFO] 2022-01-13 10:58:12,625: -SUB [/move_group/feedback] /rviz_wng_17648_8361667051100657323 http://wng:33871/
[rosmaster.master][INFO] 2022-01-13 10:58:12,625: publisherUpdate[/tf_static] -> http://wng:33871/ []
[rosmaster.master][INFO] 2022-01-13 10:58:12,626: -SUB [/move_group/result] /rviz_wng_17648_8361667051100657323 http://wng:33871/
[rosmaster.master][INFO] 2022-01-13 10:58:12,626: publisherUpdate[/tf_static] -> http://wng:33871/ []: sec=0.00, exception=<Fault -1: 'publisherUpdate: unknown method name'>
[rosmaster.master][INFO] 2022-01-13 10:58:12,627: -SUB [/pickup/status] /rviz_wng_17648_8361667051100657323 http://wng:33871/
[rosmaster.threadpool][ERROR] 2022-01-13 10:58:12,627: Traceback (most recent call last):
  File "/opt/ros/melodic/lib/python2.7/dist-packages/rosmaster/threadpool.py", line 218, in run
    result = cmd(*args)
  File "/opt/ros/melodic/lib/python2.7/dist-packages/rosmaster/master_api.py", line 210, in publisher_update_task
    ret = xmlrpcapi(api).publisherUpdate('/master', topic, pub_uris)
  File "/usr/lib/python2.7/xmlrpclib.py", line 1243, in __call__
    return self.__send(self.__name, args)
  File "/usr/lib/python2.7/xmlrpclib.py", line 1602, in __request
    verbose=self.__verbose
  File "/usr/lib/python2.7/xmlrpclib.py", line 1283, in request
    return self.single_request(host, handler, request_body, verbose)
  File "/usr/lib/python2.7/xmlrpclib.py", line 1316, in single_request
    return self.parse_response(response)
  File "/usr/lib/python2.7/xmlrpclib.py", line 1493, in parse_response
    return u.close()
  File "/usr/lib/python2.7/xmlrpclib.py", line 800, in close
    raise Fault(**self._stack[0])
Fault: <Fault -1: 'publisherUpdate: unknown method name'>

[rosmaster.master][INFO] 2022-01-13 10:58:12,627: -SUB [/pickup/feedback] /rviz_wng_17648_8361667051100657323 http://wng:33871/
[rosmaster.master][INFO] 2022-01-13 10:58:12,627: publisherUpdate[/rviz_moveit_motion_planning_display/robot_interaction_interactive_marker_topic/update] -> http://wng:33871/ []
[rosmaster.master][INFO] 2022-01-13 10:58:12,627: -SUB [/pickup/result] /rviz_wng_17648_8361667051100657323 http://wng:33871/
[rosmaster.master][INFO] 2022-01-13 10:58:12,628: publisherUpdate[/rviz_moveit_motion_planning_display/robot_interaction_interactive_marker_topic/update] -> http://wng:33871/ []: sec=0.00, exception=<Fault -1: 'publisherUpdate: unknown method name'>
[rosmaster.master][INFO] 2022-01-13 10:58:12,628: -SUB [/place/status] /rviz_wng_17648_8361667051100657323 http://wng:33871/
[rosmaster.threadpool][ERROR] 2022-01-13 10:58:12,628: Traceback (most recent call last):
  File "/opt/ros/melodic/lib/python2.7/dist-packages/rosmaster/threadpool.py", line 218, in run
    result = cmd(*args)
  File "/opt/ros/melodic/lib/python2.7/dist-packages/rosmaster/master_api.py", line 210, in publisher_update_task
    ret = xmlrpcapi(api).publisherUpdate('/master', topic, pub_uris)
  File "/usr/lib/python2.7/xmlrpclib.py", line 1243, in __call__
    return self.__send(self.__name, args)
  File "/usr/lib/python2.7/xmlrpclib.py", line 1602, in __request
    verbose=self.__verbose
  File "/usr/lib/python2.7/xmlrpclib.py", line 1283, in request
    return self.single_request(host, handler, request_body, verbose)
  File "/usr/lib/python2.7/xmlrpclib.py", line 1316, in single_request
    return self.parse_response(response)
  File "/usr/lib/python2.7/xmlrpclib.py", line 1493, in parse_response
    return u.close()
  File "/usr/lib/python2.7/xmlrpclib.py", line 800, in close
    raise Fault(**self._stack[0])
Fault: <Fault -1: 'publisherUpdate: unknown method name'>

[rosmaster.master][INFO] 2022-01-13 10:58:12,629: -SUB [/place/feedback] /rviz_wng_17648_8361667051100657323 http://wng:33871/
[rosmaster.master][INFO] 2022-01-13 10:58:12,629: publisherUpdate[/rviz_moveit_motion_planning_display/robot_interaction_interactive_marker_topic/feedback] -> http://wng:33871/ []
[rosmaster.master][INFO] 2022-01-13 10:58:12,629: -SUB [/place/result] /rviz_wng_17648_8361667051100657323 http://wng:33871/
[rosmaster.master][INFO] 2022-01-13 10:58:12,629: publisherUpdate[/rviz_moveit_motion_planning_display/robot_interaction_interactive_marker_topic/feedback] -> http://wng:33871/ []: sec=0.00, exception=<Fault -1: 'publisherUpdate: unknown method name'>
[rosmaster.master][INFO] 2022-01-13 10:58:12,630: -SUB [/execute_trajectory/status] /rviz_wng_17648_8361667051100657323 http://wng:33871/
[rosmaster.threadpool][ERROR] 2022-01-13 10:58:12,630: Traceback (most recent call last):
  File "/opt/ros/melodic/lib/python2.7/dist-packages/rosmaster/threadpool.py", line 218, in run
    result = cmd(*args)
  File "/opt/ros/melodic/lib/python2.7/dist-packages/rosmaster/master_api.py", line 210, in publisher_update_task
    ret = xmlrpcapi(api).publisherUpdate('/master', topic, pub_uris)
  File "/usr/lib/python2.7/xmlrpclib.py", line 1243, in __call__
    return self.__send(self.__name, args)
  File "/usr/lib/python2.7/xmlrpclib.py", line 1602, in __request
    verbose=self.__verbose
  File "/usr/lib/python2.7/xmlrpclib.py", line 1283, in request
    return self.single_request(host, handler, request_body, verbose)
  File "/usr/lib/python2.7/xmlrpclib.py", line 1316, in single_request
    return self.parse_response(response)
  File "/usr/lib/python2.7/xmlrpclib.py", line 1493, in parse_response
    return u.close()
  File "/usr/lib/python2.7/xmlrpclib.py", line 800, in close
    raise Fault(**self._stack[0])
Fault: <Fault -1: 'publisherUpdate: unknown method name'>

[rosmaster.master][INFO] 2022-01-13 10:58:12,630: -SUB [/execute_trajectory/feedback] /rviz_wng_17648_8361667051100657323 http://wng:33871/
[rosmaster.master][INFO] 2022-01-13 10:58:12,631: -SUB [/execute_trajectory/result] /rviz_wng_17648_8361667051100657323 http://wng:33871/
[rosmaster.master][INFO] 2022-01-13 10:58:12,631: -SERVICE [/rviz_wng_17648_8361667051100657323/get_loggers] /rviz_wng_17648_8361667051100657323 rosrpc://wng:40285
[rosmaster.master][INFO] 2022-01-13 10:58:12,632: -SERVICE [/rviz_wng_17648_8361667051100657323/set_logger_level] /rviz_wng_17648_8361667051100657323 rosrpc://wng:40285
[rosmaster.master][INFO] 2022-01-13 10:58:12,632: -SERVICE [/rviz_wng_17648_8361667051100657323/reload_shaders] /rviz_wng_17648_8361667051100657323 rosrpc://wng:40285
[rosmaster.master][INFO] 2022-01-13 10:58:12,632: -SERVICE [/rviz_wng_17648_8361667051100657323/load_config] /rviz_wng_17648_8361667051100657323 rosrpc://wng:40285
[rosmaster.master][INFO] 2022-01-13 10:58:12,633: -SERVICE [/rviz_wng_17648_8361667051100657323/save_config] /rviz_wng_17648_8361667051100657323 rosrpc://wng:40285
[rosmaster.master][INFO] 2022-01-13 10:58:12,633: -SERVICE [/rviz_wng_17648_8361667051100657323/motionplanning_planning_scene_monitor/set_parameters] /rviz_wng_17648_8361667051100657323 rosrpc://wng:40285
[rosmaster.master][INFO] 2022-01-13 10:58:12,633: -CACHEDPARAM [/rosout_disable_topics_generation] by /rviz_wng_17648_8361667051100657323
[rosmaster.master][INFO] 2022-01-13 10:58:13,125: -PUB [/rosout_agg] /rosout http://wng:34301/
[rosmaster.master][INFO] 2022-01-13 10:58:13,125: -SUB [/rosout] /rosout http://wng:34301/
[rosmaster.master][INFO] 2022-01-13 10:58:13,126: -SERVICE [/rosout/get_loggers] /rosout rosrpc://wng:46499
[rosmaster.master][INFO] 2022-01-13 10:58:13,126: -SERVICE [/rosout/set_logger_level] /rosout rosrpc://wng:46499
[rosmaster.master][INFO] 2022-01-13 10:58:13,127: -CACHEDPARAM [/rosout/omit_topics] by /rosout
[rosmaster.main][INFO] 2022-01-13 10:58:13,147: keyboard interrupt, will exit
[rosmaster.main][INFO] 2022-01-13 10:58:13,147: stopping master...
[rospy.core][INFO] 2022-01-13 10:58:13,147: signal_shutdown [atexit]
