[rospy.client][INFO] 2021-12-02 11:43:06,656: init_node, name[/server_endpoint], pid[29286]
[xmlrpc][INFO] 2021-12-02 11:43:06,656: XML-RPC server binding to 0.0.0.0:0
[xmlrpc][INFO] 2021-12-02 11:43:06,657: Started XML-RPC server [http://wng:39511/]
[rospy.init][INFO] 2021-12-02 11:43:06,657: ROS Slave URI: [http://wng:39511/]
[rospy.impl.masterslave][INFO] 2021-12-02 11:43:06,657: _ready: http://wng:39511/
[xmlrpc][INFO] 2021-12-02 11:43:06,657: xml rpc node: starting XML-RPC server
[rospy.registration][INFO] 2021-12-02 11:43:06,657: Registering with master node http://localhost:11311
[rospy.init][INFO] 2021-12-02 11:43:06,757: registered with master
[rospy.rosout][INFO] 2021-12-02 11:43:06,757: initializing /rosout core topic
[rospy.rosout][INFO] 2021-12-02 11:43:06,759: connected to core topic /rosout
[rospy.simtime][INFO] 2021-12-02 11:43:06,759: /use_sim_time is not set, will not subscribe to simulated time [/clock] topic
[rosout][INFO] 2021-12-02 11:43:06,767: Starting server on 192.168.0.8:10000
[rospy.internal][INFO] 2021-12-02 11:43:06,864: topic[/rosout] adding connection to [/rosout], count 0
[rosout][INFO] 2021-12-02 11:43:09,808: Connection from 192.168.0.8
[rosout][INFO] 2021-12-02 11:43:09,814: RegisterPublisher(execution_check, <class 'panda_move.msg._ExecutionCheck.ExecutionCheck'>) OK
[rospy.internal][INFO] 2021-12-02 11:43:09,887: topic[/execution_check] adding connection to [http://wng:39511/], count 0
[rospy.internal][INFO] 2021-12-02 11:43:09,889: topic[/execution_check] adding connection to [/server_endpoint], count 0
[rospy.core][INFO] 2021-12-02 12:23:44,169: signal_shutdown [signal-2]
[rospy.internal][INFO] 2021-12-02 12:23:44,174: topic[/execution_check] removing connection to /server_endpoint
[rospy.internal][INFO] 2021-12-02 12:23:44,175: topic[/rosout] removing connection to /rosout
[rospy.internal][INFO] 2021-12-02 12:23:44,176: topic[/execution_check] removing connection to http://wng:39511/
[rospy.internal][WARNING] 2021-12-02 12:23:44,176: Unknown error initiating TCP/IP socket to wng:41965 (http://wng:39511/): Traceback (most recent call last):
  File "/opt/ros/melodic/lib/python2.7/dist-packages/rospy/impl/tcpros_base.py", line 562, in connect
    self.read_header()
  File "/opt/ros/melodic/lib/python2.7/dist-packages/rospy/impl/tcpros_base.py", line 657, in read_header
    self._validate_header(read_ros_handshake_header(sock, self.read_buff, self.protocol.buff_size))
  File "/opt/ros/melodic/lib/python2.7/dist-packages/rosgraph/network.py", line 359, in read_ros_handshake_header
    raise ROSHandshakeException("connection from sender terminated before handshake header received. %s bytes were received. Please check sender for additional details."%b.tell())
ROSHandshakeException: connection from sender terminated before handshake header received. 0 bytes were received. Please check sender for additional details.

[rospy.impl.masterslave][INFO] 2021-12-02 12:23:44,176: signal-2
[rospy.core][INFO] 2021-12-02 12:23:44,292: signal_shutdown [atexit]
