[rospy.client][INFO] 2021-12-08 10:04:26,311: init_node, name[/joint_state_publisher], pid[27990]
[xmlrpc][INFO] 2021-12-08 10:04:26,311: XML-RPC server binding to 0.0.0.0:0
[xmlrpc][INFO] 2021-12-08 10:04:26,311: Started XML-RPC server [http://wng:46101/]
[rospy.init][INFO] 2021-12-08 10:04:26,312: ROS Slave URI: [http://wng:46101/]
[rospy.impl.masterslave][INFO] 2021-12-08 10:04:26,312: _ready: http://wng:46101/
[rospy.registration][INFO] 2021-12-08 10:04:26,312: Registering with master node http://localhost:11311
[xmlrpc][INFO] 2021-12-08 10:04:26,312: xml rpc node: starting XML-RPC server
[rospy.init][INFO] 2021-12-08 10:04:26,412: registered with master
[rospy.rosout][INFO] 2021-12-08 10:04:26,412: initializing /rosout core topic
[rospy.rosout][INFO] 2021-12-08 10:04:26,414: connected to core topic /rosout
[rospy.simtime][INFO] 2021-12-08 10:04:26,415: /use_sim_time is not set, will not subscribe to simulated time [/clock] topic
[rospy.internal][INFO] 2021-12-08 10:04:26,481: topic[/move_group/fake_controller_joint_states] adding connection to [http://wng:46859/], count 0
[rospy.internal][INFO] 2021-12-08 10:04:26,517: topic[/rosout] adding connection to [/rosout], count 0
[rospy.internal][INFO] 2021-12-08 10:04:26,718: topic[/joint_states] adding connection to [/joint_state_desired_publisher], count 0
[rospy.internal][INFO] 2021-12-08 10:04:26,718: topic[/joint_states] adding connection to [/robot_state_publisher], count 1
[rospy.internal][INFO] 2021-12-08 10:04:57,384: topic[/joint_states] adding connection to [/move_group_commander_wrappers_1638925473026875196], count 2
[rospy.internal][INFO] 2021-12-08 10:15:41,434: topic[/joint_states] removing connection to /move_group_commander_wrappers_1638925473026875196
[rospy.core][INFO] 2021-12-08 10:15:44,472: signal_shutdown [signal-2]
[rospy.internal][INFO] 2021-12-08 10:15:44,476: topic[/joint_states] removing connection to /joint_state_desired_publisher
[rospy.internal][INFO] 2021-12-08 10:15:44,476: topic[/joint_states] removing connection to /robot_state_publisher
[rospy.internal][INFO] 2021-12-08 10:15:44,476: topic[/rosout] removing connection to /rosout
[rospy.internal][INFO] 2021-12-08 10:15:44,476: topic[/move_group/fake_controller_joint_states] removing connection to http://wng:46859/
[rospy.impl.masterslave][INFO] 2021-12-08 10:15:44,476: signal-2
[rospy.core][INFO] 2021-12-08 10:15:44,580: signal_shutdown [atexit]
