[rospy.client][INFO] 2021-09-05 17:50:11,314: init_node, name[/joint_state_publisher], pid[30165]
[xmlrpc][INFO] 2021-09-05 17:50:11,314: XML-RPC server binding to 0.0.0.0:0
[xmlrpc][INFO] 2021-09-05 17:50:11,315: Started XML-RPC server [http://wng:45109/]
[rospy.init][INFO] 2021-09-05 17:50:11,315: ROS Slave URI: [http://wng:45109/]
[rospy.impl.masterslave][INFO] 2021-09-05 17:50:11,315: _ready: http://wng:45109/
[rospy.registration][INFO] 2021-09-05 17:50:11,315: Registering with master node http://localhost:11311
[xmlrpc][INFO] 2021-09-05 17:50:11,315: xml rpc node: starting XML-RPC server
[rospy.init][INFO] 2021-09-05 17:50:11,416: registered with master
[rospy.rosout][INFO] 2021-09-05 17:50:11,416: initializing /rosout core topic
[rospy.rosout][INFO] 2021-09-05 17:50:11,419: connected to core topic /rosout
[rospy.simtime][INFO] 2021-09-05 17:50:11,420: /use_sim_time is not set, will not subscribe to simulated time [/clock] topic
[rospy.internal][INFO] 2021-09-05 17:50:11,485: topic[/move_group/fake_controller_joint_states] adding connection to [http://wng:39819/], count 0
[rospy.internal][INFO] 2021-09-05 17:50:11,598: topic[/rosout] adding connection to [/rosout], count 0
[rospy.internal][INFO] 2021-09-05 17:50:11,690: topic[/joint_states] adding connection to [/joint_state_desired_publisher], count 0
[rospy.internal][INFO] 2021-09-05 17:50:11,691: topic[/joint_states] adding connection to [/robot_state_publisher], count 1
[rospy.internal][INFO] 2021-09-05 17:50:49,034: topic[/joint_states] adding connection to [/move_group_commander_wrappers_1630831823480722850], count 2
[rospy.core][INFO] 2021-09-05 17:51:09,066: signal_shutdown [signal-2]
[rospy.internal][INFO] 2021-09-05 17:51:09,069: topic[/joint_states] removing connection to /joint_state_desired_publisher
[rospy.internal][INFO] 2021-09-05 17:51:09,069: topic[/joint_states] removing connection to /robot_state_publisher
[rospy.internal][INFO] 2021-09-05 17:51:09,069: topic[/joint_states] removing connection to /move_group_commander_wrappers_1630831823480722850
[rospy.internal][INFO] 2021-09-05 17:51:09,069: topic[/rosout] removing connection to /rosout
[rospy.internal][INFO] 2021-09-05 17:51:09,069: topic[/move_group/fake_controller_joint_states] removing connection to http://wng:39819/
[rospy.impl.masterslave][INFO] 2021-09-05 17:51:09,070: signal-2
[rospy.core][INFO] 2021-09-05 17:51:09,185: signal_shutdown [atexit]
