[rospy.client][INFO] 2021-09-05 17:50:23,512: init_node, name[/PandaMove], pid[30164]
[xmlrpc][INFO] 2021-09-05 17:50:23,512: XML-RPC server binding to 0.0.0.0:0
[xmlrpc][INFO] 2021-09-05 17:50:23,513: Started XML-RPC server [http://wng:34751/]
[rospy.init][INFO] 2021-09-05 17:50:23,513: ROS Slave URI: [http://wng:34751/]
[rospy.impl.masterslave][INFO] 2021-09-05 17:50:23,513: _ready: http://wng:34751/
[xmlrpc][INFO] 2021-09-05 17:50:23,513: xml rpc node: starting XML-RPC server
[rospy.registration][INFO] 2021-09-05 17:50:23,513: Registering with master node http://localhost:11311
[rospy.init][INFO] 2021-09-05 17:50:23,613: registered with master
[rospy.rosout][INFO] 2021-09-05 17:50:23,613: initializing /rosout core topic
[rospy.rosout][INFO] 2021-09-05 17:50:23,615: connected to core topic /rosout
[rospy.simtime][INFO] 2021-09-05 17:50:23,615: /use_sim_time is not set, will not subscribe to simulated time [/clock] topic
[rospy.internal][INFO] 2021-09-05 17:50:25,433: topic[/rosout] adding connection to [/rosout], count 0
[rospy.internal][INFO] 2021-09-05 17:50:25,476: topic[/attached_collision_object] adding connection to [/move_group], count 0
[rospy.internal][INFO] 2021-09-05 17:50:25,489: topic[/collision_object] adding connection to [/move_group], count 0
[rosout][INFO] 2021-09-05 17:50:25,513: wait for update_place_pose_state
[rospy.internal][INFO] 2021-09-05 17:50:25,527: topic[/tf_static] adding connection to [/move_group], count 0
[rospy.internal][INFO] 2021-09-05 17:50:25,541: topic[/tf_static] adding connection to [/rviz_wng_30128_2929500809481320287], count 1
[rospy.internal][INFO] 2021-09-05 17:50:25,593: topic[/tf_static] adding connection to [/move_group_commander_wrappers_1630831823480722850], count 2
[rospy.internal][INFO] 2021-09-05 17:50:25,773: topic[/action] adding connection to [/rviz_wng_30128_2929500809481320287], count 0
[rosout][INFO] 2021-09-05 17:50:26,215: pan
[rosout][INFO] 2021-09-05 17:50:26,229: wait for update_place_pose_state
[rosout][INFO] 2021-09-05 17:50:26,935: pot
[rosout][INFO] 2021-09-05 17:50:26,967: wait for update_place_pose_state
[rosout][INFO] 2021-09-05 17:50:27,710: plate
[rosout][INFO] 2021-09-05 17:50:27,729: wait for update_place_pose_state
[rosout][INFO] 2021-09-05 17:50:28,446: bowl
[rosout][INFO] 2021-09-05 17:50:28,460: wait for update_place_pose_state
[rosout][INFO] 2021-09-05 17:50:29,211: spatula
[rosout][INFO] 2021-09-05 17:50:29,223: wait for update_place_pose_state
[rosout][INFO] 2021-09-05 17:50:29,974: spreader
[rosout][INFO] 2021-09-05 17:50:30,005: wait for update_place_pose_state
[rosout][INFO] 2021-09-05 17:50:30,749: scooper
[rosout][INFO] 2021-09-05 17:50:30,765: wait for update_place_pose_state
[rosout][INFO] 2021-09-05 17:50:31,511: knife
[rosout][INFO] 2021-09-05 17:50:31,533: wait for update_place_pose_state
[rosout][INFO] 2021-09-05 17:50:32,267: cutting_board
[rosout][INFO] 2021-09-05 17:50:32,276: wait for update_place_pose_state
[rosout][INFO] 2021-09-05 17:50:33,025: tuna
[rosout][INFO] 2021-09-05 17:50:33,035: wait for update_place_pose_state
[rosout][INFO] 2021-09-05 17:50:33,804: onion
[rosout][INFO] 2021-09-05 17:50:33,840: wait for update_place_pose_state
[rosout][INFO] 2021-09-05 17:50:34,612: butter
[rosout][INFO] 2021-09-05 17:50:34,616: wait for update_place_pose_state
[rosout][INFO] 2021-09-05 17:50:35,387: lettuce
[rosout][INFO] 2021-09-05 17:50:35,398: wait for update_place_pose_state
[rosout][INFO] 2021-09-05 17:50:36,175: bread1
[rosout][INFO] 2021-09-05 17:50:36,182: wait for update_place_pose_state
[rosout][INFO] 2021-09-05 17:50:36,977: bread2
[rosout][INFO] 2021-09-05 17:50:36,984: wait for update_place_pose_state
[rosout][INFO] 2021-09-05 17:50:37,769: salt_bottle
[rosout][INFO] 2021-09-05 17:50:37,795: wait for update_place_pose_state
[rosout][INFO] 2021-09-05 17:50:38,584: sugar_bottle
[rosout][INFO] 2021-09-05 17:50:38,601: wait for update_place_pose_state
[rosout][INFO] 2021-09-05 17:50:39,377: pepper_bottle
[rosout][INFO] 2021-09-05 17:50:39,395: wait for update_place_pose_state
[rosout][INFO] 2021-09-05 17:50:40,181: mayonnaise_bottle
[rosout][INFO] 2021-09-05 17:50:40,195: wait for update_place_pose_state
[rosout][INFO] 2021-09-05 17:50:40,995: chopped_onion
[rosout][INFO] 2021-09-05 17:50:41,016: wait for update_place_pose_state
[rosout][INFO] 2021-09-05 17:50:41,775: chopped_tuna
[rosout][INFO] 2021-09-05 17:50:41,809: wait for update_place_pose_state
[rosout][INFO] 2021-09-05 17:50:42,602: chopped_sandwich
[rosout][INFO] 2021-09-05 17:50:42,618: wait for update_place_pose_state
[rosout][INFO] 2021-09-05 17:50:43,415: chopped_lettuce
[rosout][INFO] 2021-09-05 17:50:43,425: wait for update_place_pose_state
[rosout][INFO] 2021-09-05 17:50:44,230: mayonnaise_1
[rosout][INFO] 2021-09-05 17:50:44,244: wait for update_place_pose_state
[rosout][INFO] 2021-09-05 17:50:45,019: sugar_1
[rosout][INFO] 2021-09-05 17:50:45,031: wait for update_place_pose_state
[rosout][INFO] 2021-09-05 17:50:45,840: pepper_1
[rosout][INFO] 2021-09-05 17:50:45,856: wait for update_place_pose_state
[rosout][INFO] 2021-09-05 17:50:46,665: salt_1
[rosout][INFO] 2021-09-05 17:50:46,677: wait for update_place_pose_state
[rosout][INFO] 2021-09-05 17:50:47,461: tuna_spread
[rosout][INFO] 2021-09-05 17:50:47,472: wait for update_place_pose_state
[rosout][INFO] 2021-09-05 17:50:48,240: sandwich
[rospy.core][INFO] 2021-09-05 17:51:09,073: signal_shutdown [signal-2]
[rospy.internal][INFO] 2021-09-05 17:51:09,077: topic[/collision_object] removing connection to /move_group
[rospy.internal][INFO] 2021-09-05 17:51:09,077: topic[/rosout] removing connection to /rosout
[rospy.internal][INFO] 2021-09-05 17:51:09,077: topic[/tf_static] removing connection to /move_group
[rospy.internal][INFO] 2021-09-05 17:51:09,077: topic[/tf_static] removing connection to /rviz_wng_30128_2929500809481320287
[rospy.internal][INFO] 2021-09-05 17:51:09,078: topic[/tf_static] removing connection to /move_group_commander_wrappers_1630831823480722850
[rospy.internal][INFO] 2021-09-05 17:51:09,078: topic[/attached_collision_object] removing connection to /move_group
[rospy.internal][INFO] 2021-09-05 17:51:09,078: topic[/action] removing connection to /rviz_wng_30128_2929500809481320287
[rospy.impl.masterslave][INFO] 2021-09-05 17:51:09,078: signal-2
[rospy.core][INFO] 2021-09-05 17:51:24,101: signal_shutdown [signal-15]
