

1630831810.881390075  Node Startup
1630831811.332475172 INFO /move_group [/tmp/binarydeb/ros-melodic-moveit-ros-move-group-1.0.7/src/move_group_context.cpp:85(MoveGroupContext::status)] [topics: /rosout, /move_group/planning_scene_monitor/parameter_descriptions, /move_group/planning_scene_monitor/parameter_updates, /move_group/monitored_planning_scene, /move_group/filtered_cloud, /move_group/ompl/parameter_descriptions, /move_group/ompl/parameter_updates, /move_group/display_planned_path, /move_group/display_contacts, /move_group/fake_controller_joint_states, /move_group/trajectory_execution/parameter_descriptions, /move_group/trajectory_execution/parameter_updates, /move_group/plan_execution/parameter_descriptions, /move_group/plan_execution/parameter_updates, /move_group/sense_for_plan/parameter_descriptions, /move_group/sense_for_plan/parameter_updates, /move_group/display_cost_sources, /move_group/motion_plan_request, /execute_trajectory/result, /execute_trajectory/feedback, /execute_trajectory/status, /move_group/result, /move_group/feedback, /move_group/status, /move_group/display_grasp_markers, /pickup/result, /pickup/feedback, /pickup/status, /place/result, /place/feedback, /place/status] MoveGroup context initialization complete
1630831811.251187174 INFO /rviz_wng_30128_2929500809481320287 [/tmp/binarydeb/ros-melodic-rviz-1.13.17/src/rviz/ogre_helpers/render_system.cpp:85(RenderSystem::forceGlVersion)] [topics: /rosout] Forcing OpenGl version 0.
1630831811.751241501 INFO /joint_state_desired_publisher [/tmp/binarydeb/ros-melodic-topic-tools-1.14.11/src/relay.cpp:101(MessageEvent<topic_tools::ShapeShifter>&))] [topics: /rosout, /joint_states_desired] advertised as joint_states_desired

1630831811.812094410 INFO /rviz_wng_30128_2929500809481320287 [/tmp/binarydeb/ros-melodic-rviz-1.13.17/src/rviz/ogre_helpers/render_system.cpp:462(RenderWindow* rviz::RenderSystem::makeRenderWindow)] [topics: /rosout] Stereo is NOT SUPPORTED
1630831811.812139481 INFO /rviz_wng_30128_2929500809481320287 [/tmp/binarydeb/ros-melodic-rviz-1.13.17/src/rviz/ogre_helpers/render_system.cpp:183(RenderSystem::detectGlVersion)] [topics: /rosout] OpenGL device: llvmpipe (LLVM 10.0.0, 256 bits)
1630831811.812157659 INFO /rviz_wng_30128_2929500809481320287 [/tmp/binarydeb/ros-melodic-rviz-1.13.17/src/rviz/ogre_helpers/render_system.cpp:230(RenderSystem::detectGlVersion)] [topics: /rosout] OpenGl version: 3.1 (GLSL 1.4).
1630831811.966216087 INFO /server_endpoint [server.py:78(TcpServer.listen_loop)] [topics: /execution_check, /rosout] Starting server on 192.168.1.146:10000
1630831815.127520415 INFO /rviz_wng_30128_2929500809481320287 [/tmp/binarydeb/ros-melodic-moveit-core-1.0.7/robot_model/src/robot_model.cpp:92(core::RobotModel::buildModel)] [topics: /rosout, /planning_scene, /planning_scene_world, /feedback] Loading robot model 'panda'...
1630831815.127547361 INFO /rviz_wng_30128_2929500809481320287 [/tmp/binarydeb/ros-melodic-moveit-core-1.0.7/robot_model/src/robot_model.cpp:951(core::JointModel* moveit::core::RobotModel::constructJointModel)] [topics: /rosout, /planning_scene, /planning_scene_world, /feedback] No root/virtual joint specified in SRDF. Assuming fixed joint
1630831815.186883265 INFO /rviz_wng_30128_2929500809481320287 [/tmp/binarydeb/ros-melodic-moveit-ros-planning-1.0.7/planning_scene_monitor/src/planning_scene_monitor.cpp:987(PlanningSceneMonitor::startSceneMonitor)] [topics: /rosout, /planning_scene, /planning_scene_world, /feedback, /rviz_wng_30128_2929500809481320287/motionplanning_planning_scene_monitor/parameter_descriptions, /rviz_wng_30128_2929500809481320287/motionplanning_planning_scene_monitor/parameter_updates] Starting planning scene monitor
1630831815.188709683 INFO /rviz_wng_30128_2929500809481320287 [/tmp/binarydeb/ros-melodic-moveit-ros-planning-1.0.7/planning_scene_monitor/src/planning_scene_monitor.cpp:993(PlanningSceneMonitor::startSceneMonitor)] [topics: /rosout, /planning_scene, /planning_scene_world, /feedback, /rviz_wng_30128_2929500809481320287/motionplanning_planning_scene_monitor/parameter_descriptions, /rviz_wng_30128_2929500809481320287/motionplanning_planning_scene_monitor/parameter_updates] Listening to '/move_group/monitored_planning_scene'
1630831815.444406566 INFO /rviz_wng_30128_2929500809481320287 [/tmp/binarydeb/ros-melodic-moveit-ros-visualization-1.0.7/motion_planning_rviz_plugin/src/motion_planning_frame.cpp:361(MotionPlanningFrame::changePlanningGroupHelper)] [topics: /rosout, /planning_scene, /planning_scene_world, /rviz_wng_30128_2929500809481320287/motionplanning_planning_scene_monitor/parameter_descriptions, /rviz_wng_30128_2929500809481320287/motionplanning_planning_scene_monitor/parameter_updates, /rviz_moveit_motion_planning_display/robot_interaction_interactive_marker_topic/update_full, /rviz_moveit_motion_planning_display/robot_interaction_interactive_marker_topic/update, /rviz_moveit_motion_planning_display/robot_interaction_interactive_marker_topic/feedback] Constructing new MoveGroup connection for group 'panda_arm' in namespace ''
1630831816.606688121 INFO /rviz_wng_30128_2929500809481320287 [/tmp/binarydeb/ros-melodic-moveit-ros-planning-interface-1.0.7/move_group_interface/src/move_group_interface.cpp:176(planning_interface::MoveGroupInterface::MoveGroupInterfaceImpl::MoveGroupInterfaceImpl)] [topics: /rosout, /planning_scene, /planning_scene_world, /rviz_wng_30128_2929500809481320287/motionplanning_planning_scene_monitor/parameter_descriptions, /rviz_wng_30128_2929500809481320287/motionplanning_planning_scene_monitor/parameter_updates, /rviz_moveit_motion_planning_display/robot_interaction_interactive_marker_topic/update_full, /rviz_moveit_motion_planning_display/robot_interaction_interactive_marker_topic/update, /rviz_moveit_motion_planning_display/robot_interaction_interactive_marker_topic/feedback, /trajectory_execution_event, /attached_collision_object, /move_group/goal, /move_group/cancel, /pickup/goal, /pickup/cancel, /place/goal, /place/cancel, /execute_trajectory/goal, /execute_trajectory/cancel] Ready to take commands for planning group panda_arm.
1630831816.606745202 INFO /rviz_wng_30128_2929500809481320287 [/tmp/binarydeb/ros-melodic-moveit-ros-planning-interface-1.0.7/move_group_interface/src/move_group_interface.cpp:980(planning_interface::MoveGroupInterface::MoveGroupInterfaceImpl::allowLooking)] [topics: /rosout, /planning_scene, /planning_scene_world, /rviz_wng_30128_2929500809481320287/motionplanning_planning_scene_monitor/parameter_descriptions, /rviz_wng_30128_2929500809481320287/motionplanning_planning_scene_monitor/parameter_updates, /rviz_moveit_motion_planning_display/robot_interaction_interactive_marker_topic/update_full, /rviz_moveit_motion_planning_display/robot_interaction_interactive_marker_topic/update, /rviz_moveit_motion_planning_display/robot_interaction_interactive_marker_topic/feedback, /trajectory_execution_event, /attached_collision_object, /move_group/goal, /move_group/cancel, /pickup/goal, /pickup/cancel, /place/goal, /place/cancel, /execute_trajectory/goal, /execute_trajectory/cancel] Looking around: no
1630831816.606771898 INFO /rviz_wng_30128_2929500809481320287 [/tmp/binarydeb/ros-melodic-moveit-ros-planning-interface-1.0.7/move_group_interface/src/move_group_interface.cpp:986(planning_interface::MoveGroupInterface::MoveGroupInterfaceImpl::allowReplanning)] [topics: /rosout, /planning_scene, /planning_scene_world, /rviz_wng_30128_2929500809481320287/motionplanning_planning_scene_monitor/parameter_descriptions, /rviz_wng_30128_2929500809481320287/motionplanning_planning_scene_monitor/parameter_updates, /rviz_moveit_motion_planning_display/robot_interaction_interactive_marker_topic/update_full, /rviz_moveit_motion_planning_display/robot_interaction_interactive_marker_topic/update, /rviz_moveit_motion_planning_display/robot_interaction_interactive_marker_topic/feedback, /trajectory_execution_event, /attached_collision_object, /move_group/goal, /move_group/cancel, /pickup/goal, /pickup/cancel, /place/goal, /place/cancel, /execute_trajectory/goal, /execute_trajectory/cancel] Replanning: no
1630831820.729404926 INFO /server_endpoint [client.py:163(ClientThread.run)] [topics: /execution_check, /rosout] Connection from 192.168.1.146
1630831820.733485937 INFO /server_endpoint [server.py:165(SysCommands.publish)] [topics: /execution_check, /rosout] RegisterPublisher(execution_check, <class 'panda_move.msg._ExecutionCheck.ExecutionCheck'>) OK
1630831823.621271082 INFO /move_group_commander_wrappers_1630831823480722850 [/tmp/binarydeb/ros-melodic-moveit-core-1.0.7/robot_model/src/robot_model.cpp:951(core::JointModel* moveit::core::RobotModel::constructJointModel)] [topics: /rosout] No root/virtual joint specified in SRDF. Assuming fixed joint
1630831824.922283237 INFO /move_group_commander_wrappers_1630831823480722850 [/tmp/binarydeb/ros-melodic-moveit-ros-planning-interface-1.0.7/move_group_interface/src/move_group_interface.cpp:176(planning_interface::MoveGroupInterface::MoveGroupInterfaceImpl::MoveGroupInterfaceImpl)] [topics: /rosout, /planning_scene, /trajectory_execution_event, /attached_collision_object, /move_group/goal, /move_group/cancel, /pickup/goal, /pickup/cancel, /place/goal, /place/cancel, /execute_trajectory/goal, /execute_trajectory/cancel] Ready to take commands for planning group panda_arm.
1630831825.308301773 INFO /move_group_commander_wrappers_1630831823480722850 [/tmp/binarydeb/ros-melodic-moveit-ros-planning-interface-1.0.7/move_group_interface/src/move_group_interface.cpp:176(planning_interface::MoveGroupInterface::MoveGroupInterfaceImpl::MoveGroupInterfaceImpl)] [topics: /rosout, /planning_scene, /trajectory_execution_event, /attached_collision_object, /move_group/goal, /move_group/cancel, /pickup/goal, /pickup/cancel, /place/goal, /place/cancel, /execute_trajectory/goal, /execute_trajectory/cancel] Ready to take commands for planning group hand.
1630831825.514004945 INFO /PandaMove [object_level_motion.py:265(ObjectLevelMotion._update_place_pose_state)] [topics: /tf_static, /collision_object, /attached_collision_object, /waypoints, /rosout, /action] wait for update_place_pose_state
1630831826.216156005 INFO /PandaMove [object_level_motion.py:254(ObjectLevelMotion._arrange)] [topics: /tf_static, /collision_object, /attached_collision_object, /waypoints, /rosout, /action] pan
1630831826.230083942 INFO /PandaMove [object_level_motion.py:265(ObjectLevelMotion._update_place_pose_state)] [topics: /tf_static, /collision_object, /attached_collision_object, /waypoints, /rosout, /action] wait for update_place_pose_state
1630831826.936345100 INFO /PandaMove [object_level_motion.py:254(ObjectLevelMotion._arrange)] [topics: /tf_static, /collision_object, /attached_collision_object, /waypoints, /rosout, /action] pot
1630831826.973983049 INFO /PandaMove [object_level_motion.py:265(ObjectLevelMotion._update_place_pose_state)] [topics: /tf_static, /collision_object, /attached_collision_object, /waypoints, /rosout, /action] wait for update_place_pose_state
1630831827.710966110 INFO /PandaMove [object_level_motion.py:254(ObjectLevelMotion._arrange)] [topics: /tf_static, /collision_object, /attached_collision_object, /waypoints, /rosout, /action] plate
1630831827.730480909 INFO /PandaMove [object_level_motion.py:265(ObjectLevelMotion._update_place_pose_state)] [topics: /tf_static, /collision_object, /attached_collision_object, /waypoints, /rosout, /action] wait for update_place_pose_state
1630831828.447094917 INFO /PandaMove [object_level_motion.py:254(ObjectLevelMotion._arrange)] [topics: /tf_static, /collision_object, /attached_collision_object, /waypoints, /rosout, /action] bowl
1630831828.462182044 INFO /PandaMove [object_level_motion.py:265(ObjectLevelMotion._update_place_pose_state)] [topics: /tf_static, /collision_object, /attached_collision_object, /waypoints, /rosout, /action] wait for update_place_pose_state
1630831829.217504024 INFO /PandaMove [object_level_motion.py:254(ObjectLevelMotion._arrange)] [topics: /tf_static, /collision_object, /attached_collision_object, /waypoints, /rosout, /action] spatula
1630831829.225397109 INFO /PandaMove [object_level_motion.py:265(ObjectLevelMotion._update_place_pose_state)] [topics: /tf_static, /collision_object, /attached_collision_object, /waypoints, /rosout, /action] wait for update_place_pose_state
1630831829.975974082 INFO /PandaMove [object_level_motion.py:254(ObjectLevelMotion._arrange)] [topics: /tf_static, /collision_object, /attached_collision_object, /waypoints, /rosout, /action] spreader
1630831830.006859064 INFO /PandaMove [object_level_motion.py:265(ObjectLevelMotion._update_place_pose_state)] [topics: /tf_static, /collision_object, /attached_collision_object, /waypoints, /rosout, /action] wait for update_place_pose_state
1630831830.750454902 INFO /PandaMove [object_level_motion.py:254(ObjectLevelMotion._arrange)] [topics: /tf_static, /collision_object, /attached_collision_object, /waypoints, /rosout, /action] scooper
1630831830.766602039 INFO /PandaMove [object_level_motion.py:265(ObjectLevelMotion._update_place_pose_state)] [topics: /tf_static, /collision_object, /attached_collision_object, /waypoints, /rosout, /action] wait for update_place_pose_state
1630831831.512938022 INFO /PandaMove [object_level_motion.py:254(ObjectLevelMotion._arrange)] [topics: /tf_static, /collision_object, /attached_collision_object, /waypoints, /rosout, /action] knife
1630831831.534636974 INFO /PandaMove [object_level_motion.py:265(ObjectLevelMotion._update_place_pose_state)] [topics: /tf_static, /collision_object, /attached_collision_object, /waypoints, /rosout, /action] wait for update_place_pose_state
1630831832.268335103 INFO /PandaMove [object_level_motion.py:254(ObjectLevelMotion._arrange)] [topics: /tf_static, /collision_object, /attached_collision_object, /waypoints, /rosout, /action] cutting_board
1630831832.277115106 INFO /PandaMove [object_level_motion.py:265(ObjectLevelMotion._update_place_pose_state)] [topics: /tf_static, /collision_object, /attached_collision_object, /waypoints, /rosout, /action] wait for update_place_pose_state
1630831833.026367902 INFO /PandaMove [object_level_motion.py:254(ObjectLevelMotion._arrange)] [topics: /tf_static, /collision_object, /attached_collision_object, /waypoints, /rosout, /action] tuna
1630831833.036070108 INFO /PandaMove [object_level_motion.py:265(ObjectLevelMotion._update_place_pose_state)] [topics: /tf_static, /collision_object, /attached_collision_object, /waypoints, /rosout, /action] wait for update_place_pose_state
1630831833.816349983 INFO /PandaMove [object_level_motion.py:254(ObjectLevelMotion._arrange)] [topics: /tf_static, /collision_object, /attached_collision_object, /waypoints, /rosout, /action] onion
1630831833.842065095 INFO /PandaMove [object_level_motion.py:265(ObjectLevelMotion._update_place_pose_state)] [topics: /tf_static, /collision_object, /attached_collision_object, /waypoints, /rosout, /action] wait for update_place_pose_state
1630831834.613780021 INFO /PandaMove [object_level_motion.py:254(ObjectLevelMotion._arrange)] [topics: /tf_static, /collision_object, /attached_collision_object, /waypoints, /rosout, /action] butter
1630831834.617305994 INFO /PandaMove [object_level_motion.py:265(ObjectLevelMotion._update_place_pose_state)] [topics: /tf_static, /collision_object, /attached_collision_object, /waypoints, /rosout, /action] wait for update_place_pose_state
1630831835.388979911 INFO /PandaMove [object_level_motion.py:254(ObjectLevelMotion._arrange)] [topics: /tf_static, /collision_object, /attached_collision_object, /waypoints, /rosout, /action] lettuce
1630831835.400166034 INFO /PandaMove [object_level_motion.py:265(ObjectLevelMotion._update_place_pose_state)] [topics: /tf_static, /collision_object, /attached_collision_object, /waypoints, /rosout, /action] wait for update_place_pose_state
1630831836.176093101 INFO /PandaMove [object_level_motion.py:254(ObjectLevelMotion._arrange)] [topics: /tf_static, /collision_object, /attached_collision_object, /waypoints, /rosout, /action] bread1
1630831836.183393001 INFO /PandaMove [object_level_motion.py:265(ObjectLevelMotion._update_place_pose_state)] [topics: /tf_static, /collision_object, /attached_collision_object, /waypoints, /rosout, /action] wait for update_place_pose_state
1630831836.978935003 INFO /PandaMove [object_level_motion.py:254(ObjectLevelMotion._arrange)] [topics: /tf_static, /collision_object, /attached_collision_object, /waypoints, /rosout, /action] bread2
1630831836.985812902 INFO /PandaMove [object_level_motion.py:265(ObjectLevelMotion._update_place_pose_state)] [topics: /tf_static, /collision_object, /attached_collision_object, /waypoints, /rosout, /action] wait for update_place_pose_state
1630831837.770962953 INFO /PandaMove [object_level_motion.py:254(ObjectLevelMotion._arrange)] [topics: /tf_static, /collision_object, /attached_collision_object, /waypoints, /rosout, /action] salt_bottle
1630831837.797323942 INFO /PandaMove [object_level_motion.py:265(ObjectLevelMotion._update_place_pose_state)] [topics: /tf_static, /collision_object, /attached_collision_object, /waypoints, /rosout, /action] wait for update_place_pose_state
1630831838.585855007 INFO /PandaMove [object_level_motion.py:254(ObjectLevelMotion._arrange)] [topics: /tf_static, /collision_object, /attached_collision_object, /waypoints, /rosout, /action] sugar_bottle
1630831838.602425098 INFO /PandaMove [object_level_motion.py:265(ObjectLevelMotion._update_place_pose_state)] [topics: /tf_static, /collision_object, /attached_collision_object, /waypoints, /rosout, /action] wait for update_place_pose_state
1630831839.378742933 INFO /PandaMove [object_level_motion.py:254(ObjectLevelMotion._arrange)] [topics: /tf_static, /collision_object, /attached_collision_object, /waypoints, /rosout, /action] pepper_bottle
1630831839.396907091 INFO /PandaMove [object_level_motion.py:265(ObjectLevelMotion._update_place_pose_state)] [topics: /tf_static, /collision_object, /attached_collision_object, /waypoints, /rosout, /action] wait for update_place_pose_state
1630831840.182334899 INFO /PandaMove [object_level_motion.py:254(ObjectLevelMotion._arrange)] [topics: /tf_static, /collision_object, /attached_collision_object, /waypoints, /rosout, /action] mayonnaise_bottle
1630831840.196393966 INFO /PandaMove [object_level_motion.py:265(ObjectLevelMotion._update_place_pose_state)] [topics: /tf_static, /collision_object, /attached_collision_object, /waypoints, /rosout, /action] wait for update_place_pose_state
1630831840.997114896 INFO /PandaMove [object_level_motion.py:254(ObjectLevelMotion._arrange)] [topics: /tf_static, /collision_object, /attached_collision_object, /waypoints, /rosout, /action] chopped_onion
1630831841.017366886 INFO /PandaMove [object_level_motion.py:265(ObjectLevelMotion._update_place_pose_state)] [topics: /tf_static, /collision_object, /attached_collision_object, /waypoints, /rosout, /action] wait for update_place_pose_state
1630831841.775950908 INFO /PandaMove [object_level_motion.py:254(ObjectLevelMotion._arrange)] [topics: /tf_static, /collision_object, /attached_collision_object, /waypoints, /rosout, /action] chopped_tuna
1630831841.810184955 INFO /PandaMove [object_level_motion.py:265(ObjectLevelMotion._update_place_pose_state)] [topics: /tf_static, /collision_object, /attached_collision_object, /waypoints, /rosout, /action] wait for update_place_pose_state
1630831842.603497982 INFO /PandaMove [object_level_motion.py:254(ObjectLevelMotion._arrange)] [topics: /tf_static, /collision_object, /attached_collision_object, /waypoints, /rosout, /action] chopped_sandwich
1630831842.619364023 INFO /PandaMove [object_level_motion.py:265(ObjectLevelMotion._update_place_pose_state)] [topics: /tf_static, /collision_object, /attached_collision_object, /waypoints, /rosout, /action] wait for update_place_pose_state
1630831843.416030883 INFO /PandaMove [object_level_motion.py:254(ObjectLevelMotion._arrange)] [topics: /tf_static, /collision_object, /attached_collision_object, /waypoints, /rosout, /action] chopped_lettuce
1630831843.426301956 INFO /PandaMove [object_level_motion.py:265(ObjectLevelMotion._update_place_pose_state)] [topics: /tf_static, /collision_object, /attached_collision_object, /waypoints, /rosout, /action] wait for update_place_pose_state
1630831844.231898069 INFO /PandaMove [object_level_motion.py:254(ObjectLevelMotion._arrange)] [topics: /tf_static, /collision_object, /attached_collision_object, /waypoints, /rosout, /action] mayonnaise_1
1630831844.245433092 INFO /PandaMove [object_level_motion.py:265(ObjectLevelMotion._update_place_pose_state)] [topics: /tf_static, /collision_object, /attached_collision_object, /waypoints, /rosout, /action] wait for update_place_pose_state
1630831845.020833015 INFO /PandaMove [object_level_motion.py:254(ObjectLevelMotion._arrange)] [topics: /tf_static, /collision_object, /attached_collision_object, /waypoints, /rosout, /action] sugar_1
1630831845.032994031 INFO /PandaMove [object_level_motion.py:265(ObjectLevelMotion._update_place_pose_state)] [topics: /tf_static, /collision_object, /attached_collision_object, /waypoints, /rosout, /action] wait for update_place_pose_state
1630831845.841605901 INFO /PandaMove [object_level_motion.py:254(ObjectLevelMotion._arrange)] [topics: /tf_static, /collision_object, /attached_collision_object, /waypoints, /rosout, /action] pepper_1
1630831845.857065916 INFO /PandaMove [object_level_motion.py:265(ObjectLevelMotion._update_place_pose_state)] [topics: /tf_static, /collision_object, /attached_collision_object, /waypoints, /rosout, /action] wait for update_place_pose_state
1630831846.666497945 INFO /PandaMove [object_level_motion.py:254(ObjectLevelMotion._arrange)] [topics: /tf_static, /collision_object, /attached_collision_object, /waypoints, /rosout, /action] salt_1
1630831846.678205966 INFO /PandaMove [object_level_motion.py:265(ObjectLevelMotion._update_place_pose_state)] [topics: /tf_static, /collision_object, /attached_collision_object, /waypoints, /rosout, /action] wait for update_place_pose_state
1630831847.462654113 INFO /PandaMove [object_level_motion.py:254(ObjectLevelMotion._arrange)] [topics: /tf_static, /collision_object, /attached_collision_object, /waypoints, /rosout, /action] tuna_spread
1630831847.473763942 INFO /PandaMove [object_level_motion.py:265(ObjectLevelMotion._update_place_pose_state)] [topics: /tf_static, /collision_object, /attached_collision_object, /waypoints, /rosout, /action] wait for update_place_pose_state
1630831848.241285085 INFO /PandaMove [object_level_motion.py:254(ObjectLevelMotion._arrange)] [topics: /tf_static, /collision_object, /attached_collision_object, /waypoints, /rosout, /action] sandwich
