[rospy.client][INFO] 2021-11-25 19:41:53,501: init_node, name[/joint_state_publisher], pid[32039]
[xmlrpc][INFO] 2021-11-25 19:41:53,501: XML-RPC server binding to 0.0.0.0:0
[xmlrpc][INFO] 2021-11-25 19:41:53,501: Started XML-RPC server [http://wng:44905/]
[rospy.init][INFO] 2021-11-25 19:41:53,501: ROS Slave URI: [http://wng:44905/]
[rospy.impl.masterslave][INFO] 2021-11-25 19:41:53,501: _ready: http://wng:44905/
[xmlrpc][INFO] 2021-11-25 19:41:53,501: xml rpc node: starting XML-RPC server
[rospy.registration][INFO] 2021-11-25 19:41:53,502: Registering with master node http://localhost:11311
[rospy.init][INFO] 2021-11-25 19:41:53,601: registered with master
[rospy.rosout][INFO] 2021-11-25 19:41:53,602: initializing /rosout core topic
[rospy.rosout][INFO] 2021-11-25 19:41:53,603: connected to core topic /rosout
[rospy.simtime][INFO] 2021-11-25 19:41:53,604: /use_sim_time is not set, will not subscribe to simulated time [/clock] topic
[rospy.internal][INFO] 2021-11-25 19:41:53,666: topic[/move_group/fake_controller_joint_states] adding connection to [http://wng:34237/], count 0
[rospy.internal][INFO] 2021-11-25 19:41:53,898: topic[/joint_states] adding connection to [/robot_state_publisher], count 0
[rospy.internal][INFO] 2021-11-25 19:41:53,898: topic[/joint_states] adding connection to [/joint_state_desired_publisher], count 1
[rospy.internal][INFO] 2021-11-25 19:41:53,898: topic[/rosout] adding connection to [/rosout], count 0
[rospy.internal][INFO] 2021-11-25 19:42:35,021: topic[/joint_states] adding connection to [/move_group_commander_wrappers_1637836926462610391], count 2
[rospy.internal][INFO] 2021-11-25 20:15:22,569: topic[/joint_states] removing connection to /move_group_commander_wrappers_1637836926462610391
[rospy.core][INFO] 2021-11-25 20:34:17,271: signal_shutdown [signal-2]
[rospy.internal][INFO] 2021-11-25 20:34:17,274: topic[/joint_states] removing connection to /robot_state_publisher
[rospy.internal][INFO] 2021-11-25 20:34:17,274: topic[/joint_states] removing connection to /joint_state_desired_publisher
[rospy.internal][INFO] 2021-11-25 20:34:17,274: topic[/rosout] removing connection to /rosout
[rospy.internal][INFO] 2021-11-25 20:34:17,274: topic[/move_group/fake_controller_joint_states] removing connection to http://wng:34237/
[rospy.impl.masterslave][INFO] 2021-11-25 20:34:17,274: signal-2
[rospy.core][INFO] 2021-11-25 20:34:17,890: signal_shutdown [atexit]
