[rospy.client][INFO] 2021-11-29 08:11:26,686: init_node, name[/joint_state_publisher], pid[30405]
[xmlrpc][INFO] 2021-11-29 08:11:26,686: XML-RPC server binding to 0.0.0.0:0
[xmlrpc][INFO] 2021-11-29 08:11:26,686: Started XML-RPC server [http://wng:38579/]
[rospy.init][INFO] 2021-11-29 08:11:26,686: ROS Slave URI: [http://wng:38579/]
[rospy.impl.masterslave][INFO] 2021-11-29 08:11:26,687: _ready: http://wng:38579/
[xmlrpc][INFO] 2021-11-29 08:11:26,687: xml rpc node: starting XML-RPC server
[rospy.registration][INFO] 2021-11-29 08:11:26,687: Registering with master node http://localhost:11311
[rospy.init][INFO] 2021-11-29 08:11:26,787: registered with master
[rospy.rosout][INFO] 2021-11-29 08:11:26,787: initializing /rosout core topic
[rospy.rosout][INFO] 2021-11-29 08:11:26,789: connected to core topic /rosout
[rospy.simtime][INFO] 2021-11-29 08:11:26,789: /use_sim_time is not set, will not subscribe to simulated time [/clock] topic
[rospy.internal][INFO] 2021-11-29 08:11:26,855: topic[/move_group/fake_controller_joint_states] adding connection to [http://wng:42115/], count 0
[rospy.internal][INFO] 2021-11-29 08:11:26,991: topic[/rosout] adding connection to [/rosout], count 0
[rospy.internal][INFO] 2021-11-29 08:11:27,090: topic[/joint_states] adding connection to [/joint_state_desired_publisher], count 0
[rospy.internal][INFO] 2021-11-29 08:11:27,090: topic[/joint_states] adding connection to [/robot_state_publisher], count 1
[rospy.internal][INFO] 2021-11-29 08:11:58,796: topic[/joint_states] adding connection to [/move_group_commander_wrappers_1638141094890842161], count 2
[rospy.internal][INFO] 2021-11-29 08:29:16,209: topic[/joint_states] removing connection to /move_group_commander_wrappers_1638141094890842161
[rospy.core][INFO] 2021-11-29 08:29:20,600: signal_shutdown [signal-2]
[rospy.internal][INFO] 2021-11-29 08:29:20,602: topic[/joint_states] removing connection to /joint_state_desired_publisher
[rospy.internal][INFO] 2021-11-29 08:29:20,602: topic[/joint_states] removing connection to /robot_state_publisher
[rospy.internal][INFO] 2021-11-29 08:29:20,602: topic[/rosout] removing connection to /rosout
[rospy.internal][INFO] 2021-11-29 08:29:20,603: topic[/move_group/fake_controller_joint_states] removing connection to http://wng:42115/
[rospy.impl.masterslave][INFO] 2021-11-29 08:29:20,603: signal-2
[rospy.core][INFO] 2021-11-29 08:29:20,718: signal_shutdown [atexit]
