[rospy.client][INFO] 2021-11-29 08:11:27,210: init_node, name[/server_endpoint], pid[30403]
[xmlrpc][INFO] 2021-11-29 08:11:27,211: XML-RPC server binding to 0.0.0.0:0
[xmlrpc][INFO] 2021-11-29 08:11:27,211: Started XML-RPC server [http://wng:44219/]
[rospy.init][INFO] 2021-11-29 08:11:27,211: ROS Slave URI: [http://wng:44219/]
[rospy.impl.masterslave][INFO] 2021-11-29 08:11:27,211: _ready: http://wng:44219/
[rospy.registration][INFO] 2021-11-29 08:11:27,211: Registering with master node http://localhost:11311
[xmlrpc][INFO] 2021-11-29 08:11:27,211: xml rpc node: starting XML-RPC server
[rospy.init][INFO] 2021-11-29 08:11:27,311: registered with master
[rospy.rosout][INFO] 2021-11-29 08:11:27,311: initializing /rosout core topic
[rospy.rosout][INFO] 2021-11-29 08:11:27,312: connected to core topic /rosout
[rospy.simtime][INFO] 2021-11-29 08:11:27,313: /use_sim_time is not set, will not subscribe to simulated time [/clock] topic
[rosout][INFO] 2021-11-29 08:11:27,317: Starting server on 192.168.1.146:10000
[rospy.internal][INFO] 2021-11-29 08:11:27,593: topic[/rosout] adding connection to [/rosout], count 0
[rosout][INFO] 2021-11-29 08:11:41,981: Connection from 192.168.1.146
[rosout][INFO] 2021-11-29 08:11:41,987: RegisterPublisher(execution_check, <class 'panda_move.msg._ExecutionCheck.ExecutionCheck'>) OK
[rospy.internal][INFO] 2021-11-29 08:11:42,044: topic[/execution_check] adding connection to [http://wng:44219/], count 0
[rospy.internal][INFO] 2021-11-29 08:11:42,046: topic[/execution_check] adding connection to [/server_endpoint], count 0
[rospy.core][INFO] 2021-11-29 08:29:20,602: signal_shutdown [signal-2]
[rospy.internal][INFO] 2021-11-29 08:29:20,606: topic[/execution_check] removing connection to /server_endpoint
[rospy.internal][ERROR] 2021-11-29 08:29:20,607: Unable to initiate TCP/IP socket to wng:40325 (http://wng:44219/): Traceback (most recent call last):
  File "/opt/ros/melodic/lib/python2.7/dist-packages/rospy/impl/tcpros_base.py", line 562, in connect
    self.read_header()
  File "/opt/ros/melodic/lib/python2.7/dist-packages/rospy/impl/tcpros_base.py", line 657, in read_header
    self._validate_header(read_ros_handshake_header(sock, self.read_buff, self.protocol.buff_size))
  File "/opt/ros/melodic/lib/python2.7/dist-packages/rospy/impl/tcpros_base.py", line 600, in _validate_header
    raise TransportInitError("remote error reported: %s"%header['error'])
TransportInitError: remote error reported: node shutting down

[rospy.internal][INFO] 2021-11-29 08:29:20,607: topic[/rosout] removing connection to /rosout
[rospy.internal][INFO] 2021-11-29 08:29:20,607: topic[/execution_check] removing connection to http://wng:44219/
[rospy.impl.masterslave][INFO] 2021-11-29 08:29:20,607: signal-2
[rospy.core][INFO] 2021-11-29 08:29:20,711: signal_shutdown [atexit]
