[rospy.client][INFO] 2021-12-14 10:46:24,323: init_node, name[/joint_state_publisher], pid[20740]
[xmlrpc][INFO] 2021-12-14 10:46:24,323: XML-RPC server binding to 0.0.0.0:0
[xmlrpc][INFO] 2021-12-14 10:46:24,323: Started XML-RPC server [http://wng:37429/]
[rospy.init][INFO] 2021-12-14 10:46:24,324: ROS Slave URI: [http://wng:37429/]
[rospy.impl.masterslave][INFO] 2021-12-14 10:46:24,324: _ready: http://wng:37429/
[rospy.registration][INFO] 2021-12-14 10:46:24,324: Registering with master node http://localhost:11311
[xmlrpc][INFO] 2021-12-14 10:46:24,324: xml rpc node: starting XML-RPC server
[rospy.init][INFO] 2021-12-14 10:46:24,424: registered with master
[rospy.rosout][INFO] 2021-12-14 10:46:24,424: initializing /rosout core topic
[rospy.rosout][INFO] 2021-12-14 10:46:24,427: connected to core topic /rosout
[rospy.simtime][INFO] 2021-12-14 10:46:24,427: /use_sim_time is not set, will not subscribe to simulated time [/clock] topic
[rospy.internal][INFO] 2021-12-14 10:46:24,489: topic[/move_group/fake_controller_joint_states] adding connection to [http://wng:42043/], count 0
[rospy.internal][INFO] 2021-12-14 10:46:24,633: topic[/rosout] adding connection to [/rosout], count 0
[rospy.internal][INFO] 2021-12-14 10:46:24,733: topic[/joint_states] adding connection to [/joint_state_desired_publisher], count 0
[rospy.internal][INFO] 2021-12-14 10:46:24,734: topic[/joint_states] adding connection to [/robot_state_publisher], count 1
[rospy.internal][INFO] 2021-12-14 10:46:59,618: topic[/joint_states] adding connection to [/move_group_commander_wrappers_1639446389718076073], count 2
[rospy.core][INFO] 2021-12-14 10:47:38,251: signal_shutdown [signal-2]
[rospy.internal][INFO] 2021-12-14 10:47:38,257: topic[/joint_states] removing connection to /joint_state_desired_publisher
[rospy.internal][INFO] 2021-12-14 10:47:38,257: topic[/joint_states] removing connection to /robot_state_publisher
[rospy.internal][INFO] 2021-12-14 10:47:38,258: topic[/joint_states] removing connection to /move_group_commander_wrappers_1639446389718076073
[rospy.internal][INFO] 2021-12-14 10:47:38,258: topic[/rosout] removing connection to /rosout
[rospy.internal][INFO] 2021-12-14 10:47:38,258: topic[/move_group/fake_controller_joint_states] removing connection to http://wng:42043/
[rospy.impl.masterslave][INFO] 2021-12-14 10:47:38,258: signal-2
[rospy.core][INFO] 2021-12-14 10:47:38,374: signal_shutdown [atexit]
