[rospy.client][INFO] 2021-12-14 10:46:24,622: init_node, name[/server_endpoint], pid[20738]
[xmlrpc][INFO] 2021-12-14 10:46:24,623: XML-RPC server binding to 0.0.0.0:0
[xmlrpc][INFO] 2021-12-14 10:46:24,623: Started XML-RPC server [http://wng:38503/]
[rospy.init][INFO] 2021-12-14 10:46:24,623: ROS Slave URI: [http://wng:38503/]
[rospy.impl.masterslave][INFO] 2021-12-14 10:46:24,623: _ready: http://wng:38503/
[rospy.registration][INFO] 2021-12-14 10:46:24,624: Registering with master node http://localhost:11311
[xmlrpc][INFO] 2021-12-14 10:46:24,624: xml rpc node: starting XML-RPC server
[rospy.init][INFO] 2021-12-14 10:46:24,724: registered with master
[rospy.rosout][INFO] 2021-12-14 10:46:24,724: initializing /rosout core topic
[rospy.rosout][INFO] 2021-12-14 10:46:24,725: connected to core topic /rosout
[rospy.simtime][INFO] 2021-12-14 10:46:24,726: /use_sim_time is not set, will not subscribe to simulated time [/clock] topic
[rosout][INFO] 2021-12-14 10:46:24,732: Starting server on 192.168.0.8:10000
[rospy.internal][INFO] 2021-12-14 10:46:24,935: topic[/rosout] adding connection to [/rosout], count 0
[rosout][INFO] 2021-12-14 10:46:32,196: Connection from 192.168.0.8
[rosout][INFO] 2021-12-14 10:46:32,201: RegisterPublisher(execution_check, <class 'panda_move.msg._ExecutionCheck.ExecutionCheck'>) OK
[rospy.internal][INFO] 2021-12-14 10:46:32,257: topic[/execution_check] adding connection to [http://wng:38503/], count 0
[rospy.internal][INFO] 2021-12-14 10:46:32,258: topic[/execution_check] adding connection to [/server_endpoint], count 0
[rosout][ERROR] 2021-12-14 10:47:31,591: Exception: No more data available
[rosout][INFO] 2021-12-14 10:47:31,592: Disconnected from 192.168.0.8
[rospy.core][INFO] 2021-12-14 10:47:38,251: signal_shutdown [signal-2]
[rospy.internal][INFO] 2021-12-14 10:47:38,259: topic[/execution_check] removing connection to /server_endpoint
[rospy.internal][INFO] 2021-12-14 10:47:38,259: topic[/rosout] removing connection to /rosout
[rospy.internal][INFO] 2021-12-14 10:47:38,260: topic[/execution_check] removing connection to http://wng:38503/
[rospy.impl.masterslave][INFO] 2021-12-14 10:47:38,260: signal-2
[rospy.internal][WARNING] 2021-12-14 10:47:38,260: Unknown error initiating TCP/IP socket to wng:40825 (http://wng:38503/): Traceback (most recent call last):
  File "/opt/ros/melodic/lib/python2.7/dist-packages/rospy/impl/tcpros_base.py", line 562, in connect
    self.read_header()
  File "/opt/ros/melodic/lib/python2.7/dist-packages/rospy/impl/tcpros_base.py", line 657, in read_header
    self._validate_header(read_ros_handshake_header(sock, self.read_buff, self.protocol.buff_size))
AttributeError: 'NoneType' object has no attribute 'buff_size'

[rospy.core][INFO] 2021-12-14 10:47:38,376: signal_shutdown [atexit]
