[rospy.client][INFO] 2021-09-24 12:59:54,220: init_node, name[/server_endpoint], pid[14376]
[xmlrpc][INFO] 2021-09-24 12:59:54,220: XML-RPC server binding to 0.0.0.0:0
[xmlrpc][INFO] 2021-09-24 12:59:54,221: Started XML-RPC server [http://wng:43885/]
[rospy.init][INFO] 2021-09-24 12:59:54,221: ROS Slave URI: [http://wng:43885/]
[rospy.impl.masterslave][INFO] 2021-09-24 12:59:54,221: _ready: http://wng:43885/
[rospy.registration][INFO] 2021-09-24 12:59:54,221: Registering with master node http://localhost:11311
[xmlrpc][INFO] 2021-09-24 12:59:54,221: xml rpc node: starting XML-RPC server
[rospy.init][INFO] 2021-09-24 12:59:54,321: registered with master
[rospy.rosout][INFO] 2021-09-24 12:59:54,321: initializing /rosout core topic
[rospy.rosout][INFO] 2021-09-24 12:59:54,322: connected to core topic /rosout
[rospy.simtime][INFO] 2021-09-24 12:59:54,323: /use_sim_time is not set, will not subscribe to simulated time [/clock] topic
[rosout][INFO] 2021-09-24 12:59:54,330: Starting server on 192.168.1.146:10000
[rospy.internal][INFO] 2021-09-24 12:59:54,594: topic[/rosout] adding connection to [/rosout], count 0
[rosout][INFO] 2021-09-24 13:00:07,271: Connection from 192.168.1.146
[rosout][INFO] 2021-09-24 13:00:07,277: RegisterPublisher(execution_check, <class 'panda_move.msg._ExecutionCheck.ExecutionCheck'>) OK
[rospy.internal][INFO] 2021-09-24 13:00:07,305: topic[/execution_check] adding connection to [http://wng:43885/], count 0
[rospy.internal][INFO] 2021-09-24 13:00:07,308: topic[/execution_check] adding connection to [/server_endpoint], count 0
[rospy.core][INFO] 2021-09-24 13:23:23,506: signal_shutdown [signal-2]
[rospy.internal][INFO] 2021-09-24 13:23:23,509: topic[/execution_check] removing connection to /server_endpoint
[rospy.internal][INFO] 2021-09-24 13:23:23,509: topic[/rosout] removing connection to /rosout
[rospy.internal][INFO] 2021-09-24 13:23:23,510: topic[/execution_check] removing connection to http://wng:43885/
[rospy.impl.masterslave][INFO] 2021-09-24 13:23:23,510: signal-2
[rospy.internal][WARNING] 2021-09-24 13:23:23,510: Unknown error initiating TCP/IP socket to wng:42699 (http://wng:43885/): Traceback (most recent call last):
  File "/opt/ros/melodic/lib/python2.7/dist-packages/rospy/impl/tcpros_base.py", line 563, in connect
    self.local_endpoint = self.socket.getsockname()
AttributeError: 'NoneType' object has no attribute 'getsockname'

[rospy.core][INFO] 2021-09-24 13:23:23,642: signal_shutdown [atexit]
