[rospy.client][INFO] 2021-09-24 13:50:40,441: init_node, name[/joint_state_publisher], pid[20024]
[xmlrpc][INFO] 2021-09-24 13:50:40,441: XML-RPC server binding to 0.0.0.0:0
[xmlrpc][INFO] 2021-09-24 13:50:40,442: Started XML-RPC server [http://wng:36151/]
[rospy.init][INFO] 2021-09-24 13:50:40,442: ROS Slave URI: [http://wng:36151/]
[rospy.impl.masterslave][INFO] 2021-09-24 13:50:40,442: _ready: http://wng:36151/
[rospy.registration][INFO] 2021-09-24 13:50:40,442: Registering with master node http://localhost:11311
[xmlrpc][INFO] 2021-09-24 13:50:40,442: xml rpc node: starting XML-RPC server
[rospy.init][INFO] 2021-09-24 13:50:40,542: registered with master
[rospy.rosout][INFO] 2021-09-24 13:50:40,542: initializing /rosout core topic
[rospy.rosout][INFO] 2021-09-24 13:50:40,544: connected to core topic /rosout
[rospy.simtime][INFO] 2021-09-24 13:50:40,545: /use_sim_time is not set, will not subscribe to simulated time [/clock] topic
[rospy.internal][INFO] 2021-09-24 13:50:40,607: topic[/move_group/fake_controller_joint_states] adding connection to [http://wng:34655/], count 0
[rospy.internal][INFO] 2021-09-24 13:50:40,821: topic[/rosout] adding connection to [/rosout], count 0
[rospy.internal][INFO] 2021-09-24 13:50:40,821: topic[/joint_states] adding connection to [/joint_state_desired_publisher], count 0
[rospy.internal][INFO] 2021-09-24 13:50:40,920: topic[/joint_states] adding connection to [/robot_state_publisher], count 1
[rospy.internal][INFO] 2021-09-24 13:51:15,881: topic[/joint_states] adding connection to [/move_group_commander_wrappers_1632459047236022354], count 2
[rospy.internal][INFO] 2021-09-24 14:25:58,560: topic[/joint_states] removing connection to /move_group_commander_wrappers_1632459047236022354
[rospy.core][INFO] 2021-09-24 14:26:11,349: signal_shutdown [signal-2]
[rospy.internal][INFO] 2021-09-24 14:26:11,352: topic[/joint_states] removing connection to /joint_state_desired_publisher
[rospy.internal][INFO] 2021-09-24 14:26:11,352: topic[/joint_states] removing connection to /robot_state_publisher
[rospy.internal][INFO] 2021-09-24 14:26:11,352: topic[/rosout] removing connection to /rosout
[rospy.internal][INFO] 2021-09-24 14:26:11,353: topic[/move_group/fake_controller_joint_states] removing connection to http://wng:34655/
[rospy.impl.masterslave][INFO] 2021-09-24 14:26:11,353: signal-2
[rospy.core][INFO] 2021-09-24 14:26:11,454: signal_shutdown [atexit]
