[rospy.client][INFO] 2021-09-24 13:50:40,908: init_node, name[/server_endpoint], pid[20022]
[xmlrpc][INFO] 2021-09-24 13:50:40,908: XML-RPC server binding to 0.0.0.0:0
[xmlrpc][INFO] 2021-09-24 13:50:40,908: Started XML-RPC server [http://wng:42243/]
[rospy.init][INFO] 2021-09-24 13:50:40,908: ROS Slave URI: [http://wng:42243/]
[rospy.impl.masterslave][INFO] 2021-09-24 13:50:40,908: _ready: http://wng:42243/
[rospy.registration][INFO] 2021-09-24 13:50:40,909: Registering with master node http://localhost:11311
[xmlrpc][INFO] 2021-09-24 13:50:40,909: xml rpc node: starting XML-RPC server
[rospy.init][INFO] 2021-09-24 13:50:41,009: registered with master
[rospy.rosout][INFO] 2021-09-24 13:50:41,009: initializing /rosout core topic
[rospy.rosout][INFO] 2021-09-24 13:50:41,010: connected to core topic /rosout
[rospy.simtime][INFO] 2021-09-24 13:50:41,011: /use_sim_time is not set, will not subscribe to simulated time [/clock] topic
[rosout][INFO] 2021-09-24 13:50:41,021: Starting server on 192.168.1.146:10000
[rospy.internal][INFO] 2021-09-24 13:50:41,226: topic[/rosout] adding connection to [/rosout], count 0
[rosout][INFO] 2021-09-24 13:50:52,033: Connection from 192.168.1.146
[rosout][INFO] 2021-09-24 13:50:52,038: RegisterPublisher(execution_check, <class 'panda_move.msg._ExecutionCheck.ExecutionCheck'>) OK
[rospy.internal][INFO] 2021-09-24 13:50:52,061: topic[/execution_check] adding connection to [http://wng:42243/], count 0
[rospy.internal][INFO] 2021-09-24 13:50:52,063: topic[/execution_check] adding connection to [/server_endpoint], count 0
[rospy.core][INFO] 2021-09-24 14:26:11,353: signal_shutdown [signal-2]
[rospy.internal][INFO] 2021-09-24 14:26:11,360: topic[/execution_check] removing connection to /server_endpoint
[rospy.internal][INFO] 2021-09-24 14:26:11,361: topic[/rosout] removing connection to /rosout
[rospy.internal][INFO] 2021-09-24 14:26:11,361: topic[/execution_check] removing connection to http://wng:42243/
[rospy.impl.masterslave][INFO] 2021-09-24 14:26:11,361: signal-2
[rospy.internal][ERROR] 2021-09-24 14:26:11,361: Unable to initiate TCP/IP socket to wng:44643 (http://wng:42243/): Traceback (most recent call last):
  File "/opt/ros/melodic/lib/python2.7/dist-packages/rospy/impl/tcpros_base.py", line 562, in connect
    self.read_header()
  File "/opt/ros/melodic/lib/python2.7/dist-packages/rospy/impl/tcpros_base.py", line 657, in read_header
    self._validate_header(read_ros_handshake_header(sock, self.read_buff, self.protocol.buff_size))
  File "/opt/ros/melodic/lib/python2.7/dist-packages/rospy/impl/tcpros_base.py", line 600, in _validate_header
    raise TransportInitError("remote error reported: %s"%header['error'])
TransportInitError: remote error reported: node shutting down

[rospy.core][INFO] 2021-09-24 14:26:11,493: signal_shutdown [atexit]
