[rospy.client][INFO] 2021-12-14 10:55:24,435: init_node, name[/joint_state_publisher], pid[22494]
[xmlrpc][INFO] 2021-12-14 10:55:24,435: XML-RPC server binding to 0.0.0.0:0
[xmlrpc][INFO] 2021-12-14 10:55:24,435: Started XML-RPC server [http://wng:41581/]
[rospy.impl.masterslave][INFO] 2021-12-14 10:55:24,435: _ready: http://wng:41581/
[rospy.init][INFO] 2021-12-14 10:55:24,436: ROS Slave URI: [http://wng:41581/]
[rospy.registration][INFO] 2021-12-14 10:55:24,436: Registering with master node http://localhost:11311
[xmlrpc][INFO] 2021-12-14 10:55:24,437: xml rpc node: starting XML-RPC server
[rospy.init][INFO] 2021-12-14 10:55:24,537: registered with master
[rospy.rosout][INFO] 2021-12-14 10:55:24,537: initializing /rosout core topic
[rospy.rosout][INFO] 2021-12-14 10:55:24,539: connected to core topic /rosout
[rospy.simtime][INFO] 2021-12-14 10:55:24,539: /use_sim_time is not set, will not subscribe to simulated time [/clock] topic
[rospy.internal][INFO] 2021-12-14 10:55:24,605: topic[/move_group/fake_controller_joint_states] adding connection to [http://wng:42785/], count 0
[rospy.internal][INFO] 2021-12-14 10:55:24,832: topic[/joint_states] adding connection to [/joint_state_desired_publisher], count 0
[rospy.internal][INFO] 2021-12-14 10:55:24,833: topic[/rosout] adding connection to [/rosout], count 0
[rospy.internal][INFO] 2021-12-14 10:55:24,833: topic[/joint_states] adding connection to [/robot_state_publisher], count 1
[rospy.internal][INFO] 2021-12-14 10:55:58,408: topic[/joint_states] adding connection to [/move_group_commander_wrappers_1639446933144932225], count 2
[rospy.core][INFO] 2021-12-14 10:56:19,121: signal_shutdown [signal-2]
[rospy.internal][INFO] 2021-12-14 10:56:19,129: topic[/joint_states] removing connection to /joint_state_desired_publisher
[rospy.internal][INFO] 2021-12-14 10:56:19,129: topic[/joint_states] removing connection to /robot_state_publisher
[rospy.internal][INFO] 2021-12-14 10:56:19,129: topic[/joint_states] removing connection to /move_group_commander_wrappers_1639446933144932225
[rospy.internal][INFO] 2021-12-14 10:56:19,129: topic[/rosout] removing connection to /rosout
[rospy.internal][INFO] 2021-12-14 10:56:19,129: topic[/move_group/fake_controller_joint_states] removing connection to http://wng:42785/
[rospy.impl.masterslave][INFO] 2021-12-14 10:56:19,130: signal-2
[rospy.core][INFO] 2021-12-14 10:56:19,744: signal_shutdown [atexit]
