[rospy.client][INFO] 2021-12-14 10:55:24,719: init_node, name[/server_endpoint], pid[22492]
[xmlrpc][INFO] 2021-12-14 10:55:24,719: XML-RPC server binding to 0.0.0.0:0
[xmlrpc][INFO] 2021-12-14 10:55:24,719: Started XML-RPC server [http://wng:44453/]
[rospy.init][INFO] 2021-12-14 10:55:24,720: ROS Slave URI: [http://wng:44453/]
[rospy.impl.masterslave][INFO] 2021-12-14 10:55:24,720: _ready: http://wng:44453/
[xmlrpc][INFO] 2021-12-14 10:55:24,720: xml rpc node: starting XML-RPC server
[rospy.registration][INFO] 2021-12-14 10:55:24,720: Registering with master node http://localhost:11311
[rospy.init][INFO] 2021-12-14 10:55:24,820: registered with master
[rospy.rosout][INFO] 2021-12-14 10:55:24,820: initializing /rosout core topic
[rospy.rosout][INFO] 2021-12-14 10:55:24,821: connected to core topic /rosout
[rospy.simtime][INFO] 2021-12-14 10:55:24,822: /use_sim_time is not set, will not subscribe to simulated time [/clock] topic
[rosout][INFO] 2021-12-14 10:55:24,829: Starting server on 192.168.0.8:10000
[rospy.internal][INFO] 2021-12-14 10:55:25,033: topic[/rosout] adding connection to [/rosout], count 0
[rosout][INFO] 2021-12-14 10:55:33,477: Connection from 192.168.0.8
[rosout][INFO] 2021-12-14 10:55:33,483: RegisterPublisher(execution_check, <class 'panda_move.msg._ExecutionCheck.ExecutionCheck'>) OK
[rospy.internal][INFO] 2021-12-14 10:55:33,551: topic[/execution_check] adding connection to [http://wng:44453/], count 0
[rospy.internal][INFO] 2021-12-14 10:55:33,553: topic[/execution_check] adding connection to [/server_endpoint], count 0
[rospy.core][INFO] 2021-12-14 10:56:19,122: signal_shutdown [signal-2]
[rospy.internal][INFO] 2021-12-14 10:56:19,130: topic[/execution_check] removing connection to /server_endpoint
[rospy.internal][INFO] 2021-12-14 10:56:19,131: topic[/rosout] removing connection to /rosout
[rospy.internal][INFO] 2021-12-14 10:56:19,131: topic[/execution_check] removing connection to http://wng:44453/
[rospy.impl.masterslave][INFO] 2021-12-14 10:56:19,131: signal-2
[rospy.core][INFO] 2021-12-14 10:56:19,745: signal_shutdown [atexit]
