[rospy.client][INFO] 2021-12-14 11:07:21,085: init_node, name[/joint_state_publisher], pid[24365]
[xmlrpc][INFO] 2021-12-14 11:07:21,086: XML-RPC server binding to 0.0.0.0:0
[xmlrpc][INFO] 2021-12-14 11:07:21,086: Started XML-RPC server [http://wng:37839/]
[rospy.init][INFO] 2021-12-14 11:07:21,086: ROS Slave URI: [http://wng:37839/]
[rospy.impl.masterslave][INFO] 2021-12-14 11:07:21,086: _ready: http://wng:37839/
[rospy.registration][INFO] 2021-12-14 11:07:21,087: Registering with master node http://localhost:11311
[xmlrpc][INFO] 2021-12-14 11:07:21,087: xml rpc node: starting XML-RPC server
[rospy.init][INFO] 2021-12-14 11:07:21,186: registered with master
[rospy.rosout][INFO] 2021-12-14 11:07:21,186: initializing /rosout core topic
[rospy.rosout][INFO] 2021-12-14 11:07:21,188: connected to core topic /rosout
[rospy.simtime][INFO] 2021-12-14 11:07:21,189: /use_sim_time is not set, will not subscribe to simulated time [/clock] topic
[rospy.internal][INFO] 2021-12-14 11:07:21,258: topic[/move_group/fake_controller_joint_states] adding connection to [http://wng:44145/], count 0
[rospy.internal][INFO] 2021-12-14 11:07:21,483: topic[/rosout] adding connection to [/rosout], count 0
[rospy.internal][INFO] 2021-12-14 11:07:21,484: topic[/joint_states] adding connection to [/joint_state_desired_publisher], count 0
[rospy.internal][INFO] 2021-12-14 11:07:21,484: topic[/joint_states] adding connection to [/robot_state_publisher], count 1
[rospy.internal][INFO] 2021-12-14 11:08:14,387: topic[/joint_states] adding connection to [/move_group_commander_wrappers_1639447645991449262], count 2
[rospy.core][INFO] 2021-12-14 11:25:12,537: signal_shutdown [signal-2]
[rospy.internal][INFO] 2021-12-14 11:25:12,541: topic[/joint_states] removing connection to /joint_state_desired_publisher
[rospy.internal][INFO] 2021-12-14 11:25:12,541: topic[/joint_states] removing connection to /robot_state_publisher
[rospy.internal][INFO] 2021-12-14 11:25:12,541: topic[/joint_states] removing connection to /move_group_commander_wrappers_1639447645991449262
[rospy.internal][INFO] 2021-12-14 11:25:12,542: topic[/rosout] removing connection to /rosout
[rospy.internal][INFO] 2021-12-14 11:25:12,542: topic[/move_group/fake_controller_joint_states] removing connection to http://wng:44145/
[rospy.impl.masterslave][INFO] 2021-12-14 11:25:12,542: signal-2
[rospy.core][INFO] 2021-12-14 11:25:12,644: signal_shutdown [atexit]
