[rospy.client][INFO] 2021-11-24 14:13:59,078: init_node, name[/joint_state_publisher], pid[2491]
[xmlrpc][INFO] 2021-11-24 14:13:59,078: XML-RPC server binding to 0.0.0.0:0
[xmlrpc][INFO] 2021-11-24 14:13:59,078: Started XML-RPC server [http://wng:35621/]
[rospy.init][INFO] 2021-11-24 14:13:59,078: ROS Slave URI: [http://wng:35621/]
[rospy.impl.masterslave][INFO] 2021-11-24 14:13:59,078: _ready: http://wng:35621/
[rospy.registration][INFO] 2021-11-24 14:13:59,079: Registering with master node http://localhost:11311
[xmlrpc][INFO] 2021-11-24 14:13:59,079: xml rpc node: starting XML-RPC server
[rospy.init][INFO] 2021-11-24 14:13:59,178: registered with master
[rospy.rosout][INFO] 2021-11-24 14:13:59,179: initializing /rosout core topic
[rospy.rosout][INFO] 2021-11-24 14:13:59,180: connected to core topic /rosout
[rospy.simtime][INFO] 2021-11-24 14:13:59,180: /use_sim_time is not set, will not subscribe to simulated time [/clock] topic
[rospy.internal][INFO] 2021-11-24 14:13:59,243: topic[/move_group/fake_controller_joint_states] adding connection to [http://wng:46289/], count 0
[rospy.internal][INFO] 2021-11-24 14:13:59,475: topic[/rosout] adding connection to [/rosout], count 0
[rospy.internal][INFO] 2021-11-24 14:13:59,477: topic[/joint_states] adding connection to [/robot_state_publisher], count 0
[rospy.internal][INFO] 2021-11-24 14:13:59,477: topic[/joint_states] adding connection to [/joint_state_desired_publisher], count 1
[rospy.internal][INFO] 2021-11-24 14:14:42,412: topic[/joint_states] adding connection to [/move_group_commander_wrappers_1637730847117697500], count 2
[rospy.internal][INFO] 2021-11-24 14:47:20,752: topic[/joint_states] removing connection to /move_group_commander_wrappers_1637730847117697500
[rospy.core][INFO] 2021-11-24 14:47:25,075: signal_shutdown [signal-2]
[rospy.internal][INFO] 2021-11-24 14:47:25,077: topic[/joint_states] removing connection to /robot_state_publisher
[rospy.internal][INFO] 2021-11-24 14:47:25,077: topic[/joint_states] removing connection to /joint_state_desired_publisher
[rospy.internal][INFO] 2021-11-24 14:47:25,077: topic[/rosout] removing connection to /rosout
[rospy.internal][INFO] 2021-11-24 14:47:25,078: topic[/move_group/fake_controller_joint_states] removing connection to http://wng:46289/
[rospy.internal][WARNING] 2021-11-24 14:47:25,078: Unknown error initiating TCP/IP socket to wng:58409 (http://wng:46289/): Traceback (most recent call last):
  File "/opt/ros/melodic/lib/python2.7/dist-packages/rospy/impl/tcpros_base.py", line 562, in connect
    self.read_header()
  File "/opt/ros/melodic/lib/python2.7/dist-packages/rospy/impl/tcpros_base.py", line 657, in read_header
    self._validate_header(read_ros_handshake_header(sock, self.read_buff, self.protocol.buff_size))
AttributeError: 'NoneType' object has no attribute 'buff_size'

[rospy.topics][ERROR] 2021-11-24 14:47:25,078: Traceback (most recent call last):
  File "/opt/ros/melodic/lib/python2.7/dist-packages/rospy/topics.py", line 326, in close
    c.close()
  File "/opt/ros/melodic/lib/python2.7/dist-packages/rospy/impl/tcpros_base.py", line 846, in close
    self.socket.close()
AttributeError: 'NoneType' object has no attribute 'close'

[rospy.impl.masterslave][INFO] 2021-11-24 14:47:25,078: signal-2
[rospy.core][INFO] 2021-11-24 14:47:25,242: signal_shutdown [atexit]
