[rospy.client][INFO] 2021-09-26 10:43:53,213: init_node, name[/joint_state_publisher], pid[32764]
[xmlrpc][INFO] 2021-09-26 10:43:53,214: XML-RPC server binding to 0.0.0.0:0
[xmlrpc][INFO] 2021-09-26 10:43:53,214: Started XML-RPC server [http://wng:38841/]
[rospy.init][INFO] 2021-09-26 10:43:53,214: ROS Slave URI: [http://wng:38841/]
[rospy.impl.masterslave][INFO] 2021-09-26 10:43:53,214: _ready: http://wng:38841/
[xmlrpc][INFO] 2021-09-26 10:43:53,214: xml rpc node: starting XML-RPC server
[rospy.registration][INFO] 2021-09-26 10:43:53,214: Registering with master node http://localhost:11311
[rospy.init][INFO] 2021-09-26 10:43:53,314: registered with master
[rospy.rosout][INFO] 2021-09-26 10:43:53,314: initializing /rosout core topic
[rospy.rosout][INFO] 2021-09-26 10:43:53,316: connected to core topic /rosout
[rospy.simtime][INFO] 2021-09-26 10:43:53,317: /use_sim_time is not set, will not subscribe to simulated time [/clock] topic
[rospy.internal][INFO] 2021-09-26 10:43:53,379: topic[/move_group/fake_controller_joint_states] adding connection to [http://wng:43215/], count 0
[rospy.internal][INFO] 2021-09-26 10:43:53,586: topic[/rosout] adding connection to [/rosout], count 0
[rospy.internal][INFO] 2021-09-26 10:43:53,587: topic[/joint_states] adding connection to [/joint_state_desired_publisher], count 0
[rospy.internal][INFO] 2021-09-26 10:43:53,587: topic[/joint_states] adding connection to [/robot_state_publisher], count 1
[rospy.internal][INFO] 2021-09-26 10:44:32,690: topic[/joint_states] adding connection to [/move_group_commander_wrappers_1632620639970994409], count 2
[rospy.internal][INFO] 2021-09-26 11:16:35,338: topic[/joint_states] removing connection to /move_group_commander_wrappers_1632620639970994409
[rospy.core][INFO] 2021-09-26 11:50:14,021: signal_shutdown [signal-2]
[rospy.internal][INFO] 2021-09-26 11:50:14,024: topic[/joint_states] removing connection to /joint_state_desired_publisher
[rospy.internal][INFO] 2021-09-26 11:50:14,025: topic[/joint_states] removing connection to /robot_state_publisher
[rospy.internal][INFO] 2021-09-26 11:50:14,025: topic[/rosout] removing connection to /rosout
[rospy.internal][INFO] 2021-09-26 11:50:14,025: topic[/move_group/fake_controller_joint_states] removing connection to http://wng:43215/
[rospy.impl.masterslave][INFO] 2021-09-26 11:50:14,025: signal-2
[rospy.core][INFO] 2021-09-26 11:50:14,141: signal_shutdown [atexit]
