[rospy.client][INFO] 2021-11-24 14:48:48,377: init_node, name[/server_endpoint], pid[6295]
[xmlrpc][INFO] 2021-11-24 14:48:48,377: XML-RPC server binding to 0.0.0.0:0
[xmlrpc][INFO] 2021-11-24 14:48:48,378: Started XML-RPC server [http://wng:44471/]
[rospy.init][INFO] 2021-11-24 14:48:48,378: ROS Slave URI: [http://wng:44471/]
[rospy.impl.masterslave][INFO] 2021-11-24 14:48:48,378: _ready: http://wng:44471/
[rospy.registration][INFO] 2021-11-24 14:48:48,378: Registering with master node http://localhost:11311
[xmlrpc][INFO] 2021-11-24 14:48:48,378: xml rpc node: starting XML-RPC server
[rospy.init][INFO] 2021-11-24 14:48:48,478: registered with master
[rospy.rosout][INFO] 2021-11-24 14:48:48,478: initializing /rosout core topic
[rospy.rosout][INFO] 2021-11-24 14:48:48,479: connected to core topic /rosout
[rospy.simtime][INFO] 2021-11-24 14:48:48,479: /use_sim_time is not set, will not subscribe to simulated time [/clock] topic
[rosout][INFO] 2021-11-24 14:48:48,484: Starting server on 192.168.1.146:10000
[rospy.internal][INFO] 2021-11-24 14:48:48,687: topic[/rosout] adding connection to [/rosout], count 0
[rosout][INFO] 2021-11-24 14:49:03,203: Connection from 192.168.1.146
[rosout][INFO] 2021-11-24 14:49:03,207: RegisterPublisher(execution_check, <class 'panda_move.msg._ExecutionCheck.ExecutionCheck'>) OK
[rospy.internal][INFO] 2021-11-24 14:49:03,218: topic[/execution_check] adding connection to [http://wng:44471/], count 0
[rospy.internal][INFO] 2021-11-24 14:49:03,219: topic[/execution_check] adding connection to [/server_endpoint], count 0
[rospy.core][INFO] 2021-11-24 15:22:05,880: signal_shutdown [signal-2]
[rospy.internal][INFO] 2021-11-24 15:22:05,885: topic[/execution_check] removing connection to /server_endpoint
[rospy.internal][INFO] 2021-11-24 15:22:05,885: topic[/rosout] removing connection to /rosout
[rospy.internal][INFO] 2021-11-24 15:22:05,885: topic[/execution_check] removing connection to http://wng:44471/
[rospy.impl.masterslave][INFO] 2021-11-24 15:22:05,885: signal-2
[rospy.core][INFO] 2021-11-24 15:22:06,017: signal_shutdown [atexit]
