[rospy.client][INFO] 2021-09-24 11:23:40,667: init_node, name[/joint_state_publisher], pid[3249]
[xmlrpc][INFO] 2021-09-24 11:23:40,667: XML-RPC server binding to 0.0.0.0:0
[xmlrpc][INFO] 2021-09-24 11:23:40,667: Started XML-RPC server [http://wng:44971/]
[rospy.init][INFO] 2021-09-24 11:23:40,667: ROS Slave URI: [http://wng:44971/]
[rospy.impl.masterslave][INFO] 2021-09-24 11:23:40,667: _ready: http://wng:44971/
[xmlrpc][INFO] 2021-09-24 11:23:40,668: xml rpc node: starting XML-RPC server
[rospy.registration][INFO] 2021-09-24 11:23:40,668: Registering with master node http://localhost:11311
[rospy.init][INFO] 2021-09-24 11:23:40,768: registered with master
[rospy.rosout][INFO] 2021-09-24 11:23:40,768: initializing /rosout core topic
[rospy.rosout][INFO] 2021-09-24 11:23:40,770: connected to core topic /rosout
[rospy.simtime][INFO] 2021-09-24 11:23:40,770: /use_sim_time is not set, will not subscribe to simulated time [/clock] topic
[rospy.internal][INFO] 2021-09-24 11:23:40,832: topic[/move_group/fake_controller_joint_states] adding connection to [http://wng:36839/], count 0
[rospy.internal][INFO] 2021-09-24 11:23:41,067: topic[/rosout] adding connection to [/rosout], count 0
[rospy.internal][INFO] 2021-09-24 11:23:41,067: topic[/joint_states] adding connection to [/joint_state_desired_publisher], count 0
[rospy.internal][INFO] 2021-09-24 11:23:41,068: topic[/joint_states] adding connection to [/robot_state_publisher], count 1
[rospy.internal][INFO] 2021-09-24 11:24:12,702: topic[/joint_states] adding connection to [/move_group_commander_wrappers_1632450226848900298], count 2
[rospy.internal][INFO] 2021-09-24 11:43:03,965: topic[/joint_states] removing connection to /move_group_commander_wrappers_1632450226848900298
[rospy.core][INFO] 2021-09-24 11:43:10,294: signal_shutdown [signal-2]
[rospy.internal][INFO] 2021-09-24 11:43:10,296: topic[/joint_states] removing connection to /joint_state_desired_publisher
[rospy.internal][INFO] 2021-09-24 11:43:10,301: topic[/joint_states] removing connection to /robot_state_publisher
[rospy.internal][INFO] 2021-09-24 11:43:10,301: topic[/rosout] removing connection to /rosout
[rospy.internal][INFO] 2021-09-24 11:43:10,301: topic[/move_group/fake_controller_joint_states] removing connection to http://wng:36839/
[rospy.impl.masterslave][INFO] 2021-09-24 11:43:10,301: signal-2
[rospy.core][INFO] 2021-09-24 11:43:10,465: signal_shutdown [atexit]
