[rospy.client][INFO] 2021-09-24 11:23:41,152: init_node, name[/server_endpoint], pid[3247]
[xmlrpc][INFO] 2021-09-24 11:23:41,152: XML-RPC server binding to 0.0.0.0:0
[xmlrpc][INFO] 2021-09-24 11:23:41,153: Started XML-RPC server [http://wng:46617/]
[rospy.init][INFO] 2021-09-24 11:23:41,153: ROS Slave URI: [http://wng:46617/]
[rospy.impl.masterslave][INFO] 2021-09-24 11:23:41,153: _ready: http://wng:46617/
[rospy.registration][INFO] 2021-09-24 11:23:41,153: Registering with master node http://localhost:11311
[xmlrpc][INFO] 2021-09-24 11:23:41,153: xml rpc node: starting XML-RPC server
[rospy.init][INFO] 2021-09-24 11:23:41,253: registered with master
[rospy.rosout][INFO] 2021-09-24 11:23:41,253: initializing /rosout core topic
[rospy.rosout][INFO] 2021-09-24 11:23:41,255: connected to core topic /rosout
[rospy.simtime][INFO] 2021-09-24 11:23:41,256: /use_sim_time is not set, will not subscribe to simulated time [/clock] topic
[rosout][INFO] 2021-09-24 11:23:41,263: Starting server on 192.168.1.146:10000
[rospy.internal][INFO] 2021-09-24 11:23:41,471: topic[/rosout] adding connection to [/rosout], count 0
[rosout][INFO] 2021-09-24 11:23:51,199: Connection from 192.168.1.146
[rosout][INFO] 2021-09-24 11:23:51,203: RegisterPublisher(execution_check, <class 'panda_move.msg._ExecutionCheck.ExecutionCheck'>) OK
[rospy.internal][INFO] 2021-09-24 11:23:51,240: topic[/execution_check] adding connection to [http://wng:46617/], count 0
[rospy.internal][INFO] 2021-09-24 11:23:51,242: topic[/execution_check] adding connection to [/server_endpoint], count 0
[rospy.core][INFO] 2021-09-24 11:43:10,304: signal_shutdown [signal-2]
[rospy.internal][INFO] 2021-09-24 11:43:10,308: topic[/execution_check] removing connection to /server_endpoint
[rospy.internal][INFO] 2021-09-24 11:43:10,309: topic[/rosout] removing connection to /rosout
[rospy.internal][INFO] 2021-09-24 11:43:10,309: topic[/execution_check] removing connection to http://wng:46617/
[rospy.impl.masterslave][INFO] 2021-09-24 11:43:10,309: signal-2
[rospy.internal][ERROR] 2021-09-24 11:43:10,309: Unable to initiate TCP/IP socket to wng:41211 (http://wng:46617/): Traceback (most recent call last):
  File "/opt/ros/melodic/lib/python2.7/dist-packages/rospy/impl/tcpros_base.py", line 562, in connect
    self.read_header()
  File "/opt/ros/melodic/lib/python2.7/dist-packages/rospy/impl/tcpros_base.py", line 657, in read_header
    self._validate_header(read_ros_handshake_header(sock, self.read_buff, self.protocol.buff_size))
  File "/opt/ros/melodic/lib/python2.7/dist-packages/rospy/impl/tcpros_base.py", line 600, in _validate_header
    raise TransportInitError("remote error reported: %s"%header['error'])
TransportInitError: remote error reported: node shutting down

[rospy.core][INFO] 2021-09-24 11:43:10,441: signal_shutdown [atexit]
