[rospy.client][INFO] 2021-09-09 15:50:48,467: init_node, name[/server_endpoint], pid[30788]
[xmlrpc][INFO] 2021-09-09 15:50:48,467: XML-RPC server binding to 0.0.0.0:0
[xmlrpc][INFO] 2021-09-09 15:50:48,468: Started XML-RPC server [http://wng:34961/]
[rospy.init][INFO] 2021-09-09 15:50:48,468: ROS Slave URI: [http://wng:34961/]
[rospy.impl.masterslave][INFO] 2021-09-09 15:50:48,468: _ready: http://wng:34961/
[rospy.registration][INFO] 2021-09-09 15:50:48,468: Registering with master node http://localhost:11311
[xmlrpc][INFO] 2021-09-09 15:50:48,468: xml rpc node: starting XML-RPC server
[rospy.init][INFO] 2021-09-09 15:50:48,568: registered with master
[rospy.rosout][INFO] 2021-09-09 15:50:48,569: initializing /rosout core topic
[rospy.rosout][INFO] 2021-09-09 15:50:48,571: connected to core topic /rosout
[rospy.simtime][INFO] 2021-09-09 15:50:48,572: /use_sim_time is not set, will not subscribe to simulated time [/clock] topic
[rosout][INFO] 2021-09-09 15:50:48,583: Starting server on 192.168.1.146:10000
[rospy.internal][INFO] 2021-09-09 15:50:48,850: topic[/rosout] adding connection to [/rosout], count 0
[rosout][INFO] 2021-09-09 15:51:04,464: Connection from 192.168.1.146
[rosout][INFO] 2021-09-09 15:51:04,468: RegisterPublisher(execution_check, <class 'panda_move.msg._ExecutionCheck.ExecutionCheck'>) OK
[rospy.internal][INFO] 2021-09-09 15:51:04,505: topic[/execution_check] adding connection to [http://wng:34961/], count 0
[rospy.internal][INFO] 2021-09-09 15:51:04,506: topic[/execution_check] adding connection to [/server_endpoint], count 0
[rosout][ERROR] 2021-09-09 16:08:46,690: Exception: No more data available
[rosout][INFO] 2021-09-09 16:08:46,692: Disconnected from 192.168.1.146
[rospy.core][INFO] 2021-09-09 16:10:31,236: signal_shutdown [signal-2]
[rospy.internal][INFO] 2021-09-09 16:10:31,240: topic[/execution_check] removing connection to /server_endpoint
[rospy.internal][INFO] 2021-09-09 16:10:31,241: topic[/rosout] removing connection to /rosout
[rospy.internal][INFO] 2021-09-09 16:10:31,241: topic[/execution_check] removing connection to http://wng:34961/
[rospy.impl.masterslave][INFO] 2021-09-09 16:10:31,241: signal-2
[rospy.internal][ERROR] 2021-09-09 16:10:31,241: Unable to initiate TCP/IP socket to wng:35403 (http://wng:34961/): Traceback (most recent call last):
  File "/opt/ros/melodic/lib/python2.7/dist-packages/rospy/impl/tcpros_base.py", line 562, in connect
    self.read_header()
  File "/opt/ros/melodic/lib/python2.7/dist-packages/rospy/impl/tcpros_base.py", line 657, in read_header
    self._validate_header(read_ros_handshake_header(sock, self.read_buff, self.protocol.buff_size))
  File "/opt/ros/melodic/lib/python2.7/dist-packages/rospy/impl/tcpros_base.py", line 600, in _validate_header
    raise TransportInitError("remote error reported: %s"%header['error'])
TransportInitError: remote error reported: node shutting down

[rospy.core][INFO] 2021-09-09 16:10:31,373: signal_shutdown [atexit]
