[rospy.client][INFO] 2021-09-18 15:09:38,281: init_node, name[/joint_state_publisher], pid[30837]
[xmlrpc][INFO] 2021-09-18 15:09:38,281: XML-RPC server binding to 0.0.0.0:0
[xmlrpc][INFO] 2021-09-18 15:09:38,281: Started XML-RPC server [http://wng:33343/]
[rospy.impl.masterslave][INFO] 2021-09-18 15:09:38,282: _ready: http://wng:33343/
[xmlrpc][INFO] 2021-09-18 15:09:38,282: xml rpc node: starting XML-RPC server
[rospy.registration][INFO] 2021-09-18 15:09:38,283: Registering with master node http://localhost:11311
[rospy.init][INFO] 2021-09-18 15:09:38,283: ROS Slave URI: [http://wng:33343/]
[rospy.init][INFO] 2021-09-18 15:09:38,283: registered with master
[rospy.rosout][INFO] 2021-09-18 15:09:38,283: initializing /rosout core topic
[rospy.rosout][INFO] 2021-09-18 15:09:38,287: connected to core topic /rosout
[rospy.simtime][INFO] 2021-09-18 15:09:38,287: /use_sim_time is not set, will not subscribe to simulated time [/clock] topic
[rospy.internal][INFO] 2021-09-18 15:09:38,320: topic[/move_group/fake_controller_joint_states] adding connection to [http://wng:37503/], count 0
[rospy.internal][INFO] 2021-09-18 15:09:38,575: topic[/rosout] adding connection to [/rosout], count 0
[rospy.internal][INFO] 2021-09-18 15:09:38,576: topic[/joint_states] adding connection to [/joint_state_desired_publisher], count 0
[rospy.internal][INFO] 2021-09-18 15:09:38,576: topic[/joint_states] adding connection to [/robot_state_publisher], count 1
[rospy.core][INFO] 2021-09-18 15:09:58,873: signal_shutdown [signal-2]
[rospy.internal][INFO] 2021-09-18 15:09:58,877: topic[/joint_states] removing connection to /joint_state_desired_publisher
[rospy.internal][INFO] 2021-09-18 15:09:58,877: topic[/joint_states] removing connection to /robot_state_publisher
[rospy.internal][INFO] 2021-09-18 15:09:58,877: topic[/rosout] removing connection to /rosout
[rospy.internal][INFO] 2021-09-18 15:09:58,878: topic[/move_group/fake_controller_joint_states] removing connection to http://wng:37503/
[rospy.impl.masterslave][INFO] 2021-09-18 15:09:58,878: signal-2
[rospy.core][INFO] 2021-09-18 15:09:59,011: signal_shutdown [atexit]
