[rospy.client][INFO] 2021-09-18 15:09:38,779: init_node, name[/PandaMove], pid[30836]
[xmlrpc][INFO] 2021-09-18 15:09:38,779: XML-RPC server binding to 0.0.0.0:0
[xmlrpc][INFO] 2021-09-18 15:09:38,779: Started XML-RPC server [http://wng:37539/]
[rospy.init][INFO] 2021-09-18 15:09:38,779: ROS Slave URI: [http://wng:37539/]
[rospy.impl.masterslave][INFO] 2021-09-18 15:09:38,780: _ready: http://wng:37539/
[xmlrpc][INFO] 2021-09-18 15:09:38,780: xml rpc node: starting XML-RPC server
[rospy.registration][INFO] 2021-09-18 15:09:38,780: Registering with master node http://localhost:11311
[rospy.init][INFO] 2021-09-18 15:09:38,880: registered with master
[rospy.rosout][INFO] 2021-09-18 15:09:38,881: initializing /rosout core topic
[rospy.rosout][INFO] 2021-09-18 15:09:38,887: connected to core topic /rosout
[rospy.simtime][INFO] 2021-09-18 15:09:38,889: /use_sim_time is not set, will not subscribe to simulated time [/clock] topic
[rosout][INFO] 2021-09-18 15:09:38,972: file_name = test_0_predict2_v2.csv
[rosout][INFO] 2021-09-18 15:09:38,973: ----------
[rosout][INFO] 2021-09-18 15:09:38,974: ['pan', 'pan', None]
[rosout][INFO] 2021-09-18 15:09:38,974: ['pot', 'pot', None]
[rosout][INFO] 2021-09-18 15:09:38,975: ['plate', 'plate', None]
[rosout][INFO] 2021-09-18 15:09:38,975: ['bowl', 'bowl', None]
[rosout][INFO] 2021-09-18 15:09:38,976: ['spatula', 'spatula', None]
[rosout][INFO] 2021-09-18 15:09:38,976: ['spreader', 'spreader', None]
[rosout][INFO] 2021-09-18 15:09:38,977: ['scooper', 'scooper', None]
[rosout][INFO] 2021-09-18 15:09:38,977: ['knife', 'knife', None]
[rosout][INFO] 2021-09-18 15:09:38,978: ['table', 'table', None]
[rosout][INFO] 2021-09-18 15:09:38,978: ['stove', 'stove', None]
[rosout][INFO] 2021-09-18 15:09:38,979: ['cutting_board', 'cutting_board', None]
[rosout][INFO] 2021-09-18 15:09:38,979: ['near_cutting_board', 'near_cutting_board', None]
[rosout][INFO] 2021-09-18 15:09:38,980: ['arugula', 'arugula', ['exist']]
[rosout][INFO] 2021-09-18 15:09:38,980: ['avocado', 'avocado', ['exist']]
[rosout][INFO] 2021-09-18 15:09:38,981: ['green_pepper', 'green_pepper', ['exist']]
[rosout][INFO] 2021-09-18 15:09:38,981: ['lemon_juice', 'lemon_juice', ['exist']]
[rosout][INFO] 2021-09-18 15:09:38,982: ['olive_oil', 'olive_oil', ['exist']]
[rosout][INFO] 2021-09-18 15:09:38,982: ['oregano', 'oregano', ['exist']]
[rosout][INFO] 2021-09-18 15:09:38,983: ['peanut', 'peanut', ['exist']]
[rosout][INFO] 2021-09-18 15:09:38,983: ['salad', 'salad', []]
[rosout][INFO] 2021-09-18 15:09:38,984: ['salt', 'salt', ['exist']]
[rosout][INFO] 2021-09-18 15:09:38,984: ['scallion', 'scallion', ['exist']]
[rosout][INFO] 2021-09-18 15:09:38,985: ['shrimp', 'shrimp', ['exist']]
[rosout][INFO] 2021-09-18 15:09:38,985: ['lemon_juice_bottle', 'lemon_juice_bottle', None]
[rosout][INFO] 2021-09-18 15:09:38,986: ['olive_oil_bottle', 'olive_oil_bottle', None]
[rosout][INFO] 2021-09-18 15:09:38,986: ['salt_bottle', 'salt_bottle', None]
[rosout][INFO] 2021-09-18 15:09:38,987: ----------
[rosout][INFO] 2021-09-18 15:09:38,988: pan, pan, None
[rosout][INFO] 2021-09-18 15:09:38,988: pot, pot, None
[rosout][INFO] 2021-09-18 15:09:38,989: plate, plate, None
[rosout][INFO] 2021-09-18 15:09:38,989: bowl, bowl, None
[rosout][INFO] 2021-09-18 15:09:38,990: spatula, spatula, None
[rosout][INFO] 2021-09-18 15:09:38,990: spreader, spreader, None
[rosout][INFO] 2021-09-18 15:09:38,991: scooper, scooper, None
[rosout][INFO] 2021-09-18 15:09:38,991: knife, knife, None
[rosout][INFO] 2021-09-18 15:09:38,992: table, table, None
[rosout][INFO] 2021-09-18 15:09:38,992: stove, stove, None
[rosout][INFO] 2021-09-18 15:09:38,993: cutting_board, cutting_board, None
[rosout][INFO] 2021-09-18 15:09:38,993: near_cutting_board, near_cutting_board, None
[rosout][INFO] 2021-09-18 15:09:38,994: arugula, arugula, ['exist']
[rosout][INFO] 2021-09-18 15:09:38,994: avocado, avocado, ['exist']
[rosout][INFO] 2021-09-18 15:09:38,995: green_pepper, green_pepper, ['exist']
[rosout][INFO] 2021-09-18 15:09:38,995: lemon_juice, lemon_juice, ['exist']
[rosout][INFO] 2021-09-18 15:09:38,996: olive_oil, olive_oil, ['exist']
[rosout][INFO] 2021-09-18 15:09:38,996: oregano, oregano, ['exist']
[rosout][INFO] 2021-09-18 15:09:38,996: peanut, peanut, ['exist']
[rosout][INFO] 2021-09-18 15:09:38,997: salad, salad, []
[rosout][INFO] 2021-09-18 15:09:38,997: salt, salt, ['exist']
[rosout][INFO] 2021-09-18 15:09:38,998: scallion, scallion, ['exist']
[rosout][INFO] 2021-09-18 15:09:38,998: shrimp, shrimp, ['exist']
[rosout][INFO] 2021-09-18 15:09:38,999: lemon_juice_bottle, lemon_juice_bottle, None
[rosout][INFO] 2021-09-18 15:09:38,999: olive_oil_bottle, olive_oil_bottle, None
[rosout][INFO] 2021-09-18 15:09:39,000: salt_bottle, salt_bottle, None
[rosout][INFO] 2021-09-18 15:09:39,001: ====================
[rosout][INFO] 2021-09-18 15:09:39,001: [task=1]
[rosout][INFO] 2021-09-18 15:09:39,002: ####### generate problem #######
[rosout][INFO] 2021-09-18 15:09:39,002: using_ings: [set(['olive_oil', 'lemon_juice', 'salt']), {}]
[rosout][INFO] 2021-09-18 15:09:39,003: using_objects: {'plate': 'plate', 'lemon_juice': 'lemon_juice', 'salt_bottle': 'salt_bottle', 'olive_oil': 'olive_oil', 'near_cutting_board': 'near_cutting_board', 'pot': 'pot', 'bowl': 'bowl', 'lemon_juice_bottle': 'lemon_juice_bottle', 'cutting_board': 'cutting_board', 'spatula': 'spatula', 'olive_oil_bottle': 'olive_oil_bottle', 'spreader': 'spreader', 'scooper': 'scooper', 'table': 'table', 'salt': 'salt', 'stove': 'stove', 'pan': 'pan', 'knife': 'knife'}
[rosout][INFO] 2021-09-18 15:09:39,003: goal: {'exist_avocado': True, 'olive_oil_is_in': 'bowl', 'exist_green_pepper': True, 'exist_arugula': True, 'exist_lemon_juice': True, 'exist_oregano': True, 'exist_shrimp': True, 'exist_peanut': True, 'exist_olive_oil': True, 'exist_scallion': True, 'exist_salt': True}
[rosout][INFO] 2021-09-18 15:09:39,004: goal_diff: {'olive_oil_is_in': 'bowl'}
[rosout][INFO] 2021-09-18 15:09:39,004: current: None
[rosout][INFO] 2021-09-18 15:09:39,005: initial: {'avocado_is_on': 'table', 'cooked_lemon_juice': False, 'spatula_is_on': 'table', 'spread_on_lemon_juice': 'None', 'cooked_oregano': False, 'exist_oregano': True, 'oregano_is_on': 'table', 'salt_bottle_is_on': 'table', 'salad_is_on': 'table', 'lemon_juice_bottle_is_on': 'table', 'spread_on_oregano': 'None', 'spread_on_green_pepper': 'None', 'spread_on_peanut': 'None', 'cooked_peanut': False, 'exist_scallion': True, 'chopped_scallion': False, 'arugula_is_on': 'table', 'spread_on_avocado': 'None', 'exist_arugula': True, 'salt_is_on': 'table', 'cooked_salad': False, 'pot_is_on': 'table', 'chopped_shrimp': False, 'cooked_arugula': False, 'spread_on_olive_oil': 'None', 'shrimp_is_in': 'None', 'chopped_peanut': False, 'chopped_oregano': False, 'cooked_green_pepper': False, 'cooked_shrimp': False, 'green_pepper_is_in': 'None', 'exist_avocado': True, 'lemon_juice_is_on': 'table', 'scallion_is_in': 'None', 'spreader_is_on': 'table', 'oregano_is_in': 'None', 'chopped_arugula': False, 'exist_green_pepper': True, 'arugula_is_in': 'None', 'chopped_green_pepper': False, 'exist_lemon_juice': True, 'peanut_is_on': 'table', 'salad_is_in': 'None', 'bowl_is_on': 'table', 'olive_oil_is_in': 'None', 'exist_olive_oil': True, 'exist_salt': True, 'spread_on_arugula': 'None', 'spread_on_salad': 'None', 'spread_on_shrimp': 'None', 'shrimp_is_on': 'table', 'exist_salad': False, 'chopped_olive_oil': False, 'knife_is_on': 'table', 'spread_on_salt': 'None', 'holding': 'None', 'avocado_is_in': 'None', 'chopped_avocado': False, 'spread_on_scallion': 'None', 'plate_is_on': 'table', 'salt_is_in': 'None', 'olive_oil_bottle_is_on': 'table', 'cooked_salt': False, 'exist_peanut': True, 'chopped_salad': False, 'chopped_lemon_juice': False, 'lemon_juice_is_in': 'None', 'cooked_olive_oil': False, 'peanut_is_in': 'None', 'chopped_salt': False, 'scallion_is_on': 'table', 'exist_shrimp': True, 'cooked_avocado': False, 'pan_is_on': 'table', 'olive_oil_is_on': 'table', 'green_pepper_is_on': 'table', 'scooper_is_on': 'table', 'cooked_scallion': False}
[rosout][INFO] 2021-09-18 15:09:39,022: ####### task plan info #######
[rosout][INFO] 2021-09-18 15:09:39,023: plan =  -> PickUp/olive_oil_bottle -> Pour/olive_oil_bottle/bowl/olive_oil
[rosout][INFO] 2021-09-18 15:09:39,023: length = 2
[rosout][INFO] 2021-09-18 15:09:39,024: num_of_expand = 38
[rosout][INFO] 2021-09-18 15:09:39,024: time = 0.0162889957428
[rosout][INFO] 2021-09-18 15:09:39,025: success = True
[rosout][INFO] 2021-09-18 15:09:39,025: ====================
[rosout][INFO] 2021-09-18 15:09:39,026: [task=2]
[rosout][INFO] 2021-09-18 15:09:39,026: ####### generate problem #######
[rosout][INFO] 2021-09-18 15:09:39,027: using_ings: [set(['olive_oil', 'lemon_juice', 'salt']), {}]
[rosout][INFO] 2021-09-18 15:09:39,027: using_objects: {'plate': 'plate', 'lemon_juice': 'lemon_juice', 'salt_bottle': 'salt_bottle', 'olive_oil': 'olive_oil', 'near_cutting_board': 'near_cutting_board', 'pot': 'pot', 'bowl': 'bowl', 'lemon_juice_bottle': 'lemon_juice_bottle', 'cutting_board': 'cutting_board', 'spatula': 'spatula', 'olive_oil_bottle': 'olive_oil_bottle', 'spreader': 'spreader', 'scooper': 'scooper', 'table': 'table', 'salt': 'salt', 'stove': 'stove', 'pan': 'pan', 'knife': 'knife'}
[rosout][INFO] 2021-09-18 15:09:39,028: goal: {'exist_avocado': True, 'olive_oil_is_in': 'bowl', 'exist_green_pepper': True, 'exist_arugula': True, 'exist_lemon_juice': True, 'exist_oregano': True, 'exist_shrimp': True, 'exist_peanut': True, 'lemon_juice_is_in': 'bowl', 'exist_olive_oil': True, 'exist_scallion': True, 'exist_salt': True}
[rosout][INFO] 2021-09-18 15:09:39,028: goal_diff: {'lemon_juice_is_in': 'bowl'}
[rosout][INFO] 2021-09-18 15:09:39,029: current: None
[rosout][INFO] 2021-09-18 15:09:39,029: initial: {'avocado_is_on': 'table', 'cooked_lemon_juice': False, 'spatula_is_on': 'table', 'spread_on_lemon_juice': 'None', 'cooked_oregano': False, 'exist_oregano': True, 'oregano_is_on': 'table', 'salt_bottle_is_on': 'table', 'salad_is_on': 'table', 'lemon_juice_bottle_is_on': 'table', 'spread_on_oregano': 'None', 'spread_on_green_pepper': 'None', 'spread_on_peanut': 'None', 'cooked_peanut': False, 'exist_scallion': True, 'chopped_scallion': False, 'olive_oil_bottle_is_in': 'None', 'arugula_is_on': 'table', 'spread_on_avocado': 'None', 'exist_arugula': True, 'salt_is_on': 'table', 'cooked_salad': False, 'pot_is_on': 'table', 'chopped_shrimp': False, 'cooked_arugula': False, 'spread_on_olive_oil': 'None', 'shrimp_is_in': 'None', 'chopped_peanut': False, 'chopped_oregano': False, 'cooked_green_pepper': False, 'cooked_shrimp': False, 'green_pepper_is_in': 'None', 'exist_avocado': True, 'lemon_juice_is_on': 'table', 'scallion_is_in': 'None', 'spreader_is_on': 'table', 'oregano_is_in': 'None', 'chopped_arugula': False, 'exist_green_pepper': True, 'arugula_is_in': 'None', 'chopped_green_pepper': False, 'exist_lemon_juice': True, 'peanut_is_on': 'table', 'salad_is_in': 'None', 'bowl_is_on': 'table', 'olive_oil_is_in': 'bowl', 'exist_olive_oil': True, 'exist_salt': True, 'spread_on_arugula': 'None', 'spread_on_salad': 'None', 'spread_on_shrimp': 'None', 'shrimp_is_on': 'table', 'exist_salad': False, 'chopped_olive_oil': False, 'knife_is_on': 'table', 'spread_on_salt': 'None', 'holding': 'olive_oil_bottle', 'avocado_is_in': 'None', 'chopped_avocado': False, 'spread_on_scallion': 'None', 'plate_is_on': 'table', 'salt_is_in': 'None', 'olive_oil_bottle_is_on': 'None', 'cooked_salt': False, 'exist_peanut': True, 'chopped_salad': False, 'chopped_lemon_juice': False, 'lemon_juice_is_in': 'None', 'cooked_olive_oil': False, 'peanut_is_in': 'None', 'chopped_salt': False, 'scallion_is_on': 'table', 'exist_shrimp': True, 'cooked_avocado': False, 'pan_is_on': 'table', 'olive_oil_is_on': 'table', 'green_pepper_is_on': 'table', 'scooper_is_on': 'table', 'cooked_scallion': False}
[rosout][INFO] 2021-09-18 15:09:39,062: ####### task plan info #######
[rosout][INFO] 2021-09-18 15:09:39,063: plan =  -> Place/olive_oil_bottle/table/ing_bottle -> PickUp/lemon_juice_bottle -> Pour/lemon_juice_bottle/bowl/lemon_juice
[rosout][INFO] 2021-09-18 15:09:39,064: length = 3
[rosout][INFO] 2021-09-18 15:09:39,064: num_of_expand = 62
[rosout][INFO] 2021-09-18 15:09:39,065: time = 0.0314650535583
[rosout][INFO] 2021-09-18 15:09:39,065: success = True
[rosout][INFO] 2021-09-18 15:09:39,066: ====================
[rosout][INFO] 2021-09-18 15:09:39,066: [task=3]
[rosout][INFO] 2021-09-18 15:09:39,067: ####### generate problem #######
[rosout][INFO] 2021-09-18 15:09:39,067: using_ings: [set(['olive_oil', 'lemon_juice', 'salt', 'oregano']), {}]
[rosout][INFO] 2021-09-18 15:09:39,068: using_objects: {'plate': 'plate', 'lemon_juice': 'lemon_juice', 'salt_bottle': 'salt_bottle', 'olive_oil': 'olive_oil', 'near_cutting_board': 'near_cutting_board', 'pot': 'pot', 'bowl': 'bowl', 'lemon_juice_bottle': 'lemon_juice_bottle', 'cutting_board': 'cutting_board', 'spatula': 'spatula', 'olive_oil_bottle': 'olive_oil_bottle', 'spreader': 'spreader', 'scooper': 'scooper', 'oregano': 'oregano', 'table': 'table', 'salt': 'salt', 'stove': 'stove', 'pan': 'pan', 'knife': 'knife'}
[rosout][INFO] 2021-09-18 15:09:39,068: goal: {'exist_avocado': True, 'olive_oil_is_in': 'bowl', 'exist_green_pepper': True, 'exist_arugula': True, 'exist_lemon_juice': True, 'exist_oregano': True, 'exist_shrimp': True, 'exist_peanut': True, 'lemon_juice_is_in': 'bowl', 'exist_olive_oil': True, 'chopped_oregano': True, 'exist_scallion': True, 'exist_salt': True}
[rosout][INFO] 2021-09-18 15:09:39,069: goal_diff: {'chopped_oregano': True}
[rosout][INFO] 2021-09-18 15:09:39,070: current: None
[rosout][INFO] 2021-09-18 15:09:39,070: initial: {'avocado_is_on': 'table', 'cooked_lemon_juice': False, 'spatula_is_on': 'table', 'spread_on_lemon_juice': 'None', 'cooked_oregano': False, 'exist_oregano': True, 'oregano_is_on': 'table', 'salt_bottle_is_on': 'table', 'salad_is_on': 'table', 'lemon_juice_bottle_is_on': 'None', 'spread_on_oregano': 'None', 'spread_on_green_pepper': 'None', 'spread_on_peanut': 'None', 'cooked_peanut': False, 'exist_scallion': True, 'chopped_scallion': False, 'olive_oil_bottle_is_in': 'None', 'arugula_is_on': 'table', 'spread_on_avocado': 'None', 'exist_arugula': True, 'salt_is_on': 'table', 'cooked_salad': False, 'pot_is_on': 'table', 'chopped_shrimp': False, 'cooked_arugula': False, 'spread_on_olive_oil': 'None', 'shrimp_is_in': 'None', 'chopped_peanut': False, 'chopped_oregano': False, 'cooked_green_pepper': False, 'cooked_shrimp': False, 'green_pepper_is_in': 'None', 'exist_avocado': True, 'lemon_juice_is_on': 'table', 'scallion_is_in': 'None', 'spreader_is_on': 'table', 'oregano_is_in': 'None', 'chopped_arugula': False, 'exist_green_pepper': True, 'arugula_is_in': 'None', 'chopped_green_pepper': False, 'exist_lemon_juice': True, 'peanut_is_on': 'table', 'salad_is_in': 'None', 'bowl_is_on': 'table', 'olive_oil_is_in': 'bowl', 'exist_olive_oil': True, 'exist_salt': True, 'spread_on_arugula': 'None', 'spread_on_salad': 'None', 'spread_on_shrimp': 'None', 'shrimp_is_on': 'table', 'exist_salad': False, 'chopped_olive_oil': False, 'knife_is_on': 'table', 'spread_on_salt': 'None', 'holding': 'lemon_juice_bottle', 'avocado_is_in': 'None', 'chopped_avocado': False, 'spread_on_scallion': 'None', 'plate_is_on': 'table', 'lemon_juice_bottle_is_in': 'None', 'salt_is_in': 'None', 'olive_oil_bottle_is_on': 'table', 'cooked_salt': False, 'exist_peanut': True, 'chopped_salad': False, 'chopped_lemon_juice': False, 'lemon_juice_is_in': 'bowl', 'cooked_olive_oil': False, 'peanut_is_in': 'None', 'chopped_salt': False, 'scallion_is_on': 'table', 'exist_shrimp': True, 'cooked_avocado': False, 'pan_is_on': 'table', 'olive_oil_is_on': 'table', 'green_pepper_is_on': 'table', 'scooper_is_on': 'table', 'cooked_scallion': False}
[rospy.internal][INFO] 2021-09-18 15:09:39,092: topic[/rosout] adding connection to [/rosout], count 0
[rosout][INFO] 2021-09-18 15:09:42,055: ####### task plan info #######
[rosout][INFO] 2021-09-18 15:09:42,056: plan =  -> Place/lemon_juice_bottle/table/ing_bottle -> PickUp/oregano -> Place/oregano/cutting_board/ingredient -> PickUp/knife -> Chop/oregano/knife
[rosout][INFO] 2021-09-18 15:09:42,056: length = 5
[rosout][INFO] 2021-09-18 15:09:42,057: num_of_expand = 4524
[rosout][INFO] 2021-09-18 15:09:42,057: time = 2.98320698738
[rosout][INFO] 2021-09-18 15:09:42,058: success = True
[rosout][INFO] 2021-09-18 15:09:42,058: ====================
[rosout][INFO] 2021-09-18 15:09:42,059: [task=4]
[rosout][INFO] 2021-09-18 15:09:42,060: ####### generate problem #######
[rosout][INFO] 2021-09-18 15:09:42,060: using_ings: [set(['olive_oil', 'lemon_juice', 'salt', 'oregano']), {}]
[rosout][INFO] 2021-09-18 15:09:42,061: using_objects: {'plate': 'plate', 'lemon_juice': 'lemon_juice', 'salt_bottle': 'salt_bottle', 'olive_oil': 'olive_oil', 'near_cutting_board': 'near_cutting_board', 'pot': 'pot', 'bowl': 'bowl', 'lemon_juice_bottle': 'lemon_juice_bottle', 'cutting_board': 'cutting_board', 'spatula': 'spatula', 'olive_oil_bottle': 'olive_oil_bottle', 'spreader': 'spreader', 'scooper': 'scooper', 'oregano': 'oregano', 'table': 'table', 'salt': 'salt', 'stove': 'stove', 'pan': 'pan', 'knife': 'knife'}
[rosout][INFO] 2021-09-18 15:09:42,061: goal: {'exist_avocado': True, 'oregano_is_in': 'bowl', 'olive_oil_is_in': 'bowl', 'exist_green_pepper': True, 'exist_arugula': True, 'exist_lemon_juice': True, 'exist_oregano': True, 'exist_shrimp': True, 'exist_peanut': True, 'lemon_juice_is_in': 'bowl', 'exist_olive_oil': True, 'chopped_oregano': True, 'exist_scallion': True, 'exist_salt': True}
[rosout][INFO] 2021-09-18 15:09:42,062: goal_diff: {'oregano_is_in': 'bowl'}
[rosout][INFO] 2021-09-18 15:09:42,062: current: None
[rosout][INFO] 2021-09-18 15:09:42,063: initial: {'avocado_is_on': 'table', 'cooked_lemon_juice': False, 'spatula_is_on': 'table', 'spread_on_lemon_juice': 'None', 'cooked_oregano': False, 'exist_oregano': True, 'oregano_is_on': 'cutting_board', 'salt_bottle_is_on': 'table', 'salad_is_on': 'table', 'lemon_juice_bottle_is_on': 'table', 'spread_on_oregano': 'None', 'spread_on_green_pepper': 'None', 'spread_on_peanut': 'None', 'cooked_peanut': False, 'knife_is_in': 'None', 'exist_scallion': True, 'chopped_scallion': False, 'olive_oil_bottle_is_in': 'None', 'arugula_is_on': 'table', 'spread_on_avocado': 'None', 'exist_arugula': True, 'salt_is_on': 'table', 'cooked_salad': False, 'pot_is_on': 'table', 'chopped_shrimp': False, 'cooked_arugula': False, 'spread_on_olive_oil': 'None', 'shrimp_is_in': 'None', 'chopped_peanut': False, 'chopped_oregano': True, 'cooked_green_pepper': False, 'cooked_shrimp': False, 'green_pepper_is_in': 'None', 'exist_avocado': True, 'lemon_juice_is_on': 'table', 'scallion_is_in': 'None', 'spreader_is_on': 'table', 'oregano_is_in': 'None', 'chopped_arugula': False, 'exist_green_pepper': True, 'arugula_is_in': 'None', 'chopped_green_pepper': False, 'exist_lemon_juice': True, 'peanut_is_on': 'table', 'salad_is_in': 'None', 'bowl_is_on': 'table', 'olive_oil_is_in': 'bowl', 'exist_olive_oil': True, 'exist_salt': True, 'spread_on_arugula': 'None', 'spread_on_salad': 'None', 'spread_on_shrimp': 'None', 'shrimp_is_on': 'table', 'exist_salad': False, 'chopped_olive_oil': False, 'knife_is_on': 'None', 'spread_on_salt': 'None', 'holding': 'knife', 'avocado_is_in': 'None', 'chopped_avocado': False, 'spread_on_scallion': 'None', 'plate_is_on': 'table', 'lemon_juice_bottle_is_in': 'None', 'salt_is_in': 'None', 'olive_oil_bottle_is_on': 'table', 'cooked_salt': False, 'exist_peanut': True, 'chopped_salad': False, 'chopped_lemon_juice': False, 'lemon_juice_is_in': 'bowl', 'cooked_olive_oil': False, 'peanut_is_in': 'None', 'chopped_salt': False, 'scallion_is_on': 'table', 'exist_shrimp': True, 'cooked_avocado': False, 'pan_is_on': 'table', 'olive_oil_is_on': 'table', 'green_pepper_is_on': 'table', 'scooper_is_on': 'table', 'cooked_scallion': False}
[rosout][INFO] 2021-09-18 15:09:43,526: ####### task plan info #######
[rosout][INFO] 2021-09-18 15:09:43,527: plan =  -> Place/knife/table/tool -> PickUp/bowl -> Place/bowl/near_cutting_board/dishware -> PickUp/knife -> Scrape/chopped_oregano/bowl/knife
[rosout][INFO] 2021-09-18 15:09:43,528: length = 5
[rosout][INFO] 2021-09-18 15:09:43,529: num_of_expand = 1846
[rosout][INFO] 2021-09-18 15:09:43,530: time = 1.40931415558
[rosout][INFO] 2021-09-18 15:09:43,531: success = True
[rosout][INFO] 2021-09-18 15:09:43,532: ====================
[rosout][INFO] 2021-09-18 15:09:43,533: [task=5]
[rosout][INFO] 2021-09-18 15:09:43,533: ####### generate problem #######
[rosout][INFO] 2021-09-18 15:09:43,534: using_ings: [set(['olive_oil', 'lemon_juice', 'salt', 'shrimp']), {}]
[rosout][INFO] 2021-09-18 15:09:43,535: using_objects: {'plate': 'plate', 'lemon_juice': 'lemon_juice', 'salt_bottle': 'salt_bottle', 'olive_oil': 'olive_oil', 'near_cutting_board': 'near_cutting_board', 'pot': 'pot', 'bowl': 'bowl', 'lemon_juice_bottle': 'lemon_juice_bottle', 'shrimp': 'shrimp', 'cutting_board': 'cutting_board', 'spatula': 'spatula', 'olive_oil_bottle': 'olive_oil_bottle', 'spreader': 'spreader', 'scooper': 'scooper', 'table': 'table', 'salt': 'salt', 'stove': 'stove', 'pan': 'pan', 'knife': 'knife'}
[rosout][INFO] 2021-09-18 15:09:43,536: goal: {'exist_avocado': True, 'oregano_is_in': 'bowl', 'olive_oil_is_in': 'bowl', 'exist_green_pepper': True, 'exist_arugula': True, 'exist_lemon_juice': True, 'chopped_shrimp': True, 'exist_oregano': True, 'exist_shrimp': True, 'exist_peanut': True, 'lemon_juice_is_in': 'bowl', 'exist_olive_oil': True, 'chopped_oregano': True, 'exist_scallion': True, 'exist_salt': True}
[rosout][INFO] 2021-09-18 15:09:43,537: goal_diff: {'chopped_shrimp': True}
[rosout][INFO] 2021-09-18 15:09:43,538: current: None
[rosout][INFO] 2021-09-18 15:09:43,539: initial: {'avocado_is_on': 'table', 'cooked_lemon_juice': False, 'spatula_is_on': 'table', 'spread_on_lemon_juice': 'None', 'cooked_oregano': False, 'exist_oregano': True, 'oregano_is_on': 'None', 'salt_bottle_is_on': 'table', 'salad_is_on': 'table', 'lemon_juice_bottle_is_on': 'table', 'spread_on_oregano': 'None', 'spread_on_green_pepper': 'None', 'spread_on_peanut': 'None', 'cooked_peanut': False, 'knife_is_in': 'None', 'exist_scallion': True, 'chopped_scallion': False, 'olive_oil_bottle_is_in': 'None', 'arugula_is_on': 'table', 'spread_on_avocado': 'None', 'exist_arugula': True, 'salt_is_on': 'table', 'cooked_salad': False, 'pot_is_on': 'table', 'chopped_shrimp': False, 'cooked_arugula': False, 'spread_on_olive_oil': 'None', 'shrimp_is_in': 'None', 'chopped_peanut': False, 'chopped_oregano': True, 'cooked_green_pepper': False, 'cooked_shrimp': False, 'green_pepper_is_in': 'None', 'exist_avocado': True, 'lemon_juice_is_on': 'table', 'scallion_is_in': 'None', 'spreader_is_on': 'table', 'oregano_is_in': 'bowl', 'chopped_arugula': False, 'exist_green_pepper': True, 'arugula_is_in': 'None', 'chopped_green_pepper': False, 'exist_lemon_juice': True, 'peanut_is_on': 'table', 'salad_is_in': 'None', 'bowl_is_on': 'near_cutting_board', 'olive_oil_is_in': 'bowl', 'exist_olive_oil': True, 'exist_salt': True, 'spread_on_arugula': 'None', 'spread_on_salad': 'None', 'spread_on_shrimp': 'None', 'shrimp_is_on': 'table', 'exist_salad': False, 'chopped_olive_oil': False, 'knife_is_on': 'None', 'spread_on_salt': 'None', 'holding': 'knife', 'avocado_is_in': 'None', 'chopped_avocado': False, 'spread_on_scallion': 'None', 'plate_is_on': 'table', 'lemon_juice_bottle_is_in': 'None', 'salt_is_in': 'None', 'olive_oil_bottle_is_on': 'table', 'cooked_salt': False, 'exist_peanut': True, 'chopped_salad': False, 'chopped_lemon_juice': False, 'lemon_juice_is_in': 'bowl', 'cooked_olive_oil': False, 'peanut_is_in': 'None', 'bowl_is_in': 'None', 'chopped_salt': False, 'scallion_is_on': 'table', 'exist_shrimp': True, 'cooked_avocado': False, 'pan_is_on': 'table', 'olive_oil_is_on': 'table', 'green_pepper_is_on': 'table', 'scooper_is_on': 'table', 'cooked_scallion': False}
[rosout][INFO] 2021-09-18 15:09:44,605: ####### task plan info #######
[rosout][INFO] 2021-09-18 15:09:44,606: plan =  -> Place/knife/table/tool -> PickUp/shrimp -> Place/shrimp/cutting_board/ingredient -> PickUp/knife -> Chop/shrimp/knife
[rosout][INFO] 2021-09-18 15:09:44,607: length = 5
[rosout][INFO] 2021-09-18 15:09:44,608: num_of_expand = 1443
[rosout][INFO] 2021-09-18 15:09:44,608: time = 1.04427289963
[rosout][INFO] 2021-09-18 15:09:44,609: success = True
[rosout][INFO] 2021-09-18 15:09:44,610: ====================
[rosout][INFO] 2021-09-18 15:09:44,610: [task=6]
[rosout][INFO] 2021-09-18 15:09:44,611: ####### generate problem #######
[rosout][INFO] 2021-09-18 15:09:44,612: using_ings: [set(['olive_oil', 'lemon_juice', 'salt', 'shrimp']), {}]
[rosout][INFO] 2021-09-18 15:09:44,612: using_objects: {'plate': 'plate', 'lemon_juice': 'lemon_juice', 'salt_bottle': 'salt_bottle', 'olive_oil': 'olive_oil', 'near_cutting_board': 'near_cutting_board', 'pot': 'pot', 'bowl': 'bowl', 'lemon_juice_bottle': 'lemon_juice_bottle', 'shrimp': 'shrimp', 'cutting_board': 'cutting_board', 'spatula': 'spatula', 'olive_oil_bottle': 'olive_oil_bottle', 'spreader': 'spreader', 'scooper': 'scooper', 'table': 'table', 'salt': 'salt', 'stove': 'stove', 'pan': 'pan', 'knife': 'knife'}
[rosout][INFO] 2021-09-18 15:09:44,613: goal: {'exist_avocado': True, 'oregano_is_in': 'bowl', 'olive_oil_is_in': 'bowl', 'exist_green_pepper': True, 'exist_arugula': True, 'exist_lemon_juice': True, 'chopped_shrimp': True, 'exist_oregano': True, 'exist_shrimp': True, 'shrimp_is_in': 'bowl', 'exist_peanut': True, 'lemon_juice_is_in': 'bowl', 'exist_olive_oil': True, 'chopped_oregano': True, 'exist_scallion': True, 'exist_salt': True}
[rosout][INFO] 2021-09-18 15:09:44,613: goal_diff: {'shrimp_is_in': 'bowl'}
[rosout][INFO] 2021-09-18 15:09:44,614: current: None
[rosout][INFO] 2021-09-18 15:09:44,615: initial: {'avocado_is_on': 'table', 'cooked_lemon_juice': False, 'spatula_is_on': 'table', 'spread_on_lemon_juice': 'None', 'cooked_oregano': False, 'exist_oregano': True, 'oregano_is_on': 'None', 'salt_bottle_is_on': 'table', 'salad_is_on': 'table', 'lemon_juice_bottle_is_on': 'table', 'spread_on_oregano': 'None', 'spread_on_green_pepper': 'None', 'spread_on_peanut': 'None', 'cooked_peanut': False, 'knife_is_in': 'None', 'exist_scallion': True, 'chopped_scallion': False, 'olive_oil_bottle_is_in': 'None', 'arugula_is_on': 'table', 'spread_on_avocado': 'None', 'exist_arugula': True, 'salt_is_on': 'table', 'cooked_salad': False, 'pot_is_on': 'table', 'chopped_shrimp': True, 'cooked_arugula': False, 'spread_on_olive_oil': 'None', 'shrimp_is_in': 'None', 'chopped_peanut': False, 'chopped_oregano': True, 'cooked_green_pepper': False, 'cooked_shrimp': False, 'green_pepper_is_in': 'None', 'exist_avocado': True, 'lemon_juice_is_on': 'table', 'scallion_is_in': 'None', 'spreader_is_on': 'table', 'oregano_is_in': 'bowl', 'chopped_arugula': False, 'exist_green_pepper': True, 'arugula_is_in': 'None', 'chopped_green_pepper': False, 'exist_lemon_juice': True, 'peanut_is_on': 'table', 'salad_is_in': 'None', 'bowl_is_on': 'near_cutting_board', 'olive_oil_is_in': 'bowl', 'exist_olive_oil': True, 'exist_salt': True, 'spread_on_arugula': 'None', 'spread_on_salad': 'None', 'spread_on_shrimp': 'None', 'shrimp_is_on': 'cutting_board', 'exist_salad': False, 'chopped_olive_oil': False, 'knife_is_on': 'None', 'spread_on_salt': 'None', 'holding': 'knife', 'avocado_is_in': 'None', 'chopped_avocado': False, 'spread_on_scallion': 'None', 'plate_is_on': 'table', 'lemon_juice_bottle_is_in': 'None', 'salt_is_in': 'None', 'olive_oil_bottle_is_on': 'table', 'cooked_salt': False, 'exist_peanut': True, 'chopped_salad': False, 'chopped_lemon_juice': False, 'lemon_juice_is_in': 'bowl', 'cooked_olive_oil': False, 'peanut_is_in': 'None', 'bowl_is_in': 'None', 'chopped_salt': False, 'scallion_is_on': 'table', 'exist_shrimp': True, 'cooked_avocado': False, 'pan_is_on': 'table', 'olive_oil_is_on': 'table', 'green_pepper_is_on': 'table', 'scooper_is_on': 'table', 'cooked_scallion': False}
[rosout][INFO] 2021-09-18 15:09:44,633: ####### task plan info #######
[rosout][INFO] 2021-09-18 15:09:44,635: plan =  -> Scrape/chopped_shrimp/bowl/knife
[rosout][INFO] 2021-09-18 15:09:44,636: length = 1
[rosout][INFO] 2021-09-18 15:09:44,636: num_of_expand = 4
[rosout][INFO] 2021-09-18 15:09:44,637: time = 0.0027060508728
[rosout][INFO] 2021-09-18 15:09:44,638: success = True
[rosout][INFO] 2021-09-18 15:09:44,638: ====================
[rosout][INFO] 2021-09-18 15:09:44,639: [task=7]
[rosout][INFO] 2021-09-18 15:09:44,639: ####### generate problem #######
[rosout][INFO] 2021-09-18 15:09:44,640: using_ings: [set(['olive_oil', 'lemon_juice', 'salt', 'scallion']), {}]
[rosout][INFO] 2021-09-18 15:09:44,640: using_objects: {'plate': 'plate', 'lemon_juice': 'lemon_juice', 'salt_bottle': 'salt_bottle', 'olive_oil': 'olive_oil', 'near_cutting_board': 'near_cutting_board', 'pot': 'pot', 'bowl': 'bowl', 'lemon_juice_bottle': 'lemon_juice_bottle', 'scallion': 'scallion', 'cutting_board': 'cutting_board', 'spatula': 'spatula', 'olive_oil_bottle': 'olive_oil_bottle', 'spreader': 'spreader', 'scooper': 'scooper', 'table': 'table', 'salt': 'salt', 'stove': 'stove', 'pan': 'pan', 'knife': 'knife'}
[rosout][INFO] 2021-09-18 15:09:44,641: goal: {'exist_avocado': True, 'oregano_is_in': 'bowl', 'olive_oil_is_in': 'bowl', 'exist_green_pepper': True, 'exist_arugula': True, 'exist_shrimp': True, 'exist_lemon_juice': True, 'chopped_shrimp': True, 'exist_oregano': True, 'chopped_scallion': True, 'shrimp_is_in': 'bowl', 'exist_peanut': True, 'lemon_juice_is_in': 'bowl', 'exist_olive_oil': True, 'chopped_oregano': True, 'exist_scallion': True, 'exist_salt': True}
[rosout][INFO] 2021-09-18 15:09:44,642: goal_diff: {'chopped_scallion': True}
[rosout][INFO] 2021-09-18 15:09:44,643: current: None
[rosout][INFO] 2021-09-18 15:09:44,643: initial: {'avocado_is_on': 'table', 'cooked_lemon_juice': False, 'spatula_is_on': 'table', 'spread_on_lemon_juice': 'None', 'cooked_oregano': False, 'exist_oregano': True, 'oregano_is_on': 'None', 'salt_bottle_is_on': 'table', 'salad_is_on': 'table', 'lemon_juice_bottle_is_on': 'table', 'spread_on_oregano': 'None', 'spread_on_green_pepper': 'None', 'spread_on_peanut': 'None', 'cooked_peanut': False, 'knife_is_in': 'None', 'exist_scallion': True, 'chopped_scallion': False, 'olive_oil_bottle_is_in': 'None', 'arugula_is_on': 'table', 'spread_on_avocado': 'None', 'exist_arugula': True, 'salt_is_on': 'table', 'cooked_salad': False, 'pot_is_on': 'table', 'chopped_shrimp': True, 'cooked_arugula': False, 'spread_on_olive_oil': 'None', 'shrimp_is_in': 'bowl', 'chopped_peanut': False, 'chopped_oregano': True, 'cooked_green_pepper': False, 'cooked_shrimp': False, 'green_pepper_is_in': 'None', 'exist_avocado': True, 'lemon_juice_is_on': 'table', 'scallion_is_in': 'None', 'spreader_is_on': 'table', 'oregano_is_in': 'bowl', 'chopped_arugula': False, 'exist_green_pepper': True, 'arugula_is_in': 'None', 'chopped_green_pepper': False, 'exist_lemon_juice': True, 'peanut_is_on': 'table', 'salad_is_in': 'None', 'bowl_is_on': 'near_cutting_board', 'olive_oil_is_in': 'bowl', 'exist_olive_oil': True, 'exist_salt': True, 'spread_on_arugula': 'None', 'spread_on_salad': 'None', 'spread_on_shrimp': 'None', 'shrimp_is_on': 'None', 'exist_salad': False, 'chopped_olive_oil': False, 'knife_is_on': 'None', 'spread_on_salt': 'None', 'holding': 'knife', 'avocado_is_in': 'None', 'chopped_avocado': False, 'spread_on_scallion': 'None', 'plate_is_on': 'table', 'lemon_juice_bottle_is_in': 'None', 'salt_is_in': 'None', 'olive_oil_bottle_is_on': 'table', 'cooked_salt': False, 'exist_peanut': True, 'chopped_salad': False, 'chopped_lemon_juice': False, 'lemon_juice_is_in': 'bowl', 'cooked_olive_oil': False, 'peanut_is_in': 'None', 'bowl_is_in': 'None', 'chopped_salt': False, 'scallion_is_on': 'table', 'exist_shrimp': True, 'cooked_avocado': False, 'pan_is_on': 'table', 'olive_oil_is_on': 'table', 'green_pepper_is_on': 'table', 'scooper_is_on': 'table', 'cooked_scallion': False}
[rosout][INFO] 2021-09-18 15:09:45,868: ####### task plan info #######
[rosout][INFO] 2021-09-18 15:09:45,869: plan =  -> Place/knife/table/tool -> PickUp/scallion -> Place/scallion/cutting_board/ingredient -> PickUp/knife -> Chop/scallion/knife
[rosout][INFO] 2021-09-18 15:09:45,869: length = 5
[rosout][INFO] 2021-09-18 15:09:45,870: num_of_expand = 1656
[rosout][INFO] 2021-09-18 15:09:45,871: time = 1.22321891785
[rosout][INFO] 2021-09-18 15:09:45,871: success = True
[rosout][INFO] 2021-09-18 15:09:45,872: ====================
[rosout][INFO] 2021-09-18 15:09:45,872: [task=8]
[rosout][INFO] 2021-09-18 15:09:45,873: ####### generate problem #######
[rosout][INFO] 2021-09-18 15:09:45,874: using_ings: [set(['olive_oil', 'lemon_juice', 'salt', 'scallion']), {}]
[rosout][INFO] 2021-09-18 15:09:45,874: using_objects: {'plate': 'plate', 'lemon_juice': 'lemon_juice', 'salt_bottle': 'salt_bottle', 'olive_oil': 'olive_oil', 'near_cutting_board': 'near_cutting_board', 'pot': 'pot', 'bowl': 'bowl', 'lemon_juice_bottle': 'lemon_juice_bottle', 'scallion': 'scallion', 'cutting_board': 'cutting_board', 'spatula': 'spatula', 'olive_oil_bottle': 'olive_oil_bottle', 'spreader': 'spreader', 'scooper': 'scooper', 'table': 'table', 'salt': 'salt', 'stove': 'stove', 'pan': 'pan', 'knife': 'knife'}
[rosout][INFO] 2021-09-18 15:09:45,875: goal: {'exist_avocado': True, 'oregano_is_in': 'bowl', 'olive_oil_is_in': 'bowl', 'exist_green_pepper': True, 'exist_arugula': True, 'exist_shrimp': True, 'shrimp_is_in': 'bowl', 'exist_lemon_juice': True, 'scallion_is_in': 'bowl', 'exist_oregano': True, 'chopped_scallion': True, 'chopped_shrimp': True, 'exist_peanut': True, 'lemon_juice_is_in': 'bowl', 'exist_olive_oil': True, 'chopped_oregano': True, 'exist_scallion': True, 'exist_salt': True}
[rosout][INFO] 2021-09-18 15:09:45,876: goal_diff: {'scallion_is_in': 'bowl'}
[rosout][INFO] 2021-09-18 15:09:45,877: current: None
[rosout][INFO] 2021-09-18 15:09:45,878: initial: {'avocado_is_on': 'table', 'cooked_lemon_juice': False, 'spatula_is_on': 'table', 'spread_on_lemon_juice': 'None', 'cooked_oregano': False, 'exist_oregano': True, 'oregano_is_on': 'None', 'salt_bottle_is_on': 'table', 'salad_is_on': 'table', 'lemon_juice_bottle_is_on': 'table', 'spread_on_oregano': 'None', 'spread_on_green_pepper': 'None', 'spread_on_peanut': 'None', 'cooked_peanut': False, 'knife_is_in': 'None', 'exist_scallion': True, 'chopped_scallion': True, 'olive_oil_bottle_is_in': 'None', 'arugula_is_on': 'table', 'spread_on_avocado': 'None', 'exist_arugula': True, 'salt_is_on': 'table', 'cooked_salad': False, 'pot_is_on': 'table', 'chopped_shrimp': True, 'cooked_arugula': False, 'spread_on_olive_oil': 'None', 'shrimp_is_in': 'bowl', 'chopped_peanut': False, 'chopped_oregano': True, 'cooked_green_pepper': False, 'cooked_shrimp': False, 'green_pepper_is_in': 'None', 'exist_avocado': True, 'lemon_juice_is_on': 'table', 'scallion_is_in': 'None', 'spreader_is_on': 'table', 'oregano_is_in': 'bowl', 'chopped_arugula': False, 'exist_green_pepper': True, 'arugula_is_in': 'None', 'chopped_green_pepper': False, 'exist_lemon_juice': True, 'peanut_is_on': 'table', 'salad_is_in': 'None', 'bowl_is_on': 'near_cutting_board', 'olive_oil_is_in': 'bowl', 'exist_olive_oil': True, 'exist_salt': True, 'spread_on_arugula': 'None', 'spread_on_salad': 'None', 'spread_on_shrimp': 'None', 'shrimp_is_on': 'None', 'exist_salad': False, 'chopped_olive_oil': False, 'knife_is_on': 'None', 'spread_on_salt': 'None', 'holding': 'knife', 'avocado_is_in': 'None', 'chopped_avocado': False, 'spread_on_scallion': 'None', 'plate_is_on': 'table', 'lemon_juice_bottle_is_in': 'None', 'salt_is_in': 'None', 'olive_oil_bottle_is_on': 'table', 'cooked_salt': False, 'exist_peanut': True, 'chopped_salad': False, 'chopped_lemon_juice': False, 'lemon_juice_is_in': 'bowl', 'cooked_olive_oil': False, 'peanut_is_in': 'None', 'bowl_is_in': 'None', 'chopped_salt': False, 'scallion_is_on': 'cutting_board', 'exist_shrimp': True, 'cooked_avocado': False, 'pan_is_on': 'table', 'olive_oil_is_on': 'table', 'green_pepper_is_on': 'table', 'scooper_is_on': 'table', 'cooked_scallion': False}
[rosout][INFO] 2021-09-18 15:09:45,901: ####### task plan info #######
[rosout][INFO] 2021-09-18 15:09:45,902: plan =  -> Scrape/chopped_scallion/bowl/knife
[rosout][INFO] 2021-09-18 15:09:45,903: length = 1
[rosout][INFO] 2021-09-18 15:09:45,903: num_of_expand = 4
[rosout][INFO] 2021-09-18 15:09:45,904: time = 0.00238919258118
[rosout][INFO] 2021-09-18 15:09:45,905: success = True
[rosout][INFO] 2021-09-18 15:09:45,906: ====================
[rosout][INFO] 2021-09-18 15:09:45,907: [task=9]
[rosout][INFO] 2021-09-18 15:09:45,907: ####### generate problem #######
[rosout][INFO] 2021-09-18 15:09:45,908: using_ings: [set(['olive_oil', 'lemon_juice', 'avocado', 'salt']), {}]
[rosout][INFO] 2021-09-18 15:09:45,909: using_objects: {'plate': 'plate', 'lemon_juice': 'lemon_juice', 'salt_bottle': 'salt_bottle', 'olive_oil': 'olive_oil', 'near_cutting_board': 'near_cutting_board', 'avocado': 'avocado', 'pot': 'pot', 'bowl': 'bowl', 'lemon_juice_bottle': 'lemon_juice_bottle', 'cutting_board': 'cutting_board', 'spatula': 'spatula', 'olive_oil_bottle': 'olive_oil_bottle', 'spreader': 'spreader', 'scooper': 'scooper', 'table': 'table', 'salt': 'salt', 'stove': 'stove', 'pan': 'pan', 'knife': 'knife'}
[rosout][INFO] 2021-09-18 15:09:45,909: goal: {'exist_avocado': True, 'oregano_is_in': 'bowl', 'olive_oil_is_in': 'bowl', 'exist_green_pepper': True, 'exist_arugula': True, 'exist_shrimp': True, 'shrimp_is_in': 'bowl', 'exist_lemon_juice': True, 'scallion_is_in': 'bowl', 'exist_oregano': True, 'chopped_scallion': True, 'chopped_shrimp': True, 'exist_salt': True, 'exist_peanut': True, 'lemon_juice_is_in': 'bowl', 'exist_olive_oil': True, 'chopped_oregano': True, 'exist_scallion': True, 'chopped_avocado': True}
[rosout][INFO] 2021-09-18 15:09:45,910: goal_diff: {'chopped_avocado': True}
[rosout][INFO] 2021-09-18 15:09:45,910: current: None
[rosout][INFO] 2021-09-18 15:09:45,911: initial: {'avocado_is_on': 'table', 'cooked_lemon_juice': False, 'spatula_is_on': 'table', 'spread_on_lemon_juice': 'None', 'cooked_oregano': False, 'exist_oregano': True, 'oregano_is_on': 'None', 'salt_bottle_is_on': 'table', 'salad_is_on': 'table', 'lemon_juice_bottle_is_on': 'table', 'spread_on_oregano': 'None', 'spread_on_green_pepper': 'None', 'spread_on_peanut': 'None', 'cooked_peanut': False, 'knife_is_in': 'None', 'exist_scallion': True, 'chopped_scallion': True, 'olive_oil_bottle_is_in': 'None', 'arugula_is_on': 'table', 'spread_on_avocado': 'None', 'exist_arugula': True, 'salt_is_on': 'table', 'cooked_salad': False, 'pot_is_on': 'table', 'chopped_shrimp': True, 'cooked_arugula': False, 'spread_on_olive_oil': 'None', 'shrimp_is_in': 'bowl', 'chopped_peanut': False, 'chopped_oregano': True, 'cooked_green_pepper': False, 'cooked_shrimp': False, 'green_pepper_is_in': 'None', 'exist_avocado': True, 'lemon_juice_is_on': 'table', 'scallion_is_in': 'bowl', 'spreader_is_on': 'table', 'oregano_is_in': 'bowl', 'chopped_arugula': False, 'exist_green_pepper': True, 'arugula_is_in': 'None', 'chopped_green_pepper': False, 'exist_lemon_juice': True, 'peanut_is_on': 'table', 'salad_is_in': 'None', 'bowl_is_on': 'near_cutting_board', 'olive_oil_is_in': 'bowl', 'exist_olive_oil': True, 'exist_salt': True, 'spread_on_arugula': 'None', 'spread_on_salad': 'None', 'spread_on_shrimp': 'None', 'shrimp_is_on': 'None', 'exist_salad': False, 'chopped_olive_oil': False, 'knife_is_on': 'None', 'spread_on_salt': 'None', 'holding': 'knife', 'avocado_is_in': 'None', 'chopped_avocado': False, 'spread_on_scallion': 'None', 'plate_is_on': 'table', 'lemon_juice_bottle_is_in': 'None', 'salt_is_in': 'None', 'olive_oil_bottle_is_on': 'table', 'cooked_salt': False, 'exist_peanut': True, 'chopped_salad': False, 'chopped_lemon_juice': False, 'lemon_juice_is_in': 'bowl', 'cooked_olive_oil': False, 'peanut_is_in': 'None', 'bowl_is_in': 'None', 'chopped_salt': False, 'scallion_is_on': 'None', 'exist_shrimp': True, 'cooked_avocado': False, 'pan_is_on': 'table', 'olive_oil_is_on': 'table', 'green_pepper_is_on': 'table', 'scooper_is_on': 'table', 'cooked_scallion': False}
[rosout][INFO] 2021-09-18 15:09:46,767: ####### task plan info #######
[rosout][INFO] 2021-09-18 15:09:46,768: plan =  -> Place/knife/table/tool -> PickUp/avocado -> Place/avocado/cutting_board/ingredient -> PickUp/knife -> Chop/avocado/knife
[rosout][INFO] 2021-09-18 15:09:46,769: length = 5
[rosout][INFO] 2021-09-18 15:09:46,770: num_of_expand = 1140
[rosout][INFO] 2021-09-18 15:09:46,770: time = 0.855053901672
[rosout][INFO] 2021-09-18 15:09:46,771: success = True
[rosout][INFO] 2021-09-18 15:09:46,772: ====================
[rosout][INFO] 2021-09-18 15:09:46,773: [task=10]
[rosout][INFO] 2021-09-18 15:09:46,774: ####### generate problem #######
[rosout][INFO] 2021-09-18 15:09:46,774: using_ings: [set(['olive_oil', 'lemon_juice', 'avocado', 'salt']), {}]
[rosout][INFO] 2021-09-18 15:09:46,775: using_objects: {'plate': 'plate', 'lemon_juice': 'lemon_juice', 'salt_bottle': 'salt_bottle', 'olive_oil': 'olive_oil', 'near_cutting_board': 'near_cutting_board', 'avocado': 'avocado', 'pot': 'pot', 'bowl': 'bowl', 'lemon_juice_bottle': 'lemon_juice_bottle', 'cutting_board': 'cutting_board', 'spatula': 'spatula', 'olive_oil_bottle': 'olive_oil_bottle', 'spreader': 'spreader', 'scooper': 'scooper', 'table': 'table', 'salt': 'salt', 'stove': 'stove', 'pan': 'pan', 'knife': 'knife'}
[rosout][INFO] 2021-09-18 15:09:46,776: goal: {'exist_avocado': True, 'oregano_is_in': 'bowl', 'olive_oil_is_in': 'bowl', 'exist_green_pepper': True, 'exist_arugula': True, 'exist_shrimp': True, 'scallion_is_in': 'bowl', 'shrimp_is_in': 'bowl', 'exist_lemon_juice': True, 'exist_scallion': True, 'exist_oregano': True, 'chopped_scallion': True, 'chopped_shrimp': True, 'exist_salt': True, 'exist_peanut': True, 'lemon_juice_is_in': 'bowl', 'exist_olive_oil': True, 'chopped_oregano': True, 'avocado_is_in': 'bowl', 'chopped_avocado': True}
[rosout][INFO] 2021-09-18 15:09:46,776: goal_diff: {'avocado_is_in': 'bowl'}
[rosout][INFO] 2021-09-18 15:09:46,777: current: None
[rosout][INFO] 2021-09-18 15:09:46,777: initial: {'avocado_is_on': 'cutting_board', 'cooked_lemon_juice': False, 'spatula_is_on': 'table', 'spread_on_lemon_juice': 'None', 'cooked_oregano': False, 'exist_oregano': True, 'oregano_is_on': 'None', 'salt_bottle_is_on': 'table', 'salad_is_on': 'table', 'lemon_juice_bottle_is_on': 'table', 'spread_on_oregano': 'None', 'spread_on_green_pepper': 'None', 'spread_on_peanut': 'None', 'cooked_peanut': False, 'knife_is_in': 'None', 'exist_scallion': True, 'chopped_scallion': True, 'olive_oil_bottle_is_in': 'None', 'arugula_is_on': 'table', 'spread_on_avocado': 'None', 'exist_arugula': True, 'salt_is_on': 'table', 'cooked_salad': False, 'pot_is_on': 'table', 'chopped_shrimp': True, 'cooked_arugula': False, 'spread_on_olive_oil': 'None', 'shrimp_is_in': 'bowl', 'chopped_peanut': False, 'chopped_oregano': True, 'cooked_green_pepper': False, 'cooked_shrimp': False, 'green_pepper_is_in': 'None', 'exist_avocado': True, 'lemon_juice_is_on': 'table', 'scallion_is_in': 'bowl', 'spreader_is_on': 'table', 'oregano_is_in': 'bowl', 'chopped_arugula': False, 'exist_green_pepper': True, 'arugula_is_in': 'None', 'chopped_green_pepper': False, 'exist_lemon_juice': True, 'peanut_is_on': 'table', 'salad_is_in': 'None', 'bowl_is_on': 'near_cutting_board', 'olive_oil_is_in': 'bowl', 'exist_olive_oil': True, 'exist_salt': True, 'spread_on_arugula': 'None', 'spread_on_salad': 'None', 'spread_on_shrimp': 'None', 'shrimp_is_on': 'None', 'exist_salad': False, 'chopped_olive_oil': False, 'knife_is_on': 'None', 'spread_on_salt': 'None', 'holding': 'knife', 'avocado_is_in': 'None', 'chopped_avocado': True, 'spread_on_scallion': 'None', 'plate_is_on': 'table', 'lemon_juice_bottle_is_in': 'None', 'salt_is_in': 'None', 'olive_oil_bottle_is_on': 'table', 'cooked_salt': False, 'exist_peanut': True, 'chopped_salad': False, 'chopped_lemon_juice': False, 'lemon_juice_is_in': 'bowl', 'cooked_olive_oil': False, 'peanut_is_in': 'None', 'bowl_is_in': 'None', 'chopped_salt': False, 'scallion_is_on': 'None', 'exist_shrimp': True, 'cooked_avocado': False, 'pan_is_on': 'table', 'olive_oil_is_on': 'table', 'green_pepper_is_on': 'table', 'scooper_is_on': 'table', 'cooked_scallion': False}
[rosout][INFO] 2021-09-18 15:09:46,793: ####### task plan info #######
[rosout][INFO] 2021-09-18 15:09:46,794: plan =  -> Scrape/chopped_avocado/bowl/knife
[rosout][INFO] 2021-09-18 15:09:46,795: length = 1
[rosout][INFO] 2021-09-18 15:09:46,796: num_of_expand = 3
[rosout][INFO] 2021-09-18 15:09:46,796: time = 0.00228404998779
[rosout][INFO] 2021-09-18 15:09:46,797: success = True
[rosout][INFO] 2021-09-18 15:09:46,797: ====================
[rosout][INFO] 2021-09-18 15:09:46,798: [task=11]
[rosout][INFO] 2021-09-18 15:09:46,799: ####### generate problem #######
[rosout][INFO] 2021-09-18 15:09:46,800: using_ings: [set(['olive_oil', 'lemon_juice', 'peanut', 'arugula', 'salt']), {}]
[rosout][INFO] 2021-09-18 15:09:46,801: using_objects: {'plate': 'plate', 'lemon_juice': 'lemon_juice', 'salt_bottle': 'salt_bottle', 'olive_oil': 'olive_oil', 'near_cutting_board': 'near_cutting_board', 'peanut': 'peanut', 'pot': 'pot', 'bowl': 'bowl', 'lemon_juice_bottle': 'lemon_juice_bottle', 'arugula': 'arugula', 'cutting_board': 'cutting_board', 'spatula': 'spatula', 'olive_oil_bottle': 'olive_oil_bottle', 'spreader': 'spreader', 'scooper': 'scooper', 'table': 'table', 'salt': 'salt', 'stove': 'stove', 'pan': 'pan', 'knife': 'knife'}
[rosout][INFO] 2021-09-18 15:09:46,801: goal: {'oregano_is_in': 'bowl', 'olive_oil_is_in': 'bowl', 'exist_arugula': True, 'exist_lemon_juice': True, 'chopped_shrimp': True, 'exist_oregano': True, 'shrimp_is_in': 'bowl', 'exist_peanut': True, 'chopped_arugula': True, 'lemon_juice_is_in': 'bowl', 'exist_olive_oil': True, 'chopped_oregano': True, 'exist_scallion': True, 'exist_salt': True, 'peanut_is_in': 'bowl', 'exist_avocado': True, 'exist_green_pepper': True, 'exist_shrimp': True, 'chopped_scallion': True, 'scallion_is_in': 'bowl', 'avocado_is_in': 'bowl', 'chopped_avocado': True}
[rosout][INFO] 2021-09-18 15:09:46,802: goal_diff: {'peanut_is_in': 'bowl', 'chopped_arugula': True}
[rosout][INFO] 2021-09-18 15:09:46,803: current: None
[rosout][INFO] 2021-09-18 15:09:46,803: initial: {'avocado_is_on': 'None', 'cooked_lemon_juice': False, 'spatula_is_on': 'table', 'spread_on_lemon_juice': 'None', 'cooked_oregano': False, 'exist_oregano': True, 'oregano_is_on': 'None', 'salt_bottle_is_on': 'table', 'salad_is_on': 'table', 'lemon_juice_bottle_is_on': 'table', 'spread_on_oregano': 'None', 'spread_on_green_pepper': 'None', 'spread_on_peanut': 'None', 'cooked_peanut': False, 'knife_is_in': 'None', 'exist_scallion': True, 'chopped_scallion': True, 'olive_oil_bottle_is_in': 'None', 'arugula_is_on': 'table', 'spread_on_avocado': 'None', 'exist_arugula': True, 'salt_is_on': 'table', 'cooked_salad': False, 'pot_is_on': 'table', 'chopped_shrimp': True, 'cooked_arugula': False, 'spread_on_olive_oil': 'None', 'shrimp_is_in': 'bowl', 'chopped_peanut': False, 'chopped_oregano': True, 'cooked_green_pepper': False, 'cooked_shrimp': False, 'green_pepper_is_in': 'None', 'exist_avocado': True, 'lemon_juice_is_on': 'table', 'scallion_is_in': 'bowl', 'spreader_is_on': 'table', 'oregano_is_in': 'bowl', 'chopped_arugula': False, 'exist_green_pepper': True, 'arugula_is_in': 'None', 'chopped_green_pepper': False, 'exist_lemon_juice': True, 'peanut_is_on': 'table', 'salad_is_in': 'None', 'bowl_is_on': 'near_cutting_board', 'olive_oil_is_in': 'bowl', 'exist_olive_oil': True, 'exist_salt': True, 'spread_on_arugula': 'None', 'spread_on_salad': 'None', 'spread_on_shrimp': 'None', 'shrimp_is_on': 'None', 'exist_salad': False, 'chopped_olive_oil': False, 'knife_is_on': 'None', 'spread_on_salt': 'None', 'holding': 'knife', 'avocado_is_in': 'bowl', 'chopped_avocado': True, 'spread_on_scallion': 'None', 'plate_is_on': 'table', 'lemon_juice_bottle_is_in': 'None', 'salt_is_in': 'None', 'olive_oil_bottle_is_on': 'table', 'cooked_salt': False, 'exist_peanut': True, 'chopped_salad': False, 'chopped_lemon_juice': False, 'lemon_juice_is_in': 'bowl', 'cooked_olive_oil': False, 'peanut_is_in': 'None', 'bowl_is_in': 'None', 'chopped_salt': False, 'scallion_is_on': 'None', 'exist_shrimp': True, 'cooked_avocado': False, 'pan_is_on': 'table', 'olive_oil_is_on': 'table', 'green_pepper_is_on': 'table', 'scooper_is_on': 'table', 'cooked_scallion': False}
[rosout][INFO] 2021-09-18 15:09:49,877: ####### task plan info #######
[rosout][INFO] 2021-09-18 15:09:49,878: plan = 
[rosout][INFO] 2021-09-18 15:09:49,879: length = 0
[rosout][INFO] 2021-09-18 15:09:49,879: num_of_expand = 3182
[rosout][INFO] 2021-09-18 15:09:49,880: time = 3.0725710392
[rosout][INFO] 2021-09-18 15:09:49,880: success = False
[rosout][INFO] 2021-09-18 15:09:49,881: file_name = test_1_predict2_v2.csv
[rosout][INFO] 2021-09-18 15:09:49,882: ----------
[rosout][INFO] 2021-09-18 15:09:49,882: ['pan', 'pan', None]
[rosout][INFO] 2021-09-18 15:09:49,883: ['pot', 'pot', None]
[rosout][INFO] 2021-09-18 15:09:49,884: ['plate', 'plate', None]
[rosout][INFO] 2021-09-18 15:09:49,884: ['bowl', 'bowl', None]
[rosout][INFO] 2021-09-18 15:09:49,885: ['spatula', 'spatula', None]
[rosout][INFO] 2021-09-18 15:09:49,886: ['spreader', 'spreader', None]
[rosout][INFO] 2021-09-18 15:09:49,886: ['scooper', 'scooper', None]
[rosout][INFO] 2021-09-18 15:09:49,887: ['knife', 'knife', None]
[rosout][INFO] 2021-09-18 15:09:49,887: ['table', 'table', None]
[rosout][INFO] 2021-09-18 15:09:49,888: ['stove', 'stove', None]
[rosout][INFO] 2021-09-18 15:09:49,888: ['cutting_board', 'cutting_board', None]
[rosout][INFO] 2021-09-18 15:09:49,889: ['near_cutting_board', 'near_cutting_board', None]
[rosout][INFO] 2021-09-18 15:09:49,890: ['avocado', 'avocado', ['exist']]
[rosout][INFO] 2021-09-18 15:09:49,890: ['chili_pepper', 'chili_pepper', ['exist']]
[rosout][INFO] 2021-09-18 15:09:49,891: ['green', 'green', ['exist']]
[rosout][INFO] 2021-09-18 15:09:49,891: ['lemon_juice', 'lemon_juice', ['exist']]
[rosout][INFO] 2021-09-18 15:09:49,892: ['olive_oil', 'olive_oil', ['exist']]
[rosout][INFO] 2021-09-18 15:09:49,892: ['parsley', 'parsley', ['exist']]
[rosout][INFO] 2021-09-18 15:09:49,893: ['peanut', 'peanut', ['exist']]
[rosout][INFO] 2021-09-18 15:09:49,893: ['salad', 'salad', []]
[rosout][INFO] 2021-09-18 15:09:49,894: ['salt', 'salt', ['exist']]
[rosout][INFO] 2021-09-18 15:09:49,894: ['scallion', 'scallion', ['exist']]
[rosout][INFO] 2021-09-18 15:09:49,895: ['shrimp', 'shrimp', ['exist']]
[rosout][INFO] 2021-09-18 15:09:49,896: ['lemon_juice_bottle', 'lemon_juice_bottle', None]
[rosout][INFO] 2021-09-18 15:09:49,897: ['olive_oil_bottle', 'olive_oil_bottle', None]
[rosout][INFO] 2021-09-18 15:09:49,897: ['salt_bottle', 'salt_bottle', None]
[rosout][INFO] 2021-09-18 15:09:49,898: ----------
[rosout][INFO] 2021-09-18 15:09:49,900: pan, pan, None
[rosout][INFO] 2021-09-18 15:09:49,900: pot, pot, None
[rosout][INFO] 2021-09-18 15:09:49,901: plate, plate, None
[rosout][INFO] 2021-09-18 15:09:49,901: bowl, bowl, None
[rosout][INFO] 2021-09-18 15:09:49,902: spatula, spatula, None
[rosout][INFO] 2021-09-18 15:09:49,903: spreader, spreader, None
[rosout][INFO] 2021-09-18 15:09:49,903: scooper, scooper, None
[rosout][INFO] 2021-09-18 15:09:49,904: knife, knife, None
[rosout][INFO] 2021-09-18 15:09:49,905: table, table, None
[rosout][INFO] 2021-09-18 15:09:49,906: stove, stove, None
[rosout][INFO] 2021-09-18 15:09:49,906: cutting_board, cutting_board, None
[rosout][INFO] 2021-09-18 15:09:49,907: near_cutting_board, near_cutting_board, None
[rosout][INFO] 2021-09-18 15:09:49,908: avocado, avocado, ['exist']
[rosout][INFO] 2021-09-18 15:09:49,908: chili_pepper, chili_pepper, ['exist']
[rosout][INFO] 2021-09-18 15:09:49,909: green, green, ['exist']
[rosout][INFO] 2021-09-18 15:09:49,910: lemon_juice, lemon_juice, ['exist']
[rosout][INFO] 2021-09-18 15:09:49,911: olive_oil, olive_oil, ['exist']
[rosout][INFO] 2021-09-18 15:09:49,912: parsley, parsley, ['exist']
[rosout][INFO] 2021-09-18 15:09:49,912: peanut, peanut, ['exist']
[rosout][INFO] 2021-09-18 15:09:49,913: salad, salad, []
[rosout][INFO] 2021-09-18 15:09:49,913: salt, salt, ['exist']
[rosout][INFO] 2021-09-18 15:09:49,914: scallion, scallion, ['exist']
[rosout][INFO] 2021-09-18 15:09:49,915: shrimp, shrimp, ['exist']
[rosout][INFO] 2021-09-18 15:09:49,915: lemon_juice_bottle, lemon_juice_bottle, None
[rosout][INFO] 2021-09-18 15:09:49,916: olive_oil_bottle, olive_oil_bottle, None
[rosout][INFO] 2021-09-18 15:09:49,916: salt_bottle, salt_bottle, None
[rosout][INFO] 2021-09-18 15:09:49,917: ====================
[rosout][INFO] 2021-09-18 15:09:49,917: [task=1]
[rosout][INFO] 2021-09-18 15:09:49,918: ####### generate problem #######
[rosout][INFO] 2021-09-18 15:09:49,919: using_ings: [set(['olive_oil', 'lemon_juice', 'salt']), {}]
[rosout][INFO] 2021-09-18 15:09:49,919: using_objects: {'plate': 'plate', 'lemon_juice': 'lemon_juice', 'salt_bottle': 'salt_bottle', 'olive_oil': 'olive_oil', 'near_cutting_board': 'near_cutting_board', 'pot': 'pot', 'bowl': 'bowl', 'lemon_juice_bottle': 'lemon_juice_bottle', 'cutting_board': 'cutting_board', 'spatula': 'spatula', 'olive_oil_bottle': 'olive_oil_bottle', 'spreader': 'spreader', 'scooper': 'scooper', 'table': 'table', 'salt': 'salt', 'stove': 'stove', 'pan': 'pan', 'knife': 'knife'}
[rosout][INFO] 2021-09-18 15:09:49,920: goal: {'exist_avocado': True, 'olive_oil_is_in': 'bowl', 'exist_lemon_juice': True, 'exist_green': True, 'exist_shrimp': True, 'exist_parsley': True, 'exist_chili_pepper': True, 'exist_peanut': True, 'exist_olive_oil': True, 'exist_scallion': True, 'exist_salt': True}
[rosout][INFO] 2021-09-18 15:09:49,920: goal_diff: {'olive_oil_is_in': 'bowl'}
[rosout][INFO] 2021-09-18 15:09:49,921: current: None
[rosout][INFO] 2021-09-18 15:09:49,922: initial: {'avocado_is_on': 'table', 'cooked_lemon_juice': False, 'spatula_is_on': 'table', 'spread_on_lemon_juice': 'None', 'chopped_shrimp': False, 'exist_green': True, 'spread_on_green': 'None', 'salad_is_on': 'table', 'chopped_chili_pepper': False, 'lemon_juice_bottle_is_on': 'table', 'spread_on_parsley': 'None', 'spread_on_peanut': 'None', 'cooked_peanut': False, 'chopped_scallion': False, 'cooked_parsley': False, 'exist_chili_pepper': True, 'parsley_is_in': 'None', 'spread_on_avocado': 'None', 'salt_is_on': 'table', 'cooked_salad': False, 'pot_is_on': 'table', 'chopped_parsley': False, 'spread_on_olive_oil': 'None', 'shrimp_is_in': 'None', 'chopped_peanut': False, 'exist_scallion': True, 'cooked_shrimp': False, 'cooked_green': False, 'green_is_in': 'None', 'exist_avocado': True, 'lemon_juice_is_on': 'table', 'spread_on_chili_pepper': 'None', 'scallion_is_in': 'None', 'spreader_is_on': 'table', 'salt_bottle_is_on': 'table', 'cooked_chili_pepper': False, 'exist_lemon_juice': True, 'chopped_salt': False, 'peanut_is_on': 'table', 'salad_is_in': 'None', 'bowl_is_on': 'table', 'olive_oil_is_in': 'None', 'exist_olive_oil': True, 'exist_salt': True, 'spread_on_salad': 'None', 'spread_on_shrimp': 'None', 'shrimp_is_on': 'table', 'exist_salad': False, 'chopped_olive_oil': False, 'knife_is_on': 'table', 'spread_on_salt': 'None', 'holding': 'None', 'chili_pepper_is_on': 'table', 'avocado_is_in': 'None', 'chopped_avocado': False, 'spread_on_scallion': 'None', 'salt_is_in': 'None', 'olive_oil_bottle_is_on': 'table', 'cooked_salt': False, 'parsley_is_on': 'table', 'exist_peanut': True, 'chopped_salad': False, 'chopped_lemon_juice': False, 'lemon_juice_is_in': 'None', 'chili_pepper_is_in': 'None', 'cooked_olive_oil': False, 'peanut_is_in': 'None', 'plate_is_on': 'table', 'scallion_is_on': 'table', 'exist_shrimp': True, 'chopped_green': False, 'cooked_avocado': False, 'pan_is_on': 'table', 'olive_oil_is_on': 'table', 'exist_parsley': True, 'green_is_on': 'table', 'scooper_is_on': 'table', 'cooked_scallion': False}
[rosout][INFO] 2021-09-18 15:09:50,002: ####### task plan info #######
[rosout][INFO] 2021-09-18 15:09:50,003: plan =  -> PickUp/olive_oil_bottle -> Pour/olive_oil_bottle/bowl/olive_oil
[rosout][INFO] 2021-09-18 15:09:50,004: length = 2
[rosout][INFO] 2021-09-18 15:09:50,005: num_of_expand = 45
[rosout][INFO] 2021-09-18 15:09:50,006: time = 0.0280730724335
[rosout][INFO] 2021-09-18 15:09:50,007: success = True
[rosout][INFO] 2021-09-18 15:09:50,008: ====================
[rosout][INFO] 2021-09-18 15:09:50,009: [task=2]
[rosout][INFO] 2021-09-18 15:09:50,013: ####### generate problem #######
[rosout][INFO] 2021-09-18 15:09:50,014: using_ings: [set(['olive_oil', 'lemon_juice', 'salt']), {}]
[rosout][INFO] 2021-09-18 15:09:50,015: using_objects: {'plate': 'plate', 'lemon_juice': 'lemon_juice', 'salt_bottle': 'salt_bottle', 'olive_oil': 'olive_oil', 'near_cutting_board': 'near_cutting_board', 'pot': 'pot', 'bowl': 'bowl', 'lemon_juice_bottle': 'lemon_juice_bottle', 'cutting_board': 'cutting_board', 'spatula': 'spatula', 'olive_oil_bottle': 'olive_oil_bottle', 'spreader': 'spreader', 'scooper': 'scooper', 'table': 'table', 'salt': 'salt', 'stove': 'stove', 'pan': 'pan', 'knife': 'knife'}
[rosout][INFO] 2021-09-18 15:09:50,016: goal: {'exist_avocado': True, 'olive_oil_is_in': 'bowl', 'exist_lemon_juice': True, 'exist_green': True, 'exist_shrimp': True, 'exist_parsley': True, 'exist_chili_pepper': True, 'exist_peanut': True, 'lemon_juice_is_in': 'bowl', 'exist_olive_oil': True, 'exist_scallion': True, 'exist_salt': True}
[rosout][INFO] 2021-09-18 15:09:50,016: goal_diff: {'lemon_juice_is_in': 'bowl'}
[rosout][INFO] 2021-09-18 15:09:50,017: current: None
[rosout][INFO] 2021-09-18 15:09:50,017: initial: {'avocado_is_on': 'table', 'cooked_lemon_juice': False, 'spatula_is_on': 'table', 'spread_on_lemon_juice': 'None', 'chopped_shrimp': False, 'exist_green': True, 'spread_on_green': 'None', 'salad_is_on': 'table', 'chopped_chili_pepper': False, 'lemon_juice_bottle_is_on': 'table', 'spread_on_parsley': 'None', 'spread_on_peanut': 'None', 'cooked_peanut': False, 'chopped_scallion': False, 'cooked_parsley': False, 'exist_chili_pepper': True, 'parsley_is_in': 'None', 'spread_on_avocado': 'None', 'salt_is_on': 'table', 'cooked_salad': False, 'pot_is_on': 'table', 'chopped_parsley': False, 'spread_on_olive_oil': 'None', 'shrimp_is_in': 'None', 'chopped_peanut': False, 'exist_scallion': True, 'cooked_shrimp': False, 'cooked_green': False, 'green_is_in': 'None', 'exist_avocado': True, 'lemon_juice_is_on': 'table', 'spread_on_chili_pepper': 'None', 'scallion_is_in': 'None', 'spreader_is_on': 'table', 'salt_bottle_is_on': 'table', 'cooked_chili_pepper': False, 'exist_lemon_juice': True, 'chopped_salt': False, 'peanut_is_on': 'table', 'salad_is_in': 'None', 'bowl_is_on': 'table', 'olive_oil_is_in': 'bowl', 'exist_olive_oil': True, 'exist_salt': True, 'spread_on_salad': 'None', 'spread_on_shrimp': 'None', 'shrimp_is_on': 'table', 'exist_salad': False, 'chopped_olive_oil': False, 'knife_is_on': 'table', 'spread_on_salt': 'None', 'holding': 'olive_oil_bottle', 'chili_pepper_is_on': 'table', 'avocado_is_in': 'None', 'chopped_avocado': False, 'spread_on_scallion': 'None', 'salt_is_in': 'None', 'olive_oil_bottle_is_on': 'None', 'cooked_salt': False, 'parsley_is_on': 'table', 'exist_peanut': True, 'chopped_salad': False, 'chopped_lemon_juice': False, 'lemon_juice_is_in': 'None', 'chili_pepper_is_in': 'None', 'cooked_olive_oil': False, 'peanut_is_in': 'None', 'plate_is_on': 'table', 'scallion_is_on': 'table', 'exist_shrimp': True, 'olive_oil_bottle_is_in': 'None', 'chopped_green': False, 'cooked_avocado': False, 'pan_is_on': 'table', 'olive_oil_is_on': 'table', 'exist_parsley': True, 'green_is_on': 'table', 'scooper_is_on': 'table', 'cooked_scallion': False}
[rosout][INFO] 2021-09-18 15:09:50,055: ####### task plan info #######
[rosout][INFO] 2021-09-18 15:09:50,058: plan =  -> Place/olive_oil_bottle/table/ing_bottle -> PickUp/lemon_juice_bottle -> Pour/lemon_juice_bottle/bowl/lemon_juice
[rosout][INFO] 2021-09-18 15:09:50,058: length = 3
[rosout][INFO] 2021-09-18 15:09:50,059: num_of_expand = 64
[rosout][INFO] 2021-09-18 15:09:50,060: time = 0.0371539592743
[rosout][INFO] 2021-09-18 15:09:50,060: success = True
[rosout][INFO] 2021-09-18 15:09:50,061: ====================
[rosout][INFO] 2021-09-18 15:09:50,061: [task=3]
[rosout][INFO] 2021-09-18 15:09:50,062: ####### generate problem #######
[rosout][INFO] 2021-09-18 15:09:50,063: using_ings: [set(['olive_oil', 'lemon_juice', 'salt', 'parsley']), {}]
[rosout][INFO] 2021-09-18 15:09:50,064: using_objects: {'lemon_juice_bottle': 'lemon_juice_bottle', 'plate': 'plate', 'lemon_juice': 'lemon_juice', 'salt_bottle': 'salt_bottle', 'olive_oil': 'olive_oil', 'near_cutting_board': 'near_cutting_board', 'pot': 'pot', 'bowl': 'bowl', 'parsley': 'parsley', 'cutting_board': 'cutting_board', 'spatula': 'spatula', 'olive_oil_bottle': 'olive_oil_bottle', 'spreader': 'spreader', 'scooper': 'scooper', 'table': 'table', 'salt': 'salt', 'stove': 'stove', 'pan': 'pan', 'knife': 'knife'}
[rosout][INFO] 2021-09-18 15:09:50,065: goal: {'exist_avocado': True, 'olive_oil_is_in': 'bowl', 'exist_lemon_juice': True, 'exist_green': True, 'chopped_parsley': True, 'exist_shrimp': True, 'exist_parsley': True, 'exist_chili_pepper': True, 'exist_peanut': True, 'lemon_juice_is_in': 'bowl', 'exist_olive_oil': True, 'exist_scallion': True, 'exist_salt': True}
[rosout][INFO] 2021-09-18 15:09:50,065: goal_diff: {'chopped_parsley': True}
[rosout][INFO] 2021-09-18 15:09:50,066: current: None
[rosout][INFO] 2021-09-18 15:09:50,067: initial: {'avocado_is_on': 'table', 'cooked_lemon_juice': False, 'spatula_is_on': 'table', 'spread_on_lemon_juice': 'None', 'chopped_shrimp': False, 'exist_green': True, 'spread_on_green': 'None', 'salad_is_on': 'table', 'chopped_chili_pepper': False, 'lemon_juice_bottle_is_on': 'None', 'spread_on_parsley': 'None', 'spread_on_peanut': 'None', 'cooked_peanut': False, 'chopped_scallion': False, 'cooked_parsley': False, 'exist_chili_pepper': True, 'parsley_is_in': 'None', 'spread_on_avocado': 'None', 'salt_is_on': 'table', 'cooked_salad': False, 'pot_is_on': 'table', 'chopped_parsley': False, 'spread_on_olive_oil': 'None', 'shrimp_is_in': 'None', 'chopped_peanut': False, 'exist_scallion': True, 'cooked_shrimp': False, 'cooked_green': False, 'green_is_in': 'None', 'exist_avocado': True, 'lemon_juice_is_on': 'table', 'spread_on_chili_pepper': 'None', 'scallion_is_in': 'None', 'spreader_is_on': 'table', 'salt_bottle_is_on': 'table', 'cooked_chili_pepper': False, 'exist_lemon_juice': True, 'chopped_salt': False, 'peanut_is_on': 'table', 'salad_is_in': 'None', 'bowl_is_on': 'table', 'olive_oil_is_in': 'bowl', 'exist_olive_oil': True, 'exist_salt': True, 'spread_on_salad': 'None', 'spread_on_shrimp': 'None', 'shrimp_is_on': 'table', 'exist_salad': False, 'chopped_olive_oil': False, 'knife_is_on': 'table', 'spread_on_salt': 'None', 'holding': 'lemon_juice_bottle', 'chili_pepper_is_on': 'table', 'avocado_is_in': 'None', 'chopped_avocado': False, 'spread_on_scallion': 'None', 'lemon_juice_bottle_is_in': 'None', 'salt_is_in': 'None', 'olive_oil_bottle_is_on': 'table', 'cooked_salt': False, 'parsley_is_on': 'table', 'exist_peanut': True, 'chopped_salad': False, 'chopped_lemon_juice': False, 'lemon_juice_is_in': 'bowl', 'chili_pepper_is_in': 'None', 'cooked_olive_oil': False, 'peanut_is_in': 'None', 'plate_is_on': 'table', 'scallion_is_on': 'table', 'exist_shrimp': True, 'olive_oil_bottle_is_in': 'None', 'chopped_green': False, 'cooked_avocado': False, 'pan_is_on': 'table', 'olive_oil_is_on': 'table', 'exist_parsley': True, 'green_is_on': 'table', 'scooper_is_on': 'table', 'cooked_scallion': False}
[rosout][INFO] 2021-09-18 15:09:53,641: ####### task plan info #######
[rosout][INFO] 2021-09-18 15:09:53,643: plan =  -> Place/lemon_juice_bottle/table/ing_bottle -> PickUp/parsley -> Place/parsley/cutting_board/ingredient -> PickUp/knife -> Chop/parsley/knife
[rosout][INFO] 2021-09-18 15:09:53,643: length = 5
[rosout][INFO] 2021-09-18 15:09:53,644: num_of_expand = 4980
[rosout][INFO] 2021-09-18 15:09:53,646: time = 3.57349896431
[rosout][INFO] 2021-09-18 15:09:53,646: success = True
[rosout][INFO] 2021-09-18 15:09:53,647: ====================
[rosout][INFO] 2021-09-18 15:09:53,648: [task=4]
[rosout][INFO] 2021-09-18 15:09:53,649: ####### generate problem #######
[rosout][INFO] 2021-09-18 15:09:53,649: using_ings: [set(['olive_oil', 'lemon_juice', 'salt', 'parsley']), {}]
[rosout][INFO] 2021-09-18 15:09:53,650: using_objects: {'lemon_juice_bottle': 'lemon_juice_bottle', 'plate': 'plate', 'lemon_juice': 'lemon_juice', 'salt_bottle': 'salt_bottle', 'olive_oil': 'olive_oil', 'near_cutting_board': 'near_cutting_board', 'pot': 'pot', 'bowl': 'bowl', 'parsley': 'parsley', 'cutting_board': 'cutting_board', 'spatula': 'spatula', 'olive_oil_bottle': 'olive_oil_bottle', 'spreader': 'spreader', 'scooper': 'scooper', 'table': 'table', 'salt': 'salt', 'stove': 'stove', 'pan': 'pan', 'knife': 'knife'}
[rosout][INFO] 2021-09-18 15:09:53,650: goal: {'parsley_is_in': 'bowl', 'exist_avocado': True, 'olive_oil_is_in': 'bowl', 'exist_lemon_juice': True, 'exist_green': True, 'chopped_parsley': True, 'exist_shrimp': True, 'exist_parsley': True, 'exist_chili_pepper': True, 'exist_peanut': True, 'lemon_juice_is_in': 'bowl', 'exist_olive_oil': True, 'exist_scallion': True, 'exist_salt': True}
[rosout][INFO] 2021-09-18 15:09:53,651: goal_diff: {'parsley_is_in': 'bowl'}
[rosout][INFO] 2021-09-18 15:09:53,652: current: None
[rosout][INFO] 2021-09-18 15:09:53,654: initial: {'avocado_is_on': 'table', 'cooked_lemon_juice': False, 'spatula_is_on': 'table', 'spread_on_lemon_juice': 'None', 'chopped_shrimp': False, 'exist_green': True, 'spread_on_green': 'None', 'salad_is_on': 'table', 'chopped_chili_pepper': False, 'lemon_juice_bottle_is_on': 'table', 'spread_on_parsley': 'None', 'spread_on_peanut': 'None', 'cooked_peanut': False, 'knife_is_in': 'None', 'chopped_scallion': False, 'cooked_parsley': False, 'exist_chili_pepper': True, 'parsley_is_in': 'None', 'spread_on_avocado': 'None', 'salt_is_on': 'table', 'cooked_salad': False, 'pot_is_on': 'table', 'chopped_parsley': True, 'spread_on_olive_oil': 'None', 'shrimp_is_in': 'None', 'chopped_peanut': False, 'exist_scallion': True, 'cooked_shrimp': False, 'cooked_green': False, 'green_is_in': 'None', 'exist_avocado': True, 'lemon_juice_is_on': 'table', 'spread_on_chili_pepper': 'None', 'scallion_is_in': 'None', 'spreader_is_on': 'table', 'salt_bottle_is_on': 'table', 'cooked_chili_pepper': False, 'exist_lemon_juice': True, 'chopped_salt': False, 'peanut_is_on': 'table', 'salad_is_in': 'None', 'bowl_is_on': 'table', 'olive_oil_is_in': 'bowl', 'exist_olive_oil': True, 'exist_salt': True, 'spread_on_salad': 'None', 'spread_on_shrimp': 'None', 'shrimp_is_on': 'table', 'exist_salad': False, 'chopped_olive_oil': False, 'knife_is_on': 'None', 'spread_on_salt': 'None', 'holding': 'knife', 'chili_pepper_is_on': 'table', 'avocado_is_in': 'None', 'chopped_avocado': False, 'spread_on_scallion': 'None', 'lemon_juice_bottle_is_in': 'None', 'salt_is_in': 'None', 'olive_oil_bottle_is_on': 'table', 'cooked_salt': False, 'parsley_is_on': 'cutting_board', 'exist_peanut': True, 'chopped_salad': False, 'chopped_lemon_juice': False, 'lemon_juice_is_in': 'bowl', 'chili_pepper_is_in': 'None', 'cooked_olive_oil': False, 'peanut_is_in': 'None', 'plate_is_on': 'table', 'scallion_is_on': 'table', 'exist_shrimp': True, 'olive_oil_bottle_is_in': 'None', 'chopped_green': False, 'cooked_avocado': False, 'pan_is_on': 'table', 'olive_oil_is_on': 'table', 'exist_parsley': True, 'green_is_on': 'table', 'scooper_is_on': 'table', 'cooked_scallion': False}
[rosout][INFO] 2021-09-18 15:09:55,008: ####### task plan info #######
[rosout][INFO] 2021-09-18 15:09:55,009: plan =  -> Place/knife/table/tool -> PickUp/bowl -> Place/bowl/near_cutting_board/dishware -> PickUp/knife -> Scrape/chopped_parsley/bowl/knife
[rosout][INFO] 2021-09-18 15:09:55,010: length = 5
[rosout][INFO] 2021-09-18 15:09:55,011: num_of_expand = 1725
[rosout][INFO] 2021-09-18 15:09:55,012: time = 1.29691696167
[rosout][INFO] 2021-09-18 15:09:55,012: success = True
[rosout][INFO] 2021-09-18 15:09:55,013: ====================
[rosout][INFO] 2021-09-18 15:09:55,014: [task=5]
[rosout][INFO] 2021-09-18 15:09:55,015: ####### generate problem #######
[rosout][INFO] 2021-09-18 15:09:55,016: using_ings: [set(['olive_oil', 'lemon_juice', 'salt', 'shrimp']), {}]
[rosout][INFO] 2021-09-18 15:09:55,019: using_objects: {'plate': 'plate', 'lemon_juice': 'lemon_juice', 'salt_bottle': 'salt_bottle', 'olive_oil': 'olive_oil', 'near_cutting_board': 'near_cutting_board', 'pot': 'pot', 'bowl': 'bowl', 'lemon_juice_bottle': 'lemon_juice_bottle', 'shrimp': 'shrimp', 'cutting_board': 'cutting_board', 'spatula': 'spatula', 'olive_oil_bottle': 'olive_oil_bottle', 'spreader': 'spreader', 'scooper': 'scooper', 'table': 'table', 'salt': 'salt', 'stove': 'stove', 'pan': 'pan', 'knife': 'knife'}
[rosout][INFO] 2021-09-18 15:09:55,020: goal: {'parsley_is_in': 'bowl', 'exist_avocado': True, 'olive_oil_is_in': 'bowl', 'exist_lemon_juice': True, 'exist_green': True, 'chopped_parsley': True, 'exist_shrimp': True, 'exist_parsley': True, 'exist_chili_pepper': True, 'exist_peanut': True, 'lemon_juice_is_in': 'bowl', 'exist_olive_oil': True, 'exist_scallion': True, 'exist_salt': True, 'chopped_shrimp': True}
[rosout][INFO] 2021-09-18 15:09:55,021: goal_diff: {'chopped_shrimp': True}
[rosout][INFO] 2021-09-18 15:09:55,022: current: None
[rosout][INFO] 2021-09-18 15:09:55,022: initial: {'avocado_is_on': 'table', 'cooked_lemon_juice': False, 'spatula_is_on': 'table', 'spread_on_lemon_juice': 'None', 'chopped_shrimp': False, 'exist_green': True, 'spread_on_green': 'None', 'salad_is_on': 'table', 'chopped_chili_pepper': False, 'lemon_juice_bottle_is_on': 'table', 'spread_on_parsley': 'None', 'spread_on_peanut': 'None', 'cooked_peanut': False, 'knife_is_in': 'None', 'chopped_scallion': False, 'cooked_parsley': False, 'exist_chili_pepper': True, 'parsley_is_in': 'bowl', 'spread_on_avocado': 'None', 'salt_is_on': 'table', 'cooked_salad': False, 'pot_is_on': 'table', 'chopped_parsley': True, 'spread_on_olive_oil': 'None', 'shrimp_is_in': 'None', 'chopped_peanut': False, 'exist_scallion': True, 'cooked_shrimp': False, 'cooked_green': False, 'green_is_in': 'None', 'exist_avocado': True, 'lemon_juice_is_on': 'table', 'spread_on_chili_pepper': 'None', 'scallion_is_in': 'None', 'spreader_is_on': 'table', 'salt_bottle_is_on': 'table', 'cooked_chili_pepper': False, 'exist_lemon_juice': True, 'chopped_salt': False, 'peanut_is_on': 'table', 'salad_is_in': 'None', 'bowl_is_on': 'near_cutting_board', 'olive_oil_is_in': 'bowl', 'exist_olive_oil': True, 'exist_salt': True, 'spread_on_salad': 'None', 'spread_on_shrimp': 'None', 'shrimp_is_on': 'table', 'exist_salad': False, 'chopped_olive_oil': False, 'knife_is_on': 'None', 'spread_on_salt': 'None', 'holding': 'knife', 'chili_pepper_is_on': 'table', 'avocado_is_in': 'None', 'chopped_avocado': False, 'spread_on_scallion': 'None', 'lemon_juice_bottle_is_in': 'None', 'salt_is_in': 'None', 'olive_oil_bottle_is_on': 'table', 'cooked_salt': False, 'parsley_is_on': 'None', 'exist_peanut': True, 'chopped_salad': False, 'chopped_lemon_juice': False, 'lemon_juice_is_in': 'bowl', 'chili_pepper_is_in': 'None', 'cooked_olive_oil': False, 'peanut_is_in': 'None', 'bowl_is_in': 'None', 'plate_is_on': 'table', 'scallion_is_on': 'table', 'exist_shrimp': True, 'olive_oil_bottle_is_in': 'None', 'chopped_green': False, 'cooked_avocado': False, 'pan_is_on': 'table', 'olive_oil_is_on': 'table', 'exist_parsley': True, 'green_is_on': 'table', 'scooper_is_on': 'table', 'cooked_scallion': False}
[rosout][INFO] 2021-09-18 15:09:55,775: ####### task plan info #######
[rosout][INFO] 2021-09-18 15:09:55,776: plan =  -> Place/knife/table/tool -> PickUp/shrimp -> Place/shrimp/cutting_board/ingredient -> PickUp/knife -> Chop/shrimp/knife
[rosout][INFO] 2021-09-18 15:09:55,776: length = 5
[rosout][INFO] 2021-09-18 15:09:55,777: num_of_expand = 926
[rosout][INFO] 2021-09-18 15:09:55,778: time = 0.734611988068
[rosout][INFO] 2021-09-18 15:09:55,778: success = True
[rosout][INFO] 2021-09-18 15:09:55,779: ====================
[rosout][INFO] 2021-09-18 15:09:55,779: [task=6]
[rosout][INFO] 2021-09-18 15:09:55,780: ####### generate problem #######
[rosout][INFO] 2021-09-18 15:09:55,781: using_ings: [set(['olive_oil', 'lemon_juice', 'salt', 'shrimp']), {}]
[rosout][INFO] 2021-09-18 15:09:55,781: using_objects: {'plate': 'plate', 'lemon_juice': 'lemon_juice', 'salt_bottle': 'salt_bottle', 'olive_oil': 'olive_oil', 'near_cutting_board': 'near_cutting_board', 'pot': 'pot', 'bowl': 'bowl', 'lemon_juice_bottle': 'lemon_juice_bottle', 'shrimp': 'shrimp', 'cutting_board': 'cutting_board', 'spatula': 'spatula', 'olive_oil_bottle': 'olive_oil_bottle', 'spreader': 'spreader', 'scooper': 'scooper', 'table': 'table', 'salt': 'salt', 'stove': 'stove', 'pan': 'pan', 'knife': 'knife'}
[rosout][INFO] 2021-09-18 15:09:55,782: goal: {'parsley_is_in': 'bowl', 'exist_avocado': True, 'olive_oil_is_in': 'bowl', 'shrimp_is_in': 'bowl', 'exist_lemon_juice': True, 'exist_green': True, 'chopped_parsley': True, 'exist_shrimp': True, 'exist_parsley': True, 'exist_chili_pepper': True, 'exist_peanut': True, 'lemon_juice_is_in': 'bowl', 'exist_olive_oil': True, 'exist_scallion': True, 'exist_salt': True, 'chopped_shrimp': True}
[rosout][INFO] 2021-09-18 15:09:55,783: goal_diff: {'shrimp_is_in': 'bowl'}
[rosout][INFO] 2021-09-18 15:09:55,784: current: None
[rosout][INFO] 2021-09-18 15:09:55,785: initial: {'avocado_is_on': 'table', 'cooked_lemon_juice': False, 'spatula_is_on': 'table', 'spread_on_lemon_juice': 'None', 'chopped_shrimp': True, 'exist_green': True, 'spread_on_green': 'None', 'salad_is_on': 'table', 'chopped_chili_pepper': False, 'lemon_juice_bottle_is_on': 'table', 'spread_on_parsley': 'None', 'spread_on_peanut': 'None', 'cooked_peanut': False, 'knife_is_in': 'None', 'chopped_scallion': False, 'cooked_parsley': False, 'exist_chili_pepper': True, 'parsley_is_in': 'bowl', 'spread_on_avocado': 'None', 'salt_is_on': 'table', 'cooked_salad': False, 'pot_is_on': 'table', 'chopped_parsley': True, 'spread_on_olive_oil': 'None', 'shrimp_is_in': 'None', 'chopped_peanut': False, 'exist_scallion': True, 'cooked_shrimp': False, 'cooked_green': False, 'green_is_in': 'None', 'exist_avocado': True, 'lemon_juice_is_on': 'table', 'spread_on_chili_pepper': 'None', 'scallion_is_in': 'None', 'spreader_is_on': 'table', 'salt_bottle_is_on': 'table', 'cooked_chili_pepper': False, 'exist_lemon_juice': True, 'chopped_salt': False, 'peanut_is_on': 'table', 'salad_is_in': 'None', 'bowl_is_on': 'near_cutting_board', 'olive_oil_is_in': 'bowl', 'exist_olive_oil': True, 'exist_salt': True, 'spread_on_salad': 'None', 'spread_on_shrimp': 'None', 'shrimp_is_on': 'cutting_board', 'exist_salad': False, 'chopped_olive_oil': False, 'knife_is_on': 'None', 'spread_on_salt': 'None', 'holding': 'knife', 'chili_pepper_is_on': 'table', 'avocado_is_in': 'None', 'chopped_avocado': False, 'spread_on_scallion': 'None', 'lemon_juice_bottle_is_in': 'None', 'salt_is_in': 'None', 'olive_oil_bottle_is_on': 'table', 'cooked_salt': False, 'parsley_is_on': 'None', 'exist_peanut': True, 'chopped_salad': False, 'chopped_lemon_juice': False, 'lemon_juice_is_in': 'bowl', 'chili_pepper_is_in': 'None', 'cooked_olive_oil': False, 'peanut_is_in': 'None', 'bowl_is_in': 'None', 'plate_is_on': 'table', 'scallion_is_on': 'table', 'exist_shrimp': True, 'olive_oil_bottle_is_in': 'None', 'chopped_green': False, 'cooked_avocado': False, 'pan_is_on': 'table', 'olive_oil_is_on': 'table', 'exist_parsley': True, 'green_is_on': 'table', 'scooper_is_on': 'table', 'cooked_scallion': False}
[rosout][INFO] 2021-09-18 15:09:55,800: ####### task plan info #######
[rosout][INFO] 2021-09-18 15:09:55,801: plan =  -> Scrape/chopped_shrimp/bowl/knife
[rosout][INFO] 2021-09-18 15:09:55,802: length = 1
[rosout][INFO] 2021-09-18 15:09:55,802: num_of_expand = 3
[rosout][INFO] 2021-09-18 15:09:55,803: time = 0.00154590606689
[rosout][INFO] 2021-09-18 15:09:55,803: success = True
[rosout][INFO] 2021-09-18 15:09:55,804: ====================
[rosout][INFO] 2021-09-18 15:09:55,804: [task=7]
[rosout][INFO] 2021-09-18 15:09:55,805: ####### generate problem #######
[rosout][INFO] 2021-09-18 15:09:55,806: using_ings: [set(['olive_oil', 'lemon_juice', 'salt', 'scallion']), {}]
[rosout][INFO] 2021-09-18 15:09:55,806: using_objects: {'plate': 'plate', 'lemon_juice': 'lemon_juice', 'salt_bottle': 'salt_bottle', 'olive_oil': 'olive_oil', 'near_cutting_board': 'near_cutting_board', 'pot': 'pot', 'bowl': 'bowl', 'lemon_juice_bottle': 'lemon_juice_bottle', 'scallion': 'scallion', 'cutting_board': 'cutting_board', 'spatula': 'spatula', 'olive_oil_bottle': 'olive_oil_bottle', 'spreader': 'spreader', 'scooper': 'scooper', 'table': 'table', 'salt': 'salt', 'stove': 'stove', 'pan': 'pan', 'knife': 'knife'}
[rosout][INFO] 2021-09-18 15:09:55,807: goal: {'parsley_is_in': 'bowl', 'exist_avocado': True, 'olive_oil_is_in': 'bowl', 'exist_shrimp': True, 'shrimp_is_in': 'bowl', 'exist_lemon_juice': True, 'exist_green': True, 'chopped_parsley': True, 'chopped_scallion': True, 'exist_parsley': True, 'exist_chili_pepper': True, 'exist_peanut': True, 'lemon_juice_is_in': 'bowl', 'exist_olive_oil': True, 'exist_scallion': True, 'exist_salt': True, 'chopped_shrimp': True}
[rosout][INFO] 2021-09-18 15:09:55,807: goal_diff: {'chopped_scallion': True}
[rosout][INFO] 2021-09-18 15:09:55,808: current: None
[rosout][INFO] 2021-09-18 15:09:55,809: initial: {'avocado_is_on': 'table', 'cooked_lemon_juice': False, 'spatula_is_on': 'table', 'spread_on_lemon_juice': 'None', 'chopped_shrimp': True, 'exist_green': True, 'spread_on_green': 'None', 'salad_is_on': 'table', 'chopped_chili_pepper': False, 'lemon_juice_bottle_is_on': 'table', 'spread_on_parsley': 'None', 'spread_on_peanut': 'None', 'cooked_peanut': False, 'knife_is_in': 'None', 'chopped_scallion': False, 'cooked_parsley': False, 'exist_chili_pepper': True, 'parsley_is_in': 'bowl', 'spread_on_avocado': 'None', 'salt_is_on': 'table', 'cooked_salad': False, 'pot_is_on': 'table', 'chopped_parsley': True, 'spread_on_olive_oil': 'None', 'shrimp_is_in': 'bowl', 'chopped_peanut': False, 'exist_scallion': True, 'cooked_shrimp': False, 'cooked_green': False, 'green_is_in': 'None', 'exist_avocado': True, 'lemon_juice_is_on': 'table', 'spread_on_chili_pepper': 'None', 'scallion_is_in': 'None', 'spreader_is_on': 'table', 'salt_bottle_is_on': 'table', 'cooked_chili_pepper': False, 'exist_lemon_juice': True, 'chopped_salt': False, 'peanut_is_on': 'table', 'salad_is_in': 'None', 'bowl_is_on': 'near_cutting_board', 'olive_oil_is_in': 'bowl', 'exist_olive_oil': True, 'exist_salt': True, 'spread_on_salad': 'None', 'spread_on_shrimp': 'None', 'shrimp_is_on': 'None', 'exist_salad': False, 'chopped_olive_oil': False, 'knife_is_on': 'None', 'spread_on_salt': 'None', 'holding': 'knife', 'chili_pepper_is_on': 'table', 'avocado_is_in': 'None', 'chopped_avocado': False, 'spread_on_scallion': 'None', 'lemon_juice_bottle_is_in': 'None', 'salt_is_in': 'None', 'olive_oil_bottle_is_on': 'table', 'cooked_salt': False, 'parsley_is_on': 'None', 'exist_peanut': True, 'chopped_salad': False, 'chopped_lemon_juice': False, 'lemon_juice_is_in': 'bowl', 'chili_pepper_is_in': 'None', 'cooked_olive_oil': False, 'peanut_is_in': 'None', 'bowl_is_in': 'None', 'plate_is_on': 'table', 'scallion_is_on': 'table', 'exist_shrimp': True, 'olive_oil_bottle_is_in': 'None', 'chopped_green': False, 'cooked_avocado': False, 'pan_is_on': 'table', 'olive_oil_is_on': 'table', 'exist_parsley': True, 'green_is_on': 'table', 'scooper_is_on': 'table', 'cooked_scallion': False}
[rosout][INFO] 2021-09-18 15:09:56,890: ####### task plan info #######
[rosout][INFO] 2021-09-18 15:09:56,891: plan =  -> Place/knife/table/tool -> PickUp/scallion -> Place/scallion/cutting_board/ingredient -> PickUp/knife -> Chop/scallion/knife
[rosout][INFO] 2021-09-18 15:09:56,891: length = 5
[rosout][INFO] 2021-09-18 15:09:56,892: num_of_expand = 1518
[rosout][INFO] 2021-09-18 15:09:56,892: time = 1.07995820045
[rosout][INFO] 2021-09-18 15:09:56,893: success = True
[rosout][INFO] 2021-09-18 15:09:56,894: ====================
[rosout][INFO] 2021-09-18 15:09:56,894: [task=8]
[rosout][INFO] 2021-09-18 15:09:56,895: ####### generate problem #######
[rosout][INFO] 2021-09-18 15:09:56,895: using_ings: [set(['olive_oil', 'lemon_juice', 'salt', 'scallion']), {}]
[rosout][INFO] 2021-09-18 15:09:56,896: using_objects: {'plate': 'plate', 'lemon_juice': 'lemon_juice', 'salt_bottle': 'salt_bottle', 'olive_oil': 'olive_oil', 'near_cutting_board': 'near_cutting_board', 'pot': 'pot', 'bowl': 'bowl', 'lemon_juice_bottle': 'lemon_juice_bottle', 'scallion': 'scallion', 'cutting_board': 'cutting_board', 'spatula': 'spatula', 'olive_oil_bottle': 'olive_oil_bottle', 'spreader': 'spreader', 'scooper': 'scooper', 'table': 'table', 'salt': 'salt', 'stove': 'stove', 'pan': 'pan', 'knife': 'knife'}
[rosout][INFO] 2021-09-18 15:09:56,896: goal: {'parsley_is_in': 'bowl', 'exist_avocado': True, 'olive_oil_is_in': 'bowl', 'scallion_is_in': 'bowl', 'exist_shrimp': True, 'shrimp_is_in': 'bowl', 'exist_lemon_juice': True, 'exist_green': True, 'chopped_parsley': True, 'chopped_scallion': True, 'exist_parsley': True, 'exist_chili_pepper': True, 'exist_peanut': True, 'lemon_juice_is_in': 'bowl', 'exist_olive_oil': True, 'exist_scallion': True, 'exist_salt': True, 'chopped_shrimp': True}
[rosout][INFO] 2021-09-18 15:09:56,897: goal_diff: {'scallion_is_in': 'bowl'}
[rosout][INFO] 2021-09-18 15:09:56,898: current: None
[rosout][INFO] 2021-09-18 15:09:56,899: initial: {'avocado_is_on': 'table', 'cooked_lemon_juice': False, 'spatula_is_on': 'table', 'spread_on_lemon_juice': 'None', 'chopped_shrimp': True, 'exist_green': True, 'spread_on_green': 'None', 'salad_is_on': 'table', 'chopped_chili_pepper': False, 'lemon_juice_bottle_is_on': 'table', 'spread_on_parsley': 'None', 'spread_on_peanut': 'None', 'cooked_peanut': False, 'knife_is_in': 'None', 'chopped_scallion': True, 'cooked_parsley': False, 'exist_chili_pepper': True, 'parsley_is_in': 'bowl', 'spread_on_avocado': 'None', 'salt_is_on': 'table', 'cooked_salad': False, 'pot_is_on': 'table', 'chopped_parsley': True, 'spread_on_olive_oil': 'None', 'shrimp_is_in': 'bowl', 'chopped_peanut': False, 'exist_scallion': True, 'cooked_shrimp': False, 'cooked_green': False, 'green_is_in': 'None', 'exist_avocado': True, 'lemon_juice_is_on': 'table', 'spread_on_chili_pepper': 'None', 'scallion_is_in': 'None', 'spreader_is_on': 'table', 'salt_bottle_is_on': 'table', 'cooked_chili_pepper': False, 'exist_lemon_juice': True, 'chopped_salt': False, 'peanut_is_on': 'table', 'salad_is_in': 'None', 'bowl_is_on': 'near_cutting_board', 'olive_oil_is_in': 'bowl', 'exist_olive_oil': True, 'exist_salt': True, 'spread_on_salad': 'None', 'spread_on_shrimp': 'None', 'shrimp_is_on': 'None', 'exist_salad': False, 'chopped_olive_oil': False, 'knife_is_on': 'None', 'spread_on_salt': 'None', 'holding': 'knife', 'chili_pepper_is_on': 'table', 'avocado_is_in': 'None', 'chopped_avocado': False, 'spread_on_scallion': 'None', 'lemon_juice_bottle_is_in': 'None', 'salt_is_in': 'None', 'olive_oil_bottle_is_on': 'table', 'cooked_salt': False, 'parsley_is_on': 'None', 'exist_peanut': True, 'chopped_salad': False, 'chopped_lemon_juice': False, 'lemon_juice_is_in': 'bowl', 'chili_pepper_is_in': 'None', 'cooked_olive_oil': False, 'peanut_is_in': 'None', 'bowl_is_in': 'None', 'plate_is_on': 'table', 'scallion_is_on': 'cutting_board', 'exist_shrimp': True, 'olive_oil_bottle_is_in': 'None', 'chopped_green': False, 'cooked_avocado': False, 'pan_is_on': 'table', 'olive_oil_is_on': 'table', 'exist_parsley': True, 'green_is_on': 'table', 'scooper_is_on': 'table', 'cooked_scallion': False}
[rosout][INFO] 2021-09-18 15:09:56,919: ####### task plan info #######
[rosout][INFO] 2021-09-18 15:09:56,920: plan =  -> Scrape/chopped_scallion/bowl/knife
[rosout][INFO] 2021-09-18 15:09:56,921: length = 1
[rosout][INFO] 2021-09-18 15:09:56,922: num_of_expand = 3
[rosout][INFO] 2021-09-18 15:09:56,922: time = 0.0017261505127
[rosout][INFO] 2021-09-18 15:09:56,923: success = True
[rosout][INFO] 2021-09-18 15:09:56,923: ====================
[rosout][INFO] 2021-09-18 15:09:56,924: [task=9]
[rosout][INFO] 2021-09-18 15:09:56,925: ####### generate problem #######
[rosout][INFO] 2021-09-18 15:09:56,925: using_ings: [set(['olive_oil', 'lemon_juice', 'avocado', 'salt']), {}]
[rosout][INFO] 2021-09-18 15:09:56,926: using_objects: {'plate': 'plate', 'lemon_juice': 'lemon_juice', 'salt_bottle': 'salt_bottle', 'olive_oil': 'olive_oil', 'near_cutting_board': 'near_cutting_board', 'avocado': 'avocado', 'pot': 'pot', 'bowl': 'bowl', 'lemon_juice_bottle': 'lemon_juice_bottle', 'cutting_board': 'cutting_board', 'spatula': 'spatula', 'olive_oil_bottle': 'olive_oil_bottle', 'spreader': 'spreader', 'scooper': 'scooper', 'table': 'table', 'salt': 'salt', 'stove': 'stove', 'pan': 'pan', 'knife': 'knife'}
[rosout][INFO] 2021-09-18 15:09:56,926: goal: {'parsley_is_in': 'bowl', 'exist_avocado': True, 'olive_oil_is_in': 'bowl', 'scallion_is_in': 'bowl', 'exist_shrimp': True, 'shrimp_is_in': 'bowl', 'exist_lemon_juice': True, 'exist_green': True, 'chopped_parsley': True, 'chopped_scallion': True, 'exist_parsley': True, 'exist_chili_pepper': True, 'exist_salt': True, 'exist_peanut': True, 'lemon_juice_is_in': 'bowl', 'exist_olive_oil': True, 'exist_scallion': True, 'chopped_avocado': True, 'chopped_shrimp': True}
[rosout][INFO] 2021-09-18 15:09:56,927: goal_diff: {'chopped_avocado': True}
[rosout][INFO] 2021-09-18 15:09:56,927: current: None
[rosout][INFO] 2021-09-18 15:09:56,928: initial: {'avocado_is_on': 'table', 'cooked_lemon_juice': False, 'spatula_is_on': 'table', 'spread_on_lemon_juice': 'None', 'chopped_shrimp': True, 'exist_green': True, 'spread_on_green': 'None', 'salad_is_on': 'table', 'chopped_chili_pepper': False, 'lemon_juice_bottle_is_on': 'table', 'spread_on_parsley': 'None', 'spread_on_peanut': 'None', 'cooked_peanut': False, 'knife_is_in': 'None', 'chopped_scallion': True, 'cooked_parsley': False, 'exist_chili_pepper': True, 'parsley_is_in': 'bowl', 'spread_on_avocado': 'None', 'salt_is_on': 'table', 'cooked_salad': False, 'pot_is_on': 'table', 'chopped_parsley': True, 'spread_on_olive_oil': 'None', 'shrimp_is_in': 'bowl', 'chopped_peanut': False, 'exist_scallion': True, 'cooked_shrimp': False, 'cooked_green': False, 'green_is_in': 'None', 'exist_avocado': True, 'lemon_juice_is_on': 'table', 'spread_on_chili_pepper': 'None', 'scallion_is_in': 'bowl', 'spreader_is_on': 'table', 'salt_bottle_is_on': 'table', 'cooked_chili_pepper': False, 'exist_lemon_juice': True, 'chopped_salt': False, 'peanut_is_on': 'table', 'salad_is_in': 'None', 'bowl_is_on': 'near_cutting_board', 'olive_oil_is_in': 'bowl', 'exist_olive_oil': True, 'exist_salt': True, 'spread_on_salad': 'None', 'spread_on_shrimp': 'None', 'shrimp_is_on': 'None', 'exist_salad': False, 'chopped_olive_oil': False, 'knife_is_on': 'None', 'spread_on_salt': 'None', 'holding': 'knife', 'chili_pepper_is_on': 'table', 'avocado_is_in': 'None', 'chopped_avocado': False, 'spread_on_scallion': 'None', 'lemon_juice_bottle_is_in': 'None', 'salt_is_in': 'None', 'olive_oil_bottle_is_on': 'table', 'cooked_salt': False, 'parsley_is_on': 'None', 'exist_peanut': True, 'chopped_salad': False, 'chopped_lemon_juice': False, 'lemon_juice_is_in': 'bowl', 'chili_pepper_is_in': 'None', 'cooked_olive_oil': False, 'peanut_is_in': 'None', 'bowl_is_in': 'None', 'plate_is_on': 'table', 'scallion_is_on': 'None', 'exist_shrimp': True, 'olive_oil_bottle_is_in': 'None', 'chopped_green': False, 'cooked_avocado': False, 'pan_is_on': 'table', 'olive_oil_is_on': 'table', 'exist_parsley': True, 'green_is_on': 'table', 'scooper_is_on': 'table', 'cooked_scallion': False}
[rosout][INFO] 2021-09-18 15:09:57,804: ####### task plan info #######
[rosout][INFO] 2021-09-18 15:09:57,805: plan =  -> Place/knife/table/tool -> PickUp/avocado -> Place/avocado/cutting_board/ingredient -> PickUp/knife -> Chop/avocado/knife
[rosout][INFO] 2021-09-18 15:09:57,806: length = 5
[rosout][INFO] 2021-09-18 15:09:57,807: num_of_expand = 1237
[rosout][INFO] 2021-09-18 15:09:57,808: time = 0.874667882919
[rosout][INFO] 2021-09-18 15:09:57,809: success = True
[rosout][INFO] 2021-09-18 15:09:57,810: ====================
[rosout][INFO] 2021-09-18 15:09:57,811: [task=10]
[rosout][INFO] 2021-09-18 15:09:57,812: ####### generate problem #######
[rosout][INFO] 2021-09-18 15:09:57,813: using_ings: [set(['olive_oil', 'lemon_juice', 'avocado', 'salt']), {}]
[rosout][INFO] 2021-09-18 15:09:57,814: using_objects: {'plate': 'plate', 'lemon_juice': 'lemon_juice', 'salt_bottle': 'salt_bottle', 'olive_oil': 'olive_oil', 'near_cutting_board': 'near_cutting_board', 'avocado': 'avocado', 'pot': 'pot', 'bowl': 'bowl', 'lemon_juice_bottle': 'lemon_juice_bottle', 'cutting_board': 'cutting_board', 'spatula': 'spatula', 'olive_oil_bottle': 'olive_oil_bottle', 'spreader': 'spreader', 'scooper': 'scooper', 'table': 'table', 'salt': 'salt', 'stove': 'stove', 'pan': 'pan', 'knife': 'knife'}
[rosout][INFO] 2021-09-18 15:09:57,814: goal: {'parsley_is_in': 'bowl', 'exist_avocado': True, 'olive_oil_is_in': 'bowl', 'scallion_is_in': 'bowl', 'exist_scallion': True, 'exist_shrimp': True, 'shrimp_is_in': 'bowl', 'exist_lemon_juice': True, 'exist_green': True, 'chopped_parsley': True, 'chopped_scallion': True, 'exist_parsley': True, 'exist_chili_pepper': True, 'exist_salt': True, 'exist_peanut': True, 'lemon_juice_is_in': 'bowl', 'exist_olive_oil': True, 'avocado_is_in': 'bowl', 'chopped_avocado': True, 'chopped_shrimp': True}
[rosout][INFO] 2021-09-18 15:09:57,815: goal_diff: {'avocado_is_in': 'bowl'}
[rosout][INFO] 2021-09-18 15:09:57,816: current: None
[rosout][INFO] 2021-09-18 15:09:57,817: initial: {'avocado_is_on': 'cutting_board', 'cooked_lemon_juice': False, 'spatula_is_on': 'table', 'spread_on_lemon_juice': 'None', 'chopped_shrimp': True, 'exist_green': True, 'spread_on_green': 'None', 'salad_is_on': 'table', 'chopped_chili_pepper': False, 'lemon_juice_bottle_is_on': 'table', 'spread_on_parsley': 'None', 'spread_on_peanut': 'None', 'cooked_peanut': False, 'knife_is_in': 'None', 'chopped_scallion': True, 'cooked_parsley': False, 'exist_chili_pepper': True, 'parsley_is_in': 'bowl', 'spread_on_avocado': 'None', 'salt_is_on': 'table', 'cooked_salad': False, 'pot_is_on': 'table', 'chopped_parsley': True, 'spread_on_olive_oil': 'None', 'shrimp_is_in': 'bowl', 'chopped_peanut': False, 'exist_scallion': True, 'cooked_shrimp': False, 'cooked_green': False, 'green_is_in': 'None', 'exist_avocado': True, 'lemon_juice_is_on': 'table', 'spread_on_chili_pepper': 'None', 'scallion_is_in': 'bowl', 'spreader_is_on': 'table', 'salt_bottle_is_on': 'table', 'cooked_chili_pepper': False, 'exist_lemon_juice': True, 'chopped_salt': False, 'peanut_is_on': 'table', 'salad_is_in': 'None', 'bowl_is_on': 'near_cutting_board', 'olive_oil_is_in': 'bowl', 'exist_olive_oil': True, 'exist_salt': True, 'spread_on_salad': 'None', 'spread_on_shrimp': 'None', 'shrimp_is_on': 'None', 'exist_salad': False, 'chopped_olive_oil': False, 'knife_is_on': 'None', 'spread_on_salt': 'None', 'holding': 'knife', 'chili_pepper_is_on': 'table', 'avocado_is_in': 'None', 'chopped_avocado': True, 'spread_on_scallion': 'None', 'lemon_juice_bottle_is_in': 'None', 'salt_is_in': 'None', 'olive_oil_bottle_is_on': 'table', 'cooked_salt': False, 'parsley_is_on': 'None', 'exist_peanut': True, 'chopped_salad': False, 'chopped_lemon_juice': False, 'lemon_juice_is_in': 'bowl', 'chili_pepper_is_in': 'None', 'cooked_olive_oil': False, 'peanut_is_in': 'None', 'bowl_is_in': 'None', 'plate_is_on': 'table', 'scallion_is_on': 'None', 'exist_shrimp': True, 'olive_oil_bottle_is_in': 'None', 'chopped_green': False, 'cooked_avocado': False, 'pan_is_on': 'table', 'olive_oil_is_on': 'table', 'exist_parsley': True, 'green_is_on': 'table', 'scooper_is_on': 'table', 'cooked_scallion': False}
[rosout][INFO] 2021-09-18 15:09:57,841: ####### task plan info #######
[rosout][INFO] 2021-09-18 15:09:57,842: plan =  -> Scrape/chopped_avocado/bowl/knife
[rosout][INFO] 2021-09-18 15:09:57,843: length = 1
[rosout][INFO] 2021-09-18 15:09:57,844: num_of_expand = 3
[rosout][INFO] 2021-09-18 15:09:57,845: time = 0.00151300430298
[rosout][INFO] 2021-09-18 15:09:57,845: success = True
[rosout][INFO] 2021-09-18 15:09:57,846: ====================
[rosout][INFO] 2021-09-18 15:09:57,847: [task=11]
[rosout][INFO] 2021-09-18 15:09:57,847: ####### generate problem #######
[rosout][INFO] 2021-09-18 15:09:57,848: using_ings: [set(['olive_oil', 'lemon_juice', 'peanut', 'green', 'salt']), {}]
[rosout][INFO] 2021-09-18 15:09:57,848: using_objects: {'lemon_juice_bottle': 'lemon_juice_bottle', 'plate': 'plate', 'lemon_juice': 'lemon_juice', 'salt_bottle': 'salt_bottle', 'olive_oil': 'olive_oil', 'near_cutting_board': 'near_cutting_board', 'peanut': 'peanut', 'pot': 'pot', 'bowl': 'bowl', 'green': 'green', 'cutting_board': 'cutting_board', 'spatula': 'spatula', 'olive_oil_bottle': 'olive_oil_bottle', 'spreader': 'spreader', 'scooper': 'scooper', 'table': 'table', 'salt': 'salt', 'stove': 'stove', 'pan': 'pan', 'knife': 'knife'}
[rosout][INFO] 2021-09-18 15:09:57,849: goal: {'parsley_is_in': 'bowl', 'olive_oil_is_in': 'bowl', 'exist_lemon_juice': True, 'exist_green': True, 'chopped_parsley': True, 'shrimp_is_in': 'bowl', 'exist_peanut': True, 'lemon_juice_is_in': 'bowl', 'exist_olive_oil': True, 'exist_scallion': True, 'exist_salt': True, 'chopped_shrimp': True, 'peanut_is_in': 'bowl', 'exist_avocado': True, 'chopped_scallion': True, 'chopped_green': True, 'exist_shrimp': True, 'exist_parsley': True, 'exist_chili_pepper': True, 'scallion_is_in': 'bowl', 'avocado_is_in': 'bowl', 'chopped_avocado': True}
[rosout][INFO] 2021-09-18 15:09:57,850: goal_diff: {'peanut_is_in': 'bowl', 'chopped_green': True}
[rosout][INFO] 2021-09-18 15:09:57,851: current: None
[rosout][INFO] 2021-09-18 15:09:57,852: initial: {'avocado_is_on': 'None', 'cooked_lemon_juice': False, 'spatula_is_on': 'table', 'spread_on_lemon_juice': 'None', 'chopped_shrimp': True, 'exist_green': True, 'spread_on_green': 'None', 'salad_is_on': 'table', 'chopped_chili_pepper': False, 'lemon_juice_bottle_is_on': 'table', 'spread_on_parsley': 'None', 'spread_on_peanut': 'None', 'cooked_peanut': False, 'knife_is_in': 'None', 'chopped_scallion': True, 'cooked_parsley': False, 'exist_chili_pepper': True, 'parsley_is_in': 'bowl', 'spread_on_avocado': 'None', 'salt_is_on': 'table', 'cooked_salad': False, 'pot_is_on': 'table', 'chopped_parsley': True, 'spread_on_olive_oil': 'None', 'shrimp_is_in': 'bowl', 'chopped_peanut': False, 'exist_scallion': True, 'cooked_shrimp': False, 'cooked_green': False, 'green_is_in': 'None', 'exist_avocado': True, 'lemon_juice_is_on': 'table', 'spread_on_chili_pepper': 'None', 'scallion_is_in': 'bowl', 'spreader_is_on': 'table', 'salt_bottle_is_on': 'table', 'cooked_chili_pepper': False, 'exist_lemon_juice': True, 'chopped_salt': False, 'peanut_is_on': 'table', 'salad_is_in': 'None', 'bowl_is_on': 'near_cutting_board', 'olive_oil_is_in': 'bowl', 'exist_olive_oil': True, 'exist_salt': True, 'spread_on_salad': 'None', 'spread_on_shrimp': 'None', 'shrimp_is_on': 'None', 'exist_salad': False, 'chopped_olive_oil': False, 'knife_is_on': 'None', 'spread_on_salt': 'None', 'holding': 'knife', 'chili_pepper_is_on': 'table', 'avocado_is_in': 'bowl', 'chopped_avocado': True, 'spread_on_scallion': 'None', 'lemon_juice_bottle_is_in': 'None', 'salt_is_in': 'None', 'olive_oil_bottle_is_on': 'table', 'cooked_salt': False, 'parsley_is_on': 'None', 'exist_peanut': True, 'chopped_salad': False, 'chopped_lemon_juice': False, 'lemon_juice_is_in': 'bowl', 'chili_pepper_is_in': 'None', 'cooked_olive_oil': False, 'peanut_is_in': 'None', 'bowl_is_in': 'None', 'plate_is_on': 'table', 'scallion_is_on': 'None', 'exist_shrimp': True, 'olive_oil_bottle_is_in': 'None', 'chopped_green': False, 'cooked_avocado': False, 'pan_is_on': 'table', 'olive_oil_is_on': 'table', 'exist_parsley': True, 'green_is_on': 'table', 'scooper_is_on': 'table', 'cooked_scallion': False}
[rospy.core][INFO] 2021-09-18 15:09:58,874: signal_shutdown [signal-2]
[rospy.internal][INFO] 2021-09-18 15:09:58,876: topic[/rosout] removing connection to /rosout
[rospy.impl.masterslave][INFO] 2021-09-18 15:09:58,877: signal-2
[rospy.core][INFO] 2021-09-18 15:10:01,122: signal_shutdown [atexit]
