[rospy.client][INFO] 2021-09-07 08:31:26,898: init_node, name[/joint_state_publisher], pid[25297]
[xmlrpc][INFO] 2021-09-07 08:31:26,898: XML-RPC server binding to 0.0.0.0:0
[rospy.init][INFO] 2021-09-07 08:31:26,899: ROS Slave URI: [http://wng:35021/]
[xmlrpc][INFO] 2021-09-07 08:31:26,898: Started XML-RPC server [http://wng:35021/]
[rospy.impl.masterslave][INFO] 2021-09-07 08:31:26,899: _ready: http://wng:35021/
[xmlrpc][INFO] 2021-09-07 08:31:26,899: xml rpc node: starting XML-RPC server
[rospy.registration][INFO] 2021-09-07 08:31:26,899: Registering with master node http://localhost:11311
[rospy.init][INFO] 2021-09-07 08:31:26,999: registered with master
[rospy.rosout][INFO] 2021-09-07 08:31:26,999: initializing /rosout core topic
[rospy.rosout][INFO] 2021-09-07 08:31:27,001: connected to core topic /rosout
[rospy.simtime][INFO] 2021-09-07 08:31:27,002: /use_sim_time is not set, will not subscribe to simulated time [/clock] topic
[rospy.internal][INFO] 2021-09-07 08:31:27,064: topic[/move_group/fake_controller_joint_states] adding connection to [http://wng:46383/], count 0
[rospy.internal][INFO] 2021-09-07 08:31:27,297: topic[/rosout] adding connection to [/rosout], count 0
[rospy.internal][INFO] 2021-09-07 08:31:27,298: topic[/joint_states] adding connection to [/joint_state_desired_publisher], count 0
[rospy.internal][INFO] 2021-09-07 08:31:27,397: topic[/joint_states] adding connection to [/robot_state_publisher], count 1
[rospy.internal][INFO] 2021-09-07 08:33:14,829: topic[/joint_states] adding connection to [/move_group_commander_wrappers_1630971093491367553], count 2
[rospy.internal][INFO] 2021-09-07 09:07:59,116: topic[/joint_states] removing connection to /move_group_commander_wrappers_1630971093491367553
[rospy.core][INFO] 2021-09-07 09:10:03,527: signal_shutdown [signal-2]
[rospy.internal][INFO] 2021-09-07 09:10:03,529: topic[/joint_states] removing connection to /joint_state_desired_publisher
[rospy.internal][INFO] 2021-09-07 09:10:03,537: topic[/joint_states] removing connection to /robot_state_publisher
[rospy.internal][INFO] 2021-09-07 09:10:03,541: topic[/rosout] removing connection to /rosout
[rospy.internal][INFO] 2021-09-07 09:10:03,541: topic[/move_group/fake_controller_joint_states] removing connection to http://wng:46383/
[rospy.internal][WARNING] 2021-09-07 09:10:03,542: Unknown error initiating TCP/IP socket to wng:44707 (http://wng:46383/): Traceback (most recent call last):
  File "/opt/ros/melodic/lib/python2.7/dist-packages/rospy/impl/tcpros_base.py", line 562, in connect
    self.read_header()
  File "/opt/ros/melodic/lib/python2.7/dist-packages/rospy/impl/tcpros_base.py", line 657, in read_header
    self._validate_header(read_ros_handshake_header(sock, self.read_buff, self.protocol.buff_size))
AttributeError: 'NoneType' object has no attribute 'buff_size'

[rospy.topics][ERROR] 2021-09-07 09:10:03,542: Traceback (most recent call last):
  File "/opt/ros/melodic/lib/python2.7/dist-packages/rospy/topics.py", line 326, in close
    c.close()
  File "/opt/ros/melodic/lib/python2.7/dist-packages/rospy/impl/tcpros_base.py", line 846, in close
    self.socket.close()
AttributeError: 'NoneType' object has no attribute 'close'

[rospy.impl.masterslave][INFO] 2021-09-07 09:10:03,542: signal-2
[rospy.core][INFO] 2021-09-07 09:10:03,643: signal_shutdown [atexit]
