[rospy.client][INFO] 2021-09-18 20:07:36,446: init_node, name[/joint_state_publisher], pid[24202]
[xmlrpc][INFO] 2021-09-18 20:07:36,446: XML-RPC server binding to 0.0.0.0:0
[xmlrpc][INFO] 2021-09-18 20:07:36,446: Started XML-RPC server [http://wng:38289/]
[rospy.init][INFO] 2021-09-18 20:07:36,446: ROS Slave URI: [http://wng:38289/]
[rospy.impl.masterslave][INFO] 2021-09-18 20:07:36,446: _ready: http://wng:38289/
[xmlrpc][INFO] 2021-09-18 20:07:36,447: xml rpc node: starting XML-RPC server
[rospy.registration][INFO] 2021-09-18 20:07:36,447: Registering with master node http://localhost:11311
[rospy.init][INFO] 2021-09-18 20:07:36,546: registered with master
[rospy.rosout][INFO] 2021-09-18 20:07:36,547: initializing /rosout core topic
[rospy.rosout][INFO] 2021-09-18 20:07:36,549: connected to core topic /rosout
[rospy.simtime][INFO] 2021-09-18 20:07:36,549: /use_sim_time is not set, will not subscribe to simulated time [/clock] topic
[rospy.internal][INFO] 2021-09-18 20:07:36,611: topic[/move_group/fake_controller_joint_states] adding connection to [http://wng:39841/], count 0
[rospy.internal][INFO] 2021-09-18 20:07:36,654: topic[/rosout] adding connection to [/rosout], count 0
[rospy.internal][INFO] 2021-09-18 20:07:36,855: topic[/joint_states] adding connection to [/joint_state_desired_publisher], count 0
[rospy.internal][INFO] 2021-09-18 20:07:36,855: topic[/joint_states] adding connection to [/robot_state_publisher], count 1
[rospy.internal][INFO] 2021-09-18 20:08:14,653: topic[/joint_states] adding connection to [/move_group_commander_wrappers_1631963267659316435], count 2
[rospy.internal][INFO] 2021-09-18 20:26:22,064: topic[/joint_states] removing connection to /move_group_commander_wrappers_1631963267659316435
[rospy.core][INFO] 2021-09-18 20:29:29,116: signal_shutdown [signal-2]
[rospy.internal][INFO] 2021-09-18 20:29:29,121: topic[/joint_states] removing connection to /joint_state_desired_publisher
[rospy.internal][INFO] 2021-09-18 20:29:29,121: topic[/joint_states] removing connection to /robot_state_publisher
[rospy.internal][INFO] 2021-09-18 20:29:29,121: topic[/rosout] removing connection to /rosout
[rospy.internal][INFO] 2021-09-18 20:29:29,121: topic[/move_group/fake_controller_joint_states] removing connection to http://wng:39841/
[rospy.impl.masterslave][INFO] 2021-09-18 20:29:29,121: signal-2
[rospy.core][INFO] 2021-09-18 20:29:29,741: signal_shutdown [atexit]
