[rospy.client][INFO] 2021-09-18 20:07:36,959: init_node, name[/server_endpoint], pid[24200]
[xmlrpc][INFO] 2021-09-18 20:07:36,959: XML-RPC server binding to 0.0.0.0:0
[xmlrpc][INFO] 2021-09-18 20:07:36,959: Started XML-RPC server [http://wng:40587/]
[rospy.init][INFO] 2021-09-18 20:07:36,959: ROS Slave URI: [http://wng:40587/]
[rospy.impl.masterslave][INFO] 2021-09-18 20:07:36,960: _ready: http://wng:40587/
[rospy.registration][INFO] 2021-09-18 20:07:36,960: Registering with master node http://localhost:11311
[xmlrpc][INFO] 2021-09-18 20:07:36,960: xml rpc node: starting XML-RPC server
[rospy.init][INFO] 2021-09-18 20:07:37,060: registered with master
[rospy.rosout][INFO] 2021-09-18 20:07:37,060: initializing /rosout core topic
[rospy.rosout][INFO] 2021-09-18 20:07:37,063: connected to core topic /rosout
[rospy.simtime][INFO] 2021-09-18 20:07:37,065: /use_sim_time is not set, will not subscribe to simulated time [/clock] topic
[rosout][INFO] 2021-09-18 20:07:37,080: Starting server on 192.168.1.146:10000
[rospy.internal][INFO] 2021-09-18 20:07:37,358: topic[/rosout] adding connection to [/rosout], count 0
[rosout][INFO] 2021-09-18 20:07:56,934: Connection from 192.168.1.146
[rosout][INFO] 2021-09-18 20:07:56,938: RegisterPublisher(execution_check, <class 'panda_move.msg._ExecutionCheck.ExecutionCheck'>) OK
[rospy.internal][INFO] 2021-09-18 20:07:56,998: topic[/execution_check] adding connection to [http://wng:40587/], count 0
[rospy.internal][INFO] 2021-09-18 20:07:56,999: topic[/execution_check] adding connection to [/server_endpoint], count 0
[rospy.core][INFO] 2021-09-18 20:29:29,116: signal_shutdown [signal-2]
[rospy.internal][INFO] 2021-09-18 20:29:29,120: topic[/execution_check] removing connection to /server_endpoint
[rospy.internal][INFO] 2021-09-18 20:29:29,121: topic[/rosout] removing connection to /rosout
[rospy.internal][INFO] 2021-09-18 20:29:29,121: topic[/execution_check] removing connection to http://wng:40587/
[rospy.impl.masterslave][INFO] 2021-09-18 20:29:29,121: signal-2
[rospy.internal][WARNING] 2021-09-18 20:29:29,122: Unknown error initiating TCP/IP socket to wng:34845 (http://wng:40587/): Traceback (most recent call last):
  File "/opt/ros/melodic/lib/python2.7/dist-packages/rospy/impl/tcpros_base.py", line 562, in connect
    self.read_header()
  File "/opt/ros/melodic/lib/python2.7/dist-packages/rospy/impl/tcpros_base.py", line 657, in read_header
    self._validate_header(read_ros_handshake_header(sock, self.read_buff, self.protocol.buff_size))
  File "/opt/ros/melodic/lib/python2.7/dist-packages/rosgraph/network.py", line 359, in read_ros_handshake_header
    raise ROSHandshakeException("connection from sender terminated before handshake header received. %s bytes were received. Please check sender for additional details."%b.tell())
ROSHandshakeException: connection from sender terminated before handshake header received. 0 bytes were received. Please check sender for additional details.

[rospy.core][INFO] 2021-09-18 20:29:29,237: signal_shutdown [atexit]
