[rospy.client][INFO] 2021-09-10 15:34:51,201: init_node, name[/joint_state_publisher], pid[4679]
[xmlrpc][INFO] 2021-09-10 15:34:51,201: XML-RPC server binding to 0.0.0.0:0
[xmlrpc][INFO] 2021-09-10 15:34:51,201: Started XML-RPC server [http://wng:33987/]
[rospy.init][INFO] 2021-09-10 15:34:51,201: ROS Slave URI: [http://wng:33987/]
[rospy.impl.masterslave][INFO] 2021-09-10 15:34:51,201: _ready: http://wng:33987/
[xmlrpc][INFO] 2021-09-10 15:34:51,202: xml rpc node: starting XML-RPC server
[rospy.registration][INFO] 2021-09-10 15:34:51,202: Registering with master node http://localhost:11311
[rospy.init][INFO] 2021-09-10 15:34:51,302: registered with master
[rospy.rosout][INFO] 2021-09-10 15:34:51,302: initializing /rosout core topic
[rospy.rosout][INFO] 2021-09-10 15:34:51,304: connected to core topic /rosout
[rospy.simtime][INFO] 2021-09-10 15:34:51,305: /use_sim_time is not set, will not subscribe to simulated time [/clock] topic
[rospy.internal][INFO] 2021-09-10 15:34:51,366: topic[/move_group/fake_controller_joint_states] adding connection to [http://wng:33979/], count 0
[rospy.internal][INFO] 2021-09-10 15:34:51,597: topic[/rosout] adding connection to [/rosout], count 0
[rospy.internal][INFO] 2021-09-10 15:34:51,598: topic[/joint_states] adding connection to [/joint_state_desired_publisher], count 0
[rospy.internal][INFO] 2021-09-10 15:34:51,697: topic[/joint_states] adding connection to [/robot_state_publisher], count 1
[rospy.core][INFO] 2021-09-10 15:35:12,289: signal_shutdown [signal-2]
[rospy.internal][INFO] 2021-09-10 15:35:12,292: topic[/joint_states] removing connection to /joint_state_desired_publisher
[rospy.internal][INFO] 2021-09-10 15:35:12,292: topic[/joint_states] removing connection to /robot_state_publisher
[rospy.internal][INFO] 2021-09-10 15:35:12,292: topic[/rosout] removing connection to /rosout
[rospy.internal][INFO] 2021-09-10 15:35:12,292: topic[/move_group/fake_controller_joint_states] removing connection to http://wng:33979/
[rospy.impl.masterslave][INFO] 2021-09-10 15:35:12,292: signal-2
[rospy.core][INFO] 2021-09-10 15:35:12,456: signal_shutdown [atexit]
