[rospy.client][INFO] 2021-09-10 15:34:57,623: init_node, name[/PandaMove], pid[4678]
[xmlrpc][INFO] 2021-09-10 15:34:57,623: XML-RPC server binding to 0.0.0.0:0
[xmlrpc][INFO] 2021-09-10 15:34:57,623: Started XML-RPC server [http://wng:46531/]
[rospy.init][INFO] 2021-09-10 15:34:57,623: ROS Slave URI: [http://wng:46531/]
[rospy.impl.masterslave][INFO] 2021-09-10 15:34:57,624: _ready: http://wng:46531/
[rospy.registration][INFO] 2021-09-10 15:34:57,624: Registering with master node http://localhost:11311
[xmlrpc][INFO] 2021-09-10 15:34:57,624: xml rpc node: starting XML-RPC server
[rospy.init][INFO] 2021-09-10 15:34:57,724: registered with master
[rospy.rosout][INFO] 2021-09-10 15:34:57,724: initializing /rosout core topic
[rospy.rosout][INFO] 2021-09-10 15:34:57,725: connected to core topic /rosout
[rospy.simtime][INFO] 2021-09-10 15:34:57,726: /use_sim_time is not set, will not subscribe to simulated time [/clock] topic
[rospy.internal][INFO] 2021-09-10 15:34:59,320: topic[/rosout] adding connection to [/rosout], count 0
[rospy.internal][INFO] 2021-09-10 15:34:59,342: topic[/collision_object] adding connection to [/move_group], count 0
[rospy.internal][INFO] 2021-09-10 15:34:59,352: topic[/attached_collision_object] adding connection to [/move_group], count 0
[rosout][INFO] 2021-09-10 15:34:59,353: wait for update_place_pose_state
[rospy.internal][INFO] 2021-09-10 15:34:59,418: topic[/tf_static] adding connection to [/rviz_wng_4643_6749221857050204261], count 0
[rospy.internal][INFO] 2021-09-10 15:34:59,419: topic[/tf_static] adding connection to [/move_group], count 1
[rospy.internal][INFO] 2021-09-10 15:34:59,434: topic[/tf_static] adding connection to [/move_group_commander_wrappers_1631255697597134367], count 2
[rospy.internal][INFO] 2021-09-10 15:34:59,619: topic[/action] adding connection to [/rviz_wng_4643_6749221857050204261], count 0
[rosout][INFO] 2021-09-10 15:35:00,055: pan
[rosout][INFO] 2021-09-10 15:35:00,064: wait for update_place_pose_state
[rosout][INFO] 2021-09-10 15:35:00,777: pot
[rosout][INFO] 2021-09-10 15:35:00,811: wait for update_place_pose_state
[rosout][INFO] 2021-09-10 15:35:01,519: plate
[rosout][INFO] 2021-09-10 15:35:01,527: wait for update_place_pose_state
[rosout][INFO] 2021-09-10 15:35:02,255: bowl
[rosout][INFO] 2021-09-10 15:35:02,276: wait for update_place_pose_state
[rosout][INFO] 2021-09-10 15:35:02,990: spatula
[rosout][INFO] 2021-09-10 15:35:02,996: wait for update_place_pose_state
[rosout][INFO] 2021-09-10 15:35:03,714: spreader
[rosout][INFO] 2021-09-10 15:35:03,725: wait for update_place_pose_state
[rosout][INFO] 2021-09-10 15:35:04,447: scooper
[rosout][INFO] 2021-09-10 15:35:04,453: wait for update_place_pose_state
[rosout][INFO] 2021-09-10 15:35:05,178: knife
[rosout][INFO] 2021-09-10 15:35:05,189: wait for update_place_pose_state
[rosout][INFO] 2021-09-10 15:35:05,914: cutting_board
[rosout][INFO] 2021-09-10 15:35:05,920: wait for update_place_pose_state
[rosout][INFO] 2021-09-10 15:35:06,644: tuna
[rosout][INFO] 2021-09-10 15:35:06,650: wait for update_place_pose_state
[rosout][INFO] 2021-09-10 15:35:07,377: onion
[rosout][INFO] 2021-09-10 15:35:07,385: wait for update_place_pose_state
[rosout][INFO] 2021-09-10 15:35:08,118: butter
[rosout][INFO] 2021-09-10 15:35:08,120: wait for update_place_pose_state
[rosout][INFO] 2021-09-10 15:35:08,855: lettuce
[rosout][INFO] 2021-09-10 15:35:08,860: wait for update_place_pose_state
[rosout][INFO] 2021-09-10 15:35:09,596: bread1
[rosout][INFO] 2021-09-10 15:35:09,600: wait for update_place_pose_state
[rosout][INFO] 2021-09-10 15:35:10,340: bread2
[rosout][INFO] 2021-09-10 15:35:10,345: wait for update_place_pose_state
[rosout][INFO] 2021-09-10 15:35:11,092: salt_bottle
[rosout][INFO] 2021-09-10 15:35:11,102: wait for update_place_pose_state
[rosout][INFO] 2021-09-10 15:35:11,845: sugar_bottle
[rosout][INFO] 2021-09-10 15:35:11,860: wait for update_place_pose_state
[rospy.core][INFO] 2021-09-10 15:35:12,289: signal_shutdown [signal-2]
[rospy.internal][INFO] 2021-09-10 15:35:12,293: topic[/collision_object] removing connection to /move_group
[rospy.internal][INFO] 2021-09-10 15:35:12,293: topic[/rosout] removing connection to /rosout
[rospy.internal][INFO] 2021-09-10 15:35:12,293: topic[/tf_static] removing connection to /rviz_wng_4643_6749221857050204261
[rospy.internal][INFO] 2021-09-10 15:35:12,293: topic[/tf_static] removing connection to /move_group
[rospy.internal][INFO] 2021-09-10 15:35:12,293: topic[/tf_static] removing connection to /move_group_commander_wrappers_1631255697597134367
[rospy.internal][INFO] 2021-09-10 15:35:12,293: topic[/attached_collision_object] removing connection to /move_group
[rospy.internal][INFO] 2021-09-10 15:35:12,293: topic[/action] removing connection to /rviz_wng_4643_6749221857050204261
[rospy.impl.masterslave][INFO] 2021-09-10 15:35:12,294: signal-2
[rosout][ERROR] 2021-09-10 15:35:12,502: cannot get object pose: pan
[rosout][ERROR] 2021-09-10 15:35:12,503: list index out of range
[rosout][ERROR] 2021-09-10 15:35:12,504: self.objects
[rospy.core][INFO] 2021-09-10 15:35:12,524: signal_shutdown [atexit]
