[rospy.client][INFO] 2021-09-24 12:09:40,959: init_node, name[/joint_state_publisher], pid[8541]
[xmlrpc][INFO] 2021-09-24 12:09:40,959: XML-RPC server binding to 0.0.0.0:0
[xmlrpc][INFO] 2021-09-24 12:09:40,960: Started XML-RPC server [http://wng:39405/]
[rospy.init][INFO] 2021-09-24 12:09:40,960: ROS Slave URI: [http://wng:39405/]
[rospy.impl.masterslave][INFO] 2021-09-24 12:09:40,960: _ready: http://wng:39405/
[xmlrpc][INFO] 2021-09-24 12:09:40,960: xml rpc node: starting XML-RPC server
[rospy.registration][INFO] 2021-09-24 12:09:40,960: Registering with master node http://localhost:11311
[rospy.init][INFO] 2021-09-24 12:09:41,060: registered with master
[rospy.rosout][INFO] 2021-09-24 12:09:41,060: initializing /rosout core topic
[rospy.rosout][INFO] 2021-09-24 12:09:41,062: connected to core topic /rosout
[rospy.simtime][INFO] 2021-09-24 12:09:41,063: /use_sim_time is not set, will not subscribe to simulated time [/clock] topic
[rospy.internal][INFO] 2021-09-24 12:09:41,125: topic[/move_group/fake_controller_joint_states] adding connection to [http://wng:33841/], count 0
[rospy.internal][INFO] 2021-09-24 12:09:41,346: topic[/rosout] adding connection to [/rosout], count 0
[rospy.internal][INFO] 2021-09-24 12:09:41,347: topic[/joint_states] adding connection to [/joint_state_desired_publisher], count 0
[rospy.internal][INFO] 2021-09-24 12:09:41,447: topic[/joint_states] adding connection to [/robot_state_publisher], count 1
[rospy.internal][INFO] 2021-09-24 12:10:10,075: topic[/joint_states] adding connection to [/move_group_commander_wrappers_1632452987043292468], count 2
[rospy.internal][INFO] 2021-09-24 12:33:41,877: topic[/joint_states] removing connection to /move_group_commander_wrappers_1632452987043292468
[rospy.core][INFO] 2021-09-24 12:34:18,635: signal_shutdown [signal-2]
[rospy.internal][INFO] 2021-09-24 12:34:18,638: topic[/joint_states] removing connection to /joint_state_desired_publisher
[rospy.internal][INFO] 2021-09-24 12:34:18,638: topic[/joint_states] removing connection to /robot_state_publisher
[rospy.internal][INFO] 2021-09-24 12:34:18,638: topic[/rosout] removing connection to /rosout
[rospy.internal][INFO] 2021-09-24 12:34:18,638: topic[/move_group/fake_controller_joint_states] removing connection to http://wng:33841/
[rospy.impl.masterslave][INFO] 2021-09-24 12:34:18,638: signal-2
[rospy.internal][WARNING] 2021-09-24 12:34:18,711: Unknown error initiating TCP/IP socket to wng:36321 (http://wng:33841/): Traceback (most recent call last):
  File "/opt/ros/melodic/lib/python2.7/dist-packages/rospy/impl/tcpros_base.py", line 562, in connect
    self.read_header()
  File "/opt/ros/melodic/lib/python2.7/dist-packages/rospy/impl/tcpros_base.py", line 657, in read_header
    self._validate_header(read_ros_handshake_header(sock, self.read_buff, self.protocol.buff_size))
  File "/opt/ros/melodic/lib/python2.7/dist-packages/rosgraph/network.py", line 357, in read_ros_handshake_header
    d = sock.recv(buff_size)
error: [Errno 104] Connection reset by peer

[rospy.core][INFO] 2021-09-24 12:34:18,770: signal_shutdown [atexit]
