[rospy.client][INFO] 2021-09-24 12:09:41,459: init_node, name[/server_endpoint], pid[8539]
[xmlrpc][INFO] 2021-09-24 12:09:41,460: XML-RPC server binding to 0.0.0.0:0
[xmlrpc][INFO] 2021-09-24 12:09:41,460: Started XML-RPC server [http://wng:35335/]
[rospy.init][INFO] 2021-09-24 12:09:41,460: ROS Slave URI: [http://wng:35335/]
[rospy.impl.masterslave][INFO] 2021-09-24 12:09:41,461: _ready: http://wng:35335/
[xmlrpc][INFO] 2021-09-24 12:09:41,461: xml rpc node: starting XML-RPC server
[rospy.registration][INFO] 2021-09-24 12:09:41,461: Registering with master node http://localhost:11311
[rospy.init][INFO] 2021-09-24 12:09:41,561: registered with master
[rospy.rosout][INFO] 2021-09-24 12:09:41,561: initializing /rosout core topic
[rospy.rosout][INFO] 2021-09-24 12:09:41,562: connected to core topic /rosout
[rospy.simtime][INFO] 2021-09-24 12:09:41,562: /use_sim_time is not set, will not subscribe to simulated time [/clock] topic
[rosout][INFO] 2021-09-24 12:09:41,577: Starting server on 192.168.1.146:10000
[rospy.internal][INFO] 2021-09-24 12:09:41,850: topic[/rosout] adding connection to [/rosout], count 0
[rosout][INFO] 2021-09-24 12:09:55,195: Connection from 192.168.1.146
[rosout][INFO] 2021-09-24 12:09:55,199: RegisterPublisher(execution_check, <class 'panda_move.msg._ExecutionCheck.ExecutionCheck'>) OK
[rospy.internal][INFO] 2021-09-24 12:09:55,248: topic[/execution_check] adding connection to [http://wng:35335/], count 0
[rospy.internal][INFO] 2021-09-24 12:09:55,249: topic[/execution_check] adding connection to [/server_endpoint], count 0
[rospy.core][INFO] 2021-09-24 12:34:18,642: signal_shutdown [signal-2]
[rospy.internal][INFO] 2021-09-24 12:34:18,646: topic[/execution_check] removing connection to /server_endpoint
[rospy.internal][INFO] 2021-09-24 12:34:18,646: topic[/rosout] removing connection to /rosout
[rospy.internal][INFO] 2021-09-24 12:34:18,647: topic[/execution_check] removing connection to http://wng:35335/
[rospy.impl.masterslave][INFO] 2021-09-24 12:34:18,647: signal-2
[rospy.internal][WARNING] 2021-09-24 12:34:18,647: Unknown error initiating TCP/IP socket to wng:34705 (http://wng:35335/): Traceback (most recent call last):
  File "/opt/ros/melodic/lib/python2.7/dist-packages/rospy/impl/tcpros_base.py", line 561, in connect
    self.write_header()
  File "/opt/ros/melodic/lib/python2.7/dist-packages/rospy/impl/tcpros_base.py", line 642, in write_header
    self.stat_bytes += write_ros_handshake_header(sock, protocol.get_header_fields())
  File "/opt/ros/melodic/lib/python2.7/dist-packages/rosgraph/network.py", line 417, in write_ros_handshake_header
    sock.sendall(s)
  File "/usr/lib/python2.7/socket.py", line 228, in meth
    return getattr(self._sock,name)(*args)
error: [Errno 32] Broken pipe

[rospy.core][INFO] 2021-09-24 12:34:18,811: signal_shutdown [atexit]
