[rospy.client][INFO] 2021-12-02 10:08:44,359: init_node, name[/joint_state_publisher], pid[17583]
[xmlrpc][INFO] 2021-12-02 10:08:44,360: XML-RPC server binding to 0.0.0.0:0
[xmlrpc][INFO] 2021-12-02 10:08:44,360: Started XML-RPC server [http://wng:35847/]
[rospy.init][INFO] 2021-12-02 10:08:44,360: ROS Slave URI: [http://wng:35847/]
[rospy.impl.masterslave][INFO] 2021-12-02 10:08:44,360: _ready: http://wng:35847/
[rospy.registration][INFO] 2021-12-02 10:08:44,361: Registering with master node http://localhost:11311
[xmlrpc][INFO] 2021-12-02 10:08:44,361: xml rpc node: starting XML-RPC server
[rospy.init][INFO] 2021-12-02 10:08:44,460: registered with master
[rospy.rosout][INFO] 2021-12-02 10:08:44,461: initializing /rosout core topic
[rospy.rosout][INFO] 2021-12-02 10:08:44,463: connected to core topic /rosout
[rospy.simtime][INFO] 2021-12-02 10:08:44,463: /use_sim_time is not set, will not subscribe to simulated time [/clock] topic
[rospy.internal][INFO] 2021-12-02 10:08:44,533: topic[/move_group/fake_controller_joint_states] adding connection to [http://wng:46803/], count 0
[rospy.internal][INFO] 2021-12-02 10:08:44,630: topic[/rosout] adding connection to [/rosout], count 0
[rospy.internal][INFO] 2021-12-02 10:08:44,731: topic[/joint_states] adding connection to [/robot_state_publisher], count 0
[rospy.internal][INFO] 2021-12-02 10:08:44,732: topic[/joint_states] adding connection to [/joint_state_desired_publisher], count 1
[rospy.internal][INFO] 2021-12-02 10:09:30,900: topic[/joint_states] adding connection to [/move_group_commander_wrappers_1638407340782585678], count 2
[rospy.internal][INFO] 2021-12-02 10:27:54,391: topic[/joint_states] removing connection to /move_group_commander_wrappers_1638407340782585678
[rospy.core][INFO] 2021-12-02 10:28:30,607: signal_shutdown [signal-2]
[rospy.internal][INFO] 2021-12-02 10:28:30,612: topic[/joint_states] removing connection to /robot_state_publisher
[rospy.internal][INFO] 2021-12-02 10:28:30,612: topic[/joint_states] removing connection to /joint_state_desired_publisher
[rospy.internal][INFO] 2021-12-02 10:28:30,613: topic[/rosout] removing connection to /rosout
[rospy.internal][INFO] 2021-12-02 10:28:30,613: topic[/move_group/fake_controller_joint_states] removing connection to http://wng:46803/
[rospy.impl.masterslave][INFO] 2021-12-02 10:28:30,613: signal-2
[rospy.core][INFO] 2021-12-02 10:28:30,729: signal_shutdown [atexit]
