[rospy.client][INFO] 2021-12-02 10:08:44,744: init_node, name[/server_endpoint], pid[17581]
[xmlrpc][INFO] 2021-12-02 10:08:44,744: XML-RPC server binding to 0.0.0.0:0
[xmlrpc][INFO] 2021-12-02 10:08:44,745: Started XML-RPC server [http://wng:44483/]
[rospy.init][INFO] 2021-12-02 10:08:44,745: ROS Slave URI: [http://wng:44483/]
[rospy.impl.masterslave][INFO] 2021-12-02 10:08:44,745: _ready: http://wng:44483/
[rospy.registration][INFO] 2021-12-02 10:08:44,745: Registering with master node http://localhost:11311
[xmlrpc][INFO] 2021-12-02 10:08:44,745: xml rpc node: starting XML-RPC server
[rospy.init][INFO] 2021-12-02 10:08:44,845: registered with master
[rospy.rosout][INFO] 2021-12-02 10:08:44,845: initializing /rosout core topic
[rospy.rosout][INFO] 2021-12-02 10:08:44,846: connected to core topic /rosout
[rospy.simtime][INFO] 2021-12-02 10:08:44,847: /use_sim_time is not set, will not subscribe to simulated time [/clock] topic
[rosout][INFO] 2021-12-02 10:08:44,852: Starting server on 192.168.0.8:10000
[rospy.internal][INFO] 2021-12-02 10:08:45,132: topic[/rosout] adding connection to [/rosout], count 0
[rosout][INFO] 2021-12-02 10:08:54,808: Connection from 192.168.0.8
[rosout][INFO] 2021-12-02 10:08:54,813: RegisterPublisher(execution_check, <class 'panda_move.msg._ExecutionCheck.ExecutionCheck'>) OK
[rospy.internal][INFO] 2021-12-02 10:08:54,864: topic[/execution_check] adding connection to [http://wng:44483/], count 0
[rospy.internal][INFO] 2021-12-02 10:08:54,866: topic[/execution_check] adding connection to [/server_endpoint], count 0
[rospy.core][INFO] 2021-12-02 10:28:30,607: signal_shutdown [signal-2]
[rospy.internal][INFO] 2021-12-02 10:28:30,612: topic[/execution_check] removing connection to /server_endpoint
[rospy.internal][INFO] 2021-12-02 10:28:30,613: topic[/rosout] removing connection to /rosout
[rospy.internal][ERROR] 2021-12-02 10:28:30,613: Unable to initiate TCP/IP socket to wng:33251 (http://wng:44483/): Traceback (most recent call last):
  File "/opt/ros/melodic/lib/python2.7/dist-packages/rospy/impl/tcpros_base.py", line 562, in connect
    self.read_header()
  File "/opt/ros/melodic/lib/python2.7/dist-packages/rospy/impl/tcpros_base.py", line 657, in read_header
    self._validate_header(read_ros_handshake_header(sock, self.read_buff, self.protocol.buff_size))
  File "/opt/ros/melodic/lib/python2.7/dist-packages/rospy/impl/tcpros_base.py", line 600, in _validate_header
    raise TransportInitError("remote error reported: %s"%header['error'])
TransportInitError: remote error reported: node shutting down

[rospy.internal][INFO] 2021-12-02 10:28:30,614: topic[/execution_check] removing connection to http://wng:44483/
[rospy.impl.masterslave][INFO] 2021-12-02 10:28:30,614: signal-2
[rospy.core][INFO] 2021-12-02 10:28:30,778: signal_shutdown [atexit]
