[rospy.client][INFO] 2021-11-26 14:26:46,670: init_node, name[/joint_state_publisher], pid[27407]
[xmlrpc][INFO] 2021-11-26 14:26:46,670: XML-RPC server binding to 0.0.0.0:0
[xmlrpc][INFO] 2021-11-26 14:26:46,670: Started XML-RPC server [http://wng:39529/]
[rospy.init][INFO] 2021-11-26 14:26:46,670: ROS Slave URI: [http://wng:39529/]
[rospy.impl.masterslave][INFO] 2021-11-26 14:26:46,670: _ready: http://wng:39529/
[rospy.registration][INFO] 2021-11-26 14:26:46,671: Registering with master node http://localhost:11311
[xmlrpc][INFO] 2021-11-26 14:26:46,671: xml rpc node: starting XML-RPC server
[rospy.init][INFO] 2021-11-26 14:26:46,770: registered with master
[rospy.rosout][INFO] 2021-11-26 14:26:46,771: initializing /rosout core topic
[rospy.rosout][INFO] 2021-11-26 14:26:46,772: connected to core topic /rosout
[rospy.simtime][INFO] 2021-11-26 14:26:46,772: /use_sim_time is not set, will not subscribe to simulated time [/clock] topic
[rospy.internal][INFO] 2021-11-26 14:26:46,835: topic[/move_group/fake_controller_joint_states] adding connection to [http://wng:35363/], count 0
[rospy.internal][INFO] 2021-11-26 14:26:47,060: topic[/rosout] adding connection to [/rosout], count 0
[rospy.internal][INFO] 2021-11-26 14:26:47,060: topic[/joint_states] adding connection to [/joint_state_desired_publisher], count 0
[rospy.internal][INFO] 2021-11-26 14:26:47,160: topic[/joint_states] adding connection to [/robot_state_publisher], count 1
[rospy.internal][INFO] 2021-11-26 14:29:29,898: topic[/joint_states] adding connection to [/move_group_commander_wrappers_1637904414110815144], count 2
[rospy.internal][INFO] 2021-11-26 15:03:13,488: topic[/joint_states] removing connection to /move_group_commander_wrappers_1637904414110815144
[rospy.core][INFO] 2021-11-26 15:10:59,503: signal_shutdown [signal-2]
[rospy.internal][INFO] 2021-11-26 15:10:59,506: topic[/joint_states] removing connection to /joint_state_desired_publisher
[rospy.internal][INFO] 2021-11-26 15:10:59,506: topic[/joint_states] removing connection to /robot_state_publisher
[rospy.internal][INFO] 2021-11-26 15:10:59,506: topic[/rosout] removing connection to /rosout
[rospy.internal][INFO] 2021-11-26 15:10:59,507: topic[/move_group/fake_controller_joint_states] removing connection to http://wng:35363/
[rospy.impl.masterslave][INFO] 2021-11-26 15:10:59,507: signal-2
[rospy.internal][WARNING] 2021-11-26 15:10:59,559: Unknown error initiating TCP/IP socket to wng:45461 (http://wng:35363/): Traceback (most recent call last):
  File "/opt/ros/melodic/lib/python2.7/dist-packages/rospy/impl/tcpros_base.py", line 562, in connect
    self.read_header()
  File "/opt/ros/melodic/lib/python2.7/dist-packages/rospy/impl/tcpros_base.py", line 657, in read_header
    self._validate_header(read_ros_handshake_header(sock, self.read_buff, self.protocol.buff_size))
  File "/opt/ros/melodic/lib/python2.7/dist-packages/rosgraph/network.py", line 357, in read_ros_handshake_header
    d = sock.recv(buff_size)
error: [Errno 104] Connection reset by peer

[rospy.core][INFO] 2021-11-26 15:10:59,622: signal_shutdown [atexit]
