[rospy.client][INFO] 2021-11-26 14:26:47,133: init_node, name[/server_endpoint], pid[27405]
[xmlrpc][INFO] 2021-11-26 14:26:47,133: XML-RPC server binding to 0.0.0.0:0
[xmlrpc][INFO] 2021-11-26 14:26:47,134: Started XML-RPC server [http://wng:37083/]
[rospy.init][INFO] 2021-11-26 14:26:47,134: ROS Slave URI: [http://wng:37083/]
[rospy.impl.masterslave][INFO] 2021-11-26 14:26:47,134: _ready: http://wng:37083/
[rospy.registration][INFO] 2021-11-26 14:26:47,134: Registering with master node http://localhost:11311
[xmlrpc][INFO] 2021-11-26 14:26:47,134: xml rpc node: starting XML-RPC server
[rospy.init][INFO] 2021-11-26 14:26:47,234: registered with master
[rospy.rosout][INFO] 2021-11-26 14:26:47,234: initializing /rosout core topic
[rospy.rosout][INFO] 2021-11-26 14:26:47,235: connected to core topic /rosout
[rospy.simtime][INFO] 2021-11-26 14:26:47,236: /use_sim_time is not set, will not subscribe to simulated time [/clock] topic
[rosout][INFO] 2021-11-26 14:26:47,245: Starting server on 192.168.1.146:10000
[rospy.internal][INFO] 2021-11-26 14:26:47,463: topic[/rosout] adding connection to [/rosout], count 0
[rosout][INFO] 2021-11-26 14:26:59,615: Connection from 192.168.1.146
[rosout][INFO] 2021-11-26 14:26:59,621: RegisterPublisher(execution_check, <class 'panda_move.msg._ExecutionCheck.ExecutionCheck'>) OK
[rospy.internal][INFO] 2021-11-26 14:26:59,718: topic[/execution_check] adding connection to [http://wng:37083/], count 0
[rospy.internal][INFO] 2021-11-26 14:26:59,719: topic[/execution_check] adding connection to [/server_endpoint], count 0
[rospy.core][INFO] 2021-11-26 15:10:59,503: signal_shutdown [signal-2]
[rospy.internal][INFO] 2021-11-26 15:10:59,507: topic[/execution_check] removing connection to /server_endpoint
[rospy.internal][INFO] 2021-11-26 15:10:59,507: topic[/rosout] removing connection to /rosout
[rospy.internal][INFO] 2021-11-26 15:10:59,508: topic[/execution_check] removing connection to http://wng:37083/
[rospy.impl.masterslave][INFO] 2021-11-26 15:10:59,508: signal-2
[rospy.internal][ERROR] 2021-11-26 15:10:59,508: Unable to initiate TCP/IP socket to wng:36811 (http://wng:37083/): Traceback (most recent call last):
  File "/opt/ros/melodic/lib/python2.7/dist-packages/rospy/impl/tcpros_base.py", line 562, in connect
    self.read_header()
  File "/opt/ros/melodic/lib/python2.7/dist-packages/rospy/impl/tcpros_base.py", line 657, in read_header
    self._validate_header(read_ros_handshake_header(sock, self.read_buff, self.protocol.buff_size))
  File "/opt/ros/melodic/lib/python2.7/dist-packages/rospy/impl/tcpros_base.py", line 600, in _validate_header
    raise TransportInitError("remote error reported: %s"%header['error'])
TransportInitError: remote error reported: node shutting down

[rospy.core][INFO] 2021-11-26 15:10:59,671: signal_shutdown [atexit]
