[rospy.client][INFO] 2021-11-25 13:29:43,534: init_node, name[/server_endpoint], pid[5874]
[xmlrpc][INFO] 2021-11-25 13:29:43,534: XML-RPC server binding to 0.0.0.0:0
[xmlrpc][INFO] 2021-11-25 13:29:43,534: Started XML-RPC server [http://wng:43543/]
[rospy.init][INFO] 2021-11-25 13:29:43,534: ROS Slave URI: [http://wng:43543/]
[rospy.impl.masterslave][INFO] 2021-11-25 13:29:43,534: _ready: http://wng:43543/
[rospy.registration][INFO] 2021-11-25 13:29:43,535: Registering with master node http://localhost:11311
[xmlrpc][INFO] 2021-11-25 13:29:43,535: xml rpc node: starting XML-RPC server
[rospy.init][INFO] 2021-11-25 13:29:43,635: registered with master
[rospy.rosout][INFO] 2021-11-25 13:29:43,635: initializing /rosout core topic
[rospy.rosout][INFO] 2021-11-25 13:29:43,636: connected to core topic /rosout
[rospy.simtime][INFO] 2021-11-25 13:29:43,636: /use_sim_time is not set, will not subscribe to simulated time [/clock] topic
[rosout][INFO] 2021-11-25 13:29:43,642: Starting server on 192.168.1.146:10000
[rospy.internal][INFO] 2021-11-25 13:29:43,889: topic[/rosout] adding connection to [/rosout], count 0
[rosout][INFO] 2021-11-25 13:29:59,773: Connection from 192.168.1.146
[rosout][INFO] 2021-11-25 13:29:59,777: RegisterPublisher(execution_check, <class 'panda_move.msg._ExecutionCheck.ExecutionCheck'>) OK
[rospy.internal][INFO] 2021-11-25 13:29:59,818: topic[/execution_check] adding connection to [http://wng:43543/], count 0
[rospy.internal][INFO] 2021-11-25 13:29:59,819: topic[/execution_check] adding connection to [/server_endpoint], count 0
[rospy.core][INFO] 2021-11-25 13:53:45,391: signal_shutdown [signal-2]
[rospy.internal][INFO] 2021-11-25 13:53:45,395: topic[/execution_check] removing connection to /server_endpoint
[rospy.internal][INFO] 2021-11-25 13:53:45,396: topic[/rosout] removing connection to /rosout
[rospy.internal][INFO] 2021-11-25 13:53:45,396: topic[/execution_check] removing connection to http://wng:43543/
[rospy.impl.masterslave][INFO] 2021-11-25 13:53:45,396: signal-2
[rospy.internal][ERROR] 2021-11-25 13:53:45,396: Unable to initiate TCP/IP socket to wng:40701 (http://wng:43543/): Traceback (most recent call last):
  File "/opt/ros/melodic/lib/python2.7/dist-packages/rospy/impl/tcpros_base.py", line 562, in connect
    self.read_header()
  File "/opt/ros/melodic/lib/python2.7/dist-packages/rospy/impl/tcpros_base.py", line 657, in read_header
    self._validate_header(read_ros_handshake_header(sock, self.read_buff, self.protocol.buff_size))
  File "/opt/ros/melodic/lib/python2.7/dist-packages/rospy/impl/tcpros_base.py", line 600, in _validate_header
    raise TransportInitError("remote error reported: %s"%header['error'])
TransportInitError: remote error reported: node shutting down

[rospy.core][INFO] 2021-11-25 13:53:45,528: signal_shutdown [atexit]
