[rospy.client][INFO] 2021-09-06 13:32:31,012: init_node, name[/joint_state_publisher], pid[14190]
[xmlrpc][INFO] 2021-09-06 13:32:31,012: XML-RPC server binding to 0.0.0.0:0
[xmlrpc][INFO] 2021-09-06 13:32:31,012: Started XML-RPC server [http://wng:34411/]
[rospy.init][INFO] 2021-09-06 13:32:31,012: ROS Slave URI: [http://wng:34411/]
[rospy.impl.masterslave][INFO] 2021-09-06 13:32:31,012: _ready: http://wng:34411/
[xmlrpc][INFO] 2021-09-06 13:32:31,013: xml rpc node: starting XML-RPC server
[rospy.registration][INFO] 2021-09-06 13:32:31,013: Registering with master node http://localhost:11311
[rospy.init][INFO] 2021-09-06 13:32:31,113: registered with master
[rospy.rosout][INFO] 2021-09-06 13:32:31,113: initializing /rosout core topic
[rospy.rosout][INFO] 2021-09-06 13:32:31,115: connected to core topic /rosout
[rospy.simtime][INFO] 2021-09-06 13:32:31,115: /use_sim_time is not set, will not subscribe to simulated time [/clock] topic
[rospy.internal][INFO] 2021-09-06 13:32:31,177: topic[/move_group/fake_controller_joint_states] adding connection to [http://wng:37609/], count 0
[rospy.internal][INFO] 2021-09-06 13:32:31,410: topic[/rosout] adding connection to [/rosout], count 0
[rospy.internal][INFO] 2021-09-06 13:32:31,410: topic[/joint_states] adding connection to [/joint_state_desired_publisher], count 0
[rospy.internal][INFO] 2021-09-06 13:32:31,411: topic[/joint_states] adding connection to [/robot_state_publisher], count 1
[rospy.internal][INFO] 2021-09-06 13:33:05,871: topic[/joint_states] adding connection to [/move_group_commander_wrappers_1630902756499108509], count 2
[rospy.internal][INFO] 2021-09-06 14:05:24,630: topic[/joint_states] removing connection to /move_group_commander_wrappers_1630902756499108509
[rospy.core][INFO] 2021-09-06 14:06:27,125: signal_shutdown [signal-2]
[rospy.internal][INFO] 2021-09-06 14:06:27,128: topic[/joint_states] removing connection to /joint_state_desired_publisher
[rospy.internal][INFO] 2021-09-06 14:06:27,128: topic[/joint_states] removing connection to /robot_state_publisher
[rospy.internal][INFO] 2021-09-06 14:06:27,128: topic[/rosout] removing connection to /rosout
[rospy.internal][INFO] 2021-09-06 14:06:27,129: topic[/move_group/fake_controller_joint_states] removing connection to http://wng:37609/
[rospy.impl.masterslave][INFO] 2021-09-06 14:06:27,129: signal-2
[rospy.core][INFO] 2021-09-06 14:06:27,236: signal_shutdown [atexit]
