[rospy.client][INFO] 2021-12-10 16:11:46,570: init_node, name[/server_endpoint], pid[9293]
[xmlrpc][INFO] 2021-12-10 16:11:46,571: XML-RPC server binding to 0.0.0.0:0
[xmlrpc][INFO] 2021-12-10 16:11:46,571: Started XML-RPC server [http://wng:37613/]
[rospy.init][INFO] 2021-12-10 16:11:46,571: ROS Slave URI: [http://wng:37613/]
[rospy.impl.masterslave][INFO] 2021-12-10 16:11:46,572: _ready: http://wng:37613/
[rospy.registration][INFO] 2021-12-10 16:11:46,572: Registering with master node http://localhost:11311
[xmlrpc][INFO] 2021-12-10 16:11:46,572: xml rpc node: starting XML-RPC server
[rospy.init][INFO] 2021-12-10 16:11:46,672: registered with master
[rospy.rosout][INFO] 2021-12-10 16:11:46,672: initializing /rosout core topic
[rospy.rosout][INFO] 2021-12-10 16:11:46,673: connected to core topic /rosout
[rospy.simtime][INFO] 2021-12-10 16:11:46,673: /use_sim_time is not set, will not subscribe to simulated time [/clock] topic
[rosout][INFO] 2021-12-10 16:11:46,679: Starting server on 192.168.0.8:10000
[rospy.internal][INFO] 2021-12-10 16:11:46,905: topic[/rosout] adding connection to [/rosout], count 0
[rosout][INFO] 2021-12-10 16:11:49,470: Connection from 192.168.0.8
[rosout][INFO] 2021-12-10 16:11:49,476: RegisterPublisher(execution_check, <class 'panda_move.msg._ExecutionCheck.ExecutionCheck'>) OK
[rospy.internal][INFO] 2021-12-10 16:11:49,552: topic[/execution_check] adding connection to [http://wng:37613/], count 0
[rospy.internal][INFO] 2021-12-10 16:11:49,553: topic[/execution_check] adding connection to [/server_endpoint], count 0
[rospy.core][INFO] 2021-12-10 16:31:28,713: signal_shutdown [signal-2]
[rospy.internal][INFO] 2021-12-10 16:31:28,718: topic[/execution_check] removing connection to /server_endpoint
[rospy.internal][INFO] 2021-12-10 16:31:28,719: topic[/rosout] removing connection to /rosout
[rospy.internal][INFO] 2021-12-10 16:31:28,719: topic[/execution_check] removing connection to http://wng:37613/
[rospy.impl.masterslave][INFO] 2021-12-10 16:31:28,719: signal-2
[rospy.internal][ERROR] 2021-12-10 16:31:28,719: Unable to initiate TCP/IP socket to wng:46065 (http://wng:37613/): Traceback (most recent call last):
  File "/opt/ros/melodic/lib/python2.7/dist-packages/rospy/impl/tcpros_base.py", line 562, in connect
    self.read_header()
  File "/opt/ros/melodic/lib/python2.7/dist-packages/rospy/impl/tcpros_base.py", line 657, in read_header
    self._validate_header(read_ros_handshake_header(sock, self.read_buff, self.protocol.buff_size))
  File "/opt/ros/melodic/lib/python2.7/dist-packages/rospy/impl/tcpros_base.py", line 600, in _validate_header
    raise TransportInitError("remote error reported: %s"%header['error'])
TransportInitError: remote error reported: node shutting down

[rospy.core][INFO] 2021-12-10 16:31:28,851: signal_shutdown [atexit]
