[rospy.client][INFO] 2021-11-25 16:02:29,483: init_node, name[/joint_state_publisher], pid[18748]
[xmlrpc][INFO] 2021-11-25 16:02:29,483: XML-RPC server binding to 0.0.0.0:0
[xmlrpc][INFO] 2021-11-25 16:02:29,484: Started XML-RPC server [http://wng:41595/]
[rospy.init][INFO] 2021-11-25 16:02:29,484: ROS Slave URI: [http://wng:41595/]
[rospy.impl.masterslave][INFO] 2021-11-25 16:02:29,484: _ready: http://wng:41595/
[rospy.registration][INFO] 2021-11-25 16:02:29,484: Registering with master node http://localhost:11311
[xmlrpc][INFO] 2021-11-25 16:02:29,484: xml rpc node: starting XML-RPC server
[rospy.init][INFO] 2021-11-25 16:02:29,584: registered with master
[rospy.rosout][INFO] 2021-11-25 16:02:29,584: initializing /rosout core topic
[rospy.rosout][INFO] 2021-11-25 16:02:29,586: connected to core topic /rosout
[rospy.simtime][INFO] 2021-11-25 16:02:29,586: /use_sim_time is not set, will not subscribe to simulated time [/clock] topic
[rospy.internal][INFO] 2021-11-25 16:02:29,649: topic[/move_group/fake_controller_joint_states] adding connection to [http://wng:38991/], count 0
[rospy.internal][INFO] 2021-11-25 16:02:29,836: topic[/rosout] adding connection to [/rosout], count 0
[rospy.internal][INFO] 2021-11-25 16:02:29,837: topic[/joint_states] adding connection to [/joint_state_desired_publisher], count 0
[rospy.internal][INFO] 2021-11-25 16:02:29,840: topic[/joint_states] adding connection to [/robot_state_publisher], count 1
[rospy.internal][INFO] 2021-11-25 16:03:23,087: topic[/joint_states] adding connection to [/move_group_commander_wrappers_1637823755896128981], count 2
[rospy.internal][INFO] 2021-11-25 16:37:49,188: topic[/joint_states] removing connection to /move_group_commander_wrappers_1637823755896128981
[rospy.core][INFO] 2021-11-25 16:38:02,283: signal_shutdown [signal-2]
[rospy.internal][INFO] 2021-11-25 16:38:02,285: topic[/joint_states] removing connection to /joint_state_desired_publisher
[rospy.internal][INFO] 2021-11-25 16:38:02,291: topic[/joint_states] removing connection to /robot_state_publisher
[rospy.internal][INFO] 2021-11-25 16:38:02,295: topic[/rosout] removing connection to /rosout
[rospy.internal][INFO] 2021-11-25 16:38:02,295: topic[/move_group/fake_controller_joint_states] removing connection to http://wng:38991/
[rospy.impl.masterslave][INFO] 2021-11-25 16:38:02,299: signal-2
[rospy.core][INFO] 2021-11-25 16:38:02,415: signal_shutdown [atexit]
