[rospy.client][INFO] 2021-11-25 16:02:30,243: init_node, name[/server_endpoint], pid[18746]
[xmlrpc][INFO] 2021-11-25 16:02:30,243: XML-RPC server binding to 0.0.0.0:0
[xmlrpc][INFO] 2021-11-25 16:02:30,243: Started XML-RPC server [http://wng:33335/]
[rospy.impl.masterslave][INFO] 2021-11-25 16:02:30,244: _ready: http://wng:33335/
[rospy.init][INFO] 2021-11-25 16:02:30,244: ROS Slave URI: [http://wng:33335/]
[rospy.registration][INFO] 2021-11-25 16:02:30,244: Registering with master node http://localhost:11311
[xmlrpc][INFO] 2021-11-25 16:02:30,244: xml rpc node: starting XML-RPC server
[rospy.init][INFO] 2021-11-25 16:02:30,344: registered with master
[rospy.rosout][INFO] 2021-11-25 16:02:30,344: initializing /rosout core topic
[rospy.rosout][INFO] 2021-11-25 16:02:30,345: connected to core topic /rosout
[rospy.simtime][INFO] 2021-11-25 16:02:30,345: /use_sim_time is not set, will not subscribe to simulated time [/clock] topic
[rosout][INFO] 2021-11-25 16:02:30,350: Starting server on 192.168.1.146:10000
[rospy.internal][INFO] 2021-11-25 16:02:30,644: topic[/rosout] adding connection to [/rosout], count 0
[rosout][INFO] 2021-11-25 16:03:17,873: Connection from 192.168.1.146
[rosout][INFO] 2021-11-25 16:03:17,878: RegisterPublisher(execution_check, <class 'panda_move.msg._ExecutionCheck.ExecutionCheck'>) OK
[rospy.internal][INFO] 2021-11-25 16:03:17,893: topic[/execution_check] adding connection to [http://wng:33335/], count 0
[rospy.internal][INFO] 2021-11-25 16:03:17,898: topic[/execution_check] adding connection to [/server_endpoint], count 0
[rospy.core][INFO] 2021-11-25 16:38:02,295: signal_shutdown [signal-2]
[rospy.internal][INFO] 2021-11-25 16:38:02,298: topic[/execution_check] removing connection to /server_endpoint
[rospy.internal][INFO] 2021-11-25 16:38:02,299: topic[/rosout] removing connection to /rosout
[rospy.internal][INFO] 2021-11-25 16:38:02,299: topic[/execution_check] removing connection to http://wng:33335/
[rospy.impl.masterslave][INFO] 2021-11-25 16:38:02,299: signal-2
[rospy.internal][WARNING] 2021-11-25 16:38:02,299: Unknown error initiating TCP/IP socket to wng:46367 (http://wng:33335/): Traceback (most recent call last):
  File "/opt/ros/melodic/lib/python2.7/dist-packages/rospy/impl/tcpros_base.py", line 562, in connect
    self.read_header()
  File "/opt/ros/melodic/lib/python2.7/dist-packages/rospy/impl/tcpros_base.py", line 657, in read_header
    self._validate_header(read_ros_handshake_header(sock, self.read_buff, self.protocol.buff_size))
AttributeError: 'NoneType' object has no attribute 'buff_size'

[rospy.core][INFO] 2021-11-25 16:38:02,415: signal_shutdown [atexit]
