[rospy.client][INFO] 2021-12-01 15:41:57,398: init_node, name[/joint_state_publisher], pid[9204]
[xmlrpc][INFO] 2021-12-01 15:41:57,398: XML-RPC server binding to 0.0.0.0:0
[xmlrpc][INFO] 2021-12-01 15:41:57,398: Started XML-RPC server [http://wng:33707/]
[rospy.init][INFO] 2021-12-01 15:41:57,398: ROS Slave URI: [http://wng:33707/]
[rospy.impl.masterslave][INFO] 2021-12-01 15:41:57,398: _ready: http://wng:33707/
[rospy.registration][INFO] 2021-12-01 15:41:57,399: Registering with master node http://localhost:11311
[xmlrpc][INFO] 2021-12-01 15:41:57,399: xml rpc node: starting XML-RPC server
[rospy.init][INFO] 2021-12-01 15:41:57,499: registered with master
[rospy.rosout][INFO] 2021-12-01 15:41:57,499: initializing /rosout core topic
[rospy.rosout][INFO] 2021-12-01 15:41:57,501: connected to core topic /rosout
[rospy.simtime][INFO] 2021-12-01 15:41:57,502: /use_sim_time is not set, will not subscribe to simulated time [/clock] topic
[rospy.internal][INFO] 2021-12-01 15:41:57,568: topic[/move_group/fake_controller_joint_states] adding connection to [http://wng:39125/], count 0
[rospy.internal][INFO] 2021-12-01 15:41:57,675: topic[/rosout] adding connection to [/rosout], count 0
[rospy.internal][INFO] 2021-12-01 15:41:57,775: topic[/joint_states] adding connection to [/joint_state_desired_publisher], count 0
[rospy.internal][INFO] 2021-12-01 15:41:57,776: topic[/joint_states] adding connection to [/robot_state_publisher], count 1
[rospy.internal][INFO] 2021-12-01 15:42:30,150: topic[/joint_states] adding connection to [/move_group_commander_wrappers_1638340930583391679], count 2
[rospy.internal][INFO] 2021-12-01 15:53:48,267: topic[/joint_states] removing connection to /move_group_commander_wrappers_1638340930583391679
[rospy.core][INFO] 2021-12-01 16:11:09,374: signal_shutdown [signal-2]
[rospy.internal][INFO] 2021-12-01 16:11:09,379: topic[/joint_states] removing connection to /joint_state_desired_publisher
[rospy.internal][INFO] 2021-12-01 16:11:09,379: topic[/joint_states] removing connection to /robot_state_publisher
[rospy.internal][INFO] 2021-12-01 16:11:09,379: topic[/rosout] removing connection to /rosout
[rospy.internal][INFO] 2021-12-01 16:11:09,380: topic[/move_group/fake_controller_joint_states] removing connection to http://wng:39125/
[rospy.impl.masterslave][INFO] 2021-12-01 16:11:09,380: signal-2
[rospy.core][INFO] 2021-12-01 16:11:09,511: signal_shutdown [atexit]
