[rospy.client][INFO] 2021-09-24 12:34:48,287: init_node, name[/joint_state_publisher], pid[11498]
[xmlrpc][INFO] 2021-09-24 12:34:48,287: XML-RPC server binding to 0.0.0.0:0
[xmlrpc][INFO] 2021-09-24 12:34:48,288: Started XML-RPC server [http://wng:34893/]
[rospy.init][INFO] 2021-09-24 12:34:48,288: ROS Slave URI: [http://wng:34893/]
[rospy.impl.masterslave][INFO] 2021-09-24 12:34:48,288: _ready: http://wng:34893/
[xmlrpc][INFO] 2021-09-24 12:34:48,289: xml rpc node: starting XML-RPC server
[rospy.registration][INFO] 2021-09-24 12:34:48,289: Registering with master node http://localhost:11311
[rospy.init][INFO] 2021-09-24 12:34:48,388: registered with master
[rospy.rosout][INFO] 2021-09-24 12:34:48,388: initializing /rosout core topic
[rospy.rosout][INFO] 2021-09-24 12:34:48,391: connected to core topic /rosout
[rospy.simtime][INFO] 2021-09-24 12:34:48,391: /use_sim_time is not set, will not subscribe to simulated time [/clock] topic
[rospy.internal][INFO] 2021-09-24 12:34:48,454: topic[/move_group/fake_controller_joint_states] adding connection to [http://wng:34273/], count 0
[rospy.internal][INFO] 2021-09-24 12:34:48,661: topic[/rosout] adding connection to [/rosout], count 0
[rospy.internal][INFO] 2021-09-24 12:34:48,661: topic[/joint_states] adding connection to [/joint_state_desired_publisher], count 0
[rospy.internal][INFO] 2021-09-24 12:34:48,661: topic[/joint_states] adding connection to [/robot_state_publisher], count 1
[rospy.internal][INFO] 2021-09-24 12:35:17,364: topic[/joint_states] adding connection to [/move_group_commander_wrappers_1632454494557078628], count 2
[rospy.internal][INFO] 2021-09-24 12:56:23,632: topic[/joint_states] removing connection to /move_group_commander_wrappers_1632454494557078628
[rospy.core][INFO] 2021-09-24 12:59:22,053: signal_shutdown [signal-2]
[rospy.internal][INFO] 2021-09-24 12:59:22,065: topic[/joint_states] removing connection to /joint_state_desired_publisher
[rospy.internal][INFO] 2021-09-24 12:59:22,066: topic[/joint_states] removing connection to /robot_state_publisher
[rospy.internal][INFO] 2021-09-24 12:59:22,069: topic[/rosout] removing connection to /rosout
[rospy.internal][WARNING] 2021-09-24 12:59:22,069: Unknown error initiating TCP/IP socket to wng:38463 (http://wng:34273/): Traceback (most recent call last):
  File "/opt/ros/melodic/lib/python2.7/dist-packages/rospy/impl/tcpros_base.py", line 562, in connect
    self.read_header()
  File "/opt/ros/melodic/lib/python2.7/dist-packages/rospy/impl/tcpros_base.py", line 657, in read_header
    self._validate_header(read_ros_handshake_header(sock, self.read_buff, self.protocol.buff_size))
AttributeError: 'NoneType' object has no attribute 'buff_size'

[rospy.internal][INFO] 2021-09-24 12:59:22,070: topic[/move_group/fake_controller_joint_states] removing connection to http://wng:34273/
[rospy.topics][ERROR] 2021-09-24 12:59:22,070: Traceback (most recent call last):
  File "/opt/ros/melodic/lib/python2.7/dist-packages/rospy/topics.py", line 326, in close
    c.close()
  File "/opt/ros/melodic/lib/python2.7/dist-packages/rospy/impl/tcpros_base.py", line 846, in close
    self.socket.close()
AttributeError: 'NoneType' object has no attribute 'close'

[rospy.impl.masterslave][INFO] 2021-09-24 12:59:22,070: signal-2
[rospy.core][INFO] 2021-09-24 12:59:22,685: signal_shutdown [atexit]
