[rospy.client][INFO] 2021-09-24 12:34:48,780: init_node, name[/server_endpoint], pid[11496]
[xmlrpc][INFO] 2021-09-24 12:34:48,780: XML-RPC server binding to 0.0.0.0:0
[xmlrpc][INFO] 2021-09-24 12:34:48,780: Started XML-RPC server [http://wng:34579/]
[rospy.init][INFO] 2021-09-24 12:34:48,781: ROS Slave URI: [http://wng:34579/]
[rospy.impl.masterslave][INFO] 2021-09-24 12:34:48,781: _ready: http://wng:34579/
[rospy.registration][INFO] 2021-09-24 12:34:48,781: Registering with master node http://localhost:11311
[xmlrpc][INFO] 2021-09-24 12:34:48,781: xml rpc node: starting XML-RPC server
[rospy.init][INFO] 2021-09-24 12:34:48,881: registered with master
[rospy.rosout][INFO] 2021-09-24 12:34:48,881: initializing /rosout core topic
[rospy.rosout][INFO] 2021-09-24 12:34:48,882: connected to core topic /rosout
[rospy.simtime][INFO] 2021-09-24 12:34:48,883: /use_sim_time is not set, will not subscribe to simulated time [/clock] topic
[rosout][INFO] 2021-09-24 12:34:48,891: Starting server on 192.168.1.146:10000
[rospy.internal][INFO] 2021-09-24 12:34:49,165: topic[/rosout] adding connection to [/rosout], count 0
[rosout][INFO] 2021-09-24 12:34:53,169: Connection from 192.168.1.146
[rosout][INFO] 2021-09-24 12:34:53,175: RegisterPublisher(execution_check, <class 'panda_move.msg._ExecutionCheck.ExecutionCheck'>) OK
[rospy.internal][INFO] 2021-09-24 12:34:53,314: topic[/execution_check] adding connection to [http://wng:34579/], count 0
[rospy.internal][INFO] 2021-09-24 12:34:53,317: topic[/execution_check] adding connection to [/server_endpoint], count 0
[rospy.core][INFO] 2021-09-24 12:59:22,055: signal_shutdown [signal-2]
[rospy.internal][INFO] 2021-09-24 12:59:22,060: topic[/execution_check] removing connection to /server_endpoint
[rospy.internal][INFO] 2021-09-24 12:59:22,060: topic[/rosout] removing connection to /rosout
[rospy.internal][INFO] 2021-09-24 12:59:22,060: topic[/execution_check] removing connection to http://wng:34579/
[rospy.impl.masterslave][INFO] 2021-09-24 12:59:22,060: signal-2
[rospy.core][INFO] 2021-09-24 12:59:22,192: signal_shutdown [atexit]
