[rospy.client][INFO] 2021-09-24 10:39:17,714: init_node, name[/joint_state_publisher], pid[30004]
[xmlrpc][INFO] 2021-09-24 10:39:17,715: XML-RPC server binding to 0.0.0.0:0
[xmlrpc][INFO] 2021-09-24 10:39:17,715: Started XML-RPC server [http://wng:39725/]
[rospy.init][INFO] 2021-09-24 10:39:17,715: ROS Slave URI: [http://wng:39725/]
[rospy.impl.masterslave][INFO] 2021-09-24 10:39:17,715: _ready: http://wng:39725/
[rospy.registration][INFO] 2021-09-24 10:39:17,716: Registering with master node http://localhost:11311
[xmlrpc][INFO] 2021-09-24 10:39:17,716: xml rpc node: starting XML-RPC server
[rospy.init][INFO] 2021-09-24 10:39:17,816: registered with master
[rospy.rosout][INFO] 2021-09-24 10:39:17,816: initializing /rosout core topic
[rospy.rosout][INFO] 2021-09-24 10:39:17,818: connected to core topic /rosout
[rospy.simtime][INFO] 2021-09-24 10:39:17,818: /use_sim_time is not set, will not subscribe to simulated time [/clock] topic
[rospy.internal][INFO] 2021-09-24 10:39:17,881: topic[/move_group/fake_controller_joint_states] adding connection to [http://wng:44593/], count 0
[rospy.internal][INFO] 2021-09-24 10:39:18,065: topic[/rosout] adding connection to [/rosout], count 0
[rospy.internal][INFO] 2021-09-24 10:39:18,066: topic[/joint_states] adding connection to [/joint_state_desired_publisher], count 0
[rospy.internal][INFO] 2021-09-24 10:39:18,066: topic[/joint_states] adding connection to [/robot_state_publisher], count 1
[rospy.internal][INFO] 2021-09-24 10:39:45,679: topic[/joint_states] adding connection to [/move_group_commander_wrappers_1632447563248577344], count 2
[rospy.internal][INFO] 2021-09-24 10:58:12,484: topic[/joint_states] removing connection to /move_group_commander_wrappers_1632447563248577344
[rospy.core][INFO] 2021-09-24 10:58:41,723: signal_shutdown [signal-2]
[rospy.internal][INFO] 2021-09-24 10:58:41,726: topic[/joint_states] removing connection to /joint_state_desired_publisher
[rospy.internal][INFO] 2021-09-24 10:58:41,732: topic[/joint_states] removing connection to /robot_state_publisher
[rospy.internal][INFO] 2021-09-24 10:58:41,732: topic[/rosout] removing connection to /rosout
[rospy.internal][INFO] 2021-09-24 10:58:41,732: topic[/move_group/fake_controller_joint_states] removing connection to http://wng:44593/
[rospy.impl.masterslave][INFO] 2021-09-24 10:58:41,732: signal-2
[rospy.core][INFO] 2021-09-24 10:58:41,897: signal_shutdown [atexit]
