[rospy.client][INFO] 2021-09-09 13:37:36,265: init_node, name[/joint_state_publisher], pid[13085]
[xmlrpc][INFO] 2021-09-09 13:37:36,265: XML-RPC server binding to 0.0.0.0:0
[xmlrpc][INFO] 2021-09-09 13:37:36,265: Started XML-RPC server [http://wng:42223/]
[rospy.init][INFO] 2021-09-09 13:37:36,265: ROS Slave URI: [http://wng:42223/]
[rospy.impl.masterslave][INFO] 2021-09-09 13:37:36,265: _ready: http://wng:42223/
[xmlrpc][INFO] 2021-09-09 13:37:36,266: xml rpc node: starting XML-RPC server
[rospy.registration][INFO] 2021-09-09 13:37:36,266: Registering with master node http://localhost:11311
[rospy.init][INFO] 2021-09-09 13:37:36,365: registered with master
[rospy.rosout][INFO] 2021-09-09 13:37:36,365: initializing /rosout core topic
[rospy.rosout][INFO] 2021-09-09 13:37:36,368: connected to core topic /rosout
[rospy.simtime][INFO] 2021-09-09 13:37:36,368: /use_sim_time is not set, will not subscribe to simulated time [/clock] topic
[rospy.internal][INFO] 2021-09-09 13:37:36,430: topic[/move_group/fake_controller_joint_states] adding connection to [http://wng:39927/], count 0
[rospy.internal][INFO] 2021-09-09 13:37:36,611: topic[/rosout] adding connection to [/rosout], count 0
[rospy.internal][INFO] 2021-09-09 13:37:36,612: topic[/joint_states] adding connection to [/joint_state_desired_publisher], count 0
[rospy.internal][INFO] 2021-09-09 13:37:36,612: topic[/joint_states] adding connection to [/robot_state_publisher], count 1
[rospy.internal][INFO] 2021-09-09 13:38:04,501: topic[/joint_states] adding connection to [/move_group_commander_wrappers_1631162264464173250], count 2
[rospy.core][INFO] 2021-09-09 13:38:30,288: signal_shutdown [signal-2]
[rospy.internal][INFO] 2021-09-09 13:38:30,291: topic[/joint_states] removing connection to /joint_state_desired_publisher
[rospy.internal][INFO] 2021-09-09 13:38:30,291: topic[/joint_states] removing connection to /robot_state_publisher
[rospy.internal][INFO] 2021-09-09 13:38:30,291: topic[/joint_states] removing connection to /move_group_commander_wrappers_1631162264464173250
[rospy.internal][INFO] 2021-09-09 13:38:30,292: topic[/rosout] removing connection to /rosout
[rospy.internal][INFO] 2021-09-09 13:38:30,292: topic[/move_group/fake_controller_joint_states] removing connection to http://wng:39927/
[rospy.impl.masterslave][INFO] 2021-09-09 13:38:30,292: signal-2
[rospy.core][INFO] 2021-09-09 13:38:30,426: signal_shutdown [atexit]
