[rospy.client][INFO] 2021-09-09 13:37:44,492: init_node, name[/PandaMove], pid[13084]
[xmlrpc][INFO] 2021-09-09 13:37:44,493: XML-RPC server binding to 0.0.0.0:0
[xmlrpc][INFO] 2021-09-09 13:37:44,493: Started XML-RPC server [http://wng:44737/]
[rospy.init][INFO] 2021-09-09 13:37:44,493: ROS Slave URI: [http://wng:44737/]
[rospy.impl.masterslave][INFO] 2021-09-09 13:37:44,493: _ready: http://wng:44737/
[xmlrpc][INFO] 2021-09-09 13:37:44,494: xml rpc node: starting XML-RPC server
[rospy.registration][INFO] 2021-09-09 13:37:44,493: Registering with master node http://localhost:11311
[rospy.init][INFO] 2021-09-09 13:37:44,593: registered with master
[rospy.rosout][INFO] 2021-09-09 13:37:44,594: initializing /rosout core topic
[rospy.rosout][INFO] 2021-09-09 13:37:44,596: connected to core topic /rosout
[rospy.simtime][INFO] 2021-09-09 13:37:44,596: /use_sim_time is not set, will not subscribe to simulated time [/clock] topic
[rospy.internal][INFO] 2021-09-09 13:37:46,191: topic[/rosout] adding connection to [/rosout], count 0
[rospy.internal][INFO] 2021-09-09 13:37:46,239: topic[/attached_collision_object] adding connection to [/move_group], count 0
[rospy.internal][INFO] 2021-09-09 13:37:46,240: topic[/collision_object] adding connection to [/move_group], count 0
[rosout][INFO] 2021-09-09 13:37:46,240: wait for update_place_pose_state
[rospy.internal][INFO] 2021-09-09 13:37:46,340: topic[/tf_static] adding connection to [/move_group], count 0
[rospy.internal][INFO] 2021-09-09 13:37:46,375: topic[/tf_static] adding connection to [/move_group_commander_wrappers_1631162264464173250], count 1
[rospy.internal][INFO] 2021-09-09 13:37:46,406: topic[/tf_static] adding connection to [/rviz_wng_13049_5341507744107251632], count 2
[rospy.internal][INFO] 2021-09-09 13:37:46,507: topic[/action] adding connection to [/rviz_wng_13049_5341507744107251632], count 0
[rosout][INFO] 2021-09-09 13:37:46,941: pan
[rosout][INFO] 2021-09-09 13:37:46,950: wait for update_place_pose_state
[rosout][INFO] 2021-09-09 13:37:47,656: pot
[rosout][INFO] 2021-09-09 13:37:47,676: wait for update_place_pose_state
[rosout][INFO] 2021-09-09 13:37:48,384: plate
[rosout][INFO] 2021-09-09 13:37:48,390: wait for update_place_pose_state
[rosout][INFO] 2021-09-09 13:37:49,101: bowl
[rosout][INFO] 2021-09-09 13:37:49,116: wait for update_place_pose_state
[rosout][INFO] 2021-09-09 13:37:49,843: spatula
[rosout][INFO] 2021-09-09 13:37:49,851: wait for update_place_pose_state
[rosout][INFO] 2021-09-09 13:37:50,568: spreader
[rosout][INFO] 2021-09-09 13:37:50,576: wait for update_place_pose_state
[rosout][INFO] 2021-09-09 13:37:51,315: scooper
[rosout][INFO] 2021-09-09 13:37:51,324: wait for update_place_pose_state
[rosout][INFO] 2021-09-09 13:37:52,046: knife
[rosout][INFO] 2021-09-09 13:37:52,056: wait for update_place_pose_state
[rosout][INFO] 2021-09-09 13:37:52,783: cutting_board
[rosout][INFO] 2021-09-09 13:37:52,791: wait for update_place_pose_state
[rosout][INFO] 2021-09-09 13:37:53,554: onion
[rosout][INFO] 2021-09-09 13:37:53,563: wait for update_place_pose_state
[rosout][INFO] 2021-09-09 13:37:54,293: spinach
[rosout][INFO] 2021-09-09 13:37:54,298: wait for update_place_pose_state
[rosout][INFO] 2021-09-09 13:37:55,031: green_pepper
[rosout][INFO] 2021-09-09 13:37:55,041: wait for update_place_pose_state
[rosout][INFO] 2021-09-09 13:37:55,779: cheese
[rosout][INFO] 2021-09-09 13:37:55,781: wait for update_place_pose_state
[rosout][INFO] 2021-09-09 13:37:56,524: oregano
[rosout][INFO] 2021-09-09 13:37:56,649: wait for update_place_pose_state
[rosout][INFO] 2021-09-09 13:37:57,404: black_olive
[rosout][INFO] 2021-09-09 13:37:57,410: wait for update_place_pose_state
[rosout][INFO] 2021-09-09 13:37:58,157: tomato
[rosout][INFO] 2021-09-09 13:37:58,166: wait for update_place_pose_state
[rosout][INFO] 2021-09-09 13:37:58,925: chopped_onion
[rosout][INFO] 2021-09-09 13:37:58,935: wait for update_place_pose_state
[rosout][INFO] 2021-09-09 13:37:59,688: chopped_spinach
[rosout][INFO] 2021-09-09 13:37:59,712: wait for update_place_pose_state
[rosout][INFO] 2021-09-09 13:38:00,468: chopped_green_pepper
[rosout][INFO] 2021-09-09 13:38:00,493: wait for update_place_pose_state
[rosout][INFO] 2021-09-09 13:38:01,246: chopped_cheese
[rosout][INFO] 2021-09-09 13:38:01,253: wait for update_place_pose_state
[rosout][INFO] 2021-09-09 13:38:02,039: chopped_tomato
[rosout][INFO] 2021-09-09 13:38:03,336: ==================================================
[rosout][INFO] 2021-09-09 13:38:03,337: [task=1]
[rosout][INFO] 2021-09-09 13:38:03,338: wait for update_place_pose_state
[rosout][INFO] 2021-09-09 13:38:04,102: ####### generate problem #######
[rosout][INFO] 2021-09-09 13:38:04,104: using_ings: [set(['onion']), {}]
[rosout][INFO] 2021-09-09 13:38:04,104: using_objects: {'plate': 'plate', 'onion': 'onion', 'near_cutting_board': 'near_cutting_board', 'pot': 'pot', 'bowl': 'bowl', 'cutting_board': 'cutting_board', 'spatula': 'spatula', 'spreader': 'spreader', 'scooper': 'scooper', 'table': 'table', 'stove': 'stove', 'pan': 'pan', 'knife': 'knife'}
[rosout][INFO] 2021-09-09 13:38:04,105: goal: {'exist_oregano': True, 'exist_spinach': True, 'exist_black_olive': True, 'exist_tomato': True, 'exist_green_pepper': True, 'exist_cheese': True, 'exist_onion': True, 'chopped_onion': True}
[rosout][INFO] 2021-09-09 13:38:04,106: goal_diff: {'chopped_onion': True}
[rosout][INFO] 2021-09-09 13:38:04,107: current: {'plate_is_on': 'near_cutting_board', 'oregano_is_on': 'table1', 'spinach_is_on': 'table1', 'spatula_is_on': 'table1', 'green_pepper_is_on': 'table1', 'onion_is_on': 'table1', 'black_olive_is_on': 'table1', 'pot_is_on': 'table1', 'knife_is_on': 'table1', 'pan_is_on': 'table1', 'bowl_is_on': 'table1', 'scooper_is_on': 'table1', 'tomato_is_on': 'table1', 'cheese_is_on': 'table1', 'spreader_is_on': 'table1'}
[rosout][INFO] 2021-09-09 13:38:04,108: initial: {'exist_cheese': True, 'exist_spinach': True, 'oregano_is_in': 'None', 'exist_green_pepper': True, 'spinach_is_on': 'table1', 'spatula_is_on': 'table1', 'chopped_cheese': False, 'cooked_spinach': False, 'cooked_oregano': False, 'cooked_black_olive': False, 'exist_oregano': True, 'oregano_is_on': 'table1', 'salad_is_in': 'None', 'bowl_is_on': 'table1', 'chopped_salad': False, 'onion_is_on': 'table1', 'cooked_tomato': False, 'salad_is_on': 'table', 'cooked_cheese': False, 'spread_on_salad': 'None', 'exist_salad': False, 'black_olive_is_on': 'table1', 'knife_is_on': 'table1', 'spread_on_oregano': 'None', 'holding': 'None', 'spread_on_cheese': 'None', 'spread_on_onion': 'None', 'black_olive_is_in': 'None', 'spread_on_tomato': 'None', 'spread_on_black_olive': 'None', 'cooked_salad': False, 'cheese_is_on': 'table1', 'pot_is_on': 'table1', 'cooked_onion': False, 'chopped_green_pepper': False, 'spinach_is_in': 'None', 'exist_black_olive': True, 'cheese_is_in': 'None', 'spread_on_green_pepper': 'None', 'chopped_oregano': False, 'cooked_green_pepper': False, 'green_pepper_is_in': 'None', 'plate_is_on': 'near_cutting_board', 'tomato_is_on': 'table1', 'chopped_black_olive': False, 'exist_onion': True, 'chopped_tomato': False, 'tomato_is_in': 'None', 'pan_is_on': 'table1', 'onion_is_in': 'None', 'exist_tomato': True, 'green_pepper_is_on': 'table1', 'scooper_is_on': 'table1', 'spreader_is_on': 'table1', 'chopped_onion': False, 'chopped_spinach': False, 'spread_on_spinach': 'None'}
[rosout][INFO] 2021-09-09 13:38:04,265: ####### task plan info #######
[rosout][INFO] 2021-09-09 13:38:04,266: plan =  -> PickUp/onion -> Place/onion/cutting_board/ingredient -> PickUp/knife -> Chop/onion/knife
[rosout][INFO] 2021-09-09 13:38:04,267: length = 4
[rosout][INFO] 2021-09-09 13:38:04,267: num_of_expand = 464
[rosout][INFO] 2021-09-09 13:38:04,268: time = 0.157133817673
[rosout][INFO] 2021-09-09 13:38:04,269: success = True
[rosout][INFO] 2021-09-09 13:38:04,269: ==================================================
[rosout][INFO] 2021-09-09 13:38:04,270: [ola=0] ['PickUp', 'onion']
[rosout][INFO] 2021-09-09 13:38:04,357: move_to: 5
[rosout][INFO] 2021-09-09 13:38:06,428: linear_motion: 1.0
[rosout][INFO] 2021-09-09 13:38:07,483: obj_hierarchy = ['onion']
[rosout][INFO] 2021-09-09 13:38:08,485: linear_motion: 1.0
[rosout][INFO] 2021-09-09 13:38:09,583: ####### motion plan info #######
[rosout][INFO] 2021-09-09 13:38:09,584: planning_time = 0.0836489200592
[rosout][INFO] 2021-09-09 13:38:09,585: execution_time = 1.69947385788
[rosout][INFO] 2021-09-09 13:38:09,585: success = True
[rosout][INFO] 2021-09-09 13:38:09,586: ####### motion plan info #######
[rosout][INFO] 2021-09-09 13:38:09,586: planning_time = 0.0454659461975
[rosout][INFO] 2021-09-09 13:38:09,587: execution_time = 1.0535531044
[rosout][INFO] 2021-09-09 13:38:09,588: success = True
[rosout][INFO] 2021-09-09 13:38:09,590: ####### motion plan info #######
[rosout][INFO] 2021-09-09 13:38:09,590: planning_time = None
[rosout][INFO] 2021-09-09 13:38:09,591: execution_time = None
[rosout][INFO] 2021-09-09 13:38:09,592: success = True
[rosout][INFO] 2021-09-09 13:38:09,593: ####### motion plan info #######
[rosout][INFO] 2021-09-09 13:38:09,594: planning_time = 0.00252413749695
[rosout][INFO] 2021-09-09 13:38:09,595: execution_time = 1.09675908089
[rosout][INFO] 2021-09-09 13:38:09,596: success = True
[rosout][INFO] 2021-09-09 13:38:09,596: ####### object-level action info #######
[rosout][INFO] 2021-09-09 13:38:09,597: time = 5.31229686737
[rosout][INFO] 2021-09-09 13:38:09,598: action = ['PickUp', 'onion']
[rosout][INFO] 2021-09-09 13:38:09,598: length = 4
[rosout][INFO] 2021-09-09 13:38:09,599: success = True
[rosout][INFO] 2021-09-09 13:38:09,600: ==================================================
[rosout][INFO] 2021-09-09 13:38:09,600: [ola=1] ['Place', 'onion', 'cutting_board', 'ingredient']
[rosout][INFO] 2021-09-09 13:38:09,601: wait for update_place_pose_state
[rosout][INFO] 2021-09-09 13:38:10,472: move_to: 10
[rosout][INFO] 2021-09-09 13:38:12,884: linear_motion: 1.0
[rosout][INFO] 2021-09-09 13:38:14,083: ['onion']
[rosout][INFO] 2021-09-09 13:38:15,086: linear_motion: 1.0
[rosout][INFO] 2021-09-09 13:38:16,283: ####### motion plan info #######
[rosout][INFO] 2021-09-09 13:38:16,284: planning_time = 0.118062973022
[rosout][INFO] 2021-09-09 13:38:16,285: execution_time = 2.29899001122
[rosout][INFO] 2021-09-09 13:38:16,286: success = True
[rosout][INFO] 2021-09-09 13:38:16,287: ####### motion plan info #######
[rosout][INFO] 2021-09-09 13:38:16,288: planning_time = 0.00148701667786
[rosout][INFO] 2021-09-09 13:38:16,289: execution_time = 1.19792890549
[rosout][INFO] 2021-09-09 13:38:16,290: success = True
[rosout][INFO] 2021-09-09 13:38:16,290: ####### motion plan info #######
[rosout][INFO] 2021-09-09 13:38:16,291: planning_time = None
[rosout][INFO] 2021-09-09 13:38:16,291: execution_time = None
[rosout][INFO] 2021-09-09 13:38:16,292: success = True
[rosout][INFO] 2021-09-09 13:38:16,292: ####### motion plan info #######
[rosout][INFO] 2021-09-09 13:38:16,293: planning_time = 0.00208497047424
[rosout][INFO] 2021-09-09 13:38:16,293: execution_time = 1.19557309151
[rosout][INFO] 2021-09-09 13:38:16,294: success = True
[rosout][INFO] 2021-09-09 13:38:16,295: ####### object-level action info #######
[rosout][INFO] 2021-09-09 13:38:16,295: time = 6.68186211586
[rosout][INFO] 2021-09-09 13:38:16,296: action = ['Place', 'onion', 'cutting_board', 'ingredient']
[rosout][INFO] 2021-09-09 13:38:16,297: length = 4
[rosout][INFO] 2021-09-09 13:38:16,298: success = True
[rosout][INFO] 2021-09-09 13:38:16,298: ==================================================
[rosout][INFO] 2021-09-09 13:38:16,299: [ola=2] ['PickUp', 'knife']
[rosout][INFO] 2021-09-09 13:38:16,419: move_to: 10
[rosout][INFO] 2021-09-09 13:38:18,537: linear_motion: 1.0
[rosout][INFO] 2021-09-09 13:38:19,583: obj_hierarchy = ['knife']
[rosout][INFO] 2021-09-09 13:38:20,785: linear_motion: 1.0
[rosout][INFO] 2021-09-09 13:38:21,885: ####### motion plan info #######
[rosout][INFO] 2021-09-09 13:38:21,886: planning_time = 0.116624116898
[rosout][INFO] 2021-09-09 13:38:21,887: execution_time = 1.90102720261
[rosout][INFO] 2021-09-09 13:38:21,888: success = True
[rosout][INFO] 2021-09-09 13:38:21,889: ####### motion plan info #######
[rosout][INFO] 2021-09-09 13:38:21,889: planning_time = 0.0539989471436
[rosout][INFO] 2021-09-09 13:38:21,890: execution_time = 1.04488492012
[rosout][INFO] 2021-09-09 13:38:21,890: success = True
[rosout][INFO] 2021-09-09 13:38:21,893: ####### motion plan info #######
[rosout][INFO] 2021-09-09 13:38:21,894: planning_time = None
[rosout][INFO] 2021-09-09 13:38:21,896: execution_time = None
[rosout][INFO] 2021-09-09 13:38:21,897: success = True
[rosout][INFO] 2021-09-09 13:38:21,898: ####### motion plan info #######
[rosout][INFO] 2021-09-09 13:38:21,899: planning_time = 0.002445936203
[rosout][INFO] 2021-09-09 13:38:21,900: execution_time = 1.09812307358
[rosout][INFO] 2021-09-09 13:38:21,900: success = True
[rosout][INFO] 2021-09-09 13:38:21,901: ####### object-level action info #######
[rosout][INFO] 2021-09-09 13:38:21,902: time = 5.58471798897
[rosout][INFO] 2021-09-09 13:38:21,902: action = ['PickUp', 'knife']
[rosout][INFO] 2021-09-09 13:38:21,903: length = 4
[rosout][INFO] 2021-09-09 13:38:21,903: success = True
[rosout][INFO] 2021-09-09 13:38:21,904: ==================================================
[rosout][INFO] 2021-09-09 13:38:21,904: [ola=3] ['Chop', 'onion', 'knife']
[rosout][INFO] 2021-09-09 13:38:22,170: move_to: 2
[rosout][INFO] 2021-09-09 13:38:22,872: move_to: 7
[rosout][INFO] 2021-09-09 13:38:24,837: linear_motion: 0.75
[rosout][INFO] 2021-09-09 13:38:25,984: reciprocating_motion: 1.0
[rosout][INFO] 2021-09-09 13:38:26,084: reciprocating_motion: 1.0
[rosout][INFO] 2021-09-09 13:38:26,327: move_to: 2
[rosout][INFO] 2021-09-09 13:38:26,883: ####### motion plan info #######
[rosout][INFO] 2021-09-09 13:38:26,884: planning_time = 0.184375047684
[rosout][INFO] 2021-09-09 13:38:26,885: execution_time = 0.499761819839
[rosout][INFO] 2021-09-09 13:38:26,885: success = True
[rosout][INFO] 2021-09-09 13:38:26,886: ####### motion plan info #######
[rosout][INFO] 2021-09-09 13:38:26,886: planning_time = 0.186505079269
[rosout][INFO] 2021-09-09 13:38:26,887: execution_time = 1.79925012589
[rosout][INFO] 2021-09-09 13:38:26,888: success = True
[rosout][INFO] 2021-09-09 13:38:26,888: ####### motion plan info #######
[rosout][INFO] 2021-09-09 13:38:26,889: planning_time = 0.0536158084869
[rosout][INFO] 2021-09-09 13:38:26,890: execution_time = 1.04469203949
[rosout][INFO] 2021-09-09 13:38:26,891: success = True
[rosout][INFO] 2021-09-09 13:38:26,891: ####### motion plan info #######
[rosout][INFO] 2021-09-09 13:38:26,892: planning_time = 0.00187182426453
[rosout][INFO] 2021-09-09 13:38:26,893: execution_time = 0.00135612487793
[rosout][INFO] 2021-09-09 13:38:26,893: success = True
[rosout][INFO] 2021-09-09 13:38:26,894: ####### motion plan info #######
[rosout][INFO] 2021-09-09 13:38:26,894: planning_time = 0.00141096115112
[rosout][INFO] 2021-09-09 13:38:26,895: execution_time = 0.000893115997314
[rosout][INFO] 2021-09-09 13:38:26,896: success = True
[rosout][INFO] 2021-09-09 13:38:26,897: ####### motion plan info #######
[rosout][INFO] 2021-09-09 13:38:26,898: planning_time = 0.144937992096
[rosout][INFO] 2021-09-09 13:38:26,899: execution_time = 0.499455928802
[rosout][INFO] 2021-09-09 13:38:26,899: success = True
[rosout][INFO] 2021-09-09 13:38:26,900: ####### object-level action info #######
[rosout][INFO] 2021-09-09 13:38:26,900: time = 4.97789502144
[rosout][INFO] 2021-09-09 13:38:26,901: action = ['Chop', 'onion', 'knife']
[rosout][INFO] 2021-09-09 13:38:26,901: length = 6
[rosout][INFO] 2021-09-09 13:38:26,902: success = True
[rosout][INFO] 2021-09-09 13:38:26,903: ==================================================
[rosout][INFO] 2021-09-09 13:38:26,903: [task=2]
[rosout][INFO] 2021-09-09 13:38:26,904: wait for update_place_pose_state
[rosout][INFO] 2021-09-09 13:38:27,658: ####### generate problem #######
[rosout][INFO] 2021-09-09 13:38:27,660: using_ings: [set(['onion']), {}]
[rosout][INFO] 2021-09-09 13:38:27,661: using_objects: {'plate': 'plate', 'onion': 'onion', 'near_cutting_board': 'near_cutting_board', 'pot': 'pot', 'bowl': 'bowl', 'cutting_board': 'cutting_board', 'spatula': 'spatula', 'spreader': 'spreader', 'scooper': 'scooper', 'table': 'table', 'stove': 'stove', 'pan': 'pan', 'knife': 'knife'}
[rosout][INFO] 2021-09-09 13:38:27,662: goal: {'exist_oregano': True, 'exist_spinach': True, 'onion_is_in': 'bowl', 'exist_black_olive': True, 'exist_tomato': True, 'exist_green_pepper': True, 'exist_cheese': True, 'exist_onion': True, 'chopped_onion': True}
[rosout][INFO] 2021-09-09 13:38:27,663: goal_diff: {'onion_is_in': 'bowl'}
[rosout][INFO] 2021-09-09 13:38:27,664: current: {'plate_is_on': 'near_cutting_board', 'pan_is_on': 'table1', 'spinach_is_on': 'table1', 'spatula_is_on': 'table1', 'green_pepper_is_on': 'table1', 'onion_is_on': 'table1', 'black_olive_is_on': 'table1', 'pot_is_on': 'table1', 'oregano_is_on': 'table1', 'holding': 'knife', 'bowl_is_on': 'table1', 'scooper_is_on': 'table1', 'tomato_is_on': 'table1', 'cheese_is_on': 'table1', 'spreader_is_on': 'table1'}
[rosout][INFO] 2021-09-09 13:38:27,664: initial: {'exist_cheese': True, 'exist_spinach': True, 'oregano_is_in': 'None', 'exist_green_pepper': True, 'spinach_is_on': 'table1', 'spatula_is_on': 'table1', 'chopped_cheese': False, 'cooked_spinach': False, 'cooked_oregano': False, 'cooked_black_olive': False, 'exist_oregano': True, 'oregano_is_on': 'table1', 'salad_is_in': 'None', 'bowl_is_on': 'table1', 'chopped_salad': False, 'onion_is_on': 'table1', 'cooked_tomato': False, 'salad_is_on': 'table', 'cooked_cheese': False, 'spread_on_salad': 'None', 'exist_salad': False, 'black_olive_is_on': 'table1', 'knife_is_on': 'table', 'spread_on_oregano': 'None', 'holding': 'knife', 'spread_on_cheese': 'None', 'spread_on_onion': 'None', 'black_olive_is_in': 'None', 'spread_on_tomato': 'None', 'spread_on_black_olive': 'None', 'cooked_salad': False, 'cheese_is_on': 'table1', 'pot_is_on': 'table1', 'cooked_onion': False, 'chopped_green_pepper': False, 'spinach_is_in': 'None', 'exist_black_olive': True, 'cheese_is_in': 'None', 'spread_on_green_pepper': 'None', 'chopped_oregano': False, 'cooked_green_pepper': False, 'green_pepper_is_in': 'None', 'plate_is_on': 'near_cutting_board', 'tomato_is_on': 'table1', 'chopped_black_olive': False, 'exist_onion': True, 'chopped_tomato': False, 'tomato_is_in': 'None', 'pan_is_on': 'table1', 'onion_is_in': 'None', 'exist_tomato': True, 'green_pepper_is_on': 'table1', 'scooper_is_on': 'table1', 'spreader_is_on': 'table1', 'chopped_onion': True, 'chopped_spinach': False, 'spread_on_spinach': 'None'}
[rosout][INFO] 2021-09-09 13:38:27,811: ####### task plan info #######
[rosout][INFO] 2021-09-09 13:38:27,812: plan =  -> Place/knife/table/tool -> PickUp/bowl -> Place/bowl/near_cutting_board/dishware -> PickUp/knife -> Scrape/chopped_onion/bowl/knife
[rosout][INFO] 2021-09-09 13:38:27,813: length = 5
[rosout][INFO] 2021-09-09 13:38:27,814: num_of_expand = 392
[rosout][INFO] 2021-09-09 13:38:27,814: time = 0.142420053482
[rosout][INFO] 2021-09-09 13:38:27,815: success = True
[rosout][INFO] 2021-09-09 13:38:27,815: ==================================================
[rosout][INFO] 2021-09-09 13:38:27,816: [ola=0] ['Place', 'knife', 'table', 'tool']
[rosout][INFO] 2021-09-09 13:38:27,816: wait for update_place_pose_state
[rosout][INFO] 2021-09-09 13:38:28,664: move_to: 5
[rospy.internal][INFO] 2021-09-09 13:38:30,690: topic[/collision_object] removing connection to /move_group
[rospy.internal][INFO] 2021-09-09 13:38:30,692: topic[/tf_static] removing connection to /move_group
[rospy.internal][INFO] 2021-09-09 13:38:30,693: topic[/tf_static] removing connection to /rviz_wng_13049_5341507744107251632
[rospy.internal][INFO] 2021-09-09 13:38:30,694: topic[/attached_collision_object] removing connection to /move_group
[rospy.internal][INFO] 2021-09-09 13:38:30,695: topic[/action] removing connection to /rviz_wng_13049_5341507744107251632
