[rospy.client][INFO] 2021-12-14 10:09:53,966: init_node, name[/joint_state_publisher], pid[13809]
[xmlrpc][INFO] 2021-12-14 10:09:53,967: XML-RPC server binding to 0.0.0.0:0
[xmlrpc][INFO] 2021-12-14 10:09:53,967: Started XML-RPC server [http://wng:40871/]
[rospy.init][INFO] 2021-12-14 10:09:53,967: ROS Slave URI: [http://wng:40871/]
[rospy.impl.masterslave][INFO] 2021-12-14 10:09:53,968: _ready: http://wng:40871/
[rospy.registration][INFO] 2021-12-14 10:09:53,968: Registering with master node http://localhost:11311
[xmlrpc][INFO] 2021-12-14 10:09:53,968: xml rpc node: starting XML-RPC server
[rospy.init][INFO] 2021-12-14 10:09:54,068: registered with master
[rospy.rosout][INFO] 2021-12-14 10:09:54,068: initializing /rosout core topic
[rospy.rosout][INFO] 2021-12-14 10:09:54,070: connected to core topic /rosout
[rospy.simtime][INFO] 2021-12-14 10:09:54,071: /use_sim_time is not set, will not subscribe to simulated time [/clock] topic
[rospy.internal][INFO] 2021-12-14 10:09:54,140: topic[/move_group/fake_controller_joint_states] adding connection to [http://wng:37869/], count 0
[rospy.internal][INFO] 2021-12-14 10:09:54,243: topic[/rosout] adding connection to [/rosout], count 0
[rospy.internal][INFO] 2021-12-14 10:09:54,344: topic[/joint_states] adding connection to [/robot_state_publisher], count 0
[rospy.internal][INFO] 2021-12-14 10:09:54,344: topic[/joint_states] adding connection to [/joint_state_desired_publisher], count 1
[rospy.internal][INFO] 2021-12-14 10:14:57,853: topic[/joint_states] adding connection to [/move_group_commander_wrappers_1639444467702915824], count 2
[rospy.core][INFO] 2021-12-14 10:15:31,907: signal_shutdown [signal-2]
[rospy.internal][INFO] 2021-12-14 10:15:31,913: topic[/joint_states] removing connection to /robot_state_publisher
[rospy.internal][INFO] 2021-12-14 10:15:31,913: topic[/joint_states] removing connection to /joint_state_desired_publisher
[rospy.internal][INFO] 2021-12-14 10:15:31,914: topic[/joint_states] removing connection to /move_group_commander_wrappers_1639444467702915824
[rospy.internal][INFO] 2021-12-14 10:15:31,914: topic[/rosout] removing connection to /rosout
[rospy.internal][INFO] 2021-12-14 10:15:31,914: topic[/move_group/fake_controller_joint_states] removing connection to http://wng:37869/
[rospy.impl.masterslave][INFO] 2021-12-14 10:15:31,914: signal-2
[rospy.core][INFO] 2021-12-14 10:15:32,046: signal_shutdown [atexit]
