[rospy.client][INFO] 2021-09-19 13:42:58,605: init_node, name[/joint_state_publisher], pid[27017]
[xmlrpc][INFO] 2021-09-19 13:42:58,605: XML-RPC server binding to 0.0.0.0:0
[xmlrpc][INFO] 2021-09-19 13:42:58,606: Started XML-RPC server [http://wng:45063/]
[rospy.init][INFO] 2021-09-19 13:42:58,606: ROS Slave URI: [http://wng:45063/]
[rospy.impl.masterslave][INFO] 2021-09-19 13:42:58,606: _ready: http://wng:45063/
[rospy.registration][INFO] 2021-09-19 13:42:58,606: Registering with master node http://localhost:11311
[xmlrpc][INFO] 2021-09-19 13:42:58,606: xml rpc node: starting XML-RPC server
[rospy.init][INFO] 2021-09-19 13:42:58,706: registered with master
[rospy.rosout][INFO] 2021-09-19 13:42:58,706: initializing /rosout core topic
[rospy.rosout][INFO] 2021-09-19 13:42:58,708: connected to core topic /rosout
[rospy.simtime][INFO] 2021-09-19 13:42:58,709: /use_sim_time is not set, will not subscribe to simulated time [/clock] topic
[rospy.internal][INFO] 2021-09-19 13:42:58,771: topic[/move_group/fake_controller_joint_states] adding connection to [http://wng:40421/], count 0
[rospy.internal][INFO] 2021-09-19 13:42:58,921: topic[/rosout] adding connection to [/rosout], count 0
[rospy.internal][INFO] 2021-09-19 13:42:59,021: topic[/joint_states] adding connection to [/joint_state_desired_publisher], count 0
[rospy.internal][INFO] 2021-09-19 13:42:59,121: topic[/joint_states] adding connection to [/robot_state_publisher], count 1
[rospy.internal][INFO] 2021-09-19 13:43:33,012: topic[/joint_states] adding connection to [/move_group_commander_wrappers_1632026585105830801], count 2
[rospy.core][INFO] 2021-09-19 14:02:48,821: signal_shutdown [signal-2]
[rospy.internal][INFO] 2021-09-19 14:02:48,824: topic[/joint_states] removing connection to /joint_state_desired_publisher
[rospy.internal][INFO] 2021-09-19 14:02:48,829: topic[/joint_states] removing connection to /robot_state_publisher
[rospy.internal][INFO] 2021-09-19 14:02:48,830: topic[/joint_states] removing connection to /move_group_commander_wrappers_1632026585105830801
[rospy.internal][INFO] 2021-09-19 14:02:48,830: topic[/rosout] removing connection to /rosout
[rospy.internal][INFO] 2021-09-19 14:02:48,830: topic[/move_group/fake_controller_joint_states] removing connection to http://wng:40421/
[rospy.impl.masterslave][INFO] 2021-09-19 14:02:48,833: signal-2
[rospy.core][INFO] 2021-09-19 14:02:48,935: signal_shutdown [atexit]
