[rospy.client][INFO] 2021-09-10 14:32:48,018: init_node, name[/joint_state_publisher], pid[27901]
[xmlrpc][INFO] 2021-09-10 14:32:48,018: XML-RPC server binding to 0.0.0.0:0
[xmlrpc][INFO] 2021-09-10 14:32:48,018: Started XML-RPC server [http://wng:35497/]
[rospy.init][INFO] 2021-09-10 14:32:48,018: ROS Slave URI: [http://wng:35497/]
[rospy.impl.masterslave][INFO] 2021-09-10 14:32:48,018: _ready: http://wng:35497/
[rospy.registration][INFO] 2021-09-10 14:32:48,019: Registering with master node http://localhost:11311
[xmlrpc][INFO] 2021-09-10 14:32:48,019: xml rpc node: starting XML-RPC server
[rospy.init][INFO] 2021-09-10 14:32:48,119: registered with master
[rospy.rosout][INFO] 2021-09-10 14:32:48,119: initializing /rosout core topic
[rospy.rosout][INFO] 2021-09-10 14:32:48,121: connected to core topic /rosout
[rospy.simtime][INFO] 2021-09-10 14:32:48,122: /use_sim_time is not set, will not subscribe to simulated time [/clock] topic
[rospy.internal][INFO] 2021-09-10 14:32:48,136: topic[/move_group/fake_controller_joint_states] adding connection to [http://wng:38069/], count 0
[rospy.internal][INFO] 2021-09-10 14:32:48,399: topic[/rosout] adding connection to [/rosout], count 0
[rospy.internal][INFO] 2021-09-10 14:32:48,399: topic[/joint_states] adding connection to [/joint_state_desired_publisher], count 0
[rospy.internal][INFO] 2021-09-10 14:32:48,400: topic[/joint_states] adding connection to [/robot_state_publisher], count 1
[rospy.core][INFO] 2021-09-10 14:34:54,960: signal_shutdown [signal-2]
[rospy.internal][INFO] 2021-09-10 14:34:54,966: topic[/joint_states] removing connection to /joint_state_desired_publisher
[rospy.internal][INFO] 2021-09-10 14:34:54,966: topic[/joint_states] removing connection to /robot_state_publisher
[rospy.internal][INFO] 2021-09-10 14:34:54,967: topic[/rosout] removing connection to /rosout
[rospy.internal][INFO] 2021-09-10 14:34:54,967: topic[/move_group/fake_controller_joint_states] removing connection to http://wng:38069/
[rospy.impl.masterslave][INFO] 2021-09-10 14:34:54,967: signal-2
[rospy.core][INFO] 2021-09-10 14:34:55,132: signal_shutdown [atexit]
