[rosmaster.main][INFO] 2021-09-10 14:32:47,594: initialization complete, waiting for shutdown
[rosmaster.main][INFO] 2021-09-10 14:32:47,594: Starting ROS Master Node
[xmlrpc][INFO] 2021-09-10 14:32:47,594: XML-RPC server binding to 0.0.0.0:11311
[xmlrpc][INFO] 2021-09-10 14:32:47,594: Started XML-RPC server [http://wng:11311/]
[xmlrpc][INFO] 2021-09-10 14:32:47,594: xml rpc node: starting XML-RPC server
[rosmaster.master][INFO] 2021-09-10 14:32:47,594: Master initialized: port[11311], uri[http://wng:11311/]
[rosmaster.master][INFO] 2021-09-10 14:32:47,637: +PARAM [/run_id] by /roslaunch
[rosmaster.master][INFO] 2021-09-10 14:32:47,638: +PARAM [/roslaunch/uris/host_wng__38815] by /roslaunch
[rosmaster.master][INFO] 2021-09-10 14:32:47,677: +SERVICE [/rosout/get_loggers] /rosout http://wng:37983/
[rosmaster.master][INFO] 2021-09-10 14:32:47,678: +SERVICE [/rosout/set_logger_level] /rosout http://wng:37983/
[rosmaster.master][INFO] 2021-09-10 14:32:47,678: +PUB [/rosout_agg] /rosout http://wng:37983/
[rosmaster.master][INFO] 2021-09-10 14:32:47,679: +SUB [/rosout] /rosout http://wng:37983/
[rosmaster.master][INFO] 2021-09-10 14:32:47,723: +PARAM [/move_group/planner_configs/RRTkConfigDefault/goal_bias] by /roslaunch
[rosmaster.master][INFO] 2021-09-10 14:32:47,723: +PARAM [/move_group/panda_arm/planner_configs] by /roslaunch
[rosmaster.master][INFO] 2021-09-10 14:32:47,723: +PARAM [/robot_description_semantic] by /roslaunch
[rosmaster.master][INFO] 2021-09-10 14:32:47,723: +PARAM [/move_group/planner_configs/SPARStwokConfigDefault/stretch_factor] by /roslaunch
[rosmaster.master][INFO] 2021-09-10 14:32:47,723: +PARAM [/robot_description_planning/joint_limits/panda_joint3/has_acceleration_limits] by /roslaunch
[rosmaster.master][INFO] 2021-09-10 14:32:47,723: +PARAM [/move_group/planner_configs/STRIDEkConfigDefault/max_degree] by /roslaunch
[rosmaster.master][INFO] 2021-09-10 14:32:47,723: +PARAM [/move_group/planner_configs/RRTstarkConfigDefault/range] by /roslaunch
[rosmaster.master][INFO] 2021-09-10 14:32:47,723: +PARAM [/move_group/planner_configs/SPARSkConfigDefault/sparse_delta_fraction] by /roslaunch
[rosmaster.master][INFO] 2021-09-10 14:32:47,723: +PARAM [/move_group/planner_configs/FMTkConfigDefault/radius_multiplier] by /roslaunch
[rosmaster.master][INFO] 2021-09-10 14:32:47,724: +PARAM [/move_group/controller_list] by /roslaunch
[rosmaster.master][INFO] 2021-09-10 14:32:47,724: +PARAM [/move_group/planner_configs/BFMTkConfigDefault/cache_cc] by /roslaunch
[rosmaster.master][INFO] 2021-09-10 14:32:47,724: +PARAM [/move_group/planner_configs/STRIDEkConfigDefault/goal_bias] by /roslaunch
[rosmaster.master][INFO] 2021-09-10 14:32:47,724: +PARAM [/move_group/max_safe_path_cost] by /roslaunch
[rosmaster.master][INFO] 2021-09-10 14:32:47,724: +PARAM [/move_group/planner_configs/BiTRRTkConfigDefault/temp_change_factor] by /roslaunch
[rosmaster.master][INFO] 2021-09-10 14:32:47,724: +PARAM [/move_group/planner_configs/SPARStwokConfigDefault/sparse_delta_fraction] by /roslaunch
[rosmaster.master][INFO] 2021-09-10 14:32:47,724: +PARAM [/move_group/hand/planner_configs] by /roslaunch
[rosmaster.master][INFO] 2021-09-10 14:32:47,724: +PARAM [/move_group/planner_configs/RRTstarkConfigDefault/goal_bias] by /roslaunch
[rosmaster.master][INFO] 2021-09-10 14:32:47,724: +PARAM [/move_group/planner_configs/STRIDEkConfigDefault/range] by /roslaunch
[rosmaster.master][INFO] 2021-09-10 14:32:47,724: +PARAM [/move_group/planning_scene_monitor/publish_planning_scene] by /roslaunch
[rosmaster.master][INFO] 2021-09-10 14:32:47,724: +PARAM [/move_group/octomap_frame] by /roslaunch
[rosmaster.master][INFO] 2021-09-10 14:32:47,724: +PARAM [/move_group/planner_configs/PRMkConfigDefault/type] by /roslaunch
[rosmaster.master][INFO] 2021-09-10 14:32:47,724: +PARAM [/move_group/planner_configs/BiESTkConfigDefault/range] by /roslaunch
[rosmaster.master][INFO] 2021-09-10 14:32:47,724: +PARAM [/move_group/planner_configs/ESTkConfigDefault/range] by /roslaunch
[rosmaster.master][INFO] 2021-09-10 14:32:47,724: +PARAM [/move_group/planner_configs/KPIECEkConfigDefault/min_valid_path_fraction] by /roslaunch
[rosmaster.master][INFO] 2021-09-10 14:32:47,724: +PARAM [/robot_description_planning/joint_limits/panda_finger_joint2/max_acceleration] by /roslaunch
[rosmaster.master][INFO] 2021-09-10 14:32:47,724: +PARAM [/move_group/planner_configs/BKPIECEkConfigDefault/border_fraction] by /roslaunch
[rosmaster.master][INFO] 2021-09-10 14:32:47,724: +PARAM [/move_group/planner_configs/SPARStwokConfigDefault/max_failures] by /roslaunch
[rosmaster.master][INFO] 2021-09-10 14:32:47,724: +PARAM [/move_group/planner_configs/BiTRRTkConfigDefault/frountier_node_ratio] by /roslaunch
[rosmaster.master][INFO] 2021-09-10 14:32:47,724: +PARAM [/move_group/planner_configs/PRMkConfigDefault/max_nearest_neighbors] by /roslaunch
[rosmaster.master][INFO] 2021-09-10 14:32:47,724: +PARAM [/move_group/planner_configs/BiTRRTkConfigDefault/cost_threshold] by /roslaunch
[rosmaster.master][INFO] 2021-09-10 14:32:47,724: +PARAM [/robot_description_kinematics/panda_arm/kinematics_solver] by /roslaunch
[rosmaster.master][INFO] 2021-09-10 14:32:47,724: +PARAM [/move_group/planner_configs/TRRTkConfigDefault/goal_bias] by /roslaunch
[rosmaster.master][INFO] 2021-09-10 14:32:47,725: +PARAM [/move_group/planner_configs/LBTRRTkConfigDefault/type] by /roslaunch
[rosmaster.master][INFO] 2021-09-10 14:32:47,725: +PARAM [/move_group/planner_configs/FMTkConfigDefault/cache_cc] by /roslaunch
[rosmaster.master][INFO] 2021-09-10 14:32:47,725: +PARAM [/robot_description_planning/joint_limits/panda_joint2/max_velocity] by /roslaunch
[rosmaster.master][INFO] 2021-09-10 14:32:47,725: +PARAM [/robot_description_planning/joint_limits/panda_joint5/max_acceleration] by /roslaunch
[rosmaster.master][INFO] 2021-09-10 14:32:47,725: +PARAM [/move_group/planner_configs/FMTkConfigDefault/type] by /roslaunch
[rosmaster.master][INFO] 2021-09-10 14:32:47,725: +PARAM [/move_group/planner_configs/ProjESTkConfigDefault/type] by /roslaunch
[rosmaster.master][INFO] 2021-09-10 14:32:47,725: +PARAM [/move_group/planner_configs/LBTRRTkConfigDefault/epsilon] by /roslaunch
[rosmaster.master][INFO] 2021-09-10 14:32:47,725: +PARAM [/move_group/planner_configs/LazyPRMkConfigDefault/type] by /roslaunch
[rosmaster.master][INFO] 2021-09-10 14:32:47,725: +PARAM [/move_group/planner_configs/STRIDEkConfigDefault/min_degree] by /roslaunch
[rosmaster.master][INFO] 2021-09-10 14:32:47,725: +PARAM [/move_group/planner_configs/TRRTkConfigDefault/max_states_failed] by /roslaunch
[rosmaster.master][INFO] 2021-09-10 14:32:47,725: +PARAM [/move_group/planner_configs/BKPIECEkConfigDefault/min_valid_path_fraction] by /roslaunch
[rosmaster.master][INFO] 2021-09-10 14:32:47,725: +PARAM [/move_group/planner_configs/SBLkConfigDefault/range] by /roslaunch
[rosmaster.master][INFO] 2021-09-10 14:32:47,725: +PARAM [/robot_description_planning/joint_limits/panda_finger_joint2/has_acceleration_limits] by /roslaunch
[rosmaster.master][INFO] 2021-09-10 14:32:47,725: +PARAM [/robot_description_planning/joint_limits/panda_joint6/max_velocity] by /roslaunch
[rosmaster.master][INFO] 2021-09-10 14:32:47,725: +PARAM [/move_group/planner_configs/TRRTkConfigDefault/frountierNodeRatio] by /roslaunch
[rosmaster.master][INFO] 2021-09-10 14:32:47,725: +PARAM [/move_group/planner_configs/BFMTkConfigDefault/type] by /roslaunch
[rosmaster.master][INFO] 2021-09-10 14:32:47,725: +PARAM [/robot_description_planning/joint_limits/panda_joint3/max_acceleration] by /roslaunch
[rosmaster.master][INFO] 2021-09-10 14:32:47,725: +PARAM [/move_group/planning_plugin] by /roslaunch
[rosmaster.master][INFO] 2021-09-10 14:32:47,725: +PARAM [/rviz_wng_27863_390602490548879703/panda_arm/kinematics_solver_search_resolution] by /roslaunch
[rosmaster.master][INFO] 2021-09-10 14:32:47,725: +PARAM [/robot_description_planning/joint_limits/panda_joint7/max_velocity] by /roslaunch
[rosmaster.master][INFO] 2021-09-10 14:32:47,726: +PARAM [/move_group/planning_scene_monitor/publish_geometry_updates] by /roslaunch
[rosmaster.master][INFO] 2021-09-10 14:32:47,726: +PARAM [/move_group/planner_configs/LazyPRMkConfigDefault/range] by /roslaunch
[rosmaster.master][INFO] 2021-09-10 14:32:47,726: +PARAM [/move_group/planner_configs/TRRTkConfigDefault/type] by /roslaunch
[rosmaster.master][INFO] 2021-09-10 14:32:47,726: +PARAM [/robot_description_planning/joint_limits/panda_joint5/max_velocity] by /roslaunch
[rosmaster.master][INFO] 2021-09-10 14:32:47,726: +PARAM [/move_group/planner_configs/BiTRRTkConfigDefault/init_temperature] by /roslaunch
[rosmaster.master][INFO] 2021-09-10 14:32:47,726: +PARAM [/move_group/planner_configs/SPARSkConfigDefault/max_failures] by /roslaunch
[rosmaster.master][INFO] 2021-09-10 14:32:47,726: +PARAM [/move_group/planner_configs/BiTRRTkConfigDefault/range] by /roslaunch
[rosmaster.master][INFO] 2021-09-10 14:32:47,726: +PARAM [/move_group/planner_configs/PDSTkConfigDefault/type] by /roslaunch
[rosmaster.master][INFO] 2021-09-10 14:32:47,726: +PARAM [/move_group/trajectory_execution/allowed_goal_duration_margin] by /roslaunch
[rosmaster.master][INFO] 2021-09-10 14:32:47,726: +PARAM [/rosdistro] by /roslaunch
[rosmaster.master][INFO] 2021-09-10 14:32:47,726: +PARAM [/robot_description_planning/joint_limits/panda_joint1/has_velocity_limits] by /roslaunch
[rosmaster.master][INFO] 2021-09-10 14:32:47,726: +PARAM [/move_group/planner_configs/STRIDEkConfigDefault/max_pts_per_leaf] by /roslaunch
[rosmaster.master][INFO] 2021-09-10 14:32:47,726: +PARAM [/move_group/planner_configs/BFMTkConfigDefault/nearest_k] by /roslaunch
[rosmaster.master][INFO] 2021-09-10 14:32:47,726: +PARAM [/move_group/planner_configs/LazyPRMstarkConfigDefault/type] by /roslaunch
[rosmaster.master][INFO] 2021-09-10 14:32:47,726: +PARAM [/robot_description_kinematics/panda_arm/kinematics_solver_timeout] by /roslaunch
[rosmaster.master][INFO] 2021-09-10 14:32:47,726: +PARAM [/move_group/planner_configs/PRMstarkConfigDefault/type] by /roslaunch
[rosmaster.master][INFO] 2021-09-10 14:32:47,726: +PARAM [/move_group/planner_configs/RRTkConfigDefault/range] by /roslaunch
[rosmaster.master][INFO] 2021-09-10 14:32:47,726: +PARAM [/move_group/allow_trajectory_execution] by /roslaunch
[rosmaster.master][INFO] 2021-09-10 14:32:47,726: +PARAM [/move_group/planner_configs/SPARSkConfigDefault/stretch_factor] by /roslaunch
[rosmaster.master][INFO] 2021-09-10 14:32:47,726: +PARAM [/ROS_IP] by /roslaunch
[rosmaster.master][INFO] 2021-09-10 14:32:47,726: +PARAM [/move_group/planner_configs/ESTkConfigDefault/type] by /roslaunch
[rosmaster.master][INFO] 2021-09-10 14:32:47,726: +PARAM [/robot_description_planning/joint_limits/panda_joint4/max_acceleration] by /roslaunch
[rosmaster.master][INFO] 2021-09-10 14:32:47,727: +PARAM [/move_group/start_state_max_bounds_error] by /roslaunch
[rosmaster.master][INFO] 2021-09-10 14:32:47,727: +PARAM [/robot_description_planning/joint_limits/panda_finger_joint2/has_velocity_limits] by /roslaunch
[rosmaster.master][INFO] 2021-09-10 14:32:47,727: +PARAM [/move_group/max_range] by /roslaunch
[rosmaster.master][INFO] 2021-09-10 14:32:47,727: +PARAM [/robot_description_kinematics/panda_arm/kinematics_solver_search_resolution] by /roslaunch
[rosmaster.master][INFO] 2021-09-10 14:32:47,727: +PARAM [/robot_description_planning/joint_limits/panda_joint2/max_acceleration] by /roslaunch
[rosmaster.master][INFO] 2021-09-10 14:32:47,727: +PARAM [/move_group/planner_configs/RRTstarkConfigDefault/type] by /roslaunch
[rosmaster.master][INFO] 2021-09-10 14:32:47,727: +PARAM [/move_group/planner_configs/STRIDEkConfigDefault/min_valid_path_fraction] by /roslaunch
[rosmaster.master][INFO] 2021-09-10 14:32:47,727: +PARAM [/robot_description_planning/joint_limits/panda_joint7/has_acceleration_limits] by /roslaunch
[rosmaster.master][INFO] 2021-09-10 14:32:47,727: +PARAM [/move_group/planner_configs/BiTRRTkConfigDefault/frountier_threshold] by /roslaunch
[rosmaster.master][INFO] 2021-09-10 14:32:47,727: +PARAM [/robot_description_planning/joint_limits/panda_joint5/has_acceleration_limits] by /roslaunch
[rosmaster.master][INFO] 2021-09-10 14:32:47,727: +PARAM [/joint_state_publisher/use_gui] by /roslaunch
[rosmaster.master][INFO] 2021-09-10 14:32:47,727: +PARAM [/move_group/planner_configs/BKPIECEkConfigDefault/type] by /roslaunch
[rosmaster.master][INFO] 2021-09-10 14:32:47,727: +PARAM [/robot_description_planning/joint_limits/panda_joint7/max_acceleration] by /roslaunch
[rosmaster.master][INFO] 2021-09-10 14:32:47,727: +PARAM [/robot_description_planning/joint_limits/panda_joint6/max_acceleration] by /roslaunch
[rosmaster.master][INFO] 2021-09-10 14:32:47,727: +PARAM [/move_group/trajectory_execution/allowed_execution_duration_scaling] by /roslaunch
[rosmaster.master][INFO] 2021-09-10 14:32:47,727: +PARAM [/move_group/planner_configs/KPIECEkConfigDefault/border_fraction] by /roslaunch
[rosmaster.master][INFO] 2021-09-10 14:32:47,727: +PARAM [/move_group/trajectory_execution/allowed_start_tolerance] by /roslaunch
[rosmaster.master][INFO] 2021-09-10 14:32:47,727: +PARAM [/robot_description_planning/joint_limits/panda_joint3/max_velocity] by /roslaunch
[rosmaster.master][INFO] 2021-09-10 14:32:47,727: +PARAM [/move_group/moveit_manage_controllers] by /roslaunch
[rosmaster.master][INFO] 2021-09-10 14:32:47,727: +PARAM [/move_group/panda_arm_hand/planner_configs] by /roslaunch
[rosmaster.master][INFO] 2021-09-10 14:32:47,727: +PARAM [/move_group/planner_configs/FMTkConfigDefault/heuristics] by /roslaunch
[rosmaster.master][INFO] 2021-09-10 14:32:47,727: +PARAM [/rviz_wng_27863_390602490548879703/panda_arm/kinematics_solver] by /roslaunch
[rosmaster.master][INFO] 2021-09-10 14:32:47,727: +PARAM [/move_group/planner_configs/BFMTkConfigDefault/optimality] by /roslaunch
[rosmaster.master][INFO] 2021-09-10 14:32:47,728: +PARAM [/robot_description_planning/joint_limits/panda_joint2/has_acceleration_limits] by /roslaunch
[rosmaster.master][INFO] 2021-09-10 14:32:47,728: +PARAM [/move_group/planner_configs/FMTkConfigDefault/nearest_k] by /roslaunch
[rosmaster.master][INFO] 2021-09-10 14:32:47,728: +PARAM [/move_group/planner_configs/ProjESTkConfigDefault/goal_bias] by /roslaunch
[rosmaster.master][INFO] 2021-09-10 14:32:47,728: +PARAM [/move_group/planner_configs/ESTkConfigDefault/goal_bias] by /roslaunch
[rosmaster.master][INFO] 2021-09-10 14:32:47,728: +PARAM [/move_group/planner_configs/BFMTkConfigDefault/radius_multiplier] by /roslaunch
[rosmaster.master][INFO] 2021-09-10 14:32:47,728: +PARAM [/move_group/planner_configs/LBKPIECEkConfigDefault/border_fraction] by /roslaunch
[rosmaster.master][INFO] 2021-09-10 14:32:47,728: +PARAM [/move_group/jiggle_fraction] by /roslaunch
[rosmaster.master][INFO] 2021-09-10 14:32:47,728: +PARAM [/move_group/planner_configs/SPARStwokConfigDefault/dense_delta_fraction] by /roslaunch
[rosmaster.master][INFO] 2021-09-10 14:32:47,728: +PARAM [/move_group/planner_configs/BFMTkConfigDefault/num_samples] by /roslaunch
[rosmaster.master][INFO] 2021-09-10 14:32:47,728: +PARAM [/move_group/planner_configs/TRRTkConfigDefault/range] by /roslaunch
[rosmaster.master][INFO] 2021-09-10 14:32:47,728: +PARAM [/move_group/planning_scene_monitor/publish_state_updates] by /roslaunch
[rosmaster.master][INFO] 2021-09-10 14:32:47,728: +PARAM [/move_group/planner_configs/TRRTkConfigDefault/temp_change_factor] by /roslaunch
[rosmaster.master][INFO] 2021-09-10 14:32:47,728: +PARAM [/robot_description_planning/joint_limits/panda_joint1/max_velocity] by /roslaunch
[rosmaster.master][INFO] 2021-09-10 14:32:47,728: +PARAM [/move_group/planner_configs/BKPIECEkConfigDefault/range] by /roslaunch
[rosmaster.master][INFO] 2021-09-10 14:32:47,728: +PARAM [/move_group/planner_configs/SBLkConfigDefault/type] by /roslaunch
[rosmaster.master][INFO] 2021-09-10 14:32:47,728: +PARAM [/robot_description_planning/joint_limits/panda_finger_joint1/has_velocity_limits] by /roslaunch
[rosmaster.master][INFO] 2021-09-10 14:32:47,728: +PARAM [/move_group/planner_configs/LBTRRTkConfigDefault/range] by /roslaunch
[rosmaster.master][INFO] 2021-09-10 14:32:47,728: +PARAM [/robot_description] by /roslaunch
[rosmaster.master][INFO] 2021-09-10 14:32:47,728: +PARAM [/move_group/planner_configs/FMTkConfigDefault/extended_fmt] by /roslaunch
[rosmaster.master][INFO] 2021-09-10 14:32:47,728: +PARAM [/move_group/planner_configs/LBKPIECEkConfigDefault/range] by /roslaunch
[rosmaster.master][INFO] 2021-09-10 14:32:47,728: +PARAM [/robot_description_planning/joint_limits/panda_joint5/has_velocity_limits] by /roslaunch
[rosmaster.master][INFO] 2021-09-10 14:32:47,728: +PARAM [/robot_description_planning/joint_limits/panda_finger_joint1/max_velocity] by /roslaunch
[rosmaster.master][INFO] 2021-09-10 14:32:47,728: +PARAM [/move_group/moveit_controller_manager] by /roslaunch
[rosmaster.master][INFO] 2021-09-10 14:32:47,729: +PARAM [/robot_description_planning/joint_limits/panda_joint1/max_acceleration] by /roslaunch
[rosmaster.master][INFO] 2021-09-10 14:32:47,729: +PARAM [/move_group/planner_configs/TRRTkConfigDefault/frountier_threshold] by /roslaunch
[rosmaster.master][INFO] 2021-09-10 14:32:47,729: +PARAM [/move_group/planner_configs/BFMTkConfigDefault/heuristics] by /roslaunch
[rosmaster.master][INFO] 2021-09-10 14:32:47,729: +PARAM [/robot_description_planning/joint_limits/panda_finger_joint1/has_acceleration_limits] by /roslaunch
[rosmaster.master][INFO] 2021-09-10 14:32:47,729: +PARAM [/move_group/planner_configs/KPIECEkConfigDefault/range] by /roslaunch
[rosmaster.master][INFO] 2021-09-10 14:32:47,729: +PARAM [/robot_description_planning/joint_limits/panda_joint7/has_velocity_limits] by /roslaunch
[rosmaster.master][INFO] 2021-09-10 14:32:47,729: +PARAM [/move_group/planner_configs/KPIECEkConfigDefault/goal_bias] by /roslaunch
[rosmaster.master][INFO] 2021-09-10 14:32:47,729: +PARAM [/move_group/planner_configs/RRTConnectkConfigDefault/range] by /roslaunch
[rosmaster.master][INFO] 2021-09-10 14:32:47,729: +PARAM [/robot_description_planning/joint_limits/panda_joint4/has_velocity_limits] by /roslaunch
[rosmaster.master][INFO] 2021-09-10 14:32:47,729: +PARAM [/move_group/request_adapters] by /roslaunch
[rosmaster.master][INFO] 2021-09-10 14:32:47,729: +PARAM [/move_group/planner_configs/TRRTkConfigDefault/min_temperature] by /roslaunch
[rosmaster.master][INFO] 2021-09-10 14:32:47,729: +PARAM [/robot_description_planning/joint_limits/panda_joint6/has_acceleration_limits] by /roslaunch
[rosmaster.master][INFO] 2021-09-10 14:32:47,729: +PARAM [/move_group/planner_configs/BFMTkConfigDefault/balanced] by /roslaunch
[rosmaster.master][INFO] 2021-09-10 14:32:47,729: +PARAM [/move_group/planner_configs/ProjESTkConfigDefault/range] by /roslaunch
[rosmaster.master][INFO] 2021-09-10 14:32:47,729: +PARAM [/move_group/octomap_resolution] by /roslaunch
[rosmaster.master][INFO] 2021-09-10 14:32:47,729: +PARAM [/move_group/planner_configs/STRIDEkConfigDefault/degree] by /roslaunch
[rosmaster.master][INFO] 2021-09-10 14:32:47,729: +PARAM [/move_group/planner_configs/KPIECEkConfigDefault/failed_expansion_score_factor] by /roslaunch
[rosmaster.master][INFO] 2021-09-10 14:32:47,729: +PARAM [/move_group/initial] by /roslaunch
[rosmaster.master][INFO] 2021-09-10 14:32:47,729: +PARAM [/move_group/planning_scene_monitor/publish_transforms_updates] by /roslaunch
[rosmaster.master][INFO] 2021-09-10 14:32:47,729: +PARAM [/move_group/planner_configs/SPARSkConfigDefault/type] by /roslaunch
[rosmaster.master][INFO] 2021-09-10 14:32:47,729: +PARAM [/move_group/planner_configs/TRRTkConfigDefault/init_temperature] by /roslaunch
[rosmaster.master][INFO] 2021-09-10 14:32:47,729: +PARAM [/move_group/sensors] by /roslaunch
[rosmaster.master][INFO] 2021-09-10 14:32:47,729: +PARAM [/robot_description_planning/joint_limits/panda_joint1/has_acceleration_limits] by /roslaunch
[rosmaster.master][INFO] 2021-09-10 14:32:47,730: +PARAM [/move_group/planner_configs/STRIDEkConfigDefault/type] by /roslaunch
[rosmaster.master][INFO] 2021-09-10 14:32:47,730: +PARAM [/move_group/planner_configs/TrajOptDefault/type] by /roslaunch
[rosmaster.master][INFO] 2021-09-10 14:32:47,730: +PARAM [/move_group/planner_configs/RRTstarkConfigDefault/delay_collision_checking] by /roslaunch
[rosmaster.master][INFO] 2021-09-10 14:32:47,730: +PARAM [/move_group/planner_configs/KPIECEkConfigDefault/type] by /roslaunch
[rosmaster.master][INFO] 2021-09-10 14:32:47,730: +PARAM [/robot_description_planning/joint_limits/panda_joint3/has_velocity_limits] by /roslaunch
[rosmaster.master][INFO] 2021-09-10 14:32:47,730: +PARAM [/robot_description_planning/joint_limits/panda_joint6/has_velocity_limits] by /roslaunch
[rosmaster.master][INFO] 2021-09-10 14:32:47,730: +PARAM [/move_group/planner_configs/BiTRRTkConfigDefault/type] by /roslaunch
[rosmaster.master][INFO] 2021-09-10 14:32:47,730: +PARAM [/robot_description_planning/joint_limits/panda_finger_joint2/max_velocity] by /roslaunch
[rosmaster.master][INFO] 2021-09-10 14:32:47,730: +PARAM [/move_group/planner_configs/RRTConnectkConfigDefault/type] by /roslaunch
[rosmaster.master][INFO] 2021-09-10 14:32:47,730: +PARAM [/move_group/planner_configs/SPARSkConfigDefault/dense_delta_fraction] by /roslaunch
[rosmaster.master][INFO] 2021-09-10 14:32:47,730: +PARAM [/move_group/planner_configs/LBTRRTkConfigDefault/goal_bias] by /roslaunch
[rosmaster.master][INFO] 2021-09-10 14:32:47,730: +PARAM [/robot_description_planning/joint_limits/panda_finger_joint1/max_acceleration] by /roslaunch
[rosmaster.master][INFO] 2021-09-10 14:32:47,730: +PARAM [/move_group/planner_configs/BKPIECEkConfigDefault/failed_expansion_score_factor] by /roslaunch
[rosmaster.master][INFO] 2021-09-10 14:32:47,730: +PARAM [/rviz_wng_27863_390602490548879703/panda_arm/kinematics_solver_timeout] by /roslaunch
[rosmaster.master][INFO] 2021-09-10 14:32:47,730: +PARAM [/move_group/planner_configs/LBKPIECEkConfigDefault/min_valid_path_fraction] by /roslaunch
[rosmaster.master][INFO] 2021-09-10 14:32:47,730: +PARAM [/rosversion] by /roslaunch
[rosmaster.master][INFO] 2021-09-10 14:32:47,730: +PARAM [/move_group/planner_configs/BiESTkConfigDefault/type] by /roslaunch
[rosmaster.master][INFO] 2021-09-10 14:32:47,730: +PARAM [/robot_description_planning/joint_limits/panda_joint2/has_velocity_limits] by /roslaunch
[rosmaster.master][INFO] 2021-09-10 14:32:47,730: +PARAM [/move_group/planner_configs/STRIDEkConfigDefault/estimated_dimension] by /roslaunch
[rosmaster.master][INFO] 2021-09-10 14:32:47,730: +PARAM [/move_group/planner_configs/STRIDEkConfigDefault/use_projected_distance] by /roslaunch
[rosmaster.master][INFO] 2021-09-10 14:32:47,730: +PARAM [/move_group/planner_configs/TRRTkConfigDefault/k_constant] by /roslaunch
[rosmaster.master][INFO] 2021-09-10 14:32:47,730: +PARAM [/move_group/planner_configs/FMTkConfigDefault/num_samples] by /roslaunch
[rosmaster.master][INFO] 2021-09-10 14:32:47,730: +PARAM [/move_group/planner_configs/LBKPIECEkConfigDefault/type] by /roslaunch
[rosmaster.master][INFO] 2021-09-10 14:32:47,730: +PARAM [/move_group/planner_configs/BFMTkConfigDefault/extended_fmt] by /roslaunch
[rosmaster.master][INFO] 2021-09-10 14:32:47,731: +PARAM [/robot_description_planning/joint_limits/panda_joint4/max_velocity] by /roslaunch
[rosmaster.master][INFO] 2021-09-10 14:32:47,731: +PARAM [/robot_description_planning/joint_limits/panda_joint4/has_acceleration_limits] by /roslaunch
[rosmaster.master][INFO] 2021-09-10 14:32:47,731: +PARAM [/move_group/planner_configs/SPARStwokConfigDefault/type] by /roslaunch
[rosmaster.master][INFO] 2021-09-10 14:32:47,731: +PARAM [/move_group/planner_configs/RRTkConfigDefault/type] by /roslaunch
[rosmaster.master][INFO] 2021-09-10 14:32:47,731: +PARAM [/source_list] by /roslaunch
[rosmaster.master][INFO] 2021-09-10 14:32:47,764: +PUB [/rosout] /joint_state_desired_publisher http://wng:42215/
[rosmaster.master][INFO] 2021-09-10 14:32:47,765: +SERVICE [/joint_state_desired_publisher/get_loggers] /joint_state_desired_publisher http://wng:42215/
[rosmaster.master][INFO] 2021-09-10 14:32:47,765: +SERVICE [/joint_state_desired_publisher/set_logger_level] /joint_state_desired_publisher http://wng:42215/
[rosmaster.master][INFO] 2021-09-10 14:32:47,768: +SUB [/joint_states] /joint_state_desired_publisher http://wng:42215/
[rosmaster.master][INFO] 2021-09-10 14:32:47,780: +PUB [/rosout] /robot_state_publisher http://wng:37191/
[rosmaster.master][INFO] 2021-09-10 14:32:47,781: +SERVICE [/robot_state_publisher/get_loggers] /robot_state_publisher http://wng:37191/
[rosmaster.master][INFO] 2021-09-10 14:32:47,781: +SERVICE [/robot_state_publisher/set_logger_level] /robot_state_publisher http://wng:37191/
[rosmaster.master][INFO] 2021-09-10 14:32:47,784: +PUB [/tf] /robot_state_publisher http://wng:37191/
[rosmaster.master][INFO] 2021-09-10 14:32:47,785: +PUB [/tf_static] /robot_state_publisher http://wng:37191/
[rosmaster.master][INFO] 2021-09-10 14:32:47,788: +SUB [/joint_states] /robot_state_publisher http://wng:37191/
[rosmaster.master][INFO] 2021-09-10 14:32:47,794: publisherUpdate[/rosout] -> http://wng:37983/ ['http://wng:42215/']
[rosmaster.master][INFO] 2021-09-10 14:32:47,796: publisherUpdate[/rosout] -> http://wng:37983/ ['http://wng:42215/']: sec=0.00, result=[1, '', 0]
[rosmaster.master][INFO] 2021-09-10 14:32:47,796: publisherUpdate[/rosout] -> http://wng:37983/ ['http://wng:42215/', 'http://wng:37191/']
[rosmaster.master][INFO] 2021-09-10 14:32:47,796: publisherUpdate[/rosout] -> http://wng:37983/ ['http://wng:42215/', 'http://wng:37191/']: sec=0.00, result=[1, '', 0]
[rosmaster.master][INFO] 2021-09-10 14:32:47,819: +PUB [/rosout] /move_group http://wng:38069/
[rosmaster.master][INFO] 2021-09-10 14:32:47,819: +SERVICE [/move_group/get_loggers] /move_group http://wng:38069/
[rosmaster.master][INFO] 2021-09-10 14:32:47,819: +SERVICE [/move_group/set_logger_level] /move_group http://wng:38069/
[rosmaster.master][INFO] 2021-09-10 14:32:47,821: +SUB [/tf] /move_group http://wng:38069/
[rosmaster.master][INFO] 2021-09-10 14:32:47,823: +SUB [/tf_static] /move_group http://wng:38069/
[rosmaster.master][INFO] 2021-09-10 14:32:47,827: +CACHEDPARAM [/rosout_disable_topics_generation] by /move_group
[rosmaster.master][INFO] 2021-09-10 14:32:47,880: +SERVICE [/move_group/planning_scene_monitor/set_parameters] /move_group http://wng:38069/
[rosmaster.master][INFO] 2021-09-10 14:32:47,881: +PUB [/move_group/planning_scene_monitor/parameter_descriptions] /move_group http://wng:38069/
[rosmaster.master][INFO] 2021-09-10 14:32:47,881: +PUB [/move_group/planning_scene_monitor/parameter_updates] /move_group http://wng:38069/
[rosmaster.master][INFO] 2021-09-10 14:32:47,882: +PARAM [/move_group/planning_scene_monitor/publish_planning_scene] by /move_group
[rosmaster.master][INFO] 2021-09-10 14:32:47,882: +PARAM [/move_group/planning_scene_monitor/publish_planning_scene_hz] by /move_group
[rosmaster.master][INFO] 2021-09-10 14:32:47,882: +PARAM [/move_group/planning_scene_monitor/publish_geometry_updates] by /move_group
[rosmaster.master][INFO] 2021-09-10 14:32:47,883: +PARAM [/move_group/planning_scene_monitor/publish_state_updates] by /move_group
[rosmaster.master][INFO] 2021-09-10 14:32:47,883: +PARAM [/move_group/planning_scene_monitor/publish_transforms_updates] by /move_group
[rosmaster.master][INFO] 2021-09-10 14:32:47,883: +PUB [/move_group/monitored_planning_scene] /move_group http://wng:38069/
[rosmaster.master][INFO] 2021-09-10 14:32:47,883: +PARAM [/move_group/planning_scene_monitor/publish_planning_scene] by /move_group
[rosmaster.master][INFO] 2021-09-10 14:32:47,884: +PARAM [/move_group/planning_scene_monitor/publish_planning_scene_hz] by /move_group
[rosmaster.master][INFO] 2021-09-10 14:32:47,884: +PARAM [/move_group/planning_scene_monitor/publish_geometry_updates] by /move_group
[rosmaster.master][INFO] 2021-09-10 14:32:47,884: +PARAM [/move_group/planning_scene_monitor/publish_state_updates] by /move_group
[rosmaster.master][INFO] 2021-09-10 14:32:47,884: +PARAM [/move_group/planning_scene_monitor/publish_transforms_updates] by /move_group
[rosmaster.master][INFO] 2021-09-10 14:32:47,885: +SUB [/planning_scene] /move_group http://wng:38069/
[rosmaster.master][INFO] 2021-09-10 14:32:47,886: +SUB [/collision_object] /move_group http://wng:38069/
[rosmaster.master][INFO] 2021-09-10 14:32:47,887: +SUB [/planning_scene_world] /move_group http://wng:38069/
[rosmaster.master][INFO] 2021-09-10 14:32:47,891: +PUB [/move_group/filtered_cloud] /move_group http://wng:38069/
[rosmaster.master][INFO] 2021-09-10 14:32:47,891: +SERVICE [/move_group/save_map] /move_group http://wng:38069/
[rosmaster.master][INFO] 2021-09-10 14:32:47,891: +SERVICE [/move_group/load_map] /move_group http://wng:38069/
[rosmaster.master][INFO] 2021-09-10 14:32:47,894: +SUB [/camera/depth_registered/points] /move_group http://wng:38069/
[rosmaster.master][INFO] 2021-09-10 14:32:47,894: publisherUpdate[/rosout] -> http://wng:37983/ ['http://wng:42215/', 'http://wng:37191/', 'http://wng:38069/']
[rosmaster.master][INFO] 2021-09-10 14:32:47,895: publisherUpdate[/rosout] -> http://wng:37983/ ['http://wng:42215/', 'http://wng:37191/', 'http://wng:38069/']: sec=0.00, result=[1, '', 0]
[rosmaster.master][INFO] 2021-09-10 14:32:47,895: +SUB [/joint_states_desired] /move_group http://wng:38069/
[rosmaster.master][INFO] 2021-09-10 14:32:47,896: +SUB [/attached_collision_object] /move_group http://wng:38069/
[rosmaster.master][INFO] 2021-09-10 14:32:47,939: +PUB [/rosout] /rviz_wng_27863_390602490548879703 http://wng:43583/
[rosmaster.master][INFO] 2021-09-10 14:32:47,940: +SERVICE [/rviz_wng_27863_390602490548879703/get_loggers] /rviz_wng_27863_390602490548879703 http://wng:43583/
[rosmaster.master][INFO] 2021-09-10 14:32:47,941: +SERVICE [/rviz_wng_27863_390602490548879703/set_logger_level] /rviz_wng_27863_390602490548879703 http://wng:43583/
[rosmaster.master][INFO] 2021-09-10 14:32:47,942: +CACHEDPARAM [/rosout_disable_topics_generation] by /rviz_wng_27863_390602490548879703
[rosmaster.master][INFO] 2021-09-10 14:32:47,944: +SERVICE [/move_group/ompl/set_parameters] /move_group http://wng:38069/
[rosmaster.master][INFO] 2021-09-10 14:32:47,944: +PUB [/move_group/ompl/parameter_descriptions] /move_group http://wng:38069/
[rosmaster.master][INFO] 2021-09-10 14:32:47,945: +PUB [/move_group/ompl/parameter_updates] /move_group http://wng:38069/
[rosmaster.master][INFO] 2021-09-10 14:32:47,946: +PARAM [/move_group/ompl/simplify_solutions] by /move_group
[rosmaster.master][INFO] 2021-09-10 14:32:47,946: +PARAM [/move_group/ompl/minimum_waypoint_count] by /move_group
[rosmaster.master][INFO] 2021-09-10 14:32:47,946: +PARAM [/move_group/ompl/maximum_waypoint_distance] by /move_group
[rosmaster.master][INFO] 2021-09-10 14:32:47,946: +PARAM [/move_group/ompl/link_for_exploration_tree] by /move_group
[rosmaster.master][INFO] 2021-09-10 14:32:47,946: +PARAM [/move_group/ompl/display_random_valid_states] by /move_group
[rosmaster.master][INFO] 2021-09-10 14:32:47,947: +PARAM [/move_group/ompl/simplify_solutions] by /move_group
[rosmaster.master][INFO] 2021-09-10 14:32:47,947: +PARAM [/move_group/ompl/minimum_waypoint_count] by /move_group
[rosmaster.master][INFO] 2021-09-10 14:32:47,947: +PARAM [/move_group/ompl/maximum_waypoint_distance] by /move_group
[rosmaster.master][INFO] 2021-09-10 14:32:47,947: +PARAM [/move_group/ompl/link_for_exploration_tree] by /move_group
[rosmaster.master][INFO] 2021-09-10 14:32:47,947: +PARAM [/move_group/ompl/display_random_valid_states] by /move_group
[rosmaster.master][INFO] 2021-09-10 14:32:47,952: +PUB [/move_group/display_planned_path] /move_group http://wng:38069/
[rosmaster.master][INFO] 2021-09-10 14:32:47,952: +PUB [/move_group/display_contacts] /move_group http://wng:38069/
[rosmaster.master][INFO] 2021-09-10 14:32:47,956: +PUB [/move_group/fake_controller_joint_states] /move_group http://wng:38069/
[rosmaster.master][INFO] 2021-09-10 14:32:47,978: +SUB [/trajectory_execution_event] /move_group http://wng:38069/
[rosmaster.master][INFO] 2021-09-10 14:32:47,978: +SERVICE [/move_group/trajectory_execution/set_parameters] /move_group http://wng:38069/
[rosmaster.master][INFO] 2021-09-10 14:32:47,978: +PUB [/move_group/trajectory_execution/parameter_descriptions] /move_group http://wng:38069/
[rosmaster.master][INFO] 2021-09-10 14:32:47,979: +PUB [/move_group/trajectory_execution/parameter_updates] /move_group http://wng:38069/
[rosmaster.master][INFO] 2021-09-10 14:32:47,980: +PARAM [/move_group/trajectory_execution/execution_duration_monitoring] by /move_group
[rosmaster.master][INFO] 2021-09-10 14:32:47,980: +PARAM [/move_group/trajectory_execution/allowed_execution_duration_scaling] by /move_group
[rosmaster.master][INFO] 2021-09-10 14:32:47,980: +PARAM [/move_group/trajectory_execution/allowed_goal_duration_margin] by /move_group
[rosmaster.master][INFO] 2021-09-10 14:32:47,980: +PARAM [/move_group/trajectory_execution/execution_velocity_scaling] by /move_group
[rosmaster.master][INFO] 2021-09-10 14:32:47,980: +PARAM [/move_group/trajectory_execution/allowed_start_tolerance] by /move_group
[rosmaster.master][INFO] 2021-09-10 14:32:47,981: +PARAM [/move_group/trajectory_execution/wait_for_trajectory_completion] by /move_group
[rosmaster.master][INFO] 2021-09-10 14:32:47,981: +PARAM [/move_group/trajectory_execution/execution_duration_monitoring] by /move_group
[rosmaster.master][INFO] 2021-09-10 14:32:47,981: +PARAM [/move_group/trajectory_execution/allowed_execution_duration_scaling] by /move_group
[rosmaster.master][INFO] 2021-09-10 14:32:47,981: +PARAM [/move_group/trajectory_execution/allowed_goal_duration_margin] by /move_group
[rosmaster.master][INFO] 2021-09-10 14:32:47,981: +PARAM [/move_group/trajectory_execution/execution_velocity_scaling] by /move_group
[rosmaster.master][INFO] 2021-09-10 14:32:47,982: +PARAM [/move_group/trajectory_execution/allowed_start_tolerance] by /move_group
[rosmaster.master][INFO] 2021-09-10 14:32:47,982: +PARAM [/move_group/trajectory_execution/wait_for_trajectory_completion] by /move_group
[rosmaster.master][INFO] 2021-09-10 14:32:47,982: +SERVICE [/move_group/plan_execution/set_parameters] /move_group http://wng:38069/
[rosmaster.master][INFO] 2021-09-10 14:32:47,982: +PUB [/move_group/plan_execution/parameter_descriptions] /move_group http://wng:38069/
[rosmaster.master][INFO] 2021-09-10 14:32:47,983: +PUB [/move_group/plan_execution/parameter_updates] /move_group http://wng:38069/
[rosmaster.master][INFO] 2021-09-10 14:32:47,983: +PARAM [/move_group/plan_execution/max_replan_attempts] by /move_group
[rosmaster.master][INFO] 2021-09-10 14:32:47,983: +PARAM [/move_group/plan_execution/record_trajectory_state_frequency] by /move_group
[rosmaster.master][INFO] 2021-09-10 14:32:47,983: +PARAM [/move_group/plan_execution/max_replan_attempts] by /move_group
[rosmaster.master][INFO] 2021-09-10 14:32:47,984: +PARAM [/move_group/plan_execution/record_trajectory_state_frequency] by /move_group
[rosmaster.master][INFO] 2021-09-10 14:32:47,984: +SERVICE [/move_group/sense_for_plan/set_parameters] /move_group http://wng:38069/
[rosmaster.master][INFO] 2021-09-10 14:32:47,984: +PUB [/move_group/sense_for_plan/parameter_descriptions] /move_group http://wng:38069/
[rosmaster.master][INFO] 2021-09-10 14:32:47,984: +PUB [/move_group/sense_for_plan/parameter_updates] /move_group http://wng:38069/
[rosmaster.master][INFO] 2021-09-10 14:32:47,985: +PARAM [/move_group/sense_for_plan/max_safe_path_cost] by /move_group
[rosmaster.master][INFO] 2021-09-10 14:32:47,986: +PARAM [/move_group/sense_for_plan/max_look_attempts] by /move_group
[rosmaster.master][INFO] 2021-09-10 14:32:47,986: +PARAM [/move_group/sense_for_plan/max_cost_sources] by /move_group
[rosmaster.master][INFO] 2021-09-10 14:32:47,986: +PARAM [/move_group/sense_for_plan/discard_overlapping_cost_sources] by /move_group
[rosmaster.master][INFO] 2021-09-10 14:32:47,986: +PARAM [/move_group/sense_for_plan/max_safe_path_cost] by /move_group
[rosmaster.master][INFO] 2021-09-10 14:32:47,987: +PARAM [/move_group/sense_for_plan/max_look_attempts] by /move_group
[rosmaster.master][INFO] 2021-09-10 14:32:47,987: +PARAM [/move_group/sense_for_plan/max_cost_sources] by /move_group
[rosmaster.master][INFO] 2021-09-10 14:32:47,987: +PARAM [/move_group/sense_for_plan/discard_overlapping_cost_sources] by /move_group
[rosmaster.master][INFO] 2021-09-10 14:32:47,987: +PUB [/move_group/display_cost_sources] /move_group http://wng:38069/
[rosmaster.master][INFO] 2021-09-10 14:32:47,988: +PUB [/move_group/motion_plan_request] /move_group http://wng:38069/
[rosmaster.master][INFO] 2021-09-10 14:32:47,993: +SERVICE [/apply_planning_scene] /move_group http://wng:38069/
[rosmaster.master][INFO] 2021-09-10 14:32:47,993: +SERVICE [/clear_octomap] /move_group http://wng:38069/
[rosmaster.master][INFO] 2021-09-10 14:32:47,994: +SERVICE [/compute_cartesian_path] /move_group http://wng:38069/
[rosmaster.master][INFO] 2021-09-10 14:32:47,995: +PUB [/execute_trajectory/result] /move_group http://wng:38069/
[rosmaster.master][INFO] 2021-09-10 14:32:47,995: publisherUpdate[/rosout] -> http://wng:37983/ ['http://wng:42215/', 'http://wng:37191/', 'http://wng:38069/', 'http://wng:43583/']
[rosmaster.master][INFO] 2021-09-10 14:32:47,995: +PUB [/execute_trajectory/feedback] /move_group http://wng:38069/
[rosmaster.master][INFO] 2021-09-10 14:32:47,995: +PUB [/execute_trajectory/status] /move_group http://wng:38069/
[rosmaster.master][INFO] 2021-09-10 14:32:47,996: publisherUpdate[/rosout] -> http://wng:37983/ ['http://wng:42215/', 'http://wng:37191/', 'http://wng:38069/', 'http://wng:43583/']: sec=0.00, result=[1, '', 0]
[rosmaster.master][INFO] 2021-09-10 14:32:47,997: +SUB [/execute_trajectory/goal] /move_group http://wng:38069/
[rosmaster.master][INFO] 2021-09-10 14:32:47,998: +SUB [/execute_trajectory/cancel] /move_group http://wng:38069/
[rosmaster.master][INFO] 2021-09-10 14:32:47,999: +SERVICE [/get_planning_scene] /move_group http://wng:38069/
[rosmaster.master][INFO] 2021-09-10 14:32:47,999: +SERVICE [/compute_fk] /move_group http://wng:38069/
[rosmaster.master][INFO] 2021-09-10 14:32:47,999: +SERVICE [/compute_ik] /move_group http://wng:38069/
[rosmaster.master][INFO] 2021-09-10 14:32:48,000: +PUB [/move_group/result] /move_group http://wng:38069/
[rosmaster.master][INFO] 2021-09-10 14:32:48,000: +PUB [/move_group/feedback] /move_group http://wng:38069/
[rosmaster.master][INFO] 2021-09-10 14:32:48,000: +PUB [/move_group/status] /move_group http://wng:38069/
[rosmaster.master][INFO] 2021-09-10 14:32:48,001: +SUB [/move_group/goal] /move_group http://wng:38069/
[rosmaster.master][INFO] 2021-09-10 14:32:48,002: +SUB [/move_group/cancel] /move_group http://wng:38069/
[rosmaster.master][INFO] 2021-09-10 14:32:48,006: +PUB [/move_group/display_grasp_markers] /move_group http://wng:38069/
[rosmaster.master][INFO] 2021-09-10 14:32:48,007: +PUB [/pickup/result] /move_group http://wng:38069/
[rosmaster.master][INFO] 2021-09-10 14:32:48,008: +PUB [/pickup/feedback] /move_group http://wng:38069/
[rosmaster.master][INFO] 2021-09-10 14:32:48,008: +PUB [/pickup/status] /move_group http://wng:38069/
[rosmaster.master][INFO] 2021-09-10 14:32:48,010: +SUB [/pickup/goal] /move_group http://wng:38069/
[rosmaster.master][INFO] 2021-09-10 14:32:48,011: +SUB [/pickup/cancel] /move_group http://wng:38069/
[rosmaster.master][INFO] 2021-09-10 14:32:48,012: +PUB [/place/result] /move_group http://wng:38069/
[rosmaster.master][INFO] 2021-09-10 14:32:48,012: +PUB [/place/feedback] /move_group http://wng:38069/
[rosmaster.master][INFO] 2021-09-10 14:32:48,013: +PUB [/place/status] /move_group http://wng:38069/
[rosmaster.master][INFO] 2021-09-10 14:32:48,015: +SUB [/place/goal] /move_group http://wng:38069/
[rosmaster.master][INFO] 2021-09-10 14:32:48,016: +SUB [/place/cancel] /move_group http://wng:38069/
[rosmaster.master][INFO] 2021-09-10 14:32:48,017: +SERVICE [/plan_kinematic_path] /move_group http://wng:38069/
[rosmaster.master][INFO] 2021-09-10 14:32:48,017: +SERVICE [/query_planner_interface] /move_group http://wng:38069/
[rosmaster.master][INFO] 2021-09-10 14:32:48,017: +SERVICE [/get_planner_params] /move_group http://wng:38069/
[rosmaster.master][INFO] 2021-09-10 14:32:48,017: +SERVICE [/set_planner_params] /move_group http://wng:38069/
[rosmaster.master][INFO] 2021-09-10 14:32:48,018: +SERVICE [/check_state_validity] /move_group http://wng:38069/
[rosmaster.master][INFO] 2021-09-10 14:32:48,097: +CACHEDPARAM [/rosout/omit_topics] by /rosout
[rosmaster.master][INFO] 2021-09-10 14:32:48,120: +PUB [/rosout] /joint_state_publisher http://wng:35497/
[rosmaster.master][INFO] 2021-09-10 14:32:48,122: +SERVICE [/joint_state_publisher/get_loggers] /joint_state_publisher http://wng:35497/
[rosmaster.master][INFO] 2021-09-10 14:32:48,122: +SERVICE [/joint_state_publisher/set_logger_level] /joint_state_publisher http://wng:35497/
[rosmaster.master][INFO] 2021-09-10 14:32:48,134: +SUB [/move_group/fake_controller_joint_states] /joint_state_publisher http://wng:35497/
[rosmaster.master][INFO] 2021-09-10 14:32:48,134: +PUB [/joint_states] /joint_state_publisher http://wng:35497/
[rosmaster.master][INFO] 2021-09-10 14:32:48,196: publisherUpdate[/rosout] -> http://wng:37983/ ['http://wng:42215/', 'http://wng:37191/', 'http://wng:38069/', 'http://wng:43583/', 'http://wng:35497/']
[rosmaster.master][INFO] 2021-09-10 14:32:48,197: publisherUpdate[/rosout] -> http://wng:37983/ ['http://wng:42215/', 'http://wng:37191/', 'http://wng:38069/', 'http://wng:43583/', 'http://wng:35497/']: sec=0.00, result=[1, '', 0]
[rosmaster.master][INFO] 2021-09-10 14:32:48,197: publisherUpdate[/joint_states] -> http://wng:42215/ ['http://wng:35497/']
[rosmaster.master][INFO] 2021-09-10 14:32:48,197: publisherUpdate[/joint_states] -> http://wng:37191/ ['http://wng:35497/']
[rosmaster.master][INFO] 2021-09-10 14:32:48,197: publisherUpdate[/joint_states] -> http://wng:42215/ ['http://wng:35497/']: sec=0.00, result=[1, '', 0]
[rosmaster.master][INFO] 2021-09-10 14:32:48,197: publisherUpdate[/joint_states] -> http://wng:37191/ ['http://wng:35497/']: sec=0.00, result=[1, '', 0]
[rosmaster.master][INFO] 2021-09-10 14:32:48,408: +SUB [/tf] /rviz_wng_27863_390602490548879703 http://wng:43583/
[rosmaster.master][INFO] 2021-09-10 14:32:48,410: +SUB [/tf_static] /rviz_wng_27863_390602490548879703 http://wng:43583/
[rosmaster.master][INFO] 2021-09-10 14:32:48,438: +PUB [/joint_states_desired] /joint_state_desired_publisher http://wng:42215/
[rosmaster.master][INFO] 2021-09-10 14:32:48,439: +CACHEDPARAM [/rosout_disable_topics_generation] by /joint_state_desired_publisher
[rosmaster.master][INFO] 2021-09-10 14:32:48,441: +PUB [/initialpose] /rviz_wng_27863_390602490548879703 http://wng:43583/
[rosmaster.master][INFO] 2021-09-10 14:32:48,442: +PUB [/goal] /rviz_wng_27863_390602490548879703 http://wng:43583/
[rosmaster.master][INFO] 2021-09-10 14:32:48,492: +SUB [/visualization_marker] /rviz_wng_27863_390602490548879703 http://wng:43583/
[rosmaster.master][INFO] 2021-09-10 14:32:48,493: +SUB [/visualization_marker_array] /rviz_wng_27863_390602490548879703 http://wng:43583/
[rosmaster.master][INFO] 2021-09-10 14:32:48,493: -SUB [/visualization_marker] /rviz_wng_27863_390602490548879703 http://wng:43583/
[rosmaster.master][INFO] 2021-09-10 14:32:48,494: -SUB [/visualization_marker_array] /rviz_wng_27863_390602490548879703 http://wng:43583/
[rosmaster.master][INFO] 2021-09-10 14:32:48,495: +SUB [/action] /rviz_wng_27863_390602490548879703 http://wng:43583/
[rosmaster.master][INFO] 2021-09-10 14:32:48,496: +SUB [/action_array] /rviz_wng_27863_390602490548879703 http://wng:43583/
[rosmaster.master][INFO] 2021-09-10 14:32:48,497: publisherUpdate[/joint_states_desired] -> http://wng:38069/ ['http://wng:42215/']
[rosmaster.master][INFO] 2021-09-10 14:32:48,498: publisherUpdate[/joint_states_desired] -> http://wng:38069/ ['http://wng:42215/']: sec=0.00, result=[1, '', 0]
[rosmaster.master][INFO] 2021-09-10 14:32:48,505: +PUB [/planning_scene] /rviz_wng_27863_390602490548879703 http://wng:43583/
[rosmaster.master][INFO] 2021-09-10 14:32:48,506: +PUB [/planning_scene_world] /rviz_wng_27863_390602490548879703 http://wng:43583/
[rosmaster.master][INFO] 2021-09-10 14:32:48,507: +SUB [/recognize_objects/status] /rviz_wng_27863_390602490548879703 http://wng:43583/
[rosmaster.master][INFO] 2021-09-10 14:32:48,508: +SUB [/recognize_objects/feedback] /rviz_wng_27863_390602490548879703 http://wng:43583/
[rosmaster.master][INFO] 2021-09-10 14:32:48,509: +SUB [/recognize_objects/result] /rviz_wng_27863_390602490548879703 http://wng:43583/
[rosmaster.master][INFO] 2021-09-10 14:32:48,509: +PUB [/recognize_objects/goal] /rviz_wng_27863_390602490548879703 http://wng:43583/
[rosmaster.master][INFO] 2021-09-10 14:32:48,509: +PUB [/recognize_objects/cancel] /rviz_wng_27863_390602490548879703 http://wng:43583/
[rosmaster.master][INFO] 2021-09-10 14:32:48,510: +SUB [/recognized_object_array] /rviz_wng_27863_390602490548879703 http://wng:43583/
[rosmaster.master][INFO] 2021-09-10 14:32:48,598: publisherUpdate[/planning_scene] -> http://wng:38069/ ['http://wng:43583/']
[rosmaster.master][INFO] 2021-09-10 14:32:48,598: publisherUpdate[/planning_scene] -> http://wng:38069/ ['http://wng:43583/']: sec=0.00, result=[1, '', 0]
[rosmaster.master][INFO] 2021-09-10 14:32:48,598: publisherUpdate[/planning_scene_world] -> http://wng:38069/ ['http://wng:43583/']
[rosmaster.master][INFO] 2021-09-10 14:32:48,599: publisherUpdate[/planning_scene_world] -> http://wng:38069/ ['http://wng:43583/']: sec=0.00, result=[1, '', 0]
[rosmaster.master][INFO] 2021-09-10 14:32:48,622: +PUB [/rosout] /server_endpoint http://wng:41585/
[rosmaster.master][INFO] 2021-09-10 14:32:48,624: +SERVICE [/server_endpoint/get_loggers] /server_endpoint http://wng:41585/
[rosmaster.master][INFO] 2021-09-10 14:32:48,624: +SERVICE [/server_endpoint/set_logger_level] /server_endpoint http://wng:41585/
[rosmaster.master][INFO] 2021-09-10 14:32:48,625: +SERVICE [/init_sync] /server_endpoint http://wng:41585/
[rosmaster.master][INFO] 2021-09-10 14:32:48,625: +SERVICE [/scene_sync] /server_endpoint http://wng:41585/
[rosmaster.master][INFO] 2021-09-10 14:32:48,626: +SERVICE [/panda_plan] /server_endpoint http://wng:41585/
[rosmaster.master][INFO] 2021-09-10 14:32:48,626: +SERVICE [/hand_sync] /server_endpoint http://wng:41585/
[rosmaster.master][INFO] 2021-09-10 14:32:48,627: +SERVICE [/motion_check] /server_endpoint http://wng:41585/
[rosmaster.master][INFO] 2021-09-10 14:32:48,628: +SUB [/execution_check] /server_endpoint http://wng:41585/
[rosmaster.master][INFO] 2021-09-10 14:32:48,629: +CACHEDPARAM [/rosout_disable_topics_generation] by /server_endpoint
[rosmaster.master][INFO] 2021-09-10 14:32:48,698: publisherUpdate[/rosout] -> http://wng:37983/ ['http://wng:42215/', 'http://wng:37191/', 'http://wng:38069/', 'http://wng:43583/', 'http://wng:35497/', 'http://wng:41585/']
[rosmaster.master][INFO] 2021-09-10 14:32:48,699: publisherUpdate[/rosout] -> http://wng:37983/ ['http://wng:42215/', 'http://wng:37191/', 'http://wng:38069/', 'http://wng:43583/', 'http://wng:35497/', 'http://wng:41585/']: sec=0.00, result=[1, '', 0]
[rosmaster.master][INFO] 2021-09-10 14:32:51,518: -SUB [/recognize_objects/status] /rviz_wng_27863_390602490548879703 http://wng:43583/
[rosmaster.master][INFO] 2021-09-10 14:32:51,518: -PUB [/recognize_objects/cancel] /rviz_wng_27863_390602490548879703 http://wng:43583/
[rosmaster.master][INFO] 2021-09-10 14:32:51,519: -PUB [/recognize_objects/goal] /rviz_wng_27863_390602490548879703 http://wng:43583/
[rosmaster.master][INFO] 2021-09-10 14:32:51,519: -SUB [/recognize_objects/feedback] /rviz_wng_27863_390602490548879703 http://wng:43583/
[rosmaster.master][INFO] 2021-09-10 14:32:51,520: -SUB [/recognize_objects/result] /rviz_wng_27863_390602490548879703 http://wng:43583/
[rosmaster.master][INFO] 2021-09-10 14:32:51,560: +PUB [/feedback] /rviz_wng_27863_390602490548879703 http://wng:43583/
[rosmaster.master][INFO] 2021-09-10 14:32:51,560: -PUB [/feedback] /rviz_wng_27863_390602490548879703 http://wng:43583/
[rosmaster.master][INFO] 2021-09-10 14:32:51,561: +PUB [/feedback] /rviz_wng_27863_390602490548879703 http://wng:43583/
[rosmaster.master][INFO] 2021-09-10 14:32:51,561: -PUB [/goal] /rviz_wng_27863_390602490548879703 http://wng:43583/
[rosmaster.master][INFO] 2021-09-10 14:32:51,562: -PUB [/initialpose] /rviz_wng_27863_390602490548879703 http://wng:43583/
[rosmaster.master][INFO] 2021-09-10 14:32:51,588: +SERVICE [/rviz_wng_27863_390602490548879703/reload_shaders] /rviz_wng_27863_390602490548879703 http://wng:43583/
[rosmaster.master][INFO] 2021-09-10 14:32:51,588: +SERVICE [/rviz_wng_27863_390602490548879703/load_config] /rviz_wng_27863_390602490548879703 http://wng:43583/
[rosmaster.master][INFO] 2021-09-10 14:32:51,589: +SERVICE [/rviz_wng_27863_390602490548879703/save_config] /rviz_wng_27863_390602490548879703 http://wng:43583/
[rosmaster.master][INFO] 2021-09-10 14:32:51,663: +SERVICE [/rviz_wng_27863_390602490548879703/motionplanning_planning_scene_monitor/set_parameters] /rviz_wng_27863_390602490548879703 http://wng:43583/
[rosmaster.master][INFO] 2021-09-10 14:32:51,663: +PUB [/rviz_wng_27863_390602490548879703/motionplanning_planning_scene_monitor/parameter_descriptions] /rviz_wng_27863_390602490548879703 http://wng:43583/
[rosmaster.master][INFO] 2021-09-10 14:32:51,663: +PUB [/rviz_wng_27863_390602490548879703/motionplanning_planning_scene_monitor/parameter_updates] /rviz_wng_27863_390602490548879703 http://wng:43583/
[rosmaster.master][INFO] 2021-09-10 14:32:51,664: +PARAM [/rviz_wng_27863_390602490548879703/motionplanning_planning_scene_monitor/publish_planning_scene] by /rviz_wng_27863_390602490548879703
[rosmaster.master][INFO] 2021-09-10 14:32:51,665: +PARAM [/rviz_wng_27863_390602490548879703/motionplanning_planning_scene_monitor/publish_planning_scene_hz] by /rviz_wng_27863_390602490548879703
[rosmaster.master][INFO] 2021-09-10 14:32:51,665: +PARAM [/rviz_wng_27863_390602490548879703/motionplanning_planning_scene_monitor/publish_geometry_updates] by /rviz_wng_27863_390602490548879703
[rosmaster.master][INFO] 2021-09-10 14:32:51,665: +PARAM [/rviz_wng_27863_390602490548879703/motionplanning_planning_scene_monitor/publish_state_updates] by /rviz_wng_27863_390602490548879703
[rosmaster.master][INFO] 2021-09-10 14:32:51,666: +PARAM [/rviz_wng_27863_390602490548879703/motionplanning_planning_scene_monitor/publish_transforms_updates] by /rviz_wng_27863_390602490548879703
[rosmaster.master][INFO] 2021-09-10 14:32:51,666: +PARAM [/rviz_wng_27863_390602490548879703/motionplanning_planning_scene_monitor/publish_planning_scene] by /rviz_wng_27863_390602490548879703
[rosmaster.master][INFO] 2021-09-10 14:32:51,666: +PARAM [/rviz_wng_27863_390602490548879703/motionplanning_planning_scene_monitor/publish_planning_scene_hz] by /rviz_wng_27863_390602490548879703
[rosmaster.master][INFO] 2021-09-10 14:32:51,667: +PARAM [/rviz_wng_27863_390602490548879703/motionplanning_planning_scene_monitor/publish_geometry_updates] by /rviz_wng_27863_390602490548879703
[rosmaster.master][INFO] 2021-09-10 14:32:51,667: +PARAM [/rviz_wng_27863_390602490548879703/motionplanning_planning_scene_monitor/publish_state_updates] by /rviz_wng_27863_390602490548879703
[rosmaster.master][INFO] 2021-09-10 14:32:51,667: +PARAM [/rviz_wng_27863_390602490548879703/motionplanning_planning_scene_monitor/publish_transforms_updates] by /rviz_wng_27863_390602490548879703
[rosmaster.master][INFO] 2021-09-10 14:32:51,711: +SUB [/move_group/monitored_planning_scene] /rviz_wng_27863_390602490548879703 http://wng:43583/
[rosmaster.master][INFO] 2021-09-10 14:32:52,021: +SUB [/move_group/display_planned_path] /rviz_wng_27863_390602490548879703 http://wng:43583/
[rosmaster.master][INFO] 2021-09-10 14:32:52,022: +PUB [/rviz_moveit_motion_planning_display/robot_interaction_interactive_marker_topic/update_full] /rviz_wng_27863_390602490548879703 http://wng:43583/
[rosmaster.master][INFO] 2021-09-10 14:32:52,023: +PUB [/rviz_moveit_motion_planning_display/robot_interaction_interactive_marker_topic/update] /rviz_wng_27863_390602490548879703 http://wng:43583/
[rosmaster.master][INFO] 2021-09-10 14:32:52,024: +SUB [/rviz_moveit_motion_planning_display/robot_interaction_interactive_marker_topic/feedback] /rviz_wng_27863_390602490548879703 http://wng:43583/
[rosmaster.master][INFO] 2021-09-10 14:32:52,024: -PUB [/feedback] /rviz_wng_27863_390602490548879703 http://wng:43583/
[rosmaster.master][INFO] 2021-09-10 14:32:52,026: +SUB [/rviz_moveit_motion_planning_display/robot_interaction_interactive_marker_topic/update] /rviz_wng_27863_390602490548879703 http://wng:43583/
[rosmaster.master][INFO] 2021-09-10 14:32:52,027: +SUB [/rviz_moveit_motion_planning_display/robot_interaction_interactive_marker_topic/update_full] /rviz_wng_27863_390602490548879703 http://wng:43583/
[rosmaster.master][INFO] 2021-09-10 14:32:52,027: +PUB [/rviz_moveit_motion_planning_display/robot_interaction_interactive_marker_topic/feedback] /rviz_wng_27863_390602490548879703 http://wng:43583/
[rosmaster.master][INFO] 2021-09-10 14:32:52,039: +PUB [/trajectory_execution_event] /rviz_wng_27863_390602490548879703 http://wng:43583/
[rosmaster.master][INFO] 2021-09-10 14:32:52,039: +PUB [/attached_collision_object] /rviz_wng_27863_390602490548879703 http://wng:43583/
[rosmaster.master][INFO] 2021-09-10 14:32:52,041: +SUB [/move_group/status] /rviz_wng_27863_390602490548879703 http://wng:43583/
[rosmaster.master][INFO] 2021-09-10 14:32:52,043: +SUB [/move_group/feedback] /rviz_wng_27863_390602490548879703 http://wng:43583/
[rosmaster.master][INFO] 2021-09-10 14:32:52,044: +SUB [/move_group/result] /rviz_wng_27863_390602490548879703 http://wng:43583/
[rosmaster.master][INFO] 2021-09-10 14:32:52,045: +PUB [/move_group/goal] /rviz_wng_27863_390602490548879703 http://wng:43583/
[rosmaster.master][INFO] 2021-09-10 14:32:52,045: +PUB [/move_group/cancel] /rviz_wng_27863_390602490548879703 http://wng:43583/
[rosmaster.master][INFO] 2021-09-10 14:32:52,104: publisherUpdate[/rviz_moveit_motion_planning_display/robot_interaction_interactive_marker_topic/feedback] -> http://wng:43583/ ['http://wng:43583/']
[rosmaster.master][INFO] 2021-09-10 14:32:52,104: publisherUpdate[/trajectory_execution_event] -> http://wng:38069/ ['http://wng:43583/']
[rosmaster.master][INFO] 2021-09-10 14:32:52,104: publisherUpdate[/rviz_moveit_motion_planning_display/robot_interaction_interactive_marker_topic/feedback] -> http://wng:43583/ ['http://wng:43583/']: sec=0.00, result=[1, '', 0]
[rosmaster.master][INFO] 2021-09-10 14:32:52,105: publisherUpdate[/trajectory_execution_event] -> http://wng:38069/ ['http://wng:43583/']: sec=0.00, result=[1, '', 0]
[rosmaster.master][INFO] 2021-09-10 14:32:52,105: publisherUpdate[/attached_collision_object] -> http://wng:38069/ ['http://wng:43583/']
[rosmaster.master][INFO] 2021-09-10 14:32:52,105: publisherUpdate[/attached_collision_object] -> http://wng:38069/ ['http://wng:43583/']: sec=0.00, result=[1, '', 0]
[rosmaster.master][INFO] 2021-09-10 14:32:52,105: publisherUpdate[/move_group/goal] -> http://wng:38069/ ['http://wng:43583/']
[rosmaster.master][INFO] 2021-09-10 14:32:52,106: publisherUpdate[/move_group/goal] -> http://wng:38069/ ['http://wng:43583/']: sec=0.00, result=[1, '', 0]
[rosmaster.master][INFO] 2021-09-10 14:32:52,106: publisherUpdate[/move_group/cancel] -> http://wng:38069/ ['http://wng:43583/']
[rosmaster.master][INFO] 2021-09-10 14:32:52,106: publisherUpdate[/move_group/cancel] -> http://wng:38069/ ['http://wng:43583/']: sec=0.00, result=[1, '', 0]
[rosmaster.master][INFO] 2021-09-10 14:32:52,212: +SUB [/pickup/status] /rviz_wng_27863_390602490548879703 http://wng:43583/
[rosmaster.master][INFO] 2021-09-10 14:32:52,214: +SUB [/pickup/feedback] /rviz_wng_27863_390602490548879703 http://wng:43583/
[rosmaster.master][INFO] 2021-09-10 14:32:52,215: +SUB [/pickup/result] /rviz_wng_27863_390602490548879703 http://wng:43583/
[rosmaster.master][INFO] 2021-09-10 14:32:52,216: +PUB [/pickup/goal] /rviz_wng_27863_390602490548879703 http://wng:43583/
[rosmaster.master][INFO] 2021-09-10 14:32:52,216: +PUB [/pickup/cancel] /rviz_wng_27863_390602490548879703 http://wng:43583/
[rosmaster.master][INFO] 2021-09-10 14:32:52,304: publisherUpdate[/pickup/goal] -> http://wng:38069/ ['http://wng:43583/']
[rosmaster.master][INFO] 2021-09-10 14:32:52,305: publisherUpdate[/pickup/goal] -> http://wng:38069/ ['http://wng:43583/']: sec=0.00, result=[1, '', 0]
[rosmaster.master][INFO] 2021-09-10 14:32:52,305: publisherUpdate[/pickup/cancel] -> http://wng:38069/ ['http://wng:43583/']
[rosmaster.master][INFO] 2021-09-10 14:32:52,306: publisherUpdate[/pickup/cancel] -> http://wng:38069/ ['http://wng:43583/']: sec=0.00, result=[1, '', 0]
[rosmaster.master][INFO] 2021-09-10 14:32:52,509: +SUB [/place/status] /rviz_wng_27863_390602490548879703 http://wng:43583/
[rosmaster.master][INFO] 2021-09-10 14:32:52,511: +SUB [/place/feedback] /rviz_wng_27863_390602490548879703 http://wng:43583/
[rosmaster.master][INFO] 2021-09-10 14:32:52,513: +SUB [/place/result] /rviz_wng_27863_390602490548879703 http://wng:43583/
[rosmaster.master][INFO] 2021-09-10 14:32:52,513: +PUB [/place/goal] /rviz_wng_27863_390602490548879703 http://wng:43583/
[rosmaster.master][INFO] 2021-09-10 14:32:52,513: +PUB [/place/cancel] /rviz_wng_27863_390602490548879703 http://wng:43583/
[rosmaster.master][INFO] 2021-09-10 14:32:52,534: -SUB [/rviz_moveit_motion_planning_display/robot_interaction_interactive_marker_topic/update_full] /rviz_wng_27863_390602490548879703 http://wng:43583/
[rosmaster.master][INFO] 2021-09-10 14:32:52,605: publisherUpdate[/place/goal] -> http://wng:38069/ ['http://wng:43583/']
[rosmaster.master][INFO] 2021-09-10 14:32:52,606: publisherUpdate[/place/goal] -> http://wng:38069/ ['http://wng:43583/']: sec=0.00, result=[1, '', 0]
[rosmaster.master][INFO] 2021-09-10 14:32:52,606: publisherUpdate[/place/cancel] -> http://wng:38069/ ['http://wng:43583/']
[rosmaster.master][INFO] 2021-09-10 14:32:52,607: publisherUpdate[/place/cancel] -> http://wng:38069/ ['http://wng:43583/']: sec=0.00, result=[1, '', 0]
[rosmaster.master][INFO] 2021-09-10 14:32:52,727: +SUB [/execute_trajectory/status] /rviz_wng_27863_390602490548879703 http://wng:43583/
[rosmaster.master][INFO] 2021-09-10 14:32:52,737: +SUB [/execute_trajectory/feedback] /rviz_wng_27863_390602490548879703 http://wng:43583/
[rosmaster.master][INFO] 2021-09-10 14:32:52,753: +SUB [/execute_trajectory/result] /rviz_wng_27863_390602490548879703 http://wng:43583/
[rosmaster.master][INFO] 2021-09-10 14:32:52,757: +PUB [/execute_trajectory/goal] /rviz_wng_27863_390602490548879703 http://wng:43583/
[rosmaster.master][INFO] 2021-09-10 14:32:52,757: +PUB [/execute_trajectory/cancel] /rviz_wng_27863_390602490548879703 http://wng:43583/
[rosmaster.master][INFO] 2021-09-10 14:32:52,807: publisherUpdate[/execute_trajectory/goal] -> http://wng:38069/ ['http://wng:43583/']
[rosmaster.master][INFO] 2021-09-10 14:32:52,807: publisherUpdate[/execute_trajectory/goal] -> http://wng:38069/ ['http://wng:43583/']: sec=0.00, result=[1, '', 0]
[rosmaster.master][INFO] 2021-09-10 14:32:52,807: publisherUpdate[/execute_trajectory/cancel] -> http://wng:38069/ ['http://wng:43583/']
[rosmaster.master][INFO] 2021-09-10 14:32:52,808: publisherUpdate[/execute_trajectory/cancel] -> http://wng:38069/ ['http://wng:43583/']: sec=0.00, result=[1, '', 0]
[rosmaster.master][INFO] 2021-09-10 14:34:54,962: -SUB [/move_group/fake_controller_joint_states] /joint_state_publisher http://wng:35497/
[rosmaster.master][INFO] 2021-09-10 14:34:54,962: -PUB [/joint_states] /joint_state_publisher http://wng:35497/
[rosmaster.master][INFO] 2021-09-10 14:34:54,962: -PUB [/rosout] /joint_state_publisher http://wng:35497/
[rosmaster.master][INFO] 2021-09-10 14:34:54,962: -SERVICE [/joint_state_publisher/get_loggers] /joint_state_publisher rosrpc://wng:46299
[rosmaster.master][INFO] 2021-09-10 14:34:54,963: -SERVICE [/joint_state_publisher/set_logger_level] /joint_state_publisher rosrpc://wng:46299
[rosmaster.master][INFO] 2021-09-10 14:34:54,964: -SUB [/execution_check] /server_endpoint http://wng:41585/
[rosmaster.master][INFO] 2021-09-10 14:34:54,964: -PUB [/rosout] /server_endpoint http://wng:41585/
[rosmaster.master][INFO] 2021-09-10 14:34:54,965: -SERVICE [/hand_sync] /server_endpoint rosrpc://wng:43953
[rosmaster.master][INFO] 2021-09-10 14:34:54,965: -SERVICE [/panda_plan] /server_endpoint rosrpc://wng:43953
[rosmaster.master][INFO] 2021-09-10 14:34:54,965: -SERVICE [/server_endpoint/get_loggers] /server_endpoint rosrpc://wng:43953
[rosmaster.master][INFO] 2021-09-10 14:34:54,965: -SERVICE [/scene_sync] /server_endpoint rosrpc://wng:43953
[rosmaster.master][INFO] 2021-09-10 14:34:54,965: -SERVICE [/server_endpoint/set_logger_level] /server_endpoint rosrpc://wng:43953
[rosmaster.master][INFO] 2021-09-10 14:34:54,966: -SERVICE [/motion_check] /server_endpoint rosrpc://wng:43953
[rosmaster.master][INFO] 2021-09-10 14:34:54,966: -SERVICE [/init_sync] /server_endpoint rosrpc://wng:43953
[rosmaster.master][INFO] 2021-09-10 14:34:55,040: publisherUpdate[/joint_states] -> http://wng:42215/ []
[rosmaster.master][INFO] 2021-09-10 14:34:55,041: publisherUpdate[/joint_states] -> http://wng:42215/ []: sec=0.00, result=[0, 'Unknown Error', 0]
[rosmaster.master][INFO] 2021-09-10 14:34:55,041: publisherUpdate[/joint_states] -> http://wng:37191/ []
[rosmaster.master][INFO] 2021-09-10 14:34:55,042: publisherUpdate[/joint_states] -> http://wng:37191/ []: sec=0.00, result=[0, 'Unknown Error', 0]
[rosmaster.master][INFO] 2021-09-10 14:34:55,042: publisherUpdate[/rosout] -> http://wng:37983/ ['http://wng:42215/', 'http://wng:37191/', 'http://wng:38069/', 'http://wng:43583/', 'http://wng:41585/']
[rosmaster.master][INFO] 2021-09-10 14:34:55,042: publisherUpdate[/rosout] -> http://wng:37983/ ['http://wng:42215/', 'http://wng:37191/', 'http://wng:38069/', 'http://wng:43583/', 'http://wng:41585/']: sec=0.00, result=[1, '', 0]
[rosmaster.master][INFO] 2021-09-10 14:34:55,042: publisherUpdate[/rosout] -> http://wng:37983/ ['http://wng:42215/', 'http://wng:37191/', 'http://wng:38069/', 'http://wng:43583/']
[rosmaster.master][INFO] 2021-09-10 14:34:55,043: publisherUpdate[/rosout] -> http://wng:37983/ ['http://wng:42215/', 'http://wng:37191/', 'http://wng:38069/', 'http://wng:43583/']: sec=0.00, result=[1, '', 0]
[rosmaster.master][INFO] 2021-09-10 14:34:55,050: -PUB [/rosout] /move_group http://wng:38069/
[rosmaster.master][INFO] 2021-09-10 14:34:55,050: -PUB [/move_group/planning_scene_monitor/parameter_descriptions] /move_group http://wng:38069/
[rosmaster.master][INFO] 2021-09-10 14:34:55,050: -PUB [/move_group/planning_scene_monitor/parameter_updates] /move_group http://wng:38069/
[rosmaster.master][INFO] 2021-09-10 14:34:55,051: -PUB [/move_group/monitored_planning_scene] /move_group http://wng:38069/
[rosmaster.master][INFO] 2021-09-10 14:34:55,051: -PUB [/move_group/filtered_cloud] /move_group http://wng:38069/
[rosmaster.master][INFO] 2021-09-10 14:34:55,051: -PUB [/move_group/ompl/parameter_descriptions] /move_group http://wng:38069/
[rosmaster.master][INFO] 2021-09-10 14:34:55,052: -PUB [/move_group/ompl/parameter_updates] /move_group http://wng:38069/
[rosmaster.master][INFO] 2021-09-10 14:34:55,052: -PUB [/move_group/display_planned_path] /move_group http://wng:38069/
[rosmaster.master][INFO] 2021-09-10 14:34:55,052: -PUB [/move_group/display_contacts] /move_group http://wng:38069/
[rosmaster.master][INFO] 2021-09-10 14:34:55,052: -PUB [/move_group/fake_controller_joint_states] /move_group http://wng:38069/
[rosmaster.master][INFO] 2021-09-10 14:34:55,053: -PUB [/move_group/trajectory_execution/parameter_descriptions] /move_group http://wng:38069/
[rosmaster.master][INFO] 2021-09-10 14:34:55,053: -PUB [/move_group/trajectory_execution/parameter_updates] /move_group http://wng:38069/
[rosmaster.master][INFO] 2021-09-10 14:34:55,053: -PUB [/move_group/plan_execution/parameter_descriptions] /move_group http://wng:38069/
[rosmaster.master][INFO] 2021-09-10 14:34:55,053: -PUB [/move_group/plan_execution/parameter_updates] /move_group http://wng:38069/
[rosmaster.master][INFO] 2021-09-10 14:34:55,054: -PUB [/move_group/sense_for_plan/parameter_descriptions] /move_group http://wng:38069/
[rosmaster.master][INFO] 2021-09-10 14:34:55,054: -PUB [/move_group/sense_for_plan/parameter_updates] /move_group http://wng:38069/
[rosmaster.master][INFO] 2021-09-10 14:34:55,054: -PUB [/move_group/display_cost_sources] /move_group http://wng:38069/
[rosmaster.master][INFO] 2021-09-10 14:34:55,055: -PUB [/move_group/motion_plan_request] /move_group http://wng:38069/
[rosmaster.master][INFO] 2021-09-10 14:34:55,055: -PUB [/execute_trajectory/result] /move_group http://wng:38069/
[rosmaster.master][INFO] 2021-09-10 14:34:55,055: publisherUpdate[/rosout] -> http://wng:37983/ ['http://wng:42215/', 'http://wng:37191/', 'http://wng:43583/']
[rosmaster.master][INFO] 2021-09-10 14:34:55,055: -PUB [/execute_trajectory/feedback] /move_group http://wng:38069/
[rosmaster.master][INFO] 2021-09-10 14:34:55,056: publisherUpdate[/rosout] -> http://wng:37983/ ['http://wng:42215/', 'http://wng:37191/', 'http://wng:43583/']: sec=0.00, result=[1, '', 0]
[rosmaster.master][INFO] 2021-09-10 14:34:55,056: -PUB [/execute_trajectory/status] /move_group http://wng:38069/
[rosmaster.master][INFO] 2021-09-10 14:34:55,056: publisherUpdate[/move_group/monitored_planning_scene] -> http://wng:43583/ []
[rosmaster.master][INFO] 2021-09-10 14:34:55,057: -PUB [/move_group/result] /move_group http://wng:38069/
[rosmaster.master][INFO] 2021-09-10 14:34:55,057: -PUB [/move_group/feedback] /move_group http://wng:38069/
[rosmaster.master][INFO] 2021-09-10 14:34:55,057: publisherUpdate[/move_group/monitored_planning_scene] -> http://wng:43583/ []: sec=0.00, result=[1, '', 0]
[rosmaster.master][INFO] 2021-09-10 14:34:55,057: publisherUpdate[/move_group/display_planned_path] -> http://wng:43583/ []
[rosmaster.master][INFO] 2021-09-10 14:34:55,057: -PUB [/move_group/status] /move_group http://wng:38069/
[rosmaster.master][INFO] 2021-09-10 14:34:55,058: publisherUpdate[/move_group/display_planned_path] -> http://wng:43583/ []: sec=0.00, result=[1, '', 0]
[rosmaster.master][INFO] 2021-09-10 14:34:55,058: -PUB [/move_group/display_grasp_markers] /move_group http://wng:38069/
[rosmaster.master][INFO] 2021-09-10 14:34:55,058: publisherUpdate[/execute_trajectory/result] -> http://wng:43583/ []
[rosmaster.master][INFO] 2021-09-10 14:34:55,059: -PUB [/pickup/result] /move_group http://wng:38069/
[rosmaster.master][INFO] 2021-09-10 14:34:55,059: publisherUpdate[/execute_trajectory/result] -> http://wng:43583/ []: sec=0.00, result=[1, '', 0]
[rosmaster.master][INFO] 2021-09-10 14:34:55,059: publisherUpdate[/execute_trajectory/feedback] -> http://wng:43583/ []
[rosmaster.master][INFO] 2021-09-10 14:34:55,059: -PUB [/pickup/feedback] /move_group http://wng:38069/
[rosmaster.master][INFO] 2021-09-10 14:34:55,060: publisherUpdate[/execute_trajectory/feedback] -> http://wng:43583/ []: sec=0.00, result=[1, '', 0]
[rosmaster.master][INFO] 2021-09-10 14:34:55,061: publisherUpdate[/execute_trajectory/status] -> http://wng:43583/ []
[rosmaster.master][INFO] 2021-09-10 14:34:55,061: -PUB [/pickup/status] /move_group http://wng:38069/
[rosmaster.master][INFO] 2021-09-10 14:34:55,062: publisherUpdate[/execute_trajectory/status] -> http://wng:43583/ []: sec=0.00, result=[1, '', 0]
[rosmaster.master][INFO] 2021-09-10 14:34:55,062: -PUB [/place/result] /move_group http://wng:38069/
[rosmaster.master][INFO] 2021-09-10 14:34:55,062: publisherUpdate[/move_group/result] -> http://wng:43583/ []
[rosmaster.master][INFO] 2021-09-10 14:34:55,062: -PUB [/place/feedback] /move_group http://wng:38069/
[rosmaster.master][INFO] 2021-09-10 14:34:55,062: publisherUpdate[/move_group/result] -> http://wng:43583/ []: sec=0.00, result=[1, '', 0]
[rosmaster.master][INFO] 2021-09-10 14:34:55,063: publisherUpdate[/move_group/feedback] -> http://wng:43583/ []
[rosmaster.master][INFO] 2021-09-10 14:34:55,063: -PUB [/place/status] /move_group http://wng:38069/
[rosmaster.master][INFO] 2021-09-10 14:34:55,063: publisherUpdate[/move_group/feedback] -> http://wng:43583/ []: sec=0.00, result=[1, '', 0]
[rosmaster.master][INFO] 2021-09-10 14:34:55,063: -SUB [/tf] /move_group http://wng:38069/
[rosmaster.master][INFO] 2021-09-10 14:34:55,063: publisherUpdate[/move_group/status] -> http://wng:43583/ []
[rosmaster.master][INFO] 2021-09-10 14:34:55,064: -SUB [/tf_static] /move_group http://wng:38069/
[rosmaster.master][INFO] 2021-09-10 14:34:55,064: publisherUpdate[/move_group/status] -> http://wng:43583/ []: sec=0.00, result=[1, '', 0]
[rosmaster.master][INFO] 2021-09-10 14:34:55,066: publisherUpdate[/pickup/result] -> http://wng:43583/ []
[rosmaster.master][INFO] 2021-09-10 14:34:55,066: -SUB [/planning_scene] /move_group http://wng:38069/
[rosmaster.master][INFO] 2021-09-10 14:34:55,067: publisherUpdate[/pickup/result] -> http://wng:43583/ []: sec=0.00, result=[1, '', 0]
[rosmaster.master][INFO] 2021-09-10 14:34:55,067: -SUB [/collision_object] /move_group http://wng:38069/
[rosmaster.master][INFO] 2021-09-10 14:34:55,067: publisherUpdate[/pickup/feedback] -> http://wng:43583/ []
[rosmaster.master][INFO] 2021-09-10 14:34:55,068: -SUB [/planning_scene_world] /move_group http://wng:38069/
[rosmaster.master][INFO] 2021-09-10 14:34:55,068: publisherUpdate[/pickup/feedback] -> http://wng:43583/ []: sec=0.00, result=[1, '', 0]
[rosmaster.master][INFO] 2021-09-10 14:34:55,068: -SUB [/camera/depth_registered/points] /move_group http://wng:38069/
[rosmaster.master][INFO] 2021-09-10 14:34:55,068: publisherUpdate[/pickup/status] -> http://wng:43583/ []
[rosmaster.master][INFO] 2021-09-10 14:34:55,069: -SUB [/joint_states_desired] /move_group http://wng:38069/
[rosmaster.master][INFO] 2021-09-10 14:34:55,069: publisherUpdate[/pickup/status] -> http://wng:43583/ []: sec=0.00, result=[1, '', 0]
[rosmaster.master][INFO] 2021-09-10 14:34:55,069: publisherUpdate[/place/result] -> http://wng:43583/ []
[rosmaster.master][INFO] 2021-09-10 14:34:55,069: -SUB [/attached_collision_object] /move_group http://wng:38069/
[rosmaster.master][INFO] 2021-09-10 14:34:55,070: publisherUpdate[/place/result] -> http://wng:43583/ []: sec=0.00, result=[1, '', 0]
[rosmaster.master][INFO] 2021-09-10 14:34:55,070: publisherUpdate[/place/feedback] -> http://wng:43583/ []
[rosmaster.master][INFO] 2021-09-10 14:34:55,070: -SUB [/trajectory_execution_event] /move_group http://wng:38069/
[rosmaster.master][INFO] 2021-09-10 14:34:55,070: -SUB [/execute_trajectory/goal] /move_group http://wng:38069/
[rosmaster.master][INFO] 2021-09-10 14:34:55,071: -SUB [/execute_trajectory/cancel] /move_group http://wng:38069/
[rosmaster.master][INFO] 2021-09-10 14:34:55,071: -SUB [/move_group/goal] /move_group http://wng:38069/
[rosmaster.master][INFO] 2021-09-10 14:34:55,071: -SUB [/move_group/cancel] /move_group http://wng:38069/
[rosmaster.master][INFO] 2021-09-10 14:34:55,071: -SUB [/pickup/goal] /move_group http://wng:38069/
[rosmaster.master][INFO] 2021-09-10 14:34:55,072: -SUB [/pickup/cancel] /move_group http://wng:38069/
[rosmaster.master][INFO] 2021-09-10 14:34:55,072: -SUB [/place/goal] /move_group http://wng:38069/
[rosmaster.master][INFO] 2021-09-10 14:34:55,072: -SUB [/place/cancel] /move_group http://wng:38069/
[rosmaster.master][INFO] 2021-09-10 14:34:55,073: -SERVICE [/move_group/get_loggers] /move_group rosrpc://wng:60903
[rosmaster.master][INFO] 2021-09-10 14:34:55,073: -SERVICE [/move_group/set_logger_level] /move_group rosrpc://wng:60903
[rosmaster.master][INFO] 2021-09-10 14:34:55,074: publisherUpdate[/place/feedback] -> http://wng:43583/ []: sec=0.00, result=[1, '', 0]
[rosmaster.master][INFO] 2021-09-10 14:34:55,074: -SERVICE [/move_group/planning_scene_monitor/set_parameters] /move_group rosrpc://wng:60903
[rosmaster.master][INFO] 2021-09-10 14:34:55,074: -SERVICE [/move_group/save_map] /move_group rosrpc://wng:60903
[rosmaster.master][INFO] 2021-09-10 14:34:55,074: publisherUpdate[/place/status] -> http://wng:43583/ []
[rosmaster.master][INFO] 2021-09-10 14:34:55,074: -SERVICE [/move_group/load_map] /move_group rosrpc://wng:60903
[rosmaster.master][INFO] 2021-09-10 14:34:55,075: -SERVICE [/move_group/ompl/set_parameters] /move_group rosrpc://wng:60903
[rosmaster.master][INFO] 2021-09-10 14:34:55,075: publisherUpdate[/place/status] -> http://wng:43583/ []: sec=0.00, result=[1, '', 0]
[rosmaster.master][INFO] 2021-09-10 14:34:55,075: -SERVICE [/move_group/trajectory_execution/set_parameters] /move_group rosrpc://wng:60903
[rosmaster.master][INFO] 2021-09-10 14:34:55,075: -SERVICE [/move_group/plan_execution/set_parameters] /move_group rosrpc://wng:60903
[rosmaster.master][INFO] 2021-09-10 14:34:55,076: -SERVICE [/move_group/sense_for_plan/set_parameters] /move_group rosrpc://wng:60903
[rosmaster.master][INFO] 2021-09-10 14:34:55,076: -SERVICE [/apply_planning_scene] /move_group rosrpc://wng:60903
[rosmaster.master][INFO] 2021-09-10 14:34:55,076: -SERVICE [/clear_octomap] /move_group rosrpc://wng:60903
[rosmaster.master][INFO] 2021-09-10 14:34:55,076: -SERVICE [/compute_cartesian_path] /move_group rosrpc://wng:60903
[rosmaster.master][INFO] 2021-09-10 14:34:55,076: -SERVICE [/get_planning_scene] /move_group rosrpc://wng:60903
[rosmaster.master][INFO] 2021-09-10 14:34:55,077: -SERVICE [/compute_fk] /move_group rosrpc://wng:60903
[rosmaster.master][INFO] 2021-09-10 14:34:55,077: -SERVICE [/compute_ik] /move_group rosrpc://wng:60903
[rosmaster.master][INFO] 2021-09-10 14:34:55,077: -SERVICE [/plan_kinematic_path] /move_group rosrpc://wng:60903
[rosmaster.master][INFO] 2021-09-10 14:34:55,077: -SERVICE [/query_planner_interface] /move_group rosrpc://wng:60903
[rosmaster.master][INFO] 2021-09-10 14:34:55,077: -SERVICE [/get_planner_params] /move_group rosrpc://wng:60903
[rosmaster.master][INFO] 2021-09-10 14:34:55,078: -SERVICE [/set_planner_params] /move_group rosrpc://wng:60903
[rosmaster.master][INFO] 2021-09-10 14:34:55,078: -SERVICE [/check_state_validity] /move_group rosrpc://wng:60903
[rosmaster.master][INFO] 2021-09-10 14:34:55,078: -CACHEDPARAM [/rosout_disable_topics_generation] by /move_group
[rosmaster.master][INFO] 2021-09-10 14:34:55,142: -PUB [/rosout] /joint_state_desired_publisher http://wng:42215/
[rosmaster.master][INFO] 2021-09-10 14:34:55,142: -PUB [/rosout] /robot_state_publisher http://wng:37191/
[rosmaster.master][INFO] 2021-09-10 14:34:55,143: -PUB [/joint_states_desired] /joint_state_desired_publisher http://wng:42215/
[rosmaster.master][INFO] 2021-09-10 14:34:55,143: -PUB [/tf] /robot_state_publisher http://wng:37191/
[rosmaster.master][INFO] 2021-09-10 14:34:55,143: -SUB [/joint_states] /joint_state_desired_publisher http://wng:42215/
[rosmaster.master][INFO] 2021-09-10 14:34:55,144: -PUB [/tf_static] /robot_state_publisher http://wng:37191/
[rosmaster.master][INFO] 2021-09-10 14:34:55,143: publisherUpdate[/rosout] -> http://wng:37983/ ['http://wng:37191/', 'http://wng:43583/']
[rosmaster.master][INFO] 2021-09-10 14:34:55,144: -SERVICE [/joint_state_desired_publisher/get_loggers] /joint_state_desired_publisher rosrpc://wng:47137
[rosmaster.master][INFO] 2021-09-10 14:34:55,145: publisherUpdate[/rosout] -> http://wng:37983/ ['http://wng:37191/', 'http://wng:43583/']: sec=0.00, result=[1, '', 0]
[rosmaster.master][INFO] 2021-09-10 14:34:55,145: -SUB [/joint_states] /robot_state_publisher http://wng:37191/
[rosmaster.master][INFO] 2021-09-10 14:34:55,145: publisherUpdate[/rosout] -> http://wng:37983/ ['http://wng:43583/']
[rosmaster.master][INFO] 2021-09-10 14:34:55,145: -SERVICE [/joint_state_desired_publisher/set_logger_level] /joint_state_desired_publisher rosrpc://wng:47137
[rosmaster.master][INFO] 2021-09-10 14:34:55,146: publisherUpdate[/rosout] -> http://wng:37983/ ['http://wng:43583/']: sec=0.00, result=[1, '', 0]
[rosmaster.master][INFO] 2021-09-10 14:34:55,146: -SERVICE [/robot_state_publisher/get_loggers] /robot_state_publisher rosrpc://wng:51289
[rosmaster.master][INFO] 2021-09-10 14:34:55,146: -CACHEDPARAM [/rosout_disable_topics_generation] by /joint_state_desired_publisher
[rosmaster.master][INFO] 2021-09-10 14:34:55,146: -SERVICE [/robot_state_publisher/set_logger_level] /robot_state_publisher rosrpc://wng:51289
[rosmaster.master][INFO] 2021-09-10 14:34:55,147: publisherUpdate[/tf] -> http://wng:43583/ []
[rosmaster.master][INFO] 2021-09-10 14:34:55,147: publisherUpdate[/tf] -> http://wng:43583/ []: sec=0.00, result=[0, 'Unknown Error', 0]
[rosmaster.master][INFO] 2021-09-10 14:34:55,147: -PUB [/rosout] /rviz_wng_27863_390602490548879703 http://wng:43583/
[rosmaster.master][INFO] 2021-09-10 14:34:55,147: publisherUpdate[/tf_static] -> http://wng:43583/ []
[rosmaster.master][INFO] 2021-09-10 14:34:55,148: -PUB [/planning_scene] /rviz_wng_27863_390602490548879703 http://wng:43583/
[rosmaster.master][INFO] 2021-09-10 14:34:55,148: -PUB [/planning_scene_world] /rviz_wng_27863_390602490548879703 http://wng:43583/
[rosmaster.master][INFO] 2021-09-10 14:34:55,148: -PUB [/rviz_wng_27863_390602490548879703/motionplanning_planning_scene_monitor/parameter_descriptions] /rviz_wng_27863_390602490548879703 http://wng:43583/
[rosmaster.master][INFO] 2021-09-10 14:34:55,149: -PUB [/rviz_wng_27863_390602490548879703/motionplanning_planning_scene_monitor/parameter_updates] /rviz_wng_27863_390602490548879703 http://wng:43583/
[rosmaster.master][INFO] 2021-09-10 14:34:55,149: -PUB [/rviz_moveit_motion_planning_display/robot_interaction_interactive_marker_topic/update_full] /rviz_wng_27863_390602490548879703 http://wng:43583/
[rosmaster.master][INFO] 2021-09-10 14:34:55,149: -PUB [/rviz_moveit_motion_planning_display/robot_interaction_interactive_marker_topic/update] /rviz_wng_27863_390602490548879703 http://wng:43583/
[rosmaster.master][INFO] 2021-09-10 14:34:55,150: -PUB [/rviz_moveit_motion_planning_display/robot_interaction_interactive_marker_topic/feedback] /rviz_wng_27863_390602490548879703 http://wng:43583/
[rosmaster.master][INFO] 2021-09-10 14:34:55,150: publisherUpdate[/rosout] -> http://wng:37983/ []
[rosmaster.master][INFO] 2021-09-10 14:34:55,150: -PUB [/trajectory_execution_event] /rviz_wng_27863_390602490548879703 http://wng:43583/
[rosmaster.master][INFO] 2021-09-10 14:34:55,150: publisherUpdate[/rosout] -> http://wng:37983/ []: sec=0.00, result=[1, '', 0]
[rosmaster.master][INFO] 2021-09-10 14:34:55,151: -PUB [/attached_collision_object] /rviz_wng_27863_390602490548879703 http://wng:43583/
[rosmaster.master][INFO] 2021-09-10 14:34:55,151: -PUB [/move_group/goal] /rviz_wng_27863_390602490548879703 http://wng:43583/
[rosmaster.master][INFO] 2021-09-10 14:34:55,151: -PUB [/move_group/cancel] /rviz_wng_27863_390602490548879703 http://wng:43583/
[rosmaster.master][INFO] 2021-09-10 14:34:55,152: -PUB [/pickup/goal] /rviz_wng_27863_390602490548879703 http://wng:43583/
[rosmaster.master][INFO] 2021-09-10 14:34:55,152: -PUB [/pickup/cancel] /rviz_wng_27863_390602490548879703 http://wng:43583/
[rosmaster.master][INFO] 2021-09-10 14:34:55,152: -PUB [/place/goal] /rviz_wng_27863_390602490548879703 http://wng:43583/
[rosmaster.master][INFO] 2021-09-10 14:34:55,153: -PUB [/place/cancel] /rviz_wng_27863_390602490548879703 http://wng:43583/
[rosmaster.master][INFO] 2021-09-10 14:34:55,153: -PUB [/execute_trajectory/goal] /rviz_wng_27863_390602490548879703 http://wng:43583/
[rosmaster.master][INFO] 2021-09-10 14:34:55,153: -PUB [/execute_trajectory/cancel] /rviz_wng_27863_390602490548879703 http://wng:43583/
[rosmaster.master][INFO] 2021-09-10 14:34:55,153: -SUB [/tf] /rviz_wng_27863_390602490548879703 http://wng:43583/
[rosmaster.master][INFO] 2021-09-10 14:34:55,154: -SUB [/tf_static] /rviz_wng_27863_390602490548879703 http://wng:43583/
[rosmaster.master][INFO] 2021-09-10 14:34:55,154: -SUB [/action] /rviz_wng_27863_390602490548879703 http://wng:43583/
[rosmaster.master][INFO] 2021-09-10 14:34:55,154: -SUB [/action_array] /rviz_wng_27863_390602490548879703 http://wng:43583/
[rosmaster.master][INFO] 2021-09-10 14:34:55,155: -SUB [/recognized_object_array] /rviz_wng_27863_390602490548879703 http://wng:43583/
[rosmaster.master][INFO] 2021-09-10 14:34:55,155: -SUB [/move_group/monitored_planning_scene] /rviz_wng_27863_390602490548879703 http://wng:43583/
[rosmaster.master][INFO] 2021-09-10 14:34:55,155: -SUB [/move_group/display_planned_path] /rviz_wng_27863_390602490548879703 http://wng:43583/
[rosmaster.master][INFO] 2021-09-10 14:34:55,155: -SUB [/rviz_moveit_motion_planning_display/robot_interaction_interactive_marker_topic/feedback] /rviz_wng_27863_390602490548879703 http://wng:43583/
[rosmaster.master][INFO] 2021-09-10 14:34:55,156: -SUB [/rviz_moveit_motion_planning_display/robot_interaction_interactive_marker_topic/update] /rviz_wng_27863_390602490548879703 http://wng:43583/
[rosmaster.master][INFO] 2021-09-10 14:34:55,156: -SUB [/move_group/status] /rviz_wng_27863_390602490548879703 http://wng:43583/
[rosmaster.master][INFO] 2021-09-10 14:34:55,156: -SUB [/move_group/feedback] /rviz_wng_27863_390602490548879703 http://wng:43583/
[rosmaster.master][INFO] 2021-09-10 14:34:55,156: -SUB [/move_group/result] /rviz_wng_27863_390602490548879703 http://wng:43583/
[rosmaster.master][INFO] 2021-09-10 14:34:55,157: -SUB [/pickup/status] /rviz_wng_27863_390602490548879703 http://wng:43583/
[rosmaster.master][INFO] 2021-09-10 14:34:55,157: -SUB [/pickup/feedback] /rviz_wng_27863_390602490548879703 http://wng:43583/
[rosmaster.master][INFO] 2021-09-10 14:34:55,157: -SUB [/pickup/result] /rviz_wng_27863_390602490548879703 http://wng:43583/
[rosmaster.master][INFO] 2021-09-10 14:34:55,157: publisherUpdate[/tf_static] -> http://wng:43583/ []: sec=0.01, exception=<Fault -1: 'publisherUpdate: unknown method name'>
[rosmaster.master][INFO] 2021-09-10 14:34:55,158: -SUB [/place/status] /rviz_wng_27863_390602490548879703 http://wng:43583/
[rosmaster.master][INFO] 2021-09-10 14:34:55,158: -SUB [/place/feedback] /rviz_wng_27863_390602490548879703 http://wng:43583/
[rosmaster.master][INFO] 2021-09-10 14:34:55,158: -SUB [/place/result] /rviz_wng_27863_390602490548879703 http://wng:43583/
[rosmaster.master][INFO] 2021-09-10 14:34:55,159: -SUB [/execute_trajectory/status] /rviz_wng_27863_390602490548879703 http://wng:43583/
[rosmaster.master][INFO] 2021-09-10 14:34:55,159: -SUB [/execute_trajectory/feedback] /rviz_wng_27863_390602490548879703 http://wng:43583/
[rosmaster.threadpool][ERROR] 2021-09-10 14:34:55,159: Traceback (most recent call last):
  File "/opt/ros/melodic/lib/python2.7/dist-packages/rosmaster/threadpool.py", line 218, in run
    result = cmd(*args)
  File "/opt/ros/melodic/lib/python2.7/dist-packages/rosmaster/master_api.py", line 210, in publisher_update_task
    ret = xmlrpcapi(api).publisherUpdate('/master', topic, pub_uris)
  File "/usr/lib/python2.7/xmlrpclib.py", line 1243, in __call__
    return self.__send(self.__name, args)
  File "/usr/lib/python2.7/xmlrpclib.py", line 1602, in __request
    verbose=self.__verbose
  File "/usr/lib/python2.7/xmlrpclib.py", line 1283, in request
    return self.single_request(host, handler, request_body, verbose)
  File "/usr/lib/python2.7/xmlrpclib.py", line 1316, in single_request
    return self.parse_response(response)
  File "/usr/lib/python2.7/xmlrpclib.py", line 1493, in parse_response
    return u.close()
  File "/usr/lib/python2.7/xmlrpclib.py", line 800, in close
    raise Fault(**self._stack[0])
Fault: <Fault -1: 'publisherUpdate: unknown method name'>

[rosmaster.master][INFO] 2021-09-10 14:34:55,159: -SUB [/execute_trajectory/result] /rviz_wng_27863_390602490548879703 http://wng:43583/
[rosmaster.master][INFO] 2021-09-10 14:34:55,159: publisherUpdate[/rviz_moveit_motion_planning_display/robot_interaction_interactive_marker_topic/update] -> http://wng:43583/ []
[rosmaster.master][INFO] 2021-09-10 14:34:55,160: -SERVICE [/rviz_wng_27863_390602490548879703/get_loggers] /rviz_wng_27863_390602490548879703 rosrpc://wng:44193
[rosmaster.master][INFO] 2021-09-10 14:34:55,160: publisherUpdate[/rviz_moveit_motion_planning_display/robot_interaction_interactive_marker_topic/update] -> http://wng:43583/ []: sec=0.00, exception=<Fault -1: 'publisherUpdate: unknown method name'>
[rosmaster.master][INFO] 2021-09-10 14:34:55,160: -SERVICE [/rviz_wng_27863_390602490548879703/set_logger_level] /rviz_wng_27863_390602490548879703 rosrpc://wng:44193
[rosmaster.threadpool][ERROR] 2021-09-10 14:34:55,161: Traceback (most recent call last):
  File "/opt/ros/melodic/lib/python2.7/dist-packages/rosmaster/threadpool.py", line 218, in run
    result = cmd(*args)
  File "/opt/ros/melodic/lib/python2.7/dist-packages/rosmaster/master_api.py", line 210, in publisher_update_task
    ret = xmlrpcapi(api).publisherUpdate('/master', topic, pub_uris)
  File "/usr/lib/python2.7/xmlrpclib.py", line 1243, in __call__
    return self.__send(self.__name, args)
  File "/usr/lib/python2.7/xmlrpclib.py", line 1602, in __request
    verbose=self.__verbose
  File "/usr/lib/python2.7/xmlrpclib.py", line 1283, in request
    return self.single_request(host, handler, request_body, verbose)
  File "/usr/lib/python2.7/xmlrpclib.py", line 1316, in single_request
    return self.parse_response(response)
  File "/usr/lib/python2.7/xmlrpclib.py", line 1493, in parse_response
    return u.close()
  File "/usr/lib/python2.7/xmlrpclib.py", line 800, in close
    raise Fault(**self._stack[0])
Fault: <Fault -1: 'publisherUpdate: unknown method name'>

[rosmaster.master][INFO] 2021-09-10 14:34:55,161: -SERVICE [/rviz_wng_27863_390602490548879703/reload_shaders] /rviz_wng_27863_390602490548879703 rosrpc://wng:44193
[rosmaster.master][INFO] 2021-09-10 14:34:55,161: publisherUpdate[/rviz_moveit_motion_planning_display/robot_interaction_interactive_marker_topic/feedback] -> http://wng:43583/ []
[rosmaster.master][INFO] 2021-09-10 14:34:55,162: -SERVICE [/rviz_wng_27863_390602490548879703/load_config] /rviz_wng_27863_390602490548879703 rosrpc://wng:44193
[rosmaster.master][INFO] 2021-09-10 14:34:55,162: publisherUpdate[/rviz_moveit_motion_planning_display/robot_interaction_interactive_marker_topic/feedback] -> http://wng:43583/ []: sec=0.00, exception=<Fault -1: 'publisherUpdate: unknown method name'>
[rosmaster.master][INFO] 2021-09-10 14:34:55,162: -SERVICE [/rviz_wng_27863_390602490548879703/save_config] /rviz_wng_27863_390602490548879703 rosrpc://wng:44193
[rosmaster.threadpool][ERROR] 2021-09-10 14:34:55,162: Traceback (most recent call last):
  File "/opt/ros/melodic/lib/python2.7/dist-packages/rosmaster/threadpool.py", line 218, in run
    result = cmd(*args)
  File "/opt/ros/melodic/lib/python2.7/dist-packages/rosmaster/master_api.py", line 210, in publisher_update_task
    ret = xmlrpcapi(api).publisherUpdate('/master', topic, pub_uris)
  File "/usr/lib/python2.7/xmlrpclib.py", line 1243, in __call__
    return self.__send(self.__name, args)
  File "/usr/lib/python2.7/xmlrpclib.py", line 1602, in __request
    verbose=self.__verbose
  File "/usr/lib/python2.7/xmlrpclib.py", line 1283, in request
    return self.single_request(host, handler, request_body, verbose)
  File "/usr/lib/python2.7/xmlrpclib.py", line 1316, in single_request
    return self.parse_response(response)
  File "/usr/lib/python2.7/xmlrpclib.py", line 1493, in parse_response
    return u.close()
  File "/usr/lib/python2.7/xmlrpclib.py", line 800, in close
    raise Fault(**self._stack[0])
Fault: <Fault -1: 'publisherUpdate: unknown method name'>

[rosmaster.master][INFO] 2021-09-10 14:34:55,162: -SERVICE [/rviz_wng_27863_390602490548879703/motionplanning_planning_scene_monitor/set_parameters] /rviz_wng_27863_390602490548879703 rosrpc://wng:44193
[rosmaster.master][INFO] 2021-09-10 14:34:55,163: -CACHEDPARAM [/rosout_disable_topics_generation] by /rviz_wng_27863_390602490548879703
[rosmaster.master][INFO] 2021-09-10 14:34:55,651: -PUB [/rosout_agg] /rosout http://wng:37983/
[rosmaster.master][INFO] 2021-09-10 14:34:55,651: -SUB [/rosout] /rosout http://wng:37983/
[rosmaster.master][INFO] 2021-09-10 14:34:55,652: -SERVICE [/rosout/get_loggers] /rosout rosrpc://wng:54193
[rosmaster.master][INFO] 2021-09-10 14:34:55,652: -SERVICE [/rosout/set_logger_level] /rosout rosrpc://wng:54193
[rosmaster.master][INFO] 2021-09-10 14:34:55,652: -CACHEDPARAM [/rosout/omit_topics] by /rosout
[rosmaster.main][INFO] 2021-09-10 14:34:55,765: keyboard interrupt, will exit
[rosmaster.main][INFO] 2021-09-10 14:34:55,765: stopping master...
[rospy.core][INFO] 2021-09-10 14:34:55,765: signal_shutdown [atexit]
