[rospy.client][INFO] 2021-09-23 08:42:45,426: init_node, name[/joint_state_publisher], pid[16253]
[xmlrpc][INFO] 2021-09-23 08:42:45,426: XML-RPC server binding to 0.0.0.0:0
[xmlrpc][INFO] 2021-09-23 08:42:45,427: Started XML-RPC server [http://wng:38009/]
[rospy.init][INFO] 2021-09-23 08:42:45,427: ROS Slave URI: [http://wng:38009/]
[rospy.impl.masterslave][INFO] 2021-09-23 08:42:45,427: _ready: http://wng:38009/
[xmlrpc][INFO] 2021-09-23 08:42:45,427: xml rpc node: starting XML-RPC server
[rospy.registration][INFO] 2021-09-23 08:42:45,427: Registering with master node http://localhost:11311
[rospy.init][INFO] 2021-09-23 08:42:45,527: registered with master
[rospy.rosout][INFO] 2021-09-23 08:42:45,527: initializing /rosout core topic
[rospy.rosout][INFO] 2021-09-23 08:42:45,529: connected to core topic /rosout
[rospy.simtime][INFO] 2021-09-23 08:42:45,530: /use_sim_time is not set, will not subscribe to simulated time [/clock] topic
[rospy.internal][INFO] 2021-09-23 08:42:45,592: topic[/move_group/fake_controller_joint_states] adding connection to [http://wng:37901/], count 0
[rospy.internal][INFO] 2021-09-23 08:42:45,821: topic[/joint_states] adding connection to [/joint_state_desired_publisher], count 0
[rospy.internal][INFO] 2021-09-23 08:42:45,821: topic[/rosout] adding connection to [/rosout], count 0
[rospy.internal][INFO] 2021-09-23 08:42:45,921: topic[/joint_states] adding connection to [/robot_state_publisher], count 1
[rospy.internal][INFO] 2021-09-23 08:43:33,453: topic[/joint_states] adding connection to [/move_group_commander_wrappers_1632354188702176670], count 2
[rospy.internal][INFO] 2021-09-23 09:15:09,044: topic[/joint_states] removing connection to /move_group_commander_wrappers_1632354188702176670
[rospy.core][INFO] 2021-09-23 09:15:13,557: signal_shutdown [signal-2]
[rospy.internal][INFO] 2021-09-23 09:15:13,560: topic[/joint_states] removing connection to /joint_state_desired_publisher
[rospy.internal][INFO] 2021-09-23 09:15:13,561: topic[/joint_states] removing connection to /robot_state_publisher
[rospy.internal][INFO] 2021-09-23 09:15:13,561: topic[/rosout] removing connection to /rosout
[rospy.internal][INFO] 2021-09-23 09:15:13,561: topic[/move_group/fake_controller_joint_states] removing connection to http://wng:37901/
[rospy.impl.masterslave][INFO] 2021-09-23 09:15:13,561: signal-2
[rospy.core][INFO] 2021-09-23 09:15:13,727: signal_shutdown [atexit]
