[rospy.client][INFO] 2021-09-23 08:42:45,911: init_node, name[/server_endpoint], pid[16251]
[xmlrpc][INFO] 2021-09-23 08:42:45,912: XML-RPC server binding to 0.0.0.0:0
[xmlrpc][INFO] 2021-09-23 08:42:45,912: Started XML-RPC server [http://wng:42187/]
[rospy.init][INFO] 2021-09-23 08:42:45,912: ROS Slave URI: [http://wng:42187/]
[rospy.impl.masterslave][INFO] 2021-09-23 08:42:45,912: _ready: http://wng:42187/
[rospy.registration][INFO] 2021-09-23 08:42:45,912: Registering with master node http://localhost:11311
[xmlrpc][INFO] 2021-09-23 08:42:45,912: xml rpc node: starting XML-RPC server
[rospy.init][INFO] 2021-09-23 08:42:46,012: registered with master
[rospy.rosout][INFO] 2021-09-23 08:42:46,012: initializing /rosout core topic
[rospy.rosout][INFO] 2021-09-23 08:42:46,013: connected to core topic /rosout
[rospy.simtime][INFO] 2021-09-23 08:42:46,014: /use_sim_time is not set, will not subscribe to simulated time [/clock] topic
[rosout][INFO] 2021-09-23 08:42:46,020: Starting server on 192.168.1.146:10000
[rospy.internal][INFO] 2021-09-23 08:42:46,223: topic[/rosout] adding connection to [/rosout], count 0
[rosout][INFO] 2021-09-23 08:43:16,016: Connection from 192.168.1.146
[rosout][INFO] 2021-09-23 08:43:16,021: RegisterPublisher(execution_check, <class 'panda_move.msg._ExecutionCheck.ExecutionCheck'>) OK
[rospy.internal][INFO] 2021-09-23 08:43:16,101: topic[/execution_check] adding connection to [http://wng:42187/], count 0
[rospy.internal][INFO] 2021-09-23 08:43:16,102: topic[/execution_check] adding connection to [/server_endpoint], count 0
[rospy.core][INFO] 2021-09-23 09:15:13,559: signal_shutdown [signal-2]
[rospy.internal][INFO] 2021-09-23 09:15:13,564: topic[/execution_check] removing connection to /server_endpoint
[rospy.internal][INFO] 2021-09-23 09:15:13,565: topic[/rosout] removing connection to /rosout
[rospy.internal][INFO] 2021-09-23 09:15:13,565: topic[/execution_check] removing connection to http://wng:42187/
[rospy.impl.masterslave][INFO] 2021-09-23 09:15:13,565: signal-2
[rospy.internal][ERROR] 2021-09-23 09:15:13,565: Unable to initiate TCP/IP socket to wng:37367 (http://wng:42187/): Traceback (most recent call last):
  File "/opt/ros/melodic/lib/python2.7/dist-packages/rospy/impl/tcpros_base.py", line 562, in connect
    self.read_header()
  File "/opt/ros/melodic/lib/python2.7/dist-packages/rospy/impl/tcpros_base.py", line 657, in read_header
    self._validate_header(read_ros_handshake_header(sock, self.read_buff, self.protocol.buff_size))
  File "/opt/ros/melodic/lib/python2.7/dist-packages/rospy/impl/tcpros_base.py", line 600, in _validate_header
    raise TransportInitError("remote error reported: %s"%header['error'])
TransportInitError: remote error reported: node shutting down

[rospy.core][INFO] 2021-09-23 09:15:13,699: signal_shutdown [atexit]
