[rospy.client][INFO] 2021-09-26 10:06:37,859: init_node, name[/joint_state_publisher], pid[28277]
[xmlrpc][INFO] 2021-09-26 10:06:37,859: XML-RPC server binding to 0.0.0.0:0
[xmlrpc][INFO] 2021-09-26 10:06:37,860: Started XML-RPC server [http://wng:46227/]
[rospy.init][INFO] 2021-09-26 10:06:37,860: ROS Slave URI: [http://wng:46227/]
[rospy.impl.masterslave][INFO] 2021-09-26 10:06:37,860: _ready: http://wng:46227/
[rospy.registration][INFO] 2021-09-26 10:06:37,860: Registering with master node http://localhost:11311
[xmlrpc][INFO] 2021-09-26 10:06:37,860: xml rpc node: starting XML-RPC server
[rospy.init][INFO] 2021-09-26 10:06:37,960: registered with master
[rospy.rosout][INFO] 2021-09-26 10:06:37,960: initializing /rosout core topic
[rospy.rosout][INFO] 2021-09-26 10:06:37,962: connected to core topic /rosout
[rospy.simtime][INFO] 2021-09-26 10:06:37,963: /use_sim_time is not set, will not subscribe to simulated time [/clock] topic
[rospy.internal][INFO] 2021-09-26 10:06:38,025: topic[/move_group/fake_controller_joint_states] adding connection to [http://wng:35573/], count 0
[rospy.internal][INFO] 2021-09-26 10:06:38,206: topic[/rosout] adding connection to [/rosout], count 0
[rospy.internal][INFO] 2021-09-26 10:06:38,207: topic[/joint_states] adding connection to [/joint_state_desired_publisher], count 0
[rospy.internal][INFO] 2021-09-26 10:06:38,208: topic[/joint_states] adding connection to [/robot_state_publisher], count 1
[rospy.core][INFO] 2021-09-26 10:06:43,963: signal_shutdown [signal-2]
[rospy.internal][INFO] 2021-09-26 10:06:43,968: topic[/joint_states] removing connection to /joint_state_desired_publisher
[rospy.internal][INFO] 2021-09-26 10:06:43,968: topic[/joint_states] removing connection to /robot_state_publisher
[rospy.internal][INFO] 2021-09-26 10:06:43,968: topic[/rosout] removing connection to /rosout
[rospy.internal][INFO] 2021-09-26 10:06:43,968: topic[/move_group/fake_controller_joint_states] removing connection to http://wng:35573/
[rospy.impl.masterslave][INFO] 2021-09-26 10:06:43,969: signal-2
[rospy.core][INFO] 2021-09-26 10:06:44,101: signal_shutdown [atexit]
