[rospy.client][INFO] 2021-09-26 10:06:38,349: init_node, name[/PandaMove], pid[28276]
[xmlrpc][INFO] 2021-09-26 10:06:38,349: XML-RPC server binding to 0.0.0.0:0
[xmlrpc][INFO] 2021-09-26 10:06:38,350: Started XML-RPC server [http://wng:43555/]
[rospy.init][INFO] 2021-09-26 10:06:38,350: ROS Slave URI: [http://wng:43555/]
[rospy.impl.masterslave][INFO] 2021-09-26 10:06:38,350: _ready: http://wng:43555/
[xmlrpc][INFO] 2021-09-26 10:06:38,350: xml rpc node: starting XML-RPC server
[rospy.registration][INFO] 2021-09-26 10:06:38,350: Registering with master node http://localhost:11311
[rospy.init][INFO] 2021-09-26 10:06:38,450: registered with master
[rospy.rosout][INFO] 2021-09-26 10:06:38,451: initializing /rosout core topic
[rospy.rosout][INFO] 2021-09-26 10:06:38,460: connected to core topic /rosout
[rospy.simtime][INFO] 2021-09-26 10:06:38,462: /use_sim_time is not set, will not subscribe to simulated time [/clock] topic
[rosout][INFO] 2021-09-26 10:06:38,541: pan, pan, None
[rosout][INFO] 2021-09-26 10:06:38,541: pot, pot, None
[rosout][INFO] 2021-09-26 10:06:38,542: plate, plate, None
[rosout][INFO] 2021-09-26 10:06:38,542: bowl, bowl, None
[rosout][INFO] 2021-09-26 10:06:38,543: spatula, spatula, None
[rosout][INFO] 2021-09-26 10:06:38,543: spreader, spreader, None
[rosout][INFO] 2021-09-26 10:06:38,544: scooper, scooper, None
[rosout][INFO] 2021-09-26 10:06:38,544: knife, knife, None
[rosout][INFO] 2021-09-26 10:06:38,545: table, table, None
[rosout][INFO] 2021-09-26 10:06:38,545: stove, stove, None
[rosout][INFO] 2021-09-26 10:06:38,546: cutting_board, cutting_board, None
[rosout][INFO] 2021-09-26 10:06:38,546: near_cutting_board, near_cutting_board, None
[rosout][INFO] 2021-09-26 10:06:38,547: onion, onion, ['exist']
[rosout][INFO] 2021-09-26 10:06:38,547: butter, butter, ['exist']
[rosout][INFO] 2021-09-26 10:06:38,548: cabbage, cabbage, ['exist']
[rosout][INFO] 2021-09-26 10:06:38,548: bread1, bread, ['exist']
[rosout][INFO] 2021-09-26 10:06:38,549: bread2, bread, ['exist']
[rosout][INFO] 2021-09-26 10:06:38,549: tuna, tuna, ['exist']
[rosout][INFO] 2021-09-26 10:06:38,550: sandwich, sandwich, []
[rosout][INFO] 2021-09-26 10:06:38,550: tuna_spread, tuna_spread, []
[rosout][INFO] 2021-09-26 10:06:38,551: salt, salt, ['exist']
[rosout][INFO] 2021-09-26 10:06:38,551: pepper, pepper, ['exist']
[rosout][INFO] 2021-09-26 10:06:38,552: mayonnaise, mayonnaise, ['exist']
[rosout][INFO] 2021-09-26 10:06:38,552: salt_bottle, salt_bottle, None
[rosout][INFO] 2021-09-26 10:06:38,553: pepper_bottle, pepper_bottle, None
[rosout][INFO] 2021-09-26 10:06:38,553: mayonnaise_bottle, mayonnaise_bottle, None
[rospy.internal][INFO] 2021-09-26 10:06:38,712: topic[/rosout] adding connection to [/rosout], count 0
[rospy.core][INFO] 2021-09-26 10:06:43,963: signal_shutdown [signal-2]
[rospy.internal][INFO] 2021-09-26 10:06:43,968: topic[/rosout] removing connection to /rosout
[rospy.impl.masterslave][INFO] 2021-09-26 10:06:43,968: signal-2
[rospy.core][INFO] 2021-09-26 10:06:58,991: signal_shutdown [signal-15]
