[rospy.client][INFO] 2021-09-09 13:54:26,051: init_node, name[/joint_state_publisher], pid[14122]
[xmlrpc][INFO] 2021-09-09 13:54:26,051: XML-RPC server binding to 0.0.0.0:0
[xmlrpc][INFO] 2021-09-09 13:54:26,051: Started XML-RPC server [http://wng:38947/]
[rospy.init][INFO] 2021-09-09 13:54:26,051: ROS Slave URI: [http://wng:38947/]
[rospy.impl.masterslave][INFO] 2021-09-09 13:54:26,051: _ready: http://wng:38947/
[rospy.registration][INFO] 2021-09-09 13:54:26,052: Registering with master node http://localhost:11311
[xmlrpc][INFO] 2021-09-09 13:54:26,052: xml rpc node: starting XML-RPC server
[rospy.init][INFO] 2021-09-09 13:54:26,152: registered with master
[rospy.rosout][INFO] 2021-09-09 13:54:26,152: initializing /rosout core topic
[rospy.rosout][INFO] 2021-09-09 13:54:26,154: connected to core topic /rosout
[rospy.simtime][INFO] 2021-09-09 13:54:26,155: /use_sim_time is not set, will not subscribe to simulated time [/clock] topic
[rospy.internal][INFO] 2021-09-09 13:54:26,218: topic[/move_group/fake_controller_joint_states] adding connection to [http://wng:34571/], count 0
[rospy.internal][INFO] 2021-09-09 13:54:26,384: topic[/rosout] adding connection to [/rosout], count 0
[rospy.internal][INFO] 2021-09-09 13:54:26,384: topic[/joint_states] adding connection to [/joint_state_desired_publisher], count 0
[rospy.internal][INFO] 2021-09-09 13:54:26,386: topic[/joint_states] adding connection to [/robot_state_publisher], count 1
[rospy.core][INFO] 2021-09-09 13:54:51,083: signal_shutdown [signal-2]
[rospy.internal][INFO] 2021-09-09 13:54:51,086: topic[/joint_states] removing connection to /joint_state_desired_publisher
[rospy.internal][INFO] 2021-09-09 13:54:51,087: topic[/joint_states] removing connection to /robot_state_publisher
[rospy.internal][INFO] 2021-09-09 13:54:51,087: topic[/rosout] removing connection to /rosout
[rospy.internal][INFO] 2021-09-09 13:54:51,087: topic[/move_group/fake_controller_joint_states] removing connection to http://wng:34571/
[rospy.impl.masterslave][INFO] 2021-09-09 13:54:51,087: signal-2
[rospy.core][INFO] 2021-09-09 13:54:51,195: signal_shutdown [atexit]
