[rosmaster.main][INFO] 2021-09-09 13:54:25,580: initialization complete, waiting for shutdown
[rosmaster.main][INFO] 2021-09-09 13:54:25,580: Starting ROS Master Node
[xmlrpc][INFO] 2021-09-09 13:54:25,580: XML-RPC server binding to 0.0.0.0:11311
[xmlrpc][INFO] 2021-09-09 13:54:25,581: Started XML-RPC server [http://wng:11311/]
[xmlrpc][INFO] 2021-09-09 13:54:25,581: xml rpc node: starting XML-RPC server
[rosmaster.master][INFO] 2021-09-09 13:54:25,581: Master initialized: port[11311], uri[http://wng:11311/]
[rosmaster.master][INFO] 2021-09-09 13:54:25,639: +PARAM [/run_id] by /roslaunch
[rosmaster.master][INFO] 2021-09-09 13:54:25,640: +PARAM [/roslaunch/uris/host_wng__34683] by /roslaunch
[rosmaster.master][INFO] 2021-09-09 13:54:25,691: +SERVICE [/rosout/get_loggers] /rosout http://wng:42107/
[rosmaster.master][INFO] 2021-09-09 13:54:25,691: +SERVICE [/rosout/set_logger_level] /rosout http://wng:42107/
[rosmaster.master][INFO] 2021-09-09 13:54:25,692: +PUB [/rosout_agg] /rosout http://wng:42107/
[rosmaster.master][INFO] 2021-09-09 13:54:25,693: +SUB [/rosout] /rosout http://wng:42107/
[rosmaster.master][INFO] 2021-09-09 13:54:25,771: +PARAM [/move_group/planner_configs/RRTkConfigDefault/goal_bias] by /roslaunch
[rosmaster.master][INFO] 2021-09-09 13:54:25,771: +PARAM [/move_group/panda_arm/planner_configs] by /roslaunch
[rosmaster.master][INFO] 2021-09-09 13:54:25,772: +PARAM [/robot_description_semantic] by /roslaunch
[rosmaster.master][INFO] 2021-09-09 13:54:25,772: +PARAM [/move_group/planner_configs/SPARStwokConfigDefault/stretch_factor] by /roslaunch
[rosmaster.master][INFO] 2021-09-09 13:54:25,772: +PARAM [/robot_description_planning/joint_limits/panda_joint3/has_acceleration_limits] by /roslaunch
[rosmaster.master][INFO] 2021-09-09 13:54:25,772: +PARAM [/move_group/planner_configs/STRIDEkConfigDefault/max_degree] by /roslaunch
[rosmaster.master][INFO] 2021-09-09 13:54:25,772: +PARAM [/move_group/planner_configs/RRTstarkConfigDefault/range] by /roslaunch
[rosmaster.master][INFO] 2021-09-09 13:54:25,772: +PARAM [/move_group/planner_configs/SPARSkConfigDefault/sparse_delta_fraction] by /roslaunch
[rosmaster.master][INFO] 2021-09-09 13:54:25,772: +PARAM [/move_group/planner_configs/FMTkConfigDefault/radius_multiplier] by /roslaunch
[rosmaster.master][INFO] 2021-09-09 13:54:25,773: +PARAM [/move_group/controller_list] by /roslaunch
[rosmaster.master][INFO] 2021-09-09 13:54:25,773: +PARAM [/move_group/planner_configs/BFMTkConfigDefault/cache_cc] by /roslaunch
[rosmaster.master][INFO] 2021-09-09 13:54:25,773: +PARAM [/move_group/planner_configs/STRIDEkConfigDefault/goal_bias] by /roslaunch
[rosmaster.master][INFO] 2021-09-09 13:54:25,773: +PARAM [/move_group/max_safe_path_cost] by /roslaunch
[rosmaster.master][INFO] 2021-09-09 13:54:25,773: +PARAM [/move_group/planner_configs/BiTRRTkConfigDefault/temp_change_factor] by /roslaunch
[rosmaster.master][INFO] 2021-09-09 13:54:25,773: +PARAM [/move_group/planner_configs/SPARStwokConfigDefault/sparse_delta_fraction] by /roslaunch
[rosmaster.master][INFO] 2021-09-09 13:54:25,773: +PARAM [/move_group/hand/planner_configs] by /roslaunch
[rosmaster.master][INFO] 2021-09-09 13:54:25,774: +PARAM [/move_group/planner_configs/RRTstarkConfigDefault/goal_bias] by /roslaunch
[rosmaster.master][INFO] 2021-09-09 13:54:25,774: +PARAM [/move_group/planner_configs/STRIDEkConfigDefault/range] by /roslaunch
[rosmaster.master][INFO] 2021-09-09 13:54:25,774: +PARAM [/move_group/planning_scene_monitor/publish_planning_scene] by /roslaunch
[rosmaster.master][INFO] 2021-09-09 13:54:25,774: +PARAM [/move_group/octomap_frame] by /roslaunch
[rosmaster.master][INFO] 2021-09-09 13:54:25,774: +PARAM [/move_group/planner_configs/PRMkConfigDefault/type] by /roslaunch
[rosmaster.master][INFO] 2021-09-09 13:54:25,774: +PARAM [/move_group/planner_configs/BiESTkConfigDefault/range] by /roslaunch
[rosmaster.master][INFO] 2021-09-09 13:54:25,774: +PARAM [/move_group/planner_configs/ESTkConfigDefault/range] by /roslaunch
[rosmaster.master][INFO] 2021-09-09 13:54:25,774: +PARAM [/move_group/planner_configs/KPIECEkConfigDefault/min_valid_path_fraction] by /roslaunch
[rosmaster.master][INFO] 2021-09-09 13:54:25,774: +PARAM [/robot_description_planning/joint_limits/panda_finger_joint2/max_acceleration] by /roslaunch
[rosmaster.master][INFO] 2021-09-09 13:54:25,775: +PARAM [/move_group/planner_configs/BKPIECEkConfigDefault/border_fraction] by /roslaunch
[rosmaster.master][INFO] 2021-09-09 13:54:25,775: +PARAM [/move_group/planner_configs/SPARStwokConfigDefault/max_failures] by /roslaunch
[rosmaster.master][INFO] 2021-09-09 13:54:25,775: +PARAM [/move_group/planner_configs/BiTRRTkConfigDefault/frountier_node_ratio] by /roslaunch
[rosmaster.master][INFO] 2021-09-09 13:54:25,775: +PARAM [/move_group/planner_configs/PRMkConfigDefault/max_nearest_neighbors] by /roslaunch
[rosmaster.master][INFO] 2021-09-09 13:54:25,775: +PARAM [/move_group/planner_configs/BiTRRTkConfigDefault/cost_threshold] by /roslaunch
[rosmaster.master][INFO] 2021-09-09 13:54:25,775: +PARAM [/robot_description_kinematics/panda_arm/kinematics_solver] by /roslaunch
[rosmaster.master][INFO] 2021-09-09 13:54:25,775: +PARAM [/move_group/planner_configs/TRRTkConfigDefault/goal_bias] by /roslaunch
[rosmaster.master][INFO] 2021-09-09 13:54:25,775: +PARAM [/move_group/planner_configs/LBTRRTkConfigDefault/type] by /roslaunch
[rosmaster.master][INFO] 2021-09-09 13:54:25,775: +PARAM [/move_group/planner_configs/FMTkConfigDefault/cache_cc] by /roslaunch
[rosmaster.master][INFO] 2021-09-09 13:54:25,776: +PARAM [/robot_description_planning/joint_limits/panda_joint2/max_velocity] by /roslaunch
[rosmaster.master][INFO] 2021-09-09 13:54:25,776: +PARAM [/robot_description_planning/joint_limits/panda_joint5/max_acceleration] by /roslaunch
[rosmaster.master][INFO] 2021-09-09 13:54:25,776: +PARAM [/move_group/planner_configs/FMTkConfigDefault/type] by /roslaunch
[rosmaster.master][INFO] 2021-09-09 13:54:25,776: +PARAM [/move_group/planner_configs/ProjESTkConfigDefault/type] by /roslaunch
[rosmaster.master][INFO] 2021-09-09 13:54:25,776: +PARAM [/move_group/planner_configs/LBTRRTkConfigDefault/epsilon] by /roslaunch
[rosmaster.master][INFO] 2021-09-09 13:54:25,776: +PARAM [/move_group/planner_configs/LazyPRMkConfigDefault/type] by /roslaunch
[rosmaster.master][INFO] 2021-09-09 13:54:25,776: +PARAM [/move_group/planner_configs/STRIDEkConfigDefault/min_degree] by /roslaunch
[rosmaster.master][INFO] 2021-09-09 13:54:25,776: +PARAM [/move_group/planner_configs/TRRTkConfigDefault/max_states_failed] by /roslaunch
[rosmaster.master][INFO] 2021-09-09 13:54:25,776: +PARAM [/move_group/planner_configs/BKPIECEkConfigDefault/min_valid_path_fraction] by /roslaunch
[rosmaster.master][INFO] 2021-09-09 13:54:25,777: +PARAM [/move_group/planner_configs/SBLkConfigDefault/range] by /roslaunch
[rosmaster.master][INFO] 2021-09-09 13:54:25,777: +PARAM [/robot_description_planning/joint_limits/panda_finger_joint2/has_acceleration_limits] by /roslaunch
[rosmaster.master][INFO] 2021-09-09 13:54:25,777: +PARAM [/robot_description_planning/joint_limits/panda_joint6/max_velocity] by /roslaunch
[rosmaster.master][INFO] 2021-09-09 13:54:25,777: +PARAM [/move_group/planner_configs/TRRTkConfigDefault/frountierNodeRatio] by /roslaunch
[rosmaster.master][INFO] 2021-09-09 13:54:25,777: +PARAM [/move_group/planner_configs/BFMTkConfigDefault/type] by /roslaunch
[rosmaster.master][INFO] 2021-09-09 13:54:25,777: +PARAM [/robot_description_planning/joint_limits/panda_joint3/max_acceleration] by /roslaunch
[rosmaster.master][INFO] 2021-09-09 13:54:25,777: +PARAM [/move_group/planning_plugin] by /roslaunch
[rosmaster.master][INFO] 2021-09-09 13:54:25,777: +PARAM [/robot_description_planning/joint_limits/panda_joint7/max_velocity] by /roslaunch
[rosmaster.master][INFO] 2021-09-09 13:54:25,777: +PARAM [/move_group/planning_scene_monitor/publish_geometry_updates] by /roslaunch
[rosmaster.master][INFO] 2021-09-09 13:54:25,778: +PARAM [/move_group/planner_configs/LazyPRMkConfigDefault/range] by /roslaunch
[rosmaster.master][INFO] 2021-09-09 13:54:25,778: +PARAM [/move_group/planner_configs/TRRTkConfigDefault/type] by /roslaunch
[rosmaster.master][INFO] 2021-09-09 13:54:25,778: +PARAM [/robot_description_planning/joint_limits/panda_joint5/max_velocity] by /roslaunch
[rosmaster.master][INFO] 2021-09-09 13:54:25,778: +PARAM [/move_group/planner_configs/BiTRRTkConfigDefault/init_temperature] by /roslaunch
[rosmaster.master][INFO] 2021-09-09 13:54:25,778: +PARAM [/move_group/planner_configs/SPARSkConfigDefault/max_failures] by /roslaunch
[rosmaster.master][INFO] 2021-09-09 13:54:25,778: +PARAM [/move_group/planner_configs/BiTRRTkConfigDefault/range] by /roslaunch
[rosmaster.master][INFO] 2021-09-09 13:54:25,778: +PARAM [/move_group/planner_configs/PDSTkConfigDefault/type] by /roslaunch
[rosmaster.master][INFO] 2021-09-09 13:54:25,778: +PARAM [/move_group/trajectory_execution/allowed_goal_duration_margin] by /roslaunch
[rosmaster.master][INFO] 2021-09-09 13:54:25,778: +PARAM [/rosdistro] by /roslaunch
[rosmaster.master][INFO] 2021-09-09 13:54:25,778: +PARAM [/robot_description_planning/joint_limits/panda_joint1/has_velocity_limits] by /roslaunch
[rosmaster.master][INFO] 2021-09-09 13:54:25,779: +PARAM [/move_group/planner_configs/STRIDEkConfigDefault/max_pts_per_leaf] by /roslaunch
[rosmaster.master][INFO] 2021-09-09 13:54:25,779: +PARAM [/move_group/planner_configs/BFMTkConfigDefault/nearest_k] by /roslaunch
[rosmaster.master][INFO] 2021-09-09 13:54:25,779: +PARAM [/move_group/planner_configs/LazyPRMstarkConfigDefault/type] by /roslaunch
[rosmaster.master][INFO] 2021-09-09 13:54:25,779: +PARAM [/robot_description_kinematics/panda_arm/kinematics_solver_timeout] by /roslaunch
[rosmaster.master][INFO] 2021-09-09 13:54:25,779: +PARAM [/move_group/planner_configs/PRMstarkConfigDefault/type] by /roslaunch
[rosmaster.master][INFO] 2021-09-09 13:54:25,779: +PARAM [/move_group/planner_configs/RRTkConfigDefault/range] by /roslaunch
[rosmaster.master][INFO] 2021-09-09 13:54:25,779: +PARAM [/move_group/allow_trajectory_execution] by /roslaunch
[rosmaster.master][INFO] 2021-09-09 13:54:25,779: +PARAM [/move_group/planner_configs/SPARSkConfigDefault/stretch_factor] by /roslaunch
[rosmaster.master][INFO] 2021-09-09 13:54:25,779: +PARAM [/ROS_IP] by /roslaunch
[rosmaster.master][INFO] 2021-09-09 13:54:25,779: +PARAM [/move_group/planner_configs/ESTkConfigDefault/type] by /roslaunch
[rosmaster.master][INFO] 2021-09-09 13:54:25,779: +PARAM [/robot_description_planning/joint_limits/panda_joint4/max_acceleration] by /roslaunch
[rosmaster.master][INFO] 2021-09-09 13:54:25,780: +PARAM [/move_group/start_state_max_bounds_error] by /roslaunch
[rosmaster.master][INFO] 2021-09-09 13:54:25,780: +PARAM [/robot_description_planning/joint_limits/panda_finger_joint2/has_velocity_limits] by /roslaunch
[rosmaster.master][INFO] 2021-09-09 13:54:25,780: +PARAM [/move_group/max_range] by /roslaunch
[rosmaster.master][INFO] 2021-09-09 13:54:25,780: +PARAM [/robot_description_kinematics/panda_arm/kinematics_solver_search_resolution] by /roslaunch
[rosmaster.master][INFO] 2021-09-09 13:54:25,780: +PARAM [/robot_description_planning/joint_limits/panda_joint2/max_acceleration] by /roslaunch
[rosmaster.master][INFO] 2021-09-09 13:54:25,780: +PARAM [/move_group/planner_configs/RRTstarkConfigDefault/type] by /roslaunch
[rosmaster.master][INFO] 2021-09-09 13:54:25,780: +PARAM [/move_group/planner_configs/STRIDEkConfigDefault/min_valid_path_fraction] by /roslaunch
[rosmaster.master][INFO] 2021-09-09 13:54:25,780: +PARAM [/robot_description_planning/joint_limits/panda_joint7/has_acceleration_limits] by /roslaunch
[rosmaster.master][INFO] 2021-09-09 13:54:25,780: +PARAM [/move_group/planner_configs/BiTRRTkConfigDefault/frountier_threshold] by /roslaunch
[rosmaster.master][INFO] 2021-09-09 13:54:25,780: +PARAM [/robot_description_planning/joint_limits/panda_joint5/has_acceleration_limits] by /roslaunch
[rosmaster.master][INFO] 2021-09-09 13:54:25,780: +PARAM [/joint_state_publisher/use_gui] by /roslaunch
[rosmaster.master][INFO] 2021-09-09 13:54:25,781: +PARAM [/move_group/planner_configs/BKPIECEkConfigDefault/type] by /roslaunch
[rosmaster.master][INFO] 2021-09-09 13:54:25,781: +PARAM [/robot_description_planning/joint_limits/panda_joint7/max_acceleration] by /roslaunch
[rosmaster.master][INFO] 2021-09-09 13:54:25,781: +PARAM [/robot_description_planning/joint_limits/panda_joint6/max_acceleration] by /roslaunch
[rosmaster.master][INFO] 2021-09-09 13:54:25,781: +PARAM [/move_group/trajectory_execution/allowed_execution_duration_scaling] by /roslaunch
[rosmaster.master][INFO] 2021-09-09 13:54:25,781: +PARAM [/move_group/planner_configs/KPIECEkConfigDefault/border_fraction] by /roslaunch
[rosmaster.master][INFO] 2021-09-09 13:54:25,781: +PARAM [/move_group/trajectory_execution/allowed_start_tolerance] by /roslaunch
[rosmaster.master][INFO] 2021-09-09 13:54:25,781: +PARAM [/robot_description_planning/joint_limits/panda_joint3/max_velocity] by /roslaunch
[rosmaster.master][INFO] 2021-09-09 13:54:25,781: +PARAM [/move_group/moveit_manage_controllers] by /roslaunch
[rosmaster.master][INFO] 2021-09-09 13:54:25,781: +PARAM [/move_group/panda_arm_hand/planner_configs] by /roslaunch
[rosmaster.master][INFO] 2021-09-09 13:54:25,782: +PARAM [/move_group/planner_configs/FMTkConfigDefault/heuristics] by /roslaunch
[rosmaster.master][INFO] 2021-09-09 13:54:25,782: +PARAM [/move_group/planner_configs/BFMTkConfigDefault/optimality] by /roslaunch
[rosmaster.master][INFO] 2021-09-09 13:54:25,782: +PARAM [/robot_description_planning/joint_limits/panda_joint2/has_acceleration_limits] by /roslaunch
[rosmaster.master][INFO] 2021-09-09 13:54:25,782: +PARAM [/move_group/planner_configs/FMTkConfigDefault/nearest_k] by /roslaunch
[rosmaster.master][INFO] 2021-09-09 13:54:25,782: +PARAM [/move_group/planner_configs/ProjESTkConfigDefault/goal_bias] by /roslaunch
[rosmaster.master][INFO] 2021-09-09 13:54:25,782: +PARAM [/move_group/planner_configs/ESTkConfigDefault/goal_bias] by /roslaunch
[rosmaster.master][INFO] 2021-09-09 13:54:25,782: +PARAM [/move_group/planner_configs/BFMTkConfigDefault/radius_multiplier] by /roslaunch
[rosmaster.master][INFO] 2021-09-09 13:54:25,782: +PARAM [/move_group/planner_configs/LBKPIECEkConfigDefault/border_fraction] by /roslaunch
[rosmaster.master][INFO] 2021-09-09 13:54:25,782: +PARAM [/move_group/jiggle_fraction] by /roslaunch
[rosmaster.master][INFO] 2021-09-09 13:54:25,782: +PARAM [/move_group/planner_configs/SPARStwokConfigDefault/dense_delta_fraction] by /roslaunch
[rosmaster.master][INFO] 2021-09-09 13:54:25,782: +PARAM [/move_group/planner_configs/BFMTkConfigDefault/num_samples] by /roslaunch
[rosmaster.master][INFO] 2021-09-09 13:54:25,783: +PARAM [/move_group/planner_configs/TRRTkConfigDefault/range] by /roslaunch
[rosmaster.master][INFO] 2021-09-09 13:54:25,783: +PARAM [/move_group/planning_scene_monitor/publish_state_updates] by /roslaunch
[rosmaster.master][INFO] 2021-09-09 13:54:25,783: +PARAM [/rviz_wng_14085_3686756826058995302/panda_arm/kinematics_solver_timeout] by /roslaunch
[rosmaster.master][INFO] 2021-09-09 13:54:25,783: +PARAM [/move_group/planner_configs/TRRTkConfigDefault/temp_change_factor] by /roslaunch
[rosmaster.master][INFO] 2021-09-09 13:54:25,783: +PARAM [/robot_description_planning/joint_limits/panda_joint1/max_velocity] by /roslaunch
[rosmaster.master][INFO] 2021-09-09 13:54:25,783: +PARAM [/move_group/planner_configs/BKPIECEkConfigDefault/range] by /roslaunch
[rosmaster.master][INFO] 2021-09-09 13:54:25,783: +PARAM [/move_group/planner_configs/SBLkConfigDefault/type] by /roslaunch
[rosmaster.master][INFO] 2021-09-09 13:54:25,783: +PARAM [/robot_description_planning/joint_limits/panda_finger_joint1/has_velocity_limits] by /roslaunch
[rosmaster.master][INFO] 2021-09-09 13:54:25,783: +PARAM [/move_group/planner_configs/LBTRRTkConfigDefault/range] by /roslaunch
[rosmaster.master][INFO] 2021-09-09 13:54:25,783: +PARAM [/robot_description] by /roslaunch
[rosmaster.master][INFO] 2021-09-09 13:54:25,783: +PARAM [/move_group/planner_configs/FMTkConfigDefault/extended_fmt] by /roslaunch
[rosmaster.master][INFO] 2021-09-09 13:54:25,783: +PARAM [/move_group/planner_configs/LBKPIECEkConfigDefault/range] by /roslaunch
[rosmaster.master][INFO] 2021-09-09 13:54:25,784: +PARAM [/rviz_wng_14085_3686756826058995302/panda_arm/kinematics_solver_search_resolution] by /roslaunch
[rosmaster.master][INFO] 2021-09-09 13:54:25,784: +PARAM [/robot_description_planning/joint_limits/panda_joint5/has_velocity_limits] by /roslaunch
[rosmaster.master][INFO] 2021-09-09 13:54:25,784: +PARAM [/rviz_wng_14085_3686756826058995302/panda_arm/kinematics_solver] by /roslaunch
[rosmaster.master][INFO] 2021-09-09 13:54:25,784: +PARAM [/robot_description_planning/joint_limits/panda_finger_joint1/max_velocity] by /roslaunch
[rosmaster.master][INFO] 2021-09-09 13:54:25,784: +PARAM [/move_group/moveit_controller_manager] by /roslaunch
[rosmaster.master][INFO] 2021-09-09 13:54:25,784: +PARAM [/robot_description_planning/joint_limits/panda_joint1/max_acceleration] by /roslaunch
[rosmaster.master][INFO] 2021-09-09 13:54:25,784: +PARAM [/move_group/planner_configs/TRRTkConfigDefault/frountier_threshold] by /roslaunch
[rosmaster.master][INFO] 2021-09-09 13:54:25,784: +PARAM [/move_group/planner_configs/BFMTkConfigDefault/heuristics] by /roslaunch
[rosmaster.master][INFO] 2021-09-09 13:54:25,784: +PARAM [/robot_description_planning/joint_limits/panda_finger_joint1/has_acceleration_limits] by /roslaunch
[rosmaster.master][INFO] 2021-09-09 13:54:25,784: +PARAM [/move_group/planner_configs/KPIECEkConfigDefault/range] by /roslaunch
[rosmaster.master][INFO] 2021-09-09 13:54:25,784: +PARAM [/robot_description_planning/joint_limits/panda_joint7/has_velocity_limits] by /roslaunch
[rosmaster.master][INFO] 2021-09-09 13:54:25,784: +PARAM [/move_group/planner_configs/KPIECEkConfigDefault/goal_bias] by /roslaunch
[rosmaster.master][INFO] 2021-09-09 13:54:25,784: +PARAM [/move_group/planner_configs/RRTConnectkConfigDefault/range] by /roslaunch
[rosmaster.master][INFO] 2021-09-09 13:54:25,785: +PARAM [/robot_description_planning/joint_limits/panda_joint4/has_velocity_limits] by /roslaunch
[rosmaster.master][INFO] 2021-09-09 13:54:25,785: +PARAM [/move_group/request_adapters] by /roslaunch
[rosmaster.master][INFO] 2021-09-09 13:54:25,785: +PARAM [/move_group/planner_configs/TRRTkConfigDefault/min_temperature] by /roslaunch
[rosmaster.master][INFO] 2021-09-09 13:54:25,785: +PARAM [/robot_description_planning/joint_limits/panda_joint6/has_acceleration_limits] by /roslaunch
[rosmaster.master][INFO] 2021-09-09 13:54:25,785: +PARAM [/move_group/planner_configs/BFMTkConfigDefault/balanced] by /roslaunch
[rosmaster.master][INFO] 2021-09-09 13:54:25,785: +PARAM [/move_group/planner_configs/ProjESTkConfigDefault/range] by /roslaunch
[rosmaster.master][INFO] 2021-09-09 13:54:25,785: +PARAM [/move_group/octomap_resolution] by /roslaunch
[rosmaster.master][INFO] 2021-09-09 13:54:25,785: +PARAM [/move_group/planner_configs/STRIDEkConfigDefault/degree] by /roslaunch
[rosmaster.master][INFO] 2021-09-09 13:54:25,785: +PARAM [/move_group/planner_configs/KPIECEkConfigDefault/failed_expansion_score_factor] by /roslaunch
[rosmaster.master][INFO] 2021-09-09 13:54:25,785: +PARAM [/move_group/initial] by /roslaunch
[rosmaster.master][INFO] 2021-09-09 13:54:25,785: +PARAM [/move_group/planning_scene_monitor/publish_transforms_updates] by /roslaunch
[rosmaster.master][INFO] 2021-09-09 13:54:25,785: +PARAM [/move_group/planner_configs/SPARSkConfigDefault/type] by /roslaunch
[rosmaster.master][INFO] 2021-09-09 13:54:25,785: +PARAM [/move_group/planner_configs/TRRTkConfigDefault/init_temperature] by /roslaunch
[rosmaster.master][INFO] 2021-09-09 13:54:25,786: +PARAM [/move_group/sensors] by /roslaunch
[rosmaster.master][INFO] 2021-09-09 13:54:25,786: +PARAM [/robot_description_planning/joint_limits/panda_joint1/has_acceleration_limits] by /roslaunch
[rosmaster.master][INFO] 2021-09-09 13:54:25,786: +PARAM [/move_group/planner_configs/STRIDEkConfigDefault/type] by /roslaunch
[rosmaster.master][INFO] 2021-09-09 13:54:25,786: +PARAM [/move_group/planner_configs/TrajOptDefault/type] by /roslaunch
[rosmaster.master][INFO] 2021-09-09 13:54:25,786: +PARAM [/move_group/planner_configs/RRTstarkConfigDefault/delay_collision_checking] by /roslaunch
[rosmaster.master][INFO] 2021-09-09 13:54:25,786: +PARAM [/move_group/planner_configs/KPIECEkConfigDefault/type] by /roslaunch
[rosmaster.master][INFO] 2021-09-09 13:54:25,786: +PARAM [/robot_description_planning/joint_limits/panda_joint3/has_velocity_limits] by /roslaunch
[rosmaster.master][INFO] 2021-09-09 13:54:25,786: +PARAM [/robot_description_planning/joint_limits/panda_joint6/has_velocity_limits] by /roslaunch
[rosmaster.master][INFO] 2021-09-09 13:54:25,786: +PARAM [/move_group/planner_configs/BiTRRTkConfigDefault/type] by /roslaunch
[rosmaster.master][INFO] 2021-09-09 13:54:25,786: +PARAM [/robot_description_planning/joint_limits/panda_finger_joint2/max_velocity] by /roslaunch
[rosmaster.master][INFO] 2021-09-09 13:54:25,786: +PARAM [/move_group/planner_configs/RRTConnectkConfigDefault/type] by /roslaunch
[rosmaster.master][INFO] 2021-09-09 13:54:25,786: +PARAM [/move_group/planner_configs/SPARSkConfigDefault/dense_delta_fraction] by /roslaunch
[rosmaster.master][INFO] 2021-09-09 13:54:25,786: +PARAM [/move_group/planner_configs/LBTRRTkConfigDefault/goal_bias] by /roslaunch
[rosmaster.master][INFO] 2021-09-09 13:54:25,787: +PARAM [/robot_description_planning/joint_limits/panda_finger_joint1/max_acceleration] by /roslaunch
[rosmaster.master][INFO] 2021-09-09 13:54:25,787: +PARAM [/move_group/planner_configs/BKPIECEkConfigDefault/failed_expansion_score_factor] by /roslaunch
[rosmaster.master][INFO] 2021-09-09 13:54:25,787: +PARAM [/move_group/planner_configs/LBKPIECEkConfigDefault/min_valid_path_fraction] by /roslaunch
[rosmaster.master][INFO] 2021-09-09 13:54:25,787: +PARAM [/rosversion] by /roslaunch
[rosmaster.master][INFO] 2021-09-09 13:54:25,787: +PARAM [/move_group/planner_configs/BiESTkConfigDefault/type] by /roslaunch
[rosmaster.master][INFO] 2021-09-09 13:54:25,787: +PARAM [/robot_description_planning/joint_limits/panda_joint2/has_velocity_limits] by /roslaunch
[rosmaster.master][INFO] 2021-09-09 13:54:25,787: +PARAM [/move_group/planner_configs/STRIDEkConfigDefault/estimated_dimension] by /roslaunch
[rosmaster.master][INFO] 2021-09-09 13:54:25,787: +PARAM [/move_group/planner_configs/STRIDEkConfigDefault/use_projected_distance] by /roslaunch
[rosmaster.master][INFO] 2021-09-09 13:54:25,787: +PARAM [/move_group/planner_configs/TRRTkConfigDefault/k_constant] by /roslaunch
[rosmaster.master][INFO] 2021-09-09 13:54:25,787: +PARAM [/move_group/planner_configs/FMTkConfigDefault/num_samples] by /roslaunch
[rosmaster.master][INFO] 2021-09-09 13:54:25,787: +PARAM [/move_group/planner_configs/LBKPIECEkConfigDefault/type] by /roslaunch
[rosmaster.master][INFO] 2021-09-09 13:54:25,787: +PARAM [/move_group/planner_configs/BFMTkConfigDefault/extended_fmt] by /roslaunch
[rosmaster.master][INFO] 2021-09-09 13:54:25,787: +PARAM [/robot_description_planning/joint_limits/panda_joint4/max_velocity] by /roslaunch
[rosmaster.master][INFO] 2021-09-09 13:54:25,788: +PARAM [/robot_description_planning/joint_limits/panda_joint4/has_acceleration_limits] by /roslaunch
[rosmaster.master][INFO] 2021-09-09 13:54:25,788: +PARAM [/move_group/planner_configs/SPARStwokConfigDefault/type] by /roslaunch
[rosmaster.master][INFO] 2021-09-09 13:54:25,788: +PARAM [/move_group/planner_configs/RRTkConfigDefault/type] by /roslaunch
[rosmaster.master][INFO] 2021-09-09 13:54:25,788: +PARAM [/source_list] by /roslaunch
[rosmaster.master][INFO] 2021-09-09 13:54:25,831: +PUB [/rosout] /joint_state_desired_publisher http://wng:33633/
[rosmaster.master][INFO] 2021-09-09 13:54:25,831: +SERVICE [/joint_state_desired_publisher/get_loggers] /joint_state_desired_publisher http://wng:33633/
[rosmaster.master][INFO] 2021-09-09 13:54:25,831: +SERVICE [/joint_state_desired_publisher/set_logger_level] /joint_state_desired_publisher http://wng:33633/
[rosmaster.master][INFO] 2021-09-09 13:54:25,834: +SUB [/joint_states] /joint_state_desired_publisher http://wng:33633/
[rosmaster.master][INFO] 2021-09-09 13:54:25,843: +PUB [/rosout] /robot_state_publisher http://wng:37387/
[rosmaster.master][INFO] 2021-09-09 13:54:25,843: +SERVICE [/robot_state_publisher/get_loggers] /robot_state_publisher http://wng:37387/
[rosmaster.master][INFO] 2021-09-09 13:54:25,843: +SERVICE [/robot_state_publisher/set_logger_level] /robot_state_publisher http://wng:37387/
[rosmaster.master][INFO] 2021-09-09 13:54:25,846: +PUB [/tf] /robot_state_publisher http://wng:37387/
[rosmaster.master][INFO] 2021-09-09 13:54:25,846: +PUB [/tf_static] /robot_state_publisher http://wng:37387/
[rosmaster.master][INFO] 2021-09-09 13:54:25,848: +SUB [/joint_states] /robot_state_publisher http://wng:37387/
[rosmaster.master][INFO] 2021-09-09 13:54:25,881: publisherUpdate[/rosout] -> http://wng:42107/ ['http://wng:33633/']
[rosmaster.master][INFO] 2021-09-09 13:54:25,883: publisherUpdate[/rosout] -> http://wng:42107/ ['http://wng:33633/']: sec=0.00, result=[1, '', 0]
[rosmaster.master][INFO] 2021-09-09 13:54:25,883: publisherUpdate[/rosout] -> http://wng:42107/ ['http://wng:33633/', 'http://wng:37387/']
[rosmaster.master][INFO] 2021-09-09 13:54:25,884: publisherUpdate[/rosout] -> http://wng:42107/ ['http://wng:33633/', 'http://wng:37387/']: sec=0.00, result=[1, '', 0]
[rosmaster.master][INFO] 2021-09-09 13:54:25,884: +PUB [/rosout] /move_group http://wng:34571/
[rosmaster.master][INFO] 2021-09-09 13:54:25,884: +SERVICE [/move_group/get_loggers] /move_group http://wng:34571/
[rosmaster.master][INFO] 2021-09-09 13:54:25,885: +SERVICE [/move_group/set_logger_level] /move_group http://wng:34571/
[rosmaster.master][INFO] 2021-09-09 13:54:25,886: +SUB [/tf] /move_group http://wng:34571/
[rosmaster.master][INFO] 2021-09-09 13:54:25,887: +SUB [/tf_static] /move_group http://wng:34571/
[rosmaster.master][INFO] 2021-09-09 13:54:25,890: +CACHEDPARAM [/rosout_disable_topics_generation] by /move_group
[rosmaster.master][INFO] 2021-09-09 13:54:25,940: +SERVICE [/move_group/planning_scene_monitor/set_parameters] /move_group http://wng:34571/
[rosmaster.master][INFO] 2021-09-09 13:54:25,941: +PUB [/move_group/planning_scene_monitor/parameter_descriptions] /move_group http://wng:34571/
[rosmaster.master][INFO] 2021-09-09 13:54:25,941: +PUB [/move_group/planning_scene_monitor/parameter_updates] /move_group http://wng:34571/
[rosmaster.master][INFO] 2021-09-09 13:54:25,942: +PARAM [/move_group/planning_scene_monitor/publish_planning_scene] by /move_group
[rosmaster.master][INFO] 2021-09-09 13:54:25,942: +PARAM [/move_group/planning_scene_monitor/publish_planning_scene_hz] by /move_group
[rosmaster.master][INFO] 2021-09-09 13:54:25,942: +PARAM [/move_group/planning_scene_monitor/publish_geometry_updates] by /move_group
[rosmaster.master][INFO] 2021-09-09 13:54:25,942: +PARAM [/move_group/planning_scene_monitor/publish_state_updates] by /move_group
[rosmaster.master][INFO] 2021-09-09 13:54:25,943: +PARAM [/move_group/planning_scene_monitor/publish_transforms_updates] by /move_group
[rosmaster.master][INFO] 2021-09-09 13:54:25,943: +PUB [/move_group/monitored_planning_scene] /move_group http://wng:34571/
[rosmaster.master][INFO] 2021-09-09 13:54:25,943: +PARAM [/move_group/planning_scene_monitor/publish_planning_scene] by /move_group
[rosmaster.master][INFO] 2021-09-09 13:54:25,943: +PARAM [/move_group/planning_scene_monitor/publish_planning_scene_hz] by /move_group
[rosmaster.master][INFO] 2021-09-09 13:54:25,944: +PARAM [/move_group/planning_scene_monitor/publish_geometry_updates] by /move_group
[rosmaster.master][INFO] 2021-09-09 13:54:25,944: +PARAM [/move_group/planning_scene_monitor/publish_state_updates] by /move_group
[rosmaster.master][INFO] 2021-09-09 13:54:25,944: +PARAM [/move_group/planning_scene_monitor/publish_transforms_updates] by /move_group
[rosmaster.master][INFO] 2021-09-09 13:54:25,945: +SUB [/planning_scene] /move_group http://wng:34571/
[rosmaster.master][INFO] 2021-09-09 13:54:25,946: +SUB [/collision_object] /move_group http://wng:34571/
[rosmaster.master][INFO] 2021-09-09 13:54:25,947: +SUB [/planning_scene_world] /move_group http://wng:34571/
[rosmaster.master][INFO] 2021-09-09 13:54:25,951: +PUB [/move_group/filtered_cloud] /move_group http://wng:34571/
[rosmaster.master][INFO] 2021-09-09 13:54:25,952: +SERVICE [/move_group/save_map] /move_group http://wng:34571/
[rosmaster.master][INFO] 2021-09-09 13:54:25,952: +SERVICE [/move_group/load_map] /move_group http://wng:34571/
[rosmaster.master][INFO] 2021-09-09 13:54:25,955: +SUB [/camera/depth_registered/points] /move_group http://wng:34571/
[rosmaster.master][INFO] 2021-09-09 13:54:25,956: +SUB [/joint_states_desired] /move_group http://wng:34571/
[rosmaster.master][INFO] 2021-09-09 13:54:25,958: +SUB [/attached_collision_object] /move_group http://wng:34571/
[rosmaster.master][INFO] 2021-09-09 13:54:25,966: +PUB [/rosout] /rviz_wng_14085_3686756826058995302 http://wng:33811/
[rosmaster.master][INFO] 2021-09-09 13:54:25,967: +SERVICE [/rviz_wng_14085_3686756826058995302/get_loggers] /rviz_wng_14085_3686756826058995302 http://wng:33811/
[rosmaster.master][INFO] 2021-09-09 13:54:25,967: +SERVICE [/rviz_wng_14085_3686756826058995302/set_logger_level] /rviz_wng_14085_3686756826058995302 http://wng:33811/
[rosmaster.master][INFO] 2021-09-09 13:54:25,967: +CACHEDPARAM [/rosout_disable_topics_generation] by /rviz_wng_14085_3686756826058995302
[rosmaster.master][INFO] 2021-09-09 13:54:25,981: publisherUpdate[/rosout] -> http://wng:42107/ ['http://wng:33633/', 'http://wng:37387/', 'http://wng:34571/']
[rosmaster.master][INFO] 2021-09-09 13:54:25,983: publisherUpdate[/rosout] -> http://wng:42107/ ['http://wng:33633/', 'http://wng:37387/', 'http://wng:34571/']: sec=0.00, result=[1, '', 0]
[rosmaster.master][INFO] 2021-09-09 13:54:25,983: publisherUpdate[/rosout] -> http://wng:42107/ ['http://wng:33633/', 'http://wng:37387/', 'http://wng:34571/', 'http://wng:33811/']
[rosmaster.master][INFO] 2021-09-09 13:54:25,984: publisherUpdate[/rosout] -> http://wng:42107/ ['http://wng:33633/', 'http://wng:37387/', 'http://wng:34571/', 'http://wng:33811/']: sec=0.00, result=[1, '', 0]
[rosmaster.master][INFO] 2021-09-09 13:54:25,997: +SERVICE [/move_group/ompl/set_parameters] /move_group http://wng:34571/
[rosmaster.master][INFO] 2021-09-09 13:54:25,997: +PUB [/move_group/ompl/parameter_descriptions] /move_group http://wng:34571/
[rosmaster.master][INFO] 2021-09-09 13:54:25,998: +PUB [/move_group/ompl/parameter_updates] /move_group http://wng:34571/
[rosmaster.master][INFO] 2021-09-09 13:54:25,999: +PARAM [/move_group/ompl/simplify_solutions] by /move_group
[rosmaster.master][INFO] 2021-09-09 13:54:25,999: +PARAM [/move_group/ompl/minimum_waypoint_count] by /move_group
[rosmaster.master][INFO] 2021-09-09 13:54:25,999: +PARAM [/move_group/ompl/maximum_waypoint_distance] by /move_group
[rosmaster.master][INFO] 2021-09-09 13:54:25,999: +PARAM [/move_group/ompl/link_for_exploration_tree] by /move_group
[rosmaster.master][INFO] 2021-09-09 13:54:25,999: +PARAM [/move_group/ompl/display_random_valid_states] by /move_group
[rosmaster.master][INFO] 2021-09-09 13:54:25,999: +PARAM [/move_group/ompl/simplify_solutions] by /move_group
[rosmaster.master][INFO] 2021-09-09 13:54:26,000: +PARAM [/move_group/ompl/minimum_waypoint_count] by /move_group
[rosmaster.master][INFO] 2021-09-09 13:54:26,000: +PARAM [/move_group/ompl/maximum_waypoint_distance] by /move_group
[rosmaster.master][INFO] 2021-09-09 13:54:26,000: +PARAM [/move_group/ompl/link_for_exploration_tree] by /move_group
[rosmaster.master][INFO] 2021-09-09 13:54:26,000: +PARAM [/move_group/ompl/display_random_valid_states] by /move_group
[rosmaster.master][INFO] 2021-09-09 13:54:26,004: +PUB [/move_group/display_planned_path] /move_group http://wng:34571/
[rosmaster.master][INFO] 2021-09-09 13:54:26,005: +PUB [/move_group/display_contacts] /move_group http://wng:34571/
[rosmaster.master][INFO] 2021-09-09 13:54:26,007: +PUB [/move_group/fake_controller_joint_states] /move_group http://wng:34571/
[rosmaster.master][INFO] 2021-09-09 13:54:26,030: +SUB [/trajectory_execution_event] /move_group http://wng:34571/
[rosmaster.master][INFO] 2021-09-09 13:54:26,030: +SERVICE [/move_group/trajectory_execution/set_parameters] /move_group http://wng:34571/
[rosmaster.master][INFO] 2021-09-09 13:54:26,030: +PUB [/move_group/trajectory_execution/parameter_descriptions] /move_group http://wng:34571/
[rosmaster.master][INFO] 2021-09-09 13:54:26,030: +PUB [/move_group/trajectory_execution/parameter_updates] /move_group http://wng:34571/
[rosmaster.master][INFO] 2021-09-09 13:54:26,031: +PARAM [/move_group/trajectory_execution/execution_duration_monitoring] by /move_group
[rosmaster.master][INFO] 2021-09-09 13:54:26,032: +PARAM [/move_group/trajectory_execution/allowed_execution_duration_scaling] by /move_group
[rosmaster.master][INFO] 2021-09-09 13:54:26,032: +PARAM [/move_group/trajectory_execution/allowed_goal_duration_margin] by /move_group
[rosmaster.master][INFO] 2021-09-09 13:54:26,032: +PARAM [/move_group/trajectory_execution/execution_velocity_scaling] by /move_group
[rosmaster.master][INFO] 2021-09-09 13:54:26,032: +PARAM [/move_group/trajectory_execution/allowed_start_tolerance] by /move_group
[rosmaster.master][INFO] 2021-09-09 13:54:26,033: +PARAM [/move_group/trajectory_execution/wait_for_trajectory_completion] by /move_group
[rosmaster.master][INFO] 2021-09-09 13:54:26,033: +PARAM [/move_group/trajectory_execution/execution_duration_monitoring] by /move_group
[rosmaster.master][INFO] 2021-09-09 13:54:26,033: +PARAM [/move_group/trajectory_execution/allowed_execution_duration_scaling] by /move_group
[rosmaster.master][INFO] 2021-09-09 13:54:26,033: +PARAM [/move_group/trajectory_execution/allowed_goal_duration_margin] by /move_group
[rosmaster.master][INFO] 2021-09-09 13:54:26,034: +PARAM [/move_group/trajectory_execution/execution_velocity_scaling] by /move_group
[rosmaster.master][INFO] 2021-09-09 13:54:26,034: +PARAM [/move_group/trajectory_execution/allowed_start_tolerance] by /move_group
[rosmaster.master][INFO] 2021-09-09 13:54:26,034: +PARAM [/move_group/trajectory_execution/wait_for_trajectory_completion] by /move_group
[rosmaster.master][INFO] 2021-09-09 13:54:26,035: +SERVICE [/move_group/plan_execution/set_parameters] /move_group http://wng:34571/
[rosmaster.master][INFO] 2021-09-09 13:54:26,035: +PUB [/move_group/plan_execution/parameter_descriptions] /move_group http://wng:34571/
[rosmaster.master][INFO] 2021-09-09 13:54:26,035: +PUB [/move_group/plan_execution/parameter_updates] /move_group http://wng:34571/
[rosmaster.master][INFO] 2021-09-09 13:54:26,036: +PARAM [/move_group/plan_execution/max_replan_attempts] by /move_group
[rosmaster.master][INFO] 2021-09-09 13:54:26,036: +PARAM [/move_group/plan_execution/record_trajectory_state_frequency] by /move_group
[rosmaster.master][INFO] 2021-09-09 13:54:26,036: +PARAM [/move_group/plan_execution/max_replan_attempts] by /move_group
[rosmaster.master][INFO] 2021-09-09 13:54:26,036: +PARAM [/move_group/plan_execution/record_trajectory_state_frequency] by /move_group
[rosmaster.master][INFO] 2021-09-09 13:54:26,037: +SERVICE [/move_group/sense_for_plan/set_parameters] /move_group http://wng:34571/
[rosmaster.master][INFO] 2021-09-09 13:54:26,037: +PUB [/move_group/sense_for_plan/parameter_descriptions] /move_group http://wng:34571/
[rosmaster.master][INFO] 2021-09-09 13:54:26,037: +PUB [/move_group/sense_for_plan/parameter_updates] /move_group http://wng:34571/
[rosmaster.master][INFO] 2021-09-09 13:54:26,038: +PARAM [/move_group/sense_for_plan/max_safe_path_cost] by /move_group
[rosmaster.master][INFO] 2021-09-09 13:54:26,038: +PARAM [/move_group/sense_for_plan/max_look_attempts] by /move_group
[rosmaster.master][INFO] 2021-09-09 13:54:26,038: +PARAM [/move_group/sense_for_plan/max_cost_sources] by /move_group
[rosmaster.master][INFO] 2021-09-09 13:54:26,038: +PARAM [/move_group/sense_for_plan/discard_overlapping_cost_sources] by /move_group
[rosmaster.master][INFO] 2021-09-09 13:54:26,039: +PARAM [/move_group/sense_for_plan/max_safe_path_cost] by /move_group
[rosmaster.master][INFO] 2021-09-09 13:54:26,039: +PARAM [/move_group/sense_for_plan/max_look_attempts] by /move_group
[rosmaster.master][INFO] 2021-09-09 13:54:26,039: +PARAM [/move_group/sense_for_plan/max_cost_sources] by /move_group
[rosmaster.master][INFO] 2021-09-09 13:54:26,039: +PARAM [/move_group/sense_for_plan/discard_overlapping_cost_sources] by /move_group
[rosmaster.master][INFO] 2021-09-09 13:54:26,040: +PUB [/move_group/display_cost_sources] /move_group http://wng:34571/
[rosmaster.master][INFO] 2021-09-09 13:54:26,040: +PUB [/move_group/motion_plan_request] /move_group http://wng:34571/
[rosmaster.master][INFO] 2021-09-09 13:54:26,043: +SERVICE [/apply_planning_scene] /move_group http://wng:34571/
[rosmaster.master][INFO] 2021-09-09 13:54:26,044: +SERVICE [/clear_octomap] /move_group http://wng:34571/
[rosmaster.master][INFO] 2021-09-09 13:54:26,044: +SERVICE [/compute_cartesian_path] /move_group http://wng:34571/
[rosmaster.master][INFO] 2021-09-09 13:54:26,044: +PUB [/execute_trajectory/result] /move_group http://wng:34571/
[rosmaster.master][INFO] 2021-09-09 13:54:26,045: +PUB [/execute_trajectory/feedback] /move_group http://wng:34571/
[rosmaster.master][INFO] 2021-09-09 13:54:26,045: +PUB [/execute_trajectory/status] /move_group http://wng:34571/
[rosmaster.master][INFO] 2021-09-09 13:54:26,046: +SUB [/execute_trajectory/goal] /move_group http://wng:34571/
[rosmaster.master][INFO] 2021-09-09 13:54:26,047: +SUB [/execute_trajectory/cancel] /move_group http://wng:34571/
[rosmaster.master][INFO] 2021-09-09 13:54:26,048: +SERVICE [/get_planning_scene] /move_group http://wng:34571/
[rosmaster.master][INFO] 2021-09-09 13:54:26,048: +SERVICE [/compute_fk] /move_group http://wng:34571/
[rosmaster.master][INFO] 2021-09-09 13:54:26,048: +SERVICE [/compute_ik] /move_group http://wng:34571/
[rosmaster.master][INFO] 2021-09-09 13:54:26,049: +PUB [/move_group/result] /move_group http://wng:34571/
[rosmaster.master][INFO] 2021-09-09 13:54:26,049: +PUB [/move_group/feedback] /move_group http://wng:34571/
[rosmaster.master][INFO] 2021-09-09 13:54:26,049: +PUB [/move_group/status] /move_group http://wng:34571/
[rosmaster.master][INFO] 2021-09-09 13:54:26,051: +SUB [/move_group/goal] /move_group http://wng:34571/
[rosmaster.master][INFO] 2021-09-09 13:54:26,052: +SUB [/move_group/cancel] /move_group http://wng:34571/
[rosmaster.master][INFO] 2021-09-09 13:54:26,056: +PUB [/move_group/display_grasp_markers] /move_group http://wng:34571/
[rosmaster.master][INFO] 2021-09-09 13:54:26,056: +PUB [/pickup/result] /move_group http://wng:34571/
[rosmaster.master][INFO] 2021-09-09 13:54:26,056: +PUB [/pickup/feedback] /move_group http://wng:34571/
[rosmaster.master][INFO] 2021-09-09 13:54:26,057: +PUB [/pickup/status] /move_group http://wng:34571/
[rosmaster.master][INFO] 2021-09-09 13:54:26,058: +SUB [/pickup/goal] /move_group http://wng:34571/
[rosmaster.master][INFO] 2021-09-09 13:54:26,059: +SUB [/pickup/cancel] /move_group http://wng:34571/
[rosmaster.master][INFO] 2021-09-09 13:54:26,059: +PUB [/place/result] /move_group http://wng:34571/
[rosmaster.master][INFO] 2021-09-09 13:54:26,059: +PUB [/place/feedback] /move_group http://wng:34571/
[rosmaster.master][INFO] 2021-09-09 13:54:26,060: +PUB [/place/status] /move_group http://wng:34571/
[rosmaster.master][INFO] 2021-09-09 13:54:26,061: +SUB [/place/goal] /move_group http://wng:34571/
[rosmaster.master][INFO] 2021-09-09 13:54:26,062: +SUB [/place/cancel] /move_group http://wng:34571/
[rosmaster.master][INFO] 2021-09-09 13:54:26,062: +SERVICE [/plan_kinematic_path] /move_group http://wng:34571/
[rosmaster.master][INFO] 2021-09-09 13:54:26,062: +SERVICE [/query_planner_interface] /move_group http://wng:34571/
[rosmaster.master][INFO] 2021-09-09 13:54:26,062: +SERVICE [/get_planner_params] /move_group http://wng:34571/
[rosmaster.master][INFO] 2021-09-09 13:54:26,063: +SERVICE [/set_planner_params] /move_group http://wng:34571/
[rosmaster.master][INFO] 2021-09-09 13:54:26,063: +SERVICE [/check_state_validity] /move_group http://wng:34571/
[rosmaster.master][INFO] 2021-09-09 13:54:26,153: +PUB [/rosout] /joint_state_publisher http://wng:38947/
[rosmaster.master][INFO] 2021-09-09 13:54:26,155: +SERVICE [/joint_state_publisher/get_loggers] /joint_state_publisher http://wng:38947/
[rosmaster.master][INFO] 2021-09-09 13:54:26,155: +SERVICE [/joint_state_publisher/set_logger_level] /joint_state_publisher http://wng:38947/
[rosmaster.master][INFO] 2021-09-09 13:54:26,170: +SUB [/move_group/fake_controller_joint_states] /joint_state_publisher http://wng:38947/
[rosmaster.master][INFO] 2021-09-09 13:54:26,170: +PUB [/joint_states] /joint_state_publisher http://wng:38947/
[rosmaster.master][INFO] 2021-09-09 13:54:26,182: publisherUpdate[/rosout] -> http://wng:42107/ ['http://wng:33633/', 'http://wng:37387/', 'http://wng:34571/', 'http://wng:33811/', 'http://wng:38947/']
[rosmaster.master][INFO] 2021-09-09 13:54:26,182: publisherUpdate[/rosout] -> http://wng:42107/ ['http://wng:33633/', 'http://wng:37387/', 'http://wng:34571/', 'http://wng:33811/', 'http://wng:38947/']: sec=0.00, result=[1, '', 0]
[rosmaster.master][INFO] 2021-09-09 13:54:26,182: publisherUpdate[/joint_states] -> http://wng:33633/ ['http://wng:38947/']
[rosmaster.master][INFO] 2021-09-09 13:54:26,183: publisherUpdate[/joint_states] -> http://wng:33633/ ['http://wng:38947/']: sec=0.00, result=[1, '', 0]
[rosmaster.master][INFO] 2021-09-09 13:54:26,183: publisherUpdate[/joint_states] -> http://wng:37387/ ['http://wng:38947/']
[rosmaster.master][INFO] 2021-09-09 13:54:26,183: publisherUpdate[/joint_states] -> http://wng:37387/ ['http://wng:38947/']: sec=0.00, result=[1, '', 0]
[rosmaster.master][INFO] 2021-09-09 13:54:26,283: +CACHEDPARAM [/rosout/omit_topics] by /rosout
[rosmaster.master][INFO] 2021-09-09 13:54:26,431: +SUB [/tf] /rviz_wng_14085_3686756826058995302 http://wng:33811/
[rosmaster.master][INFO] 2021-09-09 13:54:26,432: +SUB [/tf_static] /rviz_wng_14085_3686756826058995302 http://wng:33811/
[rosmaster.master][INFO] 2021-09-09 13:54:26,455: +PUB [/initialpose] /rviz_wng_14085_3686756826058995302 http://wng:33811/
[rosmaster.master][INFO] 2021-09-09 13:54:26,455: +PUB [/goal] /rviz_wng_14085_3686756826058995302 http://wng:33811/
[rosmaster.master][INFO] 2021-09-09 13:54:26,473: +PUB [/joint_states_desired] /joint_state_desired_publisher http://wng:33633/
[rosmaster.master][INFO] 2021-09-09 13:54:26,473: +CACHEDPARAM [/rosout_disable_topics_generation] by /joint_state_desired_publisher
[rosmaster.master][INFO] 2021-09-09 13:54:26,484: publisherUpdate[/joint_states_desired] -> http://wng:34571/ ['http://wng:33633/']
[rosmaster.master][INFO] 2021-09-09 13:54:26,484: publisherUpdate[/joint_states_desired] -> http://wng:34571/ ['http://wng:33633/']: sec=0.00, result=[1, '', 0]
[rosmaster.master][INFO] 2021-09-09 13:54:26,501: +SUB [/visualization_marker] /rviz_wng_14085_3686756826058995302 http://wng:33811/
[rosmaster.master][INFO] 2021-09-09 13:54:26,503: +SUB [/visualization_marker_array] /rviz_wng_14085_3686756826058995302 http://wng:33811/
[rosmaster.master][INFO] 2021-09-09 13:54:26,503: -SUB [/visualization_marker] /rviz_wng_14085_3686756826058995302 http://wng:33811/
[rosmaster.master][INFO] 2021-09-09 13:54:26,503: -SUB [/visualization_marker_array] /rviz_wng_14085_3686756826058995302 http://wng:33811/
[rosmaster.master][INFO] 2021-09-09 13:54:26,505: +SUB [/action] /rviz_wng_14085_3686756826058995302 http://wng:33811/
[rosmaster.master][INFO] 2021-09-09 13:54:26,506: +SUB [/action_array] /rviz_wng_14085_3686756826058995302 http://wng:33811/
[rosmaster.master][INFO] 2021-09-09 13:54:26,515: +PUB [/planning_scene] /rviz_wng_14085_3686756826058995302 http://wng:33811/
[rosmaster.master][INFO] 2021-09-09 13:54:26,515: +PUB [/planning_scene_world] /rviz_wng_14085_3686756826058995302 http://wng:33811/
[rosmaster.master][INFO] 2021-09-09 13:54:26,517: +SUB [/recognize_objects/status] /rviz_wng_14085_3686756826058995302 http://wng:33811/
[rosmaster.master][INFO] 2021-09-09 13:54:26,518: +SUB [/recognize_objects/feedback] /rviz_wng_14085_3686756826058995302 http://wng:33811/
[rosmaster.master][INFO] 2021-09-09 13:54:26,520: +SUB [/recognize_objects/result] /rviz_wng_14085_3686756826058995302 http://wng:33811/
[rosmaster.master][INFO] 2021-09-09 13:54:26,520: +PUB [/recognize_objects/goal] /rviz_wng_14085_3686756826058995302 http://wng:33811/
[rosmaster.master][INFO] 2021-09-09 13:54:26,520: +PUB [/recognize_objects/cancel] /rviz_wng_14085_3686756826058995302 http://wng:33811/
[rosmaster.master][INFO] 2021-09-09 13:54:26,522: +SUB [/recognized_object_array] /rviz_wng_14085_3686756826058995302 http://wng:33811/
[rosmaster.master][INFO] 2021-09-09 13:54:26,585: publisherUpdate[/planning_scene] -> http://wng:34571/ ['http://wng:33811/']
[rosmaster.master][INFO] 2021-09-09 13:54:26,585: publisherUpdate[/planning_scene] -> http://wng:34571/ ['http://wng:33811/']: sec=0.00, result=[1, '', 0]
[rosmaster.master][INFO] 2021-09-09 13:54:26,585: publisherUpdate[/planning_scene_world] -> http://wng:34571/ ['http://wng:33811/']
[rosmaster.master][INFO] 2021-09-09 13:54:26,585: publisherUpdate[/planning_scene_world] -> http://wng:34571/ ['http://wng:33811/']: sec=0.00, result=[1, '', 0]
[rosmaster.master][INFO] 2021-09-09 13:54:26,626: +PUB [/rosout] /server_endpoint http://wng:43213/
[rosmaster.master][INFO] 2021-09-09 13:54:26,632: +SERVICE [/server_endpoint/get_loggers] /server_endpoint http://wng:43213/
[rosmaster.master][INFO] 2021-09-09 13:54:26,634: +SERVICE [/server_endpoint/set_logger_level] /server_endpoint http://wng:43213/
[rosmaster.master][INFO] 2021-09-09 13:54:26,636: +SERVICE [/init_sync] /server_endpoint http://wng:43213/
[rosmaster.master][INFO] 2021-09-09 13:54:26,638: +SERVICE [/scene_sync] /server_endpoint http://wng:43213/
[rosmaster.master][INFO] 2021-09-09 13:54:26,640: +SERVICE [/panda_plan] /server_endpoint http://wng:43213/
[rosmaster.master][INFO] 2021-09-09 13:54:26,642: +SERVICE [/hand_sync] /server_endpoint http://wng:43213/
[rosmaster.master][INFO] 2021-09-09 13:54:26,645: +SERVICE [/motion_check] /server_endpoint http://wng:43213/
[rosmaster.master][INFO] 2021-09-09 13:54:26,648: +SUB [/execution_check] /server_endpoint http://wng:43213/
[rosmaster.master][INFO] 2021-09-09 13:54:26,652: +CACHEDPARAM [/rosout_disable_topics_generation] by /server_endpoint
[rosmaster.master][INFO] 2021-09-09 13:54:26,685: publisherUpdate[/rosout] -> http://wng:42107/ ['http://wng:33633/', 'http://wng:37387/', 'http://wng:34571/', 'http://wng:33811/', 'http://wng:38947/', 'http://wng:43213/']
[rosmaster.master][INFO] 2021-09-09 13:54:26,687: publisherUpdate[/rosout] -> http://wng:42107/ ['http://wng:33633/', 'http://wng:37387/', 'http://wng:34571/', 'http://wng:33811/', 'http://wng:38947/', 'http://wng:43213/']: sec=0.00, result=[1, '', 0]
[rosmaster.master][INFO] 2021-09-09 13:54:29,543: -SUB [/recognize_objects/status] /rviz_wng_14085_3686756826058995302 http://wng:33811/
[rosmaster.master][INFO] 2021-09-09 13:54:29,544: -PUB [/recognize_objects/cancel] /rviz_wng_14085_3686756826058995302 http://wng:33811/
[rosmaster.master][INFO] 2021-09-09 13:54:29,545: -PUB [/recognize_objects/goal] /rviz_wng_14085_3686756826058995302 http://wng:33811/
[rosmaster.master][INFO] 2021-09-09 13:54:29,547: -SUB [/recognize_objects/feedback] /rviz_wng_14085_3686756826058995302 http://wng:33811/
[rosmaster.master][INFO] 2021-09-09 13:54:29,548: -SUB [/recognize_objects/result] /rviz_wng_14085_3686756826058995302 http://wng:33811/
[rosmaster.master][INFO] 2021-09-09 13:54:29,574: +PUB [/feedback] /rviz_wng_14085_3686756826058995302 http://wng:33811/
[rosmaster.master][INFO] 2021-09-09 13:54:29,574: -PUB [/feedback] /rviz_wng_14085_3686756826058995302 http://wng:33811/
[rosmaster.master][INFO] 2021-09-09 13:54:29,575: +PUB [/feedback] /rviz_wng_14085_3686756826058995302 http://wng:33811/
[rosmaster.master][INFO] 2021-09-09 13:54:29,575: -PUB [/goal] /rviz_wng_14085_3686756826058995302 http://wng:33811/
[rosmaster.master][INFO] 2021-09-09 13:54:29,575: -PUB [/initialpose] /rviz_wng_14085_3686756826058995302 http://wng:33811/
[rosmaster.master][INFO] 2021-09-09 13:54:29,589: +SERVICE [/rviz_wng_14085_3686756826058995302/reload_shaders] /rviz_wng_14085_3686756826058995302 http://wng:33811/
[rosmaster.master][INFO] 2021-09-09 13:54:29,590: +SERVICE [/rviz_wng_14085_3686756826058995302/load_config] /rviz_wng_14085_3686756826058995302 http://wng:33811/
[rosmaster.master][INFO] 2021-09-09 13:54:29,590: +SERVICE [/rviz_wng_14085_3686756826058995302/save_config] /rviz_wng_14085_3686756826058995302 http://wng:33811/
[rosmaster.master][INFO] 2021-09-09 13:54:29,655: +SERVICE [/rviz_wng_14085_3686756826058995302/motionplanning_planning_scene_monitor/set_parameters] /rviz_wng_14085_3686756826058995302 http://wng:33811/
[rosmaster.master][INFO] 2021-09-09 13:54:29,655: +PUB [/rviz_wng_14085_3686756826058995302/motionplanning_planning_scene_monitor/parameter_descriptions] /rviz_wng_14085_3686756826058995302 http://wng:33811/
[rosmaster.master][INFO] 2021-09-09 13:54:29,656: +PUB [/rviz_wng_14085_3686756826058995302/motionplanning_planning_scene_monitor/parameter_updates] /rviz_wng_14085_3686756826058995302 http://wng:33811/
[rosmaster.master][INFO] 2021-09-09 13:54:29,657: +PARAM [/rviz_wng_14085_3686756826058995302/motionplanning_planning_scene_monitor/publish_planning_scene] by /rviz_wng_14085_3686756826058995302
[rosmaster.master][INFO] 2021-09-09 13:54:29,657: +PARAM [/rviz_wng_14085_3686756826058995302/motionplanning_planning_scene_monitor/publish_planning_scene_hz] by /rviz_wng_14085_3686756826058995302
[rosmaster.master][INFO] 2021-09-09 13:54:29,658: +PARAM [/rviz_wng_14085_3686756826058995302/motionplanning_planning_scene_monitor/publish_geometry_updates] by /rviz_wng_14085_3686756826058995302
[rosmaster.master][INFO] 2021-09-09 13:54:29,658: +PARAM [/rviz_wng_14085_3686756826058995302/motionplanning_planning_scene_monitor/publish_state_updates] by /rviz_wng_14085_3686756826058995302
[rosmaster.master][INFO] 2021-09-09 13:54:29,658: +PARAM [/rviz_wng_14085_3686756826058995302/motionplanning_planning_scene_monitor/publish_transforms_updates] by /rviz_wng_14085_3686756826058995302
[rosmaster.master][INFO] 2021-09-09 13:54:29,658: +PARAM [/rviz_wng_14085_3686756826058995302/motionplanning_planning_scene_monitor/publish_planning_scene] by /rviz_wng_14085_3686756826058995302
[rosmaster.master][INFO] 2021-09-09 13:54:29,658: +PARAM [/rviz_wng_14085_3686756826058995302/motionplanning_planning_scene_monitor/publish_planning_scene_hz] by /rviz_wng_14085_3686756826058995302
[rosmaster.master][INFO] 2021-09-09 13:54:29,659: +PARAM [/rviz_wng_14085_3686756826058995302/motionplanning_planning_scene_monitor/publish_geometry_updates] by /rviz_wng_14085_3686756826058995302
[rosmaster.master][INFO] 2021-09-09 13:54:29,659: +PARAM [/rviz_wng_14085_3686756826058995302/motionplanning_planning_scene_monitor/publish_state_updates] by /rviz_wng_14085_3686756826058995302
[rosmaster.master][INFO] 2021-09-09 13:54:29,659: +PARAM [/rviz_wng_14085_3686756826058995302/motionplanning_planning_scene_monitor/publish_transforms_updates] by /rviz_wng_14085_3686756826058995302
[rosmaster.master][INFO] 2021-09-09 13:54:29,685: +SUB [/move_group/monitored_planning_scene] /rviz_wng_14085_3686756826058995302 http://wng:33811/
[rosmaster.master][INFO] 2021-09-09 13:54:29,912: +SUB [/move_group/display_planned_path] /rviz_wng_14085_3686756826058995302 http://wng:33811/
[rosmaster.master][INFO] 2021-09-09 13:54:29,912: +PUB [/rviz_moveit_motion_planning_display/robot_interaction_interactive_marker_topic/update_full] /rviz_wng_14085_3686756826058995302 http://wng:33811/
[rosmaster.master][INFO] 2021-09-09 13:54:29,914: +PUB [/rviz_moveit_motion_planning_display/robot_interaction_interactive_marker_topic/update] /rviz_wng_14085_3686756826058995302 http://wng:33811/
[rosmaster.master][INFO] 2021-09-09 13:54:29,915: +SUB [/rviz_moveit_motion_planning_display/robot_interaction_interactive_marker_topic/feedback] /rviz_wng_14085_3686756826058995302 http://wng:33811/
[rosmaster.master][INFO] 2021-09-09 13:54:29,915: -PUB [/feedback] /rviz_wng_14085_3686756826058995302 http://wng:33811/
[rosmaster.master][INFO] 2021-09-09 13:54:29,916: +SUB [/rviz_moveit_motion_planning_display/robot_interaction_interactive_marker_topic/update] /rviz_wng_14085_3686756826058995302 http://wng:33811/
[rosmaster.master][INFO] 2021-09-09 13:54:29,917: +SUB [/rviz_moveit_motion_planning_display/robot_interaction_interactive_marker_topic/update_full] /rviz_wng_14085_3686756826058995302 http://wng:33811/
[rosmaster.master][INFO] 2021-09-09 13:54:29,917: +PUB [/rviz_moveit_motion_planning_display/robot_interaction_interactive_marker_topic/feedback] /rviz_wng_14085_3686756826058995302 http://wng:33811/
[rosmaster.master][INFO] 2021-09-09 13:54:29,923: +PUB [/trajectory_execution_event] /rviz_wng_14085_3686756826058995302 http://wng:33811/
[rosmaster.master][INFO] 2021-09-09 13:54:29,923: +PUB [/attached_collision_object] /rviz_wng_14085_3686756826058995302 http://wng:33811/
[rosmaster.master][INFO] 2021-09-09 13:54:29,925: +SUB [/move_group/status] /rviz_wng_14085_3686756826058995302 http://wng:33811/
[rosmaster.master][INFO] 2021-09-09 13:54:29,926: +SUB [/move_group/feedback] /rviz_wng_14085_3686756826058995302 http://wng:33811/
[rosmaster.master][INFO] 2021-09-09 13:54:29,927: +SUB [/move_group/result] /rviz_wng_14085_3686756826058995302 http://wng:33811/
[rosmaster.master][INFO] 2021-09-09 13:54:29,927: +PUB [/move_group/goal] /rviz_wng_14085_3686756826058995302 http://wng:33811/
[rosmaster.master][INFO] 2021-09-09 13:54:29,927: +PUB [/move_group/cancel] /rviz_wng_14085_3686756826058995302 http://wng:33811/
[rosmaster.master][INFO] 2021-09-09 13:54:29,992: publisherUpdate[/rviz_moveit_motion_planning_display/robot_interaction_interactive_marker_topic/feedback] -> http://wng:33811/ ['http://wng:33811/']
[rosmaster.master][INFO] 2021-09-09 13:54:29,993: publisherUpdate[/rviz_moveit_motion_planning_display/robot_interaction_interactive_marker_topic/feedback] -> http://wng:33811/ ['http://wng:33811/']: sec=0.00, result=[1, '', 0]
[rosmaster.master][INFO] 2021-09-09 13:54:29,994: publisherUpdate[/trajectory_execution_event] -> http://wng:34571/ ['http://wng:33811/']
[rosmaster.master][INFO] 2021-09-09 13:54:29,994: publisherUpdate[/trajectory_execution_event] -> http://wng:34571/ ['http://wng:33811/']: sec=0.00, result=[1, '', 0]
[rosmaster.master][INFO] 2021-09-09 13:54:29,994: publisherUpdate[/attached_collision_object] -> http://wng:34571/ ['http://wng:33811/']
[rosmaster.master][INFO] 2021-09-09 13:54:29,995: publisherUpdate[/attached_collision_object] -> http://wng:34571/ ['http://wng:33811/']: sec=0.00, result=[1, '', 0]
[rosmaster.master][INFO] 2021-09-09 13:54:29,995: publisherUpdate[/move_group/goal] -> http://wng:34571/ ['http://wng:33811/']
[rosmaster.master][INFO] 2021-09-09 13:54:29,995: publisherUpdate[/move_group/goal] -> http://wng:34571/ ['http://wng:33811/']: sec=0.00, result=[1, '', 0]
[rosmaster.master][INFO] 2021-09-09 13:54:29,995: publisherUpdate[/move_group/cancel] -> http://wng:34571/ ['http://wng:33811/']
[rosmaster.master][INFO] 2021-09-09 13:54:29,995: publisherUpdate[/move_group/cancel] -> http://wng:34571/ ['http://wng:33811/']: sec=0.00, result=[1, '', 0]
[rosmaster.master][INFO] 2021-09-09 13:54:30,199: +SUB [/pickup/status] /rviz_wng_14085_3686756826058995302 http://wng:33811/
[rosmaster.master][INFO] 2021-09-09 13:54:30,201: +SUB [/pickup/feedback] /rviz_wng_14085_3686756826058995302 http://wng:33811/
[rosmaster.master][INFO] 2021-09-09 13:54:30,202: +SUB [/pickup/result] /rviz_wng_14085_3686756826058995302 http://wng:33811/
[rosmaster.master][INFO] 2021-09-09 13:54:30,202: +PUB [/pickup/goal] /rviz_wng_14085_3686756826058995302 http://wng:33811/
[rosmaster.master][INFO] 2021-09-09 13:54:30,202: +PUB [/pickup/cancel] /rviz_wng_14085_3686756826058995302 http://wng:33811/
[rosmaster.master][INFO] 2021-09-09 13:54:30,296: publisherUpdate[/pickup/goal] -> http://wng:34571/ ['http://wng:33811/']
[rosmaster.master][INFO] 2021-09-09 13:54:30,297: publisherUpdate[/pickup/goal] -> http://wng:34571/ ['http://wng:33811/']: sec=0.00, result=[1, '', 0]
[rosmaster.master][INFO] 2021-09-09 13:54:30,297: publisherUpdate[/pickup/cancel] -> http://wng:34571/ ['http://wng:33811/']
[rosmaster.master][INFO] 2021-09-09 13:54:30,297: publisherUpdate[/pickup/cancel] -> http://wng:34571/ ['http://wng:33811/']: sec=0.00, result=[1, '', 0]
[rosmaster.master][INFO] 2021-09-09 13:54:30,401: +SUB [/place/status] /rviz_wng_14085_3686756826058995302 http://wng:33811/
[rosmaster.master][INFO] 2021-09-09 13:54:30,402: +SUB [/place/feedback] /rviz_wng_14085_3686756826058995302 http://wng:33811/
[rosmaster.master][INFO] 2021-09-09 13:54:30,403: +SUB [/place/result] /rviz_wng_14085_3686756826058995302 http://wng:33811/
[rosmaster.master][INFO] 2021-09-09 13:54:30,403: +PUB [/place/goal] /rviz_wng_14085_3686756826058995302 http://wng:33811/
[rosmaster.master][INFO] 2021-09-09 13:54:30,403: +PUB [/place/cancel] /rviz_wng_14085_3686756826058995302 http://wng:33811/
[rosmaster.master][INFO] 2021-09-09 13:54:30,421: -SUB [/rviz_moveit_motion_planning_display/robot_interaction_interactive_marker_topic/update_full] /rviz_wng_14085_3686756826058995302 http://wng:33811/
[rosmaster.master][INFO] 2021-09-09 13:54:30,496: publisherUpdate[/place/goal] -> http://wng:34571/ ['http://wng:33811/']
[rosmaster.master][INFO] 2021-09-09 13:54:30,497: publisherUpdate[/place/goal] -> http://wng:34571/ ['http://wng:33811/']: sec=0.00, result=[1, '', 0]
[rosmaster.master][INFO] 2021-09-09 13:54:30,497: publisherUpdate[/place/cancel] -> http://wng:34571/ ['http://wng:33811/']
[rosmaster.master][INFO] 2021-09-09 13:54:30,497: publisherUpdate[/place/cancel] -> http://wng:34571/ ['http://wng:33811/']: sec=0.00, result=[1, '', 0]
[rosmaster.master][INFO] 2021-09-09 13:54:30,701: +SUB [/execute_trajectory/status] /rviz_wng_14085_3686756826058995302 http://wng:33811/
[rosmaster.master][INFO] 2021-09-09 13:54:30,702: +SUB [/execute_trajectory/feedback] /rviz_wng_14085_3686756826058995302 http://wng:33811/
[rosmaster.master][INFO] 2021-09-09 13:54:30,703: +SUB [/execute_trajectory/result] /rviz_wng_14085_3686756826058995302 http://wng:33811/
[rosmaster.master][INFO] 2021-09-09 13:54:30,703: +PUB [/execute_trajectory/goal] /rviz_wng_14085_3686756826058995302 http://wng:33811/
[rosmaster.master][INFO] 2021-09-09 13:54:30,703: +PUB [/execute_trajectory/cancel] /rviz_wng_14085_3686756826058995302 http://wng:33811/
[rosmaster.master][INFO] 2021-09-09 13:54:30,797: publisherUpdate[/execute_trajectory/goal] -> http://wng:34571/ ['http://wng:33811/']
[rosmaster.master][INFO] 2021-09-09 13:54:30,798: publisherUpdate[/execute_trajectory/goal] -> http://wng:34571/ ['http://wng:33811/']: sec=0.00, result=[1, '', 0]
[rosmaster.master][INFO] 2021-09-09 13:54:30,798: publisherUpdate[/execute_trajectory/cancel] -> http://wng:34571/ ['http://wng:33811/']
[rosmaster.master][INFO] 2021-09-09 13:54:30,798: publisherUpdate[/execute_trajectory/cancel] -> http://wng:34571/ ['http://wng:33811/']: sec=0.00, result=[1, '', 0]
[rosmaster.master][INFO] 2021-09-09 13:54:51,084: -SUB [/execution_check] /server_endpoint http://wng:43213/
[rosmaster.master][INFO] 2021-09-09 13:54:51,084: -PUB [/rosout] /server_endpoint http://wng:43213/
[rosmaster.master][INFO] 2021-09-09 13:54:51,084: -SERVICE [/hand_sync] /server_endpoint rosrpc://wng:36577
[rosmaster.master][INFO] 2021-09-09 13:54:51,084: -SERVICE [/panda_plan] /server_endpoint rosrpc://wng:36577
[rosmaster.master][INFO] 2021-09-09 13:54:51,084: -SERVICE [/server_endpoint/get_loggers] /server_endpoint rosrpc://wng:36577
[rosmaster.master][INFO] 2021-09-09 13:54:51,084: -SERVICE [/scene_sync] /server_endpoint rosrpc://wng:36577
[rosmaster.master][INFO] 2021-09-09 13:54:51,084: -SERVICE [/server_endpoint/set_logger_level] /server_endpoint rosrpc://wng:36577
[rosmaster.master][INFO] 2021-09-09 13:54:51,084: -SERVICE [/motion_check] /server_endpoint rosrpc://wng:36577
[rosmaster.master][INFO] 2021-09-09 13:54:51,084: -SERVICE [/init_sync] /server_endpoint rosrpc://wng:36577
[rosmaster.master][INFO] 2021-09-09 13:54:51,085: -SUB [/move_group/fake_controller_joint_states] /joint_state_publisher http://wng:38947/
[rosmaster.master][INFO] 2021-09-09 13:54:51,085: -PUB [/joint_states] /joint_state_publisher http://wng:38947/
[rosmaster.master][INFO] 2021-09-09 13:54:51,085: -PUB [/rosout] /joint_state_publisher http://wng:38947/
[rosmaster.master][INFO] 2021-09-09 13:54:51,085: -SERVICE [/joint_state_publisher/get_loggers] /joint_state_publisher rosrpc://wng:35331
[rosmaster.master][INFO] 2021-09-09 13:54:51,085: -SERVICE [/joint_state_publisher/set_logger_level] /joint_state_publisher rosrpc://wng:35331
[rosmaster.master][INFO] 2021-09-09 13:54:51,129: publisherUpdate[/rosout] -> http://wng:42107/ ['http://wng:33633/', 'http://wng:37387/', 'http://wng:34571/', 'http://wng:33811/', 'http://wng:38947/']
[rosmaster.master][INFO] 2021-09-09 13:54:51,129: publisherUpdate[/rosout] -> http://wng:42107/ ['http://wng:33633/', 'http://wng:37387/', 'http://wng:34571/', 'http://wng:33811/', 'http://wng:38947/']: sec=0.00, result=[1, '', 0]
[rosmaster.master][INFO] 2021-09-09 13:54:51,129: publisherUpdate[/joint_states] -> http://wng:33633/ []
[rosmaster.master][INFO] 2021-09-09 13:54:51,129: publisherUpdate[/joint_states] -> http://wng:33633/ []: sec=0.00, result=[1, '', 0]
[rosmaster.master][INFO] 2021-09-09 13:54:51,130: publisherUpdate[/joint_states] -> http://wng:37387/ []
[rosmaster.master][INFO] 2021-09-09 13:54:51,130: publisherUpdate[/rosout] -> http://wng:42107/ ['http://wng:33633/', 'http://wng:37387/', 'http://wng:34571/', 'http://wng:33811/']
[rosmaster.master][INFO] 2021-09-09 13:54:51,130: publisherUpdate[/joint_states] -> http://wng:37387/ []: sec=0.00, result=[1, '', 0]
[rosmaster.master][INFO] 2021-09-09 13:54:51,130: publisherUpdate[/rosout] -> http://wng:42107/ ['http://wng:33633/', 'http://wng:37387/', 'http://wng:34571/', 'http://wng:33811/']: sec=0.00, result=[1, '', 0]
[rosmaster.master][INFO] 2021-09-09 13:54:51,159: -PUB [/rosout] /move_group http://wng:34571/
[rosmaster.master][INFO] 2021-09-09 13:54:51,159: -PUB [/move_group/planning_scene_monitor/parameter_descriptions] /move_group http://wng:34571/
[rosmaster.master][INFO] 2021-09-09 13:54:51,160: -PUB [/move_group/planning_scene_monitor/parameter_updates] /move_group http://wng:34571/
[rosmaster.master][INFO] 2021-09-09 13:54:51,160: -PUB [/move_group/monitored_planning_scene] /move_group http://wng:34571/
[rosmaster.master][INFO] 2021-09-09 13:54:51,160: -PUB [/move_group/filtered_cloud] /move_group http://wng:34571/
[rosmaster.master][INFO] 2021-09-09 13:54:51,160: -PUB [/move_group/ompl/parameter_descriptions] /move_group http://wng:34571/
[rosmaster.master][INFO] 2021-09-09 13:54:51,161: -PUB [/move_group/ompl/parameter_updates] /move_group http://wng:34571/
[rosmaster.master][INFO] 2021-09-09 13:54:51,161: -PUB [/move_group/display_planned_path] /move_group http://wng:34571/
[rosmaster.master][INFO] 2021-09-09 13:54:51,161: -PUB [/move_group/display_contacts] /move_group http://wng:34571/
[rosmaster.master][INFO] 2021-09-09 13:54:51,162: -PUB [/move_group/fake_controller_joint_states] /move_group http://wng:34571/
[rosmaster.master][INFO] 2021-09-09 13:54:51,162: -PUB [/move_group/trajectory_execution/parameter_descriptions] /move_group http://wng:34571/
[rosmaster.master][INFO] 2021-09-09 13:54:51,162: -PUB [/move_group/trajectory_execution/parameter_updates] /move_group http://wng:34571/
[rosmaster.master][INFO] 2021-09-09 13:54:51,162: -PUB [/move_group/plan_execution/parameter_descriptions] /move_group http://wng:34571/
[rosmaster.master][INFO] 2021-09-09 13:54:51,163: -PUB [/move_group/plan_execution/parameter_updates] /move_group http://wng:34571/
[rosmaster.master][INFO] 2021-09-09 13:54:51,163: -PUB [/move_group/sense_for_plan/parameter_descriptions] /move_group http://wng:34571/
[rosmaster.master][INFO] 2021-09-09 13:54:51,163: -PUB [/move_group/sense_for_plan/parameter_updates] /move_group http://wng:34571/
[rosmaster.master][INFO] 2021-09-09 13:54:51,163: -PUB [/move_group/display_cost_sources] /move_group http://wng:34571/
[rosmaster.master][INFO] 2021-09-09 13:54:51,164: -PUB [/move_group/motion_plan_request] /move_group http://wng:34571/
[rosmaster.master][INFO] 2021-09-09 13:54:51,164: -PUB [/execute_trajectory/result] /move_group http://wng:34571/
[rosmaster.master][INFO] 2021-09-09 13:54:51,164: -PUB [/execute_trajectory/feedback] /move_group http://wng:34571/
[rosmaster.master][INFO] 2021-09-09 13:54:51,164: -PUB [/execute_trajectory/status] /move_group http://wng:34571/
[rosmaster.master][INFO] 2021-09-09 13:54:51,165: -PUB [/move_group/result] /move_group http://wng:34571/
[rosmaster.master][INFO] 2021-09-09 13:54:51,165: -PUB [/move_group/feedback] /move_group http://wng:34571/
[rosmaster.master][INFO] 2021-09-09 13:54:51,165: -PUB [/move_group/status] /move_group http://wng:34571/
[rosmaster.master][INFO] 2021-09-09 13:54:51,165: -PUB [/move_group/display_grasp_markers] /move_group http://wng:34571/
[rosmaster.master][INFO] 2021-09-09 13:54:51,165: -PUB [/pickup/result] /move_group http://wng:34571/
[rosmaster.master][INFO] 2021-09-09 13:54:51,166: -PUB [/pickup/feedback] /move_group http://wng:34571/
[rosmaster.master][INFO] 2021-09-09 13:54:51,166: -PUB [/pickup/status] /move_group http://wng:34571/
[rosmaster.master][INFO] 2021-09-09 13:54:51,166: -PUB [/place/result] /move_group http://wng:34571/
[rosmaster.master][INFO] 2021-09-09 13:54:51,166: -PUB [/place/feedback] /move_group http://wng:34571/
[rosmaster.master][INFO] 2021-09-09 13:54:51,167: -PUB [/place/status] /move_group http://wng:34571/
[rosmaster.master][INFO] 2021-09-09 13:54:51,167: -SUB [/tf] /move_group http://wng:34571/
[rosmaster.master][INFO] 2021-09-09 13:54:51,167: -SUB [/tf_static] /move_group http://wng:34571/
[rosmaster.master][INFO] 2021-09-09 13:54:51,167: -SUB [/planning_scene] /move_group http://wng:34571/
[rosmaster.master][INFO] 2021-09-09 13:54:51,167: -SUB [/collision_object] /move_group http://wng:34571/
[rosmaster.master][INFO] 2021-09-09 13:54:51,168: -SUB [/planning_scene_world] /move_group http://wng:34571/
[rosmaster.master][INFO] 2021-09-09 13:54:51,168: -SUB [/camera/depth_registered/points] /move_group http://wng:34571/
[rosmaster.master][INFO] 2021-09-09 13:54:51,168: -SUB [/joint_states_desired] /move_group http://wng:34571/
[rosmaster.master][INFO] 2021-09-09 13:54:51,168: -SUB [/attached_collision_object] /move_group http://wng:34571/
[rosmaster.master][INFO] 2021-09-09 13:54:51,169: -SUB [/trajectory_execution_event] /move_group http://wng:34571/
[rosmaster.master][INFO] 2021-09-09 13:54:51,169: -SUB [/execute_trajectory/goal] /move_group http://wng:34571/
[rosmaster.master][INFO] 2021-09-09 13:54:51,169: -SUB [/execute_trajectory/cancel] /move_group http://wng:34571/
[rosmaster.master][INFO] 2021-09-09 13:54:51,169: -SUB [/move_group/goal] /move_group http://wng:34571/
[rosmaster.master][INFO] 2021-09-09 13:54:51,169: -SUB [/move_group/cancel] /move_group http://wng:34571/
[rosmaster.master][INFO] 2021-09-09 13:54:51,170: -SUB [/pickup/goal] /move_group http://wng:34571/
[rosmaster.master][INFO] 2021-09-09 13:54:51,170: -SUB [/pickup/cancel] /move_group http://wng:34571/
[rosmaster.master][INFO] 2021-09-09 13:54:51,170: -SUB [/place/goal] /move_group http://wng:34571/
[rosmaster.master][INFO] 2021-09-09 13:54:51,170: -SUB [/place/cancel] /move_group http://wng:34571/
[rosmaster.master][INFO] 2021-09-09 13:54:51,171: -SERVICE [/move_group/get_loggers] /move_group rosrpc://wng:55379
[rosmaster.master][INFO] 2021-09-09 13:54:51,171: -SERVICE [/move_group/set_logger_level] /move_group rosrpc://wng:55379
[rosmaster.master][INFO] 2021-09-09 13:54:51,171: -SERVICE [/move_group/planning_scene_monitor/set_parameters] /move_group rosrpc://wng:55379
[rosmaster.master][INFO] 2021-09-09 13:54:51,171: -SERVICE [/move_group/save_map] /move_group rosrpc://wng:55379
[rosmaster.master][INFO] 2021-09-09 13:54:51,171: -SERVICE [/move_group/load_map] /move_group rosrpc://wng:55379
[rosmaster.master][INFO] 2021-09-09 13:54:51,172: -SERVICE [/move_group/ompl/set_parameters] /move_group rosrpc://wng:55379
[rosmaster.master][INFO] 2021-09-09 13:54:51,172: -SERVICE [/move_group/trajectory_execution/set_parameters] /move_group rosrpc://wng:55379
[rosmaster.master][INFO] 2021-09-09 13:54:51,172: -SERVICE [/move_group/plan_execution/set_parameters] /move_group rosrpc://wng:55379
[rosmaster.master][INFO] 2021-09-09 13:54:51,172: -SERVICE [/move_group/sense_for_plan/set_parameters] /move_group rosrpc://wng:55379
[rosmaster.master][INFO] 2021-09-09 13:54:51,172: -SERVICE [/apply_planning_scene] /move_group rosrpc://wng:55379
[rosmaster.master][INFO] 2021-09-09 13:54:51,173: -SERVICE [/clear_octomap] /move_group rosrpc://wng:55379
[rosmaster.master][INFO] 2021-09-09 13:54:51,173: -SERVICE [/compute_cartesian_path] /move_group rosrpc://wng:55379
[rosmaster.master][INFO] 2021-09-09 13:54:51,173: -SERVICE [/get_planning_scene] /move_group rosrpc://wng:55379
[rosmaster.master][INFO] 2021-09-09 13:54:51,173: -SERVICE [/compute_fk] /move_group rosrpc://wng:55379
[rosmaster.master][INFO] 2021-09-09 13:54:51,173: -SERVICE [/compute_ik] /move_group rosrpc://wng:55379
[rosmaster.master][INFO] 2021-09-09 13:54:51,174: -SERVICE [/plan_kinematic_path] /move_group rosrpc://wng:55379
[rosmaster.master][INFO] 2021-09-09 13:54:51,174: -SERVICE [/query_planner_interface] /move_group rosrpc://wng:55379
[rosmaster.master][INFO] 2021-09-09 13:54:51,174: -SERVICE [/get_planner_params] /move_group rosrpc://wng:55379
[rosmaster.master][INFO] 2021-09-09 13:54:51,174: -SERVICE [/set_planner_params] /move_group rosrpc://wng:55379
[rosmaster.master][INFO] 2021-09-09 13:54:51,174: -SERVICE [/check_state_validity] /move_group rosrpc://wng:55379
[rosmaster.master][INFO] 2021-09-09 13:54:51,175: -CACHEDPARAM [/rosout_disable_topics_generation] by /move_group
[rosmaster.master][INFO] 2021-09-09 13:54:51,230: -PUB [/rosout] /joint_state_desired_publisher http://wng:33633/
[rosmaster.master][INFO] 2021-09-09 13:54:51,231: -PUB [/rosout] /robot_state_publisher http://wng:37387/
[rosmaster.master][INFO] 2021-09-09 13:54:51,231: publisherUpdate[/rosout] -> http://wng:42107/ ['http://wng:33633/', 'http://wng:37387/', 'http://wng:33811/']
[rosmaster.master][INFO] 2021-09-09 13:54:51,231: publisherUpdate[/move_group/monitored_planning_scene] -> http://wng:33811/ []
[rosmaster.master][INFO] 2021-09-09 13:54:51,231: -PUB [/joint_states_desired] /joint_state_desired_publisher http://wng:33633/
[rosmaster.master][INFO] 2021-09-09 13:54:51,232: publisherUpdate[/move_group/monitored_planning_scene] -> http://wng:33811/ []: sec=0.00, result=[0, 'Unknown Error', 0]
[rosmaster.master][INFO] 2021-09-09 13:54:51,232: -PUB [/tf] /robot_state_publisher http://wng:37387/
[rosmaster.master][INFO] 2021-09-09 13:54:51,232: publisherUpdate[/rosout] -> http://wng:42107/ ['http://wng:33633/', 'http://wng:37387/', 'http://wng:33811/']: sec=0.00, result=[1, '', 0]
[rosmaster.master][INFO] 2021-09-09 13:54:51,232: publisherUpdate[/move_group/display_planned_path] -> http://wng:33811/ []
[rosmaster.master][INFO] 2021-09-09 13:54:51,232: -SUB [/joint_states] /joint_state_desired_publisher http://wng:33633/
[rosmaster.master][INFO] 2021-09-09 13:54:51,233: publisherUpdate[/rosout] -> http://wng:42107/ ['http://wng:37387/', 'http://wng:33811/']
[rosmaster.master][INFO] 2021-09-09 13:54:51,233: publisherUpdate[/move_group/display_planned_path] -> http://wng:33811/ []: sec=0.00, result=[0, 'Unknown Error', 0]
[rosmaster.master][INFO] 2021-09-09 13:54:51,233: -PUB [/tf_static] /robot_state_publisher http://wng:37387/
[rosmaster.master][INFO] 2021-09-09 13:54:51,233: publisherUpdate[/execute_trajectory/result] -> http://wng:33811/ []
[rosmaster.master][INFO] 2021-09-09 13:54:51,233: publisherUpdate[/rosout] -> http://wng:42107/ ['http://wng:37387/', 'http://wng:33811/']: sec=0.00, result=[1, '', 0]
[rosmaster.master][INFO] 2021-09-09 13:54:51,234: -SERVICE [/joint_state_desired_publisher/get_loggers] /joint_state_desired_publisher rosrpc://wng:38525
[rosmaster.master][INFO] 2021-09-09 13:54:51,234: publisherUpdate[/execute_trajectory/result] -> http://wng:33811/ []: sec=0.00, result=[0, 'Unknown Error', 0]
[rosmaster.master][INFO] 2021-09-09 13:54:51,234: publisherUpdate[/rosout] -> http://wng:42107/ ['http://wng:33811/']
[rosmaster.master][INFO] 2021-09-09 13:54:51,234: -SUB [/joint_states] /robot_state_publisher http://wng:37387/
[rosmaster.master][INFO] 2021-09-09 13:54:51,234: publisherUpdate[/execute_trajectory/feedback] -> http://wng:33811/ []
[rosmaster.master][INFO] 2021-09-09 13:54:51,235: -SERVICE [/joint_state_desired_publisher/set_logger_level] /joint_state_desired_publisher rosrpc://wng:38525
[rosmaster.master][INFO] 2021-09-09 13:54:51,235: publisherUpdate[/rosout] -> http://wng:42107/ ['http://wng:33811/']: sec=0.00, result=[1, '', 0]
[rosmaster.master][INFO] 2021-09-09 13:54:51,235: publisherUpdate[/execute_trajectory/feedback] -> http://wng:33811/ []: sec=0.00, result=[0, 'Unknown Error', 0]
[rosmaster.master][INFO] 2021-09-09 13:54:51,235: -SERVICE [/robot_state_publisher/get_loggers] /robot_state_publisher rosrpc://wng:33401
[rosmaster.master][INFO] 2021-09-09 13:54:51,236: publisherUpdate[/execute_trajectory/status] -> http://wng:33811/ []
[rosmaster.master][INFO] 2021-09-09 13:54:51,236: -CACHEDPARAM [/rosout_disable_topics_generation] by /joint_state_desired_publisher
[rosmaster.master][INFO] 2021-09-09 13:54:51,236: -SERVICE [/robot_state_publisher/set_logger_level] /robot_state_publisher rosrpc://wng:33401
[rosmaster.master][INFO] 2021-09-09 13:54:51,236: publisherUpdate[/execute_trajectory/status] -> http://wng:33811/ []: sec=0.00, result=[0, 'Unknown Error', 0]
[rosmaster.master][INFO] 2021-09-09 13:54:51,236: publisherUpdate[/move_group/result] -> http://wng:33811/ []
[rosmaster.master][INFO] 2021-09-09 13:54:51,237: publisherUpdate[/move_group/result] -> http://wng:33811/ []: sec=0.00, result=[0, 'Unknown Error', 0]
[rosmaster.master][INFO] 2021-09-09 13:54:51,237: publisherUpdate[/move_group/feedback] -> http://wng:33811/ []
[rosmaster.master][INFO] 2021-09-09 13:54:51,237: publisherUpdate[/move_group/feedback] -> http://wng:33811/ []: sec=0.00, result=[0, 'Unknown Error', 0]
[rosmaster.master][INFO] 2021-09-09 13:54:51,237: publisherUpdate[/move_group/status] -> http://wng:33811/ []
[rosmaster.master][INFO] 2021-09-09 13:54:51,237: publisherUpdate[/move_group/status] -> http://wng:33811/ []: sec=0.00, result=[0, 'Unknown Error', 0]
[rosmaster.master][INFO] 2021-09-09 13:54:51,237: publisherUpdate[/pickup/result] -> http://wng:33811/ []
[rosmaster.master][INFO] 2021-09-09 13:54:51,237: publisherUpdate[/pickup/result] -> http://wng:33811/ []: sec=0.00, result=[0, 'Unknown Error', 0]
[rosmaster.master][INFO] 2021-09-09 13:54:51,237: publisherUpdate[/pickup/feedback] -> http://wng:33811/ []
[rosmaster.master][INFO] 2021-09-09 13:54:51,238: publisherUpdate[/pickup/feedback] -> http://wng:33811/ []: sec=0.00, result=[0, 'Unknown Error', 0]
[rosmaster.master][INFO] 2021-09-09 13:54:51,238: publisherUpdate[/pickup/status] -> http://wng:33811/ []
[rosmaster.master][INFO] 2021-09-09 13:54:51,238: publisherUpdate[/pickup/status] -> http://wng:33811/ []: sec=0.00, result=[0, 'Unknown Error', 0]
[rosmaster.master][INFO] 2021-09-09 13:54:51,238: publisherUpdate[/place/result] -> http://wng:33811/ []
[rosmaster.master][INFO] 2021-09-09 13:54:51,238: publisherUpdate[/place/result] -> http://wng:33811/ []: sec=0.00, result=[0, 'Unknown Error', 0]
[rosmaster.master][INFO] 2021-09-09 13:54:51,238: publisherUpdate[/place/feedback] -> http://wng:33811/ []
[rosmaster.master][INFO] 2021-09-09 13:54:51,238: publisherUpdate[/place/feedback] -> http://wng:33811/ []: sec=0.00, result=[0, 'Unknown Error', 0]
[rosmaster.master][INFO] 2021-09-09 13:54:51,238: publisherUpdate[/place/status] -> http://wng:33811/ []
[rosmaster.master][INFO] 2021-09-09 13:54:51,239: publisherUpdate[/place/status] -> http://wng:33811/ []: sec=0.00, result=[0, 'Unknown Error', 0]
[rosmaster.master][INFO] 2021-09-09 13:54:51,239: publisherUpdate[/tf] -> http://wng:33811/ []
[rosmaster.master][INFO] 2021-09-09 13:54:51,239: publisherUpdate[/tf] -> http://wng:33811/ []: sec=0.00, result=[0, 'Unknown Error', 0]
[rosmaster.master][INFO] 2021-09-09 13:54:51,239: publisherUpdate[/tf_static] -> http://wng:33811/ []
[rosmaster.master][INFO] 2021-09-09 13:54:51,240: publisherUpdate[/tf_static] -> http://wng:33811/ []: sec=0.00, result=[0, 'Unknown Error', 0]
[rosmaster.master][INFO] 2021-09-09 13:54:51,341: -PUB [/rosout] /rviz_wng_14085_3686756826058995302 http://wng:33811/
[rosmaster.master][INFO] 2021-09-09 13:54:51,342: -PUB [/planning_scene] /rviz_wng_14085_3686756826058995302 http://wng:33811/
[rosmaster.master][INFO] 2021-09-09 13:54:51,342: -PUB [/planning_scene_world] /rviz_wng_14085_3686756826058995302 http://wng:33811/
[rosmaster.master][INFO] 2021-09-09 13:54:51,342: -PUB [/rviz_wng_14085_3686756826058995302/motionplanning_planning_scene_monitor/parameter_descriptions] /rviz_wng_14085_3686756826058995302 http://wng:33811/
[rosmaster.master][INFO] 2021-09-09 13:54:51,342: -PUB [/rviz_wng_14085_3686756826058995302/motionplanning_planning_scene_monitor/parameter_updates] /rviz_wng_14085_3686756826058995302 http://wng:33811/
[rosmaster.master][INFO] 2021-09-09 13:54:51,343: -PUB [/rviz_moveit_motion_planning_display/robot_interaction_interactive_marker_topic/update_full] /rviz_wng_14085_3686756826058995302 http://wng:33811/
[rosmaster.master][INFO] 2021-09-09 13:54:51,343: -PUB [/rviz_moveit_motion_planning_display/robot_interaction_interactive_marker_topic/update] /rviz_wng_14085_3686756826058995302 http://wng:33811/
[rosmaster.master][INFO] 2021-09-09 13:54:51,343: -PUB [/rviz_moveit_motion_planning_display/robot_interaction_interactive_marker_topic/feedback] /rviz_wng_14085_3686756826058995302 http://wng:33811/
[rosmaster.master][INFO] 2021-09-09 13:54:51,343: -PUB [/trajectory_execution_event] /rviz_wng_14085_3686756826058995302 http://wng:33811/
[rosmaster.master][INFO] 2021-09-09 13:54:51,343: -PUB [/attached_collision_object] /rviz_wng_14085_3686756826058995302 http://wng:33811/
[rosmaster.master][INFO] 2021-09-09 13:54:51,344: -PUB [/move_group/goal] /rviz_wng_14085_3686756826058995302 http://wng:33811/
[rosmaster.master][INFO] 2021-09-09 13:54:51,344: -PUB [/move_group/cancel] /rviz_wng_14085_3686756826058995302 http://wng:33811/
[rosmaster.master][INFO] 2021-09-09 13:54:51,344: -PUB [/pickup/goal] /rviz_wng_14085_3686756826058995302 http://wng:33811/
[rosmaster.master][INFO] 2021-09-09 13:54:51,344: -PUB [/pickup/cancel] /rviz_wng_14085_3686756826058995302 http://wng:33811/
[rosmaster.master][INFO] 2021-09-09 13:54:51,344: -PUB [/place/goal] /rviz_wng_14085_3686756826058995302 http://wng:33811/
[rosmaster.master][INFO] 2021-09-09 13:54:51,345: -PUB [/place/cancel] /rviz_wng_14085_3686756826058995302 http://wng:33811/
[rosmaster.master][INFO] 2021-09-09 13:54:51,345: -PUB [/execute_trajectory/goal] /rviz_wng_14085_3686756826058995302 http://wng:33811/
[rosmaster.master][INFO] 2021-09-09 13:54:51,345: -PUB [/execute_trajectory/cancel] /rviz_wng_14085_3686756826058995302 http://wng:33811/
[rosmaster.master][INFO] 2021-09-09 13:54:51,345: -SUB [/tf] /rviz_wng_14085_3686756826058995302 http://wng:33811/
[rosmaster.master][INFO] 2021-09-09 13:54:51,346: -SUB [/tf_static] /rviz_wng_14085_3686756826058995302 http://wng:33811/
[rosmaster.master][INFO] 2021-09-09 13:54:51,346: -SUB [/action] /rviz_wng_14085_3686756826058995302 http://wng:33811/
[rosmaster.master][INFO] 2021-09-09 13:54:51,346: -SUB [/action_array] /rviz_wng_14085_3686756826058995302 http://wng:33811/
[rosmaster.master][INFO] 2021-09-09 13:54:51,346: -SUB [/recognized_object_array] /rviz_wng_14085_3686756826058995302 http://wng:33811/
[rosmaster.master][INFO] 2021-09-09 13:54:51,346: -SUB [/move_group/monitored_planning_scene] /rviz_wng_14085_3686756826058995302 http://wng:33811/
[rosmaster.master][INFO] 2021-09-09 13:54:51,347: -SUB [/move_group/display_planned_path] /rviz_wng_14085_3686756826058995302 http://wng:33811/
[rosmaster.master][INFO] 2021-09-09 13:54:51,347: -SUB [/rviz_moveit_motion_planning_display/robot_interaction_interactive_marker_topic/feedback] /rviz_wng_14085_3686756826058995302 http://wng:33811/
[rosmaster.master][INFO] 2021-09-09 13:54:51,347: -SUB [/rviz_moveit_motion_planning_display/robot_interaction_interactive_marker_topic/update] /rviz_wng_14085_3686756826058995302 http://wng:33811/
[rosmaster.master][INFO] 2021-09-09 13:54:51,347: -SUB [/move_group/status] /rviz_wng_14085_3686756826058995302 http://wng:33811/
[rosmaster.master][INFO] 2021-09-09 13:54:51,348: -SUB [/move_group/feedback] /rviz_wng_14085_3686756826058995302 http://wng:33811/
[rosmaster.master][INFO] 2021-09-09 13:54:51,348: -SUB [/move_group/result] /rviz_wng_14085_3686756826058995302 http://wng:33811/
[rosmaster.master][INFO] 2021-09-09 13:54:51,348: -SUB [/pickup/status] /rviz_wng_14085_3686756826058995302 http://wng:33811/
[rosmaster.master][INFO] 2021-09-09 13:54:51,348: -SUB [/pickup/feedback] /rviz_wng_14085_3686756826058995302 http://wng:33811/
[rosmaster.master][INFO] 2021-09-09 13:54:51,349: -SUB [/pickup/result] /rviz_wng_14085_3686756826058995302 http://wng:33811/
[rosmaster.master][INFO] 2021-09-09 13:54:51,349: -SUB [/place/status] /rviz_wng_14085_3686756826058995302 http://wng:33811/
[rosmaster.master][INFO] 2021-09-09 13:54:51,349: -SUB [/place/feedback] /rviz_wng_14085_3686756826058995302 http://wng:33811/
[rosmaster.master][INFO] 2021-09-09 13:54:51,349: -SUB [/place/result] /rviz_wng_14085_3686756826058995302 http://wng:33811/
[rosmaster.master][INFO] 2021-09-09 13:54:51,350: -SUB [/execute_trajectory/status] /rviz_wng_14085_3686756826058995302 http://wng:33811/
[rosmaster.master][INFO] 2021-09-09 13:54:51,350: -SUB [/execute_trajectory/feedback] /rviz_wng_14085_3686756826058995302 http://wng:33811/
[rosmaster.master][INFO] 2021-09-09 13:54:51,350: -SUB [/execute_trajectory/result] /rviz_wng_14085_3686756826058995302 http://wng:33811/
[rosmaster.master][INFO] 2021-09-09 13:54:51,350: -SERVICE [/rviz_wng_14085_3686756826058995302/get_loggers] /rviz_wng_14085_3686756826058995302 rosrpc://wng:50103
[rosmaster.master][INFO] 2021-09-09 13:54:51,351: -SERVICE [/rviz_wng_14085_3686756826058995302/set_logger_level] /rviz_wng_14085_3686756826058995302 rosrpc://wng:50103
[rosmaster.master][INFO] 2021-09-09 13:54:51,351: -SERVICE [/rviz_wng_14085_3686756826058995302/reload_shaders] /rviz_wng_14085_3686756826058995302 rosrpc://wng:50103
[rosmaster.master][INFO] 2021-09-09 13:54:51,351: -SERVICE [/rviz_wng_14085_3686756826058995302/load_config] /rviz_wng_14085_3686756826058995302 rosrpc://wng:50103
[rosmaster.master][INFO] 2021-09-09 13:54:51,351: -SERVICE [/rviz_wng_14085_3686756826058995302/save_config] /rviz_wng_14085_3686756826058995302 rosrpc://wng:50103
[rosmaster.master][INFO] 2021-09-09 13:54:51,351: -SERVICE [/rviz_wng_14085_3686756826058995302/motionplanning_planning_scene_monitor/set_parameters] /rviz_wng_14085_3686756826058995302 rosrpc://wng:50103
[rosmaster.master][INFO] 2021-09-09 13:54:51,352: -CACHEDPARAM [/rosout_disable_topics_generation] by /rviz_wng_14085_3686756826058995302
[rosmaster.master][INFO] 2021-09-09 13:54:51,432: publisherUpdate[/rosout] -> http://wng:42107/ []
[rosmaster.master][INFO] 2021-09-09 13:54:51,433: publisherUpdate[/rosout] -> http://wng:42107/ []: sec=0.00, result=[1, '', 0]
[rosmaster.master][INFO] 2021-09-09 13:54:51,433: publisherUpdate[/rviz_moveit_motion_planning_display/robot_interaction_interactive_marker_topic/update] -> http://wng:33811/ []
[rosmaster.master][INFO] 2021-09-09 13:54:51,433: publisherUpdate[/rviz_moveit_motion_planning_display/robot_interaction_interactive_marker_topic/update] -> http://wng:33811/ []: sec=0.00, exception=<Fault -1: 'publisherUpdate: unknown method name'>
[rosmaster.threadpool][ERROR] 2021-09-09 13:54:51,434: Traceback (most recent call last):
  File "/opt/ros/melodic/lib/python2.7/dist-packages/rosmaster/threadpool.py", line 218, in run
    result = cmd(*args)
  File "/opt/ros/melodic/lib/python2.7/dist-packages/rosmaster/master_api.py", line 210, in publisher_update_task
    ret = xmlrpcapi(api).publisherUpdate('/master', topic, pub_uris)
  File "/usr/lib/python2.7/xmlrpclib.py", line 1243, in __call__
    return self.__send(self.__name, args)
  File "/usr/lib/python2.7/xmlrpclib.py", line 1602, in __request
    verbose=self.__verbose
  File "/usr/lib/python2.7/xmlrpclib.py", line 1283, in request
    return self.single_request(host, handler, request_body, verbose)
  File "/usr/lib/python2.7/xmlrpclib.py", line 1316, in single_request
    return self.parse_response(response)
  File "/usr/lib/python2.7/xmlrpclib.py", line 1493, in parse_response
    return u.close()
  File "/usr/lib/python2.7/xmlrpclib.py", line 800, in close
    raise Fault(**self._stack[0])
Fault: <Fault -1: 'publisherUpdate: unknown method name'>

[rosmaster.master][INFO] 2021-09-09 13:54:51,434: publisherUpdate[/rviz_moveit_motion_planning_display/robot_interaction_interactive_marker_topic/feedback] -> http://wng:33811/ []
[rosmaster.master][INFO] 2021-09-09 13:54:51,434: publisherUpdate[/rviz_moveit_motion_planning_display/robot_interaction_interactive_marker_topic/feedback] -> http://wng:33811/ []: sec=0.00, exception=<Fault -1: 'publisherUpdate: unknown method name'>
[rosmaster.threadpool][ERROR] 2021-09-09 13:54:51,434: Traceback (most recent call last):
  File "/opt/ros/melodic/lib/python2.7/dist-packages/rosmaster/threadpool.py", line 218, in run
    result = cmd(*args)
  File "/opt/ros/melodic/lib/python2.7/dist-packages/rosmaster/master_api.py", line 210, in publisher_update_task
    ret = xmlrpcapi(api).publisherUpdate('/master', topic, pub_uris)
  File "/usr/lib/python2.7/xmlrpclib.py", line 1243, in __call__
    return self.__send(self.__name, args)
  File "/usr/lib/python2.7/xmlrpclib.py", line 1602, in __request
    verbose=self.__verbose
  File "/usr/lib/python2.7/xmlrpclib.py", line 1283, in request
    return self.single_request(host, handler, request_body, verbose)
  File "/usr/lib/python2.7/xmlrpclib.py", line 1316, in single_request
    return self.parse_response(response)
  File "/usr/lib/python2.7/xmlrpclib.py", line 1493, in parse_response
    return u.close()
  File "/usr/lib/python2.7/xmlrpclib.py", line 800, in close
    raise Fault(**self._stack[0])
Fault: <Fault -1: 'publisherUpdate: unknown method name'>

[rosmaster.master][INFO] 2021-09-09 13:54:51,934: -PUB [/rosout_agg] /rosout http://wng:42107/
[rosmaster.master][INFO] 2021-09-09 13:54:51,934: -SUB [/rosout] /rosout http://wng:42107/
[rosmaster.master][INFO] 2021-09-09 13:54:51,934: -SERVICE [/rosout/get_loggers] /rosout rosrpc://wng:50949
[rosmaster.master][INFO] 2021-09-09 13:54:51,934: -SERVICE [/rosout/set_logger_level] /rosout rosrpc://wng:50949
[rosmaster.master][INFO] 2021-09-09 13:54:51,935: -CACHEDPARAM [/rosout/omit_topics] by /rosout
[rosmaster.main][INFO] 2021-09-09 13:54:51,987: keyboard interrupt, will exit
[rosmaster.main][INFO] 2021-09-09 13:54:51,988: stopping master...
[rospy.core][INFO] 2021-09-09 13:54:51,988: signal_shutdown [atexit]
