[rospy.client][INFO] 2021-12-09 17:27:21,603: init_node, name[/joint_state_publisher], pid[10967]
[xmlrpc][INFO] 2021-12-09 17:27:21,603: XML-RPC server binding to 0.0.0.0:0
[xmlrpc][INFO] 2021-12-09 17:27:21,604: Started XML-RPC server [http://wng:41873/]
[rospy.init][INFO] 2021-12-09 17:27:21,604: ROS Slave URI: [http://wng:41873/]
[rospy.impl.masterslave][INFO] 2021-12-09 17:27:21,604: _ready: http://wng:41873/
[rospy.registration][INFO] 2021-12-09 17:27:21,605: Registering with master node http://localhost:11311
[xmlrpc][INFO] 2021-12-09 17:27:21,605: xml rpc node: starting XML-RPC server
[rospy.init][INFO] 2021-12-09 17:27:21,704: registered with master
[rospy.rosout][INFO] 2021-12-09 17:27:21,705: initializing /rosout core topic
[rospy.rosout][INFO] 2021-12-09 17:27:21,707: connected to core topic /rosout
[rospy.simtime][INFO] 2021-12-09 17:27:21,707: /use_sim_time is not set, will not subscribe to simulated time [/clock] topic
[rospy.internal][INFO] 2021-12-09 17:27:21,770: topic[/move_group/fake_controller_joint_states] adding connection to [http://wng:41443/], count 0
[rospy.internal][INFO] 2021-12-09 17:27:21,980: topic[/rosout] adding connection to [/rosout], count 0
[rospy.internal][INFO] 2021-12-09 17:27:21,981: topic[/joint_states] adding connection to [/joint_state_desired_publisher], count 0
[rospy.internal][INFO] 2021-12-09 17:27:21,981: topic[/joint_states] adding connection to [/robot_state_publisher], count 1
[rospy.internal][INFO] 2021-12-09 17:27:52,078: topic[/joint_states] adding connection to [/move_group_commander_wrappers_1639038450386663382], count 2
[rospy.internal][INFO] 2021-12-09 17:43:10,036: topic[/joint_states] removing connection to /move_group_commander_wrappers_1639038450386663382
[rospy.core][INFO] 2021-12-09 17:49:07,845: signal_shutdown [signal-2]
[rospy.internal][INFO] 2021-12-09 17:49:07,851: topic[/joint_states] removing connection to /joint_state_desired_publisher
[rospy.internal][INFO] 2021-12-09 17:49:07,851: topic[/joint_states] removing connection to /robot_state_publisher
[rospy.internal][INFO] 2021-12-09 17:49:07,851: topic[/rosout] removing connection to /rosout
[rospy.internal][INFO] 2021-12-09 17:49:07,852: topic[/move_group/fake_controller_joint_states] removing connection to http://wng:41443/
[rospy.topics][ERROR] 2021-12-09 17:49:07,852: Traceback (most recent call last):
  File "/opt/ros/melodic/lib/python2.7/dist-packages/rospy/topics.py", line 326, in close
    c.close()
  File "/opt/ros/melodic/lib/python2.7/dist-packages/rospy/impl/tcpros_base.py", line 846, in close
    self.socket.close()
AttributeError: 'NoneType' object has no attribute 'close'

[rospy.impl.masterslave][INFO] 2021-12-09 17:49:07,852: signal-2
[rospy.internal][WARNING] 2021-12-09 17:49:07,857: Unknown error initiating TCP/IP socket to wng:42927 (http://wng:41443/): Traceback (most recent call last):
  File "/opt/ros/melodic/lib/python2.7/dist-packages/rospy/impl/tcpros_base.py", line 562, in connect
    self.read_header()
  File "/opt/ros/melodic/lib/python2.7/dist-packages/rospy/impl/tcpros_base.py", line 657, in read_header
    self._validate_header(read_ros_handshake_header(sock, self.read_buff, self.protocol.buff_size))
AttributeError: 'NoneType' object has no attribute 'buff_size'

[rospy.core][INFO] 2021-12-09 17:49:08,467: signal_shutdown [atexit]
