[rospy.client][INFO] 2021-12-09 17:04:23,713: init_node, name[/PandaMove], pid[6537]
[xmlrpc][INFO] 2021-12-09 17:04:23,713: XML-RPC server binding to 0.0.0.0:0
[xmlrpc][INFO] 2021-12-09 17:04:23,713: Started XML-RPC server [http://wng:43237/]
[rospy.init][INFO] 2021-12-09 17:04:23,713: ROS Slave URI: [http://wng:43237/]
[rospy.impl.masterslave][INFO] 2021-12-09 17:04:23,714: _ready: http://wng:43237/
[xmlrpc][INFO] 2021-12-09 17:04:23,714: xml rpc node: starting XML-RPC server
[rospy.registration][INFO] 2021-12-09 17:04:23,714: Registering with master node http://localhost:11311
[rospy.init][INFO] 2021-12-09 17:04:23,814: registered with master
[rospy.rosout][INFO] 2021-12-09 17:04:23,814: initializing /rosout core topic
[rospy.rosout][INFO] 2021-12-09 17:04:23,816: connected to core topic /rosout
[rospy.simtime][INFO] 2021-12-09 17:04:23,817: /use_sim_time is not set, will not subscribe to simulated time [/clock] topic
[rosout][INFO] 2021-12-09 17:04:23,867: pan, pan, None
[rosout][INFO] 2021-12-09 17:04:23,868: pot, pot, None
[rosout][INFO] 2021-12-09 17:04:23,869: plate, plate, None
[rosout][INFO] 2021-12-09 17:04:23,869: bowl, bowl, None
[rosout][INFO] 2021-12-09 17:04:23,870: spatula, spatula, None
[rosout][INFO] 2021-12-09 17:04:23,870: spreader, spreader, None
[rosout][INFO] 2021-12-09 17:04:23,871: scooper, scooper, None
[rosout][INFO] 2021-12-09 17:04:23,871: knife, knife, None
[rosout][INFO] 2021-12-09 17:04:23,872: table, table, None
[rosout][INFO] 2021-12-09 17:04:23,873: stove, stove, None
[rosout][INFO] 2021-12-09 17:04:23,873: cutting_board, cutting_board, None
[rosout][INFO] 2021-12-09 17:04:23,874: near_cutting_board, near_cutting_board, None
[rosout][INFO] 2021-12-09 17:04:23,874: onion, onion, ['exist']
[rosout][INFO] 2021-12-09 17:04:23,875: cucumber, cucumber, ['exist']
[rosout][INFO] 2021-12-09 17:04:23,876: sweet_pepper, sweet_pepper, ['exist']
[rosout][INFO] 2021-12-09 17:04:23,876: feta_cheese, feta_cheese, ['exist']
[rosout][INFO] 2021-12-09 17:04:23,877: oregano, oregano, ['exist']
[rosout][INFO] 2021-12-09 17:04:23,878: black_olive, black_olive, ['exist']
[rosout][INFO] 2021-12-09 17:04:23,878: tomato, tomato, ['exist']
[rosout][INFO] 2021-12-09 17:04:23,879: potato, potato, ['exist']
[rosout][INFO] 2021-12-09 17:04:23,880: salad, salad, []
[rospy.internal][INFO] 2021-12-09 17:04:24,093: topic[/rosout] adding connection to [/rosout], count 0
[rospy.core][INFO] 2021-12-09 17:04:44,446: signal_shutdown [signal-2]
[rospy.internal][INFO] 2021-12-09 17:04:44,451: topic[/rosout] removing connection to /rosout
[rospy.impl.masterslave][INFO] 2021-12-09 17:04:44,451: signal-2
[rospy.core][INFO] 2021-12-09 17:04:59,467: signal_shutdown [signal-15]
