[rospy.client][INFO] 2021-09-07 13:33:48,863: init_node, name[/joint_state_publisher], pid[22707]
[xmlrpc][INFO] 2021-09-07 13:33:48,863: XML-RPC server binding to 0.0.0.0:0
[xmlrpc][INFO] 2021-09-07 13:33:48,864: Started XML-RPC server [http://wng:34159/]
[rospy.impl.masterslave][INFO] 2021-09-07 13:33:48,864: _ready: http://wng:34159/
[rospy.init][INFO] 2021-09-07 13:33:48,864: ROS Slave URI: [http://wng:34159/]
[rospy.registration][INFO] 2021-09-07 13:33:48,864: Registering with master node http://localhost:11311
[xmlrpc][INFO] 2021-09-07 13:33:48,864: xml rpc node: starting XML-RPC server
[rospy.init][INFO] 2021-09-07 13:33:48,965: registered with master
[rospy.rosout][INFO] 2021-09-07 13:33:48,965: initializing /rosout core topic
[rospy.rosout][INFO] 2021-09-07 13:33:48,967: connected to core topic /rosout
[rospy.simtime][INFO] 2021-09-07 13:33:48,967: /use_sim_time is not set, will not subscribe to simulated time [/clock] topic
[rospy.internal][INFO] 2021-09-07 13:33:49,029: topic[/move_group/fake_controller_joint_states] adding connection to [http://wng:41255/], count 0
[rospy.internal][INFO] 2021-09-07 13:33:49,248: topic[/rosout] adding connection to [/rosout], count 0
[rospy.internal][INFO] 2021-09-07 13:33:49,248: topic[/joint_states] adding connection to [/joint_state_desired_publisher], count 0
[rospy.internal][INFO] 2021-09-07 13:33:49,248: topic[/joint_states] adding connection to [/robot_state_publisher], count 1
[rospy.internal][INFO] 2021-09-07 13:34:21,249: topic[/joint_states] adding connection to [/move_group_commander_wrappers_1630989237241847960], count 2
[rospy.internal][INFO] 2021-09-07 13:44:12,856: topic[/joint_states] removing connection to /move_group_commander_wrappers_1630989237241847960
[rospy.core][INFO] 2021-09-07 13:45:03,297: signal_shutdown [signal-2]
[rospy.internal][INFO] 2021-09-07 13:45:03,300: topic[/joint_states] removing connection to /joint_state_desired_publisher
[rospy.internal][INFO] 2021-09-07 13:45:03,307: topic[/joint_states] removing connection to /robot_state_publisher
[rospy.internal][INFO] 2021-09-07 13:45:03,313: topic[/rosout] removing connection to /rosout
[rospy.internal][INFO] 2021-09-07 13:45:03,313: topic[/move_group/fake_controller_joint_states] removing connection to http://wng:41255/
[rospy.impl.masterslave][INFO] 2021-09-07 13:45:03,313: signal-2
[rospy.internal][WARNING] 2021-09-07 13:45:03,472: Unknown error initiating TCP/IP socket to wng:39711 (http://wng:41255/): Traceback (most recent call last):
  File "/opt/ros/melodic/lib/python2.7/dist-packages/rospy/impl/tcpros_base.py", line 562, in connect
    self.read_header()
  File "/opt/ros/melodic/lib/python2.7/dist-packages/rospy/impl/tcpros_base.py", line 657, in read_header
    self._validate_header(read_ros_handshake_header(sock, self.read_buff, self.protocol.buff_size))
  File "/opt/ros/melodic/lib/python2.7/dist-packages/rosgraph/network.py", line 357, in read_ros_handshake_header
    d = sock.recv(buff_size)
error: [Errno 104] Connection reset by peer

[rospy.core][INFO] 2021-09-07 13:45:03,478: signal_shutdown [atexit]
