[rospy.client][INFO] 2021-09-17 11:03:55,723: init_node, name[/joint_state_publisher], pid[1667]
[xmlrpc][INFO] 2021-09-17 11:03:55,723: XML-RPC server binding to 0.0.0.0:0
[xmlrpc][INFO] 2021-09-17 11:03:55,723: Started XML-RPC server [http://wng:41439/]
[rospy.init][INFO] 2021-09-17 11:03:55,723: ROS Slave URI: [http://wng:41439/]
[rospy.impl.masterslave][INFO] 2021-09-17 11:03:55,723: _ready: http://wng:41439/
[rospy.registration][INFO] 2021-09-17 11:03:55,725: Registering with master node http://localhost:11311
[xmlrpc][INFO] 2021-09-17 11:03:55,725: xml rpc node: starting XML-RPC server
[rospy.init][INFO] 2021-09-17 11:03:55,824: registered with master
[rospy.rosout][INFO] 2021-09-17 11:03:55,824: initializing /rosout core topic
[rospy.rosout][INFO] 2021-09-17 11:03:55,826: connected to core topic /rosout
[rospy.simtime][INFO] 2021-09-17 11:03:55,827: /use_sim_time is not set, will not subscribe to simulated time [/clock] topic
[rospy.internal][INFO] 2021-09-17 11:03:55,890: topic[/move_group/fake_controller_joint_states] adding connection to [http://wng:36647/], count 0
[rospy.internal][INFO] 2021-09-17 11:03:56,071: topic[/rosout] adding connection to [/rosout], count 0
[rospy.internal][INFO] 2021-09-17 11:03:56,072: topic[/joint_states] adding connection to [/joint_state_desired_publisher], count 0
[rospy.internal][INFO] 2021-09-17 11:03:56,073: topic[/joint_states] adding connection to [/robot_state_publisher], count 1
[rospy.internal][INFO] 2021-09-17 11:04:38,396: topic[/joint_states] adding connection to [/move_group_commander_wrappers_1631844242070912269], count 2
[rospy.core][INFO] 2021-09-17 11:22:03,945: signal_shutdown [signal-2]
[rospy.internal][INFO] 2021-09-17 11:22:03,948: topic[/joint_states] removing connection to /joint_state_desired_publisher
[rospy.internal][INFO] 2021-09-17 11:22:03,948: topic[/joint_states] removing connection to /robot_state_publisher
[rospy.internal][INFO] 2021-09-17 11:22:03,948: topic[/joint_states] removing connection to /move_group_commander_wrappers_1631844242070912269
[rospy.internal][INFO] 2021-09-17 11:22:03,949: topic[/rosout] removing connection to /rosout
[rospy.internal][INFO] 2021-09-17 11:22:03,950: topic[/move_group/fake_controller_joint_states] removing connection to http://wng:36647/
[rospy.impl.masterslave][INFO] 2021-09-17 11:22:03,950: signal-2
[rospy.internal][WARNING] 2021-09-17 11:22:04,145: Unknown error initiating TCP/IP socket to wng:41543 (http://wng:36647/): Traceback (most recent call last):
  File "/opt/ros/melodic/lib/python2.7/dist-packages/rospy/impl/tcpros_base.py", line 562, in connect
    self.read_header()
  File "/opt/ros/melodic/lib/python2.7/dist-packages/rospy/impl/tcpros_base.py", line 657, in read_header
    self._validate_header(read_ros_handshake_header(sock, self.read_buff, self.protocol.buff_size))
  File "/opt/ros/melodic/lib/python2.7/dist-packages/rosgraph/network.py", line 357, in read_ros_handshake_header
    d = sock.recv(buff_size)
error: [Errno 104] Connection reset by peer

[rospy.core][INFO] 2021-09-17 11:22:04,569: signal_shutdown [atexit]
