[rospy.client][INFO] 2021-09-17 11:03:56,170: init_node, name[/server_endpoint], pid[1665]
[xmlrpc][INFO] 2021-09-17 11:03:56,171: XML-RPC server binding to 0.0.0.0:0
[xmlrpc][INFO] 2021-09-17 11:03:56,171: Started XML-RPC server [http://wng:44243/]
[rospy.init][INFO] 2021-09-17 11:03:56,171: ROS Slave URI: [http://wng:44243/]
[rospy.impl.masterslave][INFO] 2021-09-17 11:03:56,171: _ready: http://wng:44243/
[rospy.registration][INFO] 2021-09-17 11:03:56,171: Registering with master node http://localhost:11311
[xmlrpc][INFO] 2021-09-17 11:03:56,171: xml rpc node: starting XML-RPC server
[rospy.init][INFO] 2021-09-17 11:03:56,271: registered with master
[rospy.rosout][INFO] 2021-09-17 11:03:56,272: initializing /rosout core topic
[rospy.rosout][INFO] 2021-09-17 11:03:56,272: connected to core topic /rosout
[rospy.simtime][INFO] 2021-09-17 11:03:56,273: /use_sim_time is not set, will not subscribe to simulated time [/clock] topic
[rosout][INFO] 2021-09-17 11:03:56,278: Starting server on 192.168.1.146:10000
[rospy.internal][INFO] 2021-09-17 11:03:56,476: topic[/rosout] adding connection to [/rosout], count 0
[rosout][INFO] 2021-09-17 11:04:07,484: Connection from 192.168.1.146
[rosout][INFO] 2021-09-17 11:04:07,488: RegisterPublisher(execution_check, <class 'panda_move.msg._ExecutionCheck.ExecutionCheck'>) OK
[rospy.internal][INFO] 2021-09-17 11:04:07,504: topic[/execution_check] adding connection to [http://wng:44243/], count 0
[rospy.internal][INFO] 2021-09-17 11:04:07,505: topic[/execution_check] adding connection to [/server_endpoint], count 0
[rospy.core][INFO] 2021-09-17 11:22:03,966: signal_shutdown [signal-2]
[rospy.internal][INFO] 2021-09-17 11:22:03,970: topic[/execution_check] removing connection to /server_endpoint
[rospy.internal][INFO] 2021-09-17 11:22:03,970: topic[/rosout] removing connection to /rosout
[rospy.internal][INFO] 2021-09-17 11:22:03,970: topic[/execution_check] removing connection to http://wng:44243/
[rospy.impl.masterslave][INFO] 2021-09-17 11:22:03,971: signal-2
[rospy.core][INFO] 2021-09-17 11:22:04,073: signal_shutdown [atexit]
