[rospy.client][INFO] 2021-09-10 16:21:05,807: init_node, name[/joint_state_publisher], pid[11344]
[xmlrpc][INFO] 2021-09-10 16:21:05,807: XML-RPC server binding to 0.0.0.0:0
[xmlrpc][INFO] 2021-09-10 16:21:05,808: Started XML-RPC server [http://wng:40921/]
[rospy.init][INFO] 2021-09-10 16:21:05,808: ROS Slave URI: [http://wng:40921/]
[rospy.impl.masterslave][INFO] 2021-09-10 16:21:05,808: _ready: http://wng:40921/
[xmlrpc][INFO] 2021-09-10 16:21:05,808: xml rpc node: starting XML-RPC server
[rospy.registration][INFO] 2021-09-10 16:21:05,808: Registering with master node http://localhost:11311
[rospy.init][INFO] 2021-09-10 16:21:05,908: registered with master
[rospy.rosout][INFO] 2021-09-10 16:21:05,908: initializing /rosout core topic
[rospy.rosout][INFO] 2021-09-10 16:21:05,910: connected to core topic /rosout
[rospy.simtime][INFO] 2021-09-10 16:21:05,911: /use_sim_time is not set, will not subscribe to simulated time [/clock] topic
[rospy.internal][INFO] 2021-09-10 16:21:05,927: topic[/move_group/fake_controller_joint_states] adding connection to [http://wng:45789/], count 0
[rospy.internal][INFO] 2021-09-10 16:21:06,113: topic[/rosout] adding connection to [/rosout], count 0
[rospy.internal][INFO] 2021-09-10 16:21:06,213: topic[/joint_states] adding connection to [/joint_state_desired_publisher], count 0
[rospy.internal][INFO] 2021-09-10 16:21:06,213: topic[/joint_states] adding connection to [/robot_state_publisher], count 1
[rospy.core][INFO] 2021-09-10 16:23:45,371: signal_shutdown [signal-2]
[rospy.internal][INFO] 2021-09-10 16:23:45,373: topic[/joint_states] removing connection to /joint_state_desired_publisher
[rospy.internal][INFO] 2021-09-10 16:23:45,373: topic[/joint_states] removing connection to /robot_state_publisher
[rospy.internal][INFO] 2021-09-10 16:23:45,373: topic[/rosout] removing connection to /rosout
[rospy.internal][INFO] 2021-09-10 16:23:45,373: topic[/move_group/fake_controller_joint_states] removing connection to http://wng:45789/
[rospy.impl.masterslave][INFO] 2021-09-10 16:23:45,374: signal-2
[rospy.core][INFO] 2021-09-10 16:23:45,505: signal_shutdown [atexit]
