[rospy.client][INFO] 2021-09-19 11:46:50,780: init_node, name[/joint_state_publisher], pid[15217]
[xmlrpc][INFO] 2021-09-19 11:46:50,785: XML-RPC server binding to 0.0.0.0:0
[xmlrpc][INFO] 2021-09-19 11:46:50,787: Started XML-RPC server [http://wng:40885/]
[rospy.impl.masterslave][INFO] 2021-09-19 11:46:50,787: _ready: http://wng:40885/
[rospy.init][INFO] 2021-09-19 11:46:50,787: ROS Slave URI: [http://wng:40885/]
[rospy.registration][INFO] 2021-09-19 11:46:50,788: Registering with master node http://localhost:11311
[xmlrpc][INFO] 2021-09-19 11:46:50,788: xml rpc node: starting XML-RPC server
[rospy.init][INFO] 2021-09-19 11:46:50,888: registered with master
[rospy.rosout][INFO] 2021-09-19 11:46:50,889: initializing /rosout core topic
[rospy.rosout][INFO] 2021-09-19 11:46:50,891: connected to core topic /rosout
[rospy.simtime][INFO] 2021-09-19 11:46:50,892: /use_sim_time is not set, will not subscribe to simulated time [/clock] topic
[rospy.internal][INFO] 2021-09-19 11:46:50,917: topic[/move_group/fake_controller_joint_states] adding connection to [http://wng:44615/], count 0
[rospy.internal][INFO] 2021-09-19 11:46:51,120: topic[/rosout] adding connection to [/rosout], count 0
[rospy.internal][INFO] 2021-09-19 11:46:51,120: topic[/joint_states] adding connection to [/robot_state_publisher], count 0
[rospy.internal][INFO] 2021-09-19 11:46:51,125: topic[/joint_states] adding connection to [/joint_state_desired_publisher], count 1
[rospy.internal][INFO] 2021-09-19 11:47:42,856: topic[/joint_states] adding connection to [/move_group_commander_wrappers_1632019634897955046], count 2
[rospy.internal][INFO] 2021-09-19 12:20:57,828: topic[/joint_states] removing connection to /move_group_commander_wrappers_1632019634897955046
[rospy.core][INFO] 2021-09-19 12:33:17,322: signal_shutdown [signal-2]
[rospy.internal][INFO] 2021-09-19 12:33:17,326: topic[/joint_states] removing connection to /robot_state_publisher
[rospy.internal][INFO] 2021-09-19 12:33:17,326: topic[/joint_states] removing connection to /joint_state_desired_publisher
[rospy.internal][INFO] 2021-09-19 12:33:17,333: topic[/rosout] removing connection to /rosout
[rospy.internal][INFO] 2021-09-19 12:33:17,333: topic[/move_group/fake_controller_joint_states] removing connection to http://wng:44615/
[rospy.impl.masterslave][INFO] 2021-09-19 12:33:17,333: signal-2
[rospy.core][INFO] 2021-09-19 12:33:17,449: signal_shutdown [atexit]
