[rospy.client][INFO] 2021-11-25 20:36:47,611: init_node, name[/joint_state_publisher], pid[4405]
[xmlrpc][INFO] 2021-11-25 20:36:47,612: XML-RPC server binding to 0.0.0.0:0
[xmlrpc][INFO] 2021-11-25 20:36:47,612: Started XML-RPC server [http://wng:35697/]
[rospy.init][INFO] 2021-11-25 20:36:47,612: ROS Slave URI: [http://wng:35697/]
[rospy.impl.masterslave][INFO] 2021-11-25 20:36:47,612: _ready: http://wng:35697/
[rospy.registration][INFO] 2021-11-25 20:36:47,612: Registering with master node http://localhost:11311
[xmlrpc][INFO] 2021-11-25 20:36:47,612: xml rpc node: starting XML-RPC server
[rospy.init][INFO] 2021-11-25 20:36:47,712: registered with master
[rospy.rosout][INFO] 2021-11-25 20:36:47,712: initializing /rosout core topic
[rospy.rosout][INFO] 2021-11-25 20:36:47,714: connected to core topic /rosout
[rospy.simtime][INFO] 2021-11-25 20:36:47,714: /use_sim_time is not set, will not subscribe to simulated time [/clock] topic
[rospy.internal][INFO] 2021-11-25 20:36:47,777: topic[/move_group/fake_controller_joint_states] adding connection to [http://wng:32899/], count 0
[rospy.internal][INFO] 2021-11-25 20:36:47,936: topic[/joint_states] adding connection to [/joint_state_desired_publisher], count 0
[rospy.internal][INFO] 2021-11-25 20:36:47,936: topic[/rosout] adding connection to [/rosout], count 0
[rospy.internal][INFO] 2021-11-25 20:36:47,943: topic[/joint_states] adding connection to [/robot_state_publisher], count 1
[rospy.internal][INFO] 2021-11-25 20:37:23,868: topic[/joint_states] adding connection to [/move_group_commander_wrappers_1637840214830271724], count 2
[rospy.internal][INFO] 2021-11-25 21:10:14,137: topic[/joint_states] removing connection to /move_group_commander_wrappers_1637840214830271724
[rospy.core][INFO] 2021-11-25 21:10:16,243: signal_shutdown [signal-2]
[rospy.internal][INFO] 2021-11-25 21:10:16,245: topic[/joint_states] removing connection to /joint_state_desired_publisher
[rospy.internal][INFO] 2021-11-25 21:10:16,245: topic[/joint_states] removing connection to /robot_state_publisher
[rospy.internal][INFO] 2021-11-25 21:10:16,245: topic[/rosout] removing connection to /rosout
[rospy.internal][INFO] 2021-11-25 21:10:16,246: topic[/move_group/fake_controller_joint_states] removing connection to http://wng:32899/
[rospy.impl.masterslave][INFO] 2021-11-25 21:10:16,246: signal-2
[rospy.core][INFO] 2021-11-25 21:10:16,354: signal_shutdown [atexit]
