[rospy.client][INFO] 2021-12-10 08:52:27,405: init_node, name[/joint_state_publisher], pid[11783]
[xmlrpc][INFO] 2021-12-10 08:52:27,406: XML-RPC server binding to 0.0.0.0:0
[xmlrpc][INFO] 2021-12-10 08:52:27,406: Started XML-RPC server [http://wng:41523/]
[rospy.init][INFO] 2021-12-10 08:52:27,406: ROS Slave URI: [http://wng:41523/]
[rospy.impl.masterslave][INFO] 2021-12-10 08:52:27,406: _ready: http://wng:41523/
[rospy.registration][INFO] 2021-12-10 08:52:27,407: Registering with master node http://localhost:11311
[xmlrpc][INFO] 2021-12-10 08:52:27,407: xml rpc node: starting XML-RPC server
[rospy.init][INFO] 2021-12-10 08:52:27,506: registered with master
[rospy.rosout][INFO] 2021-12-10 08:52:27,507: initializing /rosout core topic
[rospy.rosout][INFO] 2021-12-10 08:52:27,509: connected to core topic /rosout
[rospy.simtime][INFO] 2021-12-10 08:52:27,509: /use_sim_time is not set, will not subscribe to simulated time [/clock] topic
[rospy.internal][INFO] 2021-12-10 08:52:27,576: topic[/move_group/fake_controller_joint_states] adding connection to [http://wng:42407/], count 0
[rospy.internal][INFO] 2021-12-10 08:52:27,778: topic[/rosout] adding connection to [/rosout], count 0
[rospy.internal][INFO] 2021-12-10 08:52:27,779: topic[/joint_states] adding connection to [/robot_state_publisher], count 0
[rospy.internal][INFO] 2021-12-10 08:52:27,779: topic[/joint_states] adding connection to [/joint_state_desired_publisher], count 1
[rospy.internal][INFO] 2021-12-10 08:53:03,769: topic[/joint_states] adding connection to [/move_group_commander_wrappers_1639093957600865471], count 2
[rospy.internal][INFO] 2021-12-10 09:09:53,333: topic[/joint_states] removing connection to /move_group_commander_wrappers_1639093957600865471
[rospy.core][INFO] 2021-12-10 09:10:21,657: signal_shutdown [signal-2]
[rospy.internal][INFO] 2021-12-10 09:10:21,662: topic[/joint_states] removing connection to /robot_state_publisher
[rospy.internal][INFO] 2021-12-10 09:10:21,662: topic[/joint_states] removing connection to /joint_state_desired_publisher
[rospy.internal][INFO] 2021-12-10 09:10:21,662: topic[/rosout] removing connection to /rosout
[rospy.internal][INFO] 2021-12-10 09:10:21,662: topic[/move_group/fake_controller_joint_states] removing connection to http://wng:42407/
[rospy.impl.masterslave][INFO] 2021-12-10 09:10:21,663: signal-2
[rospy.core][INFO] 2021-12-10 09:10:21,794: signal_shutdown [atexit]
