[rospy.client][INFO] 2021-12-10 08:52:27,660: init_node, name[/server_endpoint], pid[11781]
[xmlrpc][INFO] 2021-12-10 08:52:27,660: XML-RPC server binding to 0.0.0.0:0
[xmlrpc][INFO] 2021-12-10 08:52:27,661: Started XML-RPC server [http://wng:44901/]
[rospy.init][INFO] 2021-12-10 08:52:27,661: ROS Slave URI: [http://wng:44901/]
[rospy.impl.masterslave][INFO] 2021-12-10 08:52:27,661: _ready: http://wng:44901/
[rospy.registration][INFO] 2021-12-10 08:52:27,661: Registering with master node http://localhost:11311
[xmlrpc][INFO] 2021-12-10 08:52:27,662: xml rpc node: starting XML-RPC server
[rospy.init][INFO] 2021-12-10 08:52:27,761: registered with master
[rospy.rosout][INFO] 2021-12-10 08:52:27,762: initializing /rosout core topic
[rospy.rosout][INFO] 2021-12-10 08:52:27,763: connected to core topic /rosout
[rospy.simtime][INFO] 2021-12-10 08:52:27,763: /use_sim_time is not set, will not subscribe to simulated time [/clock] topic
[rosout][INFO] 2021-12-10 08:52:27,768: Starting server on 192.168.0.8:10000
[rospy.internal][INFO] 2021-12-10 08:52:27,980: topic[/rosout] adding connection to [/rosout], count 0
[rosout][INFO] 2021-12-10 08:52:35,814: Connection from 192.168.0.8
[rosout][INFO] 2021-12-10 08:52:35,819: RegisterPublisher(execution_check, <class 'panda_move.msg._ExecutionCheck.ExecutionCheck'>) OK
[rospy.internal][INFO] 2021-12-10 08:52:35,943: topic[/execution_check] adding connection to [http://wng:44901/], count 0
[rospy.internal][INFO] 2021-12-10 08:52:35,944: topic[/execution_check] adding connection to [/server_endpoint], count 0
[rospy.core][INFO] 2021-12-10 09:10:21,657: signal_shutdown [signal-2]
[rospy.internal][INFO] 2021-12-10 09:10:21,663: topic[/execution_check] removing connection to /server_endpoint
[rospy.internal][INFO] 2021-12-10 09:10:21,663: topic[/rosout] removing connection to /rosout
[rospy.internal][INFO] 2021-12-10 09:10:21,663: topic[/execution_check] removing connection to http://wng:44901/
[rospy.impl.masterslave][INFO] 2021-12-10 09:10:21,663: signal-2
[rospy.internal][WARNING] 2021-12-10 09:10:21,664: Unknown error initiating TCP/IP socket to wng:45143 (http://wng:44901/): Traceback (most recent call last):
  File "/opt/ros/melodic/lib/python2.7/dist-packages/rospy/impl/tcpros_base.py", line 561, in connect
    self.write_header()
  File "/opt/ros/melodic/lib/python2.7/dist-packages/rospy/impl/tcpros_base.py", line 642, in write_header
    self.stat_bytes += write_ros_handshake_header(sock, protocol.get_header_fields())
  File "/opt/ros/melodic/lib/python2.7/dist-packages/rosgraph/network.py", line 417, in write_ros_handshake_header
    sock.sendall(s)
  File "/usr/lib/python2.7/socket.py", line 228, in meth
    return getattr(self._sock,name)(*args)
error: [Errno 32] Broken pipe

[rospy.core][INFO] 2021-12-10 09:10:21,827: signal_shutdown [atexit]
