[rospy.client][INFO] 2021-09-25 19:22:37,575: init_node, name[/joint_state_publisher], pid[18057]
[xmlrpc][INFO] 2021-09-25 19:22:37,575: XML-RPC server binding to 0.0.0.0:0
[xmlrpc][INFO] 2021-09-25 19:22:37,576: Started XML-RPC server [http://wng:42835/]
[rospy.init][INFO] 2021-09-25 19:22:37,576: ROS Slave URI: [http://wng:42835/]
[rospy.impl.masterslave][INFO] 2021-09-25 19:22:37,576: _ready: http://wng:42835/
[rospy.registration][INFO] 2021-09-25 19:22:37,576: Registering with master node http://localhost:11311
[xmlrpc][INFO] 2021-09-25 19:22:37,576: xml rpc node: starting XML-RPC server
[rospy.init][INFO] 2021-09-25 19:22:37,676: registered with master
[rospy.rosout][INFO] 2021-09-25 19:22:37,676: initializing /rosout core topic
[rospy.rosout][INFO] 2021-09-25 19:22:37,678: connected to core topic /rosout
[rospy.simtime][INFO] 2021-09-25 19:22:37,679: /use_sim_time is not set, will not subscribe to simulated time [/clock] topic
[rospy.internal][INFO] 2021-09-25 19:22:37,741: topic[/move_group/fake_controller_joint_states] adding connection to [http://wng:43705/], count 0
[rospy.internal][INFO] 2021-09-25 19:22:37,961: topic[/rosout] adding connection to [/rosout], count 0
[rospy.internal][INFO] 2021-09-25 19:22:37,961: topic[/joint_states] adding connection to [/joint_state_desired_publisher], count 0
[rospy.internal][INFO] 2021-09-25 19:22:37,962: topic[/joint_states] adding connection to [/robot_state_publisher], count 1
[rospy.internal][INFO] 2021-09-25 19:23:11,822: topic[/joint_states] adding connection to [/move_group_commander_wrappers_1632565363865271241], count 2
[rospy.internal][INFO] 2021-09-25 19:53:25,293: topic[/joint_states] removing connection to /move_group_commander_wrappers_1632565363865271241
[rospy.core][INFO] 2021-09-25 19:53:50,827: signal_shutdown [signal-2]
[rospy.internal][INFO] 2021-09-25 19:53:50,831: topic[/joint_states] removing connection to /joint_state_desired_publisher
[rospy.internal][INFO] 2021-09-25 19:53:50,831: topic[/joint_states] removing connection to /robot_state_publisher
[rospy.internal][INFO] 2021-09-25 19:53:50,831: topic[/rosout] removing connection to /rosout
[rospy.internal][INFO] 2021-09-25 19:53:50,832: topic[/move_group/fake_controller_joint_states] removing connection to http://wng:43705/
[rospy.impl.masterslave][INFO] 2021-09-25 19:53:50,832: signal-2
[rospy.core][INFO] 2021-09-25 19:53:50,947: signal_shutdown [atexit]
