[rospy.client][INFO] 2021-09-25 19:22:38,058: init_node, name[/server_endpoint], pid[18055]
[xmlrpc][INFO] 2021-09-25 19:22:38,059: XML-RPC server binding to 0.0.0.0:0
[xmlrpc][INFO] 2021-09-25 19:22:38,059: Started XML-RPC server [http://wng:37561/]
[rospy.init][INFO] 2021-09-25 19:22:38,059: ROS Slave URI: [http://wng:37561/]
[rospy.impl.masterslave][INFO] 2021-09-25 19:22:38,059: _ready: http://wng:37561/
[rospy.registration][INFO] 2021-09-25 19:22:38,059: Registering with master node http://localhost:11311
[xmlrpc][INFO] 2021-09-25 19:22:38,059: xml rpc node: starting XML-RPC server
[rospy.init][INFO] 2021-09-25 19:22:38,159: registered with master
[rospy.rosout][INFO] 2021-09-25 19:22:38,159: initializing /rosout core topic
[rospy.rosout][INFO] 2021-09-25 19:22:38,160: connected to core topic /rosout
[rospy.simtime][INFO] 2021-09-25 19:22:38,161: /use_sim_time is not set, will not subscribe to simulated time [/clock] topic
[rosout][INFO] 2021-09-25 19:22:38,165: Starting server on 192.168.1.146:10000
[rospy.internal][INFO] 2021-09-25 19:22:38,363: topic[/rosout] adding connection to [/rosout], count 0
[rosout][INFO] 2021-09-25 19:22:50,038: Connection from 192.168.1.146
[rosout][INFO] 2021-09-25 19:22:50,044: RegisterPublisher(execution_check, <class 'panda_move.msg._ExecutionCheck.ExecutionCheck'>) OK
[rospy.internal][INFO] 2021-09-25 19:22:50,144: topic[/execution_check] adding connection to [http://wng:37561/], count 0
[rospy.internal][INFO] 2021-09-25 19:22:50,149: topic[/execution_check] adding connection to [/server_endpoint], count 0
[rospy.core][INFO] 2021-09-25 19:53:50,827: signal_shutdown [signal-2]
[rospy.internal][INFO] 2021-09-25 19:53:50,832: topic[/execution_check] removing connection to /server_endpoint
[rospy.internal][INFO] 2021-09-25 19:53:50,832: topic[/rosout] removing connection to /rosout
[rospy.internal][INFO] 2021-09-25 19:53:50,833: topic[/execution_check] removing connection to http://wng:37561/
[rospy.impl.masterslave][INFO] 2021-09-25 19:53:50,833: signal-2
[rospy.core][INFO] 2021-09-25 19:53:50,940: signal_shutdown [atexit]
