[rospy.client][INFO] 2021-12-01 15:00:29,329: init_node, name[/PandaMove], pid[16660]
[xmlrpc][INFO] 2021-12-01 15:00:29,329: XML-RPC server binding to 0.0.0.0:0
[xmlrpc][INFO] 2021-12-01 15:00:29,330: Started XML-RPC server [http://wng:36211/]
[rospy.init][INFO] 2021-12-01 15:00:29,330: ROS Slave URI: [http://wng:36211/]
[rospy.impl.masterslave][INFO] 2021-12-01 15:00:29,330: _ready: http://wng:36211/
[xmlrpc][INFO] 2021-12-01 15:00:29,330: xml rpc node: starting XML-RPC server
[rospy.registration][INFO] 2021-12-01 15:00:29,331: Registering with master node http://localhost:11311
[rospy.init][INFO] 2021-12-01 15:00:29,430: registered with master
[rospy.rosout][INFO] 2021-12-01 15:00:29,431: initializing /rosout core topic
[rospy.rosout][INFO] 2021-12-01 15:00:29,433: connected to core topic /rosout
[rospy.simtime][INFO] 2021-12-01 15:00:29,434: /use_sim_time is not set, will not subscribe to simulated time [/clock] topic
[rosout][INFO] 2021-12-01 15:00:29,491: pan, pan, None
[rosout][INFO] 2021-12-01 15:00:29,492: pot, pot, None
[rosout][INFO] 2021-12-01 15:00:29,492: plate, plate, None
[rosout][INFO] 2021-12-01 15:00:29,493: bowl, bowl, None
[rosout][INFO] 2021-12-01 15:00:29,493: spatula, spatula, None
[rosout][INFO] 2021-12-01 15:00:29,494: spreader, spreader, None
[rosout][INFO] 2021-12-01 15:00:29,494: scooper, scooper, None
[rosout][INFO] 2021-12-01 15:00:29,495: knife, knife, None
[rosout][INFO] 2021-12-01 15:00:29,495: table, table, None
[rosout][INFO] 2021-12-01 15:00:29,495: stove, stove, None
[rosout][INFO] 2021-12-01 15:00:29,496: cutting_board, cutting_board, None
[rosout][INFO] 2021-12-01 15:00:29,496: near_cutting_board, near_cutting_board, None
[rosout][INFO] 2021-12-01 15:00:29,497: onion, onion, ['exist']
[rosout][INFO] 2021-12-01 15:00:29,497: celery, celery, ['exist']
[rosout][INFO] 2021-12-01 15:00:29,498: green_pepper, green_pepper, ['exist']
[rosout][INFO] 2021-12-01 15:00:29,498: cheese, cheese, ['exist']
[rosout][INFO] 2021-12-01 15:00:29,499: oregano, oregano, ['exist']
[rosout][INFO] 2021-12-01 15:00:29,499: black_olive, black_olive, ['exist']
[rosout][INFO] 2021-12-01 15:00:29,500: tomato, tomato, ['exist']
[rosout][INFO] 2021-12-01 15:00:29,500: salad, salad, []
[rospy.internal][INFO] 2021-12-01 15:00:29,561: topic[/rosout] adding connection to [/rosout], count 0
[rospy.core][INFO] 2021-12-01 15:01:06,308: signal_shutdown [signal-2]
[rospy.internal][INFO] 2021-12-01 15:01:06,312: topic[/rosout] removing connection to /rosout
[rospy.impl.masterslave][INFO] 2021-12-01 15:01:06,313: signal-2
[rospy.core][INFO] 2021-12-01 15:01:21,327: signal_shutdown [signal-15]
