[rospy.client][INFO] 2021-09-10 15:31:08,679: init_node, name[/PandaMove], pid[1090]
[xmlrpc][INFO] 2021-09-10 15:31:08,679: XML-RPC server binding to 0.0.0.0:0
[xmlrpc][INFO] 2021-09-10 15:31:08,680: Started XML-RPC server [http://wng:41183/]
[rospy.init][INFO] 2021-09-10 15:31:08,680: ROS Slave URI: [http://wng:41183/]
[rospy.impl.masterslave][INFO] 2021-09-10 15:31:08,680: _ready: http://wng:41183/
[rospy.registration][INFO] 2021-09-10 15:31:08,680: Registering with master node http://localhost:11311
[xmlrpc][INFO] 2021-09-10 15:31:08,680: xml rpc node: starting XML-RPC server
[rospy.init][INFO] 2021-09-10 15:31:08,780: registered with master
[rospy.rosout][INFO] 2021-09-10 15:31:08,780: initializing /rosout core topic
[rospy.rosout][INFO] 2021-09-10 15:31:08,782: connected to core topic /rosout
[rospy.simtime][INFO] 2021-09-10 15:31:08,782: /use_sim_time is not set, will not subscribe to simulated time [/clock] topic
[rospy.internal][INFO] 2021-09-10 15:31:10,589: topic[/rosout] adding connection to [/rosout], count 0
[rospy.internal][INFO] 2021-09-10 15:31:10,605: topic[/attached_collision_object] adding connection to [/move_group], count 0
[rospy.internal][INFO] 2021-09-10 15:31:10,606: topic[/collision_object] adding connection to [/move_group], count 0
[rosout][INFO] 2021-09-10 15:31:10,606: wait for update_place_pose_state
[rospy.internal][INFO] 2021-09-10 15:31:10,689: topic[/tf_static] adding connection to [/move_group], count 0
[rospy.internal][INFO] 2021-09-10 15:31:10,730: topic[/tf_static] adding connection to [/move_group_commander_wrappers_1631255468652939067], count 1
[rospy.internal][INFO] 2021-09-10 15:31:10,731: topic[/tf_static] adding connection to [/rviz_wng_1055_6925972917273986620], count 2
[rospy.internal][INFO] 2021-09-10 15:31:10,832: topic[/action] adding connection to [/rviz_wng_1055_6925972917273986620], count 0
[rosout][INFO] 2021-09-10 15:31:11,308: pan
[rosout][INFO] 2021-09-10 15:31:11,319: wait for update_place_pose_state
[rosout][INFO] 2021-09-10 15:31:12,024: pot
[rosout][INFO] 2021-09-10 15:31:12,040: wait for update_place_pose_state
[rosout][INFO] 2021-09-10 15:31:12,747: plate
[rosout][INFO] 2021-09-10 15:31:12,754: wait for update_place_pose_state
[rosout][INFO] 2021-09-10 15:31:13,465: bowl
[rosout][INFO] 2021-09-10 15:31:13,477: wait for update_place_pose_state
[rosout][INFO] 2021-09-10 15:31:14,189: spatula
[rosout][INFO] 2021-09-10 15:31:14,194: wait for update_place_pose_state
[rosout][INFO] 2021-09-10 15:31:14,911: spreader
[rosout][INFO] 2021-09-10 15:31:14,917: wait for update_place_pose_state
[rosout][INFO] 2021-09-10 15:31:15,635: scooper
[rosout][INFO] 2021-09-10 15:31:15,643: wait for update_place_pose_state
[rosout][INFO] 2021-09-10 15:31:16,367: knife
[rosout][INFO] 2021-09-10 15:31:16,375: wait for update_place_pose_state
[rosout][INFO] 2021-09-10 15:31:17,102: cutting_board
[rosout][INFO] 2021-09-10 15:31:17,110: wait for update_place_pose_state
[rosout][INFO] 2021-09-10 15:31:17,840: tuna
[rosout][INFO] 2021-09-10 15:31:17,846: wait for update_place_pose_state
[rosout][INFO] 2021-09-10 15:31:18,608: onion
[rosout][INFO] 2021-09-10 15:31:18,619: wait for update_place_pose_state
[rosout][INFO] 2021-09-10 15:31:19,368: butter
[rosout][INFO] 2021-09-10 15:31:19,370: wait for update_place_pose_state
[rosout][INFO] 2021-09-10 15:31:20,110: lettuce
[rosout][INFO] 2021-09-10 15:31:20,116: wait for update_place_pose_state
[rosout][INFO] 2021-09-10 15:31:20,860: bread1
[rosout][INFO] 2021-09-10 15:31:20,865: wait for update_place_pose_state
[rosout][INFO] 2021-09-10 15:31:21,603: bread2
[rosout][INFO] 2021-09-10 15:31:21,606: wait for update_place_pose_state
[rosout][INFO] 2021-09-10 15:31:22,350: salt_bottle
[rosout][INFO] 2021-09-10 15:31:22,361: wait for update_place_pose_state
[rospy.core][INFO] 2021-09-10 15:31:23,088: signal_shutdown [signal-2]
[rospy.internal][INFO] 2021-09-10 15:31:23,093: topic[/collision_object] removing connection to /move_group
[rospy.internal][INFO] 2021-09-10 15:31:23,093: topic[/rosout] removing connection to /rosout
[rospy.internal][INFO] 2021-09-10 15:31:23,093: topic[/tf_static] removing connection to /move_group
[rospy.internal][INFO] 2021-09-10 15:31:23,093: topic[/tf_static] removing connection to /move_group_commander_wrappers_1631255468652939067
[rospy.internal][INFO] 2021-09-10 15:31:23,094: topic[/tf_static] removing connection to /rviz_wng_1055_6925972917273986620
[rospy.internal][INFO] 2021-09-10 15:31:23,094: topic[/attached_collision_object] removing connection to /move_group
[rospy.internal][INFO] 2021-09-10 15:31:23,094: topic[/action] removing connection to /rviz_wng_1055_6925972917273986620
[rospy.impl.masterslave][INFO] 2021-09-10 15:31:23,094: signal-2
[rosout][INFO] 2021-09-10 15:31:23,235: sugar_bottle
[rosout][INFO] 2021-09-10 15:31:23,245: wait for update_place_pose_state
[rosout][ERROR] 2021-09-10 15:31:23,948: cannot get object pose: pan
[rosout][ERROR] 2021-09-10 15:31:23,951: list index out of range
[rosout][ERROR] 2021-09-10 15:31:23,954: self.objects
[rospy.core][INFO] 2021-09-10 15:31:23,996: signal_shutdown [atexit]
