[rospy.client][INFO] 2021-09-10 09:08:39,043: init_node, name[/joint_state_publisher], pid[26847]
[xmlrpc][INFO] 2021-09-10 09:08:39,044: XML-RPC server binding to 0.0.0.0:0
[xmlrpc][INFO] 2021-09-10 09:08:39,044: Started XML-RPC server [http://wng:45363/]
[rospy.init][INFO] 2021-09-10 09:08:39,044: ROS Slave URI: [http://wng:45363/]
[rospy.impl.masterslave][INFO] 2021-09-10 09:08:39,044: _ready: http://wng:45363/
[xmlrpc][INFO] 2021-09-10 09:08:39,045: xml rpc node: starting XML-RPC server
[rospy.registration][INFO] 2021-09-10 09:08:39,045: Registering with master node http://localhost:11311
[rospy.init][INFO] 2021-09-10 09:08:39,144: registered with master
[rospy.rosout][INFO] 2021-09-10 09:08:39,145: initializing /rosout core topic
[rospy.rosout][INFO] 2021-09-10 09:08:39,147: connected to core topic /rosout
[rospy.simtime][INFO] 2021-09-10 09:08:39,148: /use_sim_time is not set, will not subscribe to simulated time [/clock] topic
[rospy.internal][INFO] 2021-09-10 09:08:39,168: topic[/move_group/fake_controller_joint_states] adding connection to [http://wng:34335/], count 0
[rospy.internal][INFO] 2021-09-10 09:08:39,410: topic[/rosout] adding connection to [/rosout], count 0
[rospy.internal][INFO] 2021-09-10 09:08:39,410: topic[/joint_states] adding connection to [/joint_state_desired_publisher], count 0
[rospy.internal][INFO] 2021-09-10 09:08:39,510: topic[/joint_states] adding connection to [/robot_state_publisher], count 1
[rospy.internal][INFO] 2021-09-10 09:09:10,618: topic[/joint_states] adding connection to [/move_group_commander_wrappers_1631232528625389362], count 2
[rospy.internal][INFO] 2021-09-10 09:36:00,033: topic[/joint_states] removing connection to /move_group_commander_wrappers_1631232528625389362
[rospy.core][INFO] 2021-09-10 09:36:11,509: signal_shutdown [signal-2]
[rospy.internal][INFO] 2021-09-10 09:36:11,511: topic[/joint_states] removing connection to /joint_state_desired_publisher
[rospy.internal][INFO] 2021-09-10 09:36:11,515: topic[/joint_states] removing connection to /robot_state_publisher
[rospy.internal][INFO] 2021-09-10 09:36:11,521: topic[/rosout] removing connection to /rosout
[rospy.internal][INFO] 2021-09-10 09:36:11,521: topic[/move_group/fake_controller_joint_states] removing connection to http://wng:34335/
[rospy.impl.masterslave][INFO] 2021-09-10 09:36:11,525: signal-2
[rospy.core][INFO] 2021-09-10 09:36:11,657: signal_shutdown [atexit]
