[rospy.client][INFO] 2021-09-10 09:08:39,502: init_node, name[/server_endpoint], pid[26845]
[xmlrpc][INFO] 2021-09-10 09:08:39,502: XML-RPC server binding to 0.0.0.0:0
[xmlrpc][INFO] 2021-09-10 09:08:39,502: Started XML-RPC server [http://wng:38505/]
[rospy.init][INFO] 2021-09-10 09:08:39,503: ROS Slave URI: [http://wng:38505/]
[rospy.impl.masterslave][INFO] 2021-09-10 09:08:39,503: _ready: http://wng:38505/
[rospy.registration][INFO] 2021-09-10 09:08:39,503: Registering with master node http://localhost:11311
[xmlrpc][INFO] 2021-09-10 09:08:39,503: xml rpc node: starting XML-RPC server
[rospy.init][INFO] 2021-09-10 09:08:39,603: registered with master
[rospy.rosout][INFO] 2021-09-10 09:08:39,603: initializing /rosout core topic
[rospy.rosout][INFO] 2021-09-10 09:08:39,604: connected to core topic /rosout
[rospy.simtime][INFO] 2021-09-10 09:08:39,605: /use_sim_time is not set, will not subscribe to simulated time [/clock] topic
[rosout][INFO] 2021-09-10 09:08:39,614: Starting server on 192.168.1.146:10000
[rospy.internal][INFO] 2021-09-10 09:08:39,814: topic[/rosout] adding connection to [/rosout], count 0
[rosout][INFO] 2021-09-10 09:08:56,666: Connection from 192.168.1.146
[rosout][INFO] 2021-09-10 09:08:56,671: RegisterPublisher(execution_check, <class 'panda_move.msg._ExecutionCheck.ExecutionCheck'>) OK
[rospy.internal][INFO] 2021-09-10 09:08:56,693: topic[/execution_check] adding connection to [http://wng:38505/], count 0
[rospy.internal][INFO] 2021-09-10 09:08:56,695: topic[/execution_check] adding connection to [/server_endpoint], count 0
[rospy.core][INFO] 2021-09-10 09:36:11,511: signal_shutdown [signal-2]
[rospy.internal][INFO] 2021-09-10 09:36:11,515: topic[/execution_check] removing connection to /server_endpoint
[rospy.internal][INFO] 2021-09-10 09:36:11,515: topic[/rosout] removing connection to /rosout
[rospy.internal][INFO] 2021-09-10 09:36:11,515: topic[/execution_check] removing connection to http://wng:38505/
[rospy.impl.masterslave][INFO] 2021-09-10 09:36:11,516: signal-2
[rospy.internal][ERROR] 2021-09-10 09:36:11,516: Unable to initiate TCP/IP socket to wng:34929 (http://wng:38505/): Traceback (most recent call last):
  File "/opt/ros/melodic/lib/python2.7/dist-packages/rospy/impl/tcpros_base.py", line 562, in connect
    self.read_header()
  File "/opt/ros/melodic/lib/python2.7/dist-packages/rospy/impl/tcpros_base.py", line 657, in read_header
    self._validate_header(read_ros_handshake_header(sock, self.read_buff, self.protocol.buff_size))
  File "/opt/ros/melodic/lib/python2.7/dist-packages/rospy/impl/tcpros_base.py", line 600, in _validate_header
    raise TransportInitError("remote error reported: %s"%header['error'])
TransportInitError: remote error reported: node shutting down

[rospy.core][INFO] 2021-09-10 09:36:12,132: signal_shutdown [atexit]
