[rospy.client][INFO] 2021-11-29 11:13:23,019: init_node, name[/joint_state_publisher], pid[21766]
[xmlrpc][INFO] 2021-11-29 11:13:23,019: XML-RPC server binding to 0.0.0.0:0
[xmlrpc][INFO] 2021-11-29 11:13:23,020: Started XML-RPC server [http://wng:45901/]
[rospy.init][INFO] 2021-11-29 11:13:23,020: ROS Slave URI: [http://wng:45901/]
[rospy.impl.masterslave][INFO] 2021-11-29 11:13:23,020: _ready: http://wng:45901/
[rospy.registration][INFO] 2021-11-29 11:13:23,020: Registering with master node http://localhost:11311
[xmlrpc][INFO] 2021-11-29 11:13:23,020: xml rpc node: starting XML-RPC server
[rospy.init][INFO] 2021-11-29 11:13:23,120: registered with master
[rospy.rosout][INFO] 2021-11-29 11:13:23,120: initializing /rosout core topic
[rospy.rosout][INFO] 2021-11-29 11:13:23,122: connected to core topic /rosout
[rospy.simtime][INFO] 2021-11-29 11:13:23,122: /use_sim_time is not set, will not subscribe to simulated time [/clock] topic
[rospy.internal][INFO] 2021-11-29 11:13:23,185: topic[/move_group/fake_controller_joint_states] adding connection to [http://wng:33973/], count 0
[rospy.internal][INFO] 2021-11-29 11:13:23,323: topic[/rosout] adding connection to [/rosout], count 0
[rospy.internal][INFO] 2021-11-29 11:13:23,421: topic[/joint_states] adding connection to [/joint_state_desired_publisher], count 0
[rospy.internal][INFO] 2021-11-29 11:13:23,422: topic[/joint_states] adding connection to [/robot_state_publisher], count 1
[rospy.internal][INFO] 2021-11-29 11:13:55,871: topic[/joint_states] adding connection to [/move_group_commander_wrappers_1638152011518685924], count 2
[rospy.internal][INFO] 2021-11-29 11:31:30,889: topic[/joint_states] removing connection to /move_group_commander_wrappers_1638152011518685924
[rospy.core][INFO] 2021-11-29 11:31:35,911: signal_shutdown [signal-2]
[rospy.internal][INFO] 2021-11-29 11:31:35,913: topic[/joint_states] removing connection to /joint_state_desired_publisher
[rospy.internal][INFO] 2021-11-29 11:31:35,914: topic[/joint_states] removing connection to /robot_state_publisher
[rospy.internal][INFO] 2021-11-29 11:31:35,919: topic[/rosout] removing connection to /rosout
[rospy.internal][INFO] 2021-11-29 11:31:35,919: topic[/move_group/fake_controller_joint_states] removing connection to http://wng:33973/
[rospy.impl.masterslave][INFO] 2021-11-29 11:31:35,919: signal-2
[rospy.core][INFO] 2021-11-29 11:31:36,534: signal_shutdown [atexit]
