[rospy.client][INFO] 2021-12-10 16:35:43,501: init_node, name[/joint_state_publisher], pid[12204]
[xmlrpc][INFO] 2021-12-10 16:35:43,501: XML-RPC server binding to 0.0.0.0:0
[xmlrpc][INFO] 2021-12-10 16:35:43,502: Started XML-RPC server [http://wng:35833/]
[rospy.init][INFO] 2021-12-10 16:35:43,502: ROS Slave URI: [http://wng:35833/]
[rospy.impl.masterslave][INFO] 2021-12-10 16:35:43,502: _ready: http://wng:35833/
[rospy.registration][INFO] 2021-12-10 16:35:43,503: Registering with master node http://localhost:11311
[xmlrpc][INFO] 2021-12-10 16:35:43,503: xml rpc node: starting XML-RPC server
[rospy.init][INFO] 2021-12-10 16:35:43,602: registered with master
[rospy.rosout][INFO] 2021-12-10 16:35:43,602: initializing /rosout core topic
[rospy.rosout][INFO] 2021-12-10 16:35:43,604: connected to core topic /rosout
[rospy.simtime][INFO] 2021-12-10 16:35:43,605: /use_sim_time is not set, will not subscribe to simulated time [/clock] topic
[rospy.internal][INFO] 2021-12-10 16:35:43,674: topic[/move_group/fake_controller_joint_states] adding connection to [http://wng:39033/], count 0
[rospy.internal][INFO] 2021-12-10 16:35:43,774: topic[/rosout] adding connection to [/rosout], count 0
[rospy.internal][INFO] 2021-12-10 16:35:43,875: topic[/joint_states] adding connection to [/robot_state_publisher], count 0
[rospy.internal][INFO] 2021-12-10 16:35:43,875: topic[/joint_states] adding connection to [/joint_state_desired_publisher], count 1
[rospy.internal][INFO] 2021-12-10 16:36:18,252: topic[/joint_states] adding connection to [/move_group_commander_wrappers_1639121751210817611], count 2
[rospy.internal][INFO] 2021-12-10 16:51:49,628: topic[/joint_states] removing connection to /move_group_commander_wrappers_1639121751210817611
[rospy.core][INFO] 2021-12-10 16:54:59,785: signal_shutdown [signal-2]
[rospy.internal][INFO] 2021-12-10 16:54:59,790: topic[/joint_states] removing connection to /robot_state_publisher
[rospy.internal][INFO] 2021-12-10 16:54:59,790: topic[/joint_states] removing connection to /joint_state_desired_publisher
[rospy.internal][INFO] 2021-12-10 16:54:59,790: topic[/rosout] removing connection to /rosout
[rospy.internal][INFO] 2021-12-10 16:54:59,791: topic[/move_group/fake_controller_joint_states] removing connection to http://wng:39033/
[rospy.impl.masterslave][INFO] 2021-12-10 16:54:59,791: signal-2
[rospy.internal][WARNING] 2021-12-10 16:54:59,848: Unknown error initiating TCP/IP socket to wng:35127 (http://wng:39033/): Traceback (most recent call last):
  File "/opt/ros/melodic/lib/python2.7/dist-packages/rospy/impl/tcpros_base.py", line 562, in connect
    self.read_header()
  File "/opt/ros/melodic/lib/python2.7/dist-packages/rospy/impl/tcpros_base.py", line 657, in read_header
    self._validate_header(read_ros_handshake_header(sock, self.read_buff, self.protocol.buff_size))
  File "/opt/ros/melodic/lib/python2.7/dist-packages/rosgraph/network.py", line 357, in read_ros_handshake_header
    d = sock.recv(buff_size)
error: [Errno 104] Connection reset by peer

[rospy.core][INFO] 2021-12-10 16:54:59,907: signal_shutdown [atexit]
