[rospy.client][INFO] 2021-12-10 16:35:44,045: init_node, name[/server_endpoint], pid[12202]
[xmlrpc][INFO] 2021-12-10 16:35:44,045: XML-RPC server binding to 0.0.0.0:0
[xmlrpc][INFO] 2021-12-10 16:35:44,046: Started XML-RPC server [http://wng:43753/]
[rospy.init][INFO] 2021-12-10 16:35:44,046: ROS Slave URI: [http://wng:43753/]
[rospy.impl.masterslave][INFO] 2021-12-10 16:35:44,046: _ready: http://wng:43753/
[rospy.registration][INFO] 2021-12-10 16:35:44,046: Registering with master node http://localhost:11311
[xmlrpc][INFO] 2021-12-10 16:35:44,046: xml rpc node: starting XML-RPC server
[rospy.init][INFO] 2021-12-10 16:35:44,146: registered with master
[rospy.rosout][INFO] 2021-12-10 16:35:44,147: initializing /rosout core topic
[rospy.rosout][INFO] 2021-12-10 16:35:44,148: connected to core topic /rosout
[rospy.simtime][INFO] 2021-12-10 16:35:44,149: /use_sim_time is not set, will not subscribe to simulated time [/clock] topic
[rosout][INFO] 2021-12-10 16:35:44,155: Starting server on 192.168.0.8:10000
[rospy.internal][INFO] 2021-12-10 16:35:44,377: topic[/rosout] adding connection to [/rosout], count 0
[rosout][INFO] 2021-12-10 16:35:47,136: Connection from 192.168.0.8
[rosout][INFO] 2021-12-10 16:35:47,141: RegisterPublisher(execution_check, <class 'panda_move.msg._ExecutionCheck.ExecutionCheck'>) OK
[rospy.internal][INFO] 2021-12-10 16:35:47,194: topic[/execution_check] adding connection to [http://wng:43753/], count 0
[rospy.internal][INFO] 2021-12-10 16:35:47,196: topic[/execution_check] adding connection to [/server_endpoint], count 0
[rospy.core][INFO] 2021-12-10 16:54:59,786: signal_shutdown [signal-2]
[rospy.internal][INFO] 2021-12-10 16:54:59,791: topic[/execution_check] removing connection to /server_endpoint
[rospy.internal][INFO] 2021-12-10 16:54:59,792: topic[/rosout] removing connection to /rosout
[rospy.internal][INFO] 2021-12-10 16:54:59,792: topic[/execution_check] removing connection to http://wng:43753/
[rospy.impl.masterslave][INFO] 2021-12-10 16:54:59,792: signal-2
[rospy.internal][ERROR] 2021-12-10 16:54:59,793: Unable to initiate TCP/IP socket to wng:45755 (http://wng:43753/): Traceback (most recent call last):
  File "/opt/ros/melodic/lib/python2.7/dist-packages/rospy/impl/tcpros_base.py", line 562, in connect
    self.read_header()
  File "/opt/ros/melodic/lib/python2.7/dist-packages/rospy/impl/tcpros_base.py", line 657, in read_header
    self._validate_header(read_ros_handshake_header(sock, self.read_buff, self.protocol.buff_size))
  File "/opt/ros/melodic/lib/python2.7/dist-packages/rospy/impl/tcpros_base.py", line 600, in _validate_header
    raise TransportInitError("remote error reported: %s"%header['error'])
TransportInitError: remote error reported: node shutting down

[rospy.core][INFO] 2021-12-10 16:54:59,956: signal_shutdown [atexit]
