[rospy.client][INFO] 2021-12-02 10:29:24,579: init_node, name[/server_endpoint], pid[20589]
[xmlrpc][INFO] 2021-12-02 10:29:24,579: XML-RPC server binding to 0.0.0.0:0
[xmlrpc][INFO] 2021-12-02 10:29:24,580: Started XML-RPC server [http://wng:46683/]
[rospy.init][INFO] 2021-12-02 10:29:24,580: ROS Slave URI: [http://wng:46683/]
[rospy.impl.masterslave][INFO] 2021-12-02 10:29:24,580: _ready: http://wng:46683/
[rospy.registration][INFO] 2021-12-02 10:29:24,580: Registering with master node http://localhost:11311
[xmlrpc][INFO] 2021-12-02 10:29:24,581: xml rpc node: starting XML-RPC server
[rospy.init][INFO] 2021-12-02 10:29:24,680: registered with master
[rospy.rosout][INFO] 2021-12-02 10:29:24,680: initializing /rosout core topic
[rospy.rosout][INFO] 2021-12-02 10:29:24,682: connected to core topic /rosout
[rospy.simtime][INFO] 2021-12-02 10:29:24,682: /use_sim_time is not set, will not subscribe to simulated time [/clock] topic
[rosout][INFO] 2021-12-02 10:29:24,687: Starting server on 192.168.0.8:10000
[rospy.internal][INFO] 2021-12-02 10:29:24,906: topic[/rosout] adding connection to [/rosout], count 0
[rosout][INFO] 2021-12-02 10:29:32,207: Connection from 192.168.0.8
[rosout][INFO] 2021-12-02 10:29:32,212: RegisterPublisher(execution_check, <class 'panda_move.msg._ExecutionCheck.ExecutionCheck'>) OK
[rospy.internal][INFO] 2021-12-02 10:29:32,229: topic[/execution_check] adding connection to [http://wng:46683/], count 0
[rospy.internal][INFO] 2021-12-02 10:29:32,231: topic[/execution_check] adding connection to [/server_endpoint], count 0
[rospy.core][INFO] 2021-12-02 10:54:37,407: signal_shutdown [signal-2]
[rospy.internal][INFO] 2021-12-02 10:54:37,412: topic[/execution_check] removing connection to /server_endpoint
[rospy.internal][INFO] 2021-12-02 10:54:37,412: topic[/rosout] removing connection to /rosout
[rospy.internal][INFO] 2021-12-02 10:54:37,412: topic[/execution_check] removing connection to http://wng:46683/
[rospy.impl.masterslave][INFO] 2021-12-02 10:54:37,412: signal-2
[rospy.internal][ERROR] 2021-12-02 10:54:37,413: Unable to initiate TCP/IP socket to wng:35449 (http://wng:46683/): Traceback (most recent call last):
  File "/opt/ros/melodic/lib/python2.7/dist-packages/rospy/impl/tcpros_base.py", line 562, in connect
    self.read_header()
  File "/opt/ros/melodic/lib/python2.7/dist-packages/rospy/impl/tcpros_base.py", line 657, in read_header
    self._validate_header(read_ros_handshake_header(sock, self.read_buff, self.protocol.buff_size))
  File "/opt/ros/melodic/lib/python2.7/dist-packages/rospy/impl/tcpros_base.py", line 600, in _validate_header
    raise TransportInitError("remote error reported: %s"%header['error'])
TransportInitError: remote error reported: node shutting down

[rospy.core][INFO] 2021-12-02 10:54:37,544: signal_shutdown [atexit]
