[rospy.client][INFO] 2021-12-01 15:01:26,107: init_node, name[/joint_state_publisher], pid[16917]
[xmlrpc][INFO] 2021-12-01 15:01:26,107: XML-RPC server binding to 0.0.0.0:0
[xmlrpc][INFO] 2021-12-01 15:01:26,108: Started XML-RPC server [http://wng:42589/]
[rospy.init][INFO] 2021-12-01 15:01:26,108: ROS Slave URI: [http://wng:42589/]
[rospy.impl.masterslave][INFO] 2021-12-01 15:01:26,108: _ready: http://wng:42589/
[rospy.registration][INFO] 2021-12-01 15:01:26,108: Registering with master node http://localhost:11311
[xmlrpc][INFO] 2021-12-01 15:01:26,108: xml rpc node: starting XML-RPC server
[rospy.init][INFO] 2021-12-01 15:01:26,208: registered with master
[rospy.rosout][INFO] 2021-12-01 15:01:26,208: initializing /rosout core topic
[rospy.rosout][INFO] 2021-12-01 15:01:26,210: connected to core topic /rosout
[rospy.simtime][INFO] 2021-12-01 15:01:26,211: /use_sim_time is not set, will not subscribe to simulated time [/clock] topic
[rospy.internal][INFO] 2021-12-01 15:01:26,280: topic[/move_group/fake_controller_joint_states] adding connection to [http://wng:43041/], count 0
[rospy.internal][INFO] 2021-12-01 15:01:26,486: topic[/rosout] adding connection to [/rosout], count 0
[rospy.internal][INFO] 2021-12-01 15:01:26,487: topic[/joint_states] adding connection to [/joint_state_desired_publisher], count 0
[rospy.internal][INFO] 2021-12-01 15:01:26,487: topic[/joint_states] adding connection to [/robot_state_publisher], count 1
[rospy.core][INFO] 2021-12-01 15:02:01,859: signal_shutdown [signal-2]
[rospy.internal][INFO] 2021-12-01 15:02:01,864: topic[/joint_states] removing connection to /joint_state_desired_publisher
[rospy.internal][INFO] 2021-12-01 15:02:01,864: topic[/joint_states] removing connection to /robot_state_publisher
[rospy.internal][INFO] 2021-12-01 15:02:01,865: topic[/rosout] removing connection to /rosout
[rospy.internal][INFO] 2021-12-01 15:02:01,865: topic[/move_group/fake_controller_joint_states] removing connection to http://wng:43041/
[rospy.internal][WARNING] 2021-12-01 15:02:01,865: Unknown error initiating TCP/IP socket to wng:60915 (http://wng:43041/): Traceback (most recent call last):
  File "/opt/ros/melodic/lib/python2.7/dist-packages/rospy/impl/tcpros_base.py", line 562, in connect
    self.read_header()
  File "/opt/ros/melodic/lib/python2.7/dist-packages/rospy/impl/tcpros_base.py", line 657, in read_header
    self._validate_header(read_ros_handshake_header(sock, self.read_buff, self.protocol.buff_size))
AttributeError: 'NoneType' object has no attribute 'buff_size'

[rospy.topics][ERROR] 2021-12-01 15:02:01,866: Traceback (most recent call last):
  File "/opt/ros/melodic/lib/python2.7/dist-packages/rospy/topics.py", line 326, in close
    c.close()
  File "/opt/ros/melodic/lib/python2.7/dist-packages/rospy/impl/tcpros_base.py", line 846, in close
    self.socket.close()
AttributeError: 'NoneType' object has no attribute 'close'

[rospy.impl.masterslave][INFO] 2021-12-01 15:02:01,866: signal-2
[rospy.core][INFO] 2021-12-01 15:02:02,030: signal_shutdown [atexit]
