[rosmaster.main][INFO] 2021-12-01 15:01:25,682: initialization complete, waiting for shutdown
[rosmaster.main][INFO] 2021-12-01 15:01:25,682: Starting ROS Master Node
[xmlrpc][INFO] 2021-12-01 15:01:25,682: XML-RPC server binding to 0.0.0.0:11311
[xmlrpc][INFO] 2021-12-01 15:01:25,682: Started XML-RPC server [http://wng:11311/]
[rosmaster.master][INFO] 2021-12-01 15:01:25,683: Master initialized: port[11311], uri[http://wng:11311/]
[xmlrpc][INFO] 2021-12-01 15:01:25,683: xml rpc node: starting XML-RPC server
[rosmaster.master][INFO] 2021-12-01 15:01:25,716: +PARAM [/run_id] by /roslaunch
[rosmaster.master][INFO] 2021-12-01 15:01:25,716: +PARAM [/roslaunch/uris/host_wng__44493] by /roslaunch
[rosmaster.master][INFO] 2021-12-01 15:01:25,754: +SERVICE [/rosout/get_loggers] /rosout http://wng:33473/
[rosmaster.master][INFO] 2021-12-01 15:01:25,754: +SERVICE [/rosout/set_logger_level] /rosout http://wng:33473/
[rosmaster.master][INFO] 2021-12-01 15:01:25,755: +PUB [/rosout_agg] /rosout http://wng:33473/
[rosmaster.master][INFO] 2021-12-01 15:01:25,756: +SUB [/rosout] /rosout http://wng:33473/
[rosmaster.master][INFO] 2021-12-01 15:01:25,806: +PARAM [/move_group/planner_configs/RRTkConfigDefault/goal_bias] by /roslaunch
[rosmaster.master][INFO] 2021-12-01 15:01:25,806: +PARAM [/move_group/panda_arm/planner_configs] by /roslaunch
[rosmaster.master][INFO] 2021-12-01 15:01:25,806: +PARAM [/robot_description_semantic] by /roslaunch
[rosmaster.master][INFO] 2021-12-01 15:01:25,806: +PARAM [/move_group/planner_configs/SPARStwokConfigDefault/stretch_factor] by /roslaunch
[rosmaster.master][INFO] 2021-12-01 15:01:25,807: +PARAM [/robot_description_planning/joint_limits/panda_joint3/has_acceleration_limits] by /roslaunch
[rosmaster.master][INFO] 2021-12-01 15:01:25,807: +PARAM [/move_group/planner_configs/STRIDEkConfigDefault/max_degree] by /roslaunch
[rosmaster.master][INFO] 2021-12-01 15:01:25,807: +PARAM [/move_group/planner_configs/RRTstarkConfigDefault/range] by /roslaunch
[rosmaster.master][INFO] 2021-12-01 15:01:25,807: +PARAM [/move_group/planner_configs/SPARSkConfigDefault/sparse_delta_fraction] by /roslaunch
[rosmaster.master][INFO] 2021-12-01 15:01:25,807: +PARAM [/move_group/planner_configs/FMTkConfigDefault/radius_multiplier] by /roslaunch
[rosmaster.master][INFO] 2021-12-01 15:01:25,807: +PARAM [/move_group/controller_list] by /roslaunch
[rosmaster.master][INFO] 2021-12-01 15:01:25,807: +PARAM [/move_group/planner_configs/BFMTkConfigDefault/cache_cc] by /roslaunch
[rosmaster.master][INFO] 2021-12-01 15:01:25,807: +PARAM [/move_group/planner_configs/STRIDEkConfigDefault/goal_bias] by /roslaunch
[rosmaster.master][INFO] 2021-12-01 15:01:25,807: +PARAM [/move_group/max_safe_path_cost] by /roslaunch
[rosmaster.master][INFO] 2021-12-01 15:01:25,807: +PARAM [/move_group/planner_configs/BiTRRTkConfigDefault/temp_change_factor] by /roslaunch
[rosmaster.master][INFO] 2021-12-01 15:01:25,807: +PARAM [/move_group/planner_configs/SPARStwokConfigDefault/sparse_delta_fraction] by /roslaunch
[rosmaster.master][INFO] 2021-12-01 15:01:25,807: +PARAM [/move_group/hand/planner_configs] by /roslaunch
[rosmaster.master][INFO] 2021-12-01 15:01:25,807: +PARAM [/move_group/planner_configs/RRTstarkConfigDefault/goal_bias] by /roslaunch
[rosmaster.master][INFO] 2021-12-01 15:01:25,807: +PARAM [/move_group/planner_configs/STRIDEkConfigDefault/range] by /roslaunch
[rosmaster.master][INFO] 2021-12-01 15:01:25,807: +PARAM [/move_group/planning_scene_monitor/publish_planning_scene] by /roslaunch
[rosmaster.master][INFO] 2021-12-01 15:01:25,807: +PARAM [/move_group/octomap_frame] by /roslaunch
[rosmaster.master][INFO] 2021-12-01 15:01:25,807: +PARAM [/move_group/planner_configs/PRMkConfigDefault/type] by /roslaunch
[rosmaster.master][INFO] 2021-12-01 15:01:25,807: +PARAM [/move_group/planner_configs/BiESTkConfigDefault/range] by /roslaunch
[rosmaster.master][INFO] 2021-12-01 15:01:25,807: +PARAM [/move_group/planner_configs/ESTkConfigDefault/range] by /roslaunch
[rosmaster.master][INFO] 2021-12-01 15:01:25,807: +PARAM [/move_group/planner_configs/KPIECEkConfigDefault/min_valid_path_fraction] by /roslaunch
[rosmaster.master][INFO] 2021-12-01 15:01:25,807: +PARAM [/robot_description_planning/joint_limits/panda_finger_joint2/max_acceleration] by /roslaunch
[rosmaster.master][INFO] 2021-12-01 15:01:25,807: +PARAM [/move_group/planner_configs/BKPIECEkConfigDefault/border_fraction] by /roslaunch
[rosmaster.master][INFO] 2021-12-01 15:01:25,807: +PARAM [/rviz_wng_16835_701434117519552694/panda_arm/kinematics_solver] by /roslaunch
[rosmaster.master][INFO] 2021-12-01 15:01:25,807: +PARAM [/move_group/planner_configs/SPARStwokConfigDefault/max_failures] by /roslaunch
[rosmaster.master][INFO] 2021-12-01 15:01:25,808: +PARAM [/move_group/planner_configs/BiTRRTkConfigDefault/frountier_node_ratio] by /roslaunch
[rosmaster.master][INFO] 2021-12-01 15:01:25,808: +PARAM [/move_group/planner_configs/PRMkConfigDefault/max_nearest_neighbors] by /roslaunch
[rosmaster.master][INFO] 2021-12-01 15:01:25,808: +PARAM [/move_group/planner_configs/BiTRRTkConfigDefault/cost_threshold] by /roslaunch
[rosmaster.master][INFO] 2021-12-01 15:01:25,808: +PARAM [/robot_description_kinematics/panda_arm/kinematics_solver] by /roslaunch
[rosmaster.master][INFO] 2021-12-01 15:01:25,808: +PARAM [/move_group/planner_configs/TRRTkConfigDefault/goal_bias] by /roslaunch
[rosmaster.master][INFO] 2021-12-01 15:01:25,808: +PARAM [/move_group/planner_configs/LBTRRTkConfigDefault/type] by /roslaunch
[rosmaster.master][INFO] 2021-12-01 15:01:25,808: +PARAM [/move_group/planner_configs/FMTkConfigDefault/cache_cc] by /roslaunch
[rosmaster.master][INFO] 2021-12-01 15:01:25,808: +PARAM [/robot_description_planning/joint_limits/panda_joint2/max_velocity] by /roslaunch
[rosmaster.master][INFO] 2021-12-01 15:01:25,808: +PARAM [/robot_description_planning/joint_limits/panda_joint5/max_acceleration] by /roslaunch
[rosmaster.master][INFO] 2021-12-01 15:01:25,808: +PARAM [/move_group/planner_configs/FMTkConfigDefault/type] by /roslaunch
[rosmaster.master][INFO] 2021-12-01 15:01:25,808: +PARAM [/move_group/planner_configs/ProjESTkConfigDefault/type] by /roslaunch
[rosmaster.master][INFO] 2021-12-01 15:01:25,808: +PARAM [/move_group/planner_configs/LBTRRTkConfigDefault/epsilon] by /roslaunch
[rosmaster.master][INFO] 2021-12-01 15:01:25,808: +PARAM [/move_group/planner_configs/LazyPRMkConfigDefault/type] by /roslaunch
[rosmaster.master][INFO] 2021-12-01 15:01:25,808: +PARAM [/move_group/planner_configs/STRIDEkConfigDefault/min_degree] by /roslaunch
[rosmaster.master][INFO] 2021-12-01 15:01:25,808: +PARAM [/move_group/planner_configs/TRRTkConfigDefault/max_states_failed] by /roslaunch
[rosmaster.master][INFO] 2021-12-01 15:01:25,808: +PARAM [/move_group/planner_configs/BKPIECEkConfigDefault/min_valid_path_fraction] by /roslaunch
[rosmaster.master][INFO] 2021-12-01 15:01:25,808: +PARAM [/move_group/planner_configs/SBLkConfigDefault/range] by /roslaunch
[rosmaster.master][INFO] 2021-12-01 15:01:25,808: +PARAM [/robot_description_planning/joint_limits/panda_finger_joint2/has_acceleration_limits] by /roslaunch
[rosmaster.master][INFO] 2021-12-01 15:01:25,808: +PARAM [/robot_description_planning/joint_limits/panda_joint6/max_velocity] by /roslaunch
[rosmaster.master][INFO] 2021-12-01 15:01:25,808: +PARAM [/move_group/planner_configs/TRRTkConfigDefault/frountierNodeRatio] by /roslaunch
[rosmaster.master][INFO] 2021-12-01 15:01:25,808: +PARAM [/move_group/planner_configs/BFMTkConfigDefault/type] by /roslaunch
[rosmaster.master][INFO] 2021-12-01 15:01:25,808: +PARAM [/robot_description_planning/joint_limits/panda_joint3/max_acceleration] by /roslaunch
[rosmaster.master][INFO] 2021-12-01 15:01:25,808: +PARAM [/move_group/planning_plugin] by /roslaunch
[rosmaster.master][INFO] 2021-12-01 15:01:25,808: +PARAM [/robot_description_planning/joint_limits/panda_joint7/max_velocity] by /roslaunch
[rosmaster.master][INFO] 2021-12-01 15:01:25,809: +PARAM [/move_group/planning_scene_monitor/publish_geometry_updates] by /roslaunch
[rosmaster.master][INFO] 2021-12-01 15:01:25,809: +PARAM [/move_group/planner_configs/LazyPRMkConfigDefault/range] by /roslaunch
[rosmaster.master][INFO] 2021-12-01 15:01:25,809: +PARAM [/move_group/planner_configs/TRRTkConfigDefault/type] by /roslaunch
[rosmaster.master][INFO] 2021-12-01 15:01:25,809: +PARAM [/robot_description_planning/joint_limits/panda_joint5/max_velocity] by /roslaunch
[rosmaster.master][INFO] 2021-12-01 15:01:25,809: +PARAM [/move_group/planner_configs/BiTRRTkConfigDefault/init_temperature] by /roslaunch
[rosmaster.master][INFO] 2021-12-01 15:01:25,809: +PARAM [/rviz_wng_16835_701434117519552694/panda_arm/kinematics_solver_search_resolution] by /roslaunch
[rosmaster.master][INFO] 2021-12-01 15:01:25,809: +PARAM [/move_group/planner_configs/SPARSkConfigDefault/max_failures] by /roslaunch
[rosmaster.master][INFO] 2021-12-01 15:01:25,809: +PARAM [/move_group/planner_configs/BiTRRTkConfigDefault/range] by /roslaunch
[rosmaster.master][INFO] 2021-12-01 15:01:25,809: +PARAM [/move_group/planner_configs/PDSTkConfigDefault/type] by /roslaunch
[rosmaster.master][INFO] 2021-12-01 15:01:25,809: +PARAM [/move_group/trajectory_execution/allowed_goal_duration_margin] by /roslaunch
[rosmaster.master][INFO] 2021-12-01 15:01:25,809: +PARAM [/rosdistro] by /roslaunch
[rosmaster.master][INFO] 2021-12-01 15:01:25,809: +PARAM [/robot_description_planning/joint_limits/panda_joint1/has_velocity_limits] by /roslaunch
[rosmaster.master][INFO] 2021-12-01 15:01:25,809: +PARAM [/move_group/planner_configs/STRIDEkConfigDefault/max_pts_per_leaf] by /roslaunch
[rosmaster.master][INFO] 2021-12-01 15:01:25,809: +PARAM [/move_group/planner_configs/BFMTkConfigDefault/nearest_k] by /roslaunch
[rosmaster.master][INFO] 2021-12-01 15:01:25,809: +PARAM [/move_group/planner_configs/LazyPRMstarkConfigDefault/type] by /roslaunch
[rosmaster.master][INFO] 2021-12-01 15:01:25,809: +PARAM [/robot_description_kinematics/panda_arm/kinematics_solver_timeout] by /roslaunch
[rosmaster.master][INFO] 2021-12-01 15:01:25,809: +PARAM [/move_group/planner_configs/PRMstarkConfigDefault/type] by /roslaunch
[rosmaster.master][INFO] 2021-12-01 15:01:25,809: +PARAM [/move_group/planner_configs/RRTkConfigDefault/range] by /roslaunch
[rosmaster.master][INFO] 2021-12-01 15:01:25,809: +PARAM [/move_group/allow_trajectory_execution] by /roslaunch
[rosmaster.master][INFO] 2021-12-01 15:01:25,809: +PARAM [/move_group/planner_configs/SPARSkConfigDefault/stretch_factor] by /roslaunch
[rosmaster.master][INFO] 2021-12-01 15:01:25,809: +PARAM [/ROS_IP] by /roslaunch
[rosmaster.master][INFO] 2021-12-01 15:01:25,809: +PARAM [/move_group/planner_configs/ESTkConfigDefault/type] by /roslaunch
[rosmaster.master][INFO] 2021-12-01 15:01:25,809: +PARAM [/robot_description_planning/joint_limits/panda_joint4/max_acceleration] by /roslaunch
[rosmaster.master][INFO] 2021-12-01 15:01:25,809: +PARAM [/move_group/start_state_max_bounds_error] by /roslaunch
[rosmaster.master][INFO] 2021-12-01 15:01:25,809: +PARAM [/robot_description_planning/joint_limits/panda_finger_joint2/has_velocity_limits] by /roslaunch
[rosmaster.master][INFO] 2021-12-01 15:01:25,810: +PARAM [/move_group/max_range] by /roslaunch
[rosmaster.master][INFO] 2021-12-01 15:01:25,810: +PARAM [/robot_description_kinematics/panda_arm/kinematics_solver_search_resolution] by /roslaunch
[rosmaster.master][INFO] 2021-12-01 15:01:25,810: +PARAM [/robot_description_planning/joint_limits/panda_joint2/max_acceleration] by /roslaunch
[rosmaster.master][INFO] 2021-12-01 15:01:25,810: +PARAM [/move_group/planner_configs/RRTstarkConfigDefault/type] by /roslaunch
[rosmaster.master][INFO] 2021-12-01 15:01:25,810: +PARAM [/move_group/planner_configs/STRIDEkConfigDefault/min_valid_path_fraction] by /roslaunch
[rosmaster.master][INFO] 2021-12-01 15:01:25,810: +PARAM [/robot_description_planning/joint_limits/panda_joint7/has_acceleration_limits] by /roslaunch
[rosmaster.master][INFO] 2021-12-01 15:01:25,810: +PARAM [/move_group/planner_configs/BiTRRTkConfigDefault/frountier_threshold] by /roslaunch
[rosmaster.master][INFO] 2021-12-01 15:01:25,810: +PARAM [/robot_description_planning/joint_limits/panda_joint5/has_acceleration_limits] by /roslaunch
[rosmaster.master][INFO] 2021-12-01 15:01:25,810: +PARAM [/joint_state_publisher/use_gui] by /roslaunch
[rosmaster.master][INFO] 2021-12-01 15:01:25,810: +PARAM [/move_group/planner_configs/BKPIECEkConfigDefault/type] by /roslaunch
[rosmaster.master][INFO] 2021-12-01 15:01:25,810: +PARAM [/robot_description_planning/joint_limits/panda_joint7/max_acceleration] by /roslaunch
[rosmaster.master][INFO] 2021-12-01 15:01:25,810: +PARAM [/robot_description_planning/joint_limits/panda_joint6/max_acceleration] by /roslaunch
[rosmaster.master][INFO] 2021-12-01 15:01:25,810: +PARAM [/move_group/trajectory_execution/allowed_execution_duration_scaling] by /roslaunch
[rosmaster.master][INFO] 2021-12-01 15:01:25,810: +PARAM [/move_group/planner_configs/KPIECEkConfigDefault/border_fraction] by /roslaunch
[rosmaster.master][INFO] 2021-12-01 15:01:25,810: +PARAM [/move_group/trajectory_execution/allowed_start_tolerance] by /roslaunch
[rosmaster.master][INFO] 2021-12-01 15:01:25,810: +PARAM [/robot_description_planning/joint_limits/panda_joint3/max_velocity] by /roslaunch
[rosmaster.master][INFO] 2021-12-01 15:01:25,810: +PARAM [/move_group/moveit_manage_controllers] by /roslaunch
[rosmaster.master][INFO] 2021-12-01 15:01:25,810: +PARAM [/move_group/panda_arm_hand/planner_configs] by /roslaunch
[rosmaster.master][INFO] 2021-12-01 15:01:25,810: +PARAM [/move_group/planner_configs/FMTkConfigDefault/heuristics] by /roslaunch
[rosmaster.master][INFO] 2021-12-01 15:01:25,810: +PARAM [/move_group/planner_configs/BFMTkConfigDefault/optimality] by /roslaunch
[rosmaster.master][INFO] 2021-12-01 15:01:25,810: +PARAM [/robot_description_planning/joint_limits/panda_joint2/has_acceleration_limits] by /roslaunch
[rosmaster.master][INFO] 2021-12-01 15:01:25,810: +PARAM [/move_group/planner_configs/FMTkConfigDefault/nearest_k] by /roslaunch
[rosmaster.master][INFO] 2021-12-01 15:01:25,810: +PARAM [/move_group/planner_configs/ProjESTkConfigDefault/goal_bias] by /roslaunch
[rosmaster.master][INFO] 2021-12-01 15:01:25,810: +PARAM [/move_group/planner_configs/ESTkConfigDefault/goal_bias] by /roslaunch
[rosmaster.master][INFO] 2021-12-01 15:01:25,810: +PARAM [/move_group/planner_configs/BFMTkConfigDefault/radius_multiplier] by /roslaunch
[rosmaster.master][INFO] 2021-12-01 15:01:25,811: +PARAM [/move_group/planner_configs/LBKPIECEkConfigDefault/border_fraction] by /roslaunch
[rosmaster.master][INFO] 2021-12-01 15:01:25,811: +PARAM [/move_group/jiggle_fraction] by /roslaunch
[rosmaster.master][INFO] 2021-12-01 15:01:25,811: +PARAM [/move_group/planner_configs/SPARStwokConfigDefault/dense_delta_fraction] by /roslaunch
[rosmaster.master][INFO] 2021-12-01 15:01:25,811: +PARAM [/move_group/planner_configs/BFMTkConfigDefault/num_samples] by /roslaunch
[rosmaster.master][INFO] 2021-12-01 15:01:25,811: +PARAM [/move_group/planner_configs/TRRTkConfigDefault/range] by /roslaunch
[rosmaster.master][INFO] 2021-12-01 15:01:25,811: +PARAM [/move_group/planning_scene_monitor/publish_state_updates] by /roslaunch
[rosmaster.master][INFO] 2021-12-01 15:01:25,811: +PARAM [/rviz_wng_16835_701434117519552694/panda_arm/kinematics_solver_timeout] by /roslaunch
[rosmaster.master][INFO] 2021-12-01 15:01:25,811: +PARAM [/move_group/planner_configs/TRRTkConfigDefault/temp_change_factor] by /roslaunch
[rosmaster.master][INFO] 2021-12-01 15:01:25,811: +PARAM [/robot_description_planning/joint_limits/panda_joint1/max_velocity] by /roslaunch
[rosmaster.master][INFO] 2021-12-01 15:01:25,811: +PARAM [/move_group/planner_configs/BKPIECEkConfigDefault/range] by /roslaunch
[rosmaster.master][INFO] 2021-12-01 15:01:25,811: +PARAM [/move_group/planner_configs/SBLkConfigDefault/type] by /roslaunch
[rosmaster.master][INFO] 2021-12-01 15:01:25,811: +PARAM [/robot_description_planning/joint_limits/panda_finger_joint1/has_velocity_limits] by /roslaunch
[rosmaster.master][INFO] 2021-12-01 15:01:25,811: +PARAM [/move_group/planner_configs/LBTRRTkConfigDefault/range] by /roslaunch
[rosmaster.master][INFO] 2021-12-01 15:01:25,811: +PARAM [/robot_description] by /roslaunch
[rosmaster.master][INFO] 2021-12-01 15:01:25,811: +PARAM [/move_group/planner_configs/FMTkConfigDefault/extended_fmt] by /roslaunch
[rosmaster.master][INFO] 2021-12-01 15:01:25,811: +PARAM [/move_group/planner_configs/LBKPIECEkConfigDefault/range] by /roslaunch
[rosmaster.master][INFO] 2021-12-01 15:01:25,811: +PARAM [/robot_description_planning/joint_limits/panda_joint5/has_velocity_limits] by /roslaunch
[rosmaster.master][INFO] 2021-12-01 15:01:25,811: +PARAM [/robot_description_planning/joint_limits/panda_finger_joint1/max_velocity] by /roslaunch
[rosmaster.master][INFO] 2021-12-01 15:01:25,811: +PARAM [/move_group/moveit_controller_manager] by /roslaunch
[rosmaster.master][INFO] 2021-12-01 15:01:25,811: +PARAM [/robot_description_planning/joint_limits/panda_joint1/max_acceleration] by /roslaunch
[rosmaster.master][INFO] 2021-12-01 15:01:25,811: +PARAM [/move_group/planner_configs/TRRTkConfigDefault/frountier_threshold] by /roslaunch
[rosmaster.master][INFO] 2021-12-01 15:01:25,811: +PARAM [/move_group/planner_configs/BFMTkConfigDefault/heuristics] by /roslaunch
[rosmaster.master][INFO] 2021-12-01 15:01:25,811: +PARAM [/robot_description_planning/joint_limits/panda_finger_joint1/has_acceleration_limits] by /roslaunch
[rosmaster.master][INFO] 2021-12-01 15:01:25,811: +PARAM [/move_group/planner_configs/KPIECEkConfigDefault/range] by /roslaunch
[rosmaster.master][INFO] 2021-12-01 15:01:25,811: +PARAM [/robot_description_planning/joint_limits/panda_joint7/has_velocity_limits] by /roslaunch
[rosmaster.master][INFO] 2021-12-01 15:01:25,812: +PARAM [/move_group/planner_configs/KPIECEkConfigDefault/goal_bias] by /roslaunch
[rosmaster.master][INFO] 2021-12-01 15:01:25,812: +PARAM [/move_group/planner_configs/RRTConnectkConfigDefault/range] by /roslaunch
[rosmaster.master][INFO] 2021-12-01 15:01:25,812: +PARAM [/robot_description_planning/joint_limits/panda_joint4/has_velocity_limits] by /roslaunch
[rosmaster.master][INFO] 2021-12-01 15:01:25,812: +PARAM [/move_group/request_adapters] by /roslaunch
[rosmaster.master][INFO] 2021-12-01 15:01:25,812: +PARAM [/move_group/planner_configs/TRRTkConfigDefault/min_temperature] by /roslaunch
[rosmaster.master][INFO] 2021-12-01 15:01:25,812: +PARAM [/robot_description_planning/joint_limits/panda_joint6/has_acceleration_limits] by /roslaunch
[rosmaster.master][INFO] 2021-12-01 15:01:25,812: +PARAM [/move_group/planner_configs/BFMTkConfigDefault/balanced] by /roslaunch
[rosmaster.master][INFO] 2021-12-01 15:01:25,812: +PARAM [/move_group/planner_configs/ProjESTkConfigDefault/range] by /roslaunch
[rosmaster.master][INFO] 2021-12-01 15:01:25,812: +PARAM [/move_group/octomap_resolution] by /roslaunch
[rosmaster.master][INFO] 2021-12-01 15:01:25,812: +PARAM [/move_group/planner_configs/STRIDEkConfigDefault/degree] by /roslaunch
[rosmaster.master][INFO] 2021-12-01 15:01:25,812: +PARAM [/move_group/planner_configs/KPIECEkConfigDefault/failed_expansion_score_factor] by /roslaunch
[rosmaster.master][INFO] 2021-12-01 15:01:25,812: +PARAM [/move_group/initial] by /roslaunch
[rosmaster.master][INFO] 2021-12-01 15:01:25,812: +PARAM [/move_group/planning_scene_monitor/publish_transforms_updates] by /roslaunch
[rosmaster.master][INFO] 2021-12-01 15:01:25,812: +PARAM [/move_group/planner_configs/SPARSkConfigDefault/type] by /roslaunch
[rosmaster.master][INFO] 2021-12-01 15:01:25,812: +PARAM [/move_group/planner_configs/TRRTkConfigDefault/init_temperature] by /roslaunch
[rosmaster.master][INFO] 2021-12-01 15:01:25,812: +PARAM [/move_group/sensors] by /roslaunch
[rosmaster.master][INFO] 2021-12-01 15:01:25,812: +PARAM [/robot_description_planning/joint_limits/panda_joint1/has_acceleration_limits] by /roslaunch
[rosmaster.master][INFO] 2021-12-01 15:01:25,812: +PARAM [/move_group/planner_configs/STRIDEkConfigDefault/type] by /roslaunch
[rosmaster.master][INFO] 2021-12-01 15:01:25,812: +PARAM [/move_group/planner_configs/TrajOptDefault/type] by /roslaunch
[rosmaster.master][INFO] 2021-12-01 15:01:25,812: +PARAM [/move_group/planner_configs/RRTstarkConfigDefault/delay_collision_checking] by /roslaunch
[rosmaster.master][INFO] 2021-12-01 15:01:25,812: +PARAM [/move_group/planner_configs/KPIECEkConfigDefault/type] by /roslaunch
[rosmaster.master][INFO] 2021-12-01 15:01:25,812: +PARAM [/robot_description_planning/joint_limits/panda_joint3/has_velocity_limits] by /roslaunch
[rosmaster.master][INFO] 2021-12-01 15:01:25,812: +PARAM [/robot_description_planning/joint_limits/panda_joint6/has_velocity_limits] by /roslaunch
[rosmaster.master][INFO] 2021-12-01 15:01:25,812: +PARAM [/move_group/planner_configs/BiTRRTkConfigDefault/type] by /roslaunch
[rosmaster.master][INFO] 2021-12-01 15:01:25,812: +PARAM [/robot_description_planning/joint_limits/panda_finger_joint2/max_velocity] by /roslaunch
[rosmaster.master][INFO] 2021-12-01 15:01:25,813: +PARAM [/move_group/planner_configs/RRTConnectkConfigDefault/type] by /roslaunch
[rosmaster.master][INFO] 2021-12-01 15:01:25,813: +PARAM [/move_group/planner_configs/SPARSkConfigDefault/dense_delta_fraction] by /roslaunch
[rosmaster.master][INFO] 2021-12-01 15:01:25,813: +PARAM [/move_group/planner_configs/LBTRRTkConfigDefault/goal_bias] by /roslaunch
[rosmaster.master][INFO] 2021-12-01 15:01:25,813: +PARAM [/robot_description_planning/joint_limits/panda_finger_joint1/max_acceleration] by /roslaunch
[rosmaster.master][INFO] 2021-12-01 15:01:25,813: +PARAM [/move_group/planner_configs/BKPIECEkConfigDefault/failed_expansion_score_factor] by /roslaunch
[rosmaster.master][INFO] 2021-12-01 15:01:25,813: +PARAM [/move_group/planner_configs/LBKPIECEkConfigDefault/min_valid_path_fraction] by /roslaunch
[rosmaster.master][INFO] 2021-12-01 15:01:25,813: +PARAM [/rosversion] by /roslaunch
[rosmaster.master][INFO] 2021-12-01 15:01:25,813: +PARAM [/move_group/planner_configs/BiESTkConfigDefault/type] by /roslaunch
[rosmaster.master][INFO] 2021-12-01 15:01:25,813: +PARAM [/robot_description_planning/joint_limits/panda_joint2/has_velocity_limits] by /roslaunch
[rosmaster.master][INFO] 2021-12-01 15:01:25,813: +PARAM [/move_group/planner_configs/STRIDEkConfigDefault/estimated_dimension] by /roslaunch
[rosmaster.master][INFO] 2021-12-01 15:01:25,813: +PARAM [/move_group/planner_configs/STRIDEkConfigDefault/use_projected_distance] by /roslaunch
[rosmaster.master][INFO] 2021-12-01 15:01:25,813: +PARAM [/move_group/planner_configs/TRRTkConfigDefault/k_constant] by /roslaunch
[rosmaster.master][INFO] 2021-12-01 15:01:25,813: +PARAM [/move_group/planner_configs/FMTkConfigDefault/num_samples] by /roslaunch
[rosmaster.master][INFO] 2021-12-01 15:01:25,813: +PARAM [/move_group/planner_configs/LBKPIECEkConfigDefault/type] by /roslaunch
[rosmaster.master][INFO] 2021-12-01 15:01:25,813: +PARAM [/move_group/planner_configs/BFMTkConfigDefault/extended_fmt] by /roslaunch
[rosmaster.master][INFO] 2021-12-01 15:01:25,813: +PARAM [/robot_description_planning/joint_limits/panda_joint4/max_velocity] by /roslaunch
[rosmaster.master][INFO] 2021-12-01 15:01:25,813: +PARAM [/robot_description_planning/joint_limits/panda_joint4/has_acceleration_limits] by /roslaunch
[rosmaster.master][INFO] 2021-12-01 15:01:25,813: +PARAM [/move_group/planner_configs/SPARStwokConfigDefault/type] by /roslaunch
[rosmaster.master][INFO] 2021-12-01 15:01:25,813: +PARAM [/move_group/planner_configs/RRTkConfigDefault/type] by /roslaunch
[rosmaster.master][INFO] 2021-12-01 15:01:25,813: +PARAM [/source_list] by /roslaunch
[rosmaster.master][INFO] 2021-12-01 15:01:25,864: +PUB [/rosout] /joint_state_desired_publisher http://wng:42633/
[rosmaster.master][INFO] 2021-12-01 15:01:25,864: +SERVICE [/joint_state_desired_publisher/get_loggers] /joint_state_desired_publisher http://wng:42633/
[rosmaster.master][INFO] 2021-12-01 15:01:25,865: +SERVICE [/joint_state_desired_publisher/set_logger_level] /joint_state_desired_publisher http://wng:42633/
[rosmaster.master][INFO] 2021-12-01 15:01:25,867: +SUB [/joint_states] /joint_state_desired_publisher http://wng:42633/
[rosmaster.master][INFO] 2021-12-01 15:01:25,874: +PUB [/rosout] /robot_state_publisher http://wng:37565/
[rosmaster.master][INFO] 2021-12-01 15:01:25,875: +SERVICE [/robot_state_publisher/get_loggers] /robot_state_publisher http://wng:37565/
[rosmaster.master][INFO] 2021-12-01 15:01:25,875: +SERVICE [/robot_state_publisher/set_logger_level] /robot_state_publisher http://wng:37565/
[rosmaster.master][INFO] 2021-12-01 15:01:25,879: +PUB [/tf] /robot_state_publisher http://wng:37565/
[rosmaster.master][INFO] 2021-12-01 15:01:25,879: +PUB [/tf_static] /robot_state_publisher http://wng:37565/
[rosmaster.master][INFO] 2021-12-01 15:01:25,881: +SUB [/joint_states] /robot_state_publisher http://wng:37565/
[rosmaster.master][INFO] 2021-12-01 15:01:25,882: publisherUpdate[/rosout] -> http://wng:33473/ ['http://wng:42633/']
[rosmaster.master][INFO] 2021-12-01 15:01:25,884: publisherUpdate[/rosout] -> http://wng:33473/ ['http://wng:42633/']: sec=0.00, result=[1, '', 0]
[rosmaster.master][INFO] 2021-12-01 15:01:25,884: publisherUpdate[/rosout] -> http://wng:33473/ ['http://wng:42633/', 'http://wng:37565/']
[rosmaster.master][INFO] 2021-12-01 15:01:25,884: publisherUpdate[/rosout] -> http://wng:33473/ ['http://wng:42633/', 'http://wng:37565/']: sec=0.00, result=[1, '', 0]
[rosmaster.master][INFO] 2021-12-01 15:01:25,906: +PUB [/rosout] /move_group http://wng:43041/
[rosmaster.master][INFO] 2021-12-01 15:01:25,907: +SERVICE [/move_group/get_loggers] /move_group http://wng:43041/
[rosmaster.master][INFO] 2021-12-01 15:01:25,907: +SERVICE [/move_group/set_logger_level] /move_group http://wng:43041/
[rosmaster.master][INFO] 2021-12-01 15:01:25,908: +SUB [/tf] /move_group http://wng:43041/
[rosmaster.master][INFO] 2021-12-01 15:01:25,909: +SUB [/tf_static] /move_group http://wng:43041/
[rosmaster.master][INFO] 2021-12-01 15:01:25,912: +CACHEDPARAM [/rosout_disable_topics_generation] by /move_group
[rosmaster.master][INFO] 2021-12-01 15:01:25,979: +SERVICE [/move_group/planning_scene_monitor/set_parameters] /move_group http://wng:43041/
[rosmaster.master][INFO] 2021-12-01 15:01:25,979: +PUB [/move_group/planning_scene_monitor/parameter_descriptions] /move_group http://wng:43041/
[rosmaster.master][INFO] 2021-12-01 15:01:25,980: +PUB [/move_group/planning_scene_monitor/parameter_updates] /move_group http://wng:43041/
[rosmaster.master][INFO] 2021-12-01 15:01:25,981: +PARAM [/move_group/planning_scene_monitor/publish_planning_scene] by /move_group
[rosmaster.master][INFO] 2021-12-01 15:01:25,981: +PARAM [/move_group/planning_scene_monitor/publish_planning_scene_hz] by /move_group
[rosmaster.master][INFO] 2021-12-01 15:01:25,981: +PARAM [/move_group/planning_scene_monitor/publish_geometry_updates] by /move_group
[rosmaster.master][INFO] 2021-12-01 15:01:25,982: +PARAM [/move_group/planning_scene_monitor/publish_state_updates] by /move_group
[rosmaster.master][INFO] 2021-12-01 15:01:25,982: +PARAM [/move_group/planning_scene_monitor/publish_transforms_updates] by /move_group
[rosmaster.master][INFO] 2021-12-01 15:01:25,982: +PUB [/move_group/monitored_planning_scene] /move_group http://wng:43041/
[rosmaster.master][INFO] 2021-12-01 15:01:25,983: publisherUpdate[/rosout] -> http://wng:33473/ ['http://wng:42633/', 'http://wng:37565/', 'http://wng:43041/']
[rosmaster.master][INFO] 2021-12-01 15:01:25,983: publisherUpdate[/rosout] -> http://wng:33473/ ['http://wng:42633/', 'http://wng:37565/', 'http://wng:43041/']: sec=0.00, result=[1, '', 0]
[rosmaster.master][INFO] 2021-12-01 15:01:25,983: +PARAM [/move_group/planning_scene_monitor/publish_planning_scene] by /move_group
[rosmaster.master][INFO] 2021-12-01 15:01:25,984: +PARAM [/move_group/planning_scene_monitor/publish_planning_scene_hz] by /move_group
[rosmaster.master][INFO] 2021-12-01 15:01:25,984: +PARAM [/move_group/planning_scene_monitor/publish_geometry_updates] by /move_group
[rosmaster.master][INFO] 2021-12-01 15:01:25,984: +PARAM [/move_group/planning_scene_monitor/publish_state_updates] by /move_group
[rosmaster.master][INFO] 2021-12-01 15:01:25,984: +PARAM [/move_group/planning_scene_monitor/publish_transforms_updates] by /move_group
[rosmaster.master][INFO] 2021-12-01 15:01:25,986: +SUB [/planning_scene] /move_group http://wng:43041/
[rosmaster.master][INFO] 2021-12-01 15:01:25,987: +SUB [/collision_object] /move_group http://wng:43041/
[rosmaster.master][INFO] 2021-12-01 15:01:25,988: +SUB [/planning_scene_world] /move_group http://wng:43041/
[rosmaster.master][INFO] 2021-12-01 15:01:25,995: +PUB [/move_group/filtered_cloud] /move_group http://wng:43041/
[rosmaster.master][INFO] 2021-12-01 15:01:25,995: +SERVICE [/move_group/save_map] /move_group http://wng:43041/
[rosmaster.master][INFO] 2021-12-01 15:01:25,995: +SERVICE [/move_group/load_map] /move_group http://wng:43041/
[rosmaster.master][INFO] 2021-12-01 15:01:26,000: +SUB [/camera/depth_registered/points] /move_group http://wng:43041/
[rosmaster.master][INFO] 2021-12-01 15:01:26,001: +SUB [/joint_states_desired] /move_group http://wng:43041/
[rosmaster.master][INFO] 2021-12-01 15:01:26,002: +SUB [/attached_collision_object] /move_group http://wng:43041/
[rosmaster.master][INFO] 2021-12-01 15:01:26,026: +PUB [/rosout] /rviz_wng_16835_701434117519552694 http://wng:44419/
[rosmaster.master][INFO] 2021-12-01 15:01:26,026: +SERVICE [/rviz_wng_16835_701434117519552694/get_loggers] /rviz_wng_16835_701434117519552694 http://wng:44419/
[rosmaster.master][INFO] 2021-12-01 15:01:26,027: +SERVICE [/rviz_wng_16835_701434117519552694/set_logger_level] /rviz_wng_16835_701434117519552694 http://wng:44419/
[rosmaster.master][INFO] 2021-12-01 15:01:26,028: +CACHEDPARAM [/rosout_disable_topics_generation] by /rviz_wng_16835_701434117519552694
[rosmaster.master][INFO] 2021-12-01 15:01:26,040: +SERVICE [/move_group/ompl/set_parameters] /move_group http://wng:43041/
[rosmaster.master][INFO] 2021-12-01 15:01:26,040: +PUB [/move_group/ompl/parameter_descriptions] /move_group http://wng:43041/
[rosmaster.master][INFO] 2021-12-01 15:01:26,040: +PUB [/move_group/ompl/parameter_updates] /move_group http://wng:43041/
[rosmaster.master][INFO] 2021-12-01 15:01:26,041: +PARAM [/move_group/ompl/simplify_solutions] by /move_group
[rosmaster.master][INFO] 2021-12-01 15:01:26,042: +PARAM [/move_group/ompl/minimum_waypoint_count] by /move_group
[rosmaster.master][INFO] 2021-12-01 15:01:26,042: +PARAM [/move_group/ompl/maximum_waypoint_distance] by /move_group
[rosmaster.master][INFO] 2021-12-01 15:01:26,042: +PARAM [/move_group/ompl/link_for_exploration_tree] by /move_group
[rosmaster.master][INFO] 2021-12-01 15:01:26,042: +PARAM [/move_group/ompl/display_random_valid_states] by /move_group
[rosmaster.master][INFO] 2021-12-01 15:01:26,043: +PARAM [/move_group/ompl/simplify_solutions] by /move_group
[rosmaster.master][INFO] 2021-12-01 15:01:26,043: +PARAM [/move_group/ompl/minimum_waypoint_count] by /move_group
[rosmaster.master][INFO] 2021-12-01 15:01:26,043: +PARAM [/move_group/ompl/maximum_waypoint_distance] by /move_group
[rosmaster.master][INFO] 2021-12-01 15:01:26,043: +PARAM [/move_group/ompl/link_for_exploration_tree] by /move_group
[rosmaster.master][INFO] 2021-12-01 15:01:26,044: +PARAM [/move_group/ompl/display_random_valid_states] by /move_group
[rosmaster.master][INFO] 2021-12-01 15:01:26,047: +PUB [/move_group/display_planned_path] /move_group http://wng:43041/
[rosmaster.master][INFO] 2021-12-01 15:01:26,047: +PUB [/move_group/display_contacts] /move_group http://wng:43041/
[rosmaster.master][INFO] 2021-12-01 15:01:26,050: +PUB [/move_group/fake_controller_joint_states] /move_group http://wng:43041/
[rosmaster.master][INFO] 2021-12-01 15:01:26,078: +SUB [/trajectory_execution_event] /move_group http://wng:43041/
[rosmaster.master][INFO] 2021-12-01 15:01:26,078: +SERVICE [/move_group/trajectory_execution/set_parameters] /move_group http://wng:43041/
[rosmaster.master][INFO] 2021-12-01 15:01:26,079: +PUB [/move_group/trajectory_execution/parameter_descriptions] /move_group http://wng:43041/
[rosmaster.master][INFO] 2021-12-01 15:01:26,079: +PUB [/move_group/trajectory_execution/parameter_updates] /move_group http://wng:43041/
[rosmaster.master][INFO] 2021-12-01 15:01:26,080: +PARAM [/move_group/trajectory_execution/execution_duration_monitoring] by /move_group
[rosmaster.master][INFO] 2021-12-01 15:01:26,080: +PARAM [/move_group/trajectory_execution/allowed_execution_duration_scaling] by /move_group
[rosmaster.master][INFO] 2021-12-01 15:01:26,081: +PARAM [/move_group/trajectory_execution/allowed_goal_duration_margin] by /move_group
[rosmaster.master][INFO] 2021-12-01 15:01:26,081: +PARAM [/move_group/trajectory_execution/execution_velocity_scaling] by /move_group
[rosmaster.master][INFO] 2021-12-01 15:01:26,081: +PARAM [/move_group/trajectory_execution/allowed_start_tolerance] by /move_group
[rosmaster.master][INFO] 2021-12-01 15:01:26,081: +PARAM [/move_group/trajectory_execution/wait_for_trajectory_completion] by /move_group
[rosmaster.master][INFO] 2021-12-01 15:01:26,081: +PARAM [/move_group/trajectory_execution/execution_duration_monitoring] by /move_group
[rosmaster.master][INFO] 2021-12-01 15:01:26,082: +PARAM [/move_group/trajectory_execution/allowed_execution_duration_scaling] by /move_group
[rosmaster.master][INFO] 2021-12-01 15:01:26,082: +PARAM [/move_group/trajectory_execution/allowed_goal_duration_margin] by /move_group
[rosmaster.master][INFO] 2021-12-01 15:01:26,082: +PARAM [/move_group/trajectory_execution/execution_velocity_scaling] by /move_group
[rosmaster.master][INFO] 2021-12-01 15:01:26,082: +PARAM [/move_group/trajectory_execution/allowed_start_tolerance] by /move_group
[rosmaster.master][INFO] 2021-12-01 15:01:26,083: +PARAM [/move_group/trajectory_execution/wait_for_trajectory_completion] by /move_group
[rosmaster.master][INFO] 2021-12-01 15:01:26,083: +SERVICE [/move_group/plan_execution/set_parameters] /move_group http://wng:43041/
[rosmaster.master][INFO] 2021-12-01 15:01:26,083: publisherUpdate[/rosout] -> http://wng:33473/ ['http://wng:42633/', 'http://wng:37565/', 'http://wng:43041/', 'http://wng:44419/']
[rosmaster.master][INFO] 2021-12-01 15:01:26,084: +PUB [/move_group/plan_execution/parameter_descriptions] /move_group http://wng:43041/
[rosmaster.master][INFO] 2021-12-01 15:01:26,084: publisherUpdate[/rosout] -> http://wng:33473/ ['http://wng:42633/', 'http://wng:37565/', 'http://wng:43041/', 'http://wng:44419/']: sec=0.00, result=[1, '', 0]
[rosmaster.master][INFO] 2021-12-01 15:01:26,084: +PUB [/move_group/plan_execution/parameter_updates] /move_group http://wng:43041/
[rosmaster.master][INFO] 2021-12-01 15:01:26,085: +PARAM [/move_group/plan_execution/max_replan_attempts] by /move_group
[rosmaster.master][INFO] 2021-12-01 15:01:26,085: +PARAM [/move_group/plan_execution/record_trajectory_state_frequency] by /move_group
[rosmaster.master][INFO] 2021-12-01 15:01:26,085: +PARAM [/move_group/plan_execution/max_replan_attempts] by /move_group
[rosmaster.master][INFO] 2021-12-01 15:01:26,086: +PARAM [/move_group/plan_execution/record_trajectory_state_frequency] by /move_group
[rosmaster.master][INFO] 2021-12-01 15:01:26,086: +SERVICE [/move_group/sense_for_plan/set_parameters] /move_group http://wng:43041/
[rosmaster.master][INFO] 2021-12-01 15:01:26,086: +PUB [/move_group/sense_for_plan/parameter_descriptions] /move_group http://wng:43041/
[rosmaster.master][INFO] 2021-12-01 15:01:26,087: +PUB [/move_group/sense_for_plan/parameter_updates] /move_group http://wng:43041/
[rosmaster.master][INFO] 2021-12-01 15:01:26,088: +PARAM [/move_group/sense_for_plan/max_safe_path_cost] by /move_group
[rosmaster.master][INFO] 2021-12-01 15:01:26,088: +PARAM [/move_group/sense_for_plan/max_look_attempts] by /move_group
[rosmaster.master][INFO] 2021-12-01 15:01:26,088: +PARAM [/move_group/sense_for_plan/max_cost_sources] by /move_group
[rosmaster.master][INFO] 2021-12-01 15:01:26,088: +PARAM [/move_group/sense_for_plan/discard_overlapping_cost_sources] by /move_group
[rosmaster.master][INFO] 2021-12-01 15:01:26,088: +PARAM [/move_group/sense_for_plan/max_safe_path_cost] by /move_group
[rosmaster.master][INFO] 2021-12-01 15:01:26,089: +PARAM [/move_group/sense_for_plan/max_look_attempts] by /move_group
[rosmaster.master][INFO] 2021-12-01 15:01:26,089: +PARAM [/move_group/sense_for_plan/max_cost_sources] by /move_group
[rosmaster.master][INFO] 2021-12-01 15:01:26,089: +PARAM [/move_group/sense_for_plan/discard_overlapping_cost_sources] by /move_group
[rosmaster.master][INFO] 2021-12-01 15:01:26,089: +PUB [/move_group/display_cost_sources] /move_group http://wng:43041/
[rosmaster.master][INFO] 2021-12-01 15:01:26,090: +PUB [/move_group/motion_plan_request] /move_group http://wng:43041/
[rosmaster.master][INFO] 2021-12-01 15:01:26,095: +SERVICE [/apply_planning_scene] /move_group http://wng:43041/
[rosmaster.master][INFO] 2021-12-01 15:01:26,096: +SERVICE [/clear_octomap] /move_group http://wng:43041/
[rosmaster.master][INFO] 2021-12-01 15:01:26,096: +SERVICE [/compute_cartesian_path] /move_group http://wng:43041/
[rosmaster.master][INFO] 2021-12-01 15:01:26,096: +PUB [/execute_trajectory/result] /move_group http://wng:43041/
[rosmaster.master][INFO] 2021-12-01 15:01:26,097: +PUB [/execute_trajectory/feedback] /move_group http://wng:43041/
[rosmaster.master][INFO] 2021-12-01 15:01:26,097: +PUB [/execute_trajectory/status] /move_group http://wng:43041/
[rosmaster.master][INFO] 2021-12-01 15:01:26,098: +SUB [/execute_trajectory/goal] /move_group http://wng:43041/
[rosmaster.master][INFO] 2021-12-01 15:01:26,099: +SUB [/execute_trajectory/cancel] /move_group http://wng:43041/
[rosmaster.master][INFO] 2021-12-01 15:01:26,099: +SERVICE [/get_planning_scene] /move_group http://wng:43041/
[rosmaster.master][INFO] 2021-12-01 15:01:26,099: +SERVICE [/compute_fk] /move_group http://wng:43041/
[rosmaster.master][INFO] 2021-12-01 15:01:26,099: +SERVICE [/compute_ik] /move_group http://wng:43041/
[rosmaster.master][INFO] 2021-12-01 15:01:26,100: +PUB [/move_group/result] /move_group http://wng:43041/
[rosmaster.master][INFO] 2021-12-01 15:01:26,100: +PUB [/move_group/feedback] /move_group http://wng:43041/
[rosmaster.master][INFO] 2021-12-01 15:01:26,100: +PUB [/move_group/status] /move_group http://wng:43041/
[rosmaster.master][INFO] 2021-12-01 15:01:26,101: +SUB [/move_group/goal] /move_group http://wng:43041/
[rosmaster.master][INFO] 2021-12-01 15:01:26,102: +SUB [/move_group/cancel] /move_group http://wng:43041/
[rosmaster.master][INFO] 2021-12-01 15:01:26,106: +PUB [/move_group/display_grasp_markers] /move_group http://wng:43041/
[rosmaster.master][INFO] 2021-12-01 15:01:26,107: +PUB [/pickup/result] /move_group http://wng:43041/
[rosmaster.master][INFO] 2021-12-01 15:01:26,107: +PUB [/pickup/feedback] /move_group http://wng:43041/
[rosmaster.master][INFO] 2021-12-01 15:01:26,107: +PUB [/pickup/status] /move_group http://wng:43041/
[rosmaster.master][INFO] 2021-12-01 15:01:26,109: +SUB [/pickup/goal] /move_group http://wng:43041/
[rosmaster.master][INFO] 2021-12-01 15:01:26,110: +SUB [/pickup/cancel] /move_group http://wng:43041/
[rosmaster.master][INFO] 2021-12-01 15:01:26,111: +PUB [/place/result] /move_group http://wng:43041/
[rosmaster.master][INFO] 2021-12-01 15:01:26,111: +PUB [/place/feedback] /move_group http://wng:43041/
[rosmaster.master][INFO] 2021-12-01 15:01:26,111: +PUB [/place/status] /move_group http://wng:43041/
[rosmaster.master][INFO] 2021-12-01 15:01:26,113: +SUB [/place/goal] /move_group http://wng:43041/
[rosmaster.master][INFO] 2021-12-01 15:01:26,114: +SUB [/place/cancel] /move_group http://wng:43041/
[rosmaster.master][INFO] 2021-12-01 15:01:26,114: +SERVICE [/plan_kinematic_path] /move_group http://wng:43041/
[rosmaster.master][INFO] 2021-12-01 15:01:26,115: +SERVICE [/query_planner_interface] /move_group http://wng:43041/
[rosmaster.master][INFO] 2021-12-01 15:01:26,115: +SERVICE [/get_planner_params] /move_group http://wng:43041/
[rosmaster.master][INFO] 2021-12-01 15:01:26,115: +SERVICE [/set_planner_params] /move_group http://wng:43041/
[rosmaster.master][INFO] 2021-12-01 15:01:26,115: +SERVICE [/check_state_validity] /move_group http://wng:43041/
[rosmaster.master][INFO] 2021-12-01 15:01:26,185: +CACHEDPARAM [/rosout/omit_topics] by /rosout
[rosmaster.master][INFO] 2021-12-01 15:01:26,210: +PUB [/rosout] /joint_state_publisher http://wng:42589/
[rosmaster.master][INFO] 2021-12-01 15:01:26,212: +SERVICE [/joint_state_publisher/get_loggers] /joint_state_publisher http://wng:42589/
[rosmaster.master][INFO] 2021-12-01 15:01:26,212: +SERVICE [/joint_state_publisher/set_logger_level] /joint_state_publisher http://wng:42589/
[rosmaster.master][INFO] 2021-12-01 15:01:26,230: +SUB [/move_group/fake_controller_joint_states] /joint_state_publisher http://wng:42589/
[rosmaster.master][INFO] 2021-12-01 15:01:26,231: +PUB [/joint_states] /joint_state_publisher http://wng:42589/
[rosmaster.master][INFO] 2021-12-01 15:01:26,284: publisherUpdate[/rosout] -> http://wng:33473/ ['http://wng:42633/', 'http://wng:37565/', 'http://wng:43041/', 'http://wng:44419/', 'http://wng:42589/']
[rosmaster.master][INFO] 2021-12-01 15:01:26,285: publisherUpdate[/rosout] -> http://wng:33473/ ['http://wng:42633/', 'http://wng:37565/', 'http://wng:43041/', 'http://wng:44419/', 'http://wng:42589/']: sec=0.00, result=[1, '', 0]
[rosmaster.master][INFO] 2021-12-01 15:01:26,285: publisherUpdate[/joint_states] -> http://wng:42633/ ['http://wng:42589/']
[rosmaster.master][INFO] 2021-12-01 15:01:26,285: publisherUpdate[/joint_states] -> http://wng:37565/ ['http://wng:42589/']
[rosmaster.master][INFO] 2021-12-01 15:01:26,285: publisherUpdate[/joint_states] -> http://wng:42633/ ['http://wng:42589/']: sec=0.00, result=[1, '', 0]
[rosmaster.master][INFO] 2021-12-01 15:01:26,286: publisherUpdate[/joint_states] -> http://wng:37565/ ['http://wng:42589/']: sec=0.00, result=[1, '', 0]
[rosmaster.master][INFO] 2021-12-01 15:01:26,436: +PUB [/rosout] /server_endpoint http://wng:37477/
[rosmaster.master][INFO] 2021-12-01 15:01:26,438: +SERVICE [/server_endpoint/get_loggers] /server_endpoint http://wng:37477/
[rosmaster.master][INFO] 2021-12-01 15:01:26,438: +SERVICE [/server_endpoint/set_logger_level] /server_endpoint http://wng:37477/
[rosmaster.master][INFO] 2021-12-01 15:01:26,438: +SERVICE [/init_sync] /server_endpoint http://wng:37477/
[rosmaster.master][INFO] 2021-12-01 15:01:26,439: +SERVICE [/scene_sync] /server_endpoint http://wng:37477/
[rosmaster.master][INFO] 2021-12-01 15:01:26,439: +SERVICE [/panda_plan] /server_endpoint http://wng:37477/
[rosmaster.master][INFO] 2021-12-01 15:01:26,439: +SERVICE [/hand_sync] /server_endpoint http://wng:37477/
[rosmaster.master][INFO] 2021-12-01 15:01:26,440: +SERVICE [/motion_check] /server_endpoint http://wng:37477/
[rosmaster.master][INFO] 2021-12-01 15:01:26,441: +SUB [/execution_check] /server_endpoint http://wng:37477/
[rosmaster.master][INFO] 2021-12-01 15:01:26,441: +CACHEDPARAM [/rosout_disable_topics_generation] by /server_endpoint
[rosmaster.master][INFO] 2021-12-01 15:01:26,485: publisherUpdate[/rosout] -> http://wng:33473/ ['http://wng:42633/', 'http://wng:37565/', 'http://wng:43041/', 'http://wng:44419/', 'http://wng:42589/', 'http://wng:37477/']
[rosmaster.master][INFO] 2021-12-01 15:01:26,486: publisherUpdate[/rosout] -> http://wng:33473/ ['http://wng:42633/', 'http://wng:37565/', 'http://wng:43041/', 'http://wng:44419/', 'http://wng:42589/', 'http://wng:37477/']: sec=0.00, result=[1, '', 0]
[rosmaster.master][INFO] 2021-12-01 15:01:26,534: +PUB [/joint_states_desired] /joint_state_desired_publisher http://wng:42633/
[rosmaster.master][INFO] 2021-12-01 15:01:26,534: +CACHEDPARAM [/rosout_disable_topics_generation] by /joint_state_desired_publisher
[rosmaster.master][INFO] 2021-12-01 15:01:26,586: publisherUpdate[/joint_states_desired] -> http://wng:43041/ ['http://wng:42633/']
[rosmaster.master][INFO] 2021-12-01 15:01:26,587: publisherUpdate[/joint_states_desired] -> http://wng:43041/ ['http://wng:42633/']: sec=0.00, result=[1, '', 0]
[rosmaster.master][INFO] 2021-12-01 15:01:26,711: +PUB [/rosout] /PandaMove http://wng:45165/
[rosmaster.master][INFO] 2021-12-01 15:01:26,714: +SERVICE [/PandaMove/get_loggers] /PandaMove http://wng:45165/
[rosmaster.master][INFO] 2021-12-01 15:01:26,715: +SERVICE [/PandaMove/set_logger_level] /PandaMove http://wng:45165/
[rosmaster.master][INFO] 2021-12-01 15:01:26,758: +CACHEDPARAM [/rosout_disable_topics_generation] by /PandaMove
[rosmaster.master][INFO] 2021-12-01 15:01:26,759: +CACHEDPARAM [/rosout_disable_topics_generation] by /PandaMove
[rosmaster.master][INFO] 2021-12-01 15:01:26,760: +CACHEDPARAM [/rosout_disable_topics_generation] by /PandaMove
[rosmaster.master][INFO] 2021-12-01 15:01:26,760: +CACHEDPARAM [/rosout_disable_topics_generation] by /PandaMove
[rosmaster.master][INFO] 2021-12-01 15:01:26,761: +CACHEDPARAM [/rosout_disable_topics_generation] by /PandaMove
[rosmaster.master][INFO] 2021-12-01 15:01:26,762: +CACHEDPARAM [/rosout_disable_topics_generation] by /PandaMove
[rosmaster.master][INFO] 2021-12-01 15:01:26,762: +CACHEDPARAM [/rosout_disable_topics_generation] by /PandaMove
[rosmaster.master][INFO] 2021-12-01 15:01:26,763: +CACHEDPARAM [/rosout_disable_topics_generation] by /PandaMove
[rosmaster.master][INFO] 2021-12-01 15:01:26,763: +CACHEDPARAM [/rosout_disable_topics_generation] by /PandaMove
[rosmaster.master][INFO] 2021-12-01 15:01:26,764: +CACHEDPARAM [/rosout_disable_topics_generation] by /PandaMove
[rosmaster.master][INFO] 2021-12-01 15:01:26,764: +CACHEDPARAM [/rosout_disable_topics_generation] by /PandaMove
[rosmaster.master][INFO] 2021-12-01 15:01:26,765: +CACHEDPARAM [/rosout_disable_topics_generation] by /PandaMove
[rosmaster.master][INFO] 2021-12-01 15:01:26,765: +CACHEDPARAM [/rosout_disable_topics_generation] by /PandaMove
[rosmaster.master][INFO] 2021-12-01 15:01:26,766: +CACHEDPARAM [/rosout_disable_topics_generation] by /PandaMove
[rosmaster.master][INFO] 2021-12-01 15:01:26,767: +CACHEDPARAM [/rosout_disable_topics_generation] by /PandaMove
[rosmaster.master][INFO] 2021-12-01 15:01:26,767: +CACHEDPARAM [/rosout_disable_topics_generation] by /PandaMove
[rosmaster.master][INFO] 2021-12-01 15:01:26,768: +CACHEDPARAM [/rosout_disable_topics_generation] by /PandaMove
[rosmaster.master][INFO] 2021-12-01 15:01:26,768: +CACHEDPARAM [/rosout_disable_topics_generation] by /PandaMove
[rosmaster.master][INFO] 2021-12-01 15:01:26,769: +CACHEDPARAM [/rosout_disable_topics_generation] by /PandaMove
[rosmaster.master][INFO] 2021-12-01 15:01:26,770: +CACHEDPARAM [/rosout_disable_topics_generation] by /PandaMove
[rosmaster.master][INFO] 2021-12-01 15:01:26,787: publisherUpdate[/rosout] -> http://wng:33473/ ['http://wng:42633/', 'http://wng:37565/', 'http://wng:43041/', 'http://wng:44419/', 'http://wng:42589/', 'http://wng:37477/', 'http://wng:45165/']
[rosmaster.master][INFO] 2021-12-01 15:01:26,787: publisherUpdate[/rosout] -> http://wng:33473/ ['http://wng:42633/', 'http://wng:37565/', 'http://wng:43041/', 'http://wng:44419/', 'http://wng:42589/', 'http://wng:37477/', 'http://wng:45165/']: sec=0.00, result=[1, '', 0]
[rosmaster.master][INFO] 2021-12-01 15:01:26,801: +SUB [/tf] /rviz_wng_16835_701434117519552694 http://wng:44419/
[rosmaster.master][INFO] 2021-12-01 15:01:26,802: +SUB [/tf_static] /rviz_wng_16835_701434117519552694 http://wng:44419/
[rosmaster.master][INFO] 2021-12-01 15:01:26,833: +PUB [/initialpose] /rviz_wng_16835_701434117519552694 http://wng:44419/
[rosmaster.master][INFO] 2021-12-01 15:01:26,834: +PUB [/goal] /rviz_wng_16835_701434117519552694 http://wng:44419/
[rosmaster.master][INFO] 2021-12-01 15:01:26,868: +SUB [/visualization_marker] /rviz_wng_16835_701434117519552694 http://wng:44419/
[rosmaster.master][INFO] 2021-12-01 15:01:26,870: +SUB [/visualization_marker_array] /rviz_wng_16835_701434117519552694 http://wng:44419/
[rosmaster.master][INFO] 2021-12-01 15:01:26,870: -SUB [/visualization_marker] /rviz_wng_16835_701434117519552694 http://wng:44419/
[rosmaster.master][INFO] 2021-12-01 15:01:26,870: -SUB [/visualization_marker_array] /rviz_wng_16835_701434117519552694 http://wng:44419/
[rosmaster.master][INFO] 2021-12-01 15:01:26,872: +SUB [/action] /rviz_wng_16835_701434117519552694 http://wng:44419/
[rosmaster.master][INFO] 2021-12-01 15:01:26,873: +SUB [/action_array] /rviz_wng_16835_701434117519552694 http://wng:44419/
[rosmaster.master][INFO] 2021-12-01 15:01:26,886: +PUB [/planning_scene] /rviz_wng_16835_701434117519552694 http://wng:44419/
[rosmaster.master][INFO] 2021-12-01 15:01:26,887: +PUB [/planning_scene_world] /rviz_wng_16835_701434117519552694 http://wng:44419/
[rosmaster.master][INFO] 2021-12-01 15:01:26,887: publisherUpdate[/planning_scene] -> http://wng:43041/ ['http://wng:44419/']
[rosmaster.master][INFO] 2021-12-01 15:01:26,889: publisherUpdate[/planning_scene] -> http://wng:43041/ ['http://wng:44419/']: sec=0.00, result=[1, '', 0]
[rosmaster.master][INFO] 2021-12-01 15:01:26,890: publisherUpdate[/planning_scene_world] -> http://wng:43041/ ['http://wng:44419/']
[rosmaster.master][INFO] 2021-12-01 15:01:26,890: +SUB [/recognize_objects/status] /rviz_wng_16835_701434117519552694 http://wng:44419/
[rosmaster.master][INFO] 2021-12-01 15:01:26,890: publisherUpdate[/planning_scene_world] -> http://wng:43041/ ['http://wng:44419/']: sec=0.00, result=[1, '', 0]
[rosmaster.master][INFO] 2021-12-01 15:01:26,892: +SUB [/recognize_objects/feedback] /rviz_wng_16835_701434117519552694 http://wng:44419/
[rosmaster.master][INFO] 2021-12-01 15:01:26,894: +SUB [/recognize_objects/result] /rviz_wng_16835_701434117519552694 http://wng:44419/
[rosmaster.master][INFO] 2021-12-01 15:01:26,894: +PUB [/recognize_objects/goal] /rviz_wng_16835_701434117519552694 http://wng:44419/
[rosmaster.master][INFO] 2021-12-01 15:01:26,894: +PUB [/recognize_objects/cancel] /rviz_wng_16835_701434117519552694 http://wng:44419/
[rosmaster.master][INFO] 2021-12-01 15:01:26,896: +SUB [/recognized_object_array] /rviz_wng_16835_701434117519552694 http://wng:44419/
[rosmaster.master][INFO] 2021-12-01 15:01:29,907: -SUB [/recognize_objects/status] /rviz_wng_16835_701434117519552694 http://wng:44419/
[rosmaster.master][INFO] 2021-12-01 15:01:29,908: -PUB [/recognize_objects/cancel] /rviz_wng_16835_701434117519552694 http://wng:44419/
[rosmaster.master][INFO] 2021-12-01 15:01:29,908: -PUB [/recognize_objects/goal] /rviz_wng_16835_701434117519552694 http://wng:44419/
[rosmaster.master][INFO] 2021-12-01 15:01:29,908: -SUB [/recognize_objects/feedback] /rviz_wng_16835_701434117519552694 http://wng:44419/
[rosmaster.master][INFO] 2021-12-01 15:01:29,909: -SUB [/recognize_objects/result] /rviz_wng_16835_701434117519552694 http://wng:44419/
[rosmaster.master][INFO] 2021-12-01 15:01:29,933: +PUB [/feedback] /rviz_wng_16835_701434117519552694 http://wng:44419/
[rosmaster.master][INFO] 2021-12-01 15:01:29,933: -PUB [/feedback] /rviz_wng_16835_701434117519552694 http://wng:44419/
[rosmaster.master][INFO] 2021-12-01 15:01:29,933: +PUB [/feedback] /rviz_wng_16835_701434117519552694 http://wng:44419/
[rosmaster.master][INFO] 2021-12-01 15:01:29,934: -PUB [/goal] /rviz_wng_16835_701434117519552694 http://wng:44419/
[rosmaster.master][INFO] 2021-12-01 15:01:29,934: -PUB [/initialpose] /rviz_wng_16835_701434117519552694 http://wng:44419/
[rosmaster.master][INFO] 2021-12-01 15:01:29,949: +SERVICE [/rviz_wng_16835_701434117519552694/reload_shaders] /rviz_wng_16835_701434117519552694 http://wng:44419/
[rosmaster.master][INFO] 2021-12-01 15:01:29,950: +SERVICE [/rviz_wng_16835_701434117519552694/load_config] /rviz_wng_16835_701434117519552694 http://wng:44419/
[rosmaster.master][INFO] 2021-12-01 15:01:29,950: +SERVICE [/rviz_wng_16835_701434117519552694/save_config] /rviz_wng_16835_701434117519552694 http://wng:44419/
[rosmaster.master][INFO] 2021-12-01 15:01:30,020: +SERVICE [/rviz_wng_16835_701434117519552694/motionplanning_planning_scene_monitor/set_parameters] /rviz_wng_16835_701434117519552694 http://wng:44419/
[rosmaster.master][INFO] 2021-12-01 15:01:30,021: +PUB [/rviz_wng_16835_701434117519552694/motionplanning_planning_scene_monitor/parameter_descriptions] /rviz_wng_16835_701434117519552694 http://wng:44419/
[rosmaster.master][INFO] 2021-12-01 15:01:30,021: +PUB [/rviz_wng_16835_701434117519552694/motionplanning_planning_scene_monitor/parameter_updates] /rviz_wng_16835_701434117519552694 http://wng:44419/
[rosmaster.master][INFO] 2021-12-01 15:01:30,022: +PARAM [/rviz_wng_16835_701434117519552694/motionplanning_planning_scene_monitor/publish_planning_scene] by /rviz_wng_16835_701434117519552694
[rosmaster.master][INFO] 2021-12-01 15:01:30,022: +PARAM [/rviz_wng_16835_701434117519552694/motionplanning_planning_scene_monitor/publish_planning_scene_hz] by /rviz_wng_16835_701434117519552694
[rosmaster.master][INFO] 2021-12-01 15:01:30,023: +PARAM [/rviz_wng_16835_701434117519552694/motionplanning_planning_scene_monitor/publish_geometry_updates] by /rviz_wng_16835_701434117519552694
[rosmaster.master][INFO] 2021-12-01 15:01:30,023: +PARAM [/rviz_wng_16835_701434117519552694/motionplanning_planning_scene_monitor/publish_state_updates] by /rviz_wng_16835_701434117519552694
[rosmaster.master][INFO] 2021-12-01 15:01:30,023: +PARAM [/rviz_wng_16835_701434117519552694/motionplanning_planning_scene_monitor/publish_transforms_updates] by /rviz_wng_16835_701434117519552694
[rosmaster.master][INFO] 2021-12-01 15:01:30,023: +PARAM [/rviz_wng_16835_701434117519552694/motionplanning_planning_scene_monitor/publish_planning_scene] by /rviz_wng_16835_701434117519552694
[rosmaster.master][INFO] 2021-12-01 15:01:30,024: +PARAM [/rviz_wng_16835_701434117519552694/motionplanning_planning_scene_monitor/publish_planning_scene_hz] by /rviz_wng_16835_701434117519552694
[rosmaster.master][INFO] 2021-12-01 15:01:30,024: +PARAM [/rviz_wng_16835_701434117519552694/motionplanning_planning_scene_monitor/publish_geometry_updates] by /rviz_wng_16835_701434117519552694
[rosmaster.master][INFO] 2021-12-01 15:01:30,024: +PARAM [/rviz_wng_16835_701434117519552694/motionplanning_planning_scene_monitor/publish_state_updates] by /rviz_wng_16835_701434117519552694
[rosmaster.master][INFO] 2021-12-01 15:01:30,024: +PARAM [/rviz_wng_16835_701434117519552694/motionplanning_planning_scene_monitor/publish_transforms_updates] by /rviz_wng_16835_701434117519552694
[rosmaster.master][INFO] 2021-12-01 15:01:30,045: +SUB [/move_group/monitored_planning_scene] /rviz_wng_16835_701434117519552694 http://wng:44419/
[rosmaster.master][INFO] 2021-12-01 15:01:30,267: +SUB [/move_group/display_planned_path] /rviz_wng_16835_701434117519552694 http://wng:44419/
[rosmaster.master][INFO] 2021-12-01 15:01:30,268: +PUB [/rviz_moveit_motion_planning_display/robot_interaction_interactive_marker_topic/update_full] /rviz_wng_16835_701434117519552694 http://wng:44419/
[rosmaster.master][INFO] 2021-12-01 15:01:30,268: +PUB [/rviz_moveit_motion_planning_display/robot_interaction_interactive_marker_topic/update] /rviz_wng_16835_701434117519552694 http://wng:44419/
[rosmaster.master][INFO] 2021-12-01 15:01:30,269: +SUB [/rviz_moveit_motion_planning_display/robot_interaction_interactive_marker_topic/feedback] /rviz_wng_16835_701434117519552694 http://wng:44419/
[rosmaster.master][INFO] 2021-12-01 15:01:30,270: -PUB [/feedback] /rviz_wng_16835_701434117519552694 http://wng:44419/
[rosmaster.master][INFO] 2021-12-01 15:01:30,271: +SUB [/rviz_moveit_motion_planning_display/robot_interaction_interactive_marker_topic/update] /rviz_wng_16835_701434117519552694 http://wng:44419/
[rosmaster.master][INFO] 2021-12-01 15:01:30,272: +SUB [/rviz_moveit_motion_planning_display/robot_interaction_interactive_marker_topic/update_full] /rviz_wng_16835_701434117519552694 http://wng:44419/
[rosmaster.master][INFO] 2021-12-01 15:01:30,272: +PUB [/rviz_moveit_motion_planning_display/robot_interaction_interactive_marker_topic/feedback] /rviz_wng_16835_701434117519552694 http://wng:44419/
[rosmaster.master][INFO] 2021-12-01 15:01:30,281: +PUB [/trajectory_execution_event] /rviz_wng_16835_701434117519552694 http://wng:44419/
[rosmaster.master][INFO] 2021-12-01 15:01:30,281: +PUB [/attached_collision_object] /rviz_wng_16835_701434117519552694 http://wng:44419/
[rosmaster.master][INFO] 2021-12-01 15:01:30,283: +SUB [/move_group/status] /rviz_wng_16835_701434117519552694 http://wng:44419/
[rosmaster.master][INFO] 2021-12-01 15:01:30,284: +SUB [/move_group/feedback] /rviz_wng_16835_701434117519552694 http://wng:44419/
[rosmaster.master][INFO] 2021-12-01 15:01:30,286: +SUB [/move_group/result] /rviz_wng_16835_701434117519552694 http://wng:44419/
[rosmaster.master][INFO] 2021-12-01 15:01:30,286: +PUB [/move_group/goal] /rviz_wng_16835_701434117519552694 http://wng:44419/
[rosmaster.master][INFO] 2021-12-01 15:01:30,287: +PUB [/move_group/cancel] /rviz_wng_16835_701434117519552694 http://wng:44419/
[rosmaster.master][INFO] 2021-12-01 15:01:30,292: publisherUpdate[/rviz_moveit_motion_planning_display/robot_interaction_interactive_marker_topic/feedback] -> http://wng:44419/ ['http://wng:44419/']
[rosmaster.master][INFO] 2021-12-01 15:01:30,292: publisherUpdate[/trajectory_execution_event] -> http://wng:43041/ ['http://wng:44419/']
[rosmaster.master][INFO] 2021-12-01 15:01:30,293: publisherUpdate[/rviz_moveit_motion_planning_display/robot_interaction_interactive_marker_topic/feedback] -> http://wng:44419/ ['http://wng:44419/']: sec=0.00, result=[1, '', 0]
[rosmaster.master][INFO] 2021-12-01 15:01:30,293: publisherUpdate[/trajectory_execution_event] -> http://wng:43041/ ['http://wng:44419/']: sec=0.00, result=[1, '', 0]
[rosmaster.master][INFO] 2021-12-01 15:01:30,293: publisherUpdate[/attached_collision_object] -> http://wng:43041/ ['http://wng:44419/']
[rosmaster.master][INFO] 2021-12-01 15:01:30,293: publisherUpdate[/attached_collision_object] -> http://wng:43041/ ['http://wng:44419/']: sec=0.00, result=[1, '', 0]
[rosmaster.master][INFO] 2021-12-01 15:01:30,294: publisherUpdate[/move_group/goal] -> http://wng:43041/ ['http://wng:44419/']
[rosmaster.master][INFO] 2021-12-01 15:01:30,294: publisherUpdate[/move_group/goal] -> http://wng:43041/ ['http://wng:44419/']: sec=0.00, result=[1, '', 0]
[rosmaster.master][INFO] 2021-12-01 15:01:30,294: publisherUpdate[/move_group/cancel] -> http://wng:43041/ ['http://wng:44419/']
[rosmaster.master][INFO] 2021-12-01 15:01:30,294: publisherUpdate[/move_group/cancel] -> http://wng:43041/ ['http://wng:44419/']: sec=0.00, result=[1, '', 0]
[rosmaster.master][INFO] 2021-12-01 15:01:30,531: +SUB [/pickup/status] /rviz_wng_16835_701434117519552694 http://wng:44419/
[rosmaster.master][INFO] 2021-12-01 15:01:30,532: +SUB [/pickup/feedback] /rviz_wng_16835_701434117519552694 http://wng:44419/
[rosmaster.master][INFO] 2021-12-01 15:01:30,534: +SUB [/pickup/result] /rviz_wng_16835_701434117519552694 http://wng:44419/
[rosmaster.master][INFO] 2021-12-01 15:01:30,534: +PUB [/pickup/goal] /rviz_wng_16835_701434117519552694 http://wng:44419/
[rosmaster.master][INFO] 2021-12-01 15:01:30,534: +PUB [/pickup/cancel] /rviz_wng_16835_701434117519552694 http://wng:44419/
[rosmaster.master][INFO] 2021-12-01 15:01:30,593: publisherUpdate[/pickup/goal] -> http://wng:43041/ ['http://wng:44419/']
[rosmaster.master][INFO] 2021-12-01 15:01:30,594: publisherUpdate[/pickup/goal] -> http://wng:43041/ ['http://wng:44419/']: sec=0.00, result=[1, '', 0]
[rosmaster.master][INFO] 2021-12-01 15:01:30,594: publisherUpdate[/pickup/cancel] -> http://wng:43041/ ['http://wng:44419/']
[rosmaster.master][INFO] 2021-12-01 15:01:30,594: publisherUpdate[/pickup/cancel] -> http://wng:43041/ ['http://wng:44419/']: sec=0.00, result=[1, '', 0]
[rosmaster.master][INFO] 2021-12-01 15:01:30,797: +SUB [/place/status] /rviz_wng_16835_701434117519552694 http://wng:44419/
[rosmaster.master][INFO] 2021-12-01 15:01:30,799: +SUB [/place/feedback] /rviz_wng_16835_701434117519552694 http://wng:44419/
[rosmaster.master][INFO] 2021-12-01 15:01:30,801: +SUB [/place/result] /rviz_wng_16835_701434117519552694 http://wng:44419/
[rosmaster.master][INFO] 2021-12-01 15:01:30,801: +PUB [/place/goal] /rviz_wng_16835_701434117519552694 http://wng:44419/
[rosmaster.master][INFO] 2021-12-01 15:01:30,802: -SUB [/rviz_moveit_motion_planning_display/robot_interaction_interactive_marker_topic/update_full] /rviz_wng_16835_701434117519552694 http://wng:44419/
[rosmaster.master][INFO] 2021-12-01 15:01:30,802: +PUB [/place/cancel] /rviz_wng_16835_701434117519552694 http://wng:44419/
[rosmaster.master][INFO] 2021-12-01 15:01:30,895: publisherUpdate[/place/goal] -> http://wng:43041/ ['http://wng:44419/']
[rosmaster.master][INFO] 2021-12-01 15:01:30,895: publisherUpdate[/place/goal] -> http://wng:43041/ ['http://wng:44419/']: sec=0.00, result=[1, '', 0]
[rosmaster.master][INFO] 2021-12-01 15:01:30,895: publisherUpdate[/place/cancel] -> http://wng:43041/ ['http://wng:44419/']
[rosmaster.master][INFO] 2021-12-01 15:01:30,896: publisherUpdate[/place/cancel] -> http://wng:43041/ ['http://wng:44419/']: sec=0.00, result=[1, '', 0]
[rosmaster.master][INFO] 2021-12-01 15:01:31,099: +SUB [/execute_trajectory/status] /rviz_wng_16835_701434117519552694 http://wng:44419/
[rosmaster.master][INFO] 2021-12-01 15:01:31,101: +SUB [/execute_trajectory/feedback] /rviz_wng_16835_701434117519552694 http://wng:44419/
[rosmaster.master][INFO] 2021-12-01 15:01:31,103: +SUB [/execute_trajectory/result] /rviz_wng_16835_701434117519552694 http://wng:44419/
[rosmaster.master][INFO] 2021-12-01 15:01:31,103: +PUB [/execute_trajectory/goal] /rviz_wng_16835_701434117519552694 http://wng:44419/
[rosmaster.master][INFO] 2021-12-01 15:01:31,103: +PUB [/execute_trajectory/cancel] /rviz_wng_16835_701434117519552694 http://wng:44419/
[rosmaster.master][INFO] 2021-12-01 15:01:31,195: publisherUpdate[/execute_trajectory/goal] -> http://wng:43041/ ['http://wng:44419/']
[rosmaster.master][INFO] 2021-12-01 15:01:31,196: publisherUpdate[/execute_trajectory/goal] -> http://wng:43041/ ['http://wng:44419/']: sec=0.00, result=[1, '', 0]
[rosmaster.master][INFO] 2021-12-01 15:01:31,196: publisherUpdate[/execute_trajectory/cancel] -> http://wng:43041/ ['http://wng:44419/']
[rosmaster.master][INFO] 2021-12-01 15:01:31,197: publisherUpdate[/execute_trajectory/cancel] -> http://wng:43041/ ['http://wng:44419/']: sec=0.00, result=[1, '', 0]
[rosmaster.master][INFO] 2021-12-01 15:02:01,860: -SUB [/execution_check] /server_endpoint http://wng:37477/
[rosmaster.master][INFO] 2021-12-01 15:02:01,862: -SUB [/move_group/fake_controller_joint_states] /joint_state_publisher http://wng:42589/
[rosmaster.master][INFO] 2021-12-01 15:02:01,862: -PUB [/rosout] /PandaMove http://wng:45165/
[rosmaster.master][INFO] 2021-12-01 15:02:01,862: -PUB [/rosout] /server_endpoint http://wng:37477/
[rosmaster.master][INFO] 2021-12-01 15:02:01,862: -PUB [/joint_states] /joint_state_publisher http://wng:42589/
[rosmaster.master][INFO] 2021-12-01 15:02:01,862: -SERVICE [/PandaMove/get_loggers] /PandaMove rosrpc://wng:33367
[rosmaster.master][INFO] 2021-12-01 15:02:01,862: -SERVICE [/hand_sync] /server_endpoint rosrpc://wng:42111
[rosmaster.master][INFO] 2021-12-01 15:02:01,862: -PUB [/rosout] /joint_state_publisher http://wng:42589/
[rosmaster.master][INFO] 2021-12-01 15:02:01,863: -SERVICE [/PandaMove/set_logger_level] /PandaMove rosrpc://wng:33367
[rosmaster.master][INFO] 2021-12-01 15:02:01,863: -SERVICE [/panda_plan] /server_endpoint rosrpc://wng:42111
[rosmaster.master][INFO] 2021-12-01 15:02:01,863: -SERVICE [/joint_state_publisher/get_loggers] /joint_state_publisher rosrpc://wng:45189
[rosmaster.master][INFO] 2021-12-01 15:02:01,863: -SERVICE [/server_endpoint/get_loggers] /server_endpoint rosrpc://wng:42111
[rosmaster.master][INFO] 2021-12-01 15:02:01,863: -SERVICE [/joint_state_publisher/set_logger_level] /joint_state_publisher rosrpc://wng:45189
[rosmaster.master][INFO] 2021-12-01 15:02:01,863: -SERVICE [/scene_sync] /server_endpoint rosrpc://wng:42111
[rosmaster.master][INFO] 2021-12-01 15:02:01,864: -SERVICE [/server_endpoint/set_logger_level] /server_endpoint rosrpc://wng:42111
[rosmaster.master][INFO] 2021-12-01 15:02:01,864: -SERVICE [/motion_check] /server_endpoint rosrpc://wng:42111
[rosmaster.master][INFO] 2021-12-01 15:02:01,864: -SERVICE [/init_sync] /server_endpoint rosrpc://wng:42111
[rosmaster.master][INFO] 2021-12-01 15:02:01,927: -PUB [/rosout] /joint_state_desired_publisher http://wng:42633/
[rosmaster.master][INFO] 2021-12-01 15:02:01,927: -PUB [/joint_states_desired] /joint_state_desired_publisher http://wng:42633/
[rosmaster.master][INFO] 2021-12-01 15:02:01,928: -SUB [/joint_states] /joint_state_desired_publisher http://wng:42633/
[rosmaster.master][INFO] 2021-12-01 15:02:01,928: -SERVICE [/joint_state_desired_publisher/get_loggers] /joint_state_desired_publisher rosrpc://wng:35371
[rosmaster.master][INFO] 2021-12-01 15:02:01,929: -SERVICE [/joint_state_desired_publisher/set_logger_level] /joint_state_desired_publisher rosrpc://wng:35371
[rosmaster.master][INFO] 2021-12-01 15:02:01,929: -CACHEDPARAM [/rosout_disable_topics_generation] by /joint_state_desired_publisher
[rosmaster.master][INFO] 2021-12-01 15:02:01,930: -PUB [/rosout] /robot_state_publisher http://wng:37565/
[rosmaster.master][INFO] 2021-12-01 15:02:01,930: -PUB [/tf] /robot_state_publisher http://wng:37565/
[rosmaster.master][INFO] 2021-12-01 15:02:01,930: -PUB [/tf_static] /robot_state_publisher http://wng:37565/
[rosmaster.master][INFO] 2021-12-01 15:02:01,931: -SUB [/joint_states] /robot_state_publisher http://wng:37565/
[rosmaster.master][INFO] 2021-12-01 15:02:01,931: publisherUpdate[/rosout] -> http://wng:33473/ ['http://wng:42633/', 'http://wng:37565/', 'http://wng:43041/', 'http://wng:44419/', 'http://wng:42589/', 'http://wng:37477/']
[rosmaster.master][INFO] 2021-12-01 15:02:01,931: publisherUpdate[/joint_states] -> http://wng:42633/ []
[rosmaster.master][INFO] 2021-12-01 15:02:01,931: -SERVICE [/robot_state_publisher/get_loggers] /robot_state_publisher rosrpc://wng:55347
[rosmaster.master][INFO] 2021-12-01 15:02:01,931: publisherUpdate[/joint_states] -> http://wng:37565/ []
[rosmaster.master][INFO] 2021-12-01 15:02:01,932: publisherUpdate[/rosout] -> http://wng:33473/ ['http://wng:42633/', 'http://wng:37565/', 'http://wng:43041/', 'http://wng:44419/', 'http://wng:42589/', 'http://wng:37477/']: sec=0.00, result=[1, '', 0]
[rosmaster.master][INFO] 2021-12-01 15:02:01,932: -PUB [/rosout] /move_group http://wng:43041/
[rosmaster.master][INFO] 2021-12-01 15:02:01,933: publisherUpdate[/rosout] -> http://wng:33473/ ['http://wng:42633/', 'http://wng:37565/', 'http://wng:43041/', 'http://wng:44419/', 'http://wng:42589/']
[rosmaster.master][INFO] 2021-12-01 15:02:01,933: -SERVICE [/robot_state_publisher/set_logger_level] /robot_state_publisher rosrpc://wng:55347
[rosmaster.master][INFO] 2021-12-01 15:02:01,934: publisherUpdate[/rosout] -> http://wng:33473/ ['http://wng:42633/', 'http://wng:37565/', 'http://wng:43041/', 'http://wng:44419/', 'http://wng:42589/']: sec=0.00, result=[1, '', 0]
[rosmaster.master][INFO] 2021-12-01 15:02:01,934: -PUB [/move_group/planning_scene_monitor/parameter_descriptions] /move_group http://wng:43041/
[rosmaster.master][INFO] 2021-12-01 15:02:01,934: publisherUpdate[/rosout] -> http://wng:33473/ ['http://wng:42633/', 'http://wng:37565/', 'http://wng:43041/', 'http://wng:44419/']
[rosmaster.master][INFO] 2021-12-01 15:02:01,934: -PUB [/move_group/planning_scene_monitor/parameter_updates] /move_group http://wng:43041/
[rosmaster.master][INFO] 2021-12-01 15:02:01,934: publisherUpdate[/rosout] -> http://wng:33473/ ['http://wng:42633/', 'http://wng:37565/', 'http://wng:43041/', 'http://wng:44419/']: sec=0.00, result=[1, '', 0]
[rosmaster.master][INFO] 2021-12-01 15:02:01,935: -PUB [/move_group/monitored_planning_scene] /move_group http://wng:43041/
[rosmaster.master][INFO] 2021-12-01 15:02:01,935: publisherUpdate[/rosout] -> http://wng:33473/ ['http://wng:37565/', 'http://wng:43041/', 'http://wng:44419/']
[rosmaster.master][INFO] 2021-12-01 15:02:01,935: -PUB [/move_group/filtered_cloud] /move_group http://wng:43041/
[rosmaster.master][INFO] 2021-12-01 15:02:01,935: publisherUpdate[/rosout] -> http://wng:33473/ ['http://wng:37565/', 'http://wng:43041/', 'http://wng:44419/']: sec=0.00, result=[1, '', 0]
[rosmaster.master][INFO] 2021-12-01 15:02:01,936: -PUB [/move_group/ompl/parameter_descriptions] /move_group http://wng:43041/
[rosmaster.master][INFO] 2021-12-01 15:02:01,936: publisherUpdate[/joint_states_desired] -> http://wng:43041/ []
[rosmaster.master][INFO] 2021-12-01 15:02:01,936: -PUB [/move_group/ompl/parameter_updates] /move_group http://wng:43041/
[rosmaster.master][INFO] 2021-12-01 15:02:01,936: -PUB [/move_group/display_planned_path] /move_group http://wng:43041/
[rosmaster.master][INFO] 2021-12-01 15:02:01,937: -PUB [/move_group/display_contacts] /move_group http://wng:43041/
[rosmaster.master][INFO] 2021-12-01 15:02:01,937: publisherUpdate[/joint_states] -> http://wng:42633/ []: sec=0.01, exception=[Errno 111] Connection refused
[rosmaster.master][INFO] 2021-12-01 15:02:01,937: -PUB [/move_group/fake_controller_joint_states] /move_group http://wng:43041/
[rosmaster.master][INFO] 2021-12-01 15:02:01,938: -PUB [/move_group/trajectory_execution/parameter_descriptions] /move_group http://wng:43041/
[rosmaster.master][INFO] 2021-12-01 15:02:01,938: -PUB [/move_group/trajectory_execution/parameter_updates] /move_group http://wng:43041/
[rosmaster.master][INFO] 2021-12-01 15:02:01,938: -PUB [/move_group/plan_execution/parameter_descriptions] /move_group http://wng:43041/
[rosmaster.master][INFO] 2021-12-01 15:02:01,939: -PUB [/move_group/plan_execution/parameter_updates] /move_group http://wng:43041/
[rosmaster.master][INFO] 2021-12-01 15:02:01,939: -PUB [/move_group/sense_for_plan/parameter_descriptions] /move_group http://wng:43041/
[rosmaster.master][INFO] 2021-12-01 15:02:01,939: -PUB [/move_group/sense_for_plan/parameter_updates] /move_group http://wng:43041/
[rosmaster.master][INFO] 2021-12-01 15:02:01,940: -PUB [/move_group/display_cost_sources] /move_group http://wng:43041/
[rosmaster.threadpool][ERROR] 2021-12-01 15:02:01,940: Traceback (most recent call last):
  File "/opt/ros/melodic/lib/python2.7/dist-packages/rosmaster/threadpool.py", line 218, in run
    result = cmd(*args)
  File "/opt/ros/melodic/lib/python2.7/dist-packages/rosmaster/master_api.py", line 210, in publisher_update_task
    ret = xmlrpcapi(api).publisherUpdate('/master', topic, pub_uris)
  File "/usr/lib/python2.7/xmlrpclib.py", line 1243, in __call__
    return self.__send(self.__name, args)
  File "/usr/lib/python2.7/xmlrpclib.py", line 1602, in __request
    verbose=self.__verbose
  File "/usr/lib/python2.7/xmlrpclib.py", line 1283, in request
    return self.single_request(host, handler, request_body, verbose)
  File "/usr/lib/python2.7/xmlrpclib.py", line 1311, in single_request
    self.send_content(h, request_body)
  File "/usr/lib/python2.7/xmlrpclib.py", line 1459, in send_content
    connection.endheaders(request_body)
  File "/usr/lib/python2.7/httplib.py", line 1095, in endheaders
    self._send_output(message_body)
  File "/usr/lib/python2.7/httplib.py", line 898, in _send_output
    self.send(msg)
  File "/usr/lib/python2.7/httplib.py", line 860, in send
    self.connect()
  File "/usr/lib/python2.7/httplib.py", line 837, in connect
    self.timeout, self.source_address)
  File "/usr/lib/python2.7/socket.py", line 575, in create_connection
    raise err
error: [Errno 111] Connection refused

[rosmaster.master][INFO] 2021-12-01 15:02:01,940: publisherUpdate[/joint_states] -> http://wng:37565/ []: sec=0.01, exception=[Errno 111] Connection refused
[rosmaster.master][INFO] 2021-12-01 15:02:01,940: -PUB [/move_group/motion_plan_request] /move_group http://wng:43041/
[rosmaster.master][INFO] 2021-12-01 15:02:01,940: publisherUpdate[/rosout] -> http://wng:33473/ ['http://wng:43041/', 'http://wng:44419/']
[rosmaster.master][INFO] 2021-12-01 15:02:01,941: -PUB [/execute_trajectory/result] /move_group http://wng:43041/
[rosmaster.master][INFO] 2021-12-01 15:02:01,941: publisherUpdate[/rosout] -> http://wng:33473/ ['http://wng:43041/', 'http://wng:44419/']: sec=0.00, result=[1, '', 0]
[rosmaster.master][INFO] 2021-12-01 15:02:01,941: publisherUpdate[/tf] -> http://wng:44419/ []
[rosmaster.threadpool][ERROR] 2021-12-01 15:02:01,941: Traceback (most recent call last):
  File "/opt/ros/melodic/lib/python2.7/dist-packages/rosmaster/threadpool.py", line 218, in run
    result = cmd(*args)
  File "/opt/ros/melodic/lib/python2.7/dist-packages/rosmaster/master_api.py", line 210, in publisher_update_task
    ret = xmlrpcapi(api).publisherUpdate('/master', topic, pub_uris)
  File "/usr/lib/python2.7/xmlrpclib.py", line 1243, in __call__
    return self.__send(self.__name, args)
  File "/usr/lib/python2.7/xmlrpclib.py", line 1602, in __request
    verbose=self.__verbose
  File "/usr/lib/python2.7/xmlrpclib.py", line 1283, in request
    return self.single_request(host, handler, request_body, verbose)
  File "/usr/lib/python2.7/xmlrpclib.py", line 1311, in single_request
    self.send_content(h, request_body)
  File "/usr/lib/python2.7/xmlrpclib.py", line 1459, in send_content
    connection.endheaders(request_body)
  File "/usr/lib/python2.7/httplib.py", line 1095, in endheaders
    self._send_output(message_body)
  File "/usr/lib/python2.7/httplib.py", line 898, in _send_output
    self.send(msg)
  File "/usr/lib/python2.7/httplib.py", line 860, in send
    self.connect()
  File "/usr/lib/python2.7/httplib.py", line 837, in connect
    self.timeout, self.source_address)
  File "/usr/lib/python2.7/socket.py", line 575, in create_connection
    raise err
error: [Errno 111] Connection refused

[rosmaster.master][INFO] 2021-12-01 15:02:01,942: -PUB [/execute_trajectory/feedback] /move_group http://wng:43041/
[rosmaster.master][INFO] 2021-12-01 15:02:01,942: publisherUpdate[/rosout] -> http://wng:33473/ ['http://wng:44419/']
[rosmaster.master][INFO] 2021-12-01 15:02:01,942: publisherUpdate[/joint_states_desired] -> http://wng:43041/ []: sec=0.01, exception=<Fault -1: 'publisherUpdate: unknown method name'>
[rosmaster.master][INFO] 2021-12-01 15:02:01,942: publisherUpdate[/tf] -> http://wng:44419/ []: sec=0.00, result=[1, '', 0]
[rosmaster.master][INFO] 2021-12-01 15:02:01,943: -PUB [/execute_trajectory/status] /move_group http://wng:43041/
[rosmaster.master][INFO] 2021-12-01 15:02:01,943: publisherUpdate[/rosout] -> http://wng:33473/ ['http://wng:44419/']: sec=0.00, result=[1, '', 0]
[rosmaster.master][INFO] 2021-12-01 15:02:01,943: publisherUpdate[/tf] -> http://wng:43041/ []
[rosmaster.threadpool][ERROR] 2021-12-01 15:02:01,943: Traceback (most recent call last):
  File "/opt/ros/melodic/lib/python2.7/dist-packages/rosmaster/threadpool.py", line 218, in run
    result = cmd(*args)
  File "/opt/ros/melodic/lib/python2.7/dist-packages/rosmaster/master_api.py", line 210, in publisher_update_task
    ret = xmlrpcapi(api).publisherUpdate('/master', topic, pub_uris)
  File "/usr/lib/python2.7/xmlrpclib.py", line 1243, in __call__
    return self.__send(self.__name, args)
  File "/usr/lib/python2.7/xmlrpclib.py", line 1602, in __request
    verbose=self.__verbose
  File "/usr/lib/python2.7/xmlrpclib.py", line 1283, in request
    return self.single_request(host, handler, request_body, verbose)
  File "/usr/lib/python2.7/xmlrpclib.py", line 1316, in single_request
    return self.parse_response(response)
  File "/usr/lib/python2.7/xmlrpclib.py", line 1493, in parse_response
    return u.close()
  File "/usr/lib/python2.7/xmlrpclib.py", line 800, in close
    raise Fault(**self._stack[0])
Fault: <Fault -1: 'publisherUpdate: unknown method name'>

[rosmaster.master][INFO] 2021-12-01 15:02:01,943: publisherUpdate[/tf_static] -> http://wng:44419/ []
[rosmaster.master][INFO] 2021-12-01 15:02:01,943: -PUB [/move_group/result] /move_group http://wng:43041/
[rosmaster.master][INFO] 2021-12-01 15:02:01,944: publisherUpdate[/tf] -> http://wng:43041/ []: sec=0.00, exception=<Fault -1: 'publisherUpdate: unknown method name'>
[rosmaster.master][INFO] 2021-12-01 15:02:01,944: -PUB [/move_group/feedback] /move_group http://wng:43041/
[rosmaster.master][INFO] 2021-12-01 15:02:01,944: publisherUpdate[/tf_static] -> http://wng:44419/ []: sec=0.00, result=[1, '', 0]
[rosmaster.threadpool][ERROR] 2021-12-01 15:02:01,945: Traceback (most recent call last):
  File "/opt/ros/melodic/lib/python2.7/dist-packages/rosmaster/threadpool.py", line 218, in run
    result = cmd(*args)
  File "/opt/ros/melodic/lib/python2.7/dist-packages/rosmaster/master_api.py", line 210, in publisher_update_task
    ret = xmlrpcapi(api).publisherUpdate('/master', topic, pub_uris)
  File "/usr/lib/python2.7/xmlrpclib.py", line 1243, in __call__
    return self.__send(self.__name, args)
  File "/usr/lib/python2.7/xmlrpclib.py", line 1602, in __request
    verbose=self.__verbose
  File "/usr/lib/python2.7/xmlrpclib.py", line 1283, in request
    return self.single_request(host, handler, request_body, verbose)
  File "/usr/lib/python2.7/xmlrpclib.py", line 1316, in single_request
    return self.parse_response(response)
  File "/usr/lib/python2.7/xmlrpclib.py", line 1493, in parse_response
    return u.close()
  File "/usr/lib/python2.7/xmlrpclib.py", line 800, in close
    raise Fault(**self._stack[0])
Fault: <Fault -1: 'publisherUpdate: unknown method name'>

[rosmaster.master][INFO] 2021-12-01 15:02:01,945: -PUB [/move_group/status] /move_group http://wng:43041/
[rosmaster.master][INFO] 2021-12-01 15:02:01,945: publisherUpdate[/tf_static] -> http://wng:43041/ []
[rosmaster.master][INFO] 2021-12-01 15:02:01,945: publisherUpdate[/move_group/monitored_planning_scene] -> http://wng:44419/ []
[rosmaster.master][INFO] 2021-12-01 15:02:01,945: -PUB [/move_group/display_grasp_markers] /move_group http://wng:43041/
[rosmaster.master][INFO] 2021-12-01 15:02:01,946: publisherUpdate[/tf_static] -> http://wng:43041/ []: sec=0.00, exception=<Fault -1: 'publisherUpdate: unknown method name'>
[rosmaster.master][INFO] 2021-12-01 15:02:01,946: publisherUpdate[/move_group/monitored_planning_scene] -> http://wng:44419/ []: sec=0.00, result=[1, '', 0]
[rosmaster.master][INFO] 2021-12-01 15:02:01,946: -PUB [/pickup/result] /move_group http://wng:43041/
[rosmaster.master][INFO] 2021-12-01 15:02:01,946: publisherUpdate[/move_group/display_planned_path] -> http://wng:44419/ []
[rosmaster.threadpool][ERROR] 2021-12-01 15:02:01,947: Traceback (most recent call last):
  File "/opt/ros/melodic/lib/python2.7/dist-packages/rosmaster/threadpool.py", line 218, in run
    result = cmd(*args)
  File "/opt/ros/melodic/lib/python2.7/dist-packages/rosmaster/master_api.py", line 210, in publisher_update_task
    ret = xmlrpcapi(api).publisherUpdate('/master', topic, pub_uris)
  File "/usr/lib/python2.7/xmlrpclib.py", line 1243, in __call__
    return self.__send(self.__name, args)
  File "/usr/lib/python2.7/xmlrpclib.py", line 1602, in __request
    verbose=self.__verbose
  File "/usr/lib/python2.7/xmlrpclib.py", line 1283, in request
    return self.single_request(host, handler, request_body, verbose)
  File "/usr/lib/python2.7/xmlrpclib.py", line 1316, in single_request
    return self.parse_response(response)
  File "/usr/lib/python2.7/xmlrpclib.py", line 1493, in parse_response
    return u.close()
  File "/usr/lib/python2.7/xmlrpclib.py", line 800, in close
    raise Fault(**self._stack[0])
Fault: <Fault -1: 'publisherUpdate: unknown method name'>

[rosmaster.master][INFO] 2021-12-01 15:02:01,947: publisherUpdate[/move_group/display_planned_path] -> http://wng:44419/ []: sec=0.00, result=[1, '', 0]
[rosmaster.master][INFO] 2021-12-01 15:02:01,947: -PUB [/pickup/feedback] /move_group http://wng:43041/
[rosmaster.master][INFO] 2021-12-01 15:02:01,947: publisherUpdate[/execute_trajectory/result] -> http://wng:44419/ []
[rosmaster.master][INFO] 2021-12-01 15:02:01,948: -PUB [/pickup/status] /move_group http://wng:43041/
[rosmaster.master][INFO] 2021-12-01 15:02:01,948: publisherUpdate[/execute_trajectory/result] -> http://wng:44419/ []: sec=0.00, result=[1, '', 0]
[rosmaster.master][INFO] 2021-12-01 15:02:01,948: publisherUpdate[/execute_trajectory/feedback] -> http://wng:44419/ []
[rosmaster.master][INFO] 2021-12-01 15:02:01,948: -PUB [/place/result] /move_group http://wng:43041/
[rosmaster.master][INFO] 2021-12-01 15:02:01,948: publisherUpdate[/execute_trajectory/feedback] -> http://wng:44419/ []: sec=0.00, result=[1, '', 0]
[rosmaster.master][INFO] 2021-12-01 15:02:01,949: publisherUpdate[/execute_trajectory/status] -> http://wng:44419/ []
[rosmaster.master][INFO] 2021-12-01 15:02:01,949: -PUB [/place/feedback] /move_group http://wng:43041/
[rosmaster.master][INFO] 2021-12-01 15:02:01,949: publisherUpdate[/execute_trajectory/status] -> http://wng:44419/ []: sec=0.00, result=[1, '', 0]
[rosmaster.master][INFO] 2021-12-01 15:02:01,949: publisherUpdate[/move_group/result] -> http://wng:44419/ []
[rosmaster.master][INFO] 2021-12-01 15:02:01,949: -PUB [/place/status] /move_group http://wng:43041/
[rosmaster.master][INFO] 2021-12-01 15:02:01,950: publisherUpdate[/move_group/result] -> http://wng:44419/ []: sec=0.00, result=[1, '', 0]
[rosmaster.master][INFO] 2021-12-01 15:02:01,950: publisherUpdate[/move_group/feedback] -> http://wng:44419/ []
[rosmaster.master][INFO] 2021-12-01 15:02:01,950: -SUB [/tf] /move_group http://wng:43041/
[rosmaster.master][INFO] 2021-12-01 15:02:01,950: publisherUpdate[/move_group/feedback] -> http://wng:44419/ []: sec=0.00, result=[0, 'Unknown Error', 0]
[rosmaster.master][INFO] 2021-12-01 15:02:01,951: -SUB [/tf_static] /move_group http://wng:43041/
[rosmaster.master][INFO] 2021-12-01 15:02:01,950: publisherUpdate[/move_group/status] -> http://wng:44419/ []
[rosmaster.master][INFO] 2021-12-01 15:02:01,951: -SUB [/planning_scene] /move_group http://wng:43041/
[rosmaster.master][INFO] 2021-12-01 15:02:01,951: publisherUpdate[/move_group/status] -> http://wng:44419/ []: sec=0.00, result=[0, 'Unknown Error', 0]
[rosmaster.master][INFO] 2021-12-01 15:02:01,951: -SUB [/collision_object] /move_group http://wng:43041/
[rosmaster.master][INFO] 2021-12-01 15:02:01,952: publisherUpdate[/pickup/result] -> http://wng:44419/ []
[rosmaster.master][INFO] 2021-12-01 15:02:01,952: -SUB [/planning_scene_world] /move_group http://wng:43041/
[rosmaster.master][INFO] 2021-12-01 15:02:01,952: publisherUpdate[/pickup/result] -> http://wng:44419/ []: sec=0.00, result=[0, 'Unknown Error', 0]
[rosmaster.master][INFO] 2021-12-01 15:02:01,952: -SUB [/camera/depth_registered/points] /move_group http://wng:43041/
[rosmaster.master][INFO] 2021-12-01 15:02:01,953: publisherUpdate[/pickup/feedback] -> http://wng:44419/ []
[rosmaster.master][INFO] 2021-12-01 15:02:01,953: -SUB [/joint_states_desired] /move_group http://wng:43041/
[rosmaster.master][INFO] 2021-12-01 15:02:01,953: publisherUpdate[/pickup/feedback] -> http://wng:44419/ []: sec=0.00, result=[0, 'Unknown Error', 0]
[rosmaster.master][INFO] 2021-12-01 15:02:01,953: -SUB [/attached_collision_object] /move_group http://wng:43041/
[rosmaster.master][INFO] 2021-12-01 15:02:01,953: publisherUpdate[/pickup/status] -> http://wng:44419/ []
[rosmaster.master][INFO] 2021-12-01 15:02:01,954: -SUB [/trajectory_execution_event] /move_group http://wng:43041/
[rosmaster.master][INFO] 2021-12-01 15:02:01,954: publisherUpdate[/pickup/status] -> http://wng:44419/ []: sec=0.00, result=[0, 'Unknown Error', 0]
[rosmaster.master][INFO] 2021-12-01 15:02:01,954: publisherUpdate[/place/result] -> http://wng:44419/ []
[rosmaster.master][INFO] 2021-12-01 15:02:01,954: -SUB [/execute_trajectory/goal] /move_group http://wng:43041/
[rosmaster.master][INFO] 2021-12-01 15:02:01,955: publisherUpdate[/place/result] -> http://wng:44419/ []: sec=0.00, result=[0, 'Unknown Error', 0]
[rosmaster.master][INFO] 2021-12-01 15:02:01,955: publisherUpdate[/place/feedback] -> http://wng:44419/ []
[rosmaster.master][INFO] 2021-12-01 15:02:01,955: -SUB [/execute_trajectory/cancel] /move_group http://wng:43041/
[rosmaster.master][INFO] 2021-12-01 15:02:01,955: publisherUpdate[/place/feedback] -> http://wng:44419/ []: sec=0.00, result=[0, 'Unknown Error', 0]
[rosmaster.master][INFO] 2021-12-01 15:02:01,955: publisherUpdate[/place/status] -> http://wng:44419/ []
[rosmaster.master][INFO] 2021-12-01 15:02:01,956: -SUB [/move_group/goal] /move_group http://wng:43041/
[rosmaster.master][INFO] 2021-12-01 15:02:01,956: publisherUpdate[/place/status] -> http://wng:44419/ []: sec=0.00, result=[0, 'Unknown Error', 0]
[rosmaster.master][INFO] 2021-12-01 15:02:01,956: -SUB [/move_group/cancel] /move_group http://wng:43041/
[rosmaster.master][INFO] 2021-12-01 15:02:01,956: -SUB [/pickup/goal] /move_group http://wng:43041/
[rosmaster.master][INFO] 2021-12-01 15:02:01,957: -SUB [/pickup/cancel] /move_group http://wng:43041/
[rosmaster.master][INFO] 2021-12-01 15:02:01,957: -SUB [/place/goal] /move_group http://wng:43041/
[rosmaster.master][INFO] 2021-12-01 15:02:01,957: -SUB [/place/cancel] /move_group http://wng:43041/
[rosmaster.master][INFO] 2021-12-01 15:02:01,957: -SERVICE [/move_group/get_loggers] /move_group rosrpc://wng:60915
[rosmaster.master][INFO] 2021-12-01 15:02:01,958: -SERVICE [/move_group/set_logger_level] /move_group rosrpc://wng:60915
[rosmaster.master][INFO] 2021-12-01 15:02:01,958: -SERVICE [/move_group/planning_scene_monitor/set_parameters] /move_group rosrpc://wng:60915
[rosmaster.master][INFO] 2021-12-01 15:02:01,958: -SERVICE [/move_group/save_map] /move_group rosrpc://wng:60915
[rosmaster.master][INFO] 2021-12-01 15:02:01,958: -SERVICE [/move_group/load_map] /move_group rosrpc://wng:60915
[rosmaster.master][INFO] 2021-12-01 15:02:01,959: -SERVICE [/move_group/ompl/set_parameters] /move_group rosrpc://wng:60915
[rosmaster.master][INFO] 2021-12-01 15:02:01,959: -SERVICE [/move_group/trajectory_execution/set_parameters] /move_group rosrpc://wng:60915
[rosmaster.master][INFO] 2021-12-01 15:02:01,959: -SERVICE [/move_group/plan_execution/set_parameters] /move_group rosrpc://wng:60915
[rosmaster.master][INFO] 2021-12-01 15:02:01,959: -SERVICE [/move_group/sense_for_plan/set_parameters] /move_group rosrpc://wng:60915
[rosmaster.master][INFO] 2021-12-01 15:02:01,960: -SERVICE [/apply_planning_scene] /move_group rosrpc://wng:60915
[rosmaster.master][INFO] 2021-12-01 15:02:01,960: -SERVICE [/clear_octomap] /move_group rosrpc://wng:60915
[rosmaster.master][INFO] 2021-12-01 15:02:01,960: -SERVICE [/compute_cartesian_path] /move_group rosrpc://wng:60915
[rosmaster.master][INFO] 2021-12-01 15:02:01,960: -SERVICE [/get_planning_scene] /move_group rosrpc://wng:60915
[rosmaster.master][INFO] 2021-12-01 15:02:01,961: -SERVICE [/compute_fk] /move_group rosrpc://wng:60915
[rosmaster.master][INFO] 2021-12-01 15:02:01,961: -SERVICE [/compute_ik] /move_group rosrpc://wng:60915
[rosmaster.master][INFO] 2021-12-01 15:02:01,961: -SERVICE [/plan_kinematic_path] /move_group rosrpc://wng:60915
[rosmaster.master][INFO] 2021-12-01 15:02:01,961: -SERVICE [/query_planner_interface] /move_group rosrpc://wng:60915
[rosmaster.master][INFO] 2021-12-01 15:02:01,962: -SERVICE [/get_planner_params] /move_group rosrpc://wng:60915
[rosmaster.master][INFO] 2021-12-01 15:02:01,962: -SERVICE [/set_planner_params] /move_group rosrpc://wng:60915
[rosmaster.master][INFO] 2021-12-01 15:02:01,962: -SERVICE [/check_state_validity] /move_group rosrpc://wng:60915
[rosmaster.master][INFO] 2021-12-01 15:02:01,963: -CACHEDPARAM [/rosout_disable_topics_generation] by /move_group
[rosmaster.master][INFO] 2021-12-01 15:02:02,056: -PUB [/rosout] /rviz_wng_16835_701434117519552694 http://wng:44419/
[rosmaster.master][INFO] 2021-12-01 15:02:02,057: publisherUpdate[/rosout] -> http://wng:33473/ []
[rosmaster.master][INFO] 2021-12-01 15:02:02,057: -PUB [/planning_scene] /rviz_wng_16835_701434117519552694 http://wng:44419/
[rosmaster.master][INFO] 2021-12-01 15:02:02,058: publisherUpdate[/rosout] -> http://wng:33473/ []: sec=0.00, result=[1, '', 0]
[rosmaster.master][INFO] 2021-12-01 15:02:02,058: -PUB [/planning_scene_world] /rviz_wng_16835_701434117519552694 http://wng:44419/
[rosmaster.master][INFO] 2021-12-01 15:02:02,058: -PUB [/rviz_wng_16835_701434117519552694/motionplanning_planning_scene_monitor/parameter_descriptions] /rviz_wng_16835_701434117519552694 http://wng:44419/
[rosmaster.master][INFO] 2021-12-01 15:02:02,059: -PUB [/rviz_wng_16835_701434117519552694/motionplanning_planning_scene_monitor/parameter_updates] /rviz_wng_16835_701434117519552694 http://wng:44419/
[rosmaster.master][INFO] 2021-12-01 15:02:02,059: -PUB [/rviz_moveit_motion_planning_display/robot_interaction_interactive_marker_topic/update_full] /rviz_wng_16835_701434117519552694 http://wng:44419/
[rosmaster.master][INFO] 2021-12-01 15:02:02,059: -PUB [/rviz_moveit_motion_planning_display/robot_interaction_interactive_marker_topic/update] /rviz_wng_16835_701434117519552694 http://wng:44419/
[rosmaster.master][INFO] 2021-12-01 15:02:02,060: -PUB [/rviz_moveit_motion_planning_display/robot_interaction_interactive_marker_topic/feedback] /rviz_wng_16835_701434117519552694 http://wng:44419/
[rosmaster.master][INFO] 2021-12-01 15:02:02,060: -PUB [/trajectory_execution_event] /rviz_wng_16835_701434117519552694 http://wng:44419/
[rosmaster.master][INFO] 2021-12-01 15:02:02,060: -PUB [/attached_collision_object] /rviz_wng_16835_701434117519552694 http://wng:44419/
[rosmaster.master][INFO] 2021-12-01 15:02:02,060: -PUB [/move_group/goal] /rviz_wng_16835_701434117519552694 http://wng:44419/
[rosmaster.master][INFO] 2021-12-01 15:02:02,061: -PUB [/move_group/cancel] /rviz_wng_16835_701434117519552694 http://wng:44419/
[rosmaster.master][INFO] 2021-12-01 15:02:02,061: -PUB [/pickup/goal] /rviz_wng_16835_701434117519552694 http://wng:44419/
[rosmaster.master][INFO] 2021-12-01 15:02:02,061: -PUB [/pickup/cancel] /rviz_wng_16835_701434117519552694 http://wng:44419/
[rosmaster.master][INFO] 2021-12-01 15:02:02,061: -PUB [/place/goal] /rviz_wng_16835_701434117519552694 http://wng:44419/
[rosmaster.master][INFO] 2021-12-01 15:02:02,062: -PUB [/place/cancel] /rviz_wng_16835_701434117519552694 http://wng:44419/
[rosmaster.master][INFO] 2021-12-01 15:02:02,062: -PUB [/execute_trajectory/goal] /rviz_wng_16835_701434117519552694 http://wng:44419/
[rosmaster.master][INFO] 2021-12-01 15:02:02,062: -PUB [/execute_trajectory/cancel] /rviz_wng_16835_701434117519552694 http://wng:44419/
[rosmaster.master][INFO] 2021-12-01 15:02:02,062: -SUB [/tf] /rviz_wng_16835_701434117519552694 http://wng:44419/
[rosmaster.master][INFO] 2021-12-01 15:02:02,063: -SUB [/tf_static] /rviz_wng_16835_701434117519552694 http://wng:44419/
[rosmaster.master][INFO] 2021-12-01 15:02:02,063: -SUB [/action] /rviz_wng_16835_701434117519552694 http://wng:44419/
[rosmaster.master][INFO] 2021-12-01 15:02:02,063: -SUB [/action_array] /rviz_wng_16835_701434117519552694 http://wng:44419/
[rosmaster.master][INFO] 2021-12-01 15:02:02,064: -SUB [/recognized_object_array] /rviz_wng_16835_701434117519552694 http://wng:44419/
[rosmaster.master][INFO] 2021-12-01 15:02:02,064: -SUB [/move_group/monitored_planning_scene] /rviz_wng_16835_701434117519552694 http://wng:44419/
[rosmaster.master][INFO] 2021-12-01 15:02:02,064: -SUB [/move_group/display_planned_path] /rviz_wng_16835_701434117519552694 http://wng:44419/
[rosmaster.master][INFO] 2021-12-01 15:02:02,064: -SUB [/rviz_moveit_motion_planning_display/robot_interaction_interactive_marker_topic/feedback] /rviz_wng_16835_701434117519552694 http://wng:44419/
[rosmaster.master][INFO] 2021-12-01 15:02:02,064: -SUB [/rviz_moveit_motion_planning_display/robot_interaction_interactive_marker_topic/update] /rviz_wng_16835_701434117519552694 http://wng:44419/
[rosmaster.master][INFO] 2021-12-01 15:02:02,065: -SUB [/move_group/status] /rviz_wng_16835_701434117519552694 http://wng:44419/
[rosmaster.master][INFO] 2021-12-01 15:02:02,065: -SUB [/move_group/feedback] /rviz_wng_16835_701434117519552694 http://wng:44419/
[rosmaster.master][INFO] 2021-12-01 15:02:02,065: -SUB [/move_group/result] /rviz_wng_16835_701434117519552694 http://wng:44419/
[rosmaster.master][INFO] 2021-12-01 15:02:02,066: -SUB [/pickup/status] /rviz_wng_16835_701434117519552694 http://wng:44419/
[rosmaster.master][INFO] 2021-12-01 15:02:02,066: -SUB [/pickup/feedback] /rviz_wng_16835_701434117519552694 http://wng:44419/
[rosmaster.master][INFO] 2021-12-01 15:02:02,066: -SUB [/pickup/result] /rviz_wng_16835_701434117519552694 http://wng:44419/
[rosmaster.master][INFO] 2021-12-01 15:02:02,066: -SUB [/place/status] /rviz_wng_16835_701434117519552694 http://wng:44419/
[rosmaster.master][INFO] 2021-12-01 15:02:02,067: -SUB [/place/feedback] /rviz_wng_16835_701434117519552694 http://wng:44419/
[rosmaster.master][INFO] 2021-12-01 15:02:02,067: -SUB [/place/result] /rviz_wng_16835_701434117519552694 http://wng:44419/
[rosmaster.master][INFO] 2021-12-01 15:02:02,067: -SUB [/execute_trajectory/status] /rviz_wng_16835_701434117519552694 http://wng:44419/
[rosmaster.master][INFO] 2021-12-01 15:02:02,067: -SUB [/execute_trajectory/feedback] /rviz_wng_16835_701434117519552694 http://wng:44419/
[rosmaster.master][INFO] 2021-12-01 15:02:02,068: -SUB [/execute_trajectory/result] /rviz_wng_16835_701434117519552694 http://wng:44419/
[rosmaster.master][INFO] 2021-12-01 15:02:02,068: -SERVICE [/rviz_wng_16835_701434117519552694/get_loggers] /rviz_wng_16835_701434117519552694 rosrpc://wng:48643
[rosmaster.master][INFO] 2021-12-01 15:02:02,068: -SERVICE [/rviz_wng_16835_701434117519552694/set_logger_level] /rviz_wng_16835_701434117519552694 rosrpc://wng:48643
[rosmaster.master][INFO] 2021-12-01 15:02:02,069: -SERVICE [/rviz_wng_16835_701434117519552694/reload_shaders] /rviz_wng_16835_701434117519552694 rosrpc://wng:48643
[rosmaster.master][INFO] 2021-12-01 15:02:02,069: -SERVICE [/rviz_wng_16835_701434117519552694/load_config] /rviz_wng_16835_701434117519552694 rosrpc://wng:48643
[rosmaster.master][INFO] 2021-12-01 15:02:02,069: -SERVICE [/rviz_wng_16835_701434117519552694/save_config] /rviz_wng_16835_701434117519552694 rosrpc://wng:48643
[rosmaster.master][INFO] 2021-12-01 15:02:02,069: -SERVICE [/rviz_wng_16835_701434117519552694/motionplanning_planning_scene_monitor/set_parameters] /rviz_wng_16835_701434117519552694 rosrpc://wng:48643
[rosmaster.master][INFO] 2021-12-01 15:02:02,070: -CACHEDPARAM [/rosout_disable_topics_generation] by /rviz_wng_16835_701434117519552694
[rosmaster.master][INFO] 2021-12-01 15:02:02,144: publisherUpdate[/rviz_moveit_motion_planning_display/robot_interaction_interactive_marker_topic/update] -> http://wng:44419/ []
[rosmaster.master][INFO] 2021-12-01 15:02:02,145: publisherUpdate[/rviz_moveit_motion_planning_display/robot_interaction_interactive_marker_topic/update] -> http://wng:44419/ []: sec=0.00, exception=<Fault -1: 'publisherUpdate: unknown method name'>
[rosmaster.threadpool][ERROR] 2021-12-01 15:02:02,145: Traceback (most recent call last):
  File "/opt/ros/melodic/lib/python2.7/dist-packages/rosmaster/threadpool.py", line 218, in run
    result = cmd(*args)
  File "/opt/ros/melodic/lib/python2.7/dist-packages/rosmaster/master_api.py", line 210, in publisher_update_task
    ret = xmlrpcapi(api).publisherUpdate('/master', topic, pub_uris)
  File "/usr/lib/python2.7/xmlrpclib.py", line 1243, in __call__
    return self.__send(self.__name, args)
  File "/usr/lib/python2.7/xmlrpclib.py", line 1602, in __request
    verbose=self.__verbose
  File "/usr/lib/python2.7/xmlrpclib.py", line 1283, in request
    return self.single_request(host, handler, request_body, verbose)
  File "/usr/lib/python2.7/xmlrpclib.py", line 1316, in single_request
    return self.parse_response(response)
  File "/usr/lib/python2.7/xmlrpclib.py", line 1493, in parse_response
    return u.close()
  File "/usr/lib/python2.7/xmlrpclib.py", line 800, in close
    raise Fault(**self._stack[0])
Fault: <Fault -1: 'publisherUpdate: unknown method name'>

[rosmaster.master][INFO] 2021-12-01 15:02:02,145: publisherUpdate[/rviz_moveit_motion_planning_display/robot_interaction_interactive_marker_topic/feedback] -> http://wng:44419/ []
[rosmaster.master][INFO] 2021-12-01 15:02:02,146: publisherUpdate[/rviz_moveit_motion_planning_display/robot_interaction_interactive_marker_topic/feedback] -> http://wng:44419/ []: sec=0.00, exception=<Fault -1: 'publisherUpdate: unknown method name'>
[rosmaster.threadpool][ERROR] 2021-12-01 15:02:02,146: Traceback (most recent call last):
  File "/opt/ros/melodic/lib/python2.7/dist-packages/rosmaster/threadpool.py", line 218, in run
    result = cmd(*args)
  File "/opt/ros/melodic/lib/python2.7/dist-packages/rosmaster/master_api.py", line 210, in publisher_update_task
    ret = xmlrpcapi(api).publisherUpdate('/master', topic, pub_uris)
  File "/usr/lib/python2.7/xmlrpclib.py", line 1243, in __call__
    return self.__send(self.__name, args)
  File "/usr/lib/python2.7/xmlrpclib.py", line 1602, in __request
    verbose=self.__verbose
  File "/usr/lib/python2.7/xmlrpclib.py", line 1283, in request
    return self.single_request(host, handler, request_body, verbose)
  File "/usr/lib/python2.7/xmlrpclib.py", line 1316, in single_request
    return self.parse_response(response)
  File "/usr/lib/python2.7/xmlrpclib.py", line 1493, in parse_response
    return u.close()
  File "/usr/lib/python2.7/xmlrpclib.py", line 800, in close
    raise Fault(**self._stack[0])
Fault: <Fault -1: 'publisherUpdate: unknown method name'>

[rosmaster.master][INFO] 2021-12-01 15:02:19,077: -PUB [/rosout_agg] /rosout http://wng:33473/
[rosmaster.master][INFO] 2021-12-01 15:02:19,078: -SUB [/rosout] /rosout http://wng:33473/
[rosmaster.master][INFO] 2021-12-01 15:02:19,078: -SERVICE [/rosout/get_loggers] /rosout rosrpc://wng:35441
[rosmaster.master][INFO] 2021-12-01 15:02:19,079: -SERVICE [/rosout/set_logger_level] /rosout rosrpc://wng:35441
[rosmaster.master][INFO] 2021-12-01 15:02:19,079: -CACHEDPARAM [/rosout/omit_topics] by /rosout
[rosmaster.main][INFO] 2021-12-01 15:02:19,184: keyboard interrupt, will exit
[rosmaster.main][INFO] 2021-12-01 15:02:19,184: stopping master...
[rospy.core][INFO] 2021-12-01 15:02:19,184: signal_shutdown [atexit]
