[rospy.client][INFO] 2021-12-01 15:01:26,608: init_node, name[/PandaMove], pid[16916]
[xmlrpc][INFO] 2021-12-01 15:01:26,609: XML-RPC server binding to 0.0.0.0:0
[xmlrpc][INFO] 2021-12-01 15:01:26,609: Started XML-RPC server [http://wng:45165/]
[rospy.init][INFO] 2021-12-01 15:01:26,609: ROS Slave URI: [http://wng:45165/]
[rospy.impl.masterslave][INFO] 2021-12-01 15:01:26,609: _ready: http://wng:45165/
[rospy.registration][INFO] 2021-12-01 15:01:26,610: Registering with master node http://localhost:11311
[xmlrpc][INFO] 2021-12-01 15:01:26,610: xml rpc node: starting XML-RPC server
[rospy.init][INFO] 2021-12-01 15:01:26,710: registered with master
[rospy.rosout][INFO] 2021-12-01 15:01:26,710: initializing /rosout core topic
[rospy.rosout][INFO] 2021-12-01 15:01:26,712: connected to core topic /rosout
[rospy.simtime][INFO] 2021-12-01 15:01:26,712: /use_sim_time is not set, will not subscribe to simulated time [/clock] topic
[rosout][INFO] 2021-12-01 15:01:26,758: pan, pan, None
[rosout][INFO] 2021-12-01 15:01:26,759: pot, pot, None
[rosout][INFO] 2021-12-01 15:01:26,760: plate, plate, None
[rosout][INFO] 2021-12-01 15:01:26,760: bowl, bowl, None
[rosout][INFO] 2021-12-01 15:01:26,761: spatula, spatula, None
[rosout][INFO] 2021-12-01 15:01:26,761: spreader, spreader, None
[rosout][INFO] 2021-12-01 15:01:26,762: scooper, scooper, None
[rosout][INFO] 2021-12-01 15:01:26,762: knife, knife, None
[rosout][INFO] 2021-12-01 15:01:26,763: table, table, None
[rosout][INFO] 2021-12-01 15:01:26,763: stove, stove, None
[rosout][INFO] 2021-12-01 15:01:26,764: cutting_board, cutting_board, None
[rosout][INFO] 2021-12-01 15:01:26,765: near_cutting_board, near_cutting_board, None
[rosout][INFO] 2021-12-01 15:01:26,765: onion, onion, ['exist']
[rosout][INFO] 2021-12-01 15:01:26,766: celery, celery, ['exist']
[rosout][INFO] 2021-12-01 15:01:26,766: green_pepper, green_pepper, ['exist']
[rosout][INFO] 2021-12-01 15:01:26,767: cheese, cheese, ['exist']
[rosout][INFO] 2021-12-01 15:01:26,768: oregano, oregano, ['exist']
[rosout][INFO] 2021-12-01 15:01:26,768: black_olive, black_olive, ['exist']
[rosout][INFO] 2021-12-01 15:01:26,769: tomato, tomato, ['exist']
[rosout][INFO] 2021-12-01 15:01:26,769: salad, salad, []
[rospy.internal][INFO] 2021-12-01 15:01:26,889: topic[/rosout] adding connection to [/rosout], count 0
[rospy.core][INFO] 2021-12-01 15:02:01,859: signal_shutdown [signal-2]
[rospy.internal][INFO] 2021-12-01 15:02:01,863: topic[/rosout] removing connection to /rosout
[rospy.impl.masterslave][INFO] 2021-12-01 15:02:01,863: signal-2
[rospy.core][INFO] 2021-12-01 15:02:16,880: signal_shutdown [signal-15]
