[rospy.client][INFO] 2021-09-07 13:14:26,274: init_node, name[/joint_state_publisher], pid[20415]
[xmlrpc][INFO] 2021-09-07 13:14:26,274: XML-RPC server binding to 0.0.0.0:0
[xmlrpc][INFO] 2021-09-07 13:14:26,275: Started XML-RPC server [http://wng:44425/]
[rospy.init][INFO] 2021-09-07 13:14:26,275: ROS Slave URI: [http://wng:44425/]
[rospy.impl.masterslave][INFO] 2021-09-07 13:14:26,275: _ready: http://wng:44425/
[xmlrpc][INFO] 2021-09-07 13:14:26,275: xml rpc node: starting XML-RPC server
[rospy.registration][INFO] 2021-09-07 13:14:26,275: Registering with master node http://localhost:11311
[rospy.init][INFO] 2021-09-07 13:14:26,375: registered with master
[rospy.rosout][INFO] 2021-09-07 13:14:26,375: initializing /rosout core topic
[rospy.rosout][INFO] 2021-09-07 13:14:26,378: connected to core topic /rosout
[rospy.simtime][INFO] 2021-09-07 13:14:26,378: /use_sim_time is not set, will not subscribe to simulated time [/clock] topic
[rospy.internal][INFO] 2021-09-07 13:14:26,440: topic[/move_group/fake_controller_joint_states] adding connection to [http://wng:38727/], count 0
[rospy.internal][INFO] 2021-09-07 13:14:26,676: topic[/rosout] adding connection to [/rosout], count 0
[rospy.internal][INFO] 2021-09-07 13:14:26,676: topic[/joint_states] adding connection to [/joint_state_desired_publisher], count 0
[rospy.internal][INFO] 2021-09-07 13:14:26,776: topic[/joint_states] adding connection to [/robot_state_publisher], count 1
[rospy.internal][INFO] 2021-09-07 13:14:54,878: topic[/joint_states] adding connection to [/move_group_commander_wrappers_1630988073501393895], count 2
[rospy.internal][INFO] 2021-09-07 13:33:34,993: topic[/joint_states] removing connection to /move_group_commander_wrappers_1630988073501393895
[rospy.core][INFO] 2021-09-07 13:33:40,261: signal_shutdown [signal-2]
[rospy.internal][INFO] 2021-09-07 13:33:40,265: topic[/joint_states] removing connection to /joint_state_desired_publisher
[rospy.internal][INFO] 2021-09-07 13:33:40,266: topic[/joint_states] removing connection to /robot_state_publisher
[rospy.internal][INFO] 2021-09-07 13:33:40,266: topic[/rosout] removing connection to /rosout
[rospy.internal][INFO] 2021-09-07 13:33:40,266: topic[/move_group/fake_controller_joint_states] removing connection to http://wng:38727/
[rospy.impl.masterslave][INFO] 2021-09-07 13:33:40,266: signal-2
[rospy.internal][WARNING] 2021-09-07 13:33:40,365: Unknown error initiating TCP/IP socket to wng:51989 (http://wng:38727/): Traceback (most recent call last):
  File "/opt/ros/melodic/lib/python2.7/dist-packages/rospy/impl/tcpros_base.py", line 562, in connect
    self.read_header()
  File "/opt/ros/melodic/lib/python2.7/dist-packages/rospy/impl/tcpros_base.py", line 657, in read_header
    self._validate_header(read_ros_handshake_header(sock, self.read_buff, self.protocol.buff_size))
  File "/opt/ros/melodic/lib/python2.7/dist-packages/rosgraph/network.py", line 359, in read_ros_handshake_header
    raise ROSHandshakeException("connection from sender terminated before handshake header received. %s bytes were received. Please check sender for additional details."%b.tell())
ROSHandshakeException: connection from sender terminated before handshake header received. 0 bytes were received. Please check sender for additional details.

[rospy.core][INFO] 2021-09-07 13:33:40,386: signal_shutdown [atexit]
