[rospy.client][INFO] 2021-09-24 15:03:07,919: init_node, name[/joint_state_publisher], pid[28269]
[xmlrpc][INFO] 2021-09-24 15:03:07,919: XML-RPC server binding to 0.0.0.0:0
[xmlrpc][INFO] 2021-09-24 15:03:07,919: Started XML-RPC server [http://wng:38697/]
[rospy.init][INFO] 2021-09-24 15:03:07,919: ROS Slave URI: [http://wng:38697/]
[rospy.impl.masterslave][INFO] 2021-09-24 15:03:07,920: _ready: http://wng:38697/
[xmlrpc][INFO] 2021-09-24 15:03:07,920: xml rpc node: starting XML-RPC server
[rospy.registration][INFO] 2021-09-24 15:03:07,920: Registering with master node http://localhost:11311
[rospy.init][INFO] 2021-09-24 15:03:08,020: registered with master
[rospy.rosout][INFO] 2021-09-24 15:03:08,020: initializing /rosout core topic
[rospy.rosout][INFO] 2021-09-24 15:03:08,022: connected to core topic /rosout
[rospy.simtime][INFO] 2021-09-24 15:03:08,022: /use_sim_time is not set, will not subscribe to simulated time [/clock] topic
[rospy.internal][INFO] 2021-09-24 15:03:08,085: topic[/move_group/fake_controller_joint_states] adding connection to [http://wng:40967/], count 0
[rospy.internal][INFO] 2021-09-24 15:03:08,313: topic[/rosout] adding connection to [/rosout], count 0
[rospy.internal][INFO] 2021-09-24 15:03:08,314: topic[/joint_states] adding connection to [/joint_state_desired_publisher], count 0
[rospy.internal][INFO] 2021-09-24 15:03:08,314: topic[/joint_states] adding connection to [/robot_state_publisher], count 1
[rospy.internal][INFO] 2021-09-24 15:03:45,518: topic[/joint_states] adding connection to [/move_group_commander_wrappers_1632463397981798288], count 2
[rospy.internal][INFO] 2021-09-24 15:37:45,636: topic[/joint_states] removing connection to /move_group_commander_wrappers_1632463397981798288
[rospy.core][INFO] 2021-09-24 15:38:08,888: signal_shutdown [signal-2]
[rospy.internal][INFO] 2021-09-24 15:38:08,891: topic[/joint_states] removing connection to /joint_state_desired_publisher
[rospy.internal][INFO] 2021-09-24 15:38:08,891: topic[/joint_states] removing connection to /robot_state_publisher
[rospy.internal][INFO] 2021-09-24 15:38:08,891: topic[/rosout] removing connection to /rosout
[rospy.internal][INFO] 2021-09-24 15:38:08,891: topic[/move_group/fake_controller_joint_states] removing connection to http://wng:40967/
[rospy.impl.masterslave][INFO] 2021-09-24 15:38:08,892: signal-2
[rospy.internal][WARNING] 2021-09-24 15:38:08,972: Unknown error initiating TCP/IP socket to wng:49089 (http://wng:40967/): Traceback (most recent call last):
  File "/opt/ros/melodic/lib/python2.7/dist-packages/rospy/impl/tcpros_base.py", line 562, in connect
    self.read_header()
  File "/opt/ros/melodic/lib/python2.7/dist-packages/rospy/impl/tcpros_base.py", line 657, in read_header
    self._validate_header(read_ros_handshake_header(sock, self.read_buff, self.protocol.buff_size))
  File "/opt/ros/melodic/lib/python2.7/dist-packages/rosgraph/network.py", line 359, in read_ros_handshake_header
    raise ROSHandshakeException("connection from sender terminated before handshake header received. %s bytes were received. Please check sender for additional details."%b.tell())
ROSHandshakeException: connection from sender terminated before handshake header received. 0 bytes were received. Please check sender for additional details.

[rospy.core][INFO] 2021-09-24 15:38:08,999: signal_shutdown [atexit]
