[rospy.client][INFO] 2021-09-24 14:26:58,330: init_node, name[/joint_state_publisher], pid[23840]
[xmlrpc][INFO] 2021-09-24 14:26:58,331: XML-RPC server binding to 0.0.0.0:0
[xmlrpc][INFO] 2021-09-24 14:26:58,331: Started XML-RPC server [http://wng:33147/]
[rospy.init][INFO] 2021-09-24 14:26:58,331: ROS Slave URI: [http://wng:33147/]
[rospy.impl.masterslave][INFO] 2021-09-24 14:26:58,331: _ready: http://wng:33147/
[xmlrpc][INFO] 2021-09-24 14:26:58,332: xml rpc node: starting XML-RPC server
[rospy.registration][INFO] 2021-09-24 14:26:58,332: Registering with master node http://localhost:11311
[rospy.init][INFO] 2021-09-24 14:26:58,431: registered with master
[rospy.rosout][INFO] 2021-09-24 14:26:58,431: initializing /rosout core topic
[rospy.rosout][INFO] 2021-09-24 14:26:58,433: connected to core topic /rosout
[rospy.simtime][INFO] 2021-09-24 14:26:58,434: /use_sim_time is not set, will not subscribe to simulated time [/clock] topic
[rospy.internal][INFO] 2021-09-24 14:26:58,496: topic[/move_group/fake_controller_joint_states] adding connection to [http://wng:44729/], count 0
[rospy.internal][INFO] 2021-09-24 14:26:58,632: topic[/rosout] adding connection to [/rosout], count 0
[rospy.internal][INFO] 2021-09-24 14:26:58,732: topic[/joint_states] adding connection to [/joint_state_desired_publisher], count 0
[rospy.internal][INFO] 2021-09-24 14:26:58,832: topic[/joint_states] adding connection to [/robot_state_publisher], count 1
[rospy.internal][INFO] 2021-09-24 14:28:40,967: topic[/joint_states] adding connection to [/move_group_commander_wrappers_1632461225364395086], count 2
[rospy.core][INFO] 2021-09-24 14:28:58,507: signal_shutdown [signal-2]
[rospy.internal][INFO] 2021-09-24 14:28:58,517: topic[/joint_states] removing connection to /joint_state_desired_publisher
[rospy.internal][INFO] 2021-09-24 14:28:58,517: topic[/joint_states] removing connection to /robot_state_publisher
[rospy.internal][INFO] 2021-09-24 14:28:58,518: topic[/joint_states] removing connection to /move_group_commander_wrappers_1632461225364395086
[rospy.internal][INFO] 2021-09-24 14:28:58,518: topic[/rosout] removing connection to /rosout
[rospy.internal][INFO] 2021-09-24 14:28:58,518: topic[/move_group/fake_controller_joint_states] removing connection to http://wng:44729/
[rospy.impl.masterslave][INFO] 2021-09-24 14:28:58,518: signal-2
[rospy.core][INFO] 2021-09-24 14:28:58,626: signal_shutdown [atexit]
