[rospy.client][INFO] 2021-09-24 14:26:58,852: init_node, name[/server_endpoint], pid[23838]
[xmlrpc][INFO] 2021-09-24 14:26:58,852: XML-RPC server binding to 0.0.0.0:0
[xmlrpc][INFO] 2021-09-24 14:26:58,852: Started XML-RPC server [http://wng:42897/]
[rospy.init][INFO] 2021-09-24 14:26:58,852: ROS Slave URI: [http://wng:42897/]
[rospy.impl.masterslave][INFO] 2021-09-24 14:26:58,852: _ready: http://wng:42897/
[rospy.registration][INFO] 2021-09-24 14:26:58,853: Registering with master node http://localhost:11311
[xmlrpc][INFO] 2021-09-24 14:26:58,853: xml rpc node: starting XML-RPC server
[rospy.init][INFO] 2021-09-24 14:26:58,953: registered with master
[rospy.rosout][INFO] 2021-09-24 14:26:58,953: initializing /rosout core topic
[rospy.rosout][INFO] 2021-09-24 14:26:58,954: connected to core topic /rosout
[rospy.simtime][INFO] 2021-09-24 14:26:58,955: /use_sim_time is not set, will not subscribe to simulated time [/clock] topic
[rosout][INFO] 2021-09-24 14:26:58,973: Starting server on 192.168.1.146:10000
[rospy.internal][INFO] 2021-09-24 14:26:59,235: topic[/rosout] adding connection to [/rosout], count 0
[rosout][INFO] 2021-09-24 14:27:10,092: Connection from 192.168.1.146
[rosout][INFO] 2021-09-24 14:27:10,096: RegisterPublisher(execution_check, <class 'panda_move.msg._ExecutionCheck.ExecutionCheck'>) OK
[rospy.internal][INFO] 2021-09-24 14:27:10,188: topic[/execution_check] adding connection to [http://wng:42897/], count 0
[rospy.internal][INFO] 2021-09-24 14:27:10,191: topic[/execution_check] adding connection to [/server_endpoint], count 0
[rospy.core][INFO] 2021-09-24 14:28:58,507: signal_shutdown [signal-2]
[rospy.internal][INFO] 2021-09-24 14:28:58,518: topic[/execution_check] removing connection to /server_endpoint
[rospy.internal][INFO] 2021-09-24 14:28:58,518: topic[/rosout] removing connection to /rosout
[rospy.internal][INFO] 2021-09-24 14:28:58,519: topic[/execution_check] removing connection to http://wng:42897/
[rospy.impl.masterslave][INFO] 2021-09-24 14:28:58,519: signal-2
[rospy.internal][ERROR] 2021-09-24 14:28:58,519: Unable to initiate TCP/IP socket to wng:43841 (http://wng:42897/): Traceback (most recent call last):
  File "/opt/ros/melodic/lib/python2.7/dist-packages/rospy/impl/tcpros_base.py", line 562, in connect
    self.read_header()
  File "/opt/ros/melodic/lib/python2.7/dist-packages/rospy/impl/tcpros_base.py", line 657, in read_header
    self._validate_header(read_ros_handshake_header(sock, self.read_buff, self.protocol.buff_size))
  File "/opt/ros/melodic/lib/python2.7/dist-packages/rospy/impl/tcpros_base.py", line 600, in _validate_header
    raise TransportInitError("remote error reported: %s"%header['error'])
TransportInitError: remote error reported: node shutting down

[rospy.core][INFO] 2021-09-24 14:28:59,136: signal_shutdown [atexit]
