[rospy.client][INFO] 2021-09-07 12:35:15,848: init_node, name[/joint_state_publisher], pid[14700]
[xmlrpc][INFO] 2021-09-07 12:35:15,848: XML-RPC server binding to 0.0.0.0:0
[xmlrpc][INFO] 2021-09-07 12:35:15,848: Started XML-RPC server [http://wng:34773/]
[rospy.init][INFO] 2021-09-07 12:35:15,848: ROS Slave URI: [http://wng:34773/]
[rospy.impl.masterslave][INFO] 2021-09-07 12:35:15,848: _ready: http://wng:34773/
[xmlrpc][INFO] 2021-09-07 12:35:15,849: xml rpc node: starting XML-RPC server
[rospy.registration][INFO] 2021-09-07 12:35:15,849: Registering with master node http://localhost:11311
[rospy.init][INFO] 2021-09-07 12:35:15,948: registered with master
[rospy.rosout][INFO] 2021-09-07 12:35:15,949: initializing /rosout core topic
[rospy.rosout][INFO] 2021-09-07 12:35:15,951: connected to core topic /rosout
[rospy.simtime][INFO] 2021-09-07 12:35:15,952: /use_sim_time is not set, will not subscribe to simulated time [/clock] topic
[rospy.internal][INFO] 2021-09-07 12:35:16,013: topic[/move_group/fake_controller_joint_states] adding connection to [http://wng:46247/], count 0
[rospy.internal][INFO] 2021-09-07 12:35:16,216: topic[/rosout] adding connection to [/rosout], count 0
[rospy.internal][INFO] 2021-09-07 12:35:16,217: topic[/joint_states] adding connection to [/joint_state_desired_publisher], count 0
[rospy.internal][INFO] 2021-09-07 12:35:16,217: topic[/joint_states] adding connection to [/robot_state_publisher], count 1
[rospy.internal][INFO] 2021-09-07 12:36:00,208: topic[/joint_states] adding connection to [/move_group_commander_wrappers_1630985728103495178], count 2
[rospy.internal][INFO] 2021-09-07 12:54:43,656: topic[/joint_states] removing connection to /move_group_commander_wrappers_1630985728103495178
[rospy.core][INFO] 2021-09-07 12:54:52,475: signal_shutdown [signal-2]
[rospy.internal][INFO] 2021-09-07 12:54:52,477: topic[/joint_states] removing connection to /joint_state_desired_publisher
[rospy.internal][INFO] 2021-09-07 12:54:52,481: topic[/joint_states] removing connection to /robot_state_publisher
[rospy.internal][INFO] 2021-09-07 12:54:52,481: topic[/rosout] removing connection to /rosout
[rospy.internal][INFO] 2021-09-07 12:54:52,481: topic[/move_group/fake_controller_joint_states] removing connection to http://wng:46247/
[rospy.impl.masterslave][INFO] 2021-09-07 12:54:52,481: signal-2
[rospy.core][INFO] 2021-09-07 12:54:52,645: signal_shutdown [atexit]
