[rospy.client][INFO] 2021-09-07 12:35:16,318: init_node, name[/server_endpoint], pid[14698]
[xmlrpc][INFO] 2021-09-07 12:35:16,318: XML-RPC server binding to 0.0.0.0:0
[xmlrpc][INFO] 2021-09-07 12:35:16,318: Started XML-RPC server [http://wng:42329/]
[rospy.init][INFO] 2021-09-07 12:35:16,318: ROS Slave URI: [http://wng:42329/]
[rospy.impl.masterslave][INFO] 2021-09-07 12:35:16,319: _ready: http://wng:42329/
[rospy.registration][INFO] 2021-09-07 12:35:16,319: Registering with master node http://localhost:11311
[xmlrpc][INFO] 2021-09-07 12:35:16,319: xml rpc node: starting XML-RPC server
[rospy.init][INFO] 2021-09-07 12:35:16,419: registered with master
[rospy.rosout][INFO] 2021-09-07 12:35:16,419: initializing /rosout core topic
[rospy.rosout][INFO] 2021-09-07 12:35:16,420: connected to core topic /rosout
[rospy.simtime][INFO] 2021-09-07 12:35:16,420: /use_sim_time is not set, will not subscribe to simulated time [/clock] topic
[rosout][INFO] 2021-09-07 12:35:16,426: Starting server on 192.168.1.146:10000
[rospy.internal][INFO] 2021-09-07 12:35:16,718: topic[/rosout] adding connection to [/rosout], count 0
[rosout][INFO] 2021-09-07 12:35:22,820: Connection from 192.168.1.146
[rosout][INFO] 2021-09-07 12:35:22,825: RegisterPublisher(execution_check, <class 'panda_move.msg._ExecutionCheck.ExecutionCheck'>) OK
[rospy.internal][INFO] 2021-09-07 12:35:22,850: topic[/execution_check] adding connection to [http://wng:42329/], count 0
[rospy.internal][INFO] 2021-09-07 12:35:22,852: topic[/execution_check] adding connection to [/server_endpoint], count 0
[rospy.core][INFO] 2021-09-07 12:54:52,482: signal_shutdown [signal-2]
[rospy.internal][INFO] 2021-09-07 12:54:52,485: topic[/execution_check] removing connection to /server_endpoint
[rospy.internal][INFO] 2021-09-07 12:54:52,485: topic[/rosout] removing connection to /rosout
[rospy.internal][INFO] 2021-09-07 12:54:52,485: topic[/execution_check] removing connection to http://wng:42329/
[rospy.topics][ERROR] 2021-09-07 12:54:52,486: Traceback (most recent call last):
  File "/opt/ros/melodic/lib/python2.7/dist-packages/rospy/topics.py", line 326, in close
    c.close()
  File "/opt/ros/melodic/lib/python2.7/dist-packages/rospy/impl/tcpros_base.py", line 846, in close
    self.socket.close()
AttributeError: 'NoneType' object has no attribute 'close'

[rospy.impl.masterslave][INFO] 2021-09-07 12:54:52,486: signal-2
[rospy.internal][WARNING] 2021-09-07 12:54:52,486: Unknown error initiating TCP/IP socket to wng:34561 (http://wng:42329/): Traceback (most recent call last):
  File "/opt/ros/melodic/lib/python2.7/dist-packages/rospy/impl/tcpros_base.py", line 562, in connect
    self.read_header()
  File "/opt/ros/melodic/lib/python2.7/dist-packages/rospy/impl/tcpros_base.py", line 657, in read_header
    self._validate_header(read_ros_handshake_header(sock, self.read_buff, self.protocol.buff_size))
AttributeError: 'NoneType' object has no attribute 'buff_size'

[rospy.core][INFO] 2021-09-07 12:54:52,601: signal_shutdown [atexit]
