[rospy.client][INFO] 2021-11-29 10:51:32,088: init_node, name[/joint_state_publisher], pid[19466]
[xmlrpc][INFO] 2021-11-29 10:51:32,088: XML-RPC server binding to 0.0.0.0:0
[xmlrpc][INFO] 2021-11-29 10:51:32,088: Started XML-RPC server [http://wng:46237/]
[rospy.impl.masterslave][INFO] 2021-11-29 10:51:32,088: _ready: http://wng:46237/
[rospy.registration][INFO] 2021-11-29 10:51:32,089: Registering with master node http://localhost:11311
[xmlrpc][INFO] 2021-11-29 10:51:32,095: xml rpc node: starting XML-RPC server
[rospy.init][INFO] 2021-11-29 10:51:32,095: ROS Slave URI: [http://wng:46237/]
[rospy.init][INFO] 2021-11-29 10:51:32,095: registered with master
[rospy.rosout][INFO] 2021-11-29 10:51:32,095: initializing /rosout core topic
[rospy.rosout][INFO] 2021-11-29 10:51:32,096: connected to core topic /rosout
[rospy.simtime][INFO] 2021-11-29 10:51:32,097: /use_sim_time is not set, will not subscribe to simulated time [/clock] topic
[rospy.internal][INFO] 2021-11-29 10:51:32,210: topic[/move_group/fake_controller_joint_states] adding connection to [http://wng:43101/], count 0
[rospy.internal][INFO] 2021-11-29 10:51:32,361: topic[/rosout] adding connection to [/rosout], count 0
[rospy.internal][INFO] 2021-11-29 10:51:32,462: topic[/joint_states] adding connection to [/joint_state_desired_publisher], count 0
[rospy.internal][INFO] 2021-11-29 10:51:32,463: topic[/joint_states] adding connection to [/robot_state_publisher], count 1
[rospy.internal][INFO] 2021-11-29 10:52:04,669: topic[/joint_states] adding connection to [/move_group_commander_wrappers_1638150698895985755], count 2
[rospy.internal][INFO] 2021-11-29 11:09:13,907: topic[/joint_states] removing connection to /move_group_commander_wrappers_1638150698895985755
[rospy.core][INFO] 2021-11-29 11:11:24,287: signal_shutdown [signal-2]
[rospy.internal][INFO] 2021-11-29 11:11:24,291: topic[/joint_states] removing connection to /joint_state_desired_publisher
[rospy.internal][INFO] 2021-11-29 11:11:24,293: topic[/joint_states] removing connection to /robot_state_publisher
[rospy.internal][INFO] 2021-11-29 11:11:24,293: topic[/rosout] removing connection to /rosout
[rospy.internal][INFO] 2021-11-29 11:11:24,294: topic[/move_group/fake_controller_joint_states] removing connection to http://wng:43101/
[rospy.impl.masterslave][INFO] 2021-11-29 11:11:24,294: signal-2
[rospy.internal][WARNING] 2021-11-29 11:11:24,563: Unknown error initiating TCP/IP socket to wng:55073 (http://wng:43101/): Traceback (most recent call last):
  File "/opt/ros/melodic/lib/python2.7/dist-packages/rospy/impl/tcpros_base.py", line 562, in connect
    self.read_header()
  File "/opt/ros/melodic/lib/python2.7/dist-packages/rospy/impl/tcpros_base.py", line 657, in read_header
    self._validate_header(read_ros_handshake_header(sock, self.read_buff, self.protocol.buff_size))
  File "/opt/ros/melodic/lib/python2.7/dist-packages/rosgraph/network.py", line 357, in read_ros_handshake_header
    d = sock.recv(buff_size)
error: [Errno 104] Connection reset by peer

[rospy.core][INFO] 2021-11-29 11:11:24,912: signal_shutdown [atexit]
