[rospy.client][INFO] 2021-12-01 13:06:23,949: init_node, name[/joint_state_publisher], pid[5283]
[xmlrpc][INFO] 2021-12-01 13:06:23,949: XML-RPC server binding to 0.0.0.0:0
[xmlrpc][INFO] 2021-12-01 13:06:23,949: Started XML-RPC server [http://wng:34275/]
[rospy.init][INFO] 2021-12-01 13:06:23,949: ROS Slave URI: [http://wng:34275/]
[rospy.impl.masterslave][INFO] 2021-12-01 13:06:23,950: _ready: http://wng:34275/
[xmlrpc][INFO] 2021-12-01 13:06:23,950: xml rpc node: starting XML-RPC server
[rospy.registration][INFO] 2021-12-01 13:06:23,950: Registering with master node http://localhost:11311
[rospy.init][INFO] 2021-12-01 13:06:24,050: registered with master
[rospy.rosout][INFO] 2021-12-01 13:06:24,050: initializing /rosout core topic
[rospy.rosout][INFO] 2021-12-01 13:06:24,052: connected to core topic /rosout
[rospy.simtime][INFO] 2021-12-01 13:06:24,053: /use_sim_time is not set, will not subscribe to simulated time [/clock] topic
[rospy.internal][INFO] 2021-12-01 13:06:24,115: topic[/move_group/fake_controller_joint_states] adding connection to [http://wng:36767/], count 0
[rospy.internal][INFO] 2021-12-01 13:06:24,323: topic[/rosout] adding connection to [/rosout], count 0
[rospy.internal][INFO] 2021-12-01 13:06:24,324: topic[/joint_states] adding connection to [/joint_state_desired_publisher], count 0
[rospy.internal][INFO] 2021-12-01 13:06:24,324: topic[/joint_states] adding connection to [/robot_state_publisher], count 1
[rospy.internal][INFO] 2021-12-01 13:07:23,705: topic[/joint_states] adding connection to [/move_group_commander_wrappers_1638331624355799651], count 2
[rospy.internal][INFO] 2021-12-01 13:19:30,330: topic[/joint_states] removing connection to /move_group_commander_wrappers_1638331624355799651
[rospy.core][INFO] 2021-12-01 13:19:32,978: signal_shutdown [signal-2]
[rospy.internal][INFO] 2021-12-01 13:19:32,982: topic[/joint_states] removing connection to /joint_state_desired_publisher
[rospy.internal][INFO] 2021-12-01 13:19:32,983: topic[/joint_states] removing connection to /robot_state_publisher
[rospy.internal][INFO] 2021-12-01 13:19:32,983: topic[/rosout] removing connection to /rosout
[rospy.internal][INFO] 2021-12-01 13:19:32,983: topic[/move_group/fake_controller_joint_states] removing connection to http://wng:36767/
[rospy.impl.masterslave][INFO] 2021-12-01 13:19:32,983: signal-2
[rospy.internal][WARNING] 2021-12-01 13:19:33,096: Unknown error initiating TCP/IP socket to wng:33883 (http://wng:36767/): Traceback (most recent call last):
  File "/opt/ros/melodic/lib/python2.7/dist-packages/rospy/impl/tcpros_base.py", line 562, in connect
    self.read_header()
  File "/opt/ros/melodic/lib/python2.7/dist-packages/rospy/impl/tcpros_base.py", line 657, in read_header
    self._validate_header(read_ros_handshake_header(sock, self.read_buff, self.protocol.buff_size))
  File "/opt/ros/melodic/lib/python2.7/dist-packages/rosgraph/network.py", line 359, in read_ros_handshake_header
    raise ROSHandshakeException("connection from sender terminated before handshake header received. %s bytes were received. Please check sender for additional details."%b.tell())
ROSHandshakeException: connection from sender terminated before handshake header received. 0 bytes were received. Please check sender for additional details.

[rospy.core][INFO] 2021-12-01 13:19:33,099: signal_shutdown [atexit]
