[rospy.client][INFO] 2021-09-18 15:52:12,177: init_node, name[/server_endpoint], pid[4386]
[xmlrpc][INFO] 2021-09-18 15:52:12,177: XML-RPC server binding to 0.0.0.0:0
[xmlrpc][INFO] 2021-09-18 15:52:12,177: Started XML-RPC server [http://wng:46595/]
[rospy.init][INFO] 2021-09-18 15:52:12,177: ROS Slave URI: [http://wng:46595/]
[rospy.impl.masterslave][INFO] 2021-09-18 15:52:12,178: _ready: http://wng:46595/
[rospy.registration][INFO] 2021-09-18 15:52:12,178: Registering with master node http://localhost:11311
[xmlrpc][INFO] 2021-09-18 15:52:12,178: xml rpc node: starting XML-RPC server
[rospy.init][INFO] 2021-09-18 15:52:12,278: registered with master
[rospy.rosout][INFO] 2021-09-18 15:52:12,278: initializing /rosout core topic
[rospy.rosout][INFO] 2021-09-18 15:52:12,281: connected to core topic /rosout
[rospy.simtime][INFO] 2021-09-18 15:52:12,283: /use_sim_time is not set, will not subscribe to simulated time [/clock] topic
[rosout][INFO] 2021-09-18 15:52:12,298: Starting server on 192.168.1.146:10000
[rospy.internal][INFO] 2021-09-18 15:52:12,547: topic[/rosout] adding connection to [/rosout], count 0
[rosout][INFO] 2021-09-18 15:52:25,729: Connection from 192.168.1.146
[rosout][INFO] 2021-09-18 15:52:25,733: RegisterPublisher(execution_check, <class 'panda_move.msg._ExecutionCheck.ExecutionCheck'>) OK
[rospy.internal][INFO] 2021-09-18 15:52:25,811: topic[/execution_check] adding connection to [http://wng:46595/], count 0
[rospy.internal][INFO] 2021-09-18 15:52:25,812: topic[/execution_check] adding connection to [/server_endpoint], count 0
[rospy.core][INFO] 2021-09-18 16:23:52,461: signal_shutdown [signal-2]
[rospy.internal][INFO] 2021-09-18 16:23:52,466: topic[/execution_check] removing connection to /server_endpoint
[rospy.internal][INFO] 2021-09-18 16:23:52,466: topic[/rosout] removing connection to /rosout
[rospy.internal][INFO] 2021-09-18 16:23:52,467: topic[/execution_check] removing connection to http://wng:46595/
[rospy.impl.masterslave][INFO] 2021-09-18 16:23:52,467: signal-2
[rospy.internal][ERROR] 2021-09-18 16:23:52,467: Unable to initiate TCP/IP socket to wng:44045 (http://wng:46595/): Traceback (most recent call last):
  File "/opt/ros/melodic/lib/python2.7/dist-packages/rospy/impl/tcpros_base.py", line 562, in connect
    self.read_header()
  File "/opt/ros/melodic/lib/python2.7/dist-packages/rospy/impl/tcpros_base.py", line 657, in read_header
    self._validate_header(read_ros_handshake_header(sock, self.read_buff, self.protocol.buff_size))
  File "/opt/ros/melodic/lib/python2.7/dist-packages/rospy/impl/tcpros_base.py", line 600, in _validate_header
    raise TransportInitError("remote error reported: %s"%header['error'])
TransportInitError: remote error reported: node shutting down

[rospy.core][INFO] 2021-09-18 16:23:52,600: signal_shutdown [atexit]
