[rospy.client][INFO] 2021-09-18 21:57:38,328: init_node, name[/joint_state_publisher], pid[4809]
[xmlrpc][INFO] 2021-09-18 21:57:38,329: XML-RPC server binding to 0.0.0.0:0
[xmlrpc][INFO] 2021-09-18 21:57:38,329: Started XML-RPC server [http://wng:41001/]
[rospy.init][INFO] 2021-09-18 21:57:38,329: ROS Slave URI: [http://wng:41001/]
[rospy.impl.masterslave][INFO] 2021-09-18 21:57:38,329: _ready: http://wng:41001/
[xmlrpc][INFO] 2021-09-18 21:57:38,330: xml rpc node: starting XML-RPC server
[rospy.registration][INFO] 2021-09-18 21:57:38,329: Registering with master node http://localhost:11311
[rospy.init][INFO] 2021-09-18 21:57:38,429: registered with master
[rospy.rosout][INFO] 2021-09-18 21:57:38,429: initializing /rosout core topic
[rospy.rosout][INFO] 2021-09-18 21:57:38,432: connected to core topic /rosout
[rospy.simtime][INFO] 2021-09-18 21:57:38,432: /use_sim_time is not set, will not subscribe to simulated time [/clock] topic
[rospy.internal][INFO] 2021-09-18 21:57:38,494: topic[/move_group/fake_controller_joint_states] adding connection to [http://wng:35607/], count 0
[rospy.internal][INFO] 2021-09-18 21:57:38,639: topic[/rosout] adding connection to [/rosout], count 0
[rospy.internal][INFO] 2021-09-18 21:57:38,740: topic[/joint_states] adding connection to [/joint_state_desired_publisher], count 0
[rospy.internal][INFO] 2021-09-18 21:57:38,840: topic[/joint_states] adding connection to [/robot_state_publisher], count 1
[rospy.internal][INFO] 2021-09-18 21:58:08,541: topic[/joint_states] adding connection to [/move_group_commander_wrappers_1631969863347621905], count 2
[rospy.internal][INFO] 2021-09-18 22:21:02,110: topic[/joint_states] removing connection to /move_group_commander_wrappers_1631969863347621905
[rospy.core][INFO] 2021-09-18 22:21:06,629: signal_shutdown [signal-2]
[rospy.internal][INFO] 2021-09-18 22:21:06,631: topic[/joint_states] removing connection to /joint_state_desired_publisher
[rospy.internal][INFO] 2021-09-18 22:21:06,631: topic[/joint_states] removing connection to /robot_state_publisher
[rospy.internal][INFO] 2021-09-18 22:21:06,637: topic[/rosout] removing connection to /rosout
[rospy.internal][INFO] 2021-09-18 22:21:06,637: topic[/move_group/fake_controller_joint_states] removing connection to http://wng:35607/
[rospy.internal][WARNING] 2021-09-18 22:21:06,638: Unknown error initiating TCP/IP socket to wng:53137 (http://wng:35607/): Traceback (most recent call last):
  File "/opt/ros/melodic/lib/python2.7/dist-packages/rospy/impl/tcpros_base.py", line 562, in connect
    self.read_header()
  File "/opt/ros/melodic/lib/python2.7/dist-packages/rospy/impl/tcpros_base.py", line 657, in read_header
    self._validate_header(read_ros_handshake_header(sock, self.read_buff, self.protocol.buff_size))
AttributeError: 'NoneType' object has no attribute 'buff_size'

[rospy.topics][ERROR] 2021-09-18 22:21:06,638: Traceback (most recent call last):
  File "/opt/ros/melodic/lib/python2.7/dist-packages/rospy/topics.py", line 326, in close
    c.close()
  File "/opt/ros/melodic/lib/python2.7/dist-packages/rospy/impl/tcpros_base.py", line 846, in close
    self.socket.close()
AttributeError: 'NoneType' object has no attribute 'close'

[rospy.impl.masterslave][INFO] 2021-09-18 22:21:06,638: signal-2
[rospy.core][INFO] 2021-09-18 22:21:06,745: signal_shutdown [atexit]
