[rospy.client][INFO] 2021-09-18 21:57:38,822: init_node, name[/server_endpoint], pid[4807]
[xmlrpc][INFO] 2021-09-18 21:57:38,823: XML-RPC server binding to 0.0.0.0:0
[xmlrpc][INFO] 2021-09-18 21:57:38,823: Started XML-RPC server [http://wng:44017/]
[rospy.init][INFO] 2021-09-18 21:57:38,823: ROS Slave URI: [http://wng:44017/]
[rospy.impl.masterslave][INFO] 2021-09-18 21:57:38,823: _ready: http://wng:44017/
[rospy.registration][INFO] 2021-09-18 21:57:38,823: Registering with master node http://localhost:11311
[xmlrpc][INFO] 2021-09-18 21:57:38,823: xml rpc node: starting XML-RPC server
[rospy.init][INFO] 2021-09-18 21:57:38,923: registered with master
[rospy.rosout][INFO] 2021-09-18 21:57:38,923: initializing /rosout core topic
[rospy.rosout][INFO] 2021-09-18 21:57:38,924: connected to core topic /rosout
[rospy.simtime][INFO] 2021-09-18 21:57:38,925: /use_sim_time is not set, will not subscribe to simulated time [/clock] topic
[rosout][INFO] 2021-09-18 21:57:38,932: Starting server on 192.168.1.146:10000
[rospy.internal][INFO] 2021-09-18 21:57:39,142: topic[/rosout] adding connection to [/rosout], count 0
[rosout][INFO] 2021-09-18 21:58:00,760: Connection from 192.168.1.146
[rosout][INFO] 2021-09-18 21:58:00,765: RegisterPublisher(execution_check, <class 'panda_move.msg._ExecutionCheck.ExecutionCheck'>) OK
[rospy.internal][INFO] 2021-09-18 21:58:00,814: topic[/execution_check] adding connection to [http://wng:44017/], count 0
[rospy.internal][INFO] 2021-09-18 21:58:00,815: topic[/execution_check] adding connection to [/server_endpoint], count 0
[rospy.core][INFO] 2021-09-18 22:21:06,631: signal_shutdown [signal-2]
[rospy.internal][INFO] 2021-09-18 22:21:06,634: topic[/execution_check] removing connection to /server_endpoint
[rospy.internal][INFO] 2021-09-18 22:21:06,634: topic[/rosout] removing connection to /rosout
[rospy.internal][INFO] 2021-09-18 22:21:06,634: topic[/execution_check] removing connection to http://wng:44017/
[rospy.impl.masterslave][INFO] 2021-09-18 22:21:06,635: signal-2
[rospy.internal][ERROR] 2021-09-18 22:21:06,635: Unable to initiate TCP/IP socket to wng:40349 (http://wng:44017/): Traceback (most recent call last):
  File "/opt/ros/melodic/lib/python2.7/dist-packages/rospy/impl/tcpros_base.py", line 562, in connect
    self.read_header()
  File "/opt/ros/melodic/lib/python2.7/dist-packages/rospy/impl/tcpros_base.py", line 657, in read_header
    self._validate_header(read_ros_handshake_header(sock, self.read_buff, self.protocol.buff_size))
  File "/opt/ros/melodic/lib/python2.7/dist-packages/rospy/impl/tcpros_base.py", line 600, in _validate_header
    raise TransportInitError("remote error reported: %s"%header['error'])
TransportInitError: remote error reported: node shutting down

[rospy.core][INFO] 2021-09-18 22:21:06,769: signal_shutdown [atexit]
