[rospy.client][INFO] 2021-09-18 21:35:20,544: init_node, name[/joint_state_publisher], pid[1057]
[xmlrpc][INFO] 2021-09-18 21:35:20,544: XML-RPC server binding to 0.0.0.0:0
[xmlrpc][INFO] 2021-09-18 21:35:20,545: Started XML-RPC server [http://wng:43873/]
[rospy.init][INFO] 2021-09-18 21:35:20,545: ROS Slave URI: [http://wng:43873/]
[rospy.impl.masterslave][INFO] 2021-09-18 21:35:20,545: _ready: http://wng:43873/
[xmlrpc][INFO] 2021-09-18 21:35:20,545: xml rpc node: starting XML-RPC server
[rospy.registration][INFO] 2021-09-18 21:35:20,545: Registering with master node http://localhost:11311
[rospy.init][INFO] 2021-09-18 21:35:20,645: registered with master
[rospy.rosout][INFO] 2021-09-18 21:35:20,645: initializing /rosout core topic
[rospy.rosout][INFO] 2021-09-18 21:35:20,648: connected to core topic /rosout
[rospy.simtime][INFO] 2021-09-18 21:35:20,648: /use_sim_time is not set, will not subscribe to simulated time [/clock] topic
[rospy.internal][INFO] 2021-09-18 21:35:20,710: topic[/move_group/fake_controller_joint_states] adding connection to [http://wng:35941/], count 0
[rospy.internal][INFO] 2021-09-18 21:35:20,912: topic[/rosout] adding connection to [/rosout], count 0
[rospy.internal][INFO] 2021-09-18 21:35:20,912: topic[/joint_states] adding connection to [/joint_state_desired_publisher], count 0
[rospy.internal][INFO] 2021-09-18 21:35:20,912: topic[/joint_states] adding connection to [/robot_state_publisher], count 1
[rospy.core][INFO] 2021-09-18 21:35:25,670: signal_shutdown [signal-2]
[rospy.internal][INFO] 2021-09-18 21:35:25,674: topic[/joint_states] removing connection to /joint_state_desired_publisher
[rospy.internal][INFO] 2021-09-18 21:35:25,674: topic[/joint_states] removing connection to /robot_state_publisher
[rospy.internal][INFO] 2021-09-18 21:35:25,674: topic[/rosout] removing connection to /rosout
[rospy.internal][INFO] 2021-09-18 21:35:25,674: topic[/move_group/fake_controller_joint_states] removing connection to http://wng:35941/
[rospy.impl.masterslave][INFO] 2021-09-18 21:35:25,674: signal-2
[rospy.core][INFO] 2021-09-18 21:35:25,778: signal_shutdown [atexit]
