[rospy.client][INFO] 2021-12-02 12:47:23,941: init_node, name[/joint_state_publisher], pid[3467]
[xmlrpc][INFO] 2021-12-02 12:47:23,941: XML-RPC server binding to 0.0.0.0:0
[xmlrpc][INFO] 2021-12-02 12:47:23,941: Started XML-RPC server [http://wng:41477/]
[rospy.init][INFO] 2021-12-02 12:47:23,942: ROS Slave URI: [http://wng:41477/]
[rospy.impl.masterslave][INFO] 2021-12-02 12:47:23,942: _ready: http://wng:41477/
[rospy.registration][INFO] 2021-12-02 12:47:23,942: Registering with master node http://localhost:11311
[xmlrpc][INFO] 2021-12-02 12:47:23,942: xml rpc node: starting XML-RPC server
[rospy.init][INFO] 2021-12-02 12:47:24,042: registered with master
[rospy.rosout][INFO] 2021-12-02 12:47:24,042: initializing /rosout core topic
[rospy.rosout][INFO] 2021-12-02 12:47:24,045: connected to core topic /rosout
[rospy.simtime][INFO] 2021-12-02 12:47:24,046: /use_sim_time is not set, will not subscribe to simulated time [/clock] topic
[rospy.internal][INFO] 2021-12-02 12:47:24,107: topic[/move_group/fake_controller_joint_states] adding connection to [http://wng:46663/], count 0
[rospy.internal][INFO] 2021-12-02 12:47:24,303: topic[/rosout] adding connection to [/rosout], count 0
[rospy.internal][INFO] 2021-12-02 12:47:24,304: topic[/joint_states] adding connection to [/joint_state_desired_publisher], count 0
[rospy.internal][INFO] 2021-12-02 12:47:24,304: topic[/joint_states] adding connection to [/robot_state_publisher], count 1
[rospy.internal][INFO] 2021-12-02 12:48:00,790: topic[/joint_states] adding connection to [/move_group_commander_wrappers_1638416853134629569], count 2
[rospy.internal][INFO] 2021-12-02 13:05:51,268: topic[/joint_states] removing connection to /move_group_commander_wrappers_1638416853134629569
[rospy.core][INFO] 2021-12-02 13:06:01,308: signal_shutdown [signal-2]
[rospy.internal][INFO] 2021-12-02 13:06:01,312: topic[/joint_states] removing connection to /joint_state_desired_publisher
[rospy.internal][INFO] 2021-12-02 13:06:01,313: topic[/joint_states] removing connection to /robot_state_publisher
[rospy.internal][INFO] 2021-12-02 13:06:01,313: topic[/rosout] removing connection to /rosout
[rospy.internal][INFO] 2021-12-02 13:06:01,313: topic[/move_group/fake_controller_joint_states] removing connection to http://wng:46663/
[rospy.impl.masterslave][INFO] 2021-12-02 13:06:01,313: signal-2
[rospy.core][INFO] 2021-12-02 13:06:01,421: signal_shutdown [atexit]
