[rospy.client][INFO] 2021-12-02 12:47:24,172: init_node, name[/server_endpoint], pid[3465]
[xmlrpc][INFO] 2021-12-02 12:47:24,172: XML-RPC server binding to 0.0.0.0:0
[xmlrpc][INFO] 2021-12-02 12:47:24,172: Started XML-RPC server [http://wng:39011/]
[rospy.init][INFO] 2021-12-02 12:47:24,172: ROS Slave URI: [http://wng:39011/]
[rospy.impl.masterslave][INFO] 2021-12-02 12:47:24,172: _ready: http://wng:39011/
[rospy.registration][INFO] 2021-12-02 12:47:24,173: Registering with master node http://localhost:11311
[xmlrpc][INFO] 2021-12-02 12:47:24,173: xml rpc node: starting XML-RPC server
[rospy.init][INFO] 2021-12-02 12:47:24,273: registered with master
[rospy.rosout][INFO] 2021-12-02 12:47:24,273: initializing /rosout core topic
[rospy.rosout][INFO] 2021-12-02 12:47:24,274: connected to core topic /rosout
[rospy.simtime][INFO] 2021-12-02 12:47:24,275: /use_sim_time is not set, will not subscribe to simulated time [/clock] topic
[rosout][INFO] 2021-12-02 12:47:24,280: Starting server on 192.168.0.8:10000
[rospy.internal][INFO] 2021-12-02 12:47:24,505: topic[/rosout] adding connection to [/rosout], count 0
[rosout][INFO] 2021-12-02 12:47:26,149: Connection from 192.168.0.8
[rosout][INFO] 2021-12-02 12:47:26,156: RegisterPublisher(execution_check, <class 'panda_move.msg._ExecutionCheck.ExecutionCheck'>) OK
[rospy.internal][INFO] 2021-12-02 12:47:26,253: topic[/execution_check] adding connection to [http://wng:39011/], count 0
[rospy.internal][INFO] 2021-12-02 12:47:26,255: topic[/execution_check] adding connection to [/server_endpoint], count 0
[rospy.core][INFO] 2021-12-02 13:06:01,308: signal_shutdown [signal-2]
[rospy.internal][INFO] 2021-12-02 13:06:01,313: topic[/execution_check] removing connection to /server_endpoint
[rospy.internal][INFO] 2021-12-02 13:06:01,314: topic[/rosout] removing connection to /rosout
[rospy.internal][INFO] 2021-12-02 13:06:01,314: topic[/execution_check] removing connection to http://wng:39011/
[rospy.impl.masterslave][INFO] 2021-12-02 13:06:01,314: signal-2
[rospy.internal][ERROR] 2021-12-02 13:06:01,315: Unable to initiate TCP/IP socket to wng:35747 (http://wng:39011/): Traceback (most recent call last):
  File "/opt/ros/melodic/lib/python2.7/dist-packages/rospy/impl/tcpros_base.py", line 562, in connect
    self.read_header()
  File "/opt/ros/melodic/lib/python2.7/dist-packages/rospy/impl/tcpros_base.py", line 657, in read_header
    self._validate_header(read_ros_handshake_header(sock, self.read_buff, self.protocol.buff_size))
  File "/opt/ros/melodic/lib/python2.7/dist-packages/rospy/impl/tcpros_base.py", line 600, in _validate_header
    raise TransportInitError("remote error reported: %s"%header['error'])
TransportInitError: remote error reported: node shutting down

[rospy.core][INFO] 2021-12-02 13:06:01,415: signal_shutdown [atexit]
