[rospy.client][INFO] 2021-12-08 10:29:20,890: init_node, name[/joint_state_publisher], pid[31796]
[xmlrpc][INFO] 2021-12-08 10:29:20,891: XML-RPC server binding to 0.0.0.0:0
[xmlrpc][INFO] 2021-12-08 10:29:20,891: Started XML-RPC server [http://wng:33139/]
[rospy.init][INFO] 2021-12-08 10:29:20,891: ROS Slave URI: [http://wng:33139/]
[rospy.impl.masterslave][INFO] 2021-12-08 10:29:20,891: _ready: http://wng:33139/
[rospy.registration][INFO] 2021-12-08 10:29:20,892: Registering with master node http://localhost:11311
[xmlrpc][INFO] 2021-12-08 10:29:20,892: xml rpc node: starting XML-RPC server
[rospy.init][INFO] 2021-12-08 10:29:20,992: registered with master
[rospy.rosout][INFO] 2021-12-08 10:29:20,992: initializing /rosout core topic
[rospy.rosout][INFO] 2021-12-08 10:29:20,994: connected to core topic /rosout
[rospy.simtime][INFO] 2021-12-08 10:29:20,995: /use_sim_time is not set, will not subscribe to simulated time [/clock] topic
[rospy.internal][INFO] 2021-12-08 10:29:21,056: topic[/move_group/fake_controller_joint_states] adding connection to [http://wng:32793/], count 0
[rospy.internal][INFO] 2021-12-08 10:29:21,153: topic[/rosout] adding connection to [/rosout], count 0
[rospy.internal][INFO] 2021-12-08 10:29:21,253: topic[/joint_states] adding connection to [/joint_state_desired_publisher], count 0
[rospy.internal][INFO] 2021-12-08 10:29:21,254: topic[/joint_states] adding connection to [/robot_state_publisher], count 1
[rospy.internal][INFO] 2021-12-08 10:29:51,340: topic[/joint_states] adding connection to [/move_group_commander_wrappers_1638926968180132150], count 2
[rospy.internal][INFO] 2021-12-08 10:40:03,415: topic[/joint_states] removing connection to /move_group_commander_wrappers_1638926968180132150
[rospy.core][INFO] 2021-12-08 10:40:11,086: signal_shutdown [signal-2]
[rospy.internal][INFO] 2021-12-08 10:40:11,089: topic[/joint_states] removing connection to /joint_state_desired_publisher
[rospy.internal][INFO] 2021-12-08 10:40:11,089: topic[/joint_states] removing connection to /robot_state_publisher
[rospy.internal][INFO] 2021-12-08 10:40:11,090: topic[/rosout] removing connection to /rosout
[rospy.internal][INFO] 2021-12-08 10:40:11,090: topic[/move_group/fake_controller_joint_states] removing connection to http://wng:32793/
[rospy.impl.masterslave][INFO] 2021-12-08 10:40:11,090: signal-2
[rospy.core][INFO] 2021-12-08 10:40:11,206: signal_shutdown [atexit]
