[rospy.client][INFO] 2021-09-19 10:26:01,444: init_node, name[/server_endpoint], pid[6367]
[xmlrpc][INFO] 2021-09-19 10:26:01,444: XML-RPC server binding to 0.0.0.0:0
[xmlrpc][INFO] 2021-09-19 10:26:01,445: Started XML-RPC server [http://wng:34621/]
[rospy.init][INFO] 2021-09-19 10:26:01,445: ROS Slave URI: [http://wng:34621/]
[rospy.impl.masterslave][INFO] 2021-09-19 10:26:01,445: _ready: http://wng:34621/
[rospy.registration][INFO] 2021-09-19 10:26:01,445: Registering with master node http://localhost:11311
[xmlrpc][INFO] 2021-09-19 10:26:01,445: xml rpc node: starting XML-RPC server
[rospy.init][INFO] 2021-09-19 10:26:01,545: registered with master
[rospy.rosout][INFO] 2021-09-19 10:26:01,545: initializing /rosout core topic
[rospy.rosout][INFO] 2021-09-19 10:26:01,546: connected to core topic /rosout
[rospy.simtime][INFO] 2021-09-19 10:26:01,547: /use_sim_time is not set, will not subscribe to simulated time [/clock] topic
[rosout][INFO] 2021-09-19 10:26:01,557: Starting server on 192.168.1.146:10000
[rospy.internal][INFO] 2021-09-19 10:26:01,760: topic[/rosout] adding connection to [/rosout], count 0
[rosout][INFO] 2021-09-19 10:26:17,096: Connection from 192.168.1.146
[rosout][INFO] 2021-09-19 10:26:17,100: RegisterPublisher(execution_check, <class 'panda_move.msg._ExecutionCheck.ExecutionCheck'>) OK
[rospy.internal][INFO] 2021-09-19 10:26:17,189: topic[/execution_check] adding connection to [http://wng:34621/], count 0
[rospy.internal][INFO] 2021-09-19 10:26:17,190: topic[/execution_check] adding connection to [/server_endpoint], count 0
[rospy.core][INFO] 2021-09-19 10:45:17,124: signal_shutdown [signal-2]
[rospy.internal][INFO] 2021-09-19 10:45:17,127: topic[/execution_check] removing connection to /server_endpoint
[rospy.internal][INFO] 2021-09-19 10:45:17,127: topic[/rosout] removing connection to /rosout
[rospy.internal][INFO] 2021-09-19 10:45:17,128: topic[/execution_check] removing connection to http://wng:34621/
[rospy.impl.masterslave][INFO] 2021-09-19 10:45:17,128: signal-2
[rospy.internal][ERROR] 2021-09-19 10:45:17,128: Unable to initiate TCP/IP socket to wng:39989 (http://wng:34621/): Traceback (most recent call last):
  File "/opt/ros/melodic/lib/python2.7/dist-packages/rospy/impl/tcpros_base.py", line 562, in connect
    self.read_header()
  File "/opt/ros/melodic/lib/python2.7/dist-packages/rospy/impl/tcpros_base.py", line 657, in read_header
    self._validate_header(read_ros_handshake_header(sock, self.read_buff, self.protocol.buff_size))
  File "/opt/ros/melodic/lib/python2.7/dist-packages/rospy/impl/tcpros_base.py", line 600, in _validate_header
    raise TransportInitError("remote error reported: %s"%header['error'])
TransportInitError: remote error reported: node shutting down

[rospy.core][INFO] 2021-09-19 10:45:17,259: signal_shutdown [atexit]
