[rospy.client][INFO] 2021-12-14 11:25:32,342: init_node, name[/joint_state_publisher], pid[27551]
[xmlrpc][INFO] 2021-12-14 11:25:32,342: XML-RPC server binding to 0.0.0.0:0
[xmlrpc][INFO] 2021-12-14 11:25:32,342: Started XML-RPC server [http://wng:41615/]
[rospy.init][INFO] 2021-12-14 11:25:32,342: ROS Slave URI: [http://wng:41615/]
[rospy.impl.masterslave][INFO] 2021-12-14 11:25:32,343: _ready: http://wng:41615/
[rospy.registration][INFO] 2021-12-14 11:25:32,343: Registering with master node http://localhost:11311
[xmlrpc][INFO] 2021-12-14 11:25:32,343: xml rpc node: starting XML-RPC server
[rospy.init][INFO] 2021-12-14 11:25:32,443: registered with master
[rospy.rosout][INFO] 2021-12-14 11:25:32,443: initializing /rosout core topic
[rospy.rosout][INFO] 2021-12-14 11:25:32,445: connected to core topic /rosout
[rospy.simtime][INFO] 2021-12-14 11:25:32,446: /use_sim_time is not set, will not subscribe to simulated time [/clock] topic
[rospy.internal][INFO] 2021-12-14 11:25:32,508: topic[/move_group/fake_controller_joint_states] adding connection to [http://wng:35729/], count 0
[rospy.internal][INFO] 2021-12-14 11:25:32,687: topic[/rosout] adding connection to [/rosout], count 0
[rospy.internal][INFO] 2021-12-14 11:25:32,688: topic[/joint_states] adding connection to [/joint_state_desired_publisher], count 0
[rospy.internal][INFO] 2021-12-14 11:25:32,689: topic[/joint_states] adding connection to [/robot_state_publisher], count 1
[rospy.internal][INFO] 2021-12-14 11:26:09,168: topic[/joint_states] adding connection to [/move_group_commander_wrappers_1639448740909366133], count 2
[rospy.core][INFO] 2021-12-14 11:30:04,386: signal_shutdown [signal-2]
[rospy.internal][INFO] 2021-12-14 11:30:04,393: topic[/joint_states] removing connection to /joint_state_desired_publisher
[rospy.internal][INFO] 2021-12-14 11:30:04,393: topic[/joint_states] removing connection to /robot_state_publisher
[rospy.internal][INFO] 2021-12-14 11:30:04,393: topic[/joint_states] removing connection to /move_group_commander_wrappers_1639448740909366133
[rospy.internal][INFO] 2021-12-14 11:30:04,393: topic[/rosout] removing connection to /rosout
[rospy.internal][INFO] 2021-12-14 11:30:04,393: topic[/move_group/fake_controller_joint_states] removing connection to http://wng:35729/
[rospy.impl.masterslave][INFO] 2021-12-14 11:30:04,394: signal-2
[rospy.core][INFO] 2021-12-14 11:30:04,509: signal_shutdown [atexit]
