[rospy.client][INFO] 2021-09-06 15:22:06,157: init_node, name[/PandaMove], pid[26008]
[xmlrpc][INFO] 2021-09-06 15:22:06,158: XML-RPC server binding to 0.0.0.0:0
[xmlrpc][INFO] 2021-09-06 15:22:06,158: Started XML-RPC server [http://wng:41343/]
[rospy.init][INFO] 2021-09-06 15:22:06,158: ROS Slave URI: [http://wng:41343/]
[rospy.impl.masterslave][INFO] 2021-09-06 15:22:06,158: _ready: http://wng:41343/
[xmlrpc][INFO] 2021-09-06 15:22:06,158: xml rpc node: starting XML-RPC server
[rospy.registration][INFO] 2021-09-06 15:22:06,159: Registering with master node http://localhost:11311
[rospy.init][INFO] 2021-09-06 15:22:06,258: registered with master
[rospy.rosout][INFO] 2021-09-06 15:22:06,259: initializing /rosout core topic
[rospy.rosout][INFO] 2021-09-06 15:22:06,260: connected to core topic /rosout
[rospy.simtime][INFO] 2021-09-06 15:22:06,261: /use_sim_time is not set, will not subscribe to simulated time [/clock] topic
[rospy.internal][INFO] 2021-09-06 15:22:07,845: topic[/rosout] adding connection to [/rosout], count 0
[rosout][INFO] 2021-09-06 15:22:07,863: wait for update_place_pose_state
[rospy.internal][INFO] 2021-09-06 15:22:07,864: topic[/collision_object] adding connection to [/move_group], count 0
[rospy.internal][INFO] 2021-09-06 15:22:07,865: topic[/attached_collision_object] adding connection to [/move_group], count 0
[rospy.internal][INFO] 2021-09-06 15:22:07,939: topic[/tf_static] adding connection to [/move_group], count 0
[rospy.internal][INFO] 2021-09-06 15:22:07,970: topic[/tf_static] adding connection to [/move_group_commander_wrappers_1630909326128662694], count 1
[rospy.internal][INFO] 2021-09-06 15:22:07,971: topic[/tf_static] adding connection to [/rviz_wng_25971_7402494244358506132], count 2
[rospy.internal][INFO] 2021-09-06 15:22:08,071: topic[/action] adding connection to [/rviz_wng_25971_7402494244358506132], count 0
[rosout][INFO] 2021-09-06 15:22:08,565: pan
[rosout][INFO] 2021-09-06 15:22:08,578: wait for update_place_pose_state
[rosout][INFO] 2021-09-06 15:22:09,283: pot
[rosout][INFO] 2021-09-06 15:22:09,299: wait for update_place_pose_state
[rosout][INFO] 2021-09-06 15:22:10,008: plate
[rosout][INFO] 2021-09-06 15:22:10,016: wait for update_place_pose_state
[rosout][INFO] 2021-09-06 15:22:10,737: bowl
[rosout][INFO] 2021-09-06 15:22:10,756: wait for update_place_pose_state
[rosout][INFO] 2021-09-06 15:22:11,469: spatula
[rosout][INFO] 2021-09-06 15:22:11,473: wait for update_place_pose_state
[rosout][INFO] 2021-09-06 15:22:12,190: spreader
[rosout][INFO] 2021-09-06 15:22:12,196: wait for update_place_pose_state
[rosout][INFO] 2021-09-06 15:22:12,914: scooper
[rosout][INFO] 2021-09-06 15:22:12,925: wait for update_place_pose_state
[rosout][INFO] 2021-09-06 15:22:13,648: knife
[rosout][INFO] 2021-09-06 15:22:13,659: wait for update_place_pose_state
[rosout][INFO] 2021-09-06 15:22:14,384: cutting_board
[rosout][INFO] 2021-09-06 15:22:14,391: wait for update_place_pose_state
[rosout][INFO] 2021-09-06 15:22:15,120: bacon
[rosout][INFO] 2021-09-06 15:22:15,127: wait for update_place_pose_state
[rosout][INFO] 2021-09-06 15:22:15,861: ham
[rosout][INFO] 2021-09-06 15:22:15,866: wait for update_place_pose_state
[rosout][INFO] 2021-09-06 15:22:16,598: tomato
[rosout][INFO] 2021-09-06 15:22:16,606: wait for update_place_pose_state
[rosout][ERROR] 2021-09-06 15:22:17,342: 'garlic_bread'
[rosout][INFO] 2021-09-06 15:22:17,343: wait for update_place_pose_state
[rosout][ERROR] 2021-09-06 15:22:18,056: cannot get object pose: garlic_bread1
[rosout][ERROR] 2021-09-06 15:22:18,057: list index out of range
[rosout][ERROR] 2021-09-06 15:22:18,058: self.objects
[rospy.core][INFO] 2021-09-06 15:22:18,076: signal_shutdown [atexit]
[rospy.internal][INFO] 2021-09-06 15:22:18,078: topic[/collision_object] removing connection to /move_group
[rospy.internal][INFO] 2021-09-06 15:22:18,078: topic[/rosout] removing connection to /rosout
[rospy.internal][INFO] 2021-09-06 15:22:18,079: topic[/tf_static] removing connection to /move_group
[rospy.internal][INFO] 2021-09-06 15:22:18,079: topic[/tf_static] removing connection to /move_group_commander_wrappers_1630909326128662694
[rospy.internal][INFO] 2021-09-06 15:22:18,079: topic[/tf_static] removing connection to /rviz_wng_25971_7402494244358506132
[rospy.internal][INFO] 2021-09-06 15:22:18,079: topic[/attached_collision_object] removing connection to /move_group
[rospy.internal][INFO] 2021-09-06 15:22:18,079: topic[/action] removing connection to /rviz_wng_25971_7402494244358506132
[rospy.impl.masterslave][INFO] 2021-09-06 15:22:18,079: atexit
