[rospy.client][INFO] 2021-11-25 12:55:57,121: init_node, name[/joint_state_publisher], pid[2279]
[xmlrpc][INFO] 2021-11-25 12:55:57,121: XML-RPC server binding to 0.0.0.0:0
[xmlrpc][INFO] 2021-11-25 12:55:57,121: Started XML-RPC server [http://wng:32837/]
[rospy.init][INFO] 2021-11-25 12:55:57,121: ROS Slave URI: [http://wng:32837/]
[rospy.impl.masterslave][INFO] 2021-11-25 12:55:57,121: _ready: http://wng:32837/
[rospy.registration][INFO] 2021-11-25 12:55:57,122: Registering with master node http://localhost:11311
[xmlrpc][INFO] 2021-11-25 12:55:57,122: xml rpc node: starting XML-RPC server
[rospy.init][INFO] 2021-11-25 12:55:57,222: registered with master
[rospy.rosout][INFO] 2021-11-25 12:55:57,222: initializing /rosout core topic
[rospy.rosout][INFO] 2021-11-25 12:55:57,223: connected to core topic /rosout
[rospy.simtime][INFO] 2021-11-25 12:55:57,224: /use_sim_time is not set, will not subscribe to simulated time [/clock] topic
[rospy.internal][INFO] 2021-11-25 12:55:57,294: topic[/move_group/fake_controller_joint_states] adding connection to [http://wng:39533/], count 0
[rospy.internal][INFO] 2021-11-25 12:55:57,416: topic[/rosout] adding connection to [/rosout], count 0
[rospy.internal][INFO] 2021-11-25 12:55:57,528: topic[/joint_states] adding connection to [/robot_state_publisher], count 0
[rospy.internal][INFO] 2021-11-25 12:55:57,528: topic[/joint_states] adding connection to [/joint_state_desired_publisher], count 1
[rospy.internal][INFO] 2021-11-25 12:57:13,503: topic[/joint_states] adding connection to [/move_group_commander_wrappers_1637812604270557593], count 2
[rospy.internal][INFO] 2021-11-25 13:28:28,153: topic[/joint_states] removing connection to /move_group_commander_wrappers_1637812604270557593
[rospy.core][INFO] 2021-11-25 13:29:09,132: signal_shutdown [signal-2]
[rospy.internal][INFO] 2021-11-25 13:29:09,134: topic[/joint_states] removing connection to /robot_state_publisher
[rospy.internal][INFO] 2021-11-25 13:29:09,134: topic[/joint_states] removing connection to /joint_state_desired_publisher
[rospy.internal][INFO] 2021-11-25 13:29:09,135: topic[/rosout] removing connection to /rosout
[rospy.internal][INFO] 2021-11-25 13:29:09,135: topic[/move_group/fake_controller_joint_states] removing connection to http://wng:39533/
[rospy.impl.masterslave][INFO] 2021-11-25 13:29:09,135: signal-2
[rospy.core][INFO] 2021-11-25 13:29:09,299: signal_shutdown [atexit]
