[rospy.client][INFO] 2022-01-11 16:46:24,151: init_node, name[/joint_state_publisher], pid[2840]
[xmlrpc][INFO] 2022-01-11 16:46:24,152: XML-RPC server binding to 0.0.0.0:0
[xmlrpc][INFO] 2022-01-11 16:46:24,152: Started XML-RPC server [http://wng:37041/]
[rospy.init][INFO] 2022-01-11 16:46:24,152: ROS Slave URI: [http://wng:37041/]
[rospy.impl.masterslave][INFO] 2022-01-11 16:46:24,152: _ready: http://wng:37041/
[rospy.registration][INFO] 2022-01-11 16:46:24,153: Registering with master node http://localhost:11311
[xmlrpc][INFO] 2022-01-11 16:46:24,153: xml rpc node: starting XML-RPC server
[rospy.init][INFO] 2022-01-11 16:46:24,252: registered with master
[rospy.rosout][INFO] 2022-01-11 16:46:24,253: initializing /rosout core topic
[rospy.rosout][INFO] 2022-01-11 16:46:24,254: connected to core topic /rosout
[rospy.simtime][INFO] 2022-01-11 16:46:24,255: /use_sim_time is not set, will not subscribe to simulated time [/clock] topic
[rospy.internal][INFO] 2022-01-11 16:46:24,321: topic[/move_group/fake_controller_joint_states] adding connection to [http://wng:44241/], count 0
[rospy.internal][INFO] 2022-01-11 16:46:24,543: topic[/rosout] adding connection to [/rosout], count 0
[rospy.internal][INFO] 2022-01-11 16:46:24,543: topic[/joint_states] adding connection to [/robot_state_publisher], count 0
[rospy.internal][INFO] 2022-01-11 16:46:24,544: topic[/joint_states] adding connection to [/move_group], count 1
[rospy.core][INFO] 2022-01-11 16:47:21,550: signal_shutdown [signal-2]
[rospy.internal][INFO] 2022-01-11 16:47:21,553: topic[/joint_states] removing connection to /robot_state_publisher
[rospy.internal][INFO] 2022-01-11 16:47:21,553: topic[/joint_states] removing connection to /move_group
[rospy.internal][INFO] 2022-01-11 16:47:21,553: topic[/rosout] removing connection to /rosout
[rospy.internal][INFO] 2022-01-11 16:47:21,554: topic[/move_group/fake_controller_joint_states] removing connection to http://wng:44241/
[rospy.impl.masterslave][INFO] 2022-01-11 16:47:21,554: signal-2
[rospy.core][INFO] 2022-01-11 16:47:21,718: signal_shutdown [atexit]
