[rospy.client][INFO] 2021-09-07 14:30:59,721: init_node, name[/joint_state_publisher], pid[29281]
[xmlrpc][INFO] 2021-09-07 14:30:59,721: XML-RPC server binding to 0.0.0.0:0
[xmlrpc][INFO] 2021-09-07 14:30:59,721: Started XML-RPC server [http://wng:40139/]
[rospy.init][INFO] 2021-09-07 14:30:59,722: ROS Slave URI: [http://wng:40139/]
[rospy.impl.masterslave][INFO] 2021-09-07 14:30:59,722: _ready: http://wng:40139/
[xmlrpc][INFO] 2021-09-07 14:30:59,723: xml rpc node: starting XML-RPC server
[rospy.registration][INFO] 2021-09-07 14:30:59,723: Registering with master node http://localhost:11311
[rospy.init][INFO] 2021-09-07 14:30:59,822: registered with master
[rospy.rosout][INFO] 2021-09-07 14:30:59,822: initializing /rosout core topic
[rospy.rosout][INFO] 2021-09-07 14:30:59,825: connected to core topic /rosout
[rospy.simtime][INFO] 2021-09-07 14:30:59,825: /use_sim_time is not set, will not subscribe to simulated time [/clock] topic
[rospy.internal][INFO] 2021-09-07 14:30:59,888: topic[/move_group/fake_controller_joint_states] adding connection to [http://wng:40591/], count 0
[rospy.internal][INFO] 2021-09-07 14:31:00,068: topic[/rosout] adding connection to [/rosout], count 0
[rospy.internal][INFO] 2021-09-07 14:31:00,068: topic[/joint_states] adding connection to [/joint_state_desired_publisher], count 0
[rospy.internal][INFO] 2021-09-07 14:31:00,069: topic[/joint_states] adding connection to [/robot_state_publisher], count 1
[rospy.internal][INFO] 2021-09-07 14:31:39,589: topic[/joint_states] adding connection to [/move_group_commander_wrappers_1630992666022843022], count 2
[rospy.internal][INFO] 2021-09-07 14:52:52,439: topic[/joint_states] removing connection to /move_group_commander_wrappers_1630992666022843022
[rospy.core][INFO] 2021-09-07 14:52:55,929: signal_shutdown [signal-2]
[rospy.internal][INFO] 2021-09-07 14:52:55,935: topic[/joint_states] removing connection to /joint_state_desired_publisher
[rospy.internal][INFO] 2021-09-07 14:52:55,940: topic[/joint_states] removing connection to /robot_state_publisher
[rospy.internal][INFO] 2021-09-07 14:52:55,945: topic[/rosout] removing connection to /rosout
[rospy.internal][INFO] 2021-09-07 14:52:55,945: topic[/move_group/fake_controller_joint_states] removing connection to http://wng:40591/
[rospy.impl.masterslave][INFO] 2021-09-07 14:52:55,945: signal-2
[rospy.core][INFO] 2021-09-07 14:52:56,055: signal_shutdown [atexit]
