[rospy.client][INFO] 2021-09-07 14:31:00,198: init_node, name[/server_endpoint], pid[29279]
[xmlrpc][INFO] 2021-09-07 14:31:00,198: XML-RPC server binding to 0.0.0.0:0
[xmlrpc][INFO] 2021-09-07 14:31:00,198: Started XML-RPC server [http://wng:34821/]
[rospy.init][INFO] 2021-09-07 14:31:00,199: ROS Slave URI: [http://wng:34821/]
[rospy.impl.masterslave][INFO] 2021-09-07 14:31:00,199: _ready: http://wng:34821/
[rospy.registration][INFO] 2021-09-07 14:31:00,199: Registering with master node http://localhost:11311
[xmlrpc][INFO] 2021-09-07 14:31:00,199: xml rpc node: starting XML-RPC server
[rospy.init][INFO] 2021-09-07 14:31:00,299: registered with master
[rospy.rosout][INFO] 2021-09-07 14:31:00,300: initializing /rosout core topic
[rospy.rosout][INFO] 2021-09-07 14:31:00,302: connected to core topic /rosout
[rospy.simtime][INFO] 2021-09-07 14:31:00,305: /use_sim_time is not set, will not subscribe to simulated time [/clock] topic
[rosout][INFO] 2021-09-07 14:31:00,329: Starting server on 192.168.1.146:10000
[rospy.internal][INFO] 2021-09-07 14:31:00,573: topic[/rosout] adding connection to [/rosout], count 0
[rosout][INFO] 2021-09-07 14:31:23,359: Connection from 192.168.1.146
[rosout][INFO] 2021-09-07 14:31:23,365: RegisterPublisher(execution_check, <class 'panda_move.msg._ExecutionCheck.ExecutionCheck'>) OK
[rospy.internal][INFO] 2021-09-07 14:31:23,439: topic[/execution_check] adding connection to [http://wng:34821/], count 0
[rospy.internal][INFO] 2021-09-07 14:31:23,440: topic[/execution_check] adding connection to [/server_endpoint], count 0
[rospy.core][INFO] 2021-09-07 14:52:55,930: signal_shutdown [signal-2]
[rospy.internal][INFO] 2021-09-07 14:52:55,936: topic[/execution_check] removing connection to /server_endpoint
[rospy.internal][INFO] 2021-09-07 14:52:55,937: topic[/rosout] removing connection to /rosout
[rospy.internal][INFO] 2021-09-07 14:52:55,937: topic[/execution_check] removing connection to http://wng:34821/
[rospy.impl.masterslave][INFO] 2021-09-07 14:52:55,937: signal-2
[rospy.internal][WARNING] 2021-09-07 14:52:55,938: Unknown error initiating TCP/IP socket to wng:38993 (http://wng:34821/): Traceback (most recent call last):
  File "/opt/ros/melodic/lib/python2.7/dist-packages/rospy/impl/tcpros_base.py", line 563, in connect
    self.local_endpoint = self.socket.getsockname()
AttributeError: 'NoneType' object has no attribute 'getsockname'

[rospy.core][INFO] 2021-09-07 14:52:56,074: signal_shutdown [atexit]
