[rospy.client][INFO] 2021-12-08 11:39:12,536: init_node, name[/joint_state_publisher], pid[5935]
[xmlrpc][INFO] 2021-12-08 11:39:12,536: XML-RPC server binding to 0.0.0.0:0
[xmlrpc][INFO] 2021-12-08 11:39:12,537: Started XML-RPC server [http://wng:40569/]
[rospy.init][INFO] 2021-12-08 11:39:12,537: ROS Slave URI: [http://wng:40569/]
[rospy.impl.masterslave][INFO] 2021-12-08 11:39:12,537: _ready: http://wng:40569/
[rospy.registration][INFO] 2021-12-08 11:39:12,538: Registering with master node http://localhost:11311
[xmlrpc][INFO] 2021-12-08 11:39:12,538: xml rpc node: starting XML-RPC server
[rospy.init][INFO] 2021-12-08 11:39:12,637: registered with master
[rospy.rosout][INFO] 2021-12-08 11:39:12,638: initializing /rosout core topic
[rospy.rosout][INFO] 2021-12-08 11:39:12,640: connected to core topic /rosout
[rospy.simtime][INFO] 2021-12-08 11:39:12,640: /use_sim_time is not set, will not subscribe to simulated time [/clock] topic
[rospy.internal][INFO] 2021-12-08 11:39:12,709: topic[/move_group/fake_controller_joint_states] adding connection to [http://wng:42693/], count 0
[rospy.internal][INFO] 2021-12-08 11:39:12,893: topic[/rosout] adding connection to [/rosout], count 0
[rospy.internal][INFO] 2021-12-08 11:39:12,894: topic[/joint_states] adding connection to [/joint_state_desired_publisher], count 0
[rospy.internal][INFO] 2021-12-08 11:39:12,894: topic[/joint_states] adding connection to [/robot_state_publisher], count 1
[rospy.internal][INFO] 2021-12-08 11:39:40,778: topic[/joint_states] adding connection to [/move_group_commander_wrappers_1638931160149346276], count 2
[rospy.internal][INFO] 2021-12-08 11:49:38,564: topic[/joint_states] removing connection to /move_group_commander_wrappers_1638931160149346276
[rospy.core][INFO] 2021-12-08 11:49:47,682: signal_shutdown [signal-2]
[rospy.internal][INFO] 2021-12-08 11:49:47,687: topic[/joint_states] removing connection to /joint_state_desired_publisher
[rospy.internal][INFO] 2021-12-08 11:49:47,687: topic[/joint_states] removing connection to /robot_state_publisher
[rospy.internal][INFO] 2021-12-08 11:49:47,687: topic[/rosout] removing connection to /rosout
[rospy.internal][INFO] 2021-12-08 11:49:47,687: topic[/move_group/fake_controller_joint_states] removing connection to http://wng:42693/
[rospy.impl.masterslave][INFO] 2021-12-08 11:49:47,688: signal-2
[rospy.core][INFO] 2021-12-08 11:49:47,803: signal_shutdown [atexit]
