[rospy.client][INFO] 2021-09-10 16:29:00,821: init_node, name[/joint_state_publisher], pid[12474]
[xmlrpc][INFO] 2021-09-10 16:29:00,822: XML-RPC server binding to 0.0.0.0:0
[xmlrpc][INFO] 2021-09-10 16:29:00,822: Started XML-RPC server [http://wng:40775/]
[rospy.init][INFO] 2021-09-10 16:29:00,822: ROS Slave URI: [http://wng:40775/]
[rospy.impl.masterslave][INFO] 2021-09-10 16:29:00,822: _ready: http://wng:40775/
[xmlrpc][INFO] 2021-09-10 16:29:00,822: xml rpc node: starting XML-RPC server
[rospy.registration][INFO] 2021-09-10 16:29:00,822: Registering with master node http://localhost:11311
[rospy.init][INFO] 2021-09-10 16:29:00,922: registered with master
[rospy.rosout][INFO] 2021-09-10 16:29:00,922: initializing /rosout core topic
[rospy.rosout][INFO] 2021-09-10 16:29:00,925: connected to core topic /rosout
[rospy.simtime][INFO] 2021-09-10 16:29:00,925: /use_sim_time is not set, will not subscribe to simulated time [/clock] topic
[rospy.internal][INFO] 2021-09-10 16:29:00,987: topic[/move_group/fake_controller_joint_states] adding connection to [http://wng:44825/], count 0
[rospy.internal][INFO] 2021-09-10 16:29:01,042: topic[/rosout] adding connection to [/rosout], count 0
[rospy.internal][INFO] 2021-09-10 16:29:01,143: topic[/joint_states] adding connection to [/joint_state_desired_publisher], count 0
[rospy.internal][INFO] 2021-09-10 16:29:01,143: topic[/joint_states] adding connection to [/robot_state_publisher], count 1
[rospy.core][INFO] 2021-09-10 16:30:00,531: signal_shutdown [signal-2]
[rospy.internal][INFO] 2021-09-10 16:30:00,532: topic[/joint_states] removing connection to /joint_state_desired_publisher
[rospy.internal][INFO] 2021-09-10 16:30:00,532: topic[/joint_states] removing connection to /robot_state_publisher
[rospy.internal][INFO] 2021-09-10 16:30:00,533: topic[/rosout] removing connection to /rosout
[rospy.internal][INFO] 2021-09-10 16:30:00,533: topic[/move_group/fake_controller_joint_states] removing connection to http://wng:44825/
[rospy.impl.masterslave][INFO] 2021-09-10 16:30:00,533: signal-2
[rospy.core][INFO] 2021-09-10 16:30:00,649: signal_shutdown [atexit]
