[rospy.client][INFO] 2021-09-24 10:19:53,782: init_node, name[/server_endpoint], pid[27733]
[xmlrpc][INFO] 2021-09-24 10:19:53,783: XML-RPC server binding to 0.0.0.0:0
[xmlrpc][INFO] 2021-09-24 10:19:53,783: Started XML-RPC server [http://wng:43655/]
[rospy.init][INFO] 2021-09-24 10:19:53,783: ROS Slave URI: [http://wng:43655/]
[rospy.impl.masterslave][INFO] 2021-09-24 10:19:53,783: _ready: http://wng:43655/
[rospy.registration][INFO] 2021-09-24 10:19:53,783: Registering with master node http://localhost:11311
[xmlrpc][INFO] 2021-09-24 10:19:53,783: xml rpc node: starting XML-RPC server
[rospy.init][INFO] 2021-09-24 10:19:53,883: registered with master
[rospy.rosout][INFO] 2021-09-24 10:19:53,883: initializing /rosout core topic
[rospy.rosout][INFO] 2021-09-24 10:19:53,884: connected to core topic /rosout
[rospy.simtime][INFO] 2021-09-24 10:19:53,885: /use_sim_time is not set, will not subscribe to simulated time [/clock] topic
[rosout][INFO] 2021-09-24 10:19:53,890: Starting server on 192.168.1.146:10000
[rospy.internal][INFO] 2021-09-24 10:19:54,150: topic[/rosout] adding connection to [/rosout], count 0
[rosout][INFO] 2021-09-24 10:20:04,908: Connection from 192.168.1.146
[rosout][INFO] 2021-09-24 10:20:04,913: RegisterPublisher(execution_check, <class 'panda_move.msg._ExecutionCheck.ExecutionCheck'>) OK
[rospy.internal][INFO] 2021-09-24 10:20:05,016: topic[/execution_check] adding connection to [http://wng:43655/], count 0
[rospy.internal][INFO] 2021-09-24 10:20:05,017: topic[/execution_check] adding connection to [/server_endpoint], count 0
[rospy.core][INFO] 2021-09-24 10:38:47,943: signal_shutdown [signal-2]
[rospy.internal][INFO] 2021-09-24 10:38:47,948: topic[/execution_check] removing connection to /server_endpoint
[rospy.internal][INFO] 2021-09-24 10:38:47,948: topic[/rosout] removing connection to /rosout
[rospy.internal][INFO] 2021-09-24 10:38:47,948: topic[/execution_check] removing connection to http://wng:43655/
[rospy.impl.masterslave][INFO] 2021-09-24 10:38:47,948: signal-2
[rospy.internal][WARNING] 2021-09-24 10:38:47,949: Unknown error initiating TCP/IP socket to wng:44413 (http://wng:43655/): Traceback (most recent call last):
  File "/opt/ros/melodic/lib/python2.7/dist-packages/rospy/impl/tcpros_base.py", line 562, in connect
    self.read_header()
  File "/opt/ros/melodic/lib/python2.7/dist-packages/rospy/impl/tcpros_base.py", line 657, in read_header
    self._validate_header(read_ros_handshake_header(sock, self.read_buff, self.protocol.buff_size))
AttributeError: 'NoneType' object has no attribute 'buff_size'

[rospy.core][INFO] 2021-09-24 10:38:48,112: signal_shutdown [atexit]
