[rospy.client][INFO] 2021-09-09 14:16:46,083: init_node, name[/server_endpoint], pid[17668]
[xmlrpc][INFO] 2021-09-09 14:16:46,083: XML-RPC server binding to 0.0.0.0:0
[xmlrpc][INFO] 2021-09-09 14:16:46,083: Started XML-RPC server [http://wng:34035/]
[rospy.init][INFO] 2021-09-09 14:16:46,084: ROS Slave URI: [http://wng:34035/]
[rospy.impl.masterslave][INFO] 2021-09-09 14:16:46,084: _ready: http://wng:34035/
[xmlrpc][INFO] 2021-09-09 14:16:46,084: xml rpc node: starting XML-RPC server
[rospy.registration][INFO] 2021-09-09 14:16:46,084: Registering with master node http://localhost:11311
[rospy.init][INFO] 2021-09-09 14:16:46,184: registered with master
[rospy.rosout][INFO] 2021-09-09 14:16:46,185: initializing /rosout core topic
[rospy.rosout][INFO] 2021-09-09 14:16:46,188: connected to core topic /rosout
[rospy.simtime][INFO] 2021-09-09 14:16:46,190: /use_sim_time is not set, will not subscribe to simulated time [/clock] topic
[rosout][INFO] 2021-09-09 14:16:46,211: Starting server on 192.168.1.146:10000
[rospy.internal][INFO] 2021-09-09 14:16:46,429: topic[/rosout] adding connection to [/rosout], count 0
[rosout][INFO] 2021-09-09 14:20:55,423: Connection from 192.168.1.146
[rosout][INFO] 2021-09-09 14:20:55,427: RegisterPublisher(execution_check, <class 'panda_move.msg._ExecutionCheck.ExecutionCheck'>) OK
[rospy.internal][INFO] 2021-09-09 14:20:55,512: topic[/execution_check] adding connection to [http://wng:34035/], count 0
[rospy.internal][INFO] 2021-09-09 14:20:55,513: topic[/execution_check] adding connection to [/server_endpoint], count 0
[rospy.core][INFO] 2021-09-09 14:39:49,982: signal_shutdown [signal-2]
[rospy.internal][INFO] 2021-09-09 14:39:49,985: topic[/execution_check] removing connection to /server_endpoint
[rospy.internal][INFO] 2021-09-09 14:39:49,986: topic[/rosout] removing connection to /rosout
[rospy.internal][INFO] 2021-09-09 14:39:49,986: topic[/execution_check] removing connection to http://wng:34035/
[rospy.impl.masterslave][INFO] 2021-09-09 14:39:49,986: signal-2
[rospy.core][INFO] 2021-09-09 14:39:50,118: signal_shutdown [atexit]
