[rospy.client][INFO] 2021-09-09 21:33:27,751: init_node, name[/joint_state_publisher], pid[22318]
[xmlrpc][INFO] 2021-09-09 21:33:27,751: XML-RPC server binding to 0.0.0.0:0
[xmlrpc][INFO] 2021-09-09 21:33:27,752: Started XML-RPC server [http://wng:42679/]
[rospy.init][INFO] 2021-09-09 21:33:27,752: ROS Slave URI: [http://wng:42679/]
[rospy.impl.masterslave][INFO] 2021-09-09 21:33:27,752: _ready: http://wng:42679/
[xmlrpc][INFO] 2021-09-09 21:33:27,752: xml rpc node: starting XML-RPC server
[rospy.registration][INFO] 2021-09-09 21:33:27,752: Registering with master node http://localhost:11311
[rospy.init][INFO] 2021-09-09 21:33:27,852: registered with master
[rospy.rosout][INFO] 2021-09-09 21:33:27,852: initializing /rosout core topic
[rospy.rosout][INFO] 2021-09-09 21:33:27,856: connected to core topic /rosout
[rospy.simtime][INFO] 2021-09-09 21:33:27,857: /use_sim_time is not set, will not subscribe to simulated time [/clock] topic
[rospy.internal][INFO] 2021-09-09 21:33:27,928: topic[/move_group/fake_controller_joint_states] adding connection to [http://wng:35207/], count 0
[rospy.internal][INFO] 2021-09-09 21:33:28,138: topic[/rosout] adding connection to [/rosout], count 0
[rospy.internal][INFO] 2021-09-09 21:33:28,138: topic[/joint_states] adding connection to [/joint_state_desired_publisher], count 0
[rospy.internal][INFO] 2021-09-09 21:33:28,139: topic[/joint_states] adding connection to [/robot_state_publisher], count 1
[rospy.internal][INFO] 2021-09-09 21:34:45,807: topic[/joint_states] adding connection to [/move_group_commander_wrappers_1631190836851225887], count 2
[rospy.internal][INFO] 2021-09-09 22:05:55,082: topic[/joint_states] removing connection to /move_group_commander_wrappers_1631190836851225887
[rospy.core][INFO] 2021-09-09 22:06:02,669: signal_shutdown [signal-2]
[rospy.internal][INFO] 2021-09-09 22:06:02,672: topic[/joint_states] removing connection to /joint_state_desired_publisher
[rospy.internal][INFO] 2021-09-09 22:06:02,672: topic[/joint_states] removing connection to /robot_state_publisher
[rospy.internal][INFO] 2021-09-09 22:06:02,672: topic[/rosout] removing connection to /rosout
[rospy.internal][INFO] 2021-09-09 22:06:02,672: topic[/move_group/fake_controller_joint_states] removing connection to http://wng:35207/
[rospy.impl.masterslave][INFO] 2021-09-09 22:06:02,681: signal-2
[rospy.core][INFO] 2021-09-09 22:06:02,782: signal_shutdown [atexit]
