[rospy.client][INFO] 2021-09-09 21:33:27,980: init_node, name[/server_endpoint], pid[22316]
[xmlrpc][INFO] 2021-09-09 21:33:27,980: XML-RPC server binding to 0.0.0.0:0
[xmlrpc][INFO] 2021-09-09 21:33:27,980: Started XML-RPC server [http://wng:39605/]
[rospy.init][INFO] 2021-09-09 21:33:27,981: ROS Slave URI: [http://wng:39605/]
[rospy.impl.masterslave][INFO] 2021-09-09 21:33:27,981: _ready: http://wng:39605/
[rospy.registration][INFO] 2021-09-09 21:33:27,985: Registering with master node http://localhost:11311
[xmlrpc][INFO] 2021-09-09 21:33:27,985: xml rpc node: starting XML-RPC server
[rospy.init][INFO] 2021-09-09 21:33:28,081: registered with master
[rospy.rosout][INFO] 2021-09-09 21:33:28,081: initializing /rosout core topic
[rospy.rosout][INFO] 2021-09-09 21:33:28,082: connected to core topic /rosout
[rospy.simtime][INFO] 2021-09-09 21:33:28,082: /use_sim_time is not set, will not subscribe to simulated time [/clock] topic
[rosout][INFO] 2021-09-09 21:33:28,087: Starting server on 192.168.1.146:10000
[rospy.internal][INFO] 2021-09-09 21:33:28,239: topic[/rosout] adding connection to [/rosout], count 0
[rosout][INFO] 2021-09-09 21:34:33,839: Connection from 192.168.1.146
[rosout][INFO] 2021-09-09 21:34:33,843: RegisterPublisher(execution_check, <class 'panda_move.msg._ExecutionCheck.ExecutionCheck'>) OK
[rospy.internal][INFO] 2021-09-09 21:34:33,888: topic[/execution_check] adding connection to [http://wng:39605/], count 0
[rospy.internal][INFO] 2021-09-09 21:34:33,889: topic[/execution_check] adding connection to [/server_endpoint], count 0
[rospy.core][INFO] 2021-09-09 22:06:02,671: signal_shutdown [signal-2]
[rospy.internal][INFO] 2021-09-09 22:06:02,674: topic[/execution_check] removing connection to /server_endpoint
[rospy.internal][INFO] 2021-09-09 22:06:02,674: topic[/rosout] removing connection to /rosout
[rospy.internal][INFO] 2021-09-09 22:06:02,674: topic[/execution_check] removing connection to http://wng:39605/
[rospy.impl.masterslave][INFO] 2021-09-09 22:06:02,675: signal-2
[rospy.core][INFO] 2021-09-09 22:06:02,783: signal_shutdown [atexit]
