[rospy.client][INFO] 2021-09-10 16:15:58,318: init_node, name[/joint_state_publisher], pid[10131]
[xmlrpc][INFO] 2021-09-10 16:15:58,319: XML-RPC server binding to 0.0.0.0:0
[xmlrpc][INFO] 2021-09-10 16:15:58,319: Started XML-RPC server [http://wng:39377/]
[rospy.init][INFO] 2021-09-10 16:15:58,319: ROS Slave URI: [http://wng:39377/]
[rospy.impl.masterslave][INFO] 2021-09-10 16:15:58,319: _ready: http://wng:39377/
[xmlrpc][INFO] 2021-09-10 16:15:58,319: xml rpc node: starting XML-RPC server
[rospy.registration][INFO] 2021-09-10 16:15:58,319: Registering with master node http://localhost:11311
[rospy.init][INFO] 2021-09-10 16:15:58,419: registered with master
[rospy.rosout][INFO] 2021-09-10 16:15:58,419: initializing /rosout core topic
[rospy.rosout][INFO] 2021-09-10 16:15:58,421: connected to core topic /rosout
[rospy.simtime][INFO] 2021-09-10 16:15:58,422: /use_sim_time is not set, will not subscribe to simulated time [/clock] topic
[rospy.internal][INFO] 2021-09-10 16:15:58,484: topic[/move_group/fake_controller_joint_states] adding connection to [http://wng:35613/], count 0
[rospy.internal][INFO] 2021-09-10 16:15:58,551: topic[/rosout] adding connection to [/rosout], count 0
[rospy.internal][INFO] 2021-09-10 16:15:58,651: topic[/joint_states] adding connection to [/joint_state_desired_publisher], count 0
[rospy.internal][INFO] 2021-09-10 16:15:58,652: topic[/joint_states] adding connection to [/robot_state_publisher], count 1
[rospy.core][INFO] 2021-09-10 16:17:03,037: signal_shutdown [signal-2]
[rospy.internal][INFO] 2021-09-10 16:17:03,039: topic[/joint_states] removing connection to /joint_state_desired_publisher
[rospy.internal][INFO] 2021-09-10 16:17:03,044: topic[/joint_states] removing connection to /robot_state_publisher
[rospy.internal][INFO] 2021-09-10 16:17:03,045: topic[/rosout] removing connection to /rosout
[rospy.internal][INFO] 2021-09-10 16:17:03,045: topic[/move_group/fake_controller_joint_states] removing connection to http://wng:35613/
[rospy.internal][WARNING] 2021-09-10 16:17:03,045: Unknown error initiating TCP/IP socket to wng:35203 (http://wng:35613/): Traceback (most recent call last):
  File "/opt/ros/melodic/lib/python2.7/dist-packages/rospy/impl/tcpros_base.py", line 562, in connect
    self.read_header()
  File "/opt/ros/melodic/lib/python2.7/dist-packages/rospy/impl/tcpros_base.py", line 657, in read_header
    self._validate_header(read_ros_handshake_header(sock, self.read_buff, self.protocol.buff_size))
AttributeError: 'NoneType' object has no attribute 'buff_size'

[rospy.topics][ERROR] 2021-09-10 16:17:03,045: Traceback (most recent call last):
  File "/opt/ros/melodic/lib/python2.7/dist-packages/rospy/topics.py", line 326, in close
    c.close()
  File "/opt/ros/melodic/lib/python2.7/dist-packages/rospy/impl/tcpros_base.py", line 846, in close
    self.socket.close()
AttributeError: 'NoneType' object has no attribute 'close'

[rospy.impl.masterslave][INFO] 2021-09-10 16:17:03,046: signal-2
[rospy.core][INFO] 2021-09-10 16:17:03,147: signal_shutdown [atexit]
