[rospy.client][INFO] 2021-09-18 23:38:13,893: init_node, name[/joint_state_publisher], pid[18307]
[xmlrpc][INFO] 2021-09-18 23:38:13,893: XML-RPC server binding to 0.0.0.0:0
[xmlrpc][INFO] 2021-09-18 23:38:13,894: Started XML-RPC server [http://wng:34939/]
[rospy.init][INFO] 2021-09-18 23:38:13,894: ROS Slave URI: [http://wng:34939/]
[rospy.impl.masterslave][INFO] 2021-09-18 23:38:13,894: _ready: http://wng:34939/
[rospy.registration][INFO] 2021-09-18 23:38:13,894: Registering with master node http://localhost:11311
[xmlrpc][INFO] 2021-09-18 23:38:13,894: xml rpc node: starting XML-RPC server
[rospy.init][INFO] 2021-09-18 23:38:13,994: registered with master
[rospy.rosout][INFO] 2021-09-18 23:38:13,994: initializing /rosout core topic
[rospy.rosout][INFO] 2021-09-18 23:38:13,997: connected to core topic /rosout
[rospy.simtime][INFO] 2021-09-18 23:38:13,998: /use_sim_time is not set, will not subscribe to simulated time [/clock] topic
[rospy.internal][INFO] 2021-09-18 23:38:14,061: topic[/move_group/fake_controller_joint_states] adding connection to [http://wng:43337/], count 0
[rospy.internal][INFO] 2021-09-18 23:38:14,285: topic[/rosout] adding connection to [/rosout], count 0
[rospy.internal][INFO] 2021-09-18 23:38:14,285: topic[/joint_states] adding connection to [/joint_state_desired_publisher], count 0
[rospy.internal][INFO] 2021-09-18 23:38:14,307: topic[/joint_states] adding connection to [/robot_state_publisher], count 1
[rospy.internal][INFO] 2021-09-18 23:38:47,463: topic[/joint_states] adding connection to [/move_group_commander_wrappers_1631975900638889759], count 2
[rospy.internal][INFO] 2021-09-19 00:02:04,708: topic[/joint_states] removing connection to /move_group_commander_wrappers_1631975900638889759
[rospy.core][INFO] 2021-09-19 00:02:46,877: signal_shutdown [signal-2]
[rospy.internal][INFO] 2021-09-19 00:02:46,879: topic[/joint_states] removing connection to /joint_state_desired_publisher
[rospy.internal][INFO] 2021-09-19 00:02:46,880: topic[/joint_states] removing connection to /robot_state_publisher
[rospy.internal][INFO] 2021-09-19 00:02:46,880: topic[/rosout] removing connection to /rosout
[rospy.internal][INFO] 2021-09-19 00:02:46,880: topic[/move_group/fake_controller_joint_states] removing connection to http://wng:43337/
[rospy.impl.masterslave][INFO] 2021-09-19 00:02:46,885: signal-2
[rospy.core][INFO] 2021-09-19 00:02:46,988: signal_shutdown [atexit]
