[rospy.client][INFO] 2021-09-18 23:38:14,484: init_node, name[/server_endpoint], pid[18305]
[xmlrpc][INFO] 2021-09-18 23:38:14,485: XML-RPC server binding to 0.0.0.0:0
[xmlrpc][INFO] 2021-09-18 23:38:14,485: Started XML-RPC server [http://wng:45001/]
[rospy.init][INFO] 2021-09-18 23:38:14,485: ROS Slave URI: [http://wng:45001/]
[rospy.impl.masterslave][INFO] 2021-09-18 23:38:14,485: _ready: http://wng:45001/
[rospy.registration][INFO] 2021-09-18 23:38:14,486: Registering with master node http://localhost:11311
[xmlrpc][INFO] 2021-09-18 23:38:14,486: xml rpc node: starting XML-RPC server
[rospy.init][INFO] 2021-09-18 23:38:14,586: registered with master
[rospy.rosout][INFO] 2021-09-18 23:38:14,586: initializing /rosout core topic
[rospy.rosout][INFO] 2021-09-18 23:38:14,587: connected to core topic /rosout
[rospy.simtime][INFO] 2021-09-18 23:38:14,587: /use_sim_time is not set, will not subscribe to simulated time [/clock] topic
[rosout][INFO] 2021-09-18 23:38:14,613: Starting server on 192.168.1.146:10000
[rospy.internal][INFO] 2021-09-18 23:38:14,790: topic[/rosout] adding connection to [/rosout], count 0
[rosout][INFO] 2021-09-18 23:38:29,648: Connection from 192.168.1.146
[rosout][INFO] 2021-09-18 23:38:29,653: RegisterPublisher(execution_check, <class 'panda_move.msg._ExecutionCheck.ExecutionCheck'>) OK
[rospy.internal][INFO] 2021-09-18 23:38:29,731: topic[/execution_check] adding connection to [http://wng:45001/], count 0
[rospy.internal][INFO] 2021-09-18 23:38:29,732: topic[/execution_check] adding connection to [/server_endpoint], count 0
[rospy.core][INFO] 2021-09-19 00:02:46,881: signal_shutdown [signal-2]
[rospy.internal][INFO] 2021-09-19 00:02:46,885: topic[/execution_check] removing connection to /server_endpoint
[rospy.internal][INFO] 2021-09-19 00:02:46,885: topic[/rosout] removing connection to /rosout
[rospy.internal][INFO] 2021-09-19 00:02:46,885: topic[/execution_check] removing connection to http://wng:45001/
[rospy.impl.masterslave][INFO] 2021-09-19 00:02:46,885: signal-2
[rospy.core][INFO] 2021-09-19 00:02:47,002: signal_shutdown [atexit]
