[rospy.client][INFO] 2021-09-10 13:53:30,255: init_node, name[/server_endpoint], pid[23704]
[xmlrpc][INFO] 2021-09-10 13:53:30,255: XML-RPC server binding to 0.0.0.0:0
[xmlrpc][INFO] 2021-09-10 13:53:30,255: Started XML-RPC server [http://wng:32769/]
[rospy.init][INFO] 2021-09-10 13:53:30,255: ROS Slave URI: [http://wng:32769/]
[rospy.impl.masterslave][INFO] 2021-09-10 13:53:30,255: _ready: http://wng:32769/
[rospy.registration][INFO] 2021-09-10 13:53:30,256: Registering with master node http://localhost:11311
[xmlrpc][INFO] 2021-09-10 13:53:30,256: xml rpc node: starting XML-RPC server
[rospy.init][INFO] 2021-09-10 13:53:30,356: registered with master
[rospy.rosout][INFO] 2021-09-10 13:53:30,356: initializing /rosout core topic
[rospy.rosout][INFO] 2021-09-10 13:53:30,358: connected to core topic /rosout
[rospy.simtime][INFO] 2021-09-10 13:53:30,359: /use_sim_time is not set, will not subscribe to simulated time [/clock] topic
[rosout][INFO] 2021-09-10 13:53:30,372: Starting server on 192.168.1.146:10000
[rospy.internal][INFO] 2021-09-10 13:53:30,631: topic[/rosout] adding connection to [/rosout], count 0
[rosout][INFO] 2021-09-10 13:53:43,052: Connection from 192.168.1.146
[rosout][INFO] 2021-09-10 13:53:43,056: RegisterPublisher(execution_check, <class 'panda_move.msg._ExecutionCheck.ExecutionCheck'>) OK
[rospy.internal][INFO] 2021-09-10 13:53:43,090: topic[/execution_check] adding connection to [http://wng:32769/], count 0
[rospy.internal][INFO] 2021-09-10 13:53:43,091: topic[/execution_check] adding connection to [/server_endpoint], count 0
[rospy.core][INFO] 2021-09-10 14:29:29,088: signal_shutdown [signal-2]
[rospy.internal][INFO] 2021-09-10 14:29:29,091: topic[/execution_check] removing connection to /server_endpoint
[rospy.internal][INFO] 2021-09-10 14:29:29,092: topic[/rosout] removing connection to /rosout
[rospy.internal][INFO] 2021-09-10 14:29:29,092: topic[/execution_check] removing connection to http://wng:32769/
[rospy.impl.masterslave][INFO] 2021-09-10 14:29:29,092: signal-2
[rospy.internal][ERROR] 2021-09-10 14:29:29,093: Unable to initiate TCP/IP socket to wng:41817 (http://wng:32769/): Traceback (most recent call last):
  File "/opt/ros/melodic/lib/python2.7/dist-packages/rospy/impl/tcpros_base.py", line 562, in connect
    self.read_header()
  File "/opt/ros/melodic/lib/python2.7/dist-packages/rospy/impl/tcpros_base.py", line 657, in read_header
    self._validate_header(read_ros_handshake_header(sock, self.read_buff, self.protocol.buff_size))
  File "/opt/ros/melodic/lib/python2.7/dist-packages/rospy/impl/tcpros_base.py", line 600, in _validate_header
    raise TransportInitError("remote error reported: %s"%header['error'])
TransportInitError: remote error reported: node shutting down

[rospy.core][INFO] 2021-09-10 14:29:29,225: signal_shutdown [atexit]
