[rospy.client][INFO] 2021-12-14 10:16:17,035: init_node, name[/joint_state_publisher], pid[14648]
[xmlrpc][INFO] 2021-12-14 10:16:17,035: XML-RPC server binding to 0.0.0.0:0
[xmlrpc][INFO] 2021-12-14 10:16:17,035: Started XML-RPC server [http://wng:43089/]
[rospy.init][INFO] 2021-12-14 10:16:17,035: ROS Slave URI: [http://wng:43089/]
[rospy.impl.masterslave][INFO] 2021-12-14 10:16:17,035: _ready: http://wng:43089/
[rospy.registration][INFO] 2021-12-14 10:16:17,036: Registering with master node http://localhost:11311
[xmlrpc][INFO] 2021-12-14 10:16:17,036: xml rpc node: starting XML-RPC server
[rospy.init][INFO] 2021-12-14 10:16:17,135: registered with master
[rospy.rosout][INFO] 2021-12-14 10:16:17,136: initializing /rosout core topic
[rospy.rosout][INFO] 2021-12-14 10:16:17,138: connected to core topic /rosout
[rospy.simtime][INFO] 2021-12-14 10:16:17,139: /use_sim_time is not set, will not subscribe to simulated time [/clock] topic
[rospy.internal][INFO] 2021-12-14 10:16:17,206: topic[/move_group/fake_controller_joint_states] adding connection to [http://wng:37111/], count 0
[rospy.internal][INFO] 2021-12-14 10:16:17,309: topic[/rosout] adding connection to [/rosout], count 0
[rospy.internal][INFO] 2021-12-14 10:16:17,409: topic[/joint_states] adding connection to [/joint_state_desired_publisher], count 0
[rospy.internal][INFO] 2021-12-14 10:16:17,410: topic[/joint_states] adding connection to [/robot_state_publisher], count 1
[rospy.internal][INFO] 2021-12-14 10:16:55,997: topic[/joint_states] adding connection to [/move_group_commander_wrappers_1639444589755898606], count 2
[rospy.core][INFO] 2021-12-14 10:18:13,624: signal_shutdown [signal-2]
[rospy.internal][INFO] 2021-12-14 10:18:13,630: topic[/joint_states] removing connection to /joint_state_desired_publisher
[rospy.internal][INFO] 2021-12-14 10:18:13,630: topic[/joint_states] removing connection to /robot_state_publisher
[rospy.internal][INFO] 2021-12-14 10:18:13,630: topic[/joint_states] removing connection to /move_group_commander_wrappers_1639444589755898606
[rospy.internal][INFO] 2021-12-14 10:18:13,630: topic[/rosout] removing connection to /rosout
[rospy.internal][INFO] 2021-12-14 10:18:13,630: topic[/move_group/fake_controller_joint_states] removing connection to http://wng:37111/
[rospy.impl.masterslave][INFO] 2021-12-14 10:18:13,631: signal-2
[rospy.core][INFO] 2021-12-14 10:18:13,762: signal_shutdown [atexit]
