[rospy.client][INFO] 2021-09-23 10:52:13,134: init_node, name[/joint_state_publisher], pid[27941]
[xmlrpc][INFO] 2021-09-23 10:52:13,135: XML-RPC server binding to 0.0.0.0:0
[xmlrpc][INFO] 2021-09-23 10:52:13,135: Started XML-RPC server [http://wng:46139/]
[rospy.init][INFO] 2021-09-23 10:52:13,135: ROS Slave URI: [http://wng:46139/]
[rospy.impl.masterslave][INFO] 2021-09-23 10:52:13,135: _ready: http://wng:46139/
[rospy.registration][INFO] 2021-09-23 10:52:13,136: Registering with master node http://localhost:11311
[xmlrpc][INFO] 2021-09-23 10:52:13,136: xml rpc node: starting XML-RPC server
[rospy.init][INFO] 2021-09-23 10:52:13,235: registered with master
[rospy.rosout][INFO] 2021-09-23 10:52:13,235: initializing /rosout core topic
[rospy.rosout][INFO] 2021-09-23 10:52:13,238: connected to core topic /rosout
[rospy.simtime][INFO] 2021-09-23 10:52:13,238: /use_sim_time is not set, will not subscribe to simulated time [/clock] topic
[rospy.internal][INFO] 2021-09-23 10:52:13,300: topic[/move_group/fake_controller_joint_states] adding connection to [http://wng:37335/], count 0
[rospy.internal][INFO] 2021-09-23 10:52:13,465: topic[/rosout] adding connection to [/rosout], count 0
[rospy.internal][INFO] 2021-09-23 10:52:13,465: topic[/joint_states] adding connection to [/joint_state_desired_publisher], count 0
[rospy.internal][INFO] 2021-09-23 10:52:13,470: topic[/joint_states] adding connection to [/robot_state_publisher], count 1
[rospy.core][INFO] 2021-09-23 10:52:46,076: signal_shutdown [signal-2]
[rospy.internal][INFO] 2021-09-23 10:52:46,081: topic[/joint_states] removing connection to /joint_state_desired_publisher
[rospy.internal][INFO] 2021-09-23 10:52:46,082: topic[/joint_states] removing connection to /robot_state_publisher
[rospy.internal][INFO] 2021-09-23 10:52:46,082: topic[/rosout] removing connection to /rosout
[rospy.internal][INFO] 2021-09-23 10:52:46,082: topic[/move_group/fake_controller_joint_states] removing connection to http://wng:37335/
[rospy.impl.masterslave][INFO] 2021-09-23 10:52:46,082: signal-2
[rospy.core][INFO] 2021-09-23 10:52:46,246: signal_shutdown [atexit]
