[rospy.client][INFO] 2021-09-17 11:22:24,788: init_node, name[/joint_state_publisher], pid[4425]
[xmlrpc][INFO] 2021-09-17 11:22:24,788: XML-RPC server binding to 0.0.0.0:0
[xmlrpc][INFO] 2021-09-17 11:22:24,788: Started XML-RPC server [http://wng:44817/]
[rospy.init][INFO] 2021-09-17 11:22:24,789: ROS Slave URI: [http://wng:44817/]
[rospy.impl.masterslave][INFO] 2021-09-17 11:22:24,789: _ready: http://wng:44817/
[xmlrpc][INFO] 2021-09-17 11:22:24,789: xml rpc node: starting XML-RPC server
[rospy.registration][INFO] 2021-09-17 11:22:24,789: Registering with master node http://localhost:11311
[rospy.init][INFO] 2021-09-17 11:22:24,889: registered with master
[rospy.rosout][INFO] 2021-09-17 11:22:24,889: initializing /rosout core topic
[rospy.rosout][INFO] 2021-09-17 11:22:24,891: connected to core topic /rosout
[rospy.simtime][INFO] 2021-09-17 11:22:24,892: /use_sim_time is not set, will not subscribe to simulated time [/clock] topic
[rospy.internal][INFO] 2021-09-17 11:22:24,954: topic[/move_group/fake_controller_joint_states] adding connection to [http://wng:43527/], count 0
[rospy.internal][INFO] 2021-09-17 11:22:25,094: topic[/rosout] adding connection to [/rosout], count 0
[rospy.internal][INFO] 2021-09-17 11:22:25,193: topic[/joint_states] adding connection to [/joint_state_desired_publisher], count 0
[rospy.internal][INFO] 2021-09-17 11:22:25,294: topic[/joint_states] adding connection to [/robot_state_publisher], count 1
[rospy.internal][INFO] 2021-09-17 11:22:56,992: topic[/joint_states] adding connection to [/move_group_commander_wrappers_1631845351566123397], count 2
[rospy.core][INFO] 2021-09-17 11:39:18,906: signal_shutdown [signal-2]
[rospy.internal][INFO] 2021-09-17 11:39:18,910: topic[/joint_states] removing connection to /joint_state_desired_publisher
[rospy.internal][INFO] 2021-09-17 11:39:18,910: topic[/joint_states] removing connection to /robot_state_publisher
[rospy.internal][INFO] 2021-09-17 11:39:18,910: topic[/joint_states] removing connection to /move_group_commander_wrappers_1631845351566123397
[rospy.internal][INFO] 2021-09-17 11:39:18,910: topic[/rosout] removing connection to /rosout
[rospy.internal][INFO] 2021-09-17 11:39:18,911: topic[/move_group/fake_controller_joint_states] removing connection to http://wng:43527/
[rospy.impl.masterslave][INFO] 2021-09-17 11:39:18,911: signal-2
[rospy.core][INFO] 2021-09-17 11:39:19,027: signal_shutdown [atexit]
