[rospy.client][INFO] 2021-09-17 11:22:25,249: init_node, name[/server_endpoint], pid[4423]
[xmlrpc][INFO] 2021-09-17 11:22:25,250: XML-RPC server binding to 0.0.0.0:0
[xmlrpc][INFO] 2021-09-17 11:22:25,250: Started XML-RPC server [http://wng:40143/]
[rospy.init][INFO] 2021-09-17 11:22:25,250: ROS Slave URI: [http://wng:40143/]
[rospy.impl.masterslave][INFO] 2021-09-17 11:22:25,250: _ready: http://wng:40143/
[rospy.registration][INFO] 2021-09-17 11:22:25,250: Registering with master node http://localhost:11311
[xmlrpc][INFO] 2021-09-17 11:22:25,250: xml rpc node: starting XML-RPC server
[rospy.init][INFO] 2021-09-17 11:22:25,351: registered with master
[rospy.rosout][INFO] 2021-09-17 11:22:25,351: initializing /rosout core topic
[rospy.rosout][INFO] 2021-09-17 11:22:25,352: connected to core topic /rosout
[rospy.simtime][INFO] 2021-09-17 11:22:25,353: /use_sim_time is not set, will not subscribe to simulated time [/clock] topic
[rosout][INFO] 2021-09-17 11:22:25,357: Starting server on 192.168.1.146:10000
[rospy.internal][INFO] 2021-09-17 11:22:25,597: topic[/rosout] adding connection to [/rosout], count 0
[rosout][INFO] 2021-09-17 11:22:37,864: Connection from 192.168.1.146
[rosout][INFO] 2021-09-17 11:22:37,869: RegisterPublisher(execution_check, <class 'panda_move.msg._ExecutionCheck.ExecutionCheck'>) OK
[rospy.internal][INFO] 2021-09-17 11:22:37,938: topic[/execution_check] adding connection to [http://wng:40143/], count 0
[rospy.internal][INFO] 2021-09-17 11:22:37,939: topic[/execution_check] adding connection to [/server_endpoint], count 0
[rospy.core][INFO] 2021-09-17 11:39:18,906: signal_shutdown [signal-2]
[rospy.internal][INFO] 2021-09-17 11:39:18,912: topic[/execution_check] removing connection to /server_endpoint
[rospy.internal][ERROR] 2021-09-17 11:39:18,912: Unable to initiate TCP/IP socket to wng:43941 (http://wng:40143/): Traceback (most recent call last):
  File "/opt/ros/melodic/lib/python2.7/dist-packages/rospy/impl/tcpros_base.py", line 562, in connect
    self.read_header()
  File "/opt/ros/melodic/lib/python2.7/dist-packages/rospy/impl/tcpros_base.py", line 657, in read_header
    self._validate_header(read_ros_handshake_header(sock, self.read_buff, self.protocol.buff_size))
  File "/opt/ros/melodic/lib/python2.7/dist-packages/rospy/impl/tcpros_base.py", line 600, in _validate_header
    raise TransportInitError("remote error reported: %s"%header['error'])
TransportInitError: remote error reported: node shutting down

[rospy.internal][INFO] 2021-09-17 11:39:18,913: topic[/rosout] removing connection to /rosout
[rospy.internal][INFO] 2021-09-17 11:39:18,913: topic[/execution_check] removing connection to http://wng:40143/
[rospy.impl.masterslave][INFO] 2021-09-17 11:39:18,913: signal-2
[rospy.core][INFO] 2021-09-17 11:39:19,047: signal_shutdown [atexit]
