[rospy.client][INFO] 2021-09-25 22:14:34,299: init_node, name[/joint_state_publisher], pid[4920]
[xmlrpc][INFO] 2021-09-25 22:14:34,299: XML-RPC server binding to 0.0.0.0:0
[xmlrpc][INFO] 2021-09-25 22:14:34,300: Started XML-RPC server [http://wng:36927/]
[rospy.init][INFO] 2021-09-25 22:14:34,300: ROS Slave URI: [http://wng:36927/]
[rospy.impl.masterslave][INFO] 2021-09-25 22:14:34,300: _ready: http://wng:36927/
[xmlrpc][INFO] 2021-09-25 22:14:34,300: xml rpc node: starting XML-RPC server
[rospy.registration][INFO] 2021-09-25 22:14:34,300: Registering with master node http://localhost:11311
[rospy.init][INFO] 2021-09-25 22:14:34,400: registered with master
[rospy.rosout][INFO] 2021-09-25 22:14:34,400: initializing /rosout core topic
[rospy.rosout][INFO] 2021-09-25 22:14:34,402: connected to core topic /rosout
[rospy.simtime][INFO] 2021-09-25 22:14:34,403: /use_sim_time is not set, will not subscribe to simulated time [/clock] topic
[rospy.internal][INFO] 2021-09-25 22:14:34,465: topic[/move_group/fake_controller_joint_states] adding connection to [http://wng:40591/], count 0
[rospy.internal][INFO] 2021-09-25 22:14:34,516: topic[/rosout] adding connection to [/rosout], count 0
[rospy.internal][INFO] 2021-09-25 22:14:34,714: topic[/joint_states] adding connection to [/joint_state_desired_publisher], count 0
[rospy.internal][INFO] 2021-09-25 22:14:34,717: topic[/joint_states] adding connection to [/robot_state_publisher], count 1
[rospy.internal][INFO] 2021-09-25 22:16:05,025: topic[/joint_states] adding connection to [/move_group_commander_wrappers_1632575680557044897], count 2
[rospy.internal][INFO] 2021-09-25 22:48:27,889: topic[/joint_states] removing connection to /move_group_commander_wrappers_1632575680557044897
[rospy.core][INFO] 2021-09-25 22:48:42,426: signal_shutdown [signal-2]
[rospy.internal][INFO] 2021-09-25 22:48:42,428: topic[/joint_states] removing connection to /joint_state_desired_publisher
[rospy.internal][INFO] 2021-09-25 22:48:42,428: topic[/joint_states] removing connection to /robot_state_publisher
[rospy.internal][INFO] 2021-09-25 22:48:42,428: topic[/rosout] removing connection to /rosout
[rospy.internal][INFO] 2021-09-25 22:48:42,429: topic[/move_group/fake_controller_joint_states] removing connection to http://wng:40591/
[rospy.impl.masterslave][INFO] 2021-09-25 22:48:42,429: signal-2
[rospy.core][INFO] 2021-09-25 22:48:43,045: signal_shutdown [atexit]
