[rospy.client][INFO] 2021-09-25 22:14:34,801: init_node, name[/server_endpoint], pid[4918]
[xmlrpc][INFO] 2021-09-25 22:14:34,801: XML-RPC server binding to 0.0.0.0:0
[xmlrpc][INFO] 2021-09-25 22:14:34,801: Started XML-RPC server [http://wng:37439/]
[rospy.init][INFO] 2021-09-25 22:14:34,801: ROS Slave URI: [http://wng:37439/]
[rospy.impl.masterslave][INFO] 2021-09-25 22:14:34,801: _ready: http://wng:37439/
[rospy.registration][INFO] 2021-09-25 22:14:34,802: Registering with master node http://localhost:11311
[xmlrpc][INFO] 2021-09-25 22:14:34,802: xml rpc node: starting XML-RPC server
[rospy.init][INFO] 2021-09-25 22:14:34,902: registered with master
[rospy.rosout][INFO] 2021-09-25 22:14:34,902: initializing /rosout core topic
[rospy.rosout][INFO] 2021-09-25 22:14:34,903: connected to core topic /rosout
[rospy.simtime][INFO] 2021-09-25 22:14:34,904: /use_sim_time is not set, will not subscribe to simulated time [/clock] topic
[rosout][INFO] 2021-09-25 22:14:34,911: Starting server on 192.168.1.146:10000
[rospy.internal][INFO] 2021-09-25 22:14:35,117: topic[/rosout] adding connection to [/rosout], count 0
[rosout][INFO] 2021-09-25 22:14:47,266: Connection from 192.168.1.146
[rosout][INFO] 2021-09-25 22:14:47,271: RegisterPublisher(execution_check, <class 'panda_move.msg._ExecutionCheck.ExecutionCheck'>) OK
[rospy.internal][INFO] 2021-09-25 22:14:47,335: topic[/execution_check] adding connection to [http://wng:37439/], count 0
[rospy.internal][INFO] 2021-09-25 22:14:47,336: topic[/execution_check] adding connection to [/server_endpoint], count 0
[rospy.core][INFO] 2021-09-25 22:48:42,429: signal_shutdown [signal-2]
[rospy.internal][INFO] 2021-09-25 22:48:42,432: topic[/execution_check] removing connection to /server_endpoint
[rospy.internal][INFO] 2021-09-25 22:48:42,432: topic[/rosout] removing connection to /rosout
[rospy.internal][INFO] 2021-09-25 22:48:42,433: topic[/execution_check] removing connection to http://wng:37439/
[rospy.impl.masterslave][INFO] 2021-09-25 22:48:42,433: signal-2
[rospy.core][INFO] 2021-09-25 22:48:42,540: signal_shutdown [atexit]
