[rospy.client][INFO] 2021-09-07 09:13:39,073: init_node, name[/joint_state_publisher], pid[29578]
[xmlrpc][INFO] 2021-09-07 09:13:39,073: XML-RPC server binding to 0.0.0.0:0
[xmlrpc][INFO] 2021-09-07 09:13:39,073: Started XML-RPC server [http://wng:37525/]
[rospy.init][INFO] 2021-09-07 09:13:39,073: ROS Slave URI: [http://wng:37525/]
[rospy.impl.masterslave][INFO] 2021-09-07 09:13:39,073: _ready: http://wng:37525/
[xmlrpc][INFO] 2021-09-07 09:13:39,074: xml rpc node: starting XML-RPC server
[rospy.registration][INFO] 2021-09-07 09:13:39,074: Registering with master node http://localhost:11311
[rospy.init][INFO] 2021-09-07 09:13:39,173: registered with master
[rospy.rosout][INFO] 2021-09-07 09:13:39,174: initializing /rosout core topic
[rospy.rosout][INFO] 2021-09-07 09:13:39,176: connected to core topic /rosout
[rospy.simtime][INFO] 2021-09-07 09:13:39,176: /use_sim_time is not set, will not subscribe to simulated time [/clock] topic
[rospy.internal][INFO] 2021-09-07 09:13:39,238: topic[/move_group/fake_controller_joint_states] adding connection to [http://wng:42039/], count 0
[rospy.internal][INFO] 2021-09-07 09:13:39,408: topic[/joint_states] adding connection to [/joint_state_desired_publisher], count 0
[rospy.internal][INFO] 2021-09-07 09:13:39,408: topic[/rosout] adding connection to [/rosout], count 0
[rospy.internal][INFO] 2021-09-07 09:13:39,429: topic[/joint_states] adding connection to [/robot_state_publisher], count 1
[rospy.internal][INFO] 2021-09-07 09:14:26,838: topic[/joint_states] adding connection to [/move_group_commander_wrappers_1630973623765740978], count 2
[rospy.internal][INFO] 2021-09-07 09:47:32,422: topic[/joint_states] removing connection to /move_group_commander_wrappers_1630973623765740978
[rospy.core][INFO] 2021-09-07 09:47:39,209: signal_shutdown [signal-2]
[rospy.internal][INFO] 2021-09-07 09:47:39,212: topic[/joint_states] removing connection to /joint_state_desired_publisher
[rospy.internal][INFO] 2021-09-07 09:47:39,217: topic[/joint_states] removing connection to /robot_state_publisher
[rospy.internal][INFO] 2021-09-07 09:47:39,225: topic[/rosout] removing connection to /rosout
[rospy.internal][INFO] 2021-09-07 09:47:39,225: topic[/move_group/fake_controller_joint_states] removing connection to http://wng:42039/
[rospy.impl.masterslave][INFO] 2021-09-07 09:47:39,226: signal-2
[rospy.internal][WARNING] 2021-09-07 09:47:39,317: Unknown error initiating TCP/IP socket to wng:46519 (http://wng:42039/): Traceback (most recent call last):
  File "/opt/ros/melodic/lib/python2.7/dist-packages/rospy/impl/tcpros_base.py", line 562, in connect
    self.read_header()
  File "/opt/ros/melodic/lib/python2.7/dist-packages/rospy/impl/tcpros_base.py", line 657, in read_header
    self._validate_header(read_ros_handshake_header(sock, self.read_buff, self.protocol.buff_size))
  File "/opt/ros/melodic/lib/python2.7/dist-packages/rosgraph/network.py", line 357, in read_ros_handshake_header
    d = sock.recv(buff_size)
error: [Errno 104] Connection reset by peer

[rospy.core][INFO] 2021-09-07 09:47:39,341: signal_shutdown [atexit]
