[rospy.client][INFO] 2021-12-14 10:24:15,522: init_node, name[/joint_state_publisher], pid[16644]
[xmlrpc][INFO] 2021-12-14 10:24:15,522: XML-RPC server binding to 0.0.0.0:0
[xmlrpc][INFO] 2021-12-14 10:24:15,523: Started XML-RPC server [http://wng:44207/]
[rospy.init][INFO] 2021-12-14 10:24:15,523: ROS Slave URI: [http://wng:44207/]
[rospy.impl.masterslave][INFO] 2021-12-14 10:24:15,523: _ready: http://wng:44207/
[xmlrpc][INFO] 2021-12-14 10:24:15,523: xml rpc node: starting XML-RPC server
[rospy.registration][INFO] 2021-12-14 10:24:15,523: Registering with master node http://localhost:11311
[rospy.init][INFO] 2021-12-14 10:24:15,623: registered with master
[rospy.rosout][INFO] 2021-12-14 10:24:15,623: initializing /rosout core topic
[rospy.rosout][INFO] 2021-12-14 10:24:15,625: connected to core topic /rosout
[rospy.simtime][INFO] 2021-12-14 10:24:15,626: /use_sim_time is not set, will not subscribe to simulated time [/clock] topic
[rospy.internal][INFO] 2021-12-14 10:24:15,688: topic[/move_group/fake_controller_joint_states] adding connection to [http://wng:38499/], count 0
[rospy.internal][INFO] 2021-12-14 10:24:15,905: topic[/rosout] adding connection to [/rosout], count 0
[rospy.internal][INFO] 2021-12-14 10:24:15,906: topic[/joint_states] adding connection to [/joint_state_desired_publisher], count 0
[rospy.internal][INFO] 2021-12-14 10:24:15,906: topic[/joint_states] adding connection to [/robot_state_publisher], count 1
[rospy.internal][INFO] 2021-12-14 10:25:47,436: topic[/joint_states] adding connection to [/move_group_commander_wrappers_1639445062869519631], count 2
[rospy.core][INFO] 2021-12-14 10:30:10,042: signal_shutdown [signal-2]
[rospy.internal][INFO] 2021-12-14 10:30:10,048: topic[/joint_states] removing connection to /joint_state_desired_publisher
[rospy.internal][INFO] 2021-12-14 10:30:10,048: topic[/joint_states] removing connection to /robot_state_publisher
[rospy.internal][INFO] 2021-12-14 10:30:10,048: topic[/joint_states] removing connection to /move_group_commander_wrappers_1639445062869519631
[rospy.internal][INFO] 2021-12-14 10:30:10,049: topic[/rosout] removing connection to /rosout
[rospy.internal][INFO] 2021-12-14 10:30:10,049: topic[/move_group/fake_controller_joint_states] removing connection to http://wng:38499/
[rospy.internal][WARNING] 2021-12-14 10:30:10,050: Unknown error initiating TCP/IP socket to wng:54713 (http://wng:38499/): Traceback (most recent call last):
  File "/opt/ros/melodic/lib/python2.7/dist-packages/rospy/impl/tcpros_base.py", line 562, in connect
    self.read_header()
  File "/opt/ros/melodic/lib/python2.7/dist-packages/rospy/impl/tcpros_base.py", line 657, in read_header
    self._validate_header(read_ros_handshake_header(sock, self.read_buff, self.protocol.buff_size))
AttributeError: 'NoneType' object has no attribute 'buff_size'

[rospy.topics][ERROR] 2021-12-14 10:30:10,050: Traceback (most recent call last):
  File "/opt/ros/melodic/lib/python2.7/dist-packages/rospy/topics.py", line 326, in close
    c.close()
  File "/opt/ros/melodic/lib/python2.7/dist-packages/rospy/impl/tcpros_base.py", line 846, in close
    self.socket.close()
AttributeError: 'NoneType' object has no attribute 'close'

[rospy.impl.masterslave][INFO] 2021-12-14 10:30:10,050: signal-2
[rospy.core][INFO] 2021-12-14 10:30:10,665: signal_shutdown [atexit]
