[rospy.client][INFO] 2021-09-10 13:14:53,643: init_node, name[/joint_state_publisher], pid[19770]
[xmlrpc][INFO] 2021-09-10 13:14:53,643: XML-RPC server binding to 0.0.0.0:0
[xmlrpc][INFO] 2021-09-10 13:14:53,643: Started XML-RPC server [http://wng:33603/]
[rospy.init][INFO] 2021-09-10 13:14:53,643: ROS Slave URI: [http://wng:33603/]
[rospy.impl.masterslave][INFO] 2021-09-10 13:14:53,644: _ready: http://wng:33603/
[xmlrpc][INFO] 2021-09-10 13:14:53,644: xml rpc node: starting XML-RPC server
[rospy.registration][INFO] 2021-09-10 13:14:53,644: Registering with master node http://localhost:11311
[rospy.init][INFO] 2021-09-10 13:14:53,744: registered with master
[rospy.rosout][INFO] 2021-09-10 13:14:53,744: initializing /rosout core topic
[rospy.rosout][INFO] 2021-09-10 13:14:53,746: connected to core topic /rosout
[rospy.simtime][INFO] 2021-09-10 13:14:53,746: /use_sim_time is not set, will not subscribe to simulated time [/clock] topic
[rospy.internal][INFO] 2021-09-10 13:14:53,808: topic[/move_group/fake_controller_joint_states] adding connection to [http://wng:39835/], count 0
[rospy.internal][INFO] 2021-09-10 13:14:53,923: topic[/rosout] adding connection to [/rosout], count 0
[rospy.internal][INFO] 2021-09-10 13:14:54,024: topic[/joint_states] adding connection to [/joint_state_desired_publisher], count 0
[rospy.internal][INFO] 2021-09-10 13:14:54,024: topic[/joint_states] adding connection to [/robot_state_publisher], count 1
[rospy.internal][INFO] 2021-09-10 13:16:48,610: topic[/joint_states] adding connection to [/move_group_commander_wrappers_1631247359406832806], count 2
[rospy.internal][INFO] 2021-09-10 13:52:40,261: topic[/joint_states] removing connection to /move_group_commander_wrappers_1631247359406832806
[rospy.core][INFO] 2021-09-10 13:52:48,802: signal_shutdown [signal-2]
[rospy.internal][INFO] 2021-09-10 13:52:48,805: topic[/joint_states] removing connection to /joint_state_desired_publisher
[rospy.internal][INFO] 2021-09-10 13:52:48,809: topic[/joint_states] removing connection to /robot_state_publisher
[rospy.internal][INFO] 2021-09-10 13:52:48,817: topic[/rosout] removing connection to /rosout
[rospy.internal][INFO] 2021-09-10 13:52:48,829: topic[/move_group/fake_controller_joint_states] removing connection to http://wng:39835/
[rospy.impl.masterslave][INFO] 2021-09-10 13:52:48,829: signal-2
[rospy.core][INFO] 2021-09-10 13:52:48,945: signal_shutdown [atexit]
