[rospy.client][INFO] 2021-09-10 13:14:54,168: init_node, name[/server_endpoint], pid[19768]
[xmlrpc][INFO] 2021-09-10 13:14:54,168: XML-RPC server binding to 0.0.0.0:0
[xmlrpc][INFO] 2021-09-10 13:14:54,168: Started XML-RPC server [http://wng:44193/]
[rospy.init][INFO] 2021-09-10 13:14:54,168: ROS Slave URI: [http://wng:44193/]
[rospy.impl.masterslave][INFO] 2021-09-10 13:14:54,168: _ready: http://wng:44193/
[rospy.registration][INFO] 2021-09-10 13:14:54,169: Registering with master node http://localhost:11311
[xmlrpc][INFO] 2021-09-10 13:14:54,169: xml rpc node: starting XML-RPC server
[rospy.init][INFO] 2021-09-10 13:14:54,269: registered with master
[rospy.rosout][INFO] 2021-09-10 13:14:54,269: initializing /rosout core topic
[rospy.rosout][INFO] 2021-09-10 13:14:54,271: connected to core topic /rosout
[rospy.simtime][INFO] 2021-09-10 13:14:54,272: /use_sim_time is not set, will not subscribe to simulated time [/clock] topic
[rosout][INFO] 2021-09-10 13:14:54,283: Starting server on 192.168.1.146:10000
[rospy.internal][INFO] 2021-09-10 13:14:54,527: topic[/rosout] adding connection to [/rosout], count 0
[rosout][INFO] 2021-09-10 13:16:06,057: Connection from 192.168.1.146
[rosout][INFO] 2021-09-10 13:16:06,062: RegisterPublisher(execution_check, <class 'panda_move.msg._ExecutionCheck.ExecutionCheck'>) OK
[rospy.internal][INFO] 2021-09-10 13:16:06,130: topic[/execution_check] adding connection to [http://wng:44193/], count 0
[rospy.internal][INFO] 2021-09-10 13:16:06,131: topic[/execution_check] adding connection to [/server_endpoint], count 0
[rospy.core][INFO] 2021-09-10 13:52:48,805: signal_shutdown [signal-2]
[rospy.internal][INFO] 2021-09-10 13:52:48,808: topic[/execution_check] removing connection to /server_endpoint
[rospy.internal][INFO] 2021-09-10 13:52:48,809: topic[/rosout] removing connection to /rosout
[rospy.internal][INFO] 2021-09-10 13:52:48,809: topic[/execution_check] removing connection to http://wng:44193/
[rospy.impl.masterslave][INFO] 2021-09-10 13:52:48,809: signal-2
[rospy.core][INFO] 2021-09-10 13:52:48,917: signal_shutdown [atexit]
