[rospy.client][INFO] 2021-12-10 17:19:27,656: init_node, name[/joint_state_publisher], pid[17851]
[xmlrpc][INFO] 2021-12-10 17:19:27,656: XML-RPC server binding to 0.0.0.0:0
[xmlrpc][INFO] 2021-12-10 17:19:27,657: Started XML-RPC server [http://wng:40631/]
[rospy.init][INFO] 2021-12-10 17:19:27,657: ROS Slave URI: [http://wng:40631/]
[rospy.impl.masterslave][INFO] 2021-12-10 17:19:27,657: _ready: http://wng:40631/
[rospy.registration][INFO] 2021-12-10 17:19:27,658: Registering with master node http://localhost:11311
[xmlrpc][INFO] 2021-12-10 17:19:27,658: xml rpc node: starting XML-RPC server
[rospy.init][INFO] 2021-12-10 17:19:27,757: registered with master
[rospy.rosout][INFO] 2021-12-10 17:19:27,757: initializing /rosout core topic
[rospy.rosout][INFO] 2021-12-10 17:19:27,759: connected to core topic /rosout
[rospy.simtime][INFO] 2021-12-10 17:19:27,760: /use_sim_time is not set, will not subscribe to simulated time [/clock] topic
[rospy.internal][INFO] 2021-12-10 17:19:27,822: topic[/move_group/fake_controller_joint_states] adding connection to [http://wng:34863/], count 0
[rospy.internal][INFO] 2021-12-10 17:19:27,916: topic[/rosout] adding connection to [/rosout], count 0
[rospy.internal][INFO] 2021-12-10 17:19:28,016: topic[/joint_states] adding connection to [/joint_state_desired_publisher], count 0
[rospy.internal][INFO] 2021-12-10 17:19:28,017: topic[/joint_states] adding connection to [/robot_state_publisher], count 1
[rospy.internal][INFO] 2021-12-10 17:22:03,538: topic[/joint_states] adding connection to [/move_group_commander_wrappers_1639124377254108401], count 2
[rospy.internal][INFO] 2021-12-10 17:39:11,484: topic[/joint_states] removing connection to /move_group_commander_wrappers_1639124377254108401
[rospy.core][INFO] 2021-12-10 18:32:52,695: signal_shutdown [signal-2]
[rospy.internal][INFO] 2021-12-10 18:32:52,699: topic[/joint_states] removing connection to /joint_state_desired_publisher
[rospy.internal][INFO] 2021-12-10 18:32:52,699: topic[/joint_states] removing connection to /robot_state_publisher
[rospy.internal][INFO] 2021-12-10 18:32:52,700: topic[/rosout] removing connection to /rosout
[rospy.internal][INFO] 2021-12-10 18:32:52,700: topic[/move_group/fake_controller_joint_states] removing connection to http://wng:34863/
[rospy.impl.masterslave][INFO] 2021-12-10 18:32:52,700: signal-2
[rospy.internal][WARNING] 2021-12-10 18:32:52,701: Unknown error initiating TCP/IP socket to wng:41607 (http://wng:34863/): Traceback (most recent call last):
  File "/opt/ros/melodic/lib/python2.7/dist-packages/rospy/impl/tcpros_base.py", line 563, in connect
    self.local_endpoint = self.socket.getsockname()
AttributeError: 'NoneType' object has no attribute 'getsockname'

[rospy.core][INFO] 2021-12-10 18:32:52,801: signal_shutdown [atexit]
