[rospy.client][INFO] 2021-09-05 17:48:31,071: init_node, name[/joint_state_publisher], pid[29287]
[xmlrpc][INFO] 2021-09-05 17:48:31,071: XML-RPC server binding to 0.0.0.0:0
[xmlrpc][INFO] 2021-09-05 17:48:31,071: Started XML-RPC server [http://wng:37181/]
[rospy.init][INFO] 2021-09-05 17:48:31,071: ROS Slave URI: [http://wng:37181/]
[rospy.impl.masterslave][INFO] 2021-09-05 17:48:31,071: _ready: http://wng:37181/
[xmlrpc][INFO] 2021-09-05 17:48:31,072: xml rpc node: starting XML-RPC server
[rospy.registration][INFO] 2021-09-05 17:48:31,072: Registering with master node http://localhost:11311
[rospy.init][INFO] 2021-09-05 17:48:31,172: registered with master
[rospy.rosout][INFO] 2021-09-05 17:48:31,172: initializing /rosout core topic
[rospy.rosout][INFO] 2021-09-05 17:48:31,174: connected to core topic /rosout
[rospy.simtime][INFO] 2021-09-05 17:48:31,174: /use_sim_time is not set, will not subscribe to simulated time [/clock] topic
[rospy.internal][INFO] 2021-09-05 17:48:31,236: topic[/move_group/fake_controller_joint_states] adding connection to [http://wng:35145/], count 0
[rospy.internal][INFO] 2021-09-05 17:48:31,412: topic[/rosout] adding connection to [/rosout], count 0
[rospy.internal][INFO] 2021-09-05 17:48:31,413: topic[/joint_states] adding connection to [/robot_state_publisher], count 0
[rospy.internal][INFO] 2021-09-05 17:48:31,413: topic[/joint_states] adding connection to [/joint_state_desired_publisher], count 1
[rospy.internal][INFO] 2021-09-05 17:49:10,946: topic[/joint_states] adding connection to [/move_group_commander_wrappers_1630831723523944375], count 2
[rospy.core][INFO] 2021-09-05 17:50:07,103: signal_shutdown [signal-2]
[rospy.internal][INFO] 2021-09-05 17:50:07,106: topic[/joint_states] removing connection to /robot_state_publisher
[rospy.internal][INFO] 2021-09-05 17:50:07,106: topic[/joint_states] removing connection to /joint_state_desired_publisher
[rospy.internal][INFO] 2021-09-05 17:50:07,106: topic[/joint_states] removing connection to /move_group_commander_wrappers_1630831723523944375
[rospy.internal][INFO] 2021-09-05 17:50:07,107: topic[/rosout] removing connection to /rosout
[rospy.internal][INFO] 2021-09-05 17:50:07,107: topic[/move_group/fake_controller_joint_states] removing connection to http://wng:35145/
[rospy.impl.masterslave][INFO] 2021-09-05 17:50:07,107: signal-2
[rospy.core][INFO] 2021-09-05 17:50:07,271: signal_shutdown [atexit]
