[rospy.client][INFO] 2021-09-19 11:25:08,248: init_node, name[/joint_state_publisher], pid[13006]
[xmlrpc][INFO] 2021-09-19 11:25:08,248: XML-RPC server binding to 0.0.0.0:0
[xmlrpc][INFO] 2021-09-19 11:25:08,248: Started XML-RPC server [http://wng:38217/]
[rospy.init][INFO] 2021-09-19 11:25:08,248: ROS Slave URI: [http://wng:38217/]
[rospy.impl.masterslave][INFO] 2021-09-19 11:25:08,249: _ready: http://wng:38217/
[xmlrpc][INFO] 2021-09-19 11:25:08,249: xml rpc node: starting XML-RPC server
[rospy.registration][INFO] 2021-09-19 11:25:08,249: Registering with master node http://localhost:11311
[rospy.init][INFO] 2021-09-19 11:25:08,349: registered with master
[rospy.rosout][INFO] 2021-09-19 11:25:08,349: initializing /rosout core topic
[rospy.rosout][INFO] 2021-09-19 11:25:08,351: connected to core topic /rosout
[rospy.simtime][INFO] 2021-09-19 11:25:08,352: /use_sim_time is not set, will not subscribe to simulated time [/clock] topic
[rospy.internal][INFO] 2021-09-19 11:25:08,414: topic[/move_group/fake_controller_joint_states] adding connection to [http://wng:34737/], count 0
[rospy.internal][INFO] 2021-09-19 11:25:08,628: topic[/rosout] adding connection to [/rosout], count 0
[rospy.internal][INFO] 2021-09-19 11:25:08,628: topic[/joint_states] adding connection to [/joint_state_desired_publisher], count 0
[rospy.internal][INFO] 2021-09-19 11:25:08,628: topic[/joint_states] adding connection to [/robot_state_publisher], count 1
[rospy.internal][INFO] 2021-09-19 11:25:39,620: topic[/joint_states] adding connection to [/move_group_commander_wrappers_1632018317972228539], count 2
[rospy.internal][INFO] 2021-09-19 11:43:14,923: topic[/joint_states] removing connection to /move_group_commander_wrappers_1632018317972228539
[rospy.core][INFO] 2021-09-19 11:45:21,957: signal_shutdown [signal-2]
[rospy.internal][INFO] 2021-09-19 11:45:21,959: topic[/joint_states] removing connection to /joint_state_desired_publisher
[rospy.internal][INFO] 2021-09-19 11:45:21,959: topic[/joint_states] removing connection to /robot_state_publisher
[rospy.internal][INFO] 2021-09-19 11:45:21,960: topic[/rosout] removing connection to /rosout
[rospy.internal][INFO] 2021-09-19 11:45:21,960: topic[/move_group/fake_controller_joint_states] removing connection to http://wng:34737/
[rospy.impl.masterslave][INFO] 2021-09-19 11:45:21,960: signal-2
[rospy.core][INFO] 2021-09-19 11:45:22,076: signal_shutdown [atexit]
