[rospy.client][INFO] 2021-09-19 11:25:08,743: init_node, name[/server_endpoint], pid[13004]
[xmlrpc][INFO] 2021-09-19 11:25:08,744: XML-RPC server binding to 0.0.0.0:0
[xmlrpc][INFO] 2021-09-19 11:25:08,744: Started XML-RPC server [http://wng:45289/]
[rospy.init][INFO] 2021-09-19 11:25:08,744: ROS Slave URI: [http://wng:45289/]
[rospy.impl.masterslave][INFO] 2021-09-19 11:25:08,744: _ready: http://wng:45289/
[rospy.registration][INFO] 2021-09-19 11:25:08,744: Registering with master node http://localhost:11311
[xmlrpc][INFO] 2021-09-19 11:25:08,745: xml rpc node: starting XML-RPC server
[rospy.init][INFO] 2021-09-19 11:25:08,844: registered with master
[rospy.rosout][INFO] 2021-09-19 11:25:08,845: initializing /rosout core topic
[rospy.rosout][INFO] 2021-09-19 11:25:08,846: connected to core topic /rosout
[rospy.simtime][INFO] 2021-09-19 11:25:08,846: /use_sim_time is not set, will not subscribe to simulated time [/clock] topic
[rosout][INFO] 2021-09-19 11:25:08,853: Starting server on 192.168.1.146:10000
[rospy.internal][INFO] 2021-09-19 11:25:09,133: topic[/rosout] adding connection to [/rosout], count 0
[rosout][INFO] 2021-09-19 11:25:23,979: Connection from 192.168.1.146
[rosout][INFO] 2021-09-19 11:25:23,985: RegisterPublisher(execution_check, <class 'panda_move.msg._ExecutionCheck.ExecutionCheck'>) OK
[rospy.internal][INFO] 2021-09-19 11:25:24,033: topic[/execution_check] adding connection to [http://wng:45289/], count 0
[rospy.internal][INFO] 2021-09-19 11:25:24,034: topic[/execution_check] adding connection to [/server_endpoint], count 0
[rospy.core][INFO] 2021-09-19 11:45:21,960: signal_shutdown [signal-2]
[rospy.internal][INFO] 2021-09-19 11:45:21,963: topic[/execution_check] removing connection to /server_endpoint
[rospy.internal][INFO] 2021-09-19 11:45:21,964: topic[/rosout] removing connection to /rosout
[rospy.internal][INFO] 2021-09-19 11:45:21,964: topic[/execution_check] removing connection to http://wng:45289/
[rospy.impl.masterslave][INFO] 2021-09-19 11:45:21,964: signal-2
[rospy.internal][ERROR] 2021-09-19 11:45:21,964: Unable to initiate TCP/IP socket to wng:40269 (http://wng:45289/): Traceback (most recent call last):
  File "/opt/ros/melodic/lib/python2.7/dist-packages/rospy/impl/tcpros_base.py", line 562, in connect
    self.read_header()
  File "/opt/ros/melodic/lib/python2.7/dist-packages/rospy/impl/tcpros_base.py", line 657, in read_header
    self._validate_header(read_ros_handshake_header(sock, self.read_buff, self.protocol.buff_size))
  File "/opt/ros/melodic/lib/python2.7/dist-packages/rospy/impl/tcpros_base.py", line 600, in _validate_header
    raise TransportInitError("remote error reported: %s"%header['error'])
TransportInitError: remote error reported: node shutting down

[rospy.core][INFO] 2021-09-19 11:45:22,096: signal_shutdown [atexit]
