[rospy.client][INFO] 2021-09-07 09:50:31,305: init_node, name[/joint_state_publisher], pid[1165]
[xmlrpc][INFO] 2021-09-07 09:50:31,305: XML-RPC server binding to 0.0.0.0:0
[xmlrpc][INFO] 2021-09-07 09:50:31,305: Started XML-RPC server [http://wng:36967/]
[rospy.init][INFO] 2021-09-07 09:50:31,305: ROS Slave URI: [http://wng:36967/]
[rospy.impl.masterslave][INFO] 2021-09-07 09:50:31,305: _ready: http://wng:36967/
[xmlrpc][INFO] 2021-09-07 09:50:31,306: xml rpc node: starting XML-RPC server
[rospy.registration][INFO] 2021-09-07 09:50:31,306: Registering with master node http://localhost:11311
[rospy.init][INFO] 2021-09-07 09:50:31,417: registered with master
[rospy.rosout][INFO] 2021-09-07 09:50:31,417: initializing /rosout core topic
[rospy.rosout][INFO] 2021-09-07 09:50:31,420: connected to core topic /rosout
[rospy.simtime][INFO] 2021-09-07 09:50:31,420: /use_sim_time is not set, will not subscribe to simulated time [/clock] topic
[rospy.internal][INFO] 2021-09-07 09:50:31,477: topic[/move_group/fake_controller_joint_states] adding connection to [http://wng:37163/], count 0
[rospy.internal][INFO] 2021-09-07 09:50:31,635: topic[/rosout] adding connection to [/rosout], count 0
[rospy.internal][INFO] 2021-09-07 09:50:31,736: topic[/joint_states] adding connection to [/joint_state_desired_publisher], count 0
[rospy.internal][INFO] 2021-09-07 09:50:31,737: topic[/joint_states] adding connection to [/robot_state_publisher], count 1
[rospy.internal][INFO] 2021-09-07 09:51:10,691: topic[/joint_states] adding connection to [/move_group_commander_wrappers_1630975844425530402], count 2
[rospy.core][INFO] 2021-09-07 10:21:53,971: signal_shutdown [signal-2]
[rospy.internal][INFO] 2021-09-07 10:21:53,973: topic[/joint_states] removing connection to /joint_state_desired_publisher
[rospy.internal][INFO] 2021-09-07 10:21:53,977: topic[/joint_states] removing connection to /robot_state_publisher
[rospy.internal][INFO] 2021-09-07 10:21:53,977: topic[/joint_states] removing connection to /move_group_commander_wrappers_1630975844425530402
[rospy.internal][INFO] 2021-09-07 10:21:53,977: topic[/rosout] removing connection to /rosout
[rospy.internal][INFO] 2021-09-07 10:21:53,978: topic[/move_group/fake_controller_joint_states] removing connection to http://wng:37163/
[rospy.impl.masterslave][INFO] 2021-09-07 10:21:53,978: signal-2
[rospy.internal][WARNING] 2021-09-07 10:21:54,013: Unknown error initiating TCP/IP socket to wng:48419 (http://wng:37163/): Traceback (most recent call last):
  File "/opt/ros/melodic/lib/python2.7/dist-packages/rospy/impl/tcpros_base.py", line 562, in connect
    self.read_header()
  File "/opt/ros/melodic/lib/python2.7/dist-packages/rospy/impl/tcpros_base.py", line 657, in read_header
    self._validate_header(read_ros_handshake_header(sock, self.read_buff, self.protocol.buff_size))
  File "/opt/ros/melodic/lib/python2.7/dist-packages/rosgraph/network.py", line 359, in read_ros_handshake_header
    raise ROSHandshakeException("connection from sender terminated before handshake header received. %s bytes were received. Please check sender for additional details."%b.tell())
ROSHandshakeException: connection from sender terminated before handshake header received. 0 bytes were received. Please check sender for additional details.

[rospy.core][INFO] 2021-09-07 10:21:54,084: signal_shutdown [atexit]
