[rospy.client][INFO] 2021-12-14 10:21:20,830: init_node, name[/joint_state_publisher], pid[15895]
[xmlrpc][INFO] 2021-12-14 10:21:20,830: XML-RPC server binding to 0.0.0.0:0
[xmlrpc][INFO] 2021-12-14 10:21:20,831: Started XML-RPC server [http://wng:37837/]
[rospy.init][INFO] 2021-12-14 10:21:20,831: ROS Slave URI: [http://wng:37837/]
[rospy.impl.masterslave][INFO] 2021-12-14 10:21:20,831: _ready: http://wng:37837/
[rospy.registration][INFO] 2021-12-14 10:21:20,831: Registering with master node http://localhost:11311
[xmlrpc][INFO] 2021-12-14 10:21:20,831: xml rpc node: starting XML-RPC server
[rospy.init][INFO] 2021-12-14 10:21:20,931: registered with master
[rospy.rosout][INFO] 2021-12-14 10:21:20,931: initializing /rosout core topic
[rospy.rosout][INFO] 2021-12-14 10:21:20,933: connected to core topic /rosout
[rospy.simtime][INFO] 2021-12-14 10:21:20,934: /use_sim_time is not set, will not subscribe to simulated time [/clock] topic
[rospy.internal][INFO] 2021-12-14 10:21:20,996: topic[/move_group/fake_controller_joint_states] adding connection to [http://wng:45047/], count 0
[rospy.internal][INFO] 2021-12-14 10:21:21,180: topic[/rosout] adding connection to [/rosout], count 0
[rospy.internal][INFO] 2021-12-14 10:21:21,181: topic[/joint_states] adding connection to [/joint_state_desired_publisher], count 0
[rospy.internal][INFO] 2021-12-14 10:21:21,181: topic[/joint_states] adding connection to [/robot_state_publisher], count 1
[rospy.internal][INFO] 2021-12-14 10:22:15,893: topic[/joint_states] adding connection to [/move_group_commander_wrappers_1639444902893631675], count 2
[rospy.core][INFO] 2021-12-14 10:23:53,166: signal_shutdown [signal-2]
[rospy.internal][INFO] 2021-12-14 10:23:53,170: topic[/joint_states] removing connection to /joint_state_desired_publisher
[rospy.internal][INFO] 2021-12-14 10:23:53,170: topic[/joint_states] removing connection to /robot_state_publisher
[rospy.internal][INFO] 2021-12-14 10:23:53,170: topic[/joint_states] removing connection to /move_group_commander_wrappers_1639444902893631675
[rospy.internal][INFO] 2021-12-14 10:23:53,171: topic[/rosout] removing connection to /rosout
[rospy.internal][INFO] 2021-12-14 10:23:53,171: topic[/move_group/fake_controller_joint_states] removing connection to http://wng:45047/
[rospy.impl.masterslave][INFO] 2021-12-14 10:23:53,171: signal-2
[rospy.core][INFO] 2021-12-14 10:23:53,303: signal_shutdown [atexit]
