[rospy.client][INFO] 2021-12-02 11:15:31,147: init_node, name[/joint_state_publisher], pid[26271]
[xmlrpc][INFO] 2021-12-02 11:15:31,148: XML-RPC server binding to 0.0.0.0:0
[xmlrpc][INFO] 2021-12-02 11:15:31,148: Started XML-RPC server [http://wng:45555/]
[rospy.init][INFO] 2021-12-02 11:15:31,148: ROS Slave URI: [http://wng:45555/]
[rospy.impl.masterslave][INFO] 2021-12-02 11:15:31,148: _ready: http://wng:45555/
[rospy.registration][INFO] 2021-12-02 11:15:31,149: Registering with master node http://localhost:11311
[xmlrpc][INFO] 2021-12-02 11:15:31,149: xml rpc node: starting XML-RPC server
[rospy.init][INFO] 2021-12-02 11:15:31,248: registered with master
[rospy.rosout][INFO] 2021-12-02 11:15:31,249: initializing /rosout core topic
[rospy.rosout][INFO] 2021-12-02 11:15:31,251: connected to core topic /rosout
[rospy.simtime][INFO] 2021-12-02 11:15:31,251: /use_sim_time is not set, will not subscribe to simulated time [/clock] topic
[rospy.internal][INFO] 2021-12-02 11:15:31,319: topic[/move_group/fake_controller_joint_states] adding connection to [http://wng:39303/], count 0
[rospy.internal][INFO] 2021-12-02 11:15:31,502: topic[/rosout] adding connection to [/rosout], count 0
[rospy.internal][INFO] 2021-12-02 11:15:31,502: topic[/joint_states] adding connection to [/joint_state_desired_publisher], count 0
[rospy.internal][INFO] 2021-12-02 11:15:31,505: topic[/joint_states] adding connection to [/robot_state_publisher], count 1
[rospy.internal][INFO] 2021-12-02 11:16:07,289: topic[/joint_states] adding connection to [/move_group_commander_wrappers_1638411340662862968], count 2
[rospy.internal][INFO] 2021-12-02 11:34:22,224: topic[/joint_states] removing connection to /move_group_commander_wrappers_1638411340662862968
[rospy.core][INFO] 2021-12-02 11:42:28,145: signal_shutdown [signal-2]
[rospy.internal][INFO] 2021-12-02 11:42:28,148: topic[/joint_states] removing connection to /joint_state_desired_publisher
[rospy.internal][INFO] 2021-12-02 11:42:28,148: topic[/joint_states] removing connection to /robot_state_publisher
[rospy.internal][INFO] 2021-12-02 11:42:28,148: topic[/rosout] removing connection to /rosout
[rospy.internal][INFO] 2021-12-02 11:42:28,148: topic[/move_group/fake_controller_joint_states] removing connection to http://wng:39303/
[rospy.impl.masterslave][INFO] 2021-12-02 11:42:28,148: signal-2
[rospy.core][INFO] 2021-12-02 11:42:28,264: signal_shutdown [atexit]
