[rospy.client][INFO] 2021-09-07 10:22:51,576: init_node, name[/joint_state_publisher], pid[5526]
[xmlrpc][INFO] 2021-09-07 10:22:51,576: XML-RPC server binding to 0.0.0.0:0
[xmlrpc][INFO] 2021-09-07 10:22:51,576: Started XML-RPC server [http://wng:45125/]
[rospy.init][INFO] 2021-09-07 10:22:51,576: ROS Slave URI: [http://wng:45125/]
[rospy.impl.masterslave][INFO] 2021-09-07 10:22:51,577: _ready: http://wng:45125/
[rospy.registration][INFO] 2021-09-07 10:22:51,577: Registering with master node http://localhost:11311
[xmlrpc][INFO] 2021-09-07 10:22:51,577: xml rpc node: starting XML-RPC server
[rospy.init][INFO] 2021-09-07 10:22:51,677: registered with master
[rospy.rosout][INFO] 2021-09-07 10:22:51,677: initializing /rosout core topic
[rospy.rosout][INFO] 2021-09-07 10:22:51,680: connected to core topic /rosout
[rospy.simtime][INFO] 2021-09-07 10:22:51,680: /use_sim_time is not set, will not subscribe to simulated time [/clock] topic
[rospy.internal][INFO] 2021-09-07 10:22:51,741: topic[/move_group/fake_controller_joint_states] adding connection to [http://wng:42419/], count 0
[rospy.internal][INFO] 2021-09-07 10:22:51,913: topic[/rosout] adding connection to [/rosout], count 0
[rospy.internal][INFO] 2021-09-07 10:22:51,913: topic[/joint_states] adding connection to [/joint_state_desired_publisher], count 0
[rospy.internal][INFO] 2021-09-07 10:22:51,914: topic[/joint_states] adding connection to [/robot_state_publisher], count 1
[rospy.internal][INFO] 2021-09-07 10:23:45,154: topic[/joint_states] adding connection to [/move_group_commander_wrappers_1630977781224412147], count 2
[rospy.core][INFO] 2021-09-07 10:56:14,595: signal_shutdown [signal-2]
[rospy.internal][INFO] 2021-09-07 10:56:14,598: topic[/joint_states] removing connection to /joint_state_desired_publisher
[rospy.internal][INFO] 2021-09-07 10:56:14,598: topic[/joint_states] removing connection to /robot_state_publisher
[rospy.internal][INFO] 2021-09-07 10:56:14,599: topic[/joint_states] removing connection to /move_group_commander_wrappers_1630977781224412147
[rospy.internal][INFO] 2021-09-07 10:56:14,599: topic[/rosout] removing connection to /rosout
[rospy.internal][INFO] 2021-09-07 10:56:14,599: topic[/move_group/fake_controller_joint_states] removing connection to http://wng:42419/
[rospy.impl.masterslave][INFO] 2021-09-07 10:56:14,599: signal-2
[rospy.core][INFO] 2021-09-07 10:56:14,715: signal_shutdown [atexit]
