[rospy.client][INFO] 2021-09-10 15:34:29,298: init_node, name[/joint_state_publisher], pid[4448]
[xmlrpc][INFO] 2021-09-10 15:34:29,298: XML-RPC server binding to 0.0.0.0:0
[xmlrpc][INFO] 2021-09-10 15:34:29,299: Started XML-RPC server [http://wng:37671/]
[rospy.init][INFO] 2021-09-10 15:34:29,299: ROS Slave URI: [http://wng:37671/]
[rospy.impl.masterslave][INFO] 2021-09-10 15:34:29,299: _ready: http://wng:37671/
[rospy.registration][INFO] 2021-09-10 15:34:29,299: Registering with master node http://localhost:11311
[xmlrpc][INFO] 2021-09-10 15:34:29,299: xml rpc node: starting XML-RPC server
[rospy.init][INFO] 2021-09-10 15:34:29,399: registered with master
[rospy.rosout][INFO] 2021-09-10 15:34:29,399: initializing /rosout core topic
[rospy.rosout][INFO] 2021-09-10 15:34:29,402: connected to core topic /rosout
[rospy.simtime][INFO] 2021-09-10 15:34:29,402: /use_sim_time is not set, will not subscribe to simulated time [/clock] topic
[rospy.internal][INFO] 2021-09-10 15:34:29,464: topic[/move_group/fake_controller_joint_states] adding connection to [http://wng:44085/], count 0
[rospy.internal][INFO] 2021-09-10 15:34:29,696: topic[/rosout] adding connection to [/rosout], count 0
[rospy.internal][INFO] 2021-09-10 15:34:29,696: topic[/joint_states] adding connection to [/joint_state_desired_publisher], count 0
[rospy.internal][INFO] 2021-09-10 15:34:29,697: topic[/joint_states] adding connection to [/robot_state_publisher], count 1
[rospy.core][INFO] 2021-09-10 15:34:48,297: signal_shutdown [signal-2]
[rospy.internal][INFO] 2021-09-10 15:34:48,301: topic[/joint_states] removing connection to /joint_state_desired_publisher
[rospy.internal][INFO] 2021-09-10 15:34:48,301: topic[/joint_states] removing connection to /robot_state_publisher
[rospy.internal][INFO] 2021-09-10 15:34:48,301: topic[/rosout] removing connection to /rosout
[rospy.internal][INFO] 2021-09-10 15:34:48,301: topic[/move_group/fake_controller_joint_states] removing connection to http://wng:44085/
[rospy.impl.masterslave][INFO] 2021-09-10 15:34:48,301: signal-2
[rospy.core][INFO] 2021-09-10 15:34:48,465: signal_shutdown [atexit]
