[rospy.client][INFO] 2021-09-10 15:34:34,486: init_node, name[/PandaMove], pid[4447]
[xmlrpc][INFO] 2021-09-10 15:34:34,486: XML-RPC server binding to 0.0.0.0:0
[xmlrpc][INFO] 2021-09-10 15:34:34,486: Started XML-RPC server [http://wng:42697/]
[rospy.init][INFO] 2021-09-10 15:34:34,486: ROS Slave URI: [http://wng:42697/]
[rospy.impl.masterslave][INFO] 2021-09-10 15:34:34,486: _ready: http://wng:42697/
[xmlrpc][INFO] 2021-09-10 15:34:34,487: xml rpc node: starting XML-RPC server
[rospy.registration][INFO] 2021-09-10 15:34:34,487: Registering with master node http://localhost:11311
[rospy.init][INFO] 2021-09-10 15:34:34,587: registered with master
[rospy.rosout][INFO] 2021-09-10 15:34:34,587: initializing /rosout core topic
[rospy.rosout][INFO] 2021-09-10 15:34:34,588: connected to core topic /rosout
[rospy.simtime][INFO] 2021-09-10 15:34:34,589: /use_sim_time is not set, will not subscribe to simulated time [/clock] topic
[rospy.internal][INFO] 2021-09-10 15:34:35,926: topic[/rosout] adding connection to [/rosout], count 0
[rosout][INFO] 2021-09-10 15:34:36,040: wait for update_place_pose_state
[rospy.internal][INFO] 2021-09-10 15:34:36,114: topic[/collision_object] adding connection to [/move_group], count 0
[rospy.internal][INFO] 2021-09-10 15:34:36,116: topic[/attached_collision_object] adding connection to [/move_group], count 0
[rospy.internal][INFO] 2021-09-10 15:34:36,215: topic[/tf_static] adding connection to [/move_group], count 0
[rospy.internal][INFO] 2021-09-10 15:34:36,242: topic[/tf_static] adding connection to [/move_group_commander_wrappers_1631255674456639361], count 1
[rospy.internal][INFO] 2021-09-10 15:34:36,243: topic[/tf_static] adding connection to [/rviz_wng_4412_7254109152626860996], count 2
[rospy.internal][INFO] 2021-09-10 15:34:36,243: topic[/action] adding connection to [/rviz_wng_4412_7254109152626860996], count 0
[rosout][INFO] 2021-09-10 15:34:36,742: pan
[rosout][INFO] 2021-09-10 15:34:36,750: wait for update_place_pose_state
[rosout][INFO] 2021-09-10 15:34:37,455: pot
[rosout][INFO] 2021-09-10 15:34:37,473: wait for update_place_pose_state
[rosout][INFO] 2021-09-10 15:34:38,181: plate
[rosout][INFO] 2021-09-10 15:34:38,187: wait for update_place_pose_state
[rosout][INFO] 2021-09-10 15:34:38,897: bowl
[rosout][INFO] 2021-09-10 15:34:38,912: wait for update_place_pose_state
[rosout][INFO] 2021-09-10 15:34:39,626: spatula
[rosout][INFO] 2021-09-10 15:34:39,630: wait for update_place_pose_state
[rosout][INFO] 2021-09-10 15:34:40,347: spreader
[rosout][INFO] 2021-09-10 15:34:40,356: wait for update_place_pose_state
[rosout][INFO] 2021-09-10 15:34:41,079: scooper
[rosout][INFO] 2021-09-10 15:34:41,087: wait for update_place_pose_state
[rosout][INFO] 2021-09-10 15:34:41,825: knife
[rosout][INFO] 2021-09-10 15:34:41,838: wait for update_place_pose_state
[rosout][INFO] 2021-09-10 15:34:42,566: cutting_board
[rosout][INFO] 2021-09-10 15:34:42,572: wait for update_place_pose_state
[rosout][INFO] 2021-09-10 15:34:43,307: tuna
[rosout][INFO] 2021-09-10 15:34:43,313: wait for update_place_pose_state
[rosout][INFO] 2021-09-10 15:34:44,042: onion
[rosout][INFO] 2021-09-10 15:34:44,048: wait for update_place_pose_state
[rosout][INFO] 2021-09-10 15:34:44,783: butter
[rosout][INFO] 2021-09-10 15:34:44,785: wait for update_place_pose_state
[rosout][INFO] 2021-09-10 15:34:45,521: lettuce
[rosout][INFO] 2021-09-10 15:34:45,528: wait for update_place_pose_state
[rosout][INFO] 2021-09-10 15:34:46,266: bread1
[rosout][INFO] 2021-09-10 15:34:46,271: wait for update_place_pose_state
[rosout][INFO] 2021-09-10 15:34:47,012: bread2
[rosout][INFO] 2021-09-10 15:34:47,016: wait for update_place_pose_state
[rosout][INFO] 2021-09-10 15:34:47,777: salt_bottle
[rosout][INFO] 2021-09-10 15:34:47,787: wait for update_place_pose_state
[rospy.core][INFO] 2021-09-10 15:34:48,293: signal_shutdown [signal-2]
[rospy.internal][INFO] 2021-09-10 15:34:48,296: topic[/collision_object] removing connection to /move_group
[rospy.internal][INFO] 2021-09-10 15:34:48,296: topic[/rosout] removing connection to /rosout
[rospy.internal][INFO] 2021-09-10 15:34:48,297: topic[/tf_static] removing connection to /move_group
[rospy.internal][INFO] 2021-09-10 15:34:48,297: topic[/tf_static] removing connection to /move_group_commander_wrappers_1631255674456639361
[rospy.internal][INFO] 2021-09-10 15:34:48,297: topic[/tf_static] removing connection to /rviz_wng_4412_7254109152626860996
[rospy.internal][INFO] 2021-09-10 15:34:48,297: topic[/attached_collision_object] removing connection to /move_group
[rospy.internal][INFO] 2021-09-10 15:34:48,297: topic[/action] removing connection to /rviz_wng_4412_7254109152626860996
[rospy.impl.masterslave][INFO] 2021-09-10 15:34:48,297: signal-2
[rosout][ERROR] 2021-09-10 15:34:48,508: cannot get object pose: pan
[rosout][ERROR] 2021-09-10 15:34:48,509: list index out of range
[rosout][ERROR] 2021-09-10 15:34:48,510: self.objects
[rospy.core][INFO] 2021-09-10 15:34:48,525: signal_shutdown [atexit]
