[rospy.client][INFO] 2021-09-26 14:37:30,375: init_node, name[/joint_state_publisher], pid[21430]
[xmlrpc][INFO] 2021-09-26 14:37:30,375: XML-RPC server binding to 0.0.0.0:0
[xmlrpc][INFO] 2021-09-26 14:37:30,375: Started XML-RPC server [http://wng:39021/]
[rospy.init][INFO] 2021-09-26 14:37:30,375: ROS Slave URI: [http://wng:39021/]
[rospy.impl.masterslave][INFO] 2021-09-26 14:37:30,375: _ready: http://wng:39021/
[rospy.registration][INFO] 2021-09-26 14:37:30,376: Registering with master node http://localhost:11311
[xmlrpc][INFO] 2021-09-26 14:37:30,376: xml rpc node: starting XML-RPC server
[rospy.init][INFO] 2021-09-26 14:37:30,476: registered with master
[rospy.rosout][INFO] 2021-09-26 14:37:30,476: initializing /rosout core topic
[rospy.rosout][INFO] 2021-09-26 14:37:30,478: connected to core topic /rosout
[rospy.simtime][INFO] 2021-09-26 14:37:30,478: /use_sim_time is not set, will not subscribe to simulated time [/clock] topic
[rospy.internal][INFO] 2021-09-26 14:37:30,540: topic[/move_group/fake_controller_joint_states] adding connection to [http://wng:37729/], count 0
[rospy.internal][INFO] 2021-09-26 14:37:30,737: topic[/rosout] adding connection to [/rosout], count 0
[rospy.internal][INFO] 2021-09-26 14:37:30,738: topic[/joint_states] adding connection to [/joint_state_desired_publisher], count 0
[rospy.internal][INFO] 2021-09-26 14:37:30,738: topic[/joint_states] adding connection to [/robot_state_publisher], count 1
[rospy.internal][INFO] 2021-09-26 14:38:05,751: topic[/joint_states] adding connection to [/move_group_commander_wrappers_1632634656623407449], count 2
[rospy.internal][INFO] 2021-09-26 14:59:29,393: topic[/joint_states] removing connection to /move_group_commander_wrappers_1632634656623407449
[rospy.core][INFO] 2021-09-26 15:09:15,326: signal_shutdown [signal-2]
[rospy.internal][INFO] 2021-09-26 15:09:15,329: topic[/joint_states] removing connection to /joint_state_desired_publisher
[rospy.internal][INFO] 2021-09-26 15:09:15,329: topic[/joint_states] removing connection to /robot_state_publisher
[rospy.internal][INFO] 2021-09-26 15:09:15,330: topic[/rosout] removing connection to /rosout
[rospy.internal][INFO] 2021-09-26 15:09:15,330: topic[/move_group/fake_controller_joint_states] removing connection to http://wng:37729/
[rospy.impl.masterslave][INFO] 2021-09-26 15:09:15,330: signal-2
[rospy.core][INFO] 2021-09-26 15:09:15,446: signal_shutdown [atexit]
