[rospy.client][INFO] 2021-09-26 14:37:30,866: init_node, name[/server_endpoint], pid[21428]
[xmlrpc][INFO] 2021-09-26 14:37:30,866: XML-RPC server binding to 0.0.0.0:0
[xmlrpc][INFO] 2021-09-26 14:37:30,866: Started XML-RPC server [http://wng:35509/]
[rospy.init][INFO] 2021-09-26 14:37:30,866: ROS Slave URI: [http://wng:35509/]
[rospy.impl.masterslave][INFO] 2021-09-26 14:37:30,866: _ready: http://wng:35509/
[rospy.registration][INFO] 2021-09-26 14:37:30,867: Registering with master node http://localhost:11311
[xmlrpc][INFO] 2021-09-26 14:37:30,867: xml rpc node: starting XML-RPC server
[rospy.init][INFO] 2021-09-26 14:37:30,967: registered with master
[rospy.rosout][INFO] 2021-09-26 14:37:30,967: initializing /rosout core topic
[rospy.rosout][INFO] 2021-09-26 14:37:30,970: connected to core topic /rosout
[rospy.simtime][INFO] 2021-09-26 14:37:30,972: /use_sim_time is not set, will not subscribe to simulated time [/clock] topic
[rosout][INFO] 2021-09-26 14:37:30,997: Starting server on 192.168.1.146:10000
[rospy.internal][INFO] 2021-09-26 14:37:31,244: topic[/rosout] adding connection to [/rosout], count 0
[rosout][INFO] 2021-09-26 14:37:47,462: Connection from 192.168.1.146
[rosout][INFO] 2021-09-26 14:37:47,466: RegisterPublisher(execution_check, <class 'panda_move.msg._ExecutionCheck.ExecutionCheck'>) OK
[rospy.internal][INFO] 2021-09-26 14:37:47,502: topic[/execution_check] adding connection to [http://wng:35509/], count 0
[rospy.internal][INFO] 2021-09-26 14:37:47,503: topic[/execution_check] adding connection to [/server_endpoint], count 0
[rospy.core][INFO] 2021-09-26 15:09:15,326: signal_shutdown [signal-2]
[rospy.internal][INFO] 2021-09-26 15:09:15,330: topic[/execution_check] removing connection to /server_endpoint
[rospy.internal][ERROR] 2021-09-26 15:09:15,331: Unable to initiate TCP/IP socket to wng:38115 (http://wng:35509/): Traceback (most recent call last):
  File "/opt/ros/melodic/lib/python2.7/dist-packages/rospy/impl/tcpros_base.py", line 562, in connect
    self.read_header()
  File "/opt/ros/melodic/lib/python2.7/dist-packages/rospy/impl/tcpros_base.py", line 657, in read_header
    self._validate_header(read_ros_handshake_header(sock, self.read_buff, self.protocol.buff_size))
  File "/opt/ros/melodic/lib/python2.7/dist-packages/rospy/impl/tcpros_base.py", line 600, in _validate_header
    raise TransportInitError("remote error reported: %s"%header['error'])
TransportInitError: remote error reported: node shutting down

[rospy.internal][INFO] 2021-09-26 15:09:15,331: topic[/rosout] removing connection to /rosout
[rospy.internal][INFO] 2021-09-26 15:09:15,331: topic[/execution_check] removing connection to http://wng:35509/
[rospy.impl.masterslave][INFO] 2021-09-26 15:09:15,331: signal-2
[rospy.core][INFO] 2021-09-26 15:09:15,433: signal_shutdown [atexit]
