[rospy.client][INFO] 2021-09-07 13:09:08,003: init_node, name[/PandaMove], pid[19268]
[xmlrpc][INFO] 2021-09-07 13:09:08,006: XML-RPC server binding to 0.0.0.0:0
[xmlrpc][INFO] 2021-09-07 13:09:08,007: Started XML-RPC server [http://wng:46601/]
[rospy.init][INFO] 2021-09-07 13:09:08,007: ROS Slave URI: [http://wng:46601/]
[rospy.impl.masterslave][INFO] 2021-09-07 13:09:08,007: _ready: http://wng:46601/
[xmlrpc][INFO] 2021-09-07 13:09:08,008: xml rpc node: starting XML-RPC server
[rospy.registration][INFO] 2021-09-07 13:09:08,008: Registering with master node http://localhost:11311
[rospy.init][INFO] 2021-09-07 13:09:08,107: registered with master
[rospy.rosout][INFO] 2021-09-07 13:09:08,108: initializing /rosout core topic
[rospy.rosout][INFO] 2021-09-07 13:09:08,109: connected to core topic /rosout
[rospy.simtime][INFO] 2021-09-07 13:09:08,109: /use_sim_time is not set, will not subscribe to simulated time [/clock] topic
[rospy.internal][INFO] 2021-09-07 13:09:09,838: topic[/rosout] adding connection to [/rosout], count 0
[rosout][INFO] 2021-09-07 13:09:09,852: wait for update_place_pose_state
[rospy.internal][INFO] 2021-09-07 13:09:09,882: topic[/collision_object] adding connection to [/move_group], count 0
[rospy.internal][INFO] 2021-09-07 13:09:09,883: topic[/attached_collision_object] adding connection to [/move_group], count 0
[rospy.internal][INFO] 2021-09-07 13:09:09,985: topic[/tf_static] adding connection to [/move_group], count 0
[rospy.internal][INFO] 2021-09-07 13:09:09,987: topic[/tf_static] adding connection to [/rviz_wng_19233_4210119102179457777], count 1
[rospy.internal][INFO] 2021-09-07 13:09:10,007: topic[/tf_static] adding connection to [/move_group_commander_wrappers_1630987747969190550], count 2
[rospy.internal][INFO] 2021-09-07 13:09:10,086: topic[/action] adding connection to [/rviz_wng_19233_4210119102179457777], count 0
[rosout][INFO] 2021-09-07 13:09:10,555: pan
[rosout][INFO] 2021-09-07 13:09:10,566: wait for update_place_pose_state
[rosout][INFO] 2021-09-07 13:09:11,270: pot
[rosout][INFO] 2021-09-07 13:09:11,286: wait for update_place_pose_state
[rosout][INFO] 2021-09-07 13:09:11,994: plate
[rosout][INFO] 2021-09-07 13:09:12,003: wait for update_place_pose_state
[rosout][INFO] 2021-09-07 13:09:12,714: bowl
[rosout][INFO] 2021-09-07 13:09:12,727: wait for update_place_pose_state
[rosout][INFO] 2021-09-07 13:09:13,445: spatula
[rosout][INFO] 2021-09-07 13:09:13,449: wait for update_place_pose_state
[rosout][INFO] 2021-09-07 13:09:14,165: spreader
[rosout][INFO] 2021-09-07 13:09:14,173: wait for update_place_pose_state
[rosout][INFO] 2021-09-07 13:09:14,898: scooper
[rosout][INFO] 2021-09-07 13:09:14,907: wait for update_place_pose_state
[rosout][INFO] 2021-09-07 13:09:15,661: knife
[rosout][INFO] 2021-09-07 13:09:15,677: wait for update_place_pose_state
[rosout][INFO] 2021-09-07 13:09:16,403: cutting_board
[rosout][INFO] 2021-09-07 13:09:16,409: wait for update_place_pose_state
[rosout][INFO] 2021-09-07 13:09:17,150: bacon
[rosout][INFO] 2021-09-07 13:09:17,160: wait for update_place_pose_state
[rosout][INFO] 2021-09-07 13:09:17,912: ham
[rosout][INFO] 2021-09-07 13:09:17,917: wait for update_place_pose_state
[rosout][INFO] 2021-09-07 13:09:18,688: tomato
[rosout][INFO] 2021-09-07 13:09:18,702: wait for update_place_pose_state
[rosout][INFO] 2021-09-07 13:09:19,458: garlic_bread1
[rosout][INFO] 2021-09-07 13:09:19,466: wait for update_place_pose_state
[rosout][INFO] 2021-09-07 13:09:20,206: garlic_bread2
[rosout][INFO] 2021-09-07 13:09:20,210: wait for update_place_pose_state
[rosout][INFO] 2021-09-07 13:09:20,959: garlic_bread3
[rosout][INFO] 2021-09-07 13:09:20,964: wait for update_place_pose_state
[rosout][INFO] 2021-09-07 13:09:21,726: turkey
[rosout][INFO] 2021-09-07 13:09:21,747: wait for update_place_pose_state
[rosout][INFO] 2021-09-07 13:09:22,503: cheese
[rosout][INFO] 2021-09-07 13:09:22,505: wait for update_place_pose_state
[rosout][INFO] 2021-09-07 13:09:23,252: escarole
[rosout][INFO] 2021-09-07 13:09:23,258: wait for update_place_pose_state
[rosout][INFO] 2021-09-07 13:09:24,012: relish_bottle
[rosout][INFO] 2021-09-07 13:09:24,021: wait for update_place_pose_state
[rosout][INFO] 2021-09-07 13:09:24,803: chopped_tomato
[rosout][INFO] 2021-09-07 13:09:24,826: wait for update_place_pose_state
[rosout][INFO] 2021-09-07 13:09:25,608: relish_1
[rosout][INFO] 2021-09-07 13:09:25,614: wait for update_place_pose_state
[rosout][INFO] 2021-09-07 13:09:26,375: relish_2
[rosout][INFO] 2021-09-07 13:12:42,114: Scene Sync Completed
[rosout][INFO] 2021-09-07 13:12:42,116: ==================================================
[rosout][INFO] 2021-09-07 13:12:42,116: [task=1]
[rosout][INFO] 2021-09-07 13:12:42,117: wait for update_place_pose_state
[rosout][INFO] 2021-09-07 13:12:42,914: ####### generate problem #######
[rosout][INFO] 2021-09-07 13:12:42,916: using_ings: [set(['bacon', 'relish']), {}]
[rosout][INFO] 2021-09-07 13:12:42,916: using_objects: {'plate': 'plate', 'relish_bottle': 'relish_bottle', 'near_cutting_board': 'near_cutting_board', 'bacon': 'bacon', 'pot': 'pot', 'bowl': 'bowl', 'relish': 'relish', 'cutting_board': 'cutting_board', 'spatula': 'spatula', 'spreader': 'spreader', 'scooper': 'scooper', 'table': 'table', 'stove': 'stove', 'pan': 'pan', 'knife': 'knife'}
[rosout][INFO] 2021-09-07 13:12:42,917: goal: {'cooked_bacon': True, 'exist_escarole': True, 'exist_bacon': True, 'exist_relish': True, 'exist_ham': True, 'exist_turkey': True, 'exist_tomato': True, 'exist_cheese': True, 'exist_garlic_bread1': True, 'exist_garlic_bread2': True, 'exist_garlic_bread3': True}
[rosout][INFO] 2021-09-07 13:12:42,918: goal_diff: {'cooked_bacon': True}
[rosout][INFO] 2021-09-07 13:12:42,919: current: {'plate_is_on': 'near_cutting_board', 'tomato_is_on': 'table1', 'escarole_is_on': 'table1', 'pan_is_on': 'table1', 'pot_is_on': 'table1', 'spatula_is_on': 'table1', 'garlic_bread2_is_on': 'table1', 'garlic_bread1_is_on': 'table1', 'garlic_bread3_is_on': 'table1', 'bacon_is_on': 'table1', 'knife_is_on': 'table1', 'bowl_is_on': 'table1', 'scooper_is_on': 'table1', 'turkey_is_on': 'table1', 'relish_bottle_is_on': 'table1', 'cheese_is_on': 'table1', 'ham_is_on': 'table1', 'spreader_is_on': 'table1'}
[rosout][INFO] 2021-09-07 13:12:42,919: initial: {'garlic_bread3_is_on': 'table1', 'spatula_is_on': 'table1', 'chopped_turkey': False, 'chopped_bacon': False, 'chopped_cheese': False, 'spread_on_ham': 'None', 'cooked_bacon': False, 'exist_escarole': True, 'chopped_garlic_bread1': False, 'garlic_bread1_is_on': 'table1', 'chopped_ham': False, 'ham_is_in': 'None', 'turkey_is_in': 'None', 'exist_turkey': True, 'cooked_relish': False, 'cheese_is_on': 'table1', 'spread_on_cheese': 'None', 'relish_is_on': 'table', 'chopped_sandwich': False, 'sandwich_is_in': 'None', 'garlic_bread2_is_in': 'None', 'spread_on_turkey': 'None', 'spread_on_garlic_bread1': 'None', 'cooked_garlic_bread1': False, 'cooked_garlic_bread3': False, 'cooked_garlic_bread2': False, 'chopped_tomato': False, 'cooked_turkey': False, 'cooked_sandwich': False, 'chopped_escarole': False, 'tomato_is_on': 'table1', 'bacon_is_in': 'None', 'escarole_is_on': 'table1', 'exist_sandwich': False, 'garlic_bread3_is_in': 'None', 'exist_bacon': True, 'exist_cheese': True, 'bowl_is_on': 'table1', 'chopped_relish': False, 'cooked_tomato': False, 'exist_garlic_bread1': True, 'spread_on_sandwich': 'None', 'cooked_cheese': False, 'spread_on_relish': 'None', 'garlic_bread1_is_in': 'None', 'spread_on_bacon': 'None', 'knife_is_on': 'table1', 'holding': 'None', 'spread_on_escarole': 'None', 'turkey_is_on': 'table1', 'ham_is_on': 'table1', 'spreader_is_on': 'table1', 'spread_on_tomato': 'None', 'spread_on_garlic_bread2': 'None', 'exist_ham': True, 'relish_is_in': 'None', 'spread_on_garlic_bread3': 'None', 'pot_is_on': 'table1', 'cooked_escarole': False, 'scooper_is_on': 'table1', 'cheese_is_in': 'None', 'sandwich_is_on': 'table', 'exist_garlic_bread2': True, 'bacon_is_on': 'table1', 'exist_garlic_bread3': True, 'plate_is_on': 'near_cutting_board', 'exist_relish': True, 'garlic_bread2_is_on': 'table1', 'pan_is_on': 'table1', 'exist_tomato': True, 'escarole_is_in': 'None', 'chopped_garlic_bread2': False, 'chopped_garlic_bread3': False, 'relish_bottle_is_on': 'table1', 'tomato_is_in': 'None', 'cooked_ham': False}
[rosout][INFO] 2021-09-07 13:12:45,561: ####### task plan info #######
[rosout][INFO] 2021-09-07 13:12:45,562: plan =  -> PickUp/bacon -> PutOn/bacon/pan/None -> PickUp/pan -> Place/pan/stove/cookware -> Activate/stove/bacon
[rosout][INFO] 2021-09-07 13:12:45,562: length = 5
[rosout][INFO] 2021-09-07 13:12:45,563: num_of_expand = 3282
[rosout][INFO] 2021-09-07 13:12:45,564: time = 2.64040803909
[rosout][INFO] 2021-09-07 13:12:45,564: success = True
[rosout][INFO] 2021-09-07 13:12:45,565: ==================================================
[rosout][INFO] 2021-09-07 13:12:45,566: [ola=0] ['PickUp', 'bacon']
[rosout][INFO] 2021-09-07 13:12:45,709: move_to: 7
[rosout][INFO] 2021-09-07 13:12:54,142: Scene Sync Completed
[rosout][INFO] 2021-09-07 13:12:54,249: linear_motion: 1.0
[rosout][INFO] 2021-09-07 13:13:01,243: Scene Sync Completed
[rosout][INFO] 2021-09-07 13:13:01,251: obj_hierarchy = ['bacon']
[rosout][INFO] 2021-09-07 13:13:02,720: Hand Sync Completed
[rosout][INFO] 2021-09-07 13:13:02,743: linear_motion: 1.0
[rosout][INFO] 2021-09-07 13:13:09,943: Scene Sync Completed
[rosout][INFO] 2021-09-07 13:13:09,951: ####### motion plan info #######
[rosout][INFO] 2021-09-07 13:13:09,959: planning_time = 0.136111021042
[rosout][INFO] 2021-09-07 13:13:09,960: execution_time = 1.70020103455
[rosout][INFO] 2021-09-07 13:13:09,961: success = True
[rosout][INFO] 2021-09-07 13:13:09,962: ####### motion plan info #######
[rosout][INFO] 2021-09-07 13:13:09,963: planning_time = 0.00723791122437
[rosout][INFO] 2021-09-07 13:13:09,964: execution_time = 1.09088206291
[rosout][INFO] 2021-09-07 13:13:09,965: success = True
[rosout][INFO] 2021-09-07 13:13:09,966: ####### motion plan info #######
[rosout][INFO] 2021-09-07 13:13:09,968: planning_time = None
[rosout][INFO] 2021-09-07 13:13:09,969: execution_time = None
[rosout][INFO] 2021-09-07 13:13:09,971: success = True
[rosout][INFO] 2021-09-07 13:13:09,972: ####### motion plan info #######
[rosout][INFO] 2021-09-07 13:13:09,973: planning_time = 0.00220012664795
[rosout][INFO] 2021-09-07 13:13:09,974: execution_time = 1.09704899788
[rosout][INFO] 2021-09-07 13:13:09,975: success = True
[rosout][INFO] 2021-09-07 13:13:09,976: ####### object-level action info #######
[rosout][INFO] 2021-09-07 13:13:09,977: time = 24.3847651482
[rosout][INFO] 2021-09-07 13:13:09,978: action = ['PickUp', 'bacon']
[rosout][INFO] 2021-09-07 13:13:09,979: length = 4
[rosout][INFO] 2021-09-07 13:13:09,981: success = True
[rosout][INFO] 2021-09-07 13:13:09,982: ==================================================
[rosout][INFO] 2021-09-07 13:13:09,983: [ola=1] ['PutOn', 'bacon', 'pan', 'None']
[rosout][INFO] 2021-09-07 13:13:10,204: move_to: 19
[rosout][INFO] 2021-09-07 13:13:26,843: Scene Sync Completed
[rosout][INFO] 2021-09-07 13:13:26,953: linear_motion: 1.0
[rosout][INFO] 2021-09-07 13:13:33,142: Scene Sync Completed
[rosout][INFO] 2021-09-07 13:13:34,466: Hand Sync Completed
[rosout][INFO] 2021-09-07 13:13:34,985: Motion Type Interaction Completed
[rosout][INFO] 2021-09-07 13:13:37,542: Scene Sync Completed
[rosout][INFO] 2021-09-07 13:13:37,544: wait for update_place_pose_state
[rosout][INFO] 2021-09-07 13:13:38,320: {'plate': [], 'pot': [], 'bowl': [], 'pan': ['bacon']}
[rosout][INFO] 2021-09-07 13:13:38,399: linear_motion: 1.0
[rosout][INFO] 2021-09-07 13:13:44,042: Scene Sync Completed
[rosout][INFO] 2021-09-07 13:13:44,052: ####### motion plan info #######
[rosout][INFO] 2021-09-07 13:13:44,054: planning_time = 0.127676010132
[rosout][INFO] 2021-09-07 13:13:44,055: execution_time = 2.69922399521
[rosout][INFO] 2021-09-07 13:13:44,061: success = True
[rosout][INFO] 2021-09-07 13:13:44,062: ####### motion plan info #######
[rosout][INFO] 2021-09-07 13:13:44,063: planning_time = 0.0122702121735
[rosout][INFO] 2021-09-07 13:13:44,063: execution_time = 0.886229991913
[rosout][INFO] 2021-09-07 13:13:44,064: success = True
[rosout][INFO] 2021-09-07 13:13:44,065: ####### motion plan info #######
[rosout][INFO] 2021-09-07 13:13:44,066: planning_time = None
[rosout][INFO] 2021-09-07 13:13:44,067: execution_time = None
[rosout][INFO] 2021-09-07 13:13:44,068: success = True
[rosout][INFO] 2021-09-07 13:13:44,069: ####### motion plan info #######
[rosout][INFO] 2021-09-07 13:13:44,069: planning_time = 0.0555140972137
[rosout][INFO] 2021-09-07 13:13:44,070: execution_time = 0.841217041016
[rosout][INFO] 2021-09-07 13:13:44,071: success = True
[rosout][INFO] 2021-09-07 13:13:44,072: ####### object-level action info #######
[rosout][INFO] 2021-09-07 13:13:44,073: time = 34.0675251484
[rosout][INFO] 2021-09-07 13:13:44,073: action = ['PutOn', 'bacon', 'pan', 'None']
[rosout][INFO] 2021-09-07 13:13:44,074: length = 4
[rosout][INFO] 2021-09-07 13:13:44,075: success = True
[rosout][INFO] 2021-09-07 13:13:44,076: ==================================================
[rosout][INFO] 2021-09-07 13:13:44,077: [ola=2] ['PickUp', 'pan']
[rosout][INFO] 2021-09-07 13:13:44,279: move_to: 4
[rospy.core][INFO] 2021-09-07 13:13:47,173: signal_shutdown [signal-2]
[rospy.internal][INFO] 2021-09-07 13:13:47,177: topic[/collision_object] removing connection to /move_group
[rospy.internal][INFO] 2021-09-07 13:13:47,177: topic[/rosout] removing connection to /rosout
[rospy.internal][INFO] 2021-09-07 13:13:47,178: topic[/tf_static] removing connection to /move_group
[rospy.internal][INFO] 2021-09-07 13:13:47,178: topic[/tf_static] removing connection to /rviz_wng_19233_4210119102179457777
[rospy.internal][INFO] 2021-09-07 13:13:47,178: topic[/tf_static] removing connection to /move_group_commander_wrappers_1630987747969190550
[rospy.internal][INFO] 2021-09-07 13:13:47,178: topic[/attached_collision_object] removing connection to /move_group
[rospy.internal][INFO] 2021-09-07 13:13:47,179: topic[/action] removing connection to /rviz_wng_19233_4210119102179457777
[rospy.impl.masterslave][INFO] 2021-09-07 13:13:47,179: signal-2
[rospy.core][INFO] 2021-09-07 13:14:02,201: signal_shutdown [signal-15]
