[rospy.client][INFO] 2021-09-26 15:57:22,215: init_node, name[/PandaMove], pid[28209]
[xmlrpc][INFO] 2021-09-26 15:57:22,216: XML-RPC server binding to 0.0.0.0:0
[xmlrpc][INFO] 2021-09-26 15:57:22,216: Started XML-RPC server [http://wng:34913/]
[rospy.init][INFO] 2021-09-26 15:57:22,216: ROS Slave URI: [http://wng:34913/]
[rospy.impl.masterslave][INFO] 2021-09-26 15:57:22,216: _ready: http://wng:34913/
[xmlrpc][INFO] 2021-09-26 15:57:22,216: xml rpc node: starting XML-RPC server
[rospy.registration][INFO] 2021-09-26 15:57:22,217: Registering with master node http://localhost:11311
[rospy.init][INFO] 2021-09-26 15:57:22,316: registered with master
[rospy.rosout][INFO] 2021-09-26 15:57:22,316: initializing /rosout core topic
[rospy.rosout][INFO] 2021-09-26 15:57:22,319: connected to core topic /rosout
[rospy.simtime][INFO] 2021-09-26 15:57:22,320: /use_sim_time is not set, will not subscribe to simulated time [/clock] topic
[rosout][INFO] 2021-09-26 15:57:22,361: pan, pan, None
[rosout][INFO] 2021-09-26 15:57:22,362: pot, pot, None
[rosout][INFO] 2021-09-26 15:57:22,362: plate, plate, None
[rosout][INFO] 2021-09-26 15:57:22,363: bowl, bowl, None
[rosout][INFO] 2021-09-26 15:57:22,363: spatula, spatula, None
[rosout][INFO] 2021-09-26 15:57:22,364: spreader, spreader, None
[rosout][INFO] 2021-09-26 15:57:22,364: scooper, scooper, None
[rosout][INFO] 2021-09-26 15:57:22,365: knife, knife, None
[rosout][INFO] 2021-09-26 15:57:22,365: table, table, None
[rosout][INFO] 2021-09-26 15:57:22,366: stove, stove, None
[rosout][INFO] 2021-09-26 15:57:22,366: cutting_board, cutting_board, None
[rosout][INFO] 2021-09-26 15:57:22,367: near_cutting_board, near_cutting_board, None
[rosout][INFO] 2021-09-26 15:57:22,367: onion, onion, ['exist']
[rosout][INFO] 2021-09-26 15:57:22,368: butter, butter, ['exist']
[rosout][INFO] 2021-09-26 15:57:22,368: cabbage, cabbage, ['exist']
[rosout][INFO] 2021-09-26 15:57:22,369: bread1, bread, ['exist']
[rosout][INFO] 2021-09-26 15:57:22,369: bread2, bread, ['exist']
[rosout][INFO] 2021-09-26 15:57:22,370: tuna, tuna, ['exist']
[rosout][INFO] 2021-09-26 15:57:22,370: sandwich, sandwich, []
[rosout][INFO] 2021-09-26 15:57:22,371: tuna_spread, tuna_spread, []
[rosout][INFO] 2021-09-26 15:57:22,371: salt, salt, ['exist']
[rosout][INFO] 2021-09-26 15:57:22,371: pepper, pepper, ['exist']
[rosout][INFO] 2021-09-26 15:57:22,372: mayonnaise, mayonnaise, ['exist']
[rosout][INFO] 2021-09-26 15:57:22,373: salt_bottle, salt_bottle, None
[rosout][INFO] 2021-09-26 15:57:22,373: pepper_bottle, pepper_bottle, None
[rosout][INFO] 2021-09-26 15:57:22,374: mayonnaise_bottle, mayonnaise_bottle, None
[rospy.internal][INFO] 2021-09-26 15:57:22,558: topic[/rosout] adding connection to [/rosout], count 0
[rospy.core][INFO] 2021-09-26 15:57:43,243: signal_shutdown [signal-2]
[rospy.internal][INFO] 2021-09-26 15:57:43,246: topic[/rosout] removing connection to /rosout
[rospy.impl.masterslave][INFO] 2021-09-26 15:57:43,246: signal-2
[rospy.core][INFO] 2021-09-26 15:57:58,270: signal_shutdown [signal-15]
