[rospy.client][INFO] 2021-09-05 17:53:28,417: init_node, name[/PandaMove], pid[30776]
[xmlrpc][INFO] 2021-09-05 17:53:28,421: XML-RPC server binding to 0.0.0.0:0
[xmlrpc][INFO] 2021-09-05 17:53:28,421: Started XML-RPC server [http://wng:39497/]
[rospy.impl.masterslave][INFO] 2021-09-05 17:53:28,421: _ready: http://wng:39497/
[rospy.init][INFO] 2021-09-05 17:53:28,425: ROS Slave URI: [http://wng:39497/]
[rospy.registration][INFO] 2021-09-05 17:53:28,428: Registering with master node http://localhost:11311
[xmlrpc][INFO] 2021-09-05 17:53:28,428: xml rpc node: starting XML-RPC server
[rospy.init][INFO] 2021-09-05 17:53:28,529: registered with master
[rospy.rosout][INFO] 2021-09-05 17:53:28,529: initializing /rosout core topic
[rospy.rosout][INFO] 2021-09-05 17:53:28,537: connected to core topic /rosout
[rospy.simtime][INFO] 2021-09-05 17:53:28,538: /use_sim_time is not set, will not subscribe to simulated time [/clock] topic
[rospy.internal][INFO] 2021-09-05 17:53:30,375: topic[/rosout] adding connection to [/rosout], count 0
[rospy.internal][INFO] 2021-09-05 17:53:30,449: topic[/collision_object] adding connection to [/move_group], count 0
[rospy.internal][INFO] 2021-09-05 17:53:30,461: topic[/attached_collision_object] adding connection to [/move_group], count 0
[rospy.internal][INFO] 2021-09-05 17:53:30,489: topic[/tf_static] adding connection to [/move_group_commander_wrappers_1630832008360191742], count 0
[rospy.internal][INFO] 2021-09-05 17:53:30,519: topic[/tf_static] adding connection to [/rviz_wng_30741_501933075596515906], count 1
[rospy.internal][INFO] 2021-09-05 17:53:30,545: topic[/tf_static] adding connection to [/move_group], count 2
[rosout][INFO] 2021-09-05 17:53:30,553: wait for update_place_pose_state
[rospy.internal][INFO] 2021-09-05 17:53:30,755: topic[/action] adding connection to [/rviz_wng_30741_501933075596515906], count 0
[rosout][INFO] 2021-09-05 17:53:31,255: pan
[rosout][INFO] 2021-09-05 17:53:31,277: wait for update_place_pose_state
[rosout][INFO] 2021-09-05 17:53:31,983: pot
[rosout][INFO] 2021-09-05 17:53:32,020: wait for update_place_pose_state
[rosout][INFO] 2021-09-05 17:53:32,729: plate
[rosout][INFO] 2021-09-05 17:53:32,740: wait for update_place_pose_state
[rosout][INFO] 2021-09-05 17:53:33,468: bowl
[rosout][INFO] 2021-09-05 17:53:33,489: wait for update_place_pose_state
[rosout][INFO] 2021-09-05 17:53:34,227: spatula
[rosout][INFO] 2021-09-05 17:53:34,235: wait for update_place_pose_state
[rosout][INFO] 2021-09-05 17:53:34,974: spreader
[rosout][INFO] 2021-09-05 17:53:34,989: wait for update_place_pose_state
[rosout][INFO] 2021-09-05 17:53:35,712: scooper
[rosout][INFO] 2021-09-05 17:53:35,721: wait for update_place_pose_state
[rosout][INFO] 2021-09-05 17:53:36,475: knife
[rosout][INFO] 2021-09-05 17:53:36,484: wait for update_place_pose_state
[rosout][INFO] 2021-09-05 17:53:37,221: cutting_board
[rosout][INFO] 2021-09-05 17:53:37,232: wait for update_place_pose_state
[rosout][INFO] 2021-09-05 17:53:37,996: tuna
[rosout][INFO] 2021-09-05 17:53:38,010: wait for update_place_pose_state
[rosout][INFO] 2021-09-05 17:53:38,743: onion
[rosout][INFO] 2021-09-05 17:53:38,752: wait for update_place_pose_state
[rosout][INFO] 2021-09-05 17:53:39,497: butter
[rosout][INFO] 2021-09-05 17:53:39,500: wait for update_place_pose_state
[rosout][INFO] 2021-09-05 17:53:40,256: lettuce
[rosout][INFO] 2021-09-05 17:53:40,265: wait for update_place_pose_state
[rosout][INFO] 2021-09-05 17:53:41,036: bread1
[rosout][INFO] 2021-09-05 17:53:41,042: wait for update_place_pose_state
[rosout][INFO] 2021-09-05 17:53:41,795: bread2
[rosout][INFO] 2021-09-05 17:53:41,801: wait for update_place_pose_state
[rosout][INFO] 2021-09-05 17:53:42,571: salt_bottle
[rosout][INFO] 2021-09-05 17:53:42,581: wait for update_place_pose_state
[rosout][INFO] 2021-09-05 17:53:43,366: sugar_bottle
[rosout][INFO] 2021-09-05 17:53:43,384: wait for update_place_pose_state
[rosout][INFO] 2021-09-05 17:53:44,191: pepper_bottle
[rosout][INFO] 2021-09-05 17:53:44,213: wait for update_place_pose_state
[rosout][INFO] 2021-09-05 17:53:45,022: mayonnaise_bottle
[rosout][INFO] 2021-09-05 17:53:45,037: wait for update_place_pose_state
[rosout][INFO] 2021-09-05 17:53:45,830: chopped_onion
[rosout][INFO] 2021-09-05 17:53:45,838: wait for update_place_pose_state
[rosout][INFO] 2021-09-05 17:53:46,620: chopped_tuna
[rosout][INFO] 2021-09-05 17:53:46,646: wait for update_place_pose_state
[rosout][INFO] 2021-09-05 17:53:47,481: chopped_sandwich
[rosout][INFO] 2021-09-05 17:53:47,517: wait for update_place_pose_state
[rosout][INFO] 2021-09-05 17:53:48,286: chopped_lettuce
[rosout][INFO] 2021-09-05 17:53:48,295: wait for update_place_pose_state
[rosout][INFO] 2021-09-05 17:53:49,086: mayonnaise_1
[rosout][INFO] 2021-09-05 17:53:49,096: wait for update_place_pose_state
[rosout][INFO] 2021-09-05 17:53:49,894: sugar_1
[rosout][INFO] 2021-09-05 17:53:49,908: wait for update_place_pose_state
[rosout][INFO] 2021-09-05 17:53:50,713: pepper_1
[rosout][INFO] 2021-09-05 17:53:50,725: wait for update_place_pose_state
[rosout][INFO] 2021-09-05 17:53:51,544: salt_1
[rosout][INFO] 2021-09-05 17:53:51,556: wait for update_place_pose_state
[rosout][INFO] 2021-09-05 17:53:52,354: tuna_spread
[rosout][INFO] 2021-09-05 17:53:52,372: wait for update_place_pose_state
[rosout][INFO] 2021-09-05 17:53:53,187: sandwich
[rosout][INFO] 2021-09-05 17:53:57,104: [Unity Error] Initialization Sync Failed
[rospy.core][INFO] 2021-09-05 17:54:09,252: signal_shutdown [signal-2]
[rospy.internal][INFO] 2021-09-05 17:54:09,253: topic[/collision_object] removing connection to /move_group
[rospy.internal][INFO] 2021-09-05 17:54:09,253: topic[/tf_static] removing connection to /rviz_wng_30741_501933075596515906
[rospy.internal][INFO] 2021-09-05 17:54:09,253: topic[/tf_static] removing connection to /move_group
[rospy.internal][INFO] 2021-09-05 17:54:09,253: topic[/attached_collision_object] removing connection to /move_group
[rospy.internal][INFO] 2021-09-05 17:54:09,254: topic[/action] removing connection to /rviz_wng_30741_501933075596515906
[rospy.internal][INFO] 2021-09-05 17:54:09,255: topic[/rosout] removing connection to /rosout
[rospy.internal][INFO] 2021-09-05 17:54:09,255: topic[/tf_static] removing connection to /move_group_commander_wrappers_1630832008360191742
[rospy.impl.masterslave][INFO] 2021-09-05 17:54:09,255: signal-2
[rosout][ERROR] 2021-09-05 17:54:09,870: Unable to connect to move_group action server 'execute_trajectory' within allotted time (5s)
[rosout][INFO] 2021-09-05 17:54:09,873: ==================================================
[rosout][INFO] 2021-09-05 17:54:09,876: [task=1]
[rosout][INFO] 2021-09-05 17:54:09,879: wait for update_place_pose_state
[rosout][ERROR] 2021-09-05 17:54:10,584: cannot get object pose: pan
[rosout][ERROR] 2021-09-05 17:54:10,587: list index out of range
[rosout][ERROR] 2021-09-05 17:54:10,589: self.objects
[rospy.core][INFO] 2021-09-05 17:54:10,633: signal_shutdown [atexit]
