[rospy.client][INFO] 2021-09-05 17:54:43,317: init_node, name[/server_endpoint], pid[31118]
[xmlrpc][INFO] 2021-09-05 17:54:43,317: XML-RPC server binding to 0.0.0.0:0
[xmlrpc][INFO] 2021-09-05 17:54:43,317: Started XML-RPC server [http://wng:43383/]
[rospy.init][INFO] 2021-09-05 17:54:43,317: ROS Slave URI: [http://wng:43383/]
[rospy.impl.masterslave][INFO] 2021-09-05 17:54:43,317: _ready: http://wng:43383/
[rospy.registration][INFO] 2021-09-05 17:54:43,318: Registering with master node http://localhost:11311
[xmlrpc][INFO] 2021-09-05 17:54:43,318: xml rpc node: starting XML-RPC server
[rospy.init][INFO] 2021-09-05 17:54:43,418: registered with master
[rospy.rosout][INFO] 2021-09-05 17:54:43,418: initializing /rosout core topic
[rospy.rosout][INFO] 2021-09-05 17:54:43,419: connected to core topic /rosout
[rospy.simtime][INFO] 2021-09-05 17:54:43,420: /use_sim_time is not set, will not subscribe to simulated time [/clock] topic
[rosout][INFO] 2021-09-05 17:54:43,425: Starting server on 192.168.1.146:10000
[rospy.internal][INFO] 2021-09-05 17:54:43,695: topic[/rosout] adding connection to [/rosout], count 0
[rosout][INFO] 2021-09-05 17:55:39,090: Connection from 192.168.1.146
[rosout][INFO] 2021-09-05 17:55:39,095: RegisterPublisher(execution_check, <class 'panda_move.msg._ExecutionCheck.ExecutionCheck'>) OK
[rospy.internal][INFO] 2021-09-05 17:55:39,164: topic[/execution_check] adding connection to [http://wng:43383/], count 0
[rospy.internal][INFO] 2021-09-05 17:55:39,165: topic[/execution_check] adding connection to [/server_endpoint], count 0
[rospy.core][INFO] 2021-09-05 18:18:21,671: signal_shutdown [signal-2]
[rospy.internal][INFO] 2021-09-05 18:18:21,676: topic[/execution_check] removing connection to /server_endpoint
[rospy.internal][ERROR] 2021-09-05 18:18:21,677: Unable to initiate TCP/IP socket to wng:44847 (http://wng:43383/): Traceback (most recent call last):
  File "/opt/ros/melodic/lib/python2.7/dist-packages/rospy/impl/tcpros_base.py", line 562, in connect
    self.read_header()
  File "/opt/ros/melodic/lib/python2.7/dist-packages/rospy/impl/tcpros_base.py", line 657, in read_header
    self._validate_header(read_ros_handshake_header(sock, self.read_buff, self.protocol.buff_size))
  File "/opt/ros/melodic/lib/python2.7/dist-packages/rospy/impl/tcpros_base.py", line 600, in _validate_header
    raise TransportInitError("remote error reported: %s"%header['error'])
TransportInitError: remote error reported: node shutting down

[rospy.internal][INFO] 2021-09-05 18:18:21,677: topic[/rosout] removing connection to /rosout
[rospy.internal][INFO] 2021-09-05 18:18:21,677: topic[/execution_check] removing connection to http://wng:43383/
[rospy.impl.masterslave][INFO] 2021-09-05 18:18:21,677: signal-2
[rospy.core][INFO] 2021-09-05 18:18:21,794: signal_shutdown [atexit]
[rospy.client][INFO] 2021-09-05 18:18:32,655: init_node, name[/server_endpoint], pid[1653]
[xmlrpc][INFO] 2021-09-05 18:18:32,655: XML-RPC server binding to 0.0.0.0:0
[xmlrpc][INFO] 2021-09-05 18:18:32,655: Started XML-RPC server [http://wng:44445/]
[rospy.init][INFO] 2021-09-05 18:18:32,655: ROS Slave URI: [http://wng:44445/]
[rospy.impl.masterslave][INFO] 2021-09-05 18:18:32,656: _ready: http://wng:44445/
[xmlrpc][INFO] 2021-09-05 18:18:32,656: xml rpc node: starting XML-RPC server
[rospy.registration][INFO] 2021-09-05 18:18:32,656: Registering with master node http://localhost:11311
[rospy.init][INFO] 2021-09-05 18:18:32,756: registered with master
[rospy.rosout][INFO] 2021-09-05 18:18:32,756: initializing /rosout core topic
[rospy.rosout][INFO] 2021-09-05 18:18:32,758: connected to core topic /rosout
[rospy.simtime][INFO] 2021-09-05 18:18:32,758: /use_sim_time is not set, will not subscribe to simulated time [/clock] topic
[rosout][INFO] 2021-09-05 18:18:32,765: Starting server on 192.168.1.146:10000
[rospy.internal][INFO] 2021-09-05 18:18:32,960: topic[/rosout] adding connection to [/rosout], count 0
[rosout][INFO] 2021-09-05 18:19:01,121: Connection from 192.168.1.146
[rosout][INFO] 2021-09-05 18:19:01,125: RegisterPublisher(execution_check, <class 'panda_move.msg._ExecutionCheck.ExecutionCheck'>) OK
[rospy.internal][INFO] 2021-09-05 18:19:01,149: topic[/execution_check] adding connection to [http://wng:44445/], count 0
[rospy.internal][INFO] 2021-09-05 18:19:01,151: topic[/execution_check] adding connection to [/server_endpoint], count 0
[rospy.core][INFO] 2021-09-05 18:43:34,943: signal_shutdown [signal-2]
[rospy.internal][INFO] 2021-09-05 18:43:34,947: topic[/execution_check] removing connection to /server_endpoint
[rospy.internal][INFO] 2021-09-05 18:43:34,947: topic[/rosout] removing connection to /rosout
[rospy.internal][INFO] 2021-09-05 18:43:34,947: topic[/execution_check] removing connection to http://wng:44445/
[rospy.impl.masterslave][INFO] 2021-09-05 18:43:34,948: signal-2
[rospy.internal][ERROR] 2021-09-05 18:43:34,948: Unable to initiate TCP/IP socket to wng:37169 (http://wng:44445/): Traceback (most recent call last):
  File "/opt/ros/melodic/lib/python2.7/dist-packages/rospy/impl/tcpros_base.py", line 562, in connect
    self.read_header()
  File "/opt/ros/melodic/lib/python2.7/dist-packages/rospy/impl/tcpros_base.py", line 657, in read_header
    self._validate_header(read_ros_handshake_header(sock, self.read_buff, self.protocol.buff_size))
  File "/opt/ros/melodic/lib/python2.7/dist-packages/rospy/impl/tcpros_base.py", line 600, in _validate_header
    raise TransportInitError("remote error reported: %s"%header['error'])
TransportInitError: remote error reported: node shutting down

[rospy.core][INFO] 2021-09-05 18:43:35,056: signal_shutdown [atexit]
[rospy.client][INFO] 2021-09-05 18:45:01,515: init_node, name[/server_endpoint], pid[5134]
[xmlrpc][INFO] 2021-09-05 18:45:01,515: XML-RPC server binding to 0.0.0.0:0
[xmlrpc][INFO] 2021-09-05 18:45:01,515: Started XML-RPC server [http://wng:36827/]
[rospy.init][INFO] 2021-09-05 18:45:01,516: ROS Slave URI: [http://wng:36827/]
[rospy.impl.masterslave][INFO] 2021-09-05 18:45:01,516: _ready: http://wng:36827/
[rospy.registration][INFO] 2021-09-05 18:45:01,516: Registering with master node http://localhost:11311
[xmlrpc][INFO] 2021-09-05 18:45:01,516: xml rpc node: starting XML-RPC server
[rospy.init][INFO] 2021-09-05 18:45:01,616: registered with master
[rospy.rosout][INFO] 2021-09-05 18:45:01,616: initializing /rosout core topic
[rospy.rosout][INFO] 2021-09-05 18:45:01,617: connected to core topic /rosout
[rospy.simtime][INFO] 2021-09-05 18:45:01,618: /use_sim_time is not set, will not subscribe to simulated time [/clock] topic
[rosout][INFO] 2021-09-05 18:45:01,623: Starting server on 192.168.1.146:10000
[rospy.internal][INFO] 2021-09-05 18:45:01,900: topic[/rosout] adding connection to [/rosout], count 0
[rosout][INFO] 2021-09-05 18:45:10,606: Connection from 192.168.1.146
[rosout][INFO] 2021-09-05 18:45:10,612: RegisterPublisher(execution_check, <class 'panda_move.msg._ExecutionCheck.ExecutionCheck'>) OK
[rospy.internal][INFO] 2021-09-05 18:45:10,645: topic[/execution_check] adding connection to [http://wng:36827/], count 0
[rospy.internal][INFO] 2021-09-05 18:45:10,647: topic[/execution_check] adding connection to [/server_endpoint], count 0
[rospy.core][INFO] 2021-09-05 19:08:39,826: signal_shutdown [signal-2]
[rospy.internal][INFO] 2021-09-05 19:08:39,830: topic[/execution_check] removing connection to /server_endpoint
[rospy.internal][ERROR] 2021-09-05 19:08:39,830: Unable to initiate TCP/IP socket to wng:35041 (http://wng:36827/): Traceback (most recent call last):
  File "/opt/ros/melodic/lib/python2.7/dist-packages/rospy/impl/tcpros_base.py", line 562, in connect
    self.read_header()
  File "/opt/ros/melodic/lib/python2.7/dist-packages/rospy/impl/tcpros_base.py", line 657, in read_header
    self._validate_header(read_ros_handshake_header(sock, self.read_buff, self.protocol.buff_size))
  File "/opt/ros/melodic/lib/python2.7/dist-packages/rospy/impl/tcpros_base.py", line 600, in _validate_header
    raise TransportInitError("remote error reported: %s"%header['error'])
TransportInitError: remote error reported: node shutting down

[rospy.internal][INFO] 2021-09-05 19:08:39,830: topic[/rosout] removing connection to /rosout
[rospy.internal][INFO] 2021-09-05 19:08:39,831: topic[/execution_check] removing connection to http://wng:36827/
[rospy.impl.masterslave][INFO] 2021-09-05 19:08:39,831: signal-2
[rospy.core][INFO] 2021-09-05 19:08:39,962: signal_shutdown [atexit]
[rospy.client][INFO] 2021-09-05 19:11:17,911: init_node, name[/server_endpoint], pid[7891]
[xmlrpc][INFO] 2021-09-05 19:11:17,912: XML-RPC server binding to 0.0.0.0:0
[xmlrpc][INFO] 2021-09-05 19:11:17,912: Started XML-RPC server [http://wng:36967/]
[rospy.init][INFO] 2021-09-05 19:11:17,912: ROS Slave URI: [http://wng:36967/]
[rospy.impl.masterslave][INFO] 2021-09-05 19:11:17,912: _ready: http://wng:36967/
[rospy.registration][INFO] 2021-09-05 19:11:17,912: Registering with master node http://localhost:11311
[xmlrpc][INFO] 2021-09-05 19:11:17,912: xml rpc node: starting XML-RPC server
[rospy.init][INFO] 2021-09-05 19:11:18,012: registered with master
[rospy.rosout][INFO] 2021-09-05 19:11:18,012: initializing /rosout core topic
[rospy.rosout][INFO] 2021-09-05 19:11:18,013: connected to core topic /rosout
[rospy.simtime][INFO] 2021-09-05 19:11:18,014: /use_sim_time is not set, will not subscribe to simulated time [/clock] topic
[rosout][INFO] 2021-09-05 19:11:18,020: Starting server on 192.168.1.146:10000
[rospy.internal][INFO] 2021-09-05 19:11:18,280: topic[/rosout] adding connection to [/rosout], count 0
[rosout][INFO] 2021-09-05 19:12:12,054: Connection from 192.168.1.146
[rosout][INFO] 2021-09-05 19:12:12,058: RegisterPublisher(execution_check, <class 'panda_move.msg._ExecutionCheck.ExecutionCheck'>) OK
[rospy.internal][INFO] 2021-09-05 19:12:12,081: topic[/execution_check] adding connection to [http://wng:36967/], count 0
[rospy.internal][INFO] 2021-09-05 19:12:12,083: topic[/execution_check] adding connection to [/server_endpoint], count 0
[rosout][ERROR] 2021-09-05 19:33:31,158: Exception: No more data available
[rosout][INFO] 2021-09-05 19:33:31,161: Disconnected from 192.168.1.146
[rospy.core][INFO] 2021-09-05 19:33:53,579: signal_shutdown [signal-2]
[rospy.internal][INFO] 2021-09-05 19:33:53,584: topic[/execution_check] removing connection to /server_endpoint
[rospy.internal][INFO] 2021-09-05 19:33:53,585: topic[/rosout] removing connection to /rosout
[rospy.internal][INFO] 2021-09-05 19:33:53,585: topic[/execution_check] removing connection to http://wng:36967/
[rospy.impl.masterslave][INFO] 2021-09-05 19:33:53,585: signal-2
[rospy.internal][WARNING] 2021-09-05 19:33:53,585: Unknown error initiating TCP/IP socket to wng:36911 (http://wng:36967/): Traceback (most recent call last):
  File "/opt/ros/melodic/lib/python2.7/dist-packages/rospy/impl/tcpros_base.py", line 563, in connect
    self.local_endpoint = self.socket.getsockname()
AttributeError: 'NoneType' object has no attribute 'getsockname'

[rospy.core][INFO] 2021-09-05 19:33:53,749: signal_shutdown [atexit]
[rospy.client][INFO] 2021-09-05 19:35:24,968: init_node, name[/server_endpoint], pid[10505]
[xmlrpc][INFO] 2021-09-05 19:35:24,969: XML-RPC server binding to 0.0.0.0:0
[xmlrpc][INFO] 2021-09-05 19:35:24,969: Started XML-RPC server [http://wng:38881/]
[rospy.impl.masterslave][INFO] 2021-09-05 19:35:24,969: _ready: http://wng:38881/
[rospy.registration][INFO] 2021-09-05 19:35:24,969: Registering with master node http://localhost:11311
[xmlrpc][INFO] 2021-09-05 19:35:24,969: xml rpc node: starting XML-RPC server
[rospy.init][INFO] 2021-09-05 19:35:24,973: ROS Slave URI: [http://wng:38881/]
[rospy.init][INFO] 2021-09-05 19:35:24,977: registered with master
[rospy.rosout][INFO] 2021-09-05 19:35:24,977: initializing /rosout core topic
[rospy.rosout][INFO] 2021-09-05 19:35:24,978: connected to core topic /rosout
[rospy.simtime][INFO] 2021-09-05 19:35:24,979: /use_sim_time is not set, will not subscribe to simulated time [/clock] topic
[rosout][INFO] 2021-09-05 19:35:24,988: Starting server on 192.168.1.146:10000
[rospy.internal][INFO] 2021-09-05 19:35:25,250: topic[/rosout] adding connection to [/rosout], count 0
[rosout][INFO] 2021-09-05 19:35:35,948: Connection from 192.168.1.146
[rosout][INFO] 2021-09-05 19:35:35,952: RegisterPublisher(execution_check, <class 'panda_move.msg._ExecutionCheck.ExecutionCheck'>) OK
[rospy.internal][INFO] 2021-09-05 19:35:35,995: topic[/execution_check] adding connection to [http://wng:38881/], count 0
[rospy.internal][INFO] 2021-09-05 19:35:35,996: topic[/execution_check] adding connection to [/server_endpoint], count 0
[rospy.core][INFO] 2021-09-05 19:59:53,898: signal_shutdown [signal-2]
[rospy.internal][INFO] 2021-09-05 19:59:53,901: topic[/execution_check] removing connection to /server_endpoint
[rospy.internal][INFO] 2021-09-05 19:59:53,901: topic[/rosout] removing connection to /rosout
[rospy.internal][INFO] 2021-09-05 19:59:53,901: topic[/execution_check] removing connection to http://wng:38881/
[rospy.impl.masterslave][INFO] 2021-09-05 19:59:53,901: signal-2
[rospy.core][INFO] 2021-09-05 19:59:54,017: signal_shutdown [atexit]
[rospy.client][INFO] 2021-09-05 20:01:58,874: init_node, name[/server_endpoint], pid[13146]
[xmlrpc][INFO] 2021-09-05 20:01:58,875: XML-RPC server binding to 0.0.0.0:0
[xmlrpc][INFO] 2021-09-05 20:01:58,875: Started XML-RPC server [http://wng:44615/]
[rospy.init][INFO] 2021-09-05 20:01:58,875: ROS Slave URI: [http://wng:44615/]
[rospy.impl.masterslave][INFO] 2021-09-05 20:01:58,875: _ready: http://wng:44615/
[rospy.registration][INFO] 2021-09-05 20:01:58,875: Registering with master node http://localhost:11311
[xmlrpc][INFO] 2021-09-05 20:01:58,875: xml rpc node: starting XML-RPC server
[rospy.init][INFO] 2021-09-05 20:01:58,976: registered with master
[rospy.rosout][INFO] 2021-09-05 20:01:58,976: initializing /rosout core topic
[rospy.rosout][INFO] 2021-09-05 20:01:58,979: connected to core topic /rosout
[rospy.simtime][INFO] 2021-09-05 20:01:58,981: /use_sim_time is not set, will not subscribe to simulated time [/clock] topic
[rosout][INFO] 2021-09-05 20:01:59,003: Starting server on 192.168.1.146:10000
[rospy.internal][INFO] 2021-09-05 20:01:59,239: topic[/rosout] adding connection to [/rosout], count 0
[rosout][INFO] 2021-09-05 20:02:09,228: Connection from 192.168.1.146
[rosout][INFO] 2021-09-05 20:02:09,232: RegisterPublisher(execution_check, <class 'panda_move.msg._ExecutionCheck.ExecutionCheck'>) OK
[rospy.internal][INFO] 2021-09-05 20:02:09,264: topic[/execution_check] adding connection to [http://wng:44615/], count 0
[rospy.internal][INFO] 2021-09-05 20:02:09,265: topic[/execution_check] adding connection to [/server_endpoint], count 0
[rospy.core][INFO] 2021-09-05 20:35:23,695: signal_shutdown [signal-2]
[rospy.internal][INFO] 2021-09-05 20:35:23,700: topic[/execution_check] removing connection to /server_endpoint
[rospy.internal][INFO] 2021-09-05 20:35:23,700: topic[/rosout] removing connection to /rosout
[rospy.internal][INFO] 2021-09-05 20:35:23,701: topic[/execution_check] removing connection to http://wng:44615/
[rospy.impl.masterslave][INFO] 2021-09-05 20:35:23,701: signal-2
[rospy.internal][WARNING] 2021-09-05 20:35:23,701: Unknown error initiating TCP/IP socket to wng:46565 (http://wng:44615/): Traceback (most recent call last):
  File "/opt/ros/melodic/lib/python2.7/dist-packages/rospy/impl/tcpros_base.py", line 563, in connect
    self.local_endpoint = self.socket.getsockname()
AttributeError: 'NoneType' object has no attribute 'getsockname'

[rospy.core][INFO] 2021-09-05 20:35:23,811: signal_shutdown [atexit]
[rospy.client][INFO] 2021-09-05 20:48:40,319: init_node, name[/server_endpoint], pid[17006]
[xmlrpc][INFO] 2021-09-05 20:48:40,319: XML-RPC server binding to 0.0.0.0:0
[xmlrpc][INFO] 2021-09-05 20:48:40,319: Started XML-RPC server [http://wng:37201/]
[rospy.init][INFO] 2021-09-05 20:48:40,320: ROS Slave URI: [http://wng:37201/]
[rospy.impl.masterslave][INFO] 2021-09-05 20:48:40,320: _ready: http://wng:37201/
[rospy.registration][INFO] 2021-09-05 20:48:40,320: Registering with master node http://localhost:11311
[xmlrpc][INFO] 2021-09-05 20:48:40,320: xml rpc node: starting XML-RPC server
[rospy.init][INFO] 2021-09-05 20:48:40,420: registered with master
[rospy.rosout][INFO] 2021-09-05 20:48:40,421: initializing /rosout core topic
[rospy.rosout][INFO] 2021-09-05 20:48:40,424: connected to core topic /rosout
[rospy.simtime][INFO] 2021-09-05 20:48:40,426: /use_sim_time is not set, will not subscribe to simulated time [/clock] topic
[rosout][INFO] 2021-09-05 20:48:40,447: Starting server on 192.168.1.146:10000
[rospy.internal][INFO] 2021-09-05 20:48:40,723: topic[/rosout] adding connection to [/rosout], count 0
[rosout][INFO] 2021-09-05 20:49:00,141: Connection from 192.168.1.146
[rosout][INFO] 2021-09-05 20:49:00,145: RegisterPublisher(execution_check, <class 'panda_move.msg._ExecutionCheck.ExecutionCheck'>) OK
[rospy.internal][INFO] 2021-09-05 20:49:00,159: topic[/execution_check] adding connection to [http://wng:37201/], count 0
[rospy.internal][INFO] 2021-09-05 20:49:00,165: topic[/execution_check] adding connection to [/server_endpoint], count 0
[rospy.core][INFO] 2021-09-05 21:22:46,013: signal_shutdown [signal-2]
[rospy.internal][INFO] 2021-09-05 21:22:46,024: topic[/execution_check] removing connection to /server_endpoint
[rospy.internal][INFO] 2021-09-05 21:22:46,025: topic[/rosout] removing connection to /rosout
[rospy.internal][INFO] 2021-09-05 21:22:46,025: topic[/execution_check] removing connection to http://wng:37201/
[rospy.internal][ERROR] 2021-09-05 21:22:46,025: Unable to initiate TCP/IP socket to wng:39951 (http://wng:37201/): Traceback (most recent call last):
  File "/opt/ros/melodic/lib/python2.7/dist-packages/rospy/impl/tcpros_base.py", line 562, in connect
    self.read_header()
  File "/opt/ros/melodic/lib/python2.7/dist-packages/rospy/impl/tcpros_base.py", line 657, in read_header
    self._validate_header(read_ros_handshake_header(sock, self.read_buff, self.protocol.buff_size))
  File "/opt/ros/melodic/lib/python2.7/dist-packages/rospy/impl/tcpros_base.py", line 600, in _validate_header
    raise TransportInitError("remote error reported: %s"%header['error'])
TransportInitError: remote error reported: node shutting down

[rospy.impl.masterslave][INFO] 2021-09-05 21:22:46,026: signal-2
[rospy.core][INFO] 2021-09-05 21:22:46,641: signal_shutdown [atexit]
[rospy.client][INFO] 2021-09-06 08:19:08,455: init_node, name[/server_endpoint], pid[10450]
[xmlrpc][INFO] 2021-09-06 08:19:08,456: XML-RPC server binding to 0.0.0.0:0
[xmlrpc][INFO] 2021-09-06 08:19:08,456: Started XML-RPC server [http://wng:35071/]
[rospy.init][INFO] 2021-09-06 08:19:08,456: ROS Slave URI: [http://wng:35071/]
[rospy.impl.masterslave][INFO] 2021-09-06 08:19:08,456: _ready: http://wng:35071/
[rospy.registration][INFO] 2021-09-06 08:19:08,456: Registering with master node http://localhost:11311
[xmlrpc][INFO] 2021-09-06 08:19:08,456: xml rpc node: starting XML-RPC server
[rospy.init][INFO] 2021-09-06 08:19:08,556: registered with master
[rospy.rosout][INFO] 2021-09-06 08:19:08,557: initializing /rosout core topic
[rospy.rosout][INFO] 2021-09-06 08:19:08,557: connected to core topic /rosout
[rospy.simtime][INFO] 2021-09-06 08:19:08,558: /use_sim_time is not set, will not subscribe to simulated time [/clock] topic
[rosout][INFO] 2021-09-06 08:19:08,562: Starting server on 192.168.1.146:10000
[rospy.internal][INFO] 2021-09-06 08:19:08,857: topic[/rosout] adding connection to [/rosout], count 0
[rosout][INFO] 2021-09-06 08:20:25,653: Connection from 192.168.1.146
[rosout][INFO] 2021-09-06 08:20:25,658: RegisterPublisher(execution_check, <class 'panda_move.msg._ExecutionCheck.ExecutionCheck'>) OK
[rospy.internal][INFO] 2021-09-06 08:20:25,711: topic[/execution_check] adding connection to [http://wng:35071/], count 0
[rospy.internal][INFO] 2021-09-06 08:20:25,712: topic[/execution_check] adding connection to [/server_endpoint], count 0
[rosout][ERROR] 2021-09-06 08:48:48,660: Exception: No more data available
[rosout][INFO] 2021-09-06 08:48:48,661: Disconnected from 192.168.1.146
[rospy.core][INFO] 2021-09-06 08:48:54,823: signal_shutdown [signal-2]
[rospy.internal][INFO] 2021-09-06 08:48:54,828: topic[/execution_check] removing connection to /server_endpoint
[rospy.internal][INFO] 2021-09-06 08:48:54,828: topic[/rosout] removing connection to /rosout
[rospy.internal][INFO] 2021-09-06 08:48:54,829: topic[/execution_check] removing connection to http://wng:35071/
[rospy.impl.masterslave][INFO] 2021-09-06 08:48:54,829: signal-2
[rospy.internal][ERROR] 2021-09-06 08:48:54,829: Unable to initiate TCP/IP socket to wng:38567 (http://wng:35071/): Traceback (most recent call last):
  File "/opt/ros/melodic/lib/python2.7/dist-packages/rospy/impl/tcpros_base.py", line 562, in connect
    self.read_header()
  File "/opt/ros/melodic/lib/python2.7/dist-packages/rospy/impl/tcpros_base.py", line 657, in read_header
    self._validate_header(read_ros_handshake_header(sock, self.read_buff, self.protocol.buff_size))
  File "/opt/ros/melodic/lib/python2.7/dist-packages/rospy/impl/tcpros_base.py", line 600, in _validate_header
    raise TransportInitError("remote error reported: %s"%header['error'])
TransportInitError: remote error reported: node shutting down

[rospy.core][INFO] 2021-09-06 08:48:54,992: signal_shutdown [atexit]
[rospy.client][INFO] 2021-09-06 08:51:54,856: init_node, name[/server_endpoint], pid[13874]
[xmlrpc][INFO] 2021-09-06 08:51:54,857: XML-RPC server binding to 0.0.0.0:0
[xmlrpc][INFO] 2021-09-06 08:51:54,857: Started XML-RPC server [http://wng:44951/]
[rospy.init][INFO] 2021-09-06 08:51:54,857: ROS Slave URI: [http://wng:44951/]
[rospy.impl.masterslave][INFO] 2021-09-06 08:51:54,857: _ready: http://wng:44951/
[rospy.registration][INFO] 2021-09-06 08:51:54,857: Registering with master node http://localhost:11311
[xmlrpc][INFO] 2021-09-06 08:51:54,857: xml rpc node: starting XML-RPC server
[rospy.init][INFO] 2021-09-06 08:51:54,957: registered with master
[rospy.rosout][INFO] 2021-09-06 08:51:54,958: initializing /rosout core topic
[rospy.rosout][INFO] 2021-09-06 08:51:54,958: connected to core topic /rosout
[rospy.simtime][INFO] 2021-09-06 08:51:54,959: /use_sim_time is not set, will not subscribe to simulated time [/clock] topic
[rosout][INFO] 2021-09-06 08:51:54,963: Starting server on 192.168.1.146:10000
[rospy.internal][INFO] 2021-09-06 08:51:55,175: topic[/rosout] adding connection to [/rosout], count 0
[rosout][INFO] 2021-09-06 08:52:30,748: Connection from 192.168.1.146
[rosout][INFO] 2021-09-06 08:52:30,752: RegisterPublisher(execution_check, <class 'panda_move.msg._ExecutionCheck.ExecutionCheck'>) OK
[rospy.internal][INFO] 2021-09-06 08:52:30,850: topic[/execution_check] adding connection to [http://wng:44951/], count 0
[rospy.internal][INFO] 2021-09-06 08:52:30,852: topic[/execution_check] adding connection to [/server_endpoint], count 0
[rospy.core][INFO] 2021-09-06 09:21:53,315: signal_shutdown [signal-2]
[rospy.internal][INFO] 2021-09-06 09:21:53,318: topic[/execution_check] removing connection to /server_endpoint
[rospy.internal][INFO] 2021-09-06 09:21:53,319: topic[/rosout] removing connection to /rosout
[rospy.internal][INFO] 2021-09-06 09:21:53,319: topic[/execution_check] removing connection to http://wng:44951/
[rospy.impl.masterslave][INFO] 2021-09-06 09:21:53,319: signal-2
[rospy.internal][ERROR] 2021-09-06 09:21:53,319: Unable to initiate TCP/IP socket to wng:42147 (http://wng:44951/): Traceback (most recent call last):
  File "/opt/ros/melodic/lib/python2.7/dist-packages/rospy/impl/tcpros_base.py", line 562, in connect
    self.read_header()
  File "/opt/ros/melodic/lib/python2.7/dist-packages/rospy/impl/tcpros_base.py", line 657, in read_header
    self._validate_header(read_ros_handshake_header(sock, self.read_buff, self.protocol.buff_size))
  File "/opt/ros/melodic/lib/python2.7/dist-packages/rospy/impl/tcpros_base.py", line 600, in _validate_header
    raise TransportInitError("remote error reported: %s"%header['error'])
TransportInitError: remote error reported: node shutting down

[rospy.core][INFO] 2021-09-06 09:21:53,461: signal_shutdown [atexit]
[rospy.client][INFO] 2021-09-06 09:24:35,163: init_node, name[/server_endpoint], pid[17244]
[xmlrpc][INFO] 2021-09-06 09:24:35,163: XML-RPC server binding to 0.0.0.0:0
[xmlrpc][INFO] 2021-09-06 09:24:35,163: Started XML-RPC server [http://wng:32999/]
[rospy.init][INFO] 2021-09-06 09:24:35,164: ROS Slave URI: [http://wng:32999/]
[rospy.impl.masterslave][INFO] 2021-09-06 09:24:35,164: _ready: http://wng:32999/
[xmlrpc][INFO] 2021-09-06 09:24:35,164: xml rpc node: starting XML-RPC server
[rospy.registration][INFO] 2021-09-06 09:24:35,164: Registering with master node http://localhost:11311
[rospy.init][INFO] 2021-09-06 09:24:35,264: registered with master
[rospy.rosout][INFO] 2021-09-06 09:24:35,264: initializing /rosout core topic
[rospy.rosout][INFO] 2021-09-06 09:24:35,265: connected to core topic /rosout
[rospy.simtime][INFO] 2021-09-06 09:24:35,265: /use_sim_time is not set, will not subscribe to simulated time [/clock] topic
[rosout][INFO] 2021-09-06 09:24:35,270: Starting server on 192.168.1.146:10000
[rospy.internal][INFO] 2021-09-06 09:24:35,474: topic[/rosout] adding connection to [/rosout], count 0
[rosout][INFO] 2021-09-06 09:24:42,039: Connection from 192.168.1.146
[rosout][INFO] 2021-09-06 09:24:42,045: RegisterPublisher(execution_check, <class 'panda_move.msg._ExecutionCheck.ExecutionCheck'>) OK
[rospy.internal][INFO] 2021-09-06 09:24:42,097: topic[/execution_check] adding connection to [http://wng:32999/], count 0
[rospy.internal][INFO] 2021-09-06 09:24:42,099: topic[/execution_check] adding connection to [/server_endpoint], count 0
[rospy.core][INFO] 2021-09-06 09:25:48,295: signal_shutdown [signal-2]
[rospy.internal][INFO] 2021-09-06 09:25:48,299: topic[/execution_check] removing connection to /server_endpoint
[rospy.internal][INFO] 2021-09-06 09:25:48,299: topic[/rosout] removing connection to /rosout
[rospy.internal][INFO] 2021-09-06 09:25:48,299: topic[/execution_check] removing connection to http://wng:32999/
[rospy.impl.masterslave][INFO] 2021-09-06 09:25:48,299: signal-2
[rospy.core][INFO] 2021-09-06 09:25:48,415: signal_shutdown [atexit]
[rospy.client][INFO] 2021-09-06 09:26:27,985: init_node, name[/server_endpoint], pid[17565]
[xmlrpc][INFO] 2021-09-06 09:26:27,985: XML-RPC server binding to 0.0.0.0:0
[xmlrpc][INFO] 2021-09-06 09:26:27,986: Started XML-RPC server [http://wng:33339/]
[rospy.impl.masterslave][INFO] 2021-09-06 09:26:27,986: _ready: http://wng:33339/
[xmlrpc][INFO] 2021-09-06 09:26:27,986: xml rpc node: starting XML-RPC server
[rospy.init][INFO] 2021-09-06 09:26:27,987: ROS Slave URI: [http://wng:33339/]
[rospy.registration][INFO] 2021-09-06 09:26:27,992: Registering with master node http://localhost:11311
[rospy.init][INFO] 2021-09-06 09:26:28,087: registered with master
[rospy.rosout][INFO] 2021-09-06 09:26:28,087: initializing /rosout core topic
[rospy.rosout][INFO] 2021-09-06 09:26:28,088: connected to core topic /rosout
[rospy.simtime][INFO] 2021-09-06 09:26:28,089: /use_sim_time is not set, will not subscribe to simulated time [/clock] topic
[rosout][INFO] 2021-09-06 09:26:28,094: Starting server on 192.168.1.146:10000
[rospy.internal][INFO] 2021-09-06 09:26:28,314: topic[/rosout] adding connection to [/rosout], count 0
[rosout][INFO] 2021-09-06 09:26:39,439: Connection from 192.168.1.146
[rosout][INFO] 2021-09-06 09:26:39,444: RegisterPublisher(execution_check, <class 'panda_move.msg._ExecutionCheck.ExecutionCheck'>) OK
[rospy.internal][INFO] 2021-09-06 09:26:39,576: topic[/execution_check] adding connection to [http://wng:33339/], count 0
[rospy.internal][INFO] 2021-09-06 09:26:39,579: topic[/execution_check] adding connection to [/server_endpoint], count 0
[rospy.core][INFO] 2021-09-06 09:55:48,786: signal_shutdown [signal-2]
[rospy.internal][INFO] 2021-09-06 09:55:48,789: topic[/execution_check] removing connection to /server_endpoint
[rospy.internal][INFO] 2021-09-06 09:55:48,789: topic[/rosout] removing connection to /rosout
[rospy.internal][INFO] 2021-09-06 09:55:48,790: topic[/execution_check] removing connection to http://wng:33339/
[rospy.impl.masterslave][INFO] 2021-09-06 09:55:48,790: signal-2
[rospy.core][INFO] 2021-09-06 09:55:48,921: signal_shutdown [atexit]
[rospy.client][INFO] 2021-09-06 09:57:31,445: init_node, name[/server_endpoint], pid[20846]
[xmlrpc][INFO] 2021-09-06 09:57:31,445: XML-RPC server binding to 0.0.0.0:0
[xmlrpc][INFO] 2021-09-06 09:57:31,445: Started XML-RPC server [http://wng:33569/]
[rospy.init][INFO] 2021-09-06 09:57:31,446: ROS Slave URI: [http://wng:33569/]
[rospy.impl.masterslave][INFO] 2021-09-06 09:57:31,446: _ready: http://wng:33569/
[rospy.registration][INFO] 2021-09-06 09:57:31,446: Registering with master node http://localhost:11311
[xmlrpc][INFO] 2021-09-06 09:57:31,446: xml rpc node: starting XML-RPC server
[rospy.init][INFO] 2021-09-06 09:57:31,546: registered with master
[rospy.rosout][INFO] 2021-09-06 09:57:31,546: initializing /rosout core topic
[rospy.rosout][INFO] 2021-09-06 09:57:31,548: connected to core topic /rosout
[rospy.simtime][INFO] 2021-09-06 09:57:31,549: /use_sim_time is not set, will not subscribe to simulated time [/clock] topic
[rosout][INFO] 2021-09-06 09:57:31,563: Starting server on 192.168.1.146:10000
[rospy.internal][INFO] 2021-09-06 09:57:31,847: topic[/rosout] adding connection to [/rosout], count 0
[rosout][INFO] 2021-09-06 09:57:43,259: Connection from 192.168.1.146
[rosout][INFO] 2021-09-06 09:57:43,265: RegisterPublisher(execution_check, <class 'panda_move.msg._ExecutionCheck.ExecutionCheck'>) OK
[rospy.internal][INFO] 2021-09-06 09:57:43,286: topic[/execution_check] adding connection to [http://wng:33569/], count 0
[rospy.internal][INFO] 2021-09-06 09:57:43,287: topic[/execution_check] adding connection to [/server_endpoint], count 0
[rospy.core][INFO] 2021-09-06 10:26:27,185: signal_shutdown [signal-2]
[rospy.internal][INFO] 2021-09-06 10:26:27,189: topic[/execution_check] removing connection to /server_endpoint
[rospy.internal][INFO] 2021-09-06 10:26:27,189: topic[/rosout] removing connection to /rosout
[rospy.internal][INFO] 2021-09-06 10:26:27,189: topic[/execution_check] removing connection to http://wng:33569/
[rospy.impl.masterslave][INFO] 2021-09-06 10:26:27,189: signal-2
[rospy.core][INFO] 2021-09-06 10:26:27,321: signal_shutdown [atexit]
[rospy.client][INFO] 2021-09-06 10:26:44,326: init_node, name[/server_endpoint], pid[24000]
[xmlrpc][INFO] 2021-09-06 10:26:44,326: XML-RPC server binding to 0.0.0.0:0
[xmlrpc][INFO] 2021-09-06 10:26:44,327: Started XML-RPC server [http://wng:38077/]
[rospy.init][INFO] 2021-09-06 10:26:44,327: ROS Slave URI: [http://wng:38077/]
[rospy.impl.masterslave][INFO] 2021-09-06 10:26:44,327: _ready: http://wng:38077/
[rospy.registration][INFO] 2021-09-06 10:26:44,327: Registering with master node http://localhost:11311
[xmlrpc][INFO] 2021-09-06 10:26:44,327: xml rpc node: starting XML-RPC server
[rospy.init][INFO] 2021-09-06 10:26:44,427: registered with master
[rospy.rosout][INFO] 2021-09-06 10:26:44,427: initializing /rosout core topic
[rospy.rosout][INFO] 2021-09-06 10:26:44,428: connected to core topic /rosout
[rospy.simtime][INFO] 2021-09-06 10:26:44,429: /use_sim_time is not set, will not subscribe to simulated time [/clock] topic
[rosout][INFO] 2021-09-06 10:26:44,433: Starting server on 192.168.1.146:10000
[rospy.internal][INFO] 2021-09-06 10:26:44,662: topic[/rosout] adding connection to [/rosout], count 0
[rosout][INFO] 2021-09-06 10:26:51,044: Connection from 192.168.1.146
[rosout][INFO] 2021-09-06 10:26:51,048: RegisterPublisher(execution_check, <class 'panda_move.msg._ExecutionCheck.ExecutionCheck'>) OK
[rospy.internal][INFO] 2021-09-06 10:26:51,127: topic[/execution_check] adding connection to [http://wng:38077/], count 0
[rospy.internal][INFO] 2021-09-06 10:26:51,129: topic[/execution_check] adding connection to [/server_endpoint], count 0
[rospy.core][INFO] 2021-09-06 10:59:58,395: signal_shutdown [signal-2]
[rospy.internal][INFO] 2021-09-06 10:59:58,399: topic[/execution_check] removing connection to /server_endpoint
[rospy.internal][INFO] 2021-09-06 10:59:58,400: topic[/rosout] removing connection to /rosout
[rospy.internal][INFO] 2021-09-06 10:59:58,400: topic[/execution_check] removing connection to http://wng:38077/
[rospy.impl.masterslave][INFO] 2021-09-06 10:59:58,400: signal-2
[rospy.internal][ERROR] 2021-09-06 10:59:58,399: Unable to initiate TCP/IP socket to wng:36163 (http://wng:38077/): Traceback (most recent call last):
  File "/opt/ros/melodic/lib/python2.7/dist-packages/rospy/impl/tcpros_base.py", line 562, in connect
    self.read_header()
  File "/opt/ros/melodic/lib/python2.7/dist-packages/rospy/impl/tcpros_base.py", line 657, in read_header
    self._validate_header(read_ros_handshake_header(sock, self.read_buff, self.protocol.buff_size))
  File "/opt/ros/melodic/lib/python2.7/dist-packages/rospy/impl/tcpros_base.py", line 600, in _validate_header
    raise TransportInitError("remote error reported: %s"%header['error'])
TransportInitError: remote error reported: node shutting down

[rospy.core][INFO] 2021-09-06 10:59:58,535: signal_shutdown [atexit]
[rospy.client][INFO] 2021-09-06 11:03:35,217: init_node, name[/server_endpoint], pid[28138]
[xmlrpc][INFO] 2021-09-06 11:03:35,218: XML-RPC server binding to 0.0.0.0:0
[xmlrpc][INFO] 2021-09-06 11:03:35,218: Started XML-RPC server [http://wng:44433/]
[rospy.init][INFO] 2021-09-06 11:03:35,218: ROS Slave URI: [http://wng:44433/]
[rospy.impl.masterslave][INFO] 2021-09-06 11:03:35,218: _ready: http://wng:44433/
[xmlrpc][INFO] 2021-09-06 11:03:35,218: xml rpc node: starting XML-RPC server
[rospy.registration][INFO] 2021-09-06 11:03:35,218: Registering with master node http://localhost:11311
[rospy.init][INFO] 2021-09-06 11:03:35,318: registered with master
[rospy.rosout][INFO] 2021-09-06 11:03:35,319: initializing /rosout core topic
[rospy.rosout][INFO] 2021-09-06 11:03:35,321: connected to core topic /rosout
[rospy.simtime][INFO] 2021-09-06 11:03:35,322: /use_sim_time is not set, will not subscribe to simulated time [/clock] topic
[rosout][INFO] 2021-09-06 11:03:35,339: Starting server on 192.168.1.146:10000
[rospy.internal][INFO] 2021-09-06 11:03:35,527: topic[/rosout] adding connection to [/rosout], count 0
[rospy.core][INFO] 2021-09-06 11:03:53,362: signal_shutdown [signal-2]
[rospy.internal][INFO] 2021-09-06 11:03:53,365: topic[/rosout] removing connection to /rosout
[rospy.impl.masterslave][INFO] 2021-09-06 11:03:53,365: signal-2
[rospy.core][INFO] 2021-09-06 11:03:53,498: signal_shutdown [atexit]
[rospy.client][INFO] 2021-09-06 11:04:02,118: init_node, name[/server_endpoint], pid[28362]
[xmlrpc][INFO] 2021-09-06 11:04:02,119: XML-RPC server binding to 0.0.0.0:0
[xmlrpc][INFO] 2021-09-06 11:04:02,119: Started XML-RPC server [http://wng:43917/]
[rospy.init][INFO] 2021-09-06 11:04:02,119: ROS Slave URI: [http://wng:43917/]
[rospy.impl.masterslave][INFO] 2021-09-06 11:04:02,119: _ready: http://wng:43917/
[rospy.registration][INFO] 2021-09-06 11:04:02,119: Registering with master node http://localhost:11311
[xmlrpc][INFO] 2021-09-06 11:04:02,119: xml rpc node: starting XML-RPC server
[rospy.init][INFO] 2021-09-06 11:04:02,219: registered with master
[rospy.rosout][INFO] 2021-09-06 11:04:02,219: initializing /rosout core topic
[rospy.rosout][INFO] 2021-09-06 11:04:02,220: connected to core topic /rosout
[rospy.simtime][INFO] 2021-09-06 11:04:02,221: /use_sim_time is not set, will not subscribe to simulated time [/clock] topic
[rosout][INFO] 2021-09-06 11:04:02,225: Starting server on 192.168.1.146:10000
[rospy.internal][INFO] 2021-09-06 11:04:02,432: topic[/rosout] adding connection to [/rosout], count 0
[rospy.core][INFO] 2021-09-06 11:04:21,006: signal_shutdown [signal-2]
[rospy.internal][INFO] 2021-09-06 11:04:21,008: topic[/rosout] removing connection to /rosout
[rospy.impl.masterslave][INFO] 2021-09-06 11:04:21,009: signal-2
[rospy.core][INFO] 2021-09-06 11:04:21,172: signal_shutdown [atexit]
[rospy.client][INFO] 2021-09-06 11:05:06,170: init_node, name[/server_endpoint], pid[28599]
[xmlrpc][INFO] 2021-09-06 11:05:06,171: XML-RPC server binding to 0.0.0.0:0
[xmlrpc][INFO] 2021-09-06 11:05:06,171: Started XML-RPC server [http://wng:34159/]
[rospy.init][INFO] 2021-09-06 11:05:06,171: ROS Slave URI: [http://wng:34159/]
[rospy.impl.masterslave][INFO] 2021-09-06 11:05:06,171: _ready: http://wng:34159/
[rospy.registration][INFO] 2021-09-06 11:05:06,171: Registering with master node http://localhost:11311
[xmlrpc][INFO] 2021-09-06 11:05:06,171: xml rpc node: starting XML-RPC server
[rospy.init][INFO] 2021-09-06 11:05:06,271: registered with master
[rospy.rosout][INFO] 2021-09-06 11:05:06,272: initializing /rosout core topic
[rospy.rosout][INFO] 2021-09-06 11:05:06,273: connected to core topic /rosout
[rospy.simtime][INFO] 2021-09-06 11:05:06,274: /use_sim_time is not set, will not subscribe to simulated time [/clock] topic
[rosout][INFO] 2021-09-06 11:05:06,285: Starting server on 192.168.1.146:10000
[rospy.internal][INFO] 2021-09-06 11:05:06,569: topic[/rosout] adding connection to [/rosout], count 0
[rosout][INFO] 2021-09-06 11:05:19,061: Connection from 192.168.1.146
[rosout][INFO] 2021-09-06 11:05:19,066: RegisterPublisher(execution_check, <class 'panda_move.msg._ExecutionCheck.ExecutionCheck'>) OK
[rospy.internal][INFO] 2021-09-06 11:05:19,112: topic[/execution_check] adding connection to [http://wng:34159/], count 0
[rospy.internal][INFO] 2021-09-06 11:05:19,117: topic[/execution_check] adding connection to [/server_endpoint], count 0
[rospy.core][INFO] 2021-09-06 11:35:59,466: signal_shutdown [signal-2]
[rospy.internal][INFO] 2021-09-06 11:35:59,472: topic[/execution_check] removing connection to /server_endpoint
[rospy.internal][INFO] 2021-09-06 11:35:59,472: topic[/rosout] removing connection to /rosout
[rospy.internal][INFO] 2021-09-06 11:35:59,472: topic[/execution_check] removing connection to http://wng:34159/
[rospy.impl.masterslave][INFO] 2021-09-06 11:35:59,473: signal-2
[rospy.internal][WARNING] 2021-09-06 11:35:59,477: Unknown error initiating TCP/IP socket to wng:34555 (http://wng:34159/): Traceback (most recent call last):
  File "/opt/ros/melodic/lib/python2.7/dist-packages/rospy/impl/tcpros_base.py", line 563, in connect
    self.local_endpoint = self.socket.getsockname()
AttributeError: 'NoneType' object has no attribute 'getsockname'

[rospy.core][INFO] 2021-09-06 11:36:00,087: signal_shutdown [atexit]
