[rospy.client][INFO] 2021-12-14 10:56:41,288: init_node, name[/joint_state_publisher], pid[22861]
[xmlrpc][INFO] 2021-12-14 10:56:41,289: XML-RPC server binding to 0.0.0.0:0
[xmlrpc][INFO] 2021-12-14 10:56:41,289: Started XML-RPC server [http://wng:43227/]
[rospy.init][INFO] 2021-12-14 10:56:41,289: ROS Slave URI: [http://wng:43227/]
[rospy.impl.masterslave][INFO] 2021-12-14 10:56:41,289: _ready: http://wng:43227/
[xmlrpc][INFO] 2021-12-14 10:56:41,289: xml rpc node: starting XML-RPC server
[rospy.registration][INFO] 2021-12-14 10:56:41,290: Registering with master node http://localhost:11311
[rospy.init][INFO] 2021-12-14 10:56:41,389: registered with master
[rospy.rosout][INFO] 2021-12-14 10:56:41,390: initializing /rosout core topic
[rospy.rosout][INFO] 2021-12-14 10:56:41,392: connected to core topic /rosout
[rospy.simtime][INFO] 2021-12-14 10:56:41,393: /use_sim_time is not set, will not subscribe to simulated time [/clock] topic
[rospy.internal][INFO] 2021-12-14 10:56:41,460: topic[/move_group/fake_controller_joint_states] adding connection to [http://wng:40691/], count 0
[rospy.internal][INFO] 2021-12-14 10:56:41,681: topic[/rosout] adding connection to [/rosout], count 0
[rospy.internal][INFO] 2021-12-14 10:56:41,681: topic[/joint_states] adding connection to [/joint_state_desired_publisher], count 0
[rospy.internal][INFO] 2021-12-14 10:56:41,682: topic[/joint_states] adding connection to [/robot_state_publisher], count 1
[rospy.internal][INFO] 2021-12-14 10:57:33,578: topic[/joint_states] adding connection to [/move_group_commander_wrappers_1639447021828034616], count 2
[rospy.core][INFO] 2021-12-14 10:59:39,692: signal_shutdown [signal-2]
[rospy.internal][INFO] 2021-12-14 10:59:39,697: topic[/joint_states] removing connection to /joint_state_desired_publisher
[rospy.internal][INFO] 2021-12-14 10:59:39,698: topic[/joint_states] removing connection to /robot_state_publisher
[rospy.internal][INFO] 2021-12-14 10:59:39,698: topic[/joint_states] removing connection to /move_group_commander_wrappers_1639447021828034616
[rospy.internal][INFO] 2021-12-14 10:59:39,698: topic[/rosout] removing connection to /rosout
[rospy.internal][INFO] 2021-12-14 10:59:39,699: topic[/move_group/fake_controller_joint_states] removing connection to http://wng:40691/
[rospy.impl.masterslave][INFO] 2021-12-14 10:59:39,699: signal-2
[rospy.core][INFO] 2021-12-14 10:59:39,830: signal_shutdown [atexit]
