[rospy.client][INFO] 2021-09-26 10:07:04,256: init_node, name[/joint_state_publisher], pid[28497]
[xmlrpc][INFO] 2021-09-26 10:07:04,256: XML-RPC server binding to 0.0.0.0:0
[xmlrpc][INFO] 2021-09-26 10:07:04,256: Started XML-RPC server [http://wng:46305/]
[rospy.init][INFO] 2021-09-26 10:07:04,257: ROS Slave URI: [http://wng:46305/]
[rospy.impl.masterslave][INFO] 2021-09-26 10:07:04,257: _ready: http://wng:46305/
[xmlrpc][INFO] 2021-09-26 10:07:04,257: xml rpc node: starting XML-RPC server
[rospy.registration][INFO] 2021-09-26 10:07:04,257: Registering with master node http://localhost:11311
[rospy.init][INFO] 2021-09-26 10:07:04,357: registered with master
[rospy.rosout][INFO] 2021-09-26 10:07:04,357: initializing /rosout core topic
[rospy.rosout][INFO] 2021-09-26 10:07:04,360: connected to core topic /rosout
[rospy.simtime][INFO] 2021-09-26 10:07:04,360: /use_sim_time is not set, will not subscribe to simulated time [/clock] topic
[rospy.internal][INFO] 2021-09-26 10:07:04,422: topic[/move_group/fake_controller_joint_states] adding connection to [http://wng:34541/], count 0
[rospy.internal][INFO] 2021-09-26 10:07:04,628: topic[/rosout] adding connection to [/rosout], count 0
[rospy.internal][INFO] 2021-09-26 10:07:04,629: topic[/joint_states] adding connection to [/joint_state_desired_publisher], count 0
[rospy.internal][INFO] 2021-09-26 10:07:04,629: topic[/joint_states] adding connection to [/robot_state_publisher], count 1
[rospy.core][INFO] 2021-09-26 10:07:29,741: signal_shutdown [signal-2]
[rospy.internal][INFO] 2021-09-26 10:07:29,745: topic[/joint_states] removing connection to /joint_state_desired_publisher
[rospy.internal][INFO] 2021-09-26 10:07:29,745: topic[/joint_states] removing connection to /robot_state_publisher
[rospy.internal][INFO] 2021-09-26 10:07:29,746: topic[/rosout] removing connection to /rosout
[rospy.internal][INFO] 2021-09-26 10:07:29,746: topic[/move_group/fake_controller_joint_states] removing connection to http://wng:34541/
[rospy.impl.masterslave][INFO] 2021-09-26 10:07:29,746: signal-2
[rospy.core][INFO] 2021-09-26 10:07:29,854: signal_shutdown [atexit]
