[rospy.client][INFO] 2021-09-26 10:07:04,716: init_node, name[/PandaMove], pid[28496]
[xmlrpc][INFO] 2021-09-26 10:07:04,717: XML-RPC server binding to 0.0.0.0:0
[xmlrpc][INFO] 2021-09-26 10:07:04,717: Started XML-RPC server [http://wng:44131/]
[rospy.impl.masterslave][INFO] 2021-09-26 10:07:04,717: _ready: http://wng:44131/
[rospy.init][INFO] 2021-09-26 10:07:04,717: ROS Slave URI: [http://wng:44131/]
[rospy.registration][INFO] 2021-09-26 10:07:04,718: Registering with master node http://localhost:11311
[xmlrpc][INFO] 2021-09-26 10:07:04,718: xml rpc node: starting XML-RPC server
[rospy.init][INFO] 2021-09-26 10:07:04,818: registered with master
[rospy.rosout][INFO] 2021-09-26 10:07:04,818: initializing /rosout core topic
[rospy.rosout][INFO] 2021-09-26 10:07:04,822: connected to core topic /rosout
[rospy.simtime][INFO] 2021-09-26 10:07:04,823: /use_sim_time is not set, will not subscribe to simulated time [/clock] topic
[rosout][INFO] 2021-09-26 10:07:04,878: pan, pan, None
[rosout][INFO] 2021-09-26 10:07:04,879: pot, pot, None
[rosout][INFO] 2021-09-26 10:07:04,879: plate, plate, None
[rosout][INFO] 2021-09-26 10:07:04,879: bowl, bowl, None
[rosout][INFO] 2021-09-26 10:07:04,880: spatula, spatula, None
[rosout][INFO] 2021-09-26 10:07:04,880: spreader, spreader, None
[rosout][INFO] 2021-09-26 10:07:04,881: scooper, scooper, None
[rosout][INFO] 2021-09-26 10:07:04,881: knife, knife, None
[rosout][INFO] 2021-09-26 10:07:04,882: table, table, None
[rosout][INFO] 2021-09-26 10:07:04,882: stove, stove, None
[rosout][INFO] 2021-09-26 10:07:04,883: cutting_board, cutting_board, None
[rosout][INFO] 2021-09-26 10:07:04,883: near_cutting_board, near_cutting_board, None
[rosout][INFO] 2021-09-26 10:07:04,884: onion, onion, ['exist']
[rosout][INFO] 2021-09-26 10:07:04,884: butter, butter, ['exist']
[rosout][INFO] 2021-09-26 10:07:04,885: cabbage, cabbage, ['exist']
[rosout][INFO] 2021-09-26 10:07:04,885: bread1, bread, ['exist']
[rosout][INFO] 2021-09-26 10:07:04,886: bread2, bread, ['exist']
[rosout][INFO] 2021-09-26 10:07:04,886: tuna, tuna, ['exist']
[rosout][INFO] 2021-09-26 10:07:04,887: sandwich, sandwich, []
[rosout][INFO] 2021-09-26 10:07:04,887: tuna_spread, tuna_spread, []
[rosout][INFO] 2021-09-26 10:07:04,888: salt, salt, ['exist']
[rosout][INFO] 2021-09-26 10:07:04,888: pepper, pepper, ['exist']
[rosout][INFO] 2021-09-26 10:07:04,889: mayonnaise, mayonnaise, ['exist']
[rosout][INFO] 2021-09-26 10:07:04,889: salt_bottle, salt_bottle, None
[rosout][INFO] 2021-09-26 10:07:04,890: pepper_bottle, pepper_bottle, None
[rosout][INFO] 2021-09-26 10:07:04,890: mayonnaise_bottle, mayonnaise_bottle, None
[rospy.internal][INFO] 2021-09-26 10:07:05,031: topic[/rosout] adding connection to [/rosout], count 0
[rospy.core][INFO] 2021-09-26 10:07:29,741: signal_shutdown [signal-2]
[rospy.internal][INFO] 2021-09-26 10:07:29,744: topic[/rosout] removing connection to /rosout
[rospy.impl.masterslave][INFO] 2021-09-26 10:07:29,744: signal-2
[rospy.core][INFO] 2021-09-26 10:07:44,771: signal_shutdown [signal-15]
