[rospy.client][INFO] 2021-09-06 14:47:57,090: init_node, name[/PandaMove], pid[22273]
[xmlrpc][INFO] 2021-09-06 14:47:57,093: XML-RPC server binding to 0.0.0.0:0
[xmlrpc][INFO] 2021-09-06 14:47:57,093: Started XML-RPC server [http://wng:37881/]
[rospy.impl.masterslave][INFO] 2021-09-06 14:47:57,093: _ready: http://wng:37881/
[rospy.init][INFO] 2021-09-06 14:47:57,097: ROS Slave URI: [http://wng:37881/]
[rospy.registration][INFO] 2021-09-06 14:47:57,101: Registering with master node http://localhost:11311
[xmlrpc][INFO] 2021-09-06 14:47:57,105: xml rpc node: starting XML-RPC server
[rospy.init][INFO] 2021-09-06 14:47:57,197: registered with master
[rospy.rosout][INFO] 2021-09-06 14:47:57,197: initializing /rosout core topic
[rospy.rosout][INFO] 2021-09-06 14:47:57,199: connected to core topic /rosout
[rospy.simtime][INFO] 2021-09-06 14:47:57,199: /use_sim_time is not set, will not subscribe to simulated time [/clock] topic
[rospy.internal][INFO] 2021-09-06 14:47:59,014: topic[/rosout] adding connection to [/rosout], count 0
[rospy.internal][INFO] 2021-09-06 14:47:59,061: topic[/collision_object] adding connection to [/move_group], count 0
[rospy.internal][INFO] 2021-09-06 14:47:59,061: topic[/attached_collision_object] adding connection to [/move_group], count 0
[rospy.internal][INFO] 2021-09-06 14:47:59,225: topic[/tf_static] adding connection to [/rviz_wng_22237_1704978670285103144], count 0
[rospy.internal][INFO] 2021-09-06 14:47:59,225: topic[/tf_static] adding connection to [/move_group], count 1
[rospy.internal][INFO] 2021-09-06 14:47:59,226: topic[/tf_static] adding connection to [/move_group_commander_wrappers_1630907277038367697], count 2
[rosout][INFO] 2021-09-06 14:47:59,230: wait for update_place_pose_state
[rospy.internal][INFO] 2021-09-06 14:47:59,457: topic[/action] adding connection to [/rviz_wng_22237_1704978670285103144], count 0
[rosout][INFO] 2021-09-06 14:47:59,934: pan
[rosout][INFO] 2021-09-06 14:47:59,951: wait for update_place_pose_state
[rosout][INFO] 2021-09-06 14:48:00,663: pot
[rosout][INFO] 2021-09-06 14:48:00,698: wait for update_place_pose_state
[rosout][INFO] 2021-09-06 14:48:01,427: plate
[rosout][INFO] 2021-09-06 14:48:01,441: wait for update_place_pose_state
[rosout][INFO] 2021-09-06 14:48:02,177: bowl
[rosout][INFO] 2021-09-06 14:48:02,204: wait for update_place_pose_state
[rosout][INFO] 2021-09-06 14:48:02,945: spatula
[rosout][INFO] 2021-09-06 14:48:02,953: wait for update_place_pose_state
[rosout][INFO] 2021-09-06 14:48:03,685: spreader
[rosout][INFO] 2021-09-06 14:48:03,705: wait for update_place_pose_state
[rosout][INFO] 2021-09-06 14:48:04,466: scooper
[rosout][INFO] 2021-09-06 14:48:04,485: wait for update_place_pose_state
[rosout][INFO] 2021-09-06 14:48:05,237: knife
[rosout][INFO] 2021-09-06 14:48:05,257: wait for update_place_pose_state
[rosout][INFO] 2021-09-06 14:48:05,997: cutting_board
[rosout][INFO] 2021-09-06 14:48:06,008: wait for update_place_pose_state
[rosout][INFO] 2021-09-06 14:48:06,742: tuna
[rosout][INFO] 2021-09-06 14:48:06,752: wait for update_place_pose_state
[rosout][INFO] 2021-09-06 14:48:07,500: onion
[rosout][INFO] 2021-09-06 14:48:07,517: wait for update_place_pose_state
[rosout][INFO] 2021-09-06 14:48:08,274: butter
[rosout][INFO] 2021-09-06 14:48:08,278: wait for update_place_pose_state
[rosout][INFO] 2021-09-06 14:48:09,046: celery
[rosout][INFO] 2021-09-06 14:48:09,054: wait for update_place_pose_state
[rosout][INFO] 2021-09-06 14:48:09,818: bread1
[rosout][INFO] 2021-09-06 14:48:09,830: wait for update_place_pose_state
[rosout][INFO] 2021-09-06 14:48:10,603: bread2
[rosout][INFO] 2021-09-06 14:48:10,610: wait for update_place_pose_state
[rosout][INFO] 2021-09-06 14:48:11,403: salt_bottle
[rosout][INFO] 2021-09-06 14:48:11,425: wait for update_place_pose_state
[rosout][INFO] 2021-09-06 14:48:12,193: relish_bottle
[rosout][INFO] 2021-09-06 14:48:12,212: wait for update_place_pose_state
[rosout][INFO] 2021-09-06 14:48:12,986: pepper_bottle
[rosout][INFO] 2021-09-06 14:48:13,006: wait for update_place_pose_state
[rosout][INFO] 2021-09-06 14:48:13,806: chopped_onion
[rosout][INFO] 2021-09-06 14:48:13,821: wait for update_place_pose_state
[rosout][INFO] 2021-09-06 14:48:14,620: chopped_tuna
[rosout][INFO] 2021-09-06 14:48:14,662: wait for update_place_pose_state
[rosout][INFO] 2021-09-06 14:48:15,438: chopped_sandwich
[rosout][INFO] 2021-09-06 14:48:15,460: wait for update_place_pose_state
[rosout][INFO] 2021-09-06 14:48:16,273: chopped_celery
[rosout][INFO] 2021-09-06 14:48:16,320: wait for update_place_pose_state
[rosout][INFO] 2021-09-06 14:48:17,111: relish_1
[rosout][INFO] 2021-09-06 14:48:17,129: wait for update_place_pose_state
[rosout][INFO] 2021-09-06 14:48:17,927: pepper_1
[rosout][INFO] 2021-09-06 14:48:17,938: wait for update_place_pose_state
[rosout][INFO] 2021-09-06 14:48:18,745: salt_1
[rosout][INFO] 2021-09-06 14:48:18,795: wait for update_place_pose_state
[rosout][INFO] 2021-09-06 14:48:19,611: tuna_spread
[rosout][INFO] 2021-09-06 14:48:19,625: wait for update_place_pose_state
[rosout][INFO] 2021-09-06 14:48:20,433: sandwich
[rospy.core][INFO] 2021-09-06 14:48:27,472: signal_shutdown [signal-2]
[rospy.internal][INFO] 2021-09-06 14:48:27,476: topic[/collision_object] removing connection to /move_group
[rospy.internal][INFO] 2021-09-06 14:48:27,476: topic[/rosout] removing connection to /rosout
[rospy.internal][INFO] 2021-09-06 14:48:27,477: topic[/tf_static] removing connection to /rviz_wng_22237_1704978670285103144
[rospy.internal][INFO] 2021-09-06 14:48:27,477: topic[/tf_static] removing connection to /move_group
[rospy.internal][INFO] 2021-09-06 14:48:27,477: topic[/tf_static] removing connection to /move_group_commander_wrappers_1630907277038367697
[rospy.internal][INFO] 2021-09-06 14:48:27,477: topic[/attached_collision_object] removing connection to /move_group
[rospy.internal][INFO] 2021-09-06 14:48:27,477: topic[/action] removing connection to /rviz_wng_22237_1704978670285103144
[rospy.impl.masterslave][INFO] 2021-09-06 14:48:27,477: signal-2
[rospy.core][INFO] 2021-09-06 14:48:42,498: signal_shutdown [signal-15]
