

1630907260.468568695  Node Startup
1630907260.835987559 INFO /move_group [/tmp/binarydeb/ros-melodic-moveit-ros-move-group-1.0.7/src/move_group_context.cpp:85(MoveGroupContext::status)] [topics: /rosout, /move_group/planning_scene_monitor/parameter_descriptions, /move_group/planning_scene_monitor/parameter_updates, /move_group/monitored_planning_scene, /move_group/filtered_cloud, /move_group/ompl/parameter_descriptions, /move_group/ompl/parameter_updates, /move_group/display_planned_path, /move_group/display_contacts, /move_group/fake_controller_joint_states, /move_group/trajectory_execution/parameter_descriptions, /move_group/trajectory_execution/parameter_updates, /move_group/plan_execution/parameter_descriptions, /move_group/plan_execution/parameter_updates, /move_group/sense_for_plan/parameter_descriptions, /move_group/sense_for_plan/parameter_updates, /move_group/display_cost_sources, /move_group/motion_plan_request, /execute_trajectory/result, /execute_trajectory/feedback, /execute_trajectory/status, /move_group/result, /move_group/feedback, /move_group/status, /move_group/display_grasp_markers, /pickup/result, /pickup/feedback, /pickup/status, /place/result, /place/feedback, /place/status] MoveGroup context initialization complete
1630907260.750474615 INFO /rviz_wng_22237_1704978670285103144 [/tmp/binarydeb/ros-melodic-rviz-1.13.17/src/rviz/ogre_helpers/render_system.cpp:85(RenderSystem::forceGlVersion)] [topics: /rosout] Forcing OpenGl version 0.
1630907261.178403384 INFO /rviz_wng_22237_1704978670285103144 [/tmp/binarydeb/ros-melodic-rviz-1.13.17/src/rviz/ogre_helpers/render_system.cpp:462(RenderWindow* rviz::RenderSystem::makeRenderWindow)] [topics: /rosout] Stereo is NOT SUPPORTED
1630907261.178479802 INFO /rviz_wng_22237_1704978670285103144 [/tmp/binarydeb/ros-melodic-rviz-1.13.17/src/rviz/ogre_helpers/render_system.cpp:183(RenderSystem::detectGlVersion)] [topics: /rosout] OpenGL device: llvmpipe (LLVM 10.0.0, 256 bits)
1630907261.178500032 INFO /rviz_wng_22237_1704978670285103144 [/tmp/binarydeb/ros-melodic-rviz-1.13.17/src/rviz/ogre_helpers/render_system.cpp:230(RenderSystem::detectGlVersion)] [topics: /rosout] OpenGl version: 3.1 (GLSL 1.4).
1630907261.219311705 INFO /joint_state_desired_publisher [/tmp/binarydeb/ros-melodic-topic-tools-1.14.11/src/relay.cpp:101(MessageEvent<topic_tools::ShapeShifter>&))] [topics: /rosout, /joint_states_desired] advertised as joint_states_desired

1630907261.423949956 INFO /server_endpoint [server.py:78(TcpServer.listen_loop)] [topics: /execution_check, /rosout] Starting server on 192.168.1.146:10000
1630907264.392844803 INFO /rviz_wng_22237_1704978670285103144 [/tmp/binarydeb/ros-melodic-moveit-core-1.0.7/robot_model/src/robot_model.cpp:92(core::RobotModel::buildModel)] [topics: /rosout, /planning_scene, /planning_scene_world, /feedback] Loading robot model 'panda'...
1630907264.392884876 INFO /rviz_wng_22237_1704978670285103144 [/tmp/binarydeb/ros-melodic-moveit-core-1.0.7/robot_model/src/robot_model.cpp:951(core::JointModel* moveit::core::RobotModel::constructJointModel)] [topics: /rosout, /planning_scene, /planning_scene_world, /feedback] No root/virtual joint specified in SRDF. Assuming fixed joint
1630907264.451049033 INFO /rviz_wng_22237_1704978670285103144 [/tmp/binarydeb/ros-melodic-moveit-ros-planning-1.0.7/planning_scene_monitor/src/planning_scene_monitor.cpp:987(PlanningSceneMonitor::startSceneMonitor)] [topics: /rosout, /planning_scene, /planning_scene_world, /feedback, /rviz_wng_22237_1704978670285103144/motionplanning_planning_scene_monitor/parameter_descriptions, /rviz_wng_22237_1704978670285103144/motionplanning_planning_scene_monitor/parameter_updates] Starting planning scene monitor
1630907264.452583248 INFO /rviz_wng_22237_1704978670285103144 [/tmp/binarydeb/ros-melodic-moveit-ros-planning-1.0.7/planning_scene_monitor/src/planning_scene_monitor.cpp:993(PlanningSceneMonitor::startSceneMonitor)] [topics: /rosout, /planning_scene, /planning_scene_world, /feedback, /rviz_wng_22237_1704978670285103144/motionplanning_planning_scene_monitor/parameter_descriptions, /rviz_wng_22237_1704978670285103144/motionplanning_planning_scene_monitor/parameter_updates] Listening to '/move_group/monitored_planning_scene'
1630907264.685561999 INFO /rviz_wng_22237_1704978670285103144 [/tmp/binarydeb/ros-melodic-moveit-ros-visualization-1.0.7/motion_planning_rviz_plugin/src/motion_planning_frame.cpp:361(MotionPlanningFrame::changePlanningGroupHelper)] [topics: /rosout, /planning_scene, /planning_scene_world, /rviz_wng_22237_1704978670285103144/motionplanning_planning_scene_monitor/parameter_descriptions, /rviz_wng_22237_1704978670285103144/motionplanning_planning_scene_monitor/parameter_updates, /rviz_moveit_motion_planning_display/robot_interaction_interactive_marker_topic/update_full, /rviz_moveit_motion_planning_display/robot_interaction_interactive_marker_topic/update, /rviz_moveit_motion_planning_display/robot_interaction_interactive_marker_topic/feedback] Constructing new MoveGroup connection for group 'panda_arm' in namespace ''
1630907265.897514967 INFO /rviz_wng_22237_1704978670285103144 [/tmp/binarydeb/ros-melodic-moveit-ros-planning-interface-1.0.7/move_group_interface/src/move_group_interface.cpp:176(planning_interface::MoveGroupInterface::MoveGroupInterfaceImpl::MoveGroupInterfaceImpl)] [topics: /rosout, /planning_scene, /planning_scene_world, /rviz_wng_22237_1704978670285103144/motionplanning_planning_scene_monitor/parameter_descriptions, /rviz_wng_22237_1704978670285103144/motionplanning_planning_scene_monitor/parameter_updates, /rviz_moveit_motion_planning_display/robot_interaction_interactive_marker_topic/update_full, /rviz_moveit_motion_planning_display/robot_interaction_interactive_marker_topic/update, /rviz_moveit_motion_planning_display/robot_interaction_interactive_marker_topic/feedback, /trajectory_execution_event, /attached_collision_object, /move_group/goal, /move_group/cancel, /pickup/goal, /pickup/cancel, /place/goal, /place/cancel, /execute_trajectory/goal, /execute_trajectory/cancel] Ready to take commands for planning group panda_arm.
1630907265.897626431 INFO /rviz_wng_22237_1704978670285103144 [/tmp/binarydeb/ros-melodic-moveit-ros-planning-interface-1.0.7/move_group_interface/src/move_group_interface.cpp:980(planning_interface::MoveGroupInterface::MoveGroupInterfaceImpl::allowLooking)] [topics: /rosout, /planning_scene, /planning_scene_world, /rviz_wng_22237_1704978670285103144/motionplanning_planning_scene_monitor/parameter_descriptions, /rviz_wng_22237_1704978670285103144/motionplanning_planning_scene_monitor/parameter_updates, /rviz_moveit_motion_planning_display/robot_interaction_interactive_marker_topic/update_full, /rviz_moveit_motion_planning_display/robot_interaction_interactive_marker_topic/update, /rviz_moveit_motion_planning_display/robot_interaction_interactive_marker_topic/feedback, /trajectory_execution_event, /attached_collision_object, /move_group/goal, /move_group/cancel, /pickup/goal, /pickup/cancel, /place/goal, /place/cancel, /execute_trajectory/goal, /execute_trajectory/cancel] Looking around: no
1630907265.897660175 INFO /rviz_wng_22237_1704978670285103144 [/tmp/binarydeb/ros-melodic-moveit-ros-planning-interface-1.0.7/move_group_interface/src/move_group_interface.cpp:986(planning_interface::MoveGroupInterface::MoveGroupInterfaceImpl::allowReplanning)] [topics: /rosout, /planning_scene, /planning_scene_world, /rviz_wng_22237_1704978670285103144/motionplanning_planning_scene_monitor/parameter_descriptions, /rviz_wng_22237_1704978670285103144/motionplanning_planning_scene_monitor/parameter_updates, /rviz_moveit_motion_planning_display/robot_interaction_interactive_marker_topic/update_full, /rviz_moveit_motion_planning_display/robot_interaction_interactive_marker_topic/update, /rviz_moveit_motion_planning_display/robot_interaction_interactive_marker_topic/feedback, /trajectory_execution_event, /attached_collision_object, /move_group/goal, /move_group/cancel, /pickup/goal, /pickup/cancel, /place/goal, /place/cancel, /execute_trajectory/goal, /execute_trajectory/cancel] Replanning: no
1630907271.794070959 INFO /server_endpoint [client.py:163(ClientThread.run)] [topics: /execution_check, /rosout] Connection from 192.168.1.146
1630907271.799037933 INFO /server_endpoint [server.py:165(SysCommands.publish)] [topics: /execution_check, /rosout] RegisterPublisher(execution_check, <class 'panda_move.msg._ExecutionCheck.ExecutionCheck'>) OK
1630907277.211304585 INFO /move_group_commander_wrappers_1630907277038367697 [/tmp/binarydeb/ros-melodic-moveit-core-1.0.7/robot_model/src/robot_model.cpp:92(core::RobotModel::buildModel)] [topics: /rosout] Loading robot model 'panda'...
1630907277.211961518 INFO /move_group_commander_wrappers_1630907277038367697 [/tmp/binarydeb/ros-melodic-moveit-core-1.0.7/robot_model/src/robot_model.cpp:951(core::JointModel* moveit::core::RobotModel::constructJointModel)] [topics: /rosout] No root/virtual joint specified in SRDF. Assuming fixed joint
1630907278.419042932 INFO /move_group_commander_wrappers_1630907277038367697 [/tmp/binarydeb/ros-melodic-moveit-ros-planning-interface-1.0.7/move_group_interface/src/move_group_interface.cpp:176(planning_interface::MoveGroupInterface::MoveGroupInterfaceImpl::MoveGroupInterfaceImpl)] [topics: /rosout, /planning_scene, /trajectory_execution_event, /attached_collision_object, /move_group/goal, /move_group/cancel, /pickup/goal, /pickup/cancel, /place/goal, /place/cancel, /execute_trajectory/goal, /execute_trajectory/cancel] Ready to take commands for planning group panda_arm.
1630907279.013025014 INFO /move_group_commander_wrappers_1630907277038367697 [/tmp/binarydeb/ros-melodic-moveit-ros-planning-interface-1.0.7/move_group_interface/src/move_group_interface.cpp:176(planning_interface::MoveGroupInterface::MoveGroupInterfaceImpl::MoveGroupInterfaceImpl)] [topics: /rosout, /planning_scene, /trajectory_execution_event, /attached_collision_object, /move_group/goal, /move_group/cancel, /pickup/goal, /pickup/cancel, /place/goal, /place/cancel, /execute_trajectory/goal, /execute_trajectory/cancel] Ready to take commands for planning group hand.
1630907279.231554031 INFO /PandaMove [object_level_motion.py:265(ObjectLevelMotion._update_place_pose_state)] [topics: /tf_static, /collision_object, /attached_collision_object, /waypoints, /rosout, /action] wait for update_place_pose_state
1630907279.935422897 INFO /PandaMove [object_level_motion.py:254(ObjectLevelMotion._arrange)] [topics: /tf_static, /collision_object, /attached_collision_object, /waypoints, /rosout, /action] pan
1630907279.958463907 INFO /PandaMove [object_level_motion.py:265(ObjectLevelMotion._update_place_pose_state)] [topics: /tf_static, /collision_object, /attached_collision_object, /waypoints, /rosout, /action] wait for update_place_pose_state
1630907280.664779901 INFO /PandaMove [object_level_motion.py:254(ObjectLevelMotion._arrange)] [topics: /tf_static, /collision_object, /attached_collision_object, /waypoints, /rosout, /action] pot
1630907280.698973894 INFO /PandaMove [object_level_motion.py:265(ObjectLevelMotion._update_place_pose_state)] [topics: /tf_static, /collision_object, /attached_collision_object, /waypoints, /rosout, /action] wait for update_place_pose_state
1630907281.428167104 INFO /PandaMove [object_level_motion.py:254(ObjectLevelMotion._arrange)] [topics: /tf_static, /collision_object, /attached_collision_object, /waypoints, /rosout, /action] plate
1630907281.442159891 INFO /PandaMove [object_level_motion.py:265(ObjectLevelMotion._update_place_pose_state)] [topics: /tf_static, /collision_object, /attached_collision_object, /waypoints, /rosout, /action] wait for update_place_pose_state
1630907282.178699970 INFO /PandaMove [object_level_motion.py:254(ObjectLevelMotion._arrange)] [topics: /tf_static, /collision_object, /attached_collision_object, /waypoints, /rosout, /action] bowl
1630907282.205275058 INFO /PandaMove [object_level_motion.py:265(ObjectLevelMotion._update_place_pose_state)] [topics: /tf_static, /collision_object, /attached_collision_object, /waypoints, /rosout, /action] wait for update_place_pose_state
1630907282.946799039 INFO /PandaMove [object_level_motion.py:254(ObjectLevelMotion._arrange)] [topics: /tf_static, /collision_object, /attached_collision_object, /waypoints, /rosout, /action] spatula
1630907282.954087018 INFO /PandaMove [object_level_motion.py:265(ObjectLevelMotion._update_place_pose_state)] [topics: /tf_static, /collision_object, /attached_collision_object, /waypoints, /rosout, /action] wait for update_place_pose_state
1630907283.686516046 INFO /PandaMove [object_level_motion.py:254(ObjectLevelMotion._arrange)] [topics: /tf_static, /collision_object, /attached_collision_object, /waypoints, /rosout, /action] spreader
1630907283.706546068 INFO /PandaMove [object_level_motion.py:265(ObjectLevelMotion._update_place_pose_state)] [topics: /tf_static, /collision_object, /attached_collision_object, /waypoints, /rosout, /action] wait for update_place_pose_state
1630907284.467196941 INFO /PandaMove [object_level_motion.py:254(ObjectLevelMotion._arrange)] [topics: /tf_static, /collision_object, /attached_collision_object, /waypoints, /rosout, /action] scooper
1630907284.486526966 INFO /PandaMove [object_level_motion.py:265(ObjectLevelMotion._update_place_pose_state)] [topics: /tf_static, /collision_object, /attached_collision_object, /waypoints, /rosout, /action] wait for update_place_pose_state
1630907285.239029884 INFO /PandaMove [object_level_motion.py:254(ObjectLevelMotion._arrange)] [topics: /tf_static, /collision_object, /attached_collision_object, /waypoints, /rosout, /action] knife
1630907285.258361101 INFO /PandaMove [object_level_motion.py:265(ObjectLevelMotion._update_place_pose_state)] [topics: /tf_static, /collision_object, /attached_collision_object, /waypoints, /rosout, /action] wait for update_place_pose_state
1630907285.998747110 INFO /PandaMove [object_level_motion.py:254(ObjectLevelMotion._arrange)] [topics: /tf_static, /collision_object, /attached_collision_object, /waypoints, /rosout, /action] cutting_board
1630907286.010042905 INFO /PandaMove [object_level_motion.py:265(ObjectLevelMotion._update_place_pose_state)] [topics: /tf_static, /collision_object, /attached_collision_object, /waypoints, /rosout, /action] wait for update_place_pose_state
1630907286.744208097 INFO /PandaMove [object_level_motion.py:254(ObjectLevelMotion._arrange)] [topics: /tf_static, /collision_object, /attached_collision_object, /waypoints, /rosout, /action] tuna
1630907286.753380060 INFO /PandaMove [object_level_motion.py:265(ObjectLevelMotion._update_place_pose_state)] [topics: /tf_static, /collision_object, /attached_collision_object, /waypoints, /rosout, /action] wait for update_place_pose_state
1630907287.501904964 INFO /PandaMove [object_level_motion.py:254(ObjectLevelMotion._arrange)] [topics: /tf_static, /collision_object, /attached_collision_object, /waypoints, /rosout, /action] onion
1630907287.518774986 INFO /PandaMove [object_level_motion.py:265(ObjectLevelMotion._update_place_pose_state)] [topics: /tf_static, /collision_object, /attached_collision_object, /waypoints, /rosout, /action] wait for update_place_pose_state
1630907288.276010036 INFO /PandaMove [object_level_motion.py:254(ObjectLevelMotion._arrange)] [topics: /tf_static, /collision_object, /attached_collision_object, /waypoints, /rosout, /action] butter
1630907288.279099941 INFO /PandaMove [object_level_motion.py:265(ObjectLevelMotion._update_place_pose_state)] [topics: /tf_static, /collision_object, /attached_collision_object, /waypoints, /rosout, /action] wait for update_place_pose_state
1630907289.047858953 INFO /PandaMove [object_level_motion.py:254(ObjectLevelMotion._arrange)] [topics: /tf_static, /collision_object, /attached_collision_object, /waypoints, /rosout, /action] celery
1630907289.055310010 INFO /PandaMove [object_level_motion.py:265(ObjectLevelMotion._update_place_pose_state)] [topics: /tf_static, /collision_object, /attached_collision_object, /waypoints, /rosout, /action] wait for update_place_pose_state
1630907289.819580078 INFO /PandaMove [object_level_motion.py:254(ObjectLevelMotion._arrange)] [topics: /tf_static, /collision_object, /attached_collision_object, /waypoints, /rosout, /action] bread1
1630907289.831727027 INFO /PandaMove [object_level_motion.py:265(ObjectLevelMotion._update_place_pose_state)] [topics: /tf_static, /collision_object, /attached_collision_object, /waypoints, /rosout, /action] wait for update_place_pose_state
1630907290.604536056 INFO /PandaMove [object_level_motion.py:254(ObjectLevelMotion._arrange)] [topics: /tf_static, /collision_object, /attached_collision_object, /waypoints, /rosout, /action] bread2
1630907290.612237930 INFO /PandaMove [object_level_motion.py:265(ObjectLevelMotion._update_place_pose_state)] [topics: /tf_static, /collision_object, /attached_collision_object, /waypoints, /rosout, /action] wait for update_place_pose_state
1630907291.404069900 INFO /PandaMove [object_level_motion.py:254(ObjectLevelMotion._arrange)] [topics: /tf_static, /collision_object, /attached_collision_object, /waypoints, /rosout, /action] salt_bottle
1630907291.427031993 INFO /PandaMove [object_level_motion.py:265(ObjectLevelMotion._update_place_pose_state)] [topics: /tf_static, /collision_object, /attached_collision_object, /waypoints, /rosout, /action] wait for update_place_pose_state
1630907292.194324016 INFO /PandaMove [object_level_motion.py:254(ObjectLevelMotion._arrange)] [topics: /tf_static, /collision_object, /attached_collision_object, /waypoints, /rosout, /action] relish_bottle
1630907292.214080095 INFO /PandaMove [object_level_motion.py:265(ObjectLevelMotion._update_place_pose_state)] [topics: /tf_static, /collision_object, /attached_collision_object, /waypoints, /rosout, /action] wait for update_place_pose_state
1630907292.987809896 INFO /PandaMove [object_level_motion.py:254(ObjectLevelMotion._arrange)] [topics: /tf_static, /collision_object, /attached_collision_object, /waypoints, /rosout, /action] pepper_bottle
1630907293.007431983 INFO /PandaMove [object_level_motion.py:265(ObjectLevelMotion._update_place_pose_state)] [topics: /tf_static, /collision_object, /attached_collision_object, /waypoints, /rosout, /action] wait for update_place_pose_state
1630907293.807421922 INFO /PandaMove [object_level_motion.py:254(ObjectLevelMotion._arrange)] [topics: /tf_static, /collision_object, /attached_collision_object, /waypoints, /rosout, /action] chopped_onion
1630907293.822348117 INFO /PandaMove [object_level_motion.py:265(ObjectLevelMotion._update_place_pose_state)] [topics: /tf_static, /collision_object, /attached_collision_object, /waypoints, /rosout, /action] wait for update_place_pose_state
1630907294.621536016 INFO /PandaMove [object_level_motion.py:254(ObjectLevelMotion._arrange)] [topics: /tf_static, /collision_object, /attached_collision_object, /waypoints, /rosout, /action] chopped_tuna
1630907294.662996053 INFO /PandaMove [object_level_motion.py:265(ObjectLevelMotion._update_place_pose_state)] [topics: /tf_static, /collision_object, /attached_collision_object, /waypoints, /rosout, /action] wait for update_place_pose_state
1630907295.439549922 INFO /PandaMove [object_level_motion.py:254(ObjectLevelMotion._arrange)] [topics: /tf_static, /collision_object, /attached_collision_object, /waypoints, /rosout, /action] chopped_sandwich
1630907295.461620092 INFO /PandaMove [object_level_motion.py:265(ObjectLevelMotion._update_place_pose_state)] [topics: /tf_static, /collision_object, /attached_collision_object, /waypoints, /rosout, /action] wait for update_place_pose_state
1630907296.274090051 INFO /PandaMove [object_level_motion.py:254(ObjectLevelMotion._arrange)] [topics: /tf_static, /collision_object, /attached_collision_object, /waypoints, /rosout, /action] chopped_celery
1630907296.325606107 INFO /PandaMove [object_level_motion.py:265(ObjectLevelMotion._update_place_pose_state)] [topics: /tf_static, /collision_object, /attached_collision_object, /waypoints, /rosout, /action] wait for update_place_pose_state
1630907297.117503881 INFO /PandaMove [object_level_motion.py:254(ObjectLevelMotion._arrange)] [topics: /tf_static, /collision_object, /attached_collision_object, /waypoints, /rosout, /action] relish_1
1630907297.130465030 INFO /PandaMove [object_level_motion.py:265(ObjectLevelMotion._update_place_pose_state)] [topics: /tf_static, /collision_object, /attached_collision_object, /waypoints, /rosout, /action] wait for update_place_pose_state
1630907297.928334951 INFO /PandaMove [object_level_motion.py:254(ObjectLevelMotion._arrange)] [topics: /tf_static, /collision_object, /attached_collision_object, /waypoints, /rosout, /action] pepper_1
1630907297.939421892 INFO /PandaMove [object_level_motion.py:265(ObjectLevelMotion._update_place_pose_state)] [topics: /tf_static, /collision_object, /attached_collision_object, /waypoints, /rosout, /action] wait for update_place_pose_state
1630907298.746926069 INFO /PandaMove [object_level_motion.py:254(ObjectLevelMotion._arrange)] [topics: /tf_static, /collision_object, /attached_collision_object, /waypoints, /rosout, /action] salt_1
1630907298.796888113 INFO /PandaMove [object_level_motion.py:265(ObjectLevelMotion._update_place_pose_state)] [topics: /tf_static, /collision_object, /attached_collision_object, /waypoints, /rosout, /action] wait for update_place_pose_state
1630907299.612464904 INFO /PandaMove [object_level_motion.py:254(ObjectLevelMotion._arrange)] [topics: /tf_static, /collision_object, /attached_collision_object, /waypoints, /rosout, /action] tuna_spread
1630907299.626297950 INFO /PandaMove [object_level_motion.py:265(ObjectLevelMotion._update_place_pose_state)] [topics: /tf_static, /collision_object, /attached_collision_object, /waypoints, /rosout, /action] wait for update_place_pose_state
1630907300.434912919 INFO /PandaMove [object_level_motion.py:254(ObjectLevelMotion._arrange)] [topics: /tf_static, /collision_object, /attached_collision_object, /waypoints, /rosout, /action] sandwich
