[rospy.client][INFO] 2021-09-06 14:47:41,305: init_node, name[/server_endpoint], pid[22272]
[xmlrpc][INFO] 2021-09-06 14:47:41,306: XML-RPC server binding to 0.0.0.0:0
[xmlrpc][INFO] 2021-09-06 14:47:41,306: Started XML-RPC server [http://wng:41989/]
[rospy.init][INFO] 2021-09-06 14:47:41,306: ROS Slave URI: [http://wng:41989/]
[rospy.impl.masterslave][INFO] 2021-09-06 14:47:41,306: _ready: http://wng:41989/
[rospy.registration][INFO] 2021-09-06 14:47:41,306: Registering with master node http://localhost:11311
[xmlrpc][INFO] 2021-09-06 14:47:41,306: xml rpc node: starting XML-RPC server
[rospy.init][INFO] 2021-09-06 14:47:41,406: registered with master
[rospy.rosout][INFO] 2021-09-06 14:47:41,407: initializing /rosout core topic
[rospy.rosout][INFO] 2021-09-06 14:47:41,408: connected to core topic /rosout
[rospy.simtime][INFO] 2021-09-06 14:47:41,409: /use_sim_time is not set, will not subscribe to simulated time [/clock] topic
[rosout][INFO] 2021-09-06 14:47:41,422: Starting server on 192.168.1.146:10000
[rospy.internal][INFO] 2021-09-06 14:47:41,682: topic[/rosout] adding connection to [/rosout], count 0
[rosout][INFO] 2021-09-06 14:47:51,793: Connection from 192.168.1.146
[rosout][INFO] 2021-09-06 14:47:51,798: RegisterPublisher(execution_check, <class 'panda_move.msg._ExecutionCheck.ExecutionCheck'>) OK
[rospy.internal][INFO] 2021-09-06 14:47:51,842: topic[/execution_check] adding connection to [http://wng:41989/], count 0
[rospy.internal][INFO] 2021-09-06 14:47:51,843: topic[/execution_check] adding connection to [/server_endpoint], count 0
[rospy.core][INFO] 2021-09-06 14:48:27,472: signal_shutdown [signal-2]
[rospy.internal][INFO] 2021-09-06 14:48:27,476: topic[/execution_check] removing connection to /server_endpoint
[rospy.internal][INFO] 2021-09-06 14:48:27,476: topic[/rosout] removing connection to /rosout
[rospy.internal][INFO] 2021-09-06 14:48:27,476: topic[/execution_check] removing connection to http://wng:41989/
[rospy.impl.masterslave][INFO] 2021-09-06 14:48:27,476: signal-2
[rospy.core][INFO] 2021-09-06 14:48:27,592: signal_shutdown [atexit]
