[rospy.client][INFO] 2021-11-25 09:55:22,505: init_node, name[/joint_state_publisher], pid[18515]
[xmlrpc][INFO] 2021-11-25 09:55:22,505: XML-RPC server binding to 0.0.0.0:0
[xmlrpc][INFO] 2021-11-25 09:55:22,506: Started XML-RPC server [http://wng:45509/]
[rospy.init][INFO] 2021-11-25 09:55:22,506: ROS Slave URI: [http://wng:45509/]
[rospy.impl.masterslave][INFO] 2021-11-25 09:55:22,506: _ready: http://wng:45509/
[xmlrpc][INFO] 2021-11-25 09:55:22,506: xml rpc node: starting XML-RPC server
[rospy.registration][INFO] 2021-11-25 09:55:22,511: Registering with master node http://localhost:11311
[rospy.init][INFO] 2021-11-25 09:55:22,606: registered with master
[rospy.rosout][INFO] 2021-11-25 09:55:22,606: initializing /rosout core topic
[rospy.rosout][INFO] 2021-11-25 09:55:22,608: connected to core topic /rosout
[rospy.simtime][INFO] 2021-11-25 09:55:22,608: /use_sim_time is not set, will not subscribe to simulated time [/clock] topic
[rospy.internal][INFO] 2021-11-25 09:55:22,634: topic[/move_group/fake_controller_joint_states] adding connection to [http://wng:43345/], count 0
[rospy.internal][INFO] 2021-11-25 09:55:22,884: topic[/rosout] adding connection to [/rosout], count 0
[rospy.internal][INFO] 2021-11-25 09:55:22,885: topic[/joint_states] adding connection to [/robot_state_publisher], count 0
[rospy.internal][INFO] 2021-11-25 09:55:22,913: topic[/joint_states] adding connection to [/joint_state_desired_publisher], count 1
[rospy.internal][INFO] 2021-11-25 09:56:03,697: topic[/joint_states] adding connection to [/move_group_commander_wrappers_1637801729858652758], count 2
[rospy.internal][INFO] 2021-11-25 10:28:03,636: topic[/joint_states] removing connection to /move_group_commander_wrappers_1637801729858652758
[rospy.core][INFO] 2021-11-25 10:28:07,403: signal_shutdown [signal-2]
[rospy.internal][INFO] 2021-11-25 10:28:07,405: topic[/joint_states] removing connection to /robot_state_publisher
[rospy.internal][INFO] 2021-11-25 10:28:07,405: topic[/joint_states] removing connection to /joint_state_desired_publisher
[rospy.internal][INFO] 2021-11-25 10:28:07,411: topic[/rosout] removing connection to /rosout
[rospy.internal][INFO] 2021-11-25 10:28:07,411: topic[/move_group/fake_controller_joint_states] removing connection to http://wng:43345/
[rospy.internal][WARNING] 2021-11-25 10:28:07,411: Unknown error initiating TCP/IP socket to wng:57843 (http://wng:43345/): Traceback (most recent call last):
  File "/opt/ros/melodic/lib/python2.7/dist-packages/rospy/impl/tcpros_base.py", line 562, in connect
    self.read_header()
  File "/opt/ros/melodic/lib/python2.7/dist-packages/rospy/impl/tcpros_base.py", line 657, in read_header
    self._validate_header(read_ros_handshake_header(sock, self.read_buff, self.protocol.buff_size))
AttributeError: 'NoneType' object has no attribute 'buff_size'

[rospy.topics][ERROR] 2021-11-25 10:28:07,419: Traceback (most recent call last):
  File "/opt/ros/melodic/lib/python2.7/dist-packages/rospy/topics.py", line 326, in close
    c.close()
  File "/opt/ros/melodic/lib/python2.7/dist-packages/rospy/impl/tcpros_base.py", line 846, in close
    self.socket.close()
AttributeError: 'NoneType' object has no attribute 'close'

[rospy.impl.masterslave][INFO] 2021-11-25 10:28:07,419: signal-2
[rospy.core][INFO] 2021-11-25 10:28:07,527: signal_shutdown [atexit]
