[rospy.client][INFO] 2021-11-25 09:55:22,851: init_node, name[/server_endpoint], pid[18513]
[xmlrpc][INFO] 2021-11-25 09:55:22,851: XML-RPC server binding to 0.0.0.0:0
[xmlrpc][INFO] 2021-11-25 09:55:22,851: Started XML-RPC server [http://wng:45445/]
[rospy.init][INFO] 2021-11-25 09:55:22,852: ROS Slave URI: [http://wng:45445/]
[rospy.impl.masterslave][INFO] 2021-11-25 09:55:22,852: _ready: http://wng:45445/
[rospy.registration][INFO] 2021-11-25 09:55:22,852: Registering with master node http://localhost:11311
[xmlrpc][INFO] 2021-11-25 09:55:22,852: xml rpc node: starting XML-RPC server
[rospy.init][INFO] 2021-11-25 09:55:22,952: registered with master
[rospy.rosout][INFO] 2021-11-25 09:55:22,952: initializing /rosout core topic
[rospy.rosout][INFO] 2021-11-25 09:55:22,953: connected to core topic /rosout
[rospy.simtime][INFO] 2021-11-25 09:55:22,953: /use_sim_time is not set, will not subscribe to simulated time [/clock] topic
[rosout][INFO] 2021-11-25 09:55:22,957: Starting server on 192.168.1.146:10000
[rospy.internal][INFO] 2021-11-25 09:55:23,186: topic[/rosout] adding connection to [/rosout], count 0
[rosout][INFO] 2021-11-25 09:55:54,883: Connection from 192.168.1.146
[rosout][INFO] 2021-11-25 09:55:54,887: RegisterPublisher(execution_check, <class 'panda_move.msg._ExecutionCheck.ExecutionCheck'>) OK
[rospy.internal][INFO] 2021-11-25 09:55:54,942: topic[/execution_check] adding connection to [http://wng:45445/], count 0
[rospy.internal][INFO] 2021-11-25 09:55:54,943: topic[/execution_check] adding connection to [/server_endpoint], count 0
[rospy.core][INFO] 2021-11-25 10:28:07,407: signal_shutdown [signal-2]
[rospy.internal][INFO] 2021-11-25 10:28:07,410: topic[/execution_check] removing connection to /server_endpoint
[rospy.internal][INFO] 2021-11-25 10:28:07,411: topic[/rosout] removing connection to /rosout
[rospy.internal][ERROR] 2021-11-25 10:28:07,411: Unable to initiate TCP/IP socket to wng:41993 (http://wng:45445/): Traceback (most recent call last):
  File "/opt/ros/melodic/lib/python2.7/dist-packages/rospy/impl/tcpros_base.py", line 562, in connect
    self.read_header()
  File "/opt/ros/melodic/lib/python2.7/dist-packages/rospy/impl/tcpros_base.py", line 657, in read_header
    self._validate_header(read_ros_handshake_header(sock, self.read_buff, self.protocol.buff_size))
  File "/opt/ros/melodic/lib/python2.7/dist-packages/rospy/impl/tcpros_base.py", line 600, in _validate_header
    raise TransportInitError("remote error reported: %s"%header['error'])
TransportInitError: remote error reported: node shutting down

[rospy.internal][INFO] 2021-11-25 10:28:07,411: topic[/execution_check] removing connection to http://wng:45445/
[rospy.topics][ERROR] 2021-11-25 10:28:07,412: Traceback (most recent call last):
  File "/opt/ros/melodic/lib/python2.7/dist-packages/rospy/topics.py", line 326, in close
    c.close()
  File "/opt/ros/melodic/lib/python2.7/dist-packages/rospy/impl/tcpros_base.py", line 846, in close
    self.socket.close()
AttributeError: 'NoneType' object has no attribute 'close'

[rospy.impl.masterslave][INFO] 2021-11-25 10:28:07,412: signal-2
[rospy.core][INFO] 2021-11-25 10:28:07,519: signal_shutdown [atexit]
