[rospy.client][INFO] 2021-09-19 14:03:14,148: init_node, name[/joint_state_publisher], pid[29424]
[xmlrpc][INFO] 2021-09-19 14:03:14,149: XML-RPC server binding to 0.0.0.0:0
[xmlrpc][INFO] 2021-09-19 14:03:14,149: Started XML-RPC server [http://wng:41375/]
[rospy.init][INFO] 2021-09-19 14:03:14,149: ROS Slave URI: [http://wng:41375/]
[rospy.impl.masterslave][INFO] 2021-09-19 14:03:14,149: _ready: http://wng:41375/
[xmlrpc][INFO] 2021-09-19 14:03:14,150: xml rpc node: starting XML-RPC server
[rospy.registration][INFO] 2021-09-19 14:03:14,150: Registering with master node http://localhost:11311
[rospy.init][INFO] 2021-09-19 14:03:14,249: registered with master
[rospy.rosout][INFO] 2021-09-19 14:03:14,249: initializing /rosout core topic
[rospy.rosout][INFO] 2021-09-19 14:03:14,251: connected to core topic /rosout
[rospy.simtime][INFO] 2021-09-19 14:03:14,252: /use_sim_time is not set, will not subscribe to simulated time [/clock] topic
[rospy.internal][INFO] 2021-09-19 14:03:14,314: topic[/move_group/fake_controller_joint_states] adding connection to [http://wng:41373/], count 0
[rospy.internal][INFO] 2021-09-19 14:03:14,548: topic[/rosout] adding connection to [/rosout], count 0
[rospy.internal][INFO] 2021-09-19 14:03:14,548: topic[/joint_states] adding connection to [/joint_state_desired_publisher], count 0
[rospy.internal][INFO] 2021-09-19 14:03:14,647: topic[/joint_states] adding connection to [/robot_state_publisher], count 1
[rospy.core][INFO] 2021-09-19 14:03:20,404: signal_shutdown [signal-2]
[rospy.internal][INFO] 2021-09-19 14:03:20,407: topic[/joint_states] removing connection to /joint_state_desired_publisher
[rospy.internal][INFO] 2021-09-19 14:03:20,407: topic[/joint_states] removing connection to /robot_state_publisher
[rospy.internal][INFO] 2021-09-19 14:03:20,408: topic[/rosout] removing connection to /rosout
[rospy.internal][INFO] 2021-09-19 14:03:20,408: topic[/move_group/fake_controller_joint_states] removing connection to http://wng:41373/
[rospy.impl.masterslave][INFO] 2021-09-19 14:03:20,408: signal-2
[rospy.core][INFO] 2021-09-19 14:03:20,540: signal_shutdown [atexit]
