[rospy.client][INFO] 2021-09-19 14:03:14,656: init_node, name[/PandaMove], pid[29399]
[xmlrpc][INFO] 2021-09-19 14:03:14,657: XML-RPC server binding to 0.0.0.0:0
[xmlrpc][INFO] 2021-09-19 14:03:14,657: Started XML-RPC server [http://wng:46853/]
[rospy.init][INFO] 2021-09-19 14:03:14,657: ROS Slave URI: [http://wng:46853/]
[rospy.impl.masterslave][INFO] 2021-09-19 14:03:14,657: _ready: http://wng:46853/
[rospy.registration][INFO] 2021-09-19 14:03:14,657: Registering with master node http://localhost:11311
[xmlrpc][INFO] 2021-09-19 14:03:14,658: xml rpc node: starting XML-RPC server
[rospy.init][INFO] 2021-09-19 14:03:14,757: registered with master
[rospy.rosout][INFO] 2021-09-19 14:03:14,758: initializing /rosout core topic
[rospy.rosout][INFO] 2021-09-19 14:03:14,761: connected to core topic /rosout
[rospy.simtime][INFO] 2021-09-19 14:03:14,762: /use_sim_time is not set, will not subscribe to simulated time [/clock] topic
[rosout][INFO] 2021-09-19 14:03:14,829: pan, pan, None
[rosout][INFO] 2021-09-19 14:03:14,830: pot, pot, None
[rosout][INFO] 2021-09-19 14:03:14,831: plate, plate, None
[rosout][INFO] 2021-09-19 14:03:14,831: bowl, bowl, None
[rosout][INFO] 2021-09-19 14:03:14,832: spatula, spatula, None
[rosout][INFO] 2021-09-19 14:03:14,833: spreader, spreader, None
[rosout][INFO] 2021-09-19 14:03:14,833: scooper, scooper, None
[rosout][INFO] 2021-09-19 14:03:14,834: knife, knife, None
[rosout][INFO] 2021-09-19 14:03:14,835: table, table, None
[rosout][INFO] 2021-09-19 14:03:14,836: stove, stove, None
[rosout][INFO] 2021-09-19 14:03:14,836: cutting_board, cutting_board, None
[rosout][INFO] 2021-09-19 14:03:14,837: near_cutting_board, near_cutting_board, None
[rosout][INFO] 2021-09-19 14:03:14,838: onion, onion, ['exist']
[rosout][INFO] 2021-09-19 14:03:14,839: butter, butter, ['exist']
[rosout][INFO] 2021-09-19 14:03:14,839: lettuce, lettuce, ['exist']
[rosout][INFO] 2021-09-19 14:03:14,840: bread1, bread, ['exist']
[rosout][INFO] 2021-09-19 14:03:14,840: bread2, bread, ['exist']
[rosout][INFO] 2021-09-19 14:03:14,841: tuna, tuna, ['exist']
[rosout][INFO] 2021-09-19 14:03:14,842: sandwich, sandwich, []
[rosout][INFO] 2021-09-19 14:03:14,842: tuna_spread, tuna_spread, []
[rosout][INFO] 2021-09-19 14:03:14,843: sugar, sugar, ['exist']
[rosout][INFO] 2021-09-19 14:03:14,844: salt, salt, ['exist']
[rosout][INFO] 2021-09-19 14:03:14,844: pepper, pepper, ['exist']
[rosout][INFO] 2021-09-19 14:03:14,845: mayonnaise, mayonnaise, ['exist']
[rosout][INFO] 2021-09-19 14:03:14,845: sugar_bottle, sugar_bottle, None
[rosout][INFO] 2021-09-19 14:03:14,846: salt_bottle, salt_bottle, None
[rosout][INFO] 2021-09-19 14:03:14,847: pepper_bottle, pepper_bottle, None
[rosout][INFO] 2021-09-19 14:03:14,847: mayonnaise_bottle, mayonnaise_bottle, None
[rospy.internal][INFO] 2021-09-19 14:03:15,055: topic[/rosout] adding connection to [/rosout], count 0
[rospy.core][INFO] 2021-09-19 14:03:20,404: signal_shutdown [signal-2]
[rospy.internal][INFO] 2021-09-19 14:03:20,407: topic[/rosout] removing connection to /rosout
[rospy.impl.masterslave][INFO] 2021-09-19 14:03:20,407: signal-2
[rospy.core][INFO] 2021-09-19 14:03:35,436: signal_shutdown [signal-15]
