[rospy.client][INFO] 2021-11-25 21:11:01,679: init_node, name[/joint_state_publisher], pid[7953]
[xmlrpc][INFO] 2021-11-25 21:11:01,679: XML-RPC server binding to 0.0.0.0:0
[xmlrpc][INFO] 2021-11-25 21:11:01,679: Started XML-RPC server [http://wng:38207/]
[rospy.init][INFO] 2021-11-25 21:11:01,679: ROS Slave URI: [http://wng:38207/]
[rospy.impl.masterslave][INFO] 2021-11-25 21:11:01,679: _ready: http://wng:38207/
[rospy.registration][INFO] 2021-11-25 21:11:01,680: Registering with master node http://localhost:11311
[xmlrpc][INFO] 2021-11-25 21:11:01,680: xml rpc node: starting XML-RPC server
[rospy.init][INFO] 2021-11-25 21:11:01,779: registered with master
[rospy.rosout][INFO] 2021-11-25 21:11:01,780: initializing /rosout core topic
[rospy.rosout][INFO] 2021-11-25 21:11:01,781: connected to core topic /rosout
[rospy.simtime][INFO] 2021-11-25 21:11:01,781: /use_sim_time is not set, will not subscribe to simulated time [/clock] topic
[rospy.internal][INFO] 2021-11-25 21:11:01,844: topic[/move_group/fake_controller_joint_states] adding connection to [http://wng:39143/], count 0
[rospy.internal][INFO] 2021-11-25 21:11:02,044: topic[/joint_states] adding connection to [/joint_state_desired_publisher], count 0
[rospy.internal][INFO] 2021-11-25 21:11:02,044: topic[/rosout] adding connection to [/rosout], count 0
[rospy.internal][INFO] 2021-11-25 21:11:02,050: topic[/joint_states] adding connection to [/robot_state_publisher], count 1
[rospy.internal][INFO] 2021-11-25 21:11:43,618: topic[/joint_states] adding connection to [/move_group_commander_wrappers_1637842271024734860], count 2
[rospy.internal][INFO] 2021-11-25 21:42:53,298: topic[/joint_states] removing connection to /move_group_commander_wrappers_1637842271024734860
[rospy.core][INFO] 2021-11-25 21:49:30,311: signal_shutdown [signal-2]
[rospy.internal][INFO] 2021-11-25 21:49:30,313: topic[/joint_states] removing connection to /joint_state_desired_publisher
[rospy.internal][INFO] 2021-11-25 21:49:30,318: topic[/joint_states] removing connection to /robot_state_publisher
[rospy.internal][INFO] 2021-11-25 21:49:30,322: topic[/rosout] removing connection to /rosout
[rospy.internal][INFO] 2021-11-25 21:49:30,322: topic[/move_group/fake_controller_joint_states] removing connection to http://wng:39143/
[rospy.impl.masterslave][INFO] 2021-11-25 21:49:30,322: signal-2
[rospy.core][INFO] 2021-11-25 21:49:30,937: signal_shutdown [atexit]
