[rospy.client][INFO] 2021-11-25 21:11:01,964: init_node, name[/server_endpoint], pid[7951]
[xmlrpc][INFO] 2021-11-25 21:11:01,964: XML-RPC server binding to 0.0.0.0:0
[xmlrpc][INFO] 2021-11-25 21:11:01,965: Started XML-RPC server [http://wng:39499/]
[rospy.init][INFO] 2021-11-25 21:11:01,965: ROS Slave URI: [http://wng:39499/]
[rospy.impl.masterslave][INFO] 2021-11-25 21:11:01,965: _ready: http://wng:39499/
[rospy.registration][INFO] 2021-11-25 21:11:01,965: Registering with master node http://localhost:11311
[xmlrpc][INFO] 2021-11-25 21:11:01,965: xml rpc node: starting XML-RPC server
[rospy.init][INFO] 2021-11-25 21:11:02,065: registered with master
[rospy.rosout][INFO] 2021-11-25 21:11:02,065: initializing /rosout core topic
[rospy.rosout][INFO] 2021-11-25 21:11:02,066: connected to core topic /rosout
[rospy.simtime][INFO] 2021-11-25 21:11:02,067: /use_sim_time is not set, will not subscribe to simulated time [/clock] topic
[rosout][INFO] 2021-11-25 21:11:02,072: Starting server on 192.168.1.146:10000
[rospy.internal][INFO] 2021-11-25 21:11:02,245: topic[/rosout] adding connection to [/rosout], count 0
[rosout][INFO] 2021-11-25 21:11:15,896: Connection from 192.168.1.146
[rosout][INFO] 2021-11-25 21:11:15,901: RegisterPublisher(execution_check, <class 'panda_move.msg._ExecutionCheck.ExecutionCheck'>) OK
[rospy.internal][INFO] 2021-11-25 21:11:15,921: topic[/execution_check] adding connection to [http://wng:39499/], count 0
[rospy.internal][INFO] 2021-11-25 21:11:15,922: topic[/execution_check] adding connection to [/server_endpoint], count 0
[rospy.core][INFO] 2021-11-25 21:49:30,315: signal_shutdown [signal-2]
[rospy.internal][INFO] 2021-11-25 21:49:30,319: topic[/execution_check] removing connection to /server_endpoint
[rospy.internal][INFO] 2021-11-25 21:49:30,319: topic[/rosout] removing connection to /rosout
[rospy.internal][INFO] 2021-11-25 21:49:30,319: topic[/execution_check] removing connection to http://wng:39499/
[rospy.impl.masterslave][INFO] 2021-11-25 21:49:30,319: signal-2
[rospy.core][INFO] 2021-11-25 21:49:30,934: signal_shutdown [atexit]
