[rospy.client][INFO] 2021-09-07 14:53:01,938: init_node, name[/joint_state_publisher], pid[32073]
[xmlrpc][INFO] 2021-09-07 14:53:01,938: XML-RPC server binding to 0.0.0.0:0
[xmlrpc][INFO] 2021-09-07 14:53:01,938: Started XML-RPC server [http://wng:35439/]
[rospy.init][INFO] 2021-09-07 14:53:01,939: ROS Slave URI: [http://wng:35439/]
[rospy.impl.masterslave][INFO] 2021-09-07 14:53:01,939: _ready: http://wng:35439/
[rospy.registration][INFO] 2021-09-07 14:53:01,939: Registering with master node http://localhost:11311
[xmlrpc][INFO] 2021-09-07 14:53:01,939: xml rpc node: starting XML-RPC server
[rospy.init][INFO] 2021-09-07 14:53:02,039: registered with master
[rospy.rosout][INFO] 2021-09-07 14:53:02,039: initializing /rosout core topic
[rospy.rosout][INFO] 2021-09-07 14:53:02,043: connected to core topic /rosout
[rospy.simtime][INFO] 2021-09-07 14:53:02,044: /use_sim_time is not set, will not subscribe to simulated time [/clock] topic
[rospy.internal][INFO] 2021-09-07 14:53:02,110: topic[/move_group/fake_controller_joint_states] adding connection to [http://wng:35467/], count 0
[rospy.internal][INFO] 2021-09-07 14:53:02,305: topic[/joint_states] adding connection to [/joint_state_desired_publisher], count 0
[rospy.internal][INFO] 2021-09-07 14:53:02,306: topic[/joint_states] adding connection to [/robot_state_publisher], count 1
[rospy.internal][INFO] 2021-09-07 14:53:02,313: topic[/rosout] adding connection to [/rosout], count 0
[rospy.internal][INFO] 2021-09-07 14:53:33,391: topic[/joint_states] adding connection to [/move_group_commander_wrappers_1630993989151017214], count 2
[rospy.internal][INFO] 2021-09-07 15:17:10,575: topic[/joint_states] removing connection to /move_group_commander_wrappers_1630993989151017214
[rospy.core][INFO] 2021-09-07 15:18:04,389: signal_shutdown [signal-2]
[rospy.internal][INFO] 2021-09-07 15:18:04,393: topic[/joint_states] removing connection to /joint_state_desired_publisher
[rospy.internal][INFO] 2021-09-07 15:18:04,394: topic[/joint_states] removing connection to /robot_state_publisher
[rospy.internal][INFO] 2021-09-07 15:18:04,401: topic[/rosout] removing connection to /rosout
[rospy.internal][INFO] 2021-09-07 15:18:04,401: topic[/move_group/fake_controller_joint_states] removing connection to http://wng:35467/
[rospy.impl.masterslave][INFO] 2021-09-07 15:18:04,402: signal-2
[rospy.core][INFO] 2021-09-07 15:18:04,533: signal_shutdown [atexit]
