[rospy.client][INFO] 2021-11-25 11:02:38,344: init_node, name[/joint_state_publisher], pid[26260]
[xmlrpc][INFO] 2021-11-25 11:02:38,345: XML-RPC server binding to 0.0.0.0:0
[xmlrpc][INFO] 2021-11-25 11:02:38,345: Started XML-RPC server [http://wng:33495/]
[rospy.init][INFO] 2021-11-25 11:02:38,345: ROS Slave URI: [http://wng:33495/]
[rospy.impl.masterslave][INFO] 2021-11-25 11:02:38,345: _ready: http://wng:33495/
[xmlrpc][INFO] 2021-11-25 11:02:38,345: xml rpc node: starting XML-RPC server
[rospy.registration][INFO] 2021-11-25 11:02:38,351: Registering with master node http://localhost:11311
[rospy.init][INFO] 2021-11-25 11:02:38,445: registered with master
[rospy.rosout][INFO] 2021-11-25 11:02:38,446: initializing /rosout core topic
[rospy.rosout][INFO] 2021-11-25 11:02:38,447: connected to core topic /rosout
[rospy.simtime][INFO] 2021-11-25 11:02:38,448: /use_sim_time is not set, will not subscribe to simulated time [/clock] topic
[rospy.internal][INFO] 2021-11-25 11:02:38,527: topic[/move_group/fake_controller_joint_states] adding connection to [http://wng:34887/], count 0
[rospy.internal][INFO] 2021-11-25 11:02:38,666: topic[/rosout] adding connection to [/rosout], count 0
[rospy.internal][INFO] 2021-11-25 11:02:38,766: topic[/joint_states] adding connection to [/robot_state_publisher], count 0
[rospy.internal][INFO] 2021-11-25 11:02:38,766: topic[/joint_states] adding connection to [/joint_state_desired_publisher], count 1
[rospy.internal][INFO] 2021-11-25 11:03:15,299: topic[/joint_states] adding connection to [/move_group_commander_wrappers_1637805767072323151], count 2
[rospy.internal][INFO] 2021-11-25 11:33:48,311: topic[/joint_states] removing connection to /move_group_commander_wrappers_1637805767072323151
[rospy.core][INFO] 2021-11-25 11:33:51,811: signal_shutdown [signal-2]
[rospy.internal][INFO] 2021-11-25 11:33:51,820: topic[/joint_states] removing connection to /robot_state_publisher
[rospy.internal][INFO] 2021-11-25 11:33:51,820: topic[/joint_states] removing connection to /joint_state_desired_publisher
[rospy.internal][INFO] 2021-11-25 11:33:51,821: topic[/rosout] removing connection to /rosout
[rospy.internal][INFO] 2021-11-25 11:33:51,821: topic[/move_group/fake_controller_joint_states] removing connection to http://wng:34887/
[rospy.impl.masterslave][INFO] 2021-11-25 11:33:51,821: signal-2
[rospy.core][INFO] 2021-11-25 11:33:51,985: signal_shutdown [atexit]
