[rospy.client][INFO] 2021-09-10 16:13:40,058: init_node, name[/joint_state_publisher], pid[9727]
[xmlrpc][INFO] 2021-09-10 16:13:40,058: XML-RPC server binding to 0.0.0.0:0
[xmlrpc][INFO] 2021-09-10 16:13:40,059: Started XML-RPC server [http://wng:33015/]
[rospy.init][INFO] 2021-09-10 16:13:40,059: ROS Slave URI: [http://wng:33015/]
[rospy.impl.masterslave][INFO] 2021-09-10 16:13:40,059: _ready: http://wng:33015/
[xmlrpc][INFO] 2021-09-10 16:13:40,059: xml rpc node: starting XML-RPC server
[rospy.registration][INFO] 2021-09-10 16:13:40,059: Registering with master node http://localhost:11311
[rospy.init][INFO] 2021-09-10 16:13:40,159: registered with master
[rospy.rosout][INFO] 2021-09-10 16:13:40,159: initializing /rosout core topic
[rospy.rosout][INFO] 2021-09-10 16:13:40,161: connected to core topic /rosout
[rospy.simtime][INFO] 2021-09-10 16:13:40,162: /use_sim_time is not set, will not subscribe to simulated time [/clock] topic
[rospy.internal][INFO] 2021-09-10 16:13:40,224: topic[/move_group/fake_controller_joint_states] adding connection to [http://wng:41999/], count 0
[rospy.internal][INFO] 2021-09-10 16:13:40,292: topic[/rosout] adding connection to [/rosout], count 0
[rospy.internal][INFO] 2021-09-10 16:13:40,393: topic[/joint_states] adding connection to [/joint_state_desired_publisher], count 0
[rospy.internal][INFO] 2021-09-10 16:13:40,393: topic[/joint_states] adding connection to [/robot_state_publisher], count 1
[rospy.core][INFO] 2021-09-10 16:15:55,453: signal_shutdown [signal-2]
[rospy.internal][INFO] 2021-09-10 16:15:55,455: topic[/joint_states] removing connection to /joint_state_desired_publisher
[rospy.internal][INFO] 2021-09-10 16:15:55,455: topic[/joint_states] removing connection to /robot_state_publisher
[rospy.internal][INFO] 2021-09-10 16:15:55,456: topic[/rosout] removing connection to /rosout
[rospy.internal][INFO] 2021-09-10 16:15:55,456: topic[/move_group/fake_controller_joint_states] removing connection to http://wng:41999/
[rospy.impl.masterslave][INFO] 2021-09-10 16:15:55,456: signal-2
[rospy.core][INFO] 2021-09-10 16:15:55,620: signal_shutdown [atexit]
