[rospy.client][INFO] 2021-09-09 10:09:20,163: init_node, name[/joint_state_publisher], pid[4324]
[xmlrpc][INFO] 2021-09-09 10:09:20,163: XML-RPC server binding to 0.0.0.0:0
[xmlrpc][INFO] 2021-09-09 10:09:20,163: Started XML-RPC server [http://wng:43341/]
[rospy.init][INFO] 2021-09-09 10:09:20,163: ROS Slave URI: [http://wng:43341/]
[rospy.impl.masterslave][INFO] 2021-09-09 10:09:20,163: _ready: http://wng:43341/
[rospy.registration][INFO] 2021-09-09 10:09:20,164: Registering with master node http://localhost:11311
[xmlrpc][INFO] 2021-09-09 10:09:20,164: xml rpc node: starting XML-RPC server
[rospy.init][INFO] 2021-09-09 10:09:20,264: registered with master
[rospy.rosout][INFO] 2021-09-09 10:09:20,264: initializing /rosout core topic
[rospy.rosout][INFO] 2021-09-09 10:09:20,266: connected to core topic /rosout
[rospy.simtime][INFO] 2021-09-09 10:09:20,266: /use_sim_time is not set, will not subscribe to simulated time [/clock] topic
[rospy.internal][INFO] 2021-09-09 10:09:20,328: topic[/move_group/fake_controller_joint_states] adding connection to [http://wng:36701/], count 0
[rospy.internal][INFO] 2021-09-09 10:09:20,482: topic[/rosout] adding connection to [/rosout], count 0
[rospy.internal][INFO] 2021-09-09 10:09:20,482: topic[/joint_states] adding connection to [/joint_state_desired_publisher], count 0
[rospy.internal][INFO] 2021-09-09 10:09:20,483: topic[/joint_states] adding connection to [/robot_state_publisher], count 1
[rospy.internal][INFO] 2021-09-09 10:09:56,973: topic[/joint_states] adding connection to [/move_group_commander_wrappers_1631149767557326255], count 2
[rospy.core][INFO] 2021-09-09 10:12:10,585: signal_shutdown [signal-2]
[rospy.internal][INFO] 2021-09-09 10:12:10,588: topic[/joint_states] removing connection to /joint_state_desired_publisher
[rospy.internal][INFO] 2021-09-09 10:12:10,589: topic[/joint_states] removing connection to /robot_state_publisher
[rospy.internal][INFO] 2021-09-09 10:12:10,589: topic[/joint_states] removing connection to /move_group_commander_wrappers_1631149767557326255
[rospy.internal][INFO] 2021-09-09 10:12:10,589: topic[/rosout] removing connection to /rosout
[rospy.internal][INFO] 2021-09-09 10:12:10,589: topic[/move_group/fake_controller_joint_states] removing connection to http://wng:36701/
[rospy.impl.masterslave][INFO] 2021-09-09 10:12:10,590: signal-2
[rospy.core][INFO] 2021-09-09 10:12:10,722: signal_shutdown [atexit]
