[rospy.client][INFO] 2021-09-09 10:09:27,587: init_node, name[/PandaMove], pid[4323]
[xmlrpc][INFO] 2021-09-09 10:09:27,587: XML-RPC server binding to 0.0.0.0:0
[xmlrpc][INFO] 2021-09-09 10:09:27,588: Started XML-RPC server [http://wng:44215/]
[rospy.init][INFO] 2021-09-09 10:09:27,588: ROS Slave URI: [http://wng:44215/]
[rospy.impl.masterslave][INFO] 2021-09-09 10:09:27,588: _ready: http://wng:44215/
[rospy.registration][INFO] 2021-09-09 10:09:27,588: Registering with master node http://localhost:11311
[xmlrpc][INFO] 2021-09-09 10:09:27,588: xml rpc node: starting XML-RPC server
[rospy.init][INFO] 2021-09-09 10:09:27,688: registered with master
[rospy.rosout][INFO] 2021-09-09 10:09:27,688: initializing /rosout core topic
[rospy.rosout][INFO] 2021-09-09 10:09:27,690: connected to core topic /rosout
[rospy.simtime][INFO] 2021-09-09 10:09:27,691: /use_sim_time is not set, will not subscribe to simulated time [/clock] topic
[rospy.internal][INFO] 2021-09-09 10:09:29,485: topic[/rosout] adding connection to [/rosout], count 0
[rospy.internal][INFO] 2021-09-09 10:09:29,508: topic[/collision_object] adding connection to [/move_group], count 0
[rospy.internal][INFO] 2021-09-09 10:09:29,508: topic[/attached_collision_object] adding connection to [/move_group], count 0
[rosout][INFO] 2021-09-09 10:09:29,508: wait for update_place_pose_state
[rospy.internal][INFO] 2021-09-09 10:09:29,612: topic[/tf_static] adding connection to [/move_group], count 0
[rospy.internal][INFO] 2021-09-09 10:09:29,634: topic[/tf_static] adding connection to [/move_group_commander_wrappers_1631149767557326255], count 1
[rospy.internal][INFO] 2021-09-09 10:09:29,662: topic[/tf_static] adding connection to [/rviz_wng_4288_1236702832351771988], count 2
[rospy.internal][INFO] 2021-09-09 10:09:29,763: topic[/action] adding connection to [/rviz_wng_4288_1236702832351771988], count 0
[rosout][INFO] 2021-09-09 10:09:30,209: pan
[rosout][INFO] 2021-09-09 10:09:30,221: wait for update_place_pose_state
[rosout][INFO] 2021-09-09 10:09:30,929: pot
[rosout][INFO] 2021-09-09 10:09:30,951: wait for update_place_pose_state
[rosout][INFO] 2021-09-09 10:09:31,660: plate
[rosout][INFO] 2021-09-09 10:09:31,669: wait for update_place_pose_state
[rosout][INFO] 2021-09-09 10:09:32,381: bowl
[rosout][INFO] 2021-09-09 10:09:32,396: wait for update_place_pose_state
[rosout][INFO] 2021-09-09 10:09:33,115: spatula
[rosout][INFO] 2021-09-09 10:09:33,120: wait for update_place_pose_state
[rosout][INFO] 2021-09-09 10:09:33,841: spreader
[rosout][INFO] 2021-09-09 10:09:33,848: wait for update_place_pose_state
[rosout][INFO] 2021-09-09 10:09:34,567: scooper
[rosout][INFO] 2021-09-09 10:09:34,576: wait for update_place_pose_state
[rosout][INFO] 2021-09-09 10:09:35,302: knife
[rosout][INFO] 2021-09-09 10:09:35,313: wait for update_place_pose_state
[rosout][INFO] 2021-09-09 10:09:36,039: cutting_board
[rosout][INFO] 2021-09-09 10:09:36,048: wait for update_place_pose_state
[rosout][INFO] 2021-09-09 10:09:36,772: onion
[rosout][INFO] 2021-09-09 10:09:36,782: wait for update_place_pose_state
[rosout][INFO] 2021-09-09 10:09:37,510: spinach
[rosout][INFO] 2021-09-09 10:09:37,517: wait for update_place_pose_state
[rosout][INFO] 2021-09-09 10:09:38,248: green_pepper
[rosout][INFO] 2021-09-09 10:09:38,261: wait for update_place_pose_state
[rosout][INFO] 2021-09-09 10:09:38,997: cheese
[rosout][INFO] 2021-09-09 10:09:38,999: wait for update_place_pose_state
[rosout][INFO] 2021-09-09 10:09:39,738: oregano
[rosout][INFO] 2021-09-09 10:09:39,863: wait for update_place_pose_state
[rosout][INFO] 2021-09-09 10:09:40,608: black_olive
[rosout][INFO] 2021-09-09 10:09:40,615: wait for update_place_pose_state
[rosout][INFO] 2021-09-09 10:09:41,364: tomato
[rosout][INFO] 2021-09-09 10:09:41,372: wait for update_place_pose_state
[rosout][INFO] 2021-09-09 10:09:42,128: chopped_onion
[rosout][INFO] 2021-09-09 10:09:42,134: wait for update_place_pose_state
[rosout][INFO] 2021-09-09 10:09:42,889: chopped_spinach
[rosout][INFO] 2021-09-09 10:09:42,916: wait for update_place_pose_state
[rosout][INFO] 2021-09-09 10:09:43,673: chopped_green_pepper
[rosout][INFO] 2021-09-09 10:09:43,696: wait for update_place_pose_state
[rosout][INFO] 2021-09-09 10:09:44,452: chopped_cheese
[rosout][INFO] 2021-09-09 10:09:44,460: wait for update_place_pose_state
[rosout][INFO] 2021-09-09 10:09:45,223: chopped_tomato
[rosout][INFO] 2021-09-09 10:10:12,344: Scene Sync Completed
[rosout][INFO] 2021-09-09 10:10:12,345: ==================================================
[rosout][INFO] 2021-09-09 10:10:12,346: [task=1]
[rosout][INFO] 2021-09-09 10:10:12,347: wait for update_place_pose_state
[rosout][INFO] 2021-09-09 10:10:13,138: ####### generate problem #######
[rosout][INFO] 2021-09-09 10:10:13,140: using_ings: [set(['onion']), {}]
[rosout][INFO] 2021-09-09 10:10:13,141: using_objects: {'plate': 'plate', 'onion': 'onion', 'near_cutting_board': 'near_cutting_board', 'pot': 'pot', 'bowl': 'bowl', 'cutting_board': 'cutting_board', 'spatula': 'spatula', 'spreader': 'spreader', 'scooper': 'scooper', 'table': 'table', 'stove': 'stove', 'pan': 'pan', 'knife': 'knife'}
[rosout][INFO] 2021-09-09 10:10:13,141: goal: {'exist_oregano': True, 'exist_spinach': True, 'exist_black_olive': True, 'exist_tomato': True, 'exist_green_pepper': True, 'exist_cheese': True, 'exist_onion': True, 'chopped_onion': True}
[rosout][INFO] 2021-09-09 10:10:13,142: goal_diff: {'chopped_onion': True}
[rosout][INFO] 2021-09-09 10:10:13,143: current: {'plate_is_on': 'near_cutting_board', 'oregano_is_on': 'table1', 'spinach_is_on': 'table1', 'spatula_is_on': 'table1', 'green_pepper_is_on': 'table1', 'onion_is_on': 'table1', 'black_olive_is_on': 'table1', 'pot_is_on': 'table1', 'knife_is_on': 'table1', 'pan_is_on': 'table1', 'bowl_is_on': 'table1', 'scooper_is_on': 'table1', 'tomato_is_on': 'table1', 'cheese_is_on': 'table1', 'spreader_is_on': 'table1'}
[rosout][INFO] 2021-09-09 10:10:13,144: initial: {'exist_cheese': True, 'exist_spinach': True, 'oregano_is_in': 'None', 'exist_green_pepper': True, 'spinach_is_on': 'table1', 'spatula_is_on': 'table1', 'chopped_cheese': False, 'cooked_spinach': False, 'cooked_oregano': False, 'cooked_black_olive': False, 'exist_oregano': True, 'oregano_is_on': 'table1', 'salad_is_in': 'None', 'bowl_is_on': 'table1', 'chopped_salad': False, 'onion_is_on': 'table1', 'cooked_tomato': False, 'salad_is_on': 'table', 'cooked_cheese': False, 'spread_on_salad': 'None', 'exist_salad': False, 'black_olive_is_on': 'table1', 'knife_is_on': 'table1', 'spread_on_oregano': 'None', 'holding': 'None', 'spread_on_cheese': 'None', 'spread_on_onion': 'None', 'black_olive_is_in': 'None', 'spread_on_tomato': 'None', 'spread_on_black_olive': 'None', 'cooked_salad': False, 'cheese_is_on': 'table1', 'pot_is_on': 'table1', 'cooked_onion': False, 'chopped_green_pepper': False, 'spinach_is_in': 'None', 'exist_black_olive': True, 'cheese_is_in': 'None', 'spread_on_green_pepper': 'None', 'chopped_oregano': False, 'cooked_green_pepper': False, 'green_pepper_is_in': 'None', 'plate_is_on': 'near_cutting_board', 'tomato_is_on': 'table1', 'chopped_black_olive': False, 'exist_onion': True, 'chopped_tomato': False, 'tomato_is_in': 'None', 'pan_is_on': 'table1', 'onion_is_in': 'None', 'exist_tomato': True, 'green_pepper_is_on': 'table1', 'scooper_is_on': 'table1', 'spreader_is_on': 'table1', 'chopped_onion': False, 'chopped_spinach': False, 'spread_on_spinach': 'None'}
[rosout][INFO] 2021-09-09 10:10:13,407: ####### task plan info #######
[rosout][INFO] 2021-09-09 10:10:13,408: plan =  -> PickUp/onion -> Place/onion/cutting_board/ingredient -> PickUp/knife -> Chop/onion/knife
[rosout][INFO] 2021-09-09 10:10:13,409: length = 4
[rosout][INFO] 2021-09-09 10:10:13,409: num_of_expand = 497
[rosout][INFO] 2021-09-09 10:10:13,410: time = 0.262059926987
[rosout][INFO] 2021-09-09 10:10:13,411: success = True
[rosout][INFO] 2021-09-09 10:10:13,412: ==================================================
[rosout][INFO] 2021-09-09 10:10:13,413: [ola=0] ['PickUp', 'onion']
[rosout][INFO] 2021-09-09 10:10:13,543: move_to: 7
[rosout][INFO] 2021-09-09 10:10:22,584: Scene Sync Completed
[rosout][INFO] 2021-09-09 10:10:22,745: linear_motion: 1.0
[rosout][INFO] 2021-09-09 10:10:30,084: Scene Sync Completed
[rosout][INFO] 2021-09-09 10:10:30,085: obj_hierarchy = ['onion']
[rosout][INFO] 2021-09-09 10:10:31,162: Hand Sync Completed
[rosout][INFO] 2021-09-09 10:10:31,185: linear_motion: 1.0
[rosout][INFO] 2021-09-09 10:10:39,084: Scene Sync Completed
[rosout][INFO] 2021-09-09 10:10:39,085: ####### motion plan info #######
[rosout][INFO] 2021-09-09 10:10:39,086: planning_time = 0.126811027527
[rosout][INFO] 2021-09-09 10:10:39,087: execution_time = 1.89982509613
[rosout][INFO] 2021-09-09 10:10:39,088: success = True
[rosout][INFO] 2021-09-09 10:10:39,089: ####### motion plan info #######
[rosout][INFO] 2021-09-09 10:10:39,089: planning_time = 0.0618169307709
[rosout][INFO] 2021-09-09 10:10:39,090: execution_time = 1.03718996048
[rosout][INFO] 2021-09-09 10:10:39,091: success = True
[rosout][INFO] 2021-09-09 10:10:39,092: ####### motion plan info #######
[rosout][INFO] 2021-09-09 10:10:39,093: planning_time = None
[rosout][INFO] 2021-09-09 10:10:39,095: execution_time = None
[rosout][INFO] 2021-09-09 10:10:39,096: success = True
[rosout][INFO] 2021-09-09 10:10:39,097: ####### motion plan info #######
[rosout][INFO] 2021-09-09 10:10:39,098: planning_time = 0.00244116783142
[rosout][INFO] 2021-09-09 10:10:39,099: execution_time = 1.09682416916
[rosout][INFO] 2021-09-09 10:10:39,100: success = True
[rosout][INFO] 2021-09-09 10:10:39,101: ####### object-level action info #######
[rosout][INFO] 2021-09-09 10:10:39,102: time = 25.6717250347
[rosout][INFO] 2021-09-09 10:10:39,103: action = ['PickUp', 'onion']
[rosout][INFO] 2021-09-09 10:10:39,104: length = 4
[rosout][INFO] 2021-09-09 10:10:39,105: success = True
[rosout][INFO] 2021-09-09 10:10:39,110: ==================================================
[rosout][INFO] 2021-09-09 10:10:39,110: [ola=1] ['Place', 'onion', 'cutting_board', 'ingredient']
[rosout][INFO] 2021-09-09 10:10:39,112: wait for update_place_pose_state
[rosout][INFO] 2021-09-09 10:10:39,952: move_to: 9
[rosout][INFO] 2021-09-09 10:10:50,479: Scene Sync Completed
[rosout][INFO] 2021-09-09 10:10:50,485: linear_motion: 1.0
[rosout][INFO] 2021-09-09 10:10:57,684: Scene Sync Completed
[rosout][INFO] 2021-09-09 10:10:57,686: ['onion']
[rosout][INFO] 2021-09-09 10:10:58,816: Hand Sync Completed
[rosout][INFO] 2021-09-09 10:10:59,548: Motion Type Interaction Completed
[rosout][INFO] 2021-09-09 10:11:02,084: Scene Sync Completed
[rosout][INFO] 2021-09-09 10:11:02,185: linear_motion: 1.0
[rosout][INFO] 2021-09-09 10:11:09,947: Scene Sync Completed
[rosout][INFO] 2021-09-09 10:11:09,948: ####### motion plan info #######
[rosout][INFO] 2021-09-09 10:11:09,950: planning_time = 0.0716891288757
[rosout][INFO] 2021-09-09 10:11:09,950: execution_time = 2.29936289787
[rosout][INFO] 2021-09-09 10:11:09,951: success = True
[rosout][INFO] 2021-09-09 10:11:09,952: ####### motion plan info #######
[rosout][INFO] 2021-09-09 10:11:09,953: planning_time = 0.00227403640747
[rosout][INFO] 2021-09-09 10:11:09,954: execution_time = 1.19855809212
[rosout][INFO] 2021-09-09 10:11:09,955: success = True
[rosout][INFO] 2021-09-09 10:11:09,955: ####### motion plan info #######
[rosout][INFO] 2021-09-09 10:11:09,956: planning_time = None
[rosout][INFO] 2021-09-09 10:11:09,957: execution_time = None
[rosout][INFO] 2021-09-09 10:11:09,958: success = True
[rosout][INFO] 2021-09-09 10:11:09,959: ####### motion plan info #######
[rosout][INFO] 2021-09-09 10:11:09,960: planning_time = 0.00211000442505
[rosout][INFO] 2021-09-09 10:11:09,961: execution_time = 1.19681286812
[rosout][INFO] 2021-09-09 10:11:09,962: success = True
[rosout][INFO] 2021-09-09 10:11:09,963: ####### object-level action info #######
[rosout][INFO] 2021-09-09 10:11:09,964: time = 30.8365240097
[rosout][INFO] 2021-09-09 10:11:09,965: action = ['Place', 'onion', 'cutting_board', 'ingredient']
[rosout][INFO] 2021-09-09 10:11:09,969: length = 4
[rosout][INFO] 2021-09-09 10:11:09,970: success = True
[rosout][INFO] 2021-09-09 10:11:09,970: ==================================================
[rosout][INFO] 2021-09-09 10:11:09,971: [ola=2] ['PickUp', 'knife']
[rosout][INFO] 2021-09-09 10:11:10,163: move_to: 11
[rosout][INFO] 2021-09-09 10:11:21,484: Scene Sync Completed
[rosout][INFO] 2021-09-09 10:11:21,624: linear_motion: 1.0
[rosout][INFO] 2021-09-09 10:11:29,184: Scene Sync Completed
[rosout][INFO] 2021-09-09 10:11:29,186: obj_hierarchy = ['knife']
[rosout][INFO] 2021-09-09 10:11:30,569: Hand Sync Completed
[rosout][INFO] 2021-09-09 10:11:30,586: linear_motion: 1.0
[rosout][INFO] 2021-09-09 10:11:38,484: Scene Sync Completed
[rosout][INFO] 2021-09-09 10:11:38,485: ####### motion plan info #######
[rosout][INFO] 2021-09-09 10:11:38,486: planning_time = 0.167676925659
[rosout][INFO] 2021-09-09 10:11:38,486: execution_time = 2.30040788651
[rosout][INFO] 2021-09-09 10:11:38,487: success = True
[rosout][INFO] 2021-09-09 10:11:38,488: ####### motion plan info #######
[rosout][INFO] 2021-09-09 10:11:38,488: planning_time = 0.0405509471893
[rosout][INFO] 2021-09-09 10:11:38,489: execution_time = 1.05858302116
[rosout][INFO] 2021-09-09 10:11:38,490: success = True
[rosout][INFO] 2021-09-09 10:11:38,490: ####### motion plan info #######
[rosout][INFO] 2021-09-09 10:11:38,491: planning_time = None
[rosout][INFO] 2021-09-09 10:11:38,492: execution_time = None
[rosout][INFO] 2021-09-09 10:11:38,492: success = True
[rosout][INFO] 2021-09-09 10:11:38,493: ####### motion plan info #######
[rosout][INFO] 2021-09-09 10:11:38,493: planning_time = 0.00267100334167
[rosout][INFO] 2021-09-09 10:11:38,494: execution_time = 1.09606909752
[rosout][INFO] 2021-09-09 10:11:38,495: success = True
[rosout][INFO] 2021-09-09 10:11:38,495: ####### object-level action info #######
[rosout][INFO] 2021-09-09 10:11:38,496: time = 28.5131280422
[rosout][INFO] 2021-09-09 10:11:38,497: action = ['PickUp', 'knife']
[rosout][INFO] 2021-09-09 10:11:38,497: length = 4
[rosout][INFO] 2021-09-09 10:11:38,498: success = True
[rosout][INFO] 2021-09-09 10:11:38,498: ==================================================
[rosout][INFO] 2021-09-09 10:11:38,499: [ola=3] ['Chop', 'onion', 'knife']
[rosout][INFO] 2021-09-09 10:11:38,736: move_to: 2
[rosout][INFO] 2021-09-09 10:11:44,663: Scene Sync Completed
[rosout][INFO] 2021-09-09 10:11:44,930: move_to: 9
[rosout][INFO] 2021-09-09 10:11:55,184: Scene Sync Completed
[rosout][INFO] 2021-09-09 10:11:55,300: linear_motion: 1.0
[rosout][INFO] 2021-09-09 10:12:00,900: Motion Type Interaction Completed
[rosout][INFO] 2021-09-09 10:12:03,385: Scene Sync Completed
[rosout][INFO] 2021-09-09 10:12:03,547: reciprocating_motion: 1.0
[rosout][INFO] 2021-09-09 10:12:08,587: reciprocating_motion: 1.0
[rospy.core][INFO] 2021-09-09 10:12:10,593: signal_shutdown [signal-2]
[rospy.internal][INFO] 2021-09-09 10:12:10,597: topic[/collision_object] removing connection to /move_group
[rospy.internal][INFO] 2021-09-09 10:12:10,597: topic[/rosout] removing connection to /rosout
[rospy.internal][INFO] 2021-09-09 10:12:10,598: topic[/tf_static] removing connection to /move_group
[rospy.internal][INFO] 2021-09-09 10:12:10,598: topic[/tf_static] removing connection to /move_group_commander_wrappers_1631149767557326255
[rospy.internal][INFO] 2021-09-09 10:12:10,600: topic[/tf_static] removing connection to /rviz_wng_4288_1236702832351771988
[rospy.internal][INFO] 2021-09-09 10:12:10,601: topic[/attached_collision_object] removing connection to /move_group
[rospy.internal][INFO] 2021-09-09 10:12:10,601: topic[/action] removing connection to /rviz_wng_4288_1236702832351771988
[rospy.impl.masterslave][INFO] 2021-09-09 10:12:10,601: signal-2
[rospy.core][INFO] 2021-09-09 10:12:25,621: signal_shutdown [signal-15]
