[rospy.client][INFO] 2021-09-09 10:09:20,618: init_node, name[/server_endpoint], pid[4322]
[xmlrpc][INFO] 2021-09-09 10:09:20,619: XML-RPC server binding to 0.0.0.0:0
[xmlrpc][INFO] 2021-09-09 10:09:20,619: Started XML-RPC server [http://wng:39715/]
[rospy.init][INFO] 2021-09-09 10:09:20,619: ROS Slave URI: [http://wng:39715/]
[rospy.impl.masterslave][INFO] 2021-09-09 10:09:20,619: _ready: http://wng:39715/
[rospy.registration][INFO] 2021-09-09 10:09:20,619: Registering with master node http://localhost:11311
[xmlrpc][INFO] 2021-09-09 10:09:20,619: xml rpc node: starting XML-RPC server
[rospy.init][INFO] 2021-09-09 10:09:20,719: registered with master
[rospy.rosout][INFO] 2021-09-09 10:09:20,719: initializing /rosout core topic
[rospy.rosout][INFO] 2021-09-09 10:09:20,720: connected to core topic /rosout
[rospy.simtime][INFO] 2021-09-09 10:09:20,721: /use_sim_time is not set, will not subscribe to simulated time [/clock] topic
[rosout][INFO] 2021-09-09 10:09:20,727: Starting server on 192.168.1.146:10000
[rospy.internal][INFO] 2021-09-09 10:09:20,986: topic[/rosout] adding connection to [/rosout], count 0
[rosout][INFO] 2021-09-09 10:09:52,428: Connection from 192.168.1.146
[rosout][INFO] 2021-09-09 10:09:52,432: RegisterPublisher(execution_check, <class 'panda_move.msg._ExecutionCheck.ExecutionCheck'>) OK
[rospy.internal][INFO] 2021-09-09 10:09:52,461: topic[/execution_check] adding connection to [http://wng:39715/], count 0
[rospy.internal][INFO] 2021-09-09 10:09:52,462: topic[/execution_check] adding connection to [/server_endpoint], count 0
[rospy.core][INFO] 2021-09-09 10:12:10,603: signal_shutdown [signal-2]
[rospy.internal][INFO] 2021-09-09 10:12:10,607: topic[/execution_check] removing connection to /server_endpoint
[rospy.internal][INFO] 2021-09-09 10:12:10,608: topic[/rosout] removing connection to /rosout
[rospy.internal][INFO] 2021-09-09 10:12:10,608: topic[/execution_check] removing connection to http://wng:39715/
[rospy.impl.masterslave][INFO] 2021-09-09 10:12:10,608: signal-2
[rospy.internal][WARNING] 2021-09-09 10:12:10,609: Unknown error initiating TCP/IP socket to wng:38667 (http://wng:39715/): Traceback (most recent call last):
  File "/opt/ros/melodic/lib/python2.7/dist-packages/rospy/impl/tcpros_base.py", line 562, in connect
    self.read_header()
  File "/opt/ros/melodic/lib/python2.7/dist-packages/rospy/impl/tcpros_base.py", line 657, in read_header
    self._validate_header(read_ros_handshake_header(sock, self.read_buff, self.protocol.buff_size))
AttributeError: 'NoneType' object has no attribute 'buff_size'

[rospy.core][INFO] 2021-09-09 10:12:10,741: signal_shutdown [atexit]
