[rospy.client][INFO] 2021-09-09 15:30:40,020: init_node, name[/joint_state_publisher], pid[28450]
[xmlrpc][INFO] 2021-09-09 15:30:40,020: XML-RPC server binding to 0.0.0.0:0
[xmlrpc][INFO] 2021-09-09 15:30:40,020: Started XML-RPC server [http://wng:37923/]
[rospy.init][INFO] 2021-09-09 15:30:40,020: ROS Slave URI: [http://wng:37923/]
[rospy.impl.masterslave][INFO] 2021-09-09 15:30:40,020: _ready: http://wng:37923/
[xmlrpc][INFO] 2021-09-09 15:30:40,021: xml rpc node: starting XML-RPC server
[rospy.registration][INFO] 2021-09-09 15:30:40,021: Registering with master node http://localhost:11311
[rospy.init][INFO] 2021-09-09 15:30:40,121: registered with master
[rospy.rosout][INFO] 2021-09-09 15:30:40,121: initializing /rosout core topic
[rospy.rosout][INFO] 2021-09-09 15:30:40,123: connected to core topic /rosout
[rospy.simtime][INFO] 2021-09-09 15:30:40,124: /use_sim_time is not set, will not subscribe to simulated time [/clock] topic
[rospy.internal][INFO] 2021-09-09 15:30:40,144: topic[/move_group/fake_controller_joint_states] adding connection to [http://wng:39729/], count 0
[rospy.internal][INFO] 2021-09-09 15:30:40,339: topic[/rosout] adding connection to [/rosout], count 0
[rospy.internal][INFO] 2021-09-09 15:30:40,439: topic[/joint_states] adding connection to [/joint_state_desired_publisher], count 0
[rospy.internal][INFO] 2021-09-09 15:30:40,540: topic[/joint_states] adding connection to [/robot_state_publisher], count 1
[rospy.internal][INFO] 2021-09-09 15:31:24,557: topic[/joint_states] adding connection to [/move_group_commander_wrappers_1631169047171556215], count 2
[rospy.internal][INFO] 2021-09-09 15:49:47,939: topic[/joint_states] removing connection to /move_group_commander_wrappers_1631169047171556215
[rospy.core][INFO] 2021-09-09 15:50:00,849: signal_shutdown [signal-2]
[rospy.internal][INFO] 2021-09-09 15:50:00,852: topic[/joint_states] removing connection to /joint_state_desired_publisher
[rospy.internal][INFO] 2021-09-09 15:50:00,853: topic[/joint_states] removing connection to /robot_state_publisher
[rospy.internal][INFO] 2021-09-09 15:50:00,853: topic[/rosout] removing connection to /rosout
[rospy.internal][INFO] 2021-09-09 15:50:00,855: topic[/move_group/fake_controller_joint_states] removing connection to http://wng:39729/
[rospy.impl.masterslave][INFO] 2021-09-09 15:50:00,855: signal-2
[rospy.internal][WARNING] 2021-09-09 15:50:00,950: Unknown error initiating TCP/IP socket to wng:36345 (http://wng:39729/): Traceback (most recent call last):
  File "/opt/ros/melodic/lib/python2.7/dist-packages/rospy/impl/tcpros_base.py", line 562, in connect
    self.read_header()
  File "/opt/ros/melodic/lib/python2.7/dist-packages/rospy/impl/tcpros_base.py", line 657, in read_header
    self._validate_header(read_ros_handshake_header(sock, self.read_buff, self.protocol.buff_size))
  File "/opt/ros/melodic/lib/python2.7/dist-packages/rosgraph/network.py", line 357, in read_ros_handshake_header
    d = sock.recv(buff_size)
error: [Errno 104] Connection reset by peer

[rospy.core][INFO] 2021-09-09 15:50:00,986: signal_shutdown [atexit]
