[rospy.client][INFO] 2021-09-18 16:59:16,374: init_node, name[/joint_state_publisher], pid[11201]
[xmlrpc][INFO] 2021-09-18 16:59:16,375: XML-RPC server binding to 0.0.0.0:0
[xmlrpc][INFO] 2021-09-18 16:59:16,375: Started XML-RPC server [http://wng:42099/]
[rospy.init][INFO] 2021-09-18 16:59:16,375: ROS Slave URI: [http://wng:42099/]
[rospy.impl.masterslave][INFO] 2021-09-18 16:59:16,375: _ready: http://wng:42099/
[xmlrpc][INFO] 2021-09-18 16:59:16,375: xml rpc node: starting XML-RPC server
[rospy.registration][INFO] 2021-09-18 16:59:16,375: Registering with master node http://localhost:11311
[rospy.init][INFO] 2021-09-18 16:59:16,475: registered with master
[rospy.rosout][INFO] 2021-09-18 16:59:16,475: initializing /rosout core topic
[rospy.rosout][INFO] 2021-09-18 16:59:16,478: connected to core topic /rosout
[rospy.simtime][INFO] 2021-09-18 16:59:16,478: /use_sim_time is not set, will not subscribe to simulated time [/clock] topic
[rospy.internal][INFO] 2021-09-18 16:59:16,540: topic[/move_group/fake_controller_joint_states] adding connection to [http://wng:34533/], count 0
[rospy.internal][INFO] 2021-09-18 16:59:16,737: topic[/rosout] adding connection to [/rosout], count 0
[rospy.internal][INFO] 2021-09-18 16:59:16,738: topic[/joint_states] adding connection to [/robot_state_publisher], count 0
[rospy.internal][INFO] 2021-09-18 16:59:16,738: topic[/joint_states] adding connection to [/joint_state_desired_publisher], count 1
[rospy.internal][INFO] 2021-09-18 17:00:09,786: topic[/joint_states] adding connection to [/move_group_commander_wrappers_1631951969364433688], count 2
[rospy.core][INFO] 2021-09-18 17:11:28,646: signal_shutdown [signal-2]
[rospy.internal][INFO] 2021-09-18 17:11:28,648: topic[/joint_states] removing connection to /robot_state_publisher
[rospy.internal][INFO] 2021-09-18 17:11:28,653: topic[/joint_states] removing connection to /joint_state_desired_publisher
[rospy.internal][INFO] 2021-09-18 17:11:28,657: topic[/joint_states] removing connection to /move_group_commander_wrappers_1631951969364433688
[rospy.internal][INFO] 2021-09-18 17:11:28,657: topic[/rosout] removing connection to /rosout
[rospy.internal][INFO] 2021-09-18 17:11:28,661: topic[/move_group/fake_controller_joint_states] removing connection to http://wng:34533/
[rospy.impl.masterslave][INFO] 2021-09-18 17:11:28,661: signal-2
[rospy.core][INFO] 2021-09-18 17:11:28,764: signal_shutdown [atexit]
