[rospy.client][INFO] 2021-09-09 10:12:51,924: init_node, name[/joint_state_publisher], pid[5020]
[xmlrpc][INFO] 2021-09-09 10:12:51,924: XML-RPC server binding to 0.0.0.0:0
[xmlrpc][INFO] 2021-09-09 10:12:51,924: Started XML-RPC server [http://wng:33791/]
[rospy.init][INFO] 2021-09-09 10:12:51,925: ROS Slave URI: [http://wng:33791/]
[rospy.impl.masterslave][INFO] 2021-09-09 10:12:51,925: _ready: http://wng:33791/
[xmlrpc][INFO] 2021-09-09 10:12:51,927: xml rpc node: starting XML-RPC server
[rospy.registration][INFO] 2021-09-09 10:12:51,926: Registering with master node http://localhost:11311
[rospy.init][INFO] 2021-09-09 10:12:52,025: registered with master
[rospy.rosout][INFO] 2021-09-09 10:12:52,025: initializing /rosout core topic
[rospy.rosout][INFO] 2021-09-09 10:12:52,028: connected to core topic /rosout
[rospy.simtime][INFO] 2021-09-09 10:12:52,028: /use_sim_time is not set, will not subscribe to simulated time [/clock] topic
[rospy.internal][INFO] 2021-09-09 10:12:52,096: topic[/move_group/fake_controller_joint_states] adding connection to [http://wng:34731/], count 0
[rospy.internal][INFO] 2021-09-09 10:12:52,226: topic[/rosout] adding connection to [/rosout], count 0
[rospy.internal][INFO] 2021-09-09 10:12:52,322: topic[/joint_states] adding connection to [/robot_state_publisher], count 0
[rospy.internal][INFO] 2021-09-09 10:12:52,336: topic[/joint_states] adding connection to [/joint_state_desired_publisher], count 1
[rospy.internal][INFO] 2021-09-09 10:13:23,346: topic[/joint_states] adding connection to [/move_group_commander_wrappers_1631149980220535478], count 2
[rospy.core][INFO] 2021-09-09 10:17:36,311: signal_shutdown [signal-2]
[rospy.internal][INFO] 2021-09-09 10:17:36,314: topic[/joint_states] removing connection to /robot_state_publisher
[rospy.internal][INFO] 2021-09-09 10:17:36,317: topic[/joint_states] removing connection to /joint_state_desired_publisher
[rospy.internal][INFO] 2021-09-09 10:17:36,317: topic[/joint_states] removing connection to /move_group_commander_wrappers_1631149980220535478
[rospy.internal][INFO] 2021-09-09 10:17:36,317: topic[/rosout] removing connection to /rosout
[rospy.internal][INFO] 2021-09-09 10:17:36,318: topic[/move_group/fake_controller_joint_states] removing connection to http://wng:34731/
[rospy.impl.masterslave][INFO] 2021-09-09 10:17:36,318: signal-2
[rospy.internal][WARNING] 2021-09-09 10:17:36,320: Unknown error initiating TCP/IP socket to wng:57163 (http://wng:34731/): Traceback (most recent call last):
  File "/opt/ros/melodic/lib/python2.7/dist-packages/rospy/impl/tcpros_base.py", line 563, in connect
    self.local_endpoint = self.socket.getsockname()
AttributeError: 'NoneType' object has no attribute 'getsockname'

[rospy.core][INFO] 2021-09-09 10:17:36,421: signal_shutdown [atexit]
