[rospy.client][INFO] 2021-09-09 10:13:00,278: init_node, name[/PandaMove], pid[5019]
[xmlrpc][INFO] 2021-09-09 10:13:00,279: XML-RPC server binding to 0.0.0.0:0
[xmlrpc][INFO] 2021-09-09 10:13:00,279: Started XML-RPC server [http://wng:44681/]
[rospy.impl.masterslave][INFO] 2021-09-09 10:13:00,279: _ready: http://wng:44681/
[rospy.registration][INFO] 2021-09-09 10:13:00,280: Registering with master node http://localhost:11311
[xmlrpc][INFO] 2021-09-09 10:13:00,281: xml rpc node: starting XML-RPC server
[rospy.init][INFO] 2021-09-09 10:13:00,285: ROS Slave URI: [http://wng:44681/]
[rospy.init][INFO] 2021-09-09 10:13:00,285: registered with master
[rospy.rosout][INFO] 2021-09-09 10:13:00,285: initializing /rosout core topic
[rospy.rosout][INFO] 2021-09-09 10:13:00,293: connected to core topic /rosout
[rospy.simtime][INFO] 2021-09-09 10:13:00,301: /use_sim_time is not set, will not subscribe to simulated time [/clock] topic
[rospy.internal][INFO] 2021-09-09 10:13:01,905: topic[/rosout] adding connection to [/rosout], count 0
[rospy.internal][INFO] 2021-09-09 10:13:01,926: topic[/collision_object] adding connection to [/move_group], count 0
[rospy.internal][INFO] 2021-09-09 10:13:01,941: topic[/attached_collision_object] adding connection to [/move_group], count 0
[rospy.internal][INFO] 2021-09-09 10:13:02,006: topic[/tf_static] adding connection to [/move_group_commander_wrappers_1631149980220535478], count 0
[rospy.internal][INFO] 2021-09-09 10:13:02,032: topic[/tf_static] adding connection to [/move_group], count 1
[rospy.internal][INFO] 2021-09-09 10:13:02,033: topic[/tf_static] adding connection to [/rviz_wng_4983_1862035069586916969], count 2
[rosout][INFO] 2021-09-09 10:13:02,033: wait for update_place_pose_state
[rospy.internal][INFO] 2021-09-09 10:13:02,257: topic[/action] adding connection to [/rviz_wng_4983_1862035069586916969], count 0
[rosout][INFO] 2021-09-09 10:13:02,735: pan
[rosout][INFO] 2021-09-09 10:13:02,751: wait for update_place_pose_state
[rosout][INFO] 2021-09-09 10:13:03,459: pot
[rosout][INFO] 2021-09-09 10:13:03,495: wait for update_place_pose_state
[rosout][INFO] 2021-09-09 10:13:04,209: plate
[rosout][INFO] 2021-09-09 10:13:04,222: wait for update_place_pose_state
[rosout][INFO] 2021-09-09 10:13:04,947: bowl
[rosout][INFO] 2021-09-09 10:13:04,976: wait for update_place_pose_state
[rosout][INFO] 2021-09-09 10:13:05,719: spatula
[rosout][INFO] 2021-09-09 10:13:05,726: wait for update_place_pose_state
[rosout][INFO] 2021-09-09 10:13:06,476: spreader
[rosout][INFO] 2021-09-09 10:13:06,492: wait for update_place_pose_state
[rosout][INFO] 2021-09-09 10:13:07,248: scooper
[rosout][INFO] 2021-09-09 10:13:07,262: wait for update_place_pose_state
[rosout][INFO] 2021-09-09 10:13:08,020: knife
[rosout][INFO] 2021-09-09 10:13:08,041: wait for update_place_pose_state
[rosout][INFO] 2021-09-09 10:13:08,799: cutting_board
[rosout][INFO] 2021-09-09 10:13:08,814: wait for update_place_pose_state
[rosout][INFO] 2021-09-09 10:13:09,570: onion
[rosout][INFO] 2021-09-09 10:13:09,585: wait for update_place_pose_state
[rosout][INFO] 2021-09-09 10:13:10,355: spinach
[rosout][INFO] 2021-09-09 10:13:10,364: wait for update_place_pose_state
[rosout][INFO] 2021-09-09 10:13:11,114: green_pepper
[rosout][INFO] 2021-09-09 10:13:11,133: wait for update_place_pose_state
[rosout][INFO] 2021-09-09 10:13:11,903: cheese
[rosout][INFO] 2021-09-09 10:13:11,907: wait for update_place_pose_state
[rosout][INFO] 2021-09-09 10:13:12,687: oregano
[rosout][INFO] 2021-09-09 10:13:12,864: wait for update_place_pose_state
[rosout][INFO] 2021-09-09 10:13:13,635: black_olive
[rosout][INFO] 2021-09-09 10:13:13,649: wait for update_place_pose_state
[rosout][INFO] 2021-09-09 10:13:14,432: tomato
[rosout][INFO] 2021-09-09 10:13:14,445: wait for update_place_pose_state
[rosout][INFO] 2021-09-09 10:13:15,232: chopped_onion
[rosout][INFO] 2021-09-09 10:13:15,245: wait for update_place_pose_state
[rosout][INFO] 2021-09-09 10:13:16,042: chopped_spinach
[rosout][INFO] 2021-09-09 10:13:16,095: wait for update_place_pose_state
[rosout][INFO] 2021-09-09 10:13:16,865: chopped_green_pepper
[rosout][INFO] 2021-09-09 10:13:16,903: wait for update_place_pose_state
[rosout][INFO] 2021-09-09 10:13:17,695: chopped_cheese
[rosout][INFO] 2021-09-09 10:13:17,717: wait for update_place_pose_state
[rosout][INFO] 2021-09-09 10:13:18,498: chopped_tomato
[rosout][INFO] 2021-09-09 10:13:40,642: Scene Sync Completed
[rosout][INFO] 2021-09-09 10:13:40,643: ==================================================
[rosout][INFO] 2021-09-09 10:13:40,644: [task=1]
[rosout][INFO] 2021-09-09 10:13:40,645: wait for update_place_pose_state
[rosout][INFO] 2021-09-09 10:13:41,422: ####### generate problem #######
[rosout][INFO] 2021-09-09 10:13:41,423: using_ings: [set(['onion']), {}]
[rosout][INFO] 2021-09-09 10:13:41,424: using_objects: {'plate': 'plate', 'onion': 'onion', 'near_cutting_board': 'near_cutting_board', 'pot': 'pot', 'bowl': 'bowl', 'cutting_board': 'cutting_board', 'spatula': 'spatula', 'spreader': 'spreader', 'scooper': 'scooper', 'table': 'table', 'stove': 'stove', 'pan': 'pan', 'knife': 'knife'}
[rosout][INFO] 2021-09-09 10:13:41,425: goal: {'exist_oregano': True, 'exist_spinach': True, 'exist_black_olive': True, 'exist_tomato': True, 'exist_green_pepper': True, 'exist_cheese': True, 'exist_onion': True, 'chopped_onion': True}
[rosout][INFO] 2021-09-09 10:13:41,426: goal_diff: {'chopped_onion': True}
[rosout][INFO] 2021-09-09 10:13:41,426: current: {'plate_is_on': 'near_cutting_board', 'oregano_is_on': 'table1', 'spinach_is_on': 'table1', 'spatula_is_on': 'table1', 'bowl_is_on': 'table1', 'onion_is_on': 'table1', 'black_olive_is_on': 'table1', 'pot_is_on': 'table1', 'knife_is_on': 'table1', 'pan_is_on': 'table1', 'green_pepper_is_on': 'table1', 'scooper_is_on': 'table1', 'tomato_is_on': 'table1', 'cheese_is_on': 'table1', 'spreader_is_on': 'table1'}
[rosout][INFO] 2021-09-09 10:13:41,427: initial: {'exist_cheese': True, 'exist_spinach': True, 'oregano_is_in': 'None', 'exist_green_pepper': True, 'spinach_is_on': 'table1', 'spatula_is_on': 'table1', 'chopped_cheese': False, 'cooked_spinach': False, 'cooked_oregano': False, 'cooked_black_olive': False, 'exist_oregano': True, 'oregano_is_on': 'table1', 'salad_is_in': 'None', 'bowl_is_on': 'table1', 'chopped_salad': False, 'onion_is_on': 'table1', 'cooked_tomato': False, 'salad_is_on': 'table', 'cooked_cheese': False, 'spread_on_salad': 'None', 'exist_salad': False, 'black_olive_is_on': 'table1', 'knife_is_on': 'table1', 'spread_on_oregano': 'None', 'holding': 'None', 'spread_on_cheese': 'None', 'spread_on_onion': 'None', 'black_olive_is_in': 'None', 'spread_on_tomato': 'None', 'spread_on_black_olive': 'None', 'cooked_salad': False, 'cheese_is_on': 'table1', 'pot_is_on': 'table1', 'cooked_onion': False, 'chopped_green_pepper': False, 'spinach_is_in': 'None', 'exist_black_olive': True, 'cheese_is_in': 'None', 'spread_on_green_pepper': 'None', 'chopped_oregano': False, 'cooked_green_pepper': False, 'green_pepper_is_in': 'None', 'plate_is_on': 'near_cutting_board', 'tomato_is_on': 'table1', 'chopped_black_olive': False, 'exist_onion': True, 'chopped_tomato': False, 'tomato_is_in': 'None', 'pan_is_on': 'table1', 'onion_is_in': 'None', 'exist_tomato': True, 'green_pepper_is_on': 'table1', 'scooper_is_on': 'table1', 'spreader_is_on': 'table1', 'chopped_onion': False, 'chopped_spinach': False, 'spread_on_spinach': 'None'}
[rosout][INFO] 2021-09-09 10:13:41,790: ####### task plan info #######
[rosout][INFO] 2021-09-09 10:13:41,791: plan =  -> PickUp/onion -> Place/onion/cutting_board/ingredient -> PickUp/knife -> Chop/onion/knife
[rosout][INFO] 2021-09-09 10:13:41,792: length = 4
[rosout][INFO] 2021-09-09 10:13:41,793: num_of_expand = 429
[rosout][INFO] 2021-09-09 10:13:41,794: time = 0.362195014954
[rosout][INFO] 2021-09-09 10:13:41,795: success = True
[rosout][INFO] 2021-09-09 10:13:41,796: ==================================================
[rosout][INFO] 2021-09-09 10:13:41,797: [ola=0] ['PickUp', 'onion']
[rosout][INFO] 2021-09-09 10:13:41,915: move_to: 7
[rosout][INFO] 2021-09-09 10:13:50,852: Scene Sync Completed
[rosout][INFO] 2021-09-09 10:13:50,956: linear_motion: 1.0
[rosout][INFO] 2021-09-09 10:13:58,351: Scene Sync Completed
[rosout][INFO] 2021-09-09 10:13:58,352: obj_hierarchy = ['onion']
[rosout][INFO] 2021-09-09 10:13:59,557: Hand Sync Completed
[rosout][INFO] 2021-09-09 10:13:59,747: linear_motion: 1.0
[rosout][INFO] 2021-09-09 10:14:06,652: Scene Sync Completed
[rosout][INFO] 2021-09-09 10:14:06,653: ####### motion plan info #######
[rosout][INFO] 2021-09-09 10:14:06,654: planning_time = 0.114233016968
[rosout][INFO] 2021-09-09 10:14:06,655: execution_time = 1.89978003502
[rosout][INFO] 2021-09-09 10:14:06,656: success = True
[rosout][INFO] 2021-09-09 10:14:06,657: ####### motion plan info #######
[rosout][INFO] 2021-09-09 10:14:06,657: planning_time = 0.00616908073425
[rosout][INFO] 2021-09-09 10:14:06,658: execution_time = 1.09339308739
[rosout][INFO] 2021-09-09 10:14:06,659: success = True
[rosout][INFO] 2021-09-09 10:14:06,660: ####### motion plan info #######
[rosout][INFO] 2021-09-09 10:14:06,660: planning_time = None
[rosout][INFO] 2021-09-09 10:14:06,661: execution_time = None
[rosout][INFO] 2021-09-09 10:14:06,662: success = True
[rosout][INFO] 2021-09-09 10:14:06,663: ####### motion plan info #######
[rosout][INFO] 2021-09-09 10:14:06,664: planning_time = 0.0977041721344
[rosout][INFO] 2021-09-09 10:14:06,665: execution_time = 1.10144114494
[rosout][INFO] 2021-09-09 10:14:06,666: success = True
[rosout][INFO] 2021-09-09 10:14:06,666: ####### object-level action info #######
[rosout][INFO] 2021-09-09 10:14:06,667: time = 24.8551671505
[rosout][INFO] 2021-09-09 10:14:06,668: action = ['PickUp', 'onion']
[rosout][INFO] 2021-09-09 10:14:06,668: length = 4
[rosout][INFO] 2021-09-09 10:14:06,669: success = True
[rosout][INFO] 2021-09-09 10:14:06,670: ==================================================
[rosout][INFO] 2021-09-09 10:14:06,671: [ola=1] ['Place', 'onion', 'cutting_board', 'ingredient']
[rosout][INFO] 2021-09-09 10:14:06,671: wait for update_place_pose_state
[rosout][INFO] 2021-09-09 10:14:07,681: move_to: 9
[rosout][INFO] 2021-09-09 10:14:18,154: Scene Sync Completed
[rosout][INFO] 2021-09-09 10:14:18,292: linear_motion: 1.0
[rosout][INFO] 2021-09-09 10:14:25,751: Scene Sync Completed
[rosout][INFO] 2021-09-09 10:14:25,753: ['onion']
[rosout][INFO] 2021-09-09 10:14:26,921: Hand Sync Completed
[rosout][INFO] 2021-09-09 10:14:27,516: Motion Type Interaction Completed
[rosout][INFO] 2021-09-09 10:14:30,185: Scene Sync Completed
[rosout][INFO] 2021-09-09 10:14:30,252: linear_motion: 1.0
[rosout][INFO] 2021-09-09 10:14:37,353: Scene Sync Completed
[rosout][INFO] 2021-09-09 10:14:37,354: ####### motion plan info #######
[rosout][INFO] 2021-09-09 10:14:37,355: planning_time = 0.22358083725
[rosout][INFO] 2021-09-09 10:14:37,356: execution_time = 2.2982981205
[rosout][INFO] 2021-09-09 10:14:37,357: success = True
[rosout][INFO] 2021-09-09 10:14:37,358: ####### motion plan info #######
[rosout][INFO] 2021-09-09 10:14:37,358: planning_time = 0.0418927669525
[rosout][INFO] 2021-09-09 10:14:37,359: execution_time = 1.16018295288
[rosout][INFO] 2021-09-09 10:14:37,360: success = True
[rosout][INFO] 2021-09-09 10:14:37,361: ####### motion plan info #######
[rosout][INFO] 2021-09-09 10:14:37,362: planning_time = None
[rosout][INFO] 2021-09-09 10:14:37,363: execution_time = None
[rosout][INFO] 2021-09-09 10:14:37,363: success = True
[rosout][INFO] 2021-09-09 10:14:37,364: ####### motion plan info #######
[rosout][INFO] 2021-09-09 10:14:37,365: planning_time = 0.00214576721191
[rosout][INFO] 2021-09-09 10:14:37,366: execution_time = 1.19634103775
[rosout][INFO] 2021-09-09 10:14:37,367: success = True
[rosout][INFO] 2021-09-09 10:14:37,368: ####### object-level action info #######
[rosout][INFO] 2021-09-09 10:14:37,368: time = 30.6832029819
[rosout][INFO] 2021-09-09 10:14:37,369: action = ['Place', 'onion', 'cutting_board', 'ingredient']
[rosout][INFO] 2021-09-09 10:14:37,370: length = 4
[rosout][INFO] 2021-09-09 10:14:37,371: success = True
[rosout][INFO] 2021-09-09 10:14:37,372: ==================================================
[rosout][INFO] 2021-09-09 10:14:37,373: [ola=2] ['PickUp', 'knife']
[rosout][INFO] 2021-09-09 10:14:37,580: move_to: 10
[rosout][INFO] 2021-09-09 10:14:48,652: Scene Sync Completed
[rosout][INFO] 2021-09-09 10:14:48,801: linear_motion: 1.0
[rosout][INFO] 2021-09-09 10:14:55,852: Scene Sync Completed
[rosout][INFO] 2021-09-09 10:14:55,853: obj_hierarchy = ['knife']
[rosout][INFO] 2021-09-09 10:14:57,495: Hand Sync Completed
[rosout][INFO] 2021-09-09 10:14:57,553: linear_motion: 1.0
[rosout][INFO] 2021-09-09 10:15:04,951: Scene Sync Completed
[rosout][INFO] 2021-09-09 10:15:04,953: ####### motion plan info #######
[rosout][INFO] 2021-09-09 10:15:04,954: planning_time = 0.0889699459076
[rosout][INFO] 2021-09-09 10:15:04,954: execution_time = 1.79941797256
[rosout][INFO] 2021-09-09 10:15:04,955: success = True
[rosout][INFO] 2021-09-09 10:15:04,956: ####### motion plan info #######
[rosout][INFO] 2021-09-09 10:15:04,957: planning_time = 0.0509090423584
[rosout][INFO] 2021-09-09 10:15:04,958: execution_time = 1.04731988907
[rosout][INFO] 2021-09-09 10:15:04,959: success = True
[rosout][INFO] 2021-09-09 10:15:04,959: ####### motion plan info #######
[rosout][INFO] 2021-09-09 10:15:04,960: planning_time = None
[rosout][INFO] 2021-09-09 10:15:04,961: execution_time = None
[rosout][INFO] 2021-09-09 10:15:04,962: success = True
[rosout][INFO] 2021-09-09 10:15:04,963: ####### motion plan info #######
[rosout][INFO] 2021-09-09 10:15:04,964: planning_time = 0.0028829574585
[rosout][INFO] 2021-09-09 10:15:04,964: execution_time = 1.09623193741
[rosout][INFO] 2021-09-09 10:15:04,965: success = True
[rosout][INFO] 2021-09-09 10:15:04,966: ####### object-level action info #######
[rosout][INFO] 2021-09-09 10:15:04,967: time = 27.5790338516
[rosout][INFO] 2021-09-09 10:15:04,968: action = ['PickUp', 'knife']
[rosout][INFO] 2021-09-09 10:15:04,969: length = 4
[rosout][INFO] 2021-09-09 10:15:04,970: success = True
[rosout][INFO] 2021-09-09 10:15:04,970: ==================================================
[rosout][INFO] 2021-09-09 10:15:04,971: [ola=3] ['Chop', 'onion', 'knife']
[rosout][INFO] 2021-09-09 10:15:05,177: move_to: 2
[rosout][INFO] 2021-09-09 10:15:10,651: Scene Sync Completed
[rosout][INFO] 2021-09-09 10:15:10,777: move_to: 7
[rosout][INFO] 2021-09-09 10:15:20,451: Scene Sync Completed
[rosout][INFO] 2021-09-09 10:15:20,621: linear_motion: 0.75
[rosout][INFO] 2021-09-09 10:15:25,465: Motion Type Interaction Completed
[rosout][INFO] 2021-09-09 10:15:27,950: Scene Sync Completed
[rosout][INFO] 2021-09-09 10:15:28,052: reciprocating_motion: 1.0
[rosout][INFO] 2021-09-09 10:15:33,552: reciprocating_motion: 1.0
[rosout][INFO] 2021-09-09 10:15:39,201: Motion Type Interaction Completed
[rosout][INFO] 2021-09-09 10:15:46,240: Scene Sync Completed
[rosout][INFO] 2021-09-09 10:15:46,464: move_to: 2
[rosout][INFO] 2021-09-09 10:15:51,551: Scene Sync Completed
[rosout][INFO] 2021-09-09 10:15:51,553: ####### motion plan info #######
[rosout][INFO] 2021-09-09 10:15:51,554: planning_time = 0.126534938812
[rosout][INFO] 2021-09-09 10:15:51,554: execution_time = 0.501214981079
[rosout][INFO] 2021-09-09 10:15:51,555: success = True
[rosout][INFO] 2021-09-09 10:15:51,556: ####### motion plan info #######
[rosout][INFO] 2021-09-09 10:15:51,557: planning_time = 0.0830321311951
[rosout][INFO] 2021-09-09 10:15:51,558: execution_time = 1.7997469902
[rosout][INFO] 2021-09-09 10:15:51,559: success = True
[rosout][INFO] 2021-09-09 10:15:51,560: ####### motion plan info #######
[rosout][INFO] 2021-09-09 10:15:51,560: planning_time = 0.0713181495667
[rosout][INFO] 2021-09-09 10:15:51,562: execution_time = 1.12775588036
[rosout][INFO] 2021-09-09 10:15:51,563: success = True
[rosout][INFO] 2021-09-09 10:15:51,564: ####### motion plan info #######
[rosout][INFO] 2021-09-09 10:15:51,565: planning_time = 0.00213479995728
[rosout][INFO] 2021-09-09 10:15:51,566: execution_time = 0.00115919113159
[rosout][INFO] 2021-09-09 10:15:51,566: success = True
[rosout][INFO] 2021-09-09 10:15:51,567: ####### motion plan info #######
[rosout][INFO] 2021-09-09 10:15:51,568: planning_time = 0.00167393684387
[rosout][INFO] 2021-09-09 10:15:51,573: execution_time = 0.00102305412292
[rosout][INFO] 2021-09-09 10:15:51,574: success = True
[rosout][INFO] 2021-09-09 10:15:51,575: ####### motion plan info #######
[rosout][INFO] 2021-09-09 10:15:51,576: planning_time = 0.213720083237
[rosout][INFO] 2021-09-09 10:15:51,577: execution_time = 0.499729156494
[rosout][INFO] 2021-09-09 10:15:51,577: success = True
[rosout][INFO] 2021-09-09 10:15:51,578: ####### object-level action info #######
[rosout][INFO] 2021-09-09 10:15:51,579: time = 46.5755751133
[rosout][INFO] 2021-09-09 10:15:51,580: action = ['Chop', 'onion', 'knife']
[rosout][INFO] 2021-09-09 10:15:51,581: length = 6
[rosout][INFO] 2021-09-09 10:15:51,582: success = True
[rosout][INFO] 2021-09-09 10:15:51,583: ==================================================
[rosout][INFO] 2021-09-09 10:15:51,584: [task=2]
[rosout][INFO] 2021-09-09 10:15:51,585: wait for update_place_pose_state
[rosout][INFO] 2021-09-09 10:15:52,381: ####### generate problem #######
[rosout][INFO] 2021-09-09 10:15:52,383: using_ings: [set(['onion']), {}]
[rosout][INFO] 2021-09-09 10:15:52,384: using_objects: {'plate': 'plate', 'onion': 'onion', 'near_cutting_board': 'near_cutting_board', 'pot': 'pot', 'bowl': 'bowl', 'cutting_board': 'cutting_board', 'spatula': 'spatula', 'spreader': 'spreader', 'scooper': 'scooper', 'table': 'table', 'stove': 'stove', 'pan': 'pan', 'knife': 'knife'}
[rosout][INFO] 2021-09-09 10:15:52,384: goal: {'exist_oregano': True, 'exist_spinach': True, 'onion_is_in': 'bowl', 'exist_black_olive': True, 'exist_tomato': True, 'exist_green_pepper': True, 'exist_cheese': True, 'exist_onion': True, 'chopped_onion': True}
[rosout][INFO] 2021-09-09 10:15:52,385: goal_diff: {'onion_is_in': 'bowl'}
[rosout][INFO] 2021-09-09 10:15:52,386: current: {'plate_is_on': 'near_cutting_board', 'pan_is_on': 'table1', 'spinach_is_on': 'table1', 'spatula_is_on': 'table1', 'bowl_is_on': 'table1', 'onion_is_on': 'table1', 'black_olive_is_on': 'table1', 'pot_is_on': 'table1', 'oregano_is_on': 'table1', 'holding': 'knife', 'green_pepper_is_on': 'table1', 'scooper_is_on': 'table1', 'tomato_is_on': 'table1', 'cheese_is_on': 'table1', 'spreader_is_on': 'table1'}
[rosout][INFO] 2021-09-09 10:15:52,387: initial: {'exist_cheese': True, 'exist_spinach': True, 'oregano_is_in': 'None', 'exist_green_pepper': True, 'spinach_is_on': 'table1', 'spatula_is_on': 'table1', 'chopped_cheese': False, 'cooked_spinach': False, 'cooked_oregano': False, 'cooked_black_olive': False, 'exist_oregano': True, 'oregano_is_on': 'table1', 'salad_is_in': 'None', 'bowl_is_on': 'table1', 'chopped_salad': False, 'onion_is_on': 'table1', 'cooked_tomato': False, 'salad_is_on': 'table', 'cooked_cheese': False, 'spread_on_salad': 'None', 'exist_salad': False, 'black_olive_is_on': 'table1', 'knife_is_on': 'table', 'spread_on_oregano': 'None', 'holding': 'knife', 'spread_on_cheese': 'None', 'spread_on_onion': 'None', 'black_olive_is_in': 'None', 'spread_on_tomato': 'None', 'spread_on_black_olive': 'None', 'cooked_salad': False, 'cheese_is_on': 'table1', 'pot_is_on': 'table1', 'cooked_onion': False, 'chopped_green_pepper': False, 'spinach_is_in': 'None', 'exist_black_olive': True, 'cheese_is_in': 'None', 'spread_on_green_pepper': 'None', 'chopped_oregano': False, 'cooked_green_pepper': False, 'green_pepper_is_in': 'None', 'plate_is_on': 'near_cutting_board', 'tomato_is_on': 'table1', 'chopped_black_olive': False, 'exist_onion': True, 'chopped_tomato': False, 'tomato_is_in': 'None', 'pan_is_on': 'table1', 'onion_is_in': 'None', 'exist_tomato': True, 'green_pepper_is_on': 'table1', 'scooper_is_on': 'table1', 'spreader_is_on': 'table1', 'chopped_onion': True, 'chopped_spinach': False, 'spread_on_spinach': 'None'}
[rosout][INFO] 2021-09-09 10:15:52,633: ####### task plan info #######
[rosout][INFO] 2021-09-09 10:15:52,634: plan =  -> Place/knife/table/tool -> PickUp/bowl -> Place/bowl/near_cutting_board/dishware -> PickUp/knife -> Scrape/chopped_onion/bowl/knife
[rosout][INFO] 2021-09-09 10:15:52,635: length = 5
[rosout][INFO] 2021-09-09 10:15:52,636: num_of_expand = 396
[rosout][INFO] 2021-09-09 10:15:52,636: time = 0.241712808609
[rosout][INFO] 2021-09-09 10:15:52,637: success = True
[rosout][INFO] 2021-09-09 10:15:52,638: ==================================================
[rosout][INFO] 2021-09-09 10:15:52,639: [ola=0] ['Place', 'knife', 'table', 'tool']
[rosout][INFO] 2021-09-09 10:15:52,639: wait for update_place_pose_state
[rosout][INFO] 2021-09-09 10:15:53,516: move_to: 5
[rosout][INFO] 2021-09-09 10:16:01,651: Scene Sync Completed
[rosout][INFO] 2021-09-09 10:16:01,796: linear_motion: 1.0
[rosout][INFO] 2021-09-09 10:16:09,451: Scene Sync Completed
[rosout][INFO] 2021-09-09 10:16:09,452: ['knife']
[rosout][INFO] 2021-09-09 10:16:11,053: Hand Sync Completed
[rosout][INFO] 2021-09-09 10:16:11,528: Motion Type Interaction Completed
[rosout][INFO] 2021-09-09 10:16:14,200: Scene Sync Completed
[rosout][INFO] 2021-09-09 10:16:14,257: linear_motion: 1.0
[rosout][INFO] 2021-09-09 10:16:21,152: Scene Sync Completed
[rosout][INFO] 2021-09-09 10:16:21,153: ####### motion plan info #######
[rosout][INFO] 2021-09-09 10:16:21,154: planning_time = 0.0734689235687
[rosout][INFO] 2021-09-09 10:16:21,155: execution_time = 1.79999995232
[rosout][INFO] 2021-09-09 10:16:21,156: success = True
[rosout][INFO] 2021-09-09 10:16:21,157: ####### motion plan info #######
[rosout][INFO] 2021-09-09 10:16:21,158: planning_time = 0.0461699962616
[rosout][INFO] 2021-09-09 10:16:21,159: execution_time = 1.05257511139
[rosout][INFO] 2021-09-09 10:16:21,161: success = True
[rosout][INFO] 2021-09-09 10:16:21,162: ####### motion plan info #######
[rosout][INFO] 2021-09-09 10:16:21,163: planning_time = None
[rosout][INFO] 2021-09-09 10:16:21,164: execution_time = None
[rosout][INFO] 2021-09-09 10:16:21,165: success = True
[rosout][INFO] 2021-09-09 10:16:21,166: ####### motion plan info #######
[rosout][INFO] 2021-09-09 10:16:21,167: planning_time = 0.00706791877747
[rosout][INFO] 2021-09-09 10:16:21,168: execution_time = 1.19111299515
[rosout][INFO] 2021-09-09 10:16:21,169: success = True
[rosout][INFO] 2021-09-09 10:16:21,170: ####### object-level action info #######
[rosout][INFO] 2021-09-09 10:16:21,171: time = 28.5138521194
[rosout][INFO] 2021-09-09 10:16:21,172: action = ['Place', 'knife', 'table', 'tool']
[rosout][INFO] 2021-09-09 10:16:21,173: length = 4
[rosout][INFO] 2021-09-09 10:16:21,174: success = True
[rosout][INFO] 2021-09-09 10:16:21,175: ==================================================
[rosout][INFO] 2021-09-09 10:16:21,176: [ola=1] ['PickUp', 'bowl']
[rosout][INFO] 2021-09-09 10:16:21,621: move_to: 10
[rosout][INFO] 2021-09-09 10:16:32,951: Scene Sync Completed
[rosout][INFO] 2021-09-09 10:16:33,067: linear_motion: 1.0
[rosout][INFO] 2021-09-09 10:16:40,551: Scene Sync Completed
[rosout][INFO] 2021-09-09 10:16:40,552: obj_hierarchy = ['bowl']
[rosout][INFO] 2021-09-09 10:16:42,175: Hand Sync Completed
[rosout][INFO] 2021-09-09 10:16:42,257: linear_motion: 1.0
[rosout][INFO] 2021-09-09 10:16:49,902: Scene Sync Completed
[rosout][INFO] 2021-09-09 10:16:49,903: ####### motion plan info #######
[rosout][INFO] 2021-09-09 10:16:49,904: planning_time = 0.241055011749
[rosout][INFO] 2021-09-09 10:16:49,905: execution_time = 2.89864492416
[rosout][INFO] 2021-09-09 10:16:49,906: success = True
[rosout][INFO] 2021-09-09 10:16:49,907: ####### motion plan info #######
[rosout][INFO] 2021-09-09 10:16:49,908: planning_time = 0.0167109966278
[rosout][INFO] 2021-09-09 10:16:49,909: execution_time = 1.18220496178
[rosout][INFO] 2021-09-09 10:16:49,911: success = True
[rosout][INFO] 2021-09-09 10:16:49,912: ####### motion plan info #######
[rosout][INFO] 2021-09-09 10:16:49,913: planning_time = None
[rosout][INFO] 2021-09-09 10:16:49,915: execution_time = None
[rosout][INFO] 2021-09-09 10:16:49,916: success = True
[rosout][INFO] 2021-09-09 10:16:49,917: ####### motion plan info #######
[rosout][INFO] 2021-09-09 10:16:49,918: planning_time = 0.00712203979492
[rosout][INFO] 2021-09-09 10:16:49,920: execution_time = 1.19184994698
[rosout][INFO] 2021-09-09 10:16:49,921: success = True
[rosout][INFO] 2021-09-09 10:16:49,922: ####### object-level action info #######
[rosout][INFO] 2021-09-09 10:16:49,923: time = 28.7256541252
[rosout][INFO] 2021-09-09 10:16:49,924: action = ['PickUp', 'bowl']
[rosout][INFO] 2021-09-09 10:16:49,925: length = 4
[rosout][INFO] 2021-09-09 10:16:49,926: success = True
[rosout][INFO] 2021-09-09 10:16:49,928: ==================================================
[rosout][INFO] 2021-09-09 10:16:49,929: [ola=2] ['Place', 'bowl', 'near_cutting_board', 'dishware']
[rosout][INFO] 2021-09-09 10:16:49,930: wait for update_place_pose_state
[rosout][INFO] 2021-09-09 10:16:50,833: move_to: 11
[rosout][INFO] 2021-09-09 10:17:02,552: Scene Sync Completed
[rosout][INFO] 2021-09-09 10:17:02,714: linear_motion: 0.75
[rosout][INFO] 2021-09-09 10:17:09,651: Scene Sync Completed
[rosout][INFO] 2021-09-09 10:17:09,652: ['bowl']
[rosout][INFO] 2021-09-09 10:17:10,813: Hand Sync Completed
[rosout][INFO] 2021-09-09 10:17:11,315: Motion Type Interaction Completed
[rosout][INFO] 2021-09-09 10:17:13,751: Scene Sync Completed
[rosout][INFO] 2021-09-09 10:17:13,935: linear_motion: 0.75
[rosout][INFO] 2021-09-09 10:17:21,051: Scene Sync Completed
[rosout][INFO] 2021-09-09 10:17:21,053: ####### motion plan info #######
[rosout][INFO] 2021-09-09 10:17:21,053: planning_time = 0.100170135498
[rosout][INFO] 2021-09-09 10:17:21,054: execution_time = 2.39919090271
[rosout][INFO] 2021-09-09 10:17:21,055: success = True
[rosout][INFO] 2021-09-09 10:17:21,056: ####### motion plan info #######
[rosout][INFO] 2021-09-09 10:17:21,057: planning_time = 0.0638301372528
[rosout][INFO] 2021-09-09 10:17:21,058: execution_time = 1.13517999649
[rosout][INFO] 2021-09-09 10:17:21,059: success = True
[rosout][INFO] 2021-09-09 10:17:21,059: ####### motion plan info #######
[rosout][INFO] 2021-09-09 10:17:21,060: planning_time = None
[rosout][INFO] 2021-09-09 10:17:21,061: execution_time = None
[rosout][INFO] 2021-09-09 10:17:21,062: success = True
[rosout][INFO] 2021-09-09 10:17:21,063: ####### motion plan info #######
[rosout][INFO] 2021-09-09 10:17:21,064: planning_time = 0.0852739810944
[rosout][INFO] 2021-09-09 10:17:21,065: execution_time = 1.21347403526
[rosout][INFO] 2021-09-09 10:17:21,066: success = True
[rosout][INFO] 2021-09-09 10:17:21,067: ####### object-level action info #######
[rosout][INFO] 2021-09-09 10:17:21,067: time = 31.1228239536
[rosout][INFO] 2021-09-09 10:17:21,068: action = ['Place', 'bowl', 'near_cutting_board', 'dishware']
[rosout][INFO] 2021-09-09 10:17:21,069: length = 4
[rosout][INFO] 2021-09-09 10:17:21,070: success = True
[rosout][INFO] 2021-09-09 10:17:21,071: ==================================================
[rosout][INFO] 2021-09-09 10:17:21,072: [ola=3] ['PickUp', 'knife']
[rosout][INFO] 2021-09-09 10:17:21,303: move_to: 14
[rosout][INFO] 2021-09-09 10:17:34,251: Scene Sync Completed
[rosout][INFO] 2021-09-09 10:17:34,352: linear_motion: 1.0
[rospy.core][INFO] 2021-09-09 10:17:36,316: signal_shutdown [signal-2]
[rospy.internal][INFO] 2021-09-09 10:17:36,319: topic[/collision_object] removing connection to /move_group
[rospy.internal][INFO] 2021-09-09 10:17:36,319: topic[/rosout] removing connection to /rosout
[rospy.internal][INFO] 2021-09-09 10:17:36,320: topic[/tf_static] removing connection to /move_group_commander_wrappers_1631149980220535478
[rospy.internal][INFO] 2021-09-09 10:17:36,320: topic[/tf_static] removing connection to /move_group
[rospy.internal][INFO] 2021-09-09 10:17:36,320: topic[/tf_static] removing connection to /rviz_wng_4983_1862035069586916969
[rospy.internal][INFO] 2021-09-09 10:17:36,320: topic[/attached_collision_object] removing connection to /move_group
[rospy.internal][INFO] 2021-09-09 10:17:36,320: topic[/action] removing connection to /rviz_wng_4983_1862035069586916969
[rospy.impl.masterslave][INFO] 2021-09-09 10:17:36,321: signal-2
[rospy.core][INFO] 2021-09-09 10:17:51,344: signal_shutdown [signal-15]
