[rospy.client][INFO] 2021-09-09 10:12:52,514: init_node, name[/server_endpoint], pid[5018]
[xmlrpc][INFO] 2021-09-09 10:12:52,514: XML-RPC server binding to 0.0.0.0:0
[xmlrpc][INFO] 2021-09-09 10:12:52,514: Started XML-RPC server [http://wng:39797/]
[rospy.init][INFO] 2021-09-09 10:12:52,515: ROS Slave URI: [http://wng:39797/]
[rospy.impl.masterslave][INFO] 2021-09-09 10:12:52,515: _ready: http://wng:39797/
[rospy.registration][INFO] 2021-09-09 10:12:52,515: Registering with master node http://localhost:11311
[xmlrpc][INFO] 2021-09-09 10:12:52,515: xml rpc node: starting XML-RPC server
[rospy.init][INFO] 2021-09-09 10:12:52,615: registered with master
[rospy.rosout][INFO] 2021-09-09 10:12:52,616: initializing /rosout core topic
[rospy.rosout][INFO] 2021-09-09 10:12:52,618: connected to core topic /rosout
[rospy.simtime][INFO] 2021-09-09 10:12:52,621: /use_sim_time is not set, will not subscribe to simulated time [/clock] topic
[rosout][INFO] 2021-09-09 10:12:52,647: Starting server on 192.168.1.146:10000
[rospy.internal][INFO] 2021-09-09 10:12:52,829: topic[/rosout] adding connection to [/rosout], count 0
[rosout][INFO] 2021-09-09 10:12:55,735: Connection from 192.168.1.146
[rosout][INFO] 2021-09-09 10:12:55,739: RegisterPublisher(execution_check, <class 'panda_move.msg._ExecutionCheck.ExecutionCheck'>) OK
[rospy.internal][INFO] 2021-09-09 10:12:55,849: topic[/execution_check] adding connection to [http://wng:39797/], count 0
[rospy.internal][INFO] 2021-09-09 10:12:55,851: topic[/execution_check] adding connection to [/server_endpoint], count 0
[rospy.core][INFO] 2021-09-09 10:17:36,318: signal_shutdown [signal-2]
[rospy.internal][INFO] 2021-09-09 10:17:36,321: topic[/execution_check] removing connection to /server_endpoint
[rospy.internal][ERROR] 2021-09-09 10:17:36,322: Unable to initiate TCP/IP socket to wng:40227 (http://wng:39797/): Traceback (most recent call last):
  File "/opt/ros/melodic/lib/python2.7/dist-packages/rospy/impl/tcpros_base.py", line 562, in connect
    self.read_header()
  File "/opt/ros/melodic/lib/python2.7/dist-packages/rospy/impl/tcpros_base.py", line 657, in read_header
    self._validate_header(read_ros_handshake_header(sock, self.read_buff, self.protocol.buff_size))
  File "/opt/ros/melodic/lib/python2.7/dist-packages/rospy/impl/tcpros_base.py", line 600, in _validate_header
    raise TransportInitError("remote error reported: %s"%header['error'])
TransportInitError: remote error reported: node shutting down

[rospy.internal][INFO] 2021-09-09 10:17:36,322: topic[/rosout] removing connection to /rosout
[rospy.internal][INFO] 2021-09-09 10:17:36,322: topic[/execution_check] removing connection to http://wng:39797/
[rospy.impl.masterslave][INFO] 2021-09-09 10:17:36,323: signal-2
[rospy.core][INFO] 2021-09-09 10:17:36,494: signal_shutdown [atexit]
