[rospy.client][INFO] 2021-11-29 09:33:51,713: init_node, name[/server_endpoint], pid[8168]
[xmlrpc][INFO] 2021-11-29 09:33:51,713: XML-RPC server binding to 0.0.0.0:0
[xmlrpc][INFO] 2021-11-29 09:33:51,713: Started XML-RPC server [http://wng:40083/]
[rospy.init][INFO] 2021-11-29 09:33:51,714: ROS Slave URI: [http://wng:40083/]
[rospy.impl.masterslave][INFO] 2021-11-29 09:33:51,714: _ready: http://wng:40083/
[rospy.registration][INFO] 2021-11-29 09:33:51,715: Registering with master node http://localhost:11311
[xmlrpc][INFO] 2021-11-29 09:33:51,717: xml rpc node: starting XML-RPC server
[rospy.init][INFO] 2021-11-29 09:33:51,814: registered with master
[rospy.rosout][INFO] 2021-11-29 09:33:51,814: initializing /rosout core topic
[rospy.rosout][INFO] 2021-11-29 09:33:51,815: connected to core topic /rosout
[rospy.simtime][INFO] 2021-11-29 09:33:51,816: /use_sim_time is not set, will not subscribe to simulated time [/clock] topic
[rosout][INFO] 2021-11-29 09:33:51,821: Starting server on 192.168.1.146:10000
[rospy.internal][INFO] 2021-11-29 09:33:51,951: topic[/rosout] adding connection to [/rosout], count 0
[rosout][INFO] 2021-11-29 09:34:03,385: Connection from 192.168.1.146
[rosout][INFO] 2021-11-29 09:34:03,390: RegisterPublisher(execution_check, <class 'panda_move.msg._ExecutionCheck.ExecutionCheck'>) OK
[rospy.internal][INFO] 2021-11-29 09:34:03,451: topic[/execution_check] adding connection to [http://wng:40083/], count 0
[rospy.internal][INFO] 2021-11-29 09:34:03,454: topic[/execution_check] adding connection to [/server_endpoint], count 0
[rospy.core][INFO] 2021-11-29 09:52:01,407: signal_shutdown [signal-2]
[rospy.internal][INFO] 2021-11-29 09:52:01,410: topic[/execution_check] removing connection to /server_endpoint
[rospy.internal][INFO] 2021-11-29 09:52:01,411: topic[/rosout] removing connection to /rosout
[rospy.internal][ERROR] 2021-11-29 09:52:01,411: Unable to initiate TCP/IP socket to wng:41143 (http://wng:40083/): Traceback (most recent call last):
  File "/opt/ros/melodic/lib/python2.7/dist-packages/rospy/impl/tcpros_base.py", line 562, in connect
    self.read_header()
  File "/opt/ros/melodic/lib/python2.7/dist-packages/rospy/impl/tcpros_base.py", line 657, in read_header
    self._validate_header(read_ros_handshake_header(sock, self.read_buff, self.protocol.buff_size))
  File "/opt/ros/melodic/lib/python2.7/dist-packages/rospy/impl/tcpros_base.py", line 600, in _validate_header
    raise TransportInitError("remote error reported: %s"%header['error'])
TransportInitError: remote error reported: node shutting down

[rospy.internal][INFO] 2021-11-29 09:52:01,411: topic[/execution_check] removing connection to http://wng:40083/
[rospy.impl.masterslave][INFO] 2021-11-29 09:52:01,412: signal-2
[rospy.core][INFO] 2021-11-29 09:52:01,543: signal_shutdown [atexit]
