[rospy.client][INFO] 2021-09-17 11:57:31,269: init_node, name[/server_endpoint], pid[8642]
[xmlrpc][INFO] 2021-09-17 11:57:31,269: XML-RPC server binding to 0.0.0.0:0
[xmlrpc][INFO] 2021-09-17 11:57:31,269: Started XML-RPC server [http://wng:42435/]
[rospy.init][INFO] 2021-09-17 11:57:31,270: ROS Slave URI: [http://wng:42435/]
[rospy.impl.masterslave][INFO] 2021-09-17 11:57:31,270: _ready: http://wng:42435/
[rospy.registration][INFO] 2021-09-17 11:57:31,270: Registering with master node http://localhost:11311
[xmlrpc][INFO] 2021-09-17 11:57:31,270: xml rpc node: starting XML-RPC server
[rospy.init][INFO] 2021-09-17 11:57:31,370: registered with master
[rospy.rosout][INFO] 2021-09-17 11:57:31,370: initializing /rosout core topic
[rospy.rosout][INFO] 2021-09-17 11:57:31,372: connected to core topic /rosout
[rospy.simtime][INFO] 2021-09-17 11:57:31,374: /use_sim_time is not set, will not subscribe to simulated time [/clock] topic
[rosout][INFO] 2021-09-17 11:57:31,393: Starting server on 192.168.1.146:10000
[rospy.internal][INFO] 2021-09-17 11:57:31,648: topic[/rosout] adding connection to [/rosout], count 0
[rosout][INFO] 2021-09-17 11:57:44,609: Connection from 192.168.1.146
[rosout][INFO] 2021-09-17 11:57:44,615: RegisterPublisher(execution_check, <class 'panda_move.msg._ExecutionCheck.ExecutionCheck'>) OK
[rospy.internal][INFO] 2021-09-17 11:57:44,706: topic[/execution_check] adding connection to [http://wng:42435/], count 0
[rospy.internal][INFO] 2021-09-17 11:57:44,707: topic[/execution_check] adding connection to [/server_endpoint], count 0
[rospy.core][INFO] 2021-09-17 12:14:18,537: signal_shutdown [signal-2]
[rospy.internal][INFO] 2021-09-17 12:14:18,540: topic[/execution_check] removing connection to /server_endpoint
[rospy.internal][ERROR] 2021-09-17 12:14:18,541: Unable to initiate TCP/IP socket to wng:43963 (http://wng:42435/): Traceback (most recent call last):
  File "/opt/ros/melodic/lib/python2.7/dist-packages/rospy/impl/tcpros_base.py", line 562, in connect
    self.read_header()
  File "/opt/ros/melodic/lib/python2.7/dist-packages/rospy/impl/tcpros_base.py", line 657, in read_header
    self._validate_header(read_ros_handshake_header(sock, self.read_buff, self.protocol.buff_size))
  File "/opt/ros/melodic/lib/python2.7/dist-packages/rospy/impl/tcpros_base.py", line 600, in _validate_header
    raise TransportInitError("remote error reported: %s"%header['error'])
TransportInitError: remote error reported: node shutting down

[rospy.internal][INFO] 2021-09-17 12:14:18,541: topic[/rosout] removing connection to /rosout
[rospy.internal][INFO] 2021-09-17 12:14:18,541: topic[/execution_check] removing connection to http://wng:42435/
[rospy.impl.masterslave][INFO] 2021-09-17 12:14:18,542: signal-2
[rospy.core][INFO] 2021-09-17 12:14:18,706: signal_shutdown [atexit]
