[rospy.client][INFO] 2021-11-25 14:57:56,287: init_node, name[/joint_state_publisher], pid[14575]
[xmlrpc][INFO] 2021-11-25 14:57:56,287: XML-RPC server binding to 0.0.0.0:0
[xmlrpc][INFO] 2021-11-25 14:57:56,287: Started XML-RPC server [http://wng:45345/]
[rospy.init][INFO] 2021-11-25 14:57:56,287: ROS Slave URI: [http://wng:45345/]
[rospy.impl.masterslave][INFO] 2021-11-25 14:57:56,287: _ready: http://wng:45345/
[rospy.registration][INFO] 2021-11-25 14:57:56,288: Registering with master node http://localhost:11311
[xmlrpc][INFO] 2021-11-25 14:57:56,288: xml rpc node: starting XML-RPC server
[rospy.init][INFO] 2021-11-25 14:57:56,388: registered with master
[rospy.rosout][INFO] 2021-11-25 14:57:56,388: initializing /rosout core topic
[rospy.rosout][INFO] 2021-11-25 14:57:56,389: connected to core topic /rosout
[rospy.simtime][INFO] 2021-11-25 14:57:56,390: /use_sim_time is not set, will not subscribe to simulated time [/clock] topic
[rospy.internal][INFO] 2021-11-25 14:57:56,409: topic[/move_group/fake_controller_joint_states] adding connection to [http://wng:46389/], count 0
[rospy.internal][INFO] 2021-11-25 14:57:56,611: topic[/rosout] adding connection to [/rosout], count 0
[rospy.internal][INFO] 2021-11-25 14:57:56,611: topic[/joint_states] adding connection to [/joint_state_desired_publisher], count 0
[rospy.internal][INFO] 2021-11-25 14:57:56,611: topic[/joint_states] adding connection to [/robot_state_publisher], count 1
[rospy.internal][INFO] 2021-11-25 14:58:36,136: topic[/joint_states] adding connection to [/move_group_commander_wrappers_1637819878938339857], count 2
[rospy.internal][INFO] 2021-11-25 15:32:29,469: topic[/joint_states] removing connection to /move_group_commander_wrappers_1637819878938339857
[rospy.core][INFO] 2021-11-25 16:01:59,869: signal_shutdown [signal-2]
[rospy.internal][INFO] 2021-11-25 16:01:59,872: topic[/joint_states] removing connection to /joint_state_desired_publisher
[rospy.internal][INFO] 2021-11-25 16:01:59,873: topic[/joint_states] removing connection to /robot_state_publisher
[rospy.internal][INFO] 2021-11-25 16:01:59,873: topic[/rosout] removing connection to /rosout
[rospy.internal][INFO] 2021-11-25 16:01:59,873: topic[/move_group/fake_controller_joint_states] removing connection to http://wng:46389/
[rospy.impl.masterslave][INFO] 2021-11-25 16:01:59,874: signal-2
[rospy.core][INFO] 2021-11-25 16:02:00,037: signal_shutdown [atexit]
