[rospy.client][INFO] 2021-09-09 13:54:59,928: init_node, name[/joint_state_publisher], pid[14338]
[xmlrpc][INFO] 2021-09-09 13:54:59,929: XML-RPC server binding to 0.0.0.0:0
[xmlrpc][INFO] 2021-09-09 13:54:59,929: Started XML-RPC server [http://wng:38317/]
[rospy.init][INFO] 2021-09-09 13:54:59,929: ROS Slave URI: [http://wng:38317/]
[rospy.impl.masterslave][INFO] 2021-09-09 13:54:59,929: _ready: http://wng:38317/
[rospy.registration][INFO] 2021-09-09 13:54:59,930: Registering with master node http://localhost:11311
[xmlrpc][INFO] 2021-09-09 13:54:59,930: xml rpc node: starting XML-RPC server
[rospy.init][INFO] 2021-09-09 13:55:00,029: registered with master
[rospy.rosout][INFO] 2021-09-09 13:55:00,029: initializing /rosout core topic
[rospy.rosout][INFO] 2021-09-09 13:55:00,032: connected to core topic /rosout
[rospy.simtime][INFO] 2021-09-09 13:55:00,032: /use_sim_time is not set, will not subscribe to simulated time [/clock] topic
[rospy.internal][INFO] 2021-09-09 13:55:00,094: topic[/move_group/fake_controller_joint_states] adding connection to [http://wng:46667/], count 0
[rospy.internal][INFO] 2021-09-09 13:55:00,254: topic[/joint_states] adding connection to [/joint_state_desired_publisher], count 0
[rospy.internal][INFO] 2021-09-09 13:55:00,254: topic[/rosout] adding connection to [/rosout], count 0
[rospy.internal][INFO] 2021-09-09 13:55:00,254: topic[/joint_states] adding connection to [/robot_state_publisher], count 1
[rospy.core][INFO] 2021-09-09 13:59:19,004: signal_shutdown [signal-2]
[rospy.internal][INFO] 2021-09-09 13:59:19,007: topic[/joint_states] removing connection to /joint_state_desired_publisher
[rospy.internal][INFO] 2021-09-09 13:59:19,007: topic[/joint_states] removing connection to /robot_state_publisher
[rospy.internal][INFO] 2021-09-09 13:59:19,007: topic[/rosout] removing connection to /rosout
[rospy.internal][INFO] 2021-09-09 13:59:19,007: topic[/move_group/fake_controller_joint_states] removing connection to http://wng:46667/
[rospy.internal][WARNING] 2021-09-09 13:59:19,008: Unknown error initiating TCP/IP socket to wng:33775 (http://wng:46667/): Traceback (most recent call last):
  File "/opt/ros/melodic/lib/python2.7/dist-packages/rospy/impl/tcpros_base.py", line 562, in connect
    self.read_header()
  File "/opt/ros/melodic/lib/python2.7/dist-packages/rospy/impl/tcpros_base.py", line 657, in read_header
    self._validate_header(read_ros_handshake_header(sock, self.read_buff, self.protocol.buff_size))
AttributeError: 'NoneType' object has no attribute 'buff_size'

[rospy.topics][ERROR] 2021-09-09 13:59:19,008: Traceback (most recent call last):
  File "/opt/ros/melodic/lib/python2.7/dist-packages/rospy/topics.py", line 326, in close
    c.close()
  File "/opt/ros/melodic/lib/python2.7/dist-packages/rospy/impl/tcpros_base.py", line 846, in close
    self.socket.close()
AttributeError: 'NoneType' object has no attribute 'close'

[rospy.impl.masterslave][INFO] 2021-09-09 13:59:19,008: signal-2
[rospy.core][INFO] 2021-09-09 13:59:19,117: signal_shutdown [atexit]
