[rospy.client][INFO] 2021-12-14 10:04:23,979: init_node, name[/joint_state_publisher], pid[12850]
[xmlrpc][INFO] 2021-12-14 10:04:23,979: XML-RPC server binding to 0.0.0.0:0
[xmlrpc][INFO] 2021-12-14 10:04:23,979: Started XML-RPC server [http://wng:46323/]
[rospy.init][INFO] 2021-12-14 10:04:23,979: ROS Slave URI: [http://wng:46323/]
[rospy.impl.masterslave][INFO] 2021-12-14 10:04:23,980: _ready: http://wng:46323/
[xmlrpc][INFO] 2021-12-14 10:04:23,980: xml rpc node: starting XML-RPC server
[rospy.registration][INFO] 2021-12-14 10:04:23,980: Registering with master node http://localhost:11311
[rospy.init][INFO] 2021-12-14 10:04:24,080: registered with master
[rospy.rosout][INFO] 2021-12-14 10:04:24,080: initializing /rosout core topic
[rospy.rosout][INFO] 2021-12-14 10:04:24,082: connected to core topic /rosout
[rospy.simtime][INFO] 2021-12-14 10:04:24,083: /use_sim_time is not set, will not subscribe to simulated time [/clock] topic
[rospy.internal][INFO] 2021-12-14 10:04:24,145: topic[/move_group/fake_controller_joint_states] adding connection to [http://wng:33883/], count 0
[rospy.internal][INFO] 2021-12-14 10:04:24,242: topic[/rosout] adding connection to [/rosout], count 0
[rospy.internal][INFO] 2021-12-14 10:04:24,342: topic[/joint_states] adding connection to [/joint_state_desired_publisher], count 0
[rospy.internal][INFO] 2021-12-14 10:04:24,342: topic[/joint_states] adding connection to [/robot_state_publisher], count 1
[rospy.internal][INFO] 2021-12-14 10:04:56,841: topic[/joint_states] adding connection to [/move_group_commander_wrappers_1639443870651099808], count 2
[rospy.core][INFO] 2021-12-14 10:05:28,571: signal_shutdown [signal-2]
[rospy.internal][INFO] 2021-12-14 10:05:28,577: topic[/joint_states] removing connection to /joint_state_desired_publisher
[rospy.internal][INFO] 2021-12-14 10:05:28,577: topic[/joint_states] removing connection to /robot_state_publisher
[rospy.internal][INFO] 2021-12-14 10:05:28,578: topic[/joint_states] removing connection to /move_group_commander_wrappers_1639443870651099808
[rospy.internal][INFO] 2021-12-14 10:05:28,578: topic[/rosout] removing connection to /rosout
[rospy.internal][INFO] 2021-12-14 10:05:28,578: topic[/move_group/fake_controller_joint_states] removing connection to http://wng:33883/
[rospy.impl.masterslave][INFO] 2021-12-14 10:05:28,578: signal-2
[rospy.core][INFO] 2021-12-14 10:05:29,193: signal_shutdown [atexit]
