[rospy.client][INFO] 2021-09-18 20:58:23,455: init_node, name[/joint_state_publisher], pid[28978]
[xmlrpc][INFO] 2021-09-18 20:58:23,455: XML-RPC server binding to 0.0.0.0:0
[xmlrpc][INFO] 2021-09-18 20:58:23,455: Started XML-RPC server [http://wng:38575/]
[rospy.impl.masterslave][INFO] 2021-09-18 20:58:23,455: _ready: http://wng:38575/
[rospy.registration][INFO] 2021-09-18 20:58:23,456: Registering with master node http://localhost:11311
[xmlrpc][INFO] 2021-09-18 20:58:23,460: xml rpc node: starting XML-RPC server
[rospy.init][INFO] 2021-09-18 20:58:23,461: ROS Slave URI: [http://wng:38575/]
[rospy.init][INFO] 2021-09-18 20:58:23,461: registered with master
[rospy.rosout][INFO] 2021-09-18 20:58:23,461: initializing /rosout core topic
[rospy.rosout][INFO] 2021-09-18 20:58:23,469: connected to core topic /rosout
[rospy.simtime][INFO] 2021-09-18 20:58:23,473: /use_sim_time is not set, will not subscribe to simulated time [/clock] topic
[rospy.internal][INFO] 2021-09-18 20:58:23,535: topic[/move_group/fake_controller_joint_states] adding connection to [http://wng:35069/], count 0
[rospy.internal][INFO] 2021-09-18 20:58:23,634: topic[/rosout] adding connection to [/rosout], count 0
[rospy.internal][INFO] 2021-09-18 20:58:23,753: topic[/joint_states] adding connection to [/joint_state_desired_publisher], count 0
[rospy.internal][INFO] 2021-09-18 20:58:23,753: topic[/joint_states] adding connection to [/robot_state_publisher], count 1
[rospy.internal][INFO] 2021-09-18 20:59:14,580: topic[/joint_states] adding connection to [/move_group_commander_wrappers_1631966319641028980], count 2
[rospy.internal][INFO] 2021-09-18 21:16:26,418: topic[/joint_states] removing connection to /move_group_commander_wrappers_1631966319641028980
[rospy.core][INFO] 2021-09-18 21:17:04,577: signal_shutdown [signal-2]
[rospy.internal][INFO] 2021-09-18 21:17:04,580: topic[/joint_states] removing connection to /joint_state_desired_publisher
[rospy.internal][INFO] 2021-09-18 21:17:04,580: topic[/joint_states] removing connection to /robot_state_publisher
[rospy.internal][INFO] 2021-09-18 21:17:04,580: topic[/rosout] removing connection to /rosout
[rospy.internal][INFO] 2021-09-18 21:17:04,580: topic[/move_group/fake_controller_joint_states] removing connection to http://wng:35069/
[rospy.impl.masterslave][INFO] 2021-09-18 21:17:04,581: signal-2
[rospy.core][INFO] 2021-09-18 21:17:04,696: signal_shutdown [atexit]
