[rospy.client][INFO] 2021-12-10 08:35:54,985: init_node, name[/joint_state_publisher], pid[8563]
[xmlrpc][INFO] 2021-12-10 08:35:54,985: XML-RPC server binding to 0.0.0.0:0
[xmlrpc][INFO] 2021-12-10 08:35:54,985: Started XML-RPC server [http://wng:38011/]
[rospy.init][INFO] 2021-12-10 08:35:54,986: ROS Slave URI: [http://wng:38011/]
[rospy.impl.masterslave][INFO] 2021-12-10 08:35:54,986: _ready: http://wng:38011/
[rospy.registration][INFO] 2021-12-10 08:35:54,987: Registering with master node http://localhost:11311
[xmlrpc][INFO] 2021-12-10 08:35:54,987: xml rpc node: starting XML-RPC server
[rospy.init][INFO] 2021-12-10 08:35:55,086: registered with master
[rospy.rosout][INFO] 2021-12-10 08:35:55,086: initializing /rosout core topic
[rospy.rosout][INFO] 2021-12-10 08:35:55,088: connected to core topic /rosout
[rospy.simtime][INFO] 2021-12-10 08:35:55,089: /use_sim_time is not set, will not subscribe to simulated time [/clock] topic
[rospy.internal][INFO] 2021-12-10 08:35:55,158: topic[/move_group/fake_controller_joint_states] adding connection to [http://wng:36841/], count 0
[rospy.internal][INFO] 2021-12-10 08:35:55,230: topic[/rosout] adding connection to [/rosout], count 0
[rospy.internal][INFO] 2021-12-10 08:35:55,331: topic[/joint_states] adding connection to [/joint_state_desired_publisher], count 0
[rospy.internal][INFO] 2021-12-10 08:35:55,332: topic[/joint_states] adding connection to [/robot_state_publisher], count 1
[rospy.internal][INFO] 2021-12-10 08:36:23,479: topic[/joint_states] adding connection to [/move_group_commander_wrappers_1639092962840366968], count 2
[rospy.internal][INFO] 2021-12-10 08:51:52,113: topic[/joint_states] removing connection to /move_group_commander_wrappers_1639092962840366968
[rospy.core][INFO] 2021-12-10 08:51:55,289: signal_shutdown [signal-2]
[rospy.internal][INFO] 2021-12-10 08:51:55,295: topic[/joint_states] removing connection to /joint_state_desired_publisher
[rospy.internal][INFO] 2021-12-10 08:51:55,295: topic[/joint_states] removing connection to /robot_state_publisher
[rospy.internal][INFO] 2021-12-10 08:51:55,295: topic[/rosout] removing connection to /rosout
[rospy.internal][INFO] 2021-12-10 08:51:55,296: topic[/move_group/fake_controller_joint_states] removing connection to http://wng:36841/
[rospy.impl.masterslave][INFO] 2021-12-10 08:51:55,296: signal-2
[rospy.core][INFO] 2021-12-10 08:51:55,396: signal_shutdown [atexit]
