[rospy.client][INFO] 2021-12-01 16:28:12,249: init_node, name[/joint_state_publisher], pid[14490]
[xmlrpc][INFO] 2021-12-01 16:28:12,249: XML-RPC server binding to 0.0.0.0:0
[xmlrpc][INFO] 2021-12-01 16:28:12,249: Started XML-RPC server [http://wng:37673/]
[rospy.init][INFO] 2021-12-01 16:28:12,250: ROS Slave URI: [http://wng:37673/]
[rospy.impl.masterslave][INFO] 2021-12-01 16:28:12,250: _ready: http://wng:37673/
[rospy.registration][INFO] 2021-12-01 16:28:12,250: Registering with master node http://localhost:11311
[xmlrpc][INFO] 2021-12-01 16:28:12,250: xml rpc node: starting XML-RPC server
[rospy.init][INFO] 2021-12-01 16:28:12,350: registered with master
[rospy.rosout][INFO] 2021-12-01 16:28:12,350: initializing /rosout core topic
[rospy.rosout][INFO] 2021-12-01 16:28:12,352: connected to core topic /rosout
[rospy.simtime][INFO] 2021-12-01 16:28:12,352: /use_sim_time is not set, will not subscribe to simulated time [/clock] topic
[rospy.internal][INFO] 2021-12-01 16:28:12,420: topic[/move_group/fake_controller_joint_states] adding connection to [http://wng:33357/], count 0
[rospy.internal][INFO] 2021-12-01 16:28:12,491: topic[/rosout] adding connection to [/rosout], count 0
[rospy.internal][INFO] 2021-12-01 16:28:12,591: topic[/joint_states] adding connection to [/joint_state_desired_publisher], count 0
[rospy.internal][INFO] 2021-12-01 16:28:12,591: topic[/joint_states] adding connection to [/robot_state_publisher], count 1
[rospy.internal][INFO] 2021-12-01 16:28:41,785: topic[/joint_states] adding connection to [/move_group_commander_wrappers_1638343699652341793], count 2
[rospy.internal][INFO] 2021-12-01 16:41:11,875: topic[/joint_states] removing connection to /move_group_commander_wrappers_1638343699652341793
[rospy.core][INFO] 2021-12-01 16:41:14,781: signal_shutdown [signal-2]
[rospy.internal][INFO] 2021-12-01 16:41:14,785: topic[/joint_states] removing connection to /joint_state_desired_publisher
[rospy.internal][INFO] 2021-12-01 16:41:14,786: topic[/joint_states] removing connection to /robot_state_publisher
[rospy.internal][INFO] 2021-12-01 16:41:14,786: topic[/rosout] removing connection to /rosout
[rospy.internal][WARNING] 2021-12-01 16:41:14,786: Unknown error initiating TCP/IP socket to wng:54661 (http://wng:33357/): Traceback (most recent call last):
  File "/opt/ros/melodic/lib/python2.7/dist-packages/rospy/impl/tcpros_base.py", line 562, in connect
    self.read_header()
  File "/opt/ros/melodic/lib/python2.7/dist-packages/rospy/impl/tcpros_base.py", line 657, in read_header
    self._validate_header(read_ros_handshake_header(sock, self.read_buff, self.protocol.buff_size))
AttributeError: 'NoneType' object has no attribute 'buff_size'

[rospy.internal][INFO] 2021-12-01 16:41:14,787: topic[/move_group/fake_controller_joint_states] removing connection to http://wng:33357/
[rospy.topics][ERROR] 2021-12-01 16:41:14,787: Traceback (most recent call last):
  File "/opt/ros/melodic/lib/python2.7/dist-packages/rospy/topics.py", line 326, in close
    c.close()
  File "/opt/ros/melodic/lib/python2.7/dist-packages/rospy/impl/tcpros_base.py", line 846, in close
    self.socket.close()
AttributeError: 'NoneType' object has no attribute 'close'

[rospy.impl.masterslave][INFO] 2021-12-01 16:41:14,787: signal-2
[rospy.core][INFO] 2021-12-01 16:41:14,903: signal_shutdown [atexit]
