[rospy.client][INFO] 2021-12-01 16:28:12,558: init_node, name[/server_endpoint], pid[14488]
[xmlrpc][INFO] 2021-12-01 16:28:12,558: XML-RPC server binding to 0.0.0.0:0
[xmlrpc][INFO] 2021-12-01 16:28:12,558: Started XML-RPC server [http://wng:41935/]
[rospy.init][INFO] 2021-12-01 16:28:12,558: ROS Slave URI: [http://wng:41935/]
[rospy.impl.masterslave][INFO] 2021-12-01 16:28:12,559: _ready: http://wng:41935/
[rospy.registration][INFO] 2021-12-01 16:28:12,559: Registering with master node http://localhost:11311
[xmlrpc][INFO] 2021-12-01 16:28:12,559: xml rpc node: starting XML-RPC server
[rospy.init][INFO] 2021-12-01 16:28:12,659: registered with master
[rospy.rosout][INFO] 2021-12-01 16:28:12,659: initializing /rosout core topic
[rospy.rosout][INFO] 2021-12-01 16:28:12,660: connected to core topic /rosout
[rospy.simtime][INFO] 2021-12-01 16:28:12,661: /use_sim_time is not set, will not subscribe to simulated time [/clock] topic
[rosout][INFO] 2021-12-01 16:28:12,667: Starting server on 192.168.0.8:10000
[rospy.internal][INFO] 2021-12-01 16:28:12,892: topic[/rosout] adding connection to [/rosout], count 0
[rosout][INFO] 2021-12-01 16:28:18,715: Connection from 192.168.0.8
[rosout][INFO] 2021-12-01 16:28:18,720: RegisterPublisher(execution_check, <class 'panda_move.msg._ExecutionCheck.ExecutionCheck'>) OK
[rospy.internal][INFO] 2021-12-01 16:28:18,839: topic[/execution_check] adding connection to [http://wng:41935/], count 0
[rospy.internal][INFO] 2021-12-01 16:28:18,841: topic[/execution_check] adding connection to [/server_endpoint], count 0
[rospy.core][INFO] 2021-12-01 16:41:14,781: signal_shutdown [signal-2]
[rospy.internal][INFO] 2021-12-01 16:41:14,786: topic[/execution_check] removing connection to /server_endpoint
[rospy.internal][INFO] 2021-12-01 16:41:14,787: topic[/rosout] removing connection to /rosout
[rospy.internal][INFO] 2021-12-01 16:41:14,787: topic[/execution_check] removing connection to http://wng:41935/
[rospy.impl.masterslave][INFO] 2021-12-01 16:41:14,787: signal-2
[rospy.internal][ERROR] 2021-12-01 16:41:14,787: Unable to initiate TCP/IP socket to wng:46045 (http://wng:41935/): Traceback (most recent call last):
  File "/opt/ros/melodic/lib/python2.7/dist-packages/rospy/impl/tcpros_base.py", line 562, in connect
    self.read_header()
  File "/opt/ros/melodic/lib/python2.7/dist-packages/rospy/impl/tcpros_base.py", line 657, in read_header
    self._validate_header(read_ros_handshake_header(sock, self.read_buff, self.protocol.buff_size))
  File "/opt/ros/melodic/lib/python2.7/dist-packages/rospy/impl/tcpros_base.py", line 600, in _validate_header
    raise TransportInitError("remote error reported: %s"%header['error'])
TransportInitError: remote error reported: node shutting down

[rospy.core][INFO] 2021-12-01 16:41:14,951: signal_shutdown [atexit]
