[rosmaster.main][INFO] 2021-09-10 16:09:42,084: initialization complete, waiting for shutdown
[rosmaster.main][INFO] 2021-09-10 16:09:42,084: Starting ROS Master Node
[xmlrpc][INFO] 2021-09-10 16:09:42,085: XML-RPC server binding to 0.0.0.0:11311
[xmlrpc][INFO] 2021-09-10 16:09:42,085: Started XML-RPC server [http://wng:11311/]
[xmlrpc][INFO] 2021-09-10 16:09:42,085: xml rpc node: starting XML-RPC server
[rosmaster.master][INFO] 2021-09-10 16:09:42,085: Master initialized: port[11311], uri[http://wng:11311/]
[rosmaster.master][INFO] 2021-09-10 16:09:42,153: +PARAM [/run_id] by /roslaunch
[rosmaster.master][INFO] 2021-09-10 16:09:42,156: +PARAM [/roslaunch/uris/host_wng__32923] by /roslaunch
[rosmaster.master][INFO] 2021-09-10 16:09:42,227: +SERVICE [/rosout/get_loggers] /rosout http://wng:37299/
[rosmaster.master][INFO] 2021-09-10 16:09:42,227: +SERVICE [/rosout/set_logger_level] /rosout http://wng:37299/
[rosmaster.master][INFO] 2021-09-10 16:09:42,228: +PUB [/rosout_agg] /rosout http://wng:37299/
[rosmaster.master][INFO] 2021-09-10 16:09:42,229: +SUB [/rosout] /rosout http://wng:37299/
[rosmaster.master][INFO] 2021-09-10 16:09:42,305: +PARAM [/move_group/planner_configs/RRTkConfigDefault/goal_bias] by /roslaunch
[rosmaster.master][INFO] 2021-09-10 16:09:42,306: +PARAM [/move_group/panda_arm/planner_configs] by /roslaunch
[rosmaster.master][INFO] 2021-09-10 16:09:42,306: +PARAM [/robot_description_semantic] by /roslaunch
[rosmaster.master][INFO] 2021-09-10 16:09:42,306: +PARAM [/move_group/planner_configs/SPARStwokConfigDefault/stretch_factor] by /roslaunch
[rosmaster.master][INFO] 2021-09-10 16:09:42,306: +PARAM [/robot_description_planning/joint_limits/panda_joint3/has_acceleration_limits] by /roslaunch
[rosmaster.master][INFO] 2021-09-10 16:09:42,306: +PARAM [/move_group/planner_configs/STRIDEkConfigDefault/max_degree] by /roslaunch
[rosmaster.master][INFO] 2021-09-10 16:09:42,306: +PARAM [/move_group/planner_configs/RRTstarkConfigDefault/range] by /roslaunch
[rosmaster.master][INFO] 2021-09-10 16:09:42,307: +PARAM [/move_group/planner_configs/SPARSkConfigDefault/sparse_delta_fraction] by /roslaunch
[rosmaster.master][INFO] 2021-09-10 16:09:42,307: +PARAM [/move_group/planner_configs/FMTkConfigDefault/radius_multiplier] by /roslaunch
[rosmaster.master][INFO] 2021-09-10 16:09:42,307: +PARAM [/move_group/controller_list] by /roslaunch
[rosmaster.master][INFO] 2021-09-10 16:09:42,307: +PARAM [/move_group/planner_configs/BFMTkConfigDefault/cache_cc] by /roslaunch
[rosmaster.master][INFO] 2021-09-10 16:09:42,307: +PARAM [/move_group/planner_configs/STRIDEkConfigDefault/goal_bias] by /roslaunch
[rosmaster.master][INFO] 2021-09-10 16:09:42,307: +PARAM [/move_group/max_safe_path_cost] by /roslaunch
[rosmaster.master][INFO] 2021-09-10 16:09:42,307: +PARAM [/move_group/planner_configs/BiTRRTkConfigDefault/temp_change_factor] by /roslaunch
[rosmaster.master][INFO] 2021-09-10 16:09:42,308: +PARAM [/move_group/planner_configs/SPARStwokConfigDefault/sparse_delta_fraction] by /roslaunch
[rosmaster.master][INFO] 2021-09-10 16:09:42,308: +PARAM [/move_group/hand/planner_configs] by /roslaunch
[rosmaster.master][INFO] 2021-09-10 16:09:42,308: +PARAM [/move_group/planner_configs/RRTstarkConfigDefault/goal_bias] by /roslaunch
[rosmaster.master][INFO] 2021-09-10 16:09:42,308: +PARAM [/move_group/planner_configs/STRIDEkConfigDefault/range] by /roslaunch
[rosmaster.master][INFO] 2021-09-10 16:09:42,308: +PARAM [/move_group/planning_scene_monitor/publish_planning_scene] by /roslaunch
[rosmaster.master][INFO] 2021-09-10 16:09:42,308: +PARAM [/move_group/octomap_frame] by /roslaunch
[rosmaster.master][INFO] 2021-09-10 16:09:42,308: +PARAM [/move_group/planner_configs/PRMkConfigDefault/type] by /roslaunch
[rosmaster.master][INFO] 2021-09-10 16:09:42,308: +PARAM [/move_group/planner_configs/BiESTkConfigDefault/range] by /roslaunch
[rosmaster.master][INFO] 2021-09-10 16:09:42,308: +PARAM [/move_group/planner_configs/ESTkConfigDefault/range] by /roslaunch
[rosmaster.master][INFO] 2021-09-10 16:09:42,309: +PARAM [/move_group/planner_configs/KPIECEkConfigDefault/min_valid_path_fraction] by /roslaunch
[rosmaster.master][INFO] 2021-09-10 16:09:42,309: +PARAM [/robot_description_planning/joint_limits/panda_finger_joint2/max_acceleration] by /roslaunch
[rosmaster.master][INFO] 2021-09-10 16:09:42,309: +PARAM [/move_group/planner_configs/BKPIECEkConfigDefault/border_fraction] by /roslaunch
[rosmaster.master][INFO] 2021-09-10 16:09:42,309: +PARAM [/move_group/planner_configs/SPARStwokConfigDefault/max_failures] by /roslaunch
[rosmaster.master][INFO] 2021-09-10 16:09:42,309: +PARAM [/move_group/planner_configs/BiTRRTkConfigDefault/frountier_node_ratio] by /roslaunch
[rosmaster.master][INFO] 2021-09-10 16:09:42,309: +PARAM [/move_group/planner_configs/PRMkConfigDefault/max_nearest_neighbors] by /roslaunch
[rosmaster.master][INFO] 2021-09-10 16:09:42,309: +PARAM [/move_group/planner_configs/BiTRRTkConfigDefault/cost_threshold] by /roslaunch
[rosmaster.master][INFO] 2021-09-10 16:09:42,310: +PARAM [/robot_description_kinematics/panda_arm/kinematics_solver] by /roslaunch
[rosmaster.master][INFO] 2021-09-10 16:09:42,310: +PARAM [/move_group/planner_configs/TRRTkConfigDefault/goal_bias] by /roslaunch
[rosmaster.master][INFO] 2021-09-10 16:09:42,310: +PARAM [/move_group/planner_configs/LBTRRTkConfigDefault/type] by /roslaunch
[rosmaster.master][INFO] 2021-09-10 16:09:42,310: +PARAM [/move_group/planner_configs/FMTkConfigDefault/cache_cc] by /roslaunch
[rosmaster.master][INFO] 2021-09-10 16:09:42,310: +PARAM [/robot_description_planning/joint_limits/panda_joint2/max_velocity] by /roslaunch
[rosmaster.master][INFO] 2021-09-10 16:09:42,310: +PARAM [/robot_description_planning/joint_limits/panda_joint5/max_acceleration] by /roslaunch
[rosmaster.master][INFO] 2021-09-10 16:09:42,310: +PARAM [/move_group/planner_configs/FMTkConfigDefault/type] by /roslaunch
[rosmaster.master][INFO] 2021-09-10 16:09:42,310: +PARAM [/move_group/planner_configs/ProjESTkConfigDefault/type] by /roslaunch
[rosmaster.master][INFO] 2021-09-10 16:09:42,310: +PARAM [/move_group/planner_configs/LBTRRTkConfigDefault/epsilon] by /roslaunch
[rosmaster.master][INFO] 2021-09-10 16:09:42,311: +PARAM [/move_group/planner_configs/LazyPRMkConfigDefault/type] by /roslaunch
[rosmaster.master][INFO] 2021-09-10 16:09:42,311: +PARAM [/move_group/planner_configs/STRIDEkConfigDefault/min_degree] by /roslaunch
[rosmaster.master][INFO] 2021-09-10 16:09:42,311: +PARAM [/move_group/planner_configs/TRRTkConfigDefault/max_states_failed] by /roslaunch
[rosmaster.master][INFO] 2021-09-10 16:09:42,311: +PARAM [/move_group/planner_configs/BKPIECEkConfigDefault/min_valid_path_fraction] by /roslaunch
[rosmaster.master][INFO] 2021-09-10 16:09:42,311: +PARAM [/move_group/planner_configs/SBLkConfigDefault/range] by /roslaunch
[rosmaster.master][INFO] 2021-09-10 16:09:42,311: +PARAM [/robot_description_planning/joint_limits/panda_finger_joint2/has_acceleration_limits] by /roslaunch
[rosmaster.master][INFO] 2021-09-10 16:09:42,311: +PARAM [/robot_description_planning/joint_limits/panda_joint6/max_velocity] by /roslaunch
[rosmaster.master][INFO] 2021-09-10 16:09:42,311: +PARAM [/move_group/planner_configs/TRRTkConfigDefault/frountierNodeRatio] by /roslaunch
[rosmaster.master][INFO] 2021-09-10 16:09:42,312: +PARAM [/move_group/planner_configs/BFMTkConfigDefault/type] by /roslaunch
[rosmaster.master][INFO] 2021-09-10 16:09:42,312: +PARAM [/robot_description_planning/joint_limits/panda_joint3/max_acceleration] by /roslaunch
[rosmaster.master][INFO] 2021-09-10 16:09:42,312: +PARAM [/move_group/planning_plugin] by /roslaunch
[rosmaster.master][INFO] 2021-09-10 16:09:42,312: +PARAM [/robot_description_planning/joint_limits/panda_joint7/max_velocity] by /roslaunch
[rosmaster.master][INFO] 2021-09-10 16:09:42,312: +PARAM [/move_group/planning_scene_monitor/publish_geometry_updates] by /roslaunch
[rosmaster.master][INFO] 2021-09-10 16:09:42,312: +PARAM [/move_group/planner_configs/LazyPRMkConfigDefault/range] by /roslaunch
[rosmaster.master][INFO] 2021-09-10 16:09:42,312: +PARAM [/move_group/planner_configs/TRRTkConfigDefault/type] by /roslaunch
[rosmaster.master][INFO] 2021-09-10 16:09:42,312: +PARAM [/robot_description_planning/joint_limits/panda_joint5/max_velocity] by /roslaunch
[rosmaster.master][INFO] 2021-09-10 16:09:42,312: +PARAM [/move_group/planner_configs/BiTRRTkConfigDefault/init_temperature] by /roslaunch
[rosmaster.master][INFO] 2021-09-10 16:09:42,313: +PARAM [/move_group/planner_configs/SPARSkConfigDefault/max_failures] by /roslaunch
[rosmaster.master][INFO] 2021-09-10 16:09:42,313: +PARAM [/move_group/planner_configs/BiTRRTkConfigDefault/range] by /roslaunch
[rosmaster.master][INFO] 2021-09-10 16:09:42,313: +PARAM [/move_group/planner_configs/PDSTkConfigDefault/type] by /roslaunch
[rosmaster.master][INFO] 2021-09-10 16:09:42,313: +PARAM [/move_group/trajectory_execution/allowed_goal_duration_margin] by /roslaunch
[rosmaster.master][INFO] 2021-09-10 16:09:42,313: +PARAM [/rosdistro] by /roslaunch
[rosmaster.master][INFO] 2021-09-10 16:09:42,313: +PARAM [/robot_description_planning/joint_limits/panda_joint1/has_velocity_limits] by /roslaunch
[rosmaster.master][INFO] 2021-09-10 16:09:42,313: +PARAM [/rviz_wng_8863_4026351648216089009/panda_arm/kinematics_solver_timeout] by /roslaunch
[rosmaster.master][INFO] 2021-09-10 16:09:42,313: +PARAM [/move_group/planner_configs/STRIDEkConfigDefault/max_pts_per_leaf] by /roslaunch
[rosmaster.master][INFO] 2021-09-10 16:09:42,313: +PARAM [/move_group/planner_configs/BFMTkConfigDefault/nearest_k] by /roslaunch
[rosmaster.master][INFO] 2021-09-10 16:09:42,313: +PARAM [/move_group/planner_configs/LazyPRMstarkConfigDefault/type] by /roslaunch
[rosmaster.master][INFO] 2021-09-10 16:09:42,313: +PARAM [/robot_description_kinematics/panda_arm/kinematics_solver_timeout] by /roslaunch
[rosmaster.master][INFO] 2021-09-10 16:09:42,314: +PARAM [/move_group/planner_configs/PRMstarkConfigDefault/type] by /roslaunch
[rosmaster.master][INFO] 2021-09-10 16:09:42,314: +PARAM [/move_group/planner_configs/RRTkConfigDefault/range] by /roslaunch
[rosmaster.master][INFO] 2021-09-10 16:09:42,314: +PARAM [/move_group/allow_trajectory_execution] by /roslaunch
[rosmaster.master][INFO] 2021-09-10 16:09:42,314: +PARAM [/move_group/planner_configs/SPARSkConfigDefault/stretch_factor] by /roslaunch
[rosmaster.master][INFO] 2021-09-10 16:09:42,314: +PARAM [/move_group/planner_configs/ESTkConfigDefault/type] by /roslaunch
[rosmaster.master][INFO] 2021-09-10 16:09:42,314: +PARAM [/robot_description_planning/joint_limits/panda_joint4/max_acceleration] by /roslaunch
[rosmaster.master][INFO] 2021-09-10 16:09:42,314: +PARAM [/move_group/start_state_max_bounds_error] by /roslaunch
[rosmaster.master][INFO] 2021-09-10 16:09:42,314: +PARAM [/robot_description_planning/joint_limits/panda_finger_joint2/has_velocity_limits] by /roslaunch
[rosmaster.master][INFO] 2021-09-10 16:09:42,314: +PARAM [/move_group/max_range] by /roslaunch
[rosmaster.master][INFO] 2021-09-10 16:09:42,314: +PARAM [/robot_description_kinematics/panda_arm/kinematics_solver_search_resolution] by /roslaunch
[rosmaster.master][INFO] 2021-09-10 16:09:42,314: +PARAM [/robot_description_planning/joint_limits/panda_joint2/max_acceleration] by /roslaunch
[rosmaster.master][INFO] 2021-09-10 16:09:42,315: +PARAM [/move_group/planner_configs/RRTstarkConfigDefault/type] by /roslaunch
[rosmaster.master][INFO] 2021-09-10 16:09:42,315: +PARAM [/move_group/planner_configs/STRIDEkConfigDefault/min_valid_path_fraction] by /roslaunch
[rosmaster.master][INFO] 2021-09-10 16:09:42,315: +PARAM [/robot_description_planning/joint_limits/panda_joint7/has_acceleration_limits] by /roslaunch
[rosmaster.master][INFO] 2021-09-10 16:09:42,315: +PARAM [/move_group/planner_configs/BiTRRTkConfigDefault/frountier_threshold] by /roslaunch
[rosmaster.master][INFO] 2021-09-10 16:09:42,315: +PARAM [/robot_description_planning/joint_limits/panda_joint5/has_acceleration_limits] by /roslaunch
[rosmaster.master][INFO] 2021-09-10 16:09:42,315: +PARAM [/joint_state_publisher/use_gui] by /roslaunch
[rosmaster.master][INFO] 2021-09-10 16:09:42,315: +PARAM [/move_group/planner_configs/BKPIECEkConfigDefault/type] by /roslaunch
[rosmaster.master][INFO] 2021-09-10 16:09:42,315: +PARAM [/robot_description_planning/joint_limits/panda_joint7/max_acceleration] by /roslaunch
[rosmaster.master][INFO] 2021-09-10 16:09:42,315: +PARAM [/robot_description_planning/joint_limits/panda_joint6/max_acceleration] by /roslaunch
[rosmaster.master][INFO] 2021-09-10 16:09:42,315: +PARAM [/move_group/trajectory_execution/allowed_execution_duration_scaling] by /roslaunch
[rosmaster.master][INFO] 2021-09-10 16:09:42,315: +PARAM [/move_group/planner_configs/KPIECEkConfigDefault/border_fraction] by /roslaunch
[rosmaster.master][INFO] 2021-09-10 16:09:42,316: +PARAM [/move_group/trajectory_execution/allowed_start_tolerance] by /roslaunch
[rosmaster.master][INFO] 2021-09-10 16:09:42,316: +PARAM [/robot_description_planning/joint_limits/panda_joint3/max_velocity] by /roslaunch
[rosmaster.master][INFO] 2021-09-10 16:09:42,316: +PARAM [/move_group/moveit_manage_controllers] by /roslaunch
[rosmaster.master][INFO] 2021-09-10 16:09:42,316: +PARAM [/move_group/panda_arm_hand/planner_configs] by /roslaunch
[rosmaster.master][INFO] 2021-09-10 16:09:42,316: +PARAM [/move_group/planner_configs/FMTkConfigDefault/heuristics] by /roslaunch
[rosmaster.master][INFO] 2021-09-10 16:09:42,316: +PARAM [/move_group/planner_configs/BFMTkConfigDefault/optimality] by /roslaunch
[rosmaster.master][INFO] 2021-09-10 16:09:42,316: +PARAM [/robot_description_planning/joint_limits/panda_joint2/has_acceleration_limits] by /roslaunch
[rosmaster.master][INFO] 2021-09-10 16:09:42,316: +PARAM [/move_group/planner_configs/FMTkConfigDefault/nearest_k] by /roslaunch
[rosmaster.master][INFO] 2021-09-10 16:09:42,316: +PARAM [/move_group/planner_configs/ProjESTkConfigDefault/goal_bias] by /roslaunch
[rosmaster.master][INFO] 2021-09-10 16:09:42,317: +PARAM [/move_group/planner_configs/ESTkConfigDefault/goal_bias] by /roslaunch
[rosmaster.master][INFO] 2021-09-10 16:09:42,317: +PARAM [/move_group/planner_configs/BFMTkConfigDefault/radius_multiplier] by /roslaunch
[rosmaster.master][INFO] 2021-09-10 16:09:42,317: +PARAM [/move_group/planner_configs/LBKPIECEkConfigDefault/border_fraction] by /roslaunch
[rosmaster.master][INFO] 2021-09-10 16:09:42,317: +PARAM [/move_group/jiggle_fraction] by /roslaunch
[rosmaster.master][INFO] 2021-09-10 16:09:42,317: +PARAM [/move_group/planner_configs/SPARStwokConfigDefault/dense_delta_fraction] by /roslaunch
[rosmaster.master][INFO] 2021-09-10 16:09:42,317: +PARAM [/move_group/planner_configs/BFMTkConfigDefault/num_samples] by /roslaunch
[rosmaster.master][INFO] 2021-09-10 16:09:42,317: +PARAM [/move_group/planner_configs/TRRTkConfigDefault/range] by /roslaunch
[rosmaster.master][INFO] 2021-09-10 16:09:42,317: +PARAM [/move_group/planning_scene_monitor/publish_state_updates] by /roslaunch
[rosmaster.master][INFO] 2021-09-10 16:09:42,317: +PARAM [/move_group/planner_configs/TRRTkConfigDefault/temp_change_factor] by /roslaunch
[rosmaster.master][INFO] 2021-09-10 16:09:42,317: +PARAM [/robot_description_planning/joint_limits/panda_joint1/max_velocity] by /roslaunch
[rosmaster.master][INFO] 2021-09-10 16:09:42,317: +PARAM [/move_group/planner_configs/BKPIECEkConfigDefault/range] by /roslaunch
[rosmaster.master][INFO] 2021-09-10 16:09:42,317: +PARAM [/move_group/planner_configs/SBLkConfigDefault/type] by /roslaunch
[rosmaster.master][INFO] 2021-09-10 16:09:42,318: +PARAM [/robot_description_planning/joint_limits/panda_finger_joint1/has_velocity_limits] by /roslaunch
[rosmaster.master][INFO] 2021-09-10 16:09:42,318: +PARAM [/move_group/planner_configs/LBTRRTkConfigDefault/range] by /roslaunch
[rosmaster.master][INFO] 2021-09-10 16:09:42,318: +PARAM [/robot_description] by /roslaunch
[rosmaster.master][INFO] 2021-09-10 16:09:42,318: +PARAM [/move_group/planner_configs/FMTkConfigDefault/extended_fmt] by /roslaunch
[rosmaster.master][INFO] 2021-09-10 16:09:42,318: +PARAM [/move_group/planner_configs/LBKPIECEkConfigDefault/range] by /roslaunch
[rosmaster.master][INFO] 2021-09-10 16:09:42,318: +PARAM [/robot_description_planning/joint_limits/panda_joint5/has_velocity_limits] by /roslaunch
[rosmaster.master][INFO] 2021-09-10 16:09:42,318: +PARAM [/robot_description_planning/joint_limits/panda_finger_joint1/max_velocity] by /roslaunch
[rosmaster.master][INFO] 2021-09-10 16:09:42,318: +PARAM [/move_group/moveit_controller_manager] by /roslaunch
[rosmaster.master][INFO] 2021-09-10 16:09:42,318: +PARAM [/robot_description_planning/joint_limits/panda_joint1/max_acceleration] by /roslaunch
[rosmaster.master][INFO] 2021-09-10 16:09:42,318: +PARAM [/move_group/planner_configs/TRRTkConfigDefault/frountier_threshold] by /roslaunch
[rosmaster.master][INFO] 2021-09-10 16:09:42,318: +PARAM [/move_group/planner_configs/BFMTkConfigDefault/heuristics] by /roslaunch
[rosmaster.master][INFO] 2021-09-10 16:09:42,318: +PARAM [/robot_description_planning/joint_limits/panda_finger_joint1/has_acceleration_limits] by /roslaunch
[rosmaster.master][INFO] 2021-09-10 16:09:42,318: +PARAM [/move_group/planner_configs/KPIECEkConfigDefault/range] by /roslaunch
[rosmaster.master][INFO] 2021-09-10 16:09:42,319: +PARAM [/robot_description_planning/joint_limits/panda_joint7/has_velocity_limits] by /roslaunch
[rosmaster.master][INFO] 2021-09-10 16:09:42,319: +PARAM [/move_group/planner_configs/KPIECEkConfigDefault/goal_bias] by /roslaunch
[rosmaster.master][INFO] 2021-09-10 16:09:42,319: +PARAM [/move_group/planner_configs/RRTConnectkConfigDefault/range] by /roslaunch
[rosmaster.master][INFO] 2021-09-10 16:09:42,319: +PARAM [/robot_description_planning/joint_limits/panda_joint4/has_velocity_limits] by /roslaunch
[rosmaster.master][INFO] 2021-09-10 16:09:42,319: +PARAM [/move_group/request_adapters] by /roslaunch
[rosmaster.master][INFO] 2021-09-10 16:09:42,319: +PARAM [/rviz_wng_8863_4026351648216089009/panda_arm/kinematics_solver] by /roslaunch
[rosmaster.master][INFO] 2021-09-10 16:09:42,319: +PARAM [/move_group/planner_configs/TRRTkConfigDefault/min_temperature] by /roslaunch
[rosmaster.master][INFO] 2021-09-10 16:09:42,319: +PARAM [/robot_description_planning/joint_limits/panda_joint6/has_acceleration_limits] by /roslaunch
[rosmaster.master][INFO] 2021-09-10 16:09:42,319: +PARAM [/move_group/planner_configs/BFMTkConfigDefault/balanced] by /roslaunch
[rosmaster.master][INFO] 2021-09-10 16:09:42,319: +PARAM [/move_group/planner_configs/ProjESTkConfigDefault/range] by /roslaunch
[rosmaster.master][INFO] 2021-09-10 16:09:42,319: +PARAM [/move_group/octomap_resolution] by /roslaunch
[rosmaster.master][INFO] 2021-09-10 16:09:42,319: +PARAM [/move_group/planner_configs/STRIDEkConfigDefault/degree] by /roslaunch
[rosmaster.master][INFO] 2021-09-10 16:09:42,319: +PARAM [/move_group/planner_configs/KPIECEkConfigDefault/failed_expansion_score_factor] by /roslaunch
[rosmaster.master][INFO] 2021-09-10 16:09:42,320: +PARAM [/move_group/initial] by /roslaunch
[rosmaster.master][INFO] 2021-09-10 16:09:42,320: +PARAM [/move_group/planning_scene_monitor/publish_transforms_updates] by /roslaunch
[rosmaster.master][INFO] 2021-09-10 16:09:42,320: +PARAM [/move_group/planner_configs/SPARSkConfigDefault/type] by /roslaunch
[rosmaster.master][INFO] 2021-09-10 16:09:42,320: +PARAM [/move_group/planner_configs/TRRTkConfigDefault/init_temperature] by /roslaunch
[rosmaster.master][INFO] 2021-09-10 16:09:42,320: +PARAM [/move_group/sensors] by /roslaunch
[rosmaster.master][INFO] 2021-09-10 16:09:42,320: +PARAM [/robot_description_planning/joint_limits/panda_joint1/has_acceleration_limits] by /roslaunch
[rosmaster.master][INFO] 2021-09-10 16:09:42,320: +PARAM [/move_group/planner_configs/STRIDEkConfigDefault/type] by /roslaunch
[rosmaster.master][INFO] 2021-09-10 16:09:42,320: +PARAM [/move_group/planner_configs/TrajOptDefault/type] by /roslaunch
[rosmaster.master][INFO] 2021-09-10 16:09:42,320: +PARAM [/move_group/planner_configs/RRTstarkConfigDefault/delay_collision_checking] by /roslaunch
[rosmaster.master][INFO] 2021-09-10 16:09:42,320: +PARAM [/move_group/planner_configs/KPIECEkConfigDefault/type] by /roslaunch
[rosmaster.master][INFO] 2021-09-10 16:09:42,320: +PARAM [/robot_description_planning/joint_limits/panda_joint3/has_velocity_limits] by /roslaunch
[rosmaster.master][INFO] 2021-09-10 16:09:42,320: +PARAM [/robot_description_planning/joint_limits/panda_joint6/has_velocity_limits] by /roslaunch
[rosmaster.master][INFO] 2021-09-10 16:09:42,320: +PARAM [/move_group/planner_configs/BiTRRTkConfigDefault/type] by /roslaunch
[rosmaster.master][INFO] 2021-09-10 16:09:42,321: +PARAM [/robot_description_planning/joint_limits/panda_finger_joint2/max_velocity] by /roslaunch
[rosmaster.master][INFO] 2021-09-10 16:09:42,321: +PARAM [/rviz_wng_8863_4026351648216089009/panda_arm/kinematics_solver_search_resolution] by /roslaunch
[rosmaster.master][INFO] 2021-09-10 16:09:42,321: +PARAM [/move_group/planner_configs/RRTConnectkConfigDefault/type] by /roslaunch
[rosmaster.master][INFO] 2021-09-10 16:09:42,321: +PARAM [/move_group/planner_configs/SPARSkConfigDefault/dense_delta_fraction] by /roslaunch
[rosmaster.master][INFO] 2021-09-10 16:09:42,321: +PARAM [/move_group/planner_configs/LBTRRTkConfigDefault/goal_bias] by /roslaunch
[rosmaster.master][INFO] 2021-09-10 16:09:42,321: +PARAM [/robot_description_planning/joint_limits/panda_finger_joint1/max_acceleration] by /roslaunch
[rosmaster.master][INFO] 2021-09-10 16:09:42,321: +PARAM [/move_group/planner_configs/BKPIECEkConfigDefault/failed_expansion_score_factor] by /roslaunch
[rosmaster.master][INFO] 2021-09-10 16:09:42,321: +PARAM [/move_group/planner_configs/LBKPIECEkConfigDefault/min_valid_path_fraction] by /roslaunch
[rosmaster.master][INFO] 2021-09-10 16:09:42,321: +PARAM [/rosversion] by /roslaunch
[rosmaster.master][INFO] 2021-09-10 16:09:42,321: +PARAM [/move_group/planner_configs/BiESTkConfigDefault/type] by /roslaunch
[rosmaster.master][INFO] 2021-09-10 16:09:42,321: +PARAM [/robot_description_planning/joint_limits/panda_joint2/has_velocity_limits] by /roslaunch
[rosmaster.master][INFO] 2021-09-10 16:09:42,321: +PARAM [/move_group/planner_configs/STRIDEkConfigDefault/estimated_dimension] by /roslaunch
[rosmaster.master][INFO] 2021-09-10 16:09:42,321: +PARAM [/move_group/planner_configs/STRIDEkConfigDefault/use_projected_distance] by /roslaunch
[rosmaster.master][INFO] 2021-09-10 16:09:42,322: +PARAM [/move_group/planner_configs/TRRTkConfigDefault/k_constant] by /roslaunch
[rosmaster.master][INFO] 2021-09-10 16:09:42,322: +PARAM [/move_group/planner_configs/FMTkConfigDefault/num_samples] by /roslaunch
[rosmaster.master][INFO] 2021-09-10 16:09:42,322: +PARAM [/move_group/planner_configs/LBKPIECEkConfigDefault/type] by /roslaunch
[rosmaster.master][INFO] 2021-09-10 16:09:42,322: +PARAM [/move_group/planner_configs/BFMTkConfigDefault/extended_fmt] by /roslaunch
[rosmaster.master][INFO] 2021-09-10 16:09:42,322: +PARAM [/robot_description_planning/joint_limits/panda_joint4/max_velocity] by /roslaunch
[rosmaster.master][INFO] 2021-09-10 16:09:42,322: +PARAM [/robot_description_planning/joint_limits/panda_joint4/has_acceleration_limits] by /roslaunch
[rosmaster.master][INFO] 2021-09-10 16:09:42,322: +PARAM [/move_group/planner_configs/SPARStwokConfigDefault/type] by /roslaunch
[rosmaster.master][INFO] 2021-09-10 16:09:42,322: +PARAM [/move_group/planner_configs/RRTkConfigDefault/type] by /roslaunch
[rosmaster.master][INFO] 2021-09-10 16:09:42,322: +PARAM [/source_list] by /roslaunch
[rosmaster.master][INFO] 2021-09-10 16:09:42,345: +PUB [/rosout] /joint_state_desired_publisher http://wng:43713/
[rosmaster.master][INFO] 2021-09-10 16:09:42,345: +SERVICE [/joint_state_desired_publisher/get_loggers] /joint_state_desired_publisher http://wng:43713/
[rosmaster.master][INFO] 2021-09-10 16:09:42,346: +SERVICE [/joint_state_desired_publisher/set_logger_level] /joint_state_desired_publisher http://wng:43713/
[rosmaster.master][INFO] 2021-09-10 16:09:42,348: +SUB [/joint_states] /joint_state_desired_publisher http://wng:43713/
[rosmaster.master][INFO] 2021-09-10 16:09:42,356: +PUB [/rosout] /robot_state_publisher http://wng:43669/
[rosmaster.master][INFO] 2021-09-10 16:09:42,356: +SERVICE [/robot_state_publisher/get_loggers] /robot_state_publisher http://wng:43669/
[rosmaster.master][INFO] 2021-09-10 16:09:42,356: +SERVICE [/robot_state_publisher/set_logger_level] /robot_state_publisher http://wng:43669/
[rosmaster.master][INFO] 2021-09-10 16:09:42,359: +PUB [/tf] /robot_state_publisher http://wng:43669/
[rosmaster.master][INFO] 2021-09-10 16:09:42,359: +PUB [/tf_static] /robot_state_publisher http://wng:43669/
[rosmaster.master][INFO] 2021-09-10 16:09:42,361: +SUB [/joint_states] /robot_state_publisher http://wng:43669/
[rosmaster.master][INFO] 2021-09-10 16:09:42,383: +PUB [/rosout] /move_group http://wng:45913/
[rosmaster.master][INFO] 2021-09-10 16:09:42,383: +SERVICE [/move_group/get_loggers] /move_group http://wng:45913/
[rosmaster.master][INFO] 2021-09-10 16:09:42,383: +SERVICE [/move_group/set_logger_level] /move_group http://wng:45913/
[rosmaster.master][INFO] 2021-09-10 16:09:42,385: +SUB [/tf] /move_group http://wng:45913/
[rosmaster.master][INFO] 2021-09-10 16:09:42,385: publisherUpdate[/rosout] -> http://wng:37299/ ['http://wng:43713/']
[rosmaster.master][INFO] 2021-09-10 16:09:42,386: +SUB [/tf_static] /move_group http://wng:45913/
[rosmaster.master][INFO] 2021-09-10 16:09:42,387: publisherUpdate[/rosout] -> http://wng:37299/ ['http://wng:43713/']: sec=0.00, result=[1, '', 0]
[rosmaster.master][INFO] 2021-09-10 16:09:42,387: publisherUpdate[/rosout] -> http://wng:37299/ ['http://wng:43713/', 'http://wng:43669/']
[rosmaster.master][INFO] 2021-09-10 16:09:42,387: publisherUpdate[/rosout] -> http://wng:37299/ ['http://wng:43713/', 'http://wng:43669/']: sec=0.00, result=[1, '', 0]
[rosmaster.master][INFO] 2021-09-10 16:09:42,387: publisherUpdate[/rosout] -> http://wng:37299/ ['http://wng:43713/', 'http://wng:43669/', 'http://wng:45913/']
[rosmaster.master][INFO] 2021-09-10 16:09:42,387: publisherUpdate[/rosout] -> http://wng:37299/ ['http://wng:43713/', 'http://wng:43669/', 'http://wng:45913/']: sec=0.00, result=[1, '', 0]
[rosmaster.master][INFO] 2021-09-10 16:09:42,388: +CACHEDPARAM [/rosout_disable_topics_generation] by /move_group
[rosmaster.master][INFO] 2021-09-10 16:09:42,428: +SERVICE [/move_group/planning_scene_monitor/set_parameters] /move_group http://wng:45913/
[rosmaster.master][INFO] 2021-09-10 16:09:42,428: +PUB [/move_group/planning_scene_monitor/parameter_descriptions] /move_group http://wng:45913/
[rosmaster.master][INFO] 2021-09-10 16:09:42,428: +PUB [/move_group/planning_scene_monitor/parameter_updates] /move_group http://wng:45913/
[rosmaster.master][INFO] 2021-09-10 16:09:42,429: +PARAM [/move_group/planning_scene_monitor/publish_planning_scene] by /move_group
[rosmaster.master][INFO] 2021-09-10 16:09:42,429: +PARAM [/move_group/planning_scene_monitor/publish_planning_scene_hz] by /move_group
[rosmaster.master][INFO] 2021-09-10 16:09:42,430: +PARAM [/move_group/planning_scene_monitor/publish_geometry_updates] by /move_group
[rosmaster.master][INFO] 2021-09-10 16:09:42,430: +PARAM [/move_group/planning_scene_monitor/publish_state_updates] by /move_group
[rosmaster.master][INFO] 2021-09-10 16:09:42,430: +PARAM [/move_group/planning_scene_monitor/publish_transforms_updates] by /move_group
[rosmaster.master][INFO] 2021-09-10 16:09:42,430: +PUB [/move_group/monitored_planning_scene] /move_group http://wng:45913/
[rosmaster.master][INFO] 2021-09-10 16:09:42,431: +PARAM [/move_group/planning_scene_monitor/publish_planning_scene] by /move_group
[rosmaster.master][INFO] 2021-09-10 16:09:42,431: +PARAM [/move_group/planning_scene_monitor/publish_planning_scene_hz] by /move_group
[rosmaster.master][INFO] 2021-09-10 16:09:42,431: +PARAM [/move_group/planning_scene_monitor/publish_geometry_updates] by /move_group
[rosmaster.master][INFO] 2021-09-10 16:09:42,431: +PARAM [/move_group/planning_scene_monitor/publish_state_updates] by /move_group
[rosmaster.master][INFO] 2021-09-10 16:09:42,431: +PARAM [/move_group/planning_scene_monitor/publish_transforms_updates] by /move_group
[rosmaster.master][INFO] 2021-09-10 16:09:42,432: +SUB [/planning_scene] /move_group http://wng:45913/
[rosmaster.master][INFO] 2021-09-10 16:09:42,433: +SUB [/collision_object] /move_group http://wng:45913/
[rosmaster.master][INFO] 2021-09-10 16:09:42,434: +SUB [/planning_scene_world] /move_group http://wng:45913/
[rosmaster.master][INFO] 2021-09-10 16:09:42,437: +PUB [/move_group/filtered_cloud] /move_group http://wng:45913/
[rosmaster.master][INFO] 2021-09-10 16:09:42,438: +SERVICE [/move_group/save_map] /move_group http://wng:45913/
[rosmaster.master][INFO] 2021-09-10 16:09:42,438: +SERVICE [/move_group/load_map] /move_group http://wng:45913/
[rosmaster.master][INFO] 2021-09-10 16:09:42,440: +SUB [/camera/depth_registered/points] /move_group http://wng:45913/
[rosmaster.master][INFO] 2021-09-10 16:09:42,441: +SUB [/joint_states_desired] /move_group http://wng:45913/
[rosmaster.master][INFO] 2021-09-10 16:09:42,442: +SUB [/attached_collision_object] /move_group http://wng:45913/
[rosmaster.master][INFO] 2021-09-10 16:09:42,464: +PUB [/rosout] /rviz_wng_8863_4026351648216089009 http://wng:42497/
[rosmaster.master][INFO] 2021-09-10 16:09:42,465: +SERVICE [/rviz_wng_8863_4026351648216089009/get_loggers] /rviz_wng_8863_4026351648216089009 http://wng:42497/
[rosmaster.master][INFO] 2021-09-10 16:09:42,465: +SERVICE [/rviz_wng_8863_4026351648216089009/set_logger_level] /rviz_wng_8863_4026351648216089009 http://wng:42497/
[rosmaster.master][INFO] 2021-09-10 16:09:42,466: +CACHEDPARAM [/rosout_disable_topics_generation] by /rviz_wng_8863_4026351648216089009
[rosmaster.master][INFO] 2021-09-10 16:09:42,473: +SERVICE [/move_group/ompl/set_parameters] /move_group http://wng:45913/
[rosmaster.master][INFO] 2021-09-10 16:09:42,473: +PUB [/move_group/ompl/parameter_descriptions] /move_group http://wng:45913/
[rosmaster.master][INFO] 2021-09-10 16:09:42,473: +PUB [/move_group/ompl/parameter_updates] /move_group http://wng:45913/
[rosmaster.master][INFO] 2021-09-10 16:09:42,474: +PARAM [/move_group/ompl/simplify_solutions] by /move_group
[rosmaster.master][INFO] 2021-09-10 16:09:42,474: +PARAM [/move_group/ompl/minimum_waypoint_count] by /move_group
[rosmaster.master][INFO] 2021-09-10 16:09:42,475: +PARAM [/move_group/ompl/maximum_waypoint_distance] by /move_group
[rosmaster.master][INFO] 2021-09-10 16:09:42,475: +PARAM [/move_group/ompl/link_for_exploration_tree] by /move_group
[rosmaster.master][INFO] 2021-09-10 16:09:42,475: +PARAM [/move_group/ompl/display_random_valid_states] by /move_group
[rosmaster.master][INFO] 2021-09-10 16:09:42,475: +PARAM [/move_group/ompl/simplify_solutions] by /move_group
[rosmaster.master][INFO] 2021-09-10 16:09:42,476: +PARAM [/move_group/ompl/minimum_waypoint_count] by /move_group
[rosmaster.master][INFO] 2021-09-10 16:09:42,476: +PARAM [/move_group/ompl/maximum_waypoint_distance] by /move_group
[rosmaster.master][INFO] 2021-09-10 16:09:42,476: +PARAM [/move_group/ompl/link_for_exploration_tree] by /move_group
[rosmaster.master][INFO] 2021-09-10 16:09:42,476: +PARAM [/move_group/ompl/display_random_valid_states] by /move_group
[rosmaster.master][INFO] 2021-09-10 16:09:42,479: +PUB [/move_group/display_planned_path] /move_group http://wng:45913/
[rosmaster.master][INFO] 2021-09-10 16:09:42,480: +PUB [/move_group/display_contacts] /move_group http://wng:45913/
[rosmaster.master][INFO] 2021-09-10 16:09:42,482: +PUB [/move_group/fake_controller_joint_states] /move_group http://wng:45913/
[rosmaster.master][INFO] 2021-09-10 16:09:42,486: publisherUpdate[/rosout] -> http://wng:37299/ ['http://wng:43713/', 'http://wng:43669/', 'http://wng:45913/', 'http://wng:42497/']
[rosmaster.master][INFO] 2021-09-10 16:09:42,487: publisherUpdate[/rosout] -> http://wng:37299/ ['http://wng:43713/', 'http://wng:43669/', 'http://wng:45913/', 'http://wng:42497/']: sec=0.00, result=[1, '', 0]
[rosmaster.master][INFO] 2021-09-10 16:09:42,503: +SUB [/trajectory_execution_event] /move_group http://wng:45913/
[rosmaster.master][INFO] 2021-09-10 16:09:42,503: +SERVICE [/move_group/trajectory_execution/set_parameters] /move_group http://wng:45913/
[rosmaster.master][INFO] 2021-09-10 16:09:42,504: +PUB [/move_group/trajectory_execution/parameter_descriptions] /move_group http://wng:45913/
[rosmaster.master][INFO] 2021-09-10 16:09:42,504: +PUB [/move_group/trajectory_execution/parameter_updates] /move_group http://wng:45913/
[rosmaster.master][INFO] 2021-09-10 16:09:42,505: +PARAM [/move_group/trajectory_execution/execution_duration_monitoring] by /move_group
[rosmaster.master][INFO] 2021-09-10 16:09:42,505: +PARAM [/move_group/trajectory_execution/allowed_execution_duration_scaling] by /move_group
[rosmaster.master][INFO] 2021-09-10 16:09:42,505: +PARAM [/move_group/trajectory_execution/allowed_goal_duration_margin] by /move_group
[rosmaster.master][INFO] 2021-09-10 16:09:42,505: +PARAM [/move_group/trajectory_execution/execution_velocity_scaling] by /move_group
[rosmaster.master][INFO] 2021-09-10 16:09:42,506: +PARAM [/move_group/trajectory_execution/allowed_start_tolerance] by /move_group
[rosmaster.master][INFO] 2021-09-10 16:09:42,506: +PARAM [/move_group/trajectory_execution/wait_for_trajectory_completion] by /move_group
[rosmaster.master][INFO] 2021-09-10 16:09:42,506: +PARAM [/move_group/trajectory_execution/execution_duration_monitoring] by /move_group
[rosmaster.master][INFO] 2021-09-10 16:09:42,506: +PARAM [/move_group/trajectory_execution/allowed_execution_duration_scaling] by /move_group
[rosmaster.master][INFO] 2021-09-10 16:09:42,506: +PARAM [/move_group/trajectory_execution/allowed_goal_duration_margin] by /move_group
[rosmaster.master][INFO] 2021-09-10 16:09:42,507: +PARAM [/move_group/trajectory_execution/execution_velocity_scaling] by /move_group
[rosmaster.master][INFO] 2021-09-10 16:09:42,507: +PARAM [/move_group/trajectory_execution/allowed_start_tolerance] by /move_group
[rosmaster.master][INFO] 2021-09-10 16:09:42,507: +PARAM [/move_group/trajectory_execution/wait_for_trajectory_completion] by /move_group
[rosmaster.master][INFO] 2021-09-10 16:09:42,507: +SERVICE [/move_group/plan_execution/set_parameters] /move_group http://wng:45913/
[rosmaster.master][INFO] 2021-09-10 16:09:42,507: +PUB [/move_group/plan_execution/parameter_descriptions] /move_group http://wng:45913/
[rosmaster.master][INFO] 2021-09-10 16:09:42,508: +PUB [/move_group/plan_execution/parameter_updates] /move_group http://wng:45913/
[rosmaster.master][INFO] 2021-09-10 16:09:42,508: +PARAM [/move_group/plan_execution/max_replan_attempts] by /move_group
[rosmaster.master][INFO] 2021-09-10 16:09:42,508: +PARAM [/move_group/plan_execution/record_trajectory_state_frequency] by /move_group
[rosmaster.master][INFO] 2021-09-10 16:09:42,509: +PARAM [/move_group/plan_execution/max_replan_attempts] by /move_group
[rosmaster.master][INFO] 2021-09-10 16:09:42,509: +PARAM [/move_group/plan_execution/record_trajectory_state_frequency] by /move_group
[rosmaster.master][INFO] 2021-09-10 16:09:42,509: +SERVICE [/move_group/sense_for_plan/set_parameters] /move_group http://wng:45913/
[rosmaster.master][INFO] 2021-09-10 16:09:42,509: +PUB [/move_group/sense_for_plan/parameter_descriptions] /move_group http://wng:45913/
[rosmaster.master][INFO] 2021-09-10 16:09:42,510: +PUB [/move_group/sense_for_plan/parameter_updates] /move_group http://wng:45913/
[rosmaster.master][INFO] 2021-09-10 16:09:42,510: +PARAM [/move_group/sense_for_plan/max_safe_path_cost] by /move_group
[rosmaster.master][INFO] 2021-09-10 16:09:42,511: +PARAM [/move_group/sense_for_plan/max_look_attempts] by /move_group
[rosmaster.master][INFO] 2021-09-10 16:09:42,511: +PARAM [/move_group/sense_for_plan/max_cost_sources] by /move_group
[rosmaster.master][INFO] 2021-09-10 16:09:42,511: +PARAM [/move_group/sense_for_plan/discard_overlapping_cost_sources] by /move_group
[rosmaster.master][INFO] 2021-09-10 16:09:42,511: +PARAM [/move_group/sense_for_plan/max_safe_path_cost] by /move_group
[rosmaster.master][INFO] 2021-09-10 16:09:42,511: +PARAM [/move_group/sense_for_plan/max_look_attempts] by /move_group
[rosmaster.master][INFO] 2021-09-10 16:09:42,511: +PARAM [/move_group/sense_for_plan/max_cost_sources] by /move_group
[rosmaster.master][INFO] 2021-09-10 16:09:42,512: +PARAM [/move_group/sense_for_plan/discard_overlapping_cost_sources] by /move_group
[rosmaster.master][INFO] 2021-09-10 16:09:42,512: +PUB [/move_group/display_cost_sources] /move_group http://wng:45913/
[rosmaster.master][INFO] 2021-09-10 16:09:42,512: +PUB [/move_group/motion_plan_request] /move_group http://wng:45913/
[rosmaster.master][INFO] 2021-09-10 16:09:42,515: +SERVICE [/apply_planning_scene] /move_group http://wng:45913/
[rosmaster.master][INFO] 2021-09-10 16:09:42,516: +SERVICE [/clear_octomap] /move_group http://wng:45913/
[rosmaster.master][INFO] 2021-09-10 16:09:42,516: +SERVICE [/compute_cartesian_path] /move_group http://wng:45913/
[rosmaster.master][INFO] 2021-09-10 16:09:42,516: +PUB [/execute_trajectory/result] /move_group http://wng:45913/
[rosmaster.master][INFO] 2021-09-10 16:09:42,517: +PUB [/execute_trajectory/feedback] /move_group http://wng:45913/
[rosmaster.master][INFO] 2021-09-10 16:09:42,517: +PUB [/execute_trajectory/status] /move_group http://wng:45913/
[rosmaster.master][INFO] 2021-09-10 16:09:42,518: +SUB [/execute_trajectory/goal] /move_group http://wng:45913/
[rosmaster.master][INFO] 2021-09-10 16:09:42,519: +SUB [/execute_trajectory/cancel] /move_group http://wng:45913/
[rosmaster.master][INFO] 2021-09-10 16:09:42,519: +SERVICE [/get_planning_scene] /move_group http://wng:45913/
[rosmaster.master][INFO] 2021-09-10 16:09:42,519: +SERVICE [/compute_fk] /move_group http://wng:45913/
[rosmaster.master][INFO] 2021-09-10 16:09:42,520: +SERVICE [/compute_ik] /move_group http://wng:45913/
[rosmaster.master][INFO] 2021-09-10 16:09:42,520: +PUB [/move_group/result] /move_group http://wng:45913/
[rosmaster.master][INFO] 2021-09-10 16:09:42,521: +PUB [/move_group/feedback] /move_group http://wng:45913/
[rosmaster.master][INFO] 2021-09-10 16:09:42,521: +PUB [/move_group/status] /move_group http://wng:45913/
[rosmaster.master][INFO] 2021-09-10 16:09:42,522: +SUB [/move_group/goal] /move_group http://wng:45913/
[rosmaster.master][INFO] 2021-09-10 16:09:42,523: +SUB [/move_group/cancel] /move_group http://wng:45913/
[rosmaster.master][INFO] 2021-09-10 16:09:42,526: +PUB [/move_group/display_grasp_markers] /move_group http://wng:45913/
[rosmaster.master][INFO] 2021-09-10 16:09:42,526: +PUB [/pickup/result] /move_group http://wng:45913/
[rosmaster.master][INFO] 2021-09-10 16:09:42,527: +PUB [/pickup/feedback] /move_group http://wng:45913/
[rosmaster.master][INFO] 2021-09-10 16:09:42,527: +PUB [/pickup/status] /move_group http://wng:45913/
[rosmaster.master][INFO] 2021-09-10 16:09:42,528: +SUB [/pickup/goal] /move_group http://wng:45913/
[rosmaster.master][INFO] 2021-09-10 16:09:42,529: +SUB [/pickup/cancel] /move_group http://wng:45913/
[rosmaster.master][INFO] 2021-09-10 16:09:42,530: +PUB [/place/result] /move_group http://wng:45913/
[rosmaster.master][INFO] 2021-09-10 16:09:42,530: +PUB [/place/feedback] /move_group http://wng:45913/
[rosmaster.master][INFO] 2021-09-10 16:09:42,530: +PUB [/place/status] /move_group http://wng:45913/
[rosmaster.master][INFO] 2021-09-10 16:09:42,531: +SUB [/place/goal] /move_group http://wng:45913/
[rosmaster.master][INFO] 2021-09-10 16:09:42,532: +SUB [/place/cancel] /move_group http://wng:45913/
[rosmaster.master][INFO] 2021-09-10 16:09:42,532: +SERVICE [/plan_kinematic_path] /move_group http://wng:45913/
[rosmaster.master][INFO] 2021-09-10 16:09:42,533: +SERVICE [/query_planner_interface] /move_group http://wng:45913/
[rosmaster.master][INFO] 2021-09-10 16:09:42,533: +SERVICE [/get_planner_params] /move_group http://wng:45913/
[rosmaster.master][INFO] 2021-09-10 16:09:42,533: +SERVICE [/set_planner_params] /move_group http://wng:45913/
[rosmaster.master][INFO] 2021-09-10 16:09:42,533: +SERVICE [/check_state_validity] /move_group http://wng:45913/
[rosmaster.master][INFO] 2021-09-10 16:09:42,588: +CACHEDPARAM [/rosout/omit_topics] by /rosout
[rosmaster.master][INFO] 2021-09-10 16:09:42,630: +PUB [/rosout] /joint_state_publisher http://wng:43555/
[rosmaster.master][INFO] 2021-09-10 16:09:42,632: +SERVICE [/joint_state_publisher/get_loggers] /joint_state_publisher http://wng:43555/
[rosmaster.master][INFO] 2021-09-10 16:09:42,632: +SERVICE [/joint_state_publisher/set_logger_level] /joint_state_publisher http://wng:43555/
[rosmaster.master][INFO] 2021-09-10 16:09:42,643: +SUB [/move_group/fake_controller_joint_states] /joint_state_publisher http://wng:43555/
[rosmaster.master][INFO] 2021-09-10 16:09:42,643: +PUB [/joint_states] /joint_state_publisher http://wng:43555/
[rosmaster.master][INFO] 2021-09-10 16:09:42,687: publisherUpdate[/rosout] -> http://wng:37299/ ['http://wng:43713/', 'http://wng:43669/', 'http://wng:45913/', 'http://wng:42497/', 'http://wng:43555/']
[rosmaster.master][INFO] 2021-09-10 16:09:42,687: publisherUpdate[/rosout] -> http://wng:37299/ ['http://wng:43713/', 'http://wng:43669/', 'http://wng:45913/', 'http://wng:42497/', 'http://wng:43555/']: sec=0.00, result=[1, '', 0]
[rosmaster.master][INFO] 2021-09-10 16:09:42,687: publisherUpdate[/joint_states] -> http://wng:43713/ ['http://wng:43555/']
[rosmaster.master][INFO] 2021-09-10 16:09:42,688: publisherUpdate[/joint_states] -> http://wng:43713/ ['http://wng:43555/']: sec=0.00, result=[1, '', 0]
[rosmaster.master][INFO] 2021-09-10 16:09:42,688: publisherUpdate[/joint_states] -> http://wng:43669/ ['http://wng:43555/']
[rosmaster.master][INFO] 2021-09-10 16:09:42,688: publisherUpdate[/joint_states] -> http://wng:43669/ ['http://wng:43555/']: sec=0.00, result=[1, '', 0]
[rosmaster.master][INFO] 2021-09-10 16:09:42,909: +SUB [/tf] /rviz_wng_8863_4026351648216089009 http://wng:42497/
[rosmaster.master][INFO] 2021-09-10 16:09:42,910: +SUB [/tf_static] /rviz_wng_8863_4026351648216089009 http://wng:42497/
[rosmaster.master][INFO] 2021-09-10 16:09:42,932: +PUB [/initialpose] /rviz_wng_8863_4026351648216089009 http://wng:42497/
[rosmaster.master][INFO] 2021-09-10 16:09:42,932: +PUB [/goal] /rviz_wng_8863_4026351648216089009 http://wng:42497/
[rosmaster.master][INFO] 2021-09-10 16:09:42,945: +PUB [/joint_states_desired] /joint_state_desired_publisher http://wng:43713/
[rosmaster.master][INFO] 2021-09-10 16:09:42,946: +CACHEDPARAM [/rosout_disable_topics_generation] by /joint_state_desired_publisher
[rosmaster.master][INFO] 2021-09-10 16:09:42,974: +SUB [/visualization_marker] /rviz_wng_8863_4026351648216089009 http://wng:42497/
[rosmaster.master][INFO] 2021-09-10 16:09:42,975: +SUB [/visualization_marker_array] /rviz_wng_8863_4026351648216089009 http://wng:42497/
[rosmaster.master][INFO] 2021-09-10 16:09:42,976: -SUB [/visualization_marker] /rviz_wng_8863_4026351648216089009 http://wng:42497/
[rosmaster.master][INFO] 2021-09-10 16:09:42,976: -SUB [/visualization_marker_array] /rviz_wng_8863_4026351648216089009 http://wng:42497/
[rosmaster.master][INFO] 2021-09-10 16:09:42,977: +SUB [/action] /rviz_wng_8863_4026351648216089009 http://wng:42497/
[rosmaster.master][INFO] 2021-09-10 16:09:42,978: +SUB [/action_array] /rviz_wng_8863_4026351648216089009 http://wng:42497/
[rosmaster.master][INFO] 2021-09-10 16:09:42,987: +PUB [/planning_scene] /rviz_wng_8863_4026351648216089009 http://wng:42497/
[rosmaster.master][INFO] 2021-09-10 16:09:42,987: +PUB [/planning_scene_world] /rviz_wng_8863_4026351648216089009 http://wng:42497/
[rosmaster.master][INFO] 2021-09-10 16:09:42,988: publisherUpdate[/joint_states_desired] -> http://wng:45913/ ['http://wng:43713/']
[rosmaster.master][INFO] 2021-09-10 16:09:42,989: +SUB [/recognize_objects/status] /rviz_wng_8863_4026351648216089009 http://wng:42497/
[rosmaster.master][INFO] 2021-09-10 16:09:42,989: publisherUpdate[/joint_states_desired] -> http://wng:45913/ ['http://wng:43713/']: sec=0.00, result=[1, '', 0]
[rosmaster.master][INFO] 2021-09-10 16:09:42,989: publisherUpdate[/planning_scene] -> http://wng:45913/ ['http://wng:42497/']
[rosmaster.master][INFO] 2021-09-10 16:09:42,990: publisherUpdate[/planning_scene] -> http://wng:45913/ ['http://wng:42497/']: sec=0.00, result=[1, '', 0]
[rosmaster.master][INFO] 2021-09-10 16:09:42,990: publisherUpdate[/planning_scene_world] -> http://wng:45913/ ['http://wng:42497/']
[rosmaster.master][INFO] 2021-09-10 16:09:42,990: publisherUpdate[/planning_scene_world] -> http://wng:45913/ ['http://wng:42497/']: sec=0.00, result=[1, '', 0]
[rosmaster.master][INFO] 2021-09-10 16:09:42,990: +SUB [/recognize_objects/feedback] /rviz_wng_8863_4026351648216089009 http://wng:42497/
[rosmaster.master][INFO] 2021-09-10 16:09:42,991: +SUB [/recognize_objects/result] /rviz_wng_8863_4026351648216089009 http://wng:42497/
[rosmaster.master][INFO] 2021-09-10 16:09:42,992: +PUB [/recognize_objects/goal] /rviz_wng_8863_4026351648216089009 http://wng:42497/
[rosmaster.master][INFO] 2021-09-10 16:09:42,992: +PUB [/recognize_objects/cancel] /rviz_wng_8863_4026351648216089009 http://wng:42497/
[rosmaster.master][INFO] 2021-09-10 16:09:42,993: +SUB [/recognized_object_array] /rviz_wng_8863_4026351648216089009 http://wng:42497/
[rosmaster.master][INFO] 2021-09-10 16:09:46,013: -SUB [/recognize_objects/status] /rviz_wng_8863_4026351648216089009 http://wng:42497/
[rosmaster.master][INFO] 2021-09-10 16:09:46,015: -PUB [/recognize_objects/cancel] /rviz_wng_8863_4026351648216089009 http://wng:42497/
[rosmaster.master][INFO] 2021-09-10 16:09:46,016: -PUB [/recognize_objects/goal] /rviz_wng_8863_4026351648216089009 http://wng:42497/
[rosmaster.master][INFO] 2021-09-10 16:09:46,017: -SUB [/recognize_objects/feedback] /rviz_wng_8863_4026351648216089009 http://wng:42497/
[rosmaster.master][INFO] 2021-09-10 16:09:46,018: -SUB [/recognize_objects/result] /rviz_wng_8863_4026351648216089009 http://wng:42497/
[rosmaster.master][INFO] 2021-09-10 16:09:46,084: +PUB [/feedback] /rviz_wng_8863_4026351648216089009 http://wng:42497/
[rosmaster.master][INFO] 2021-09-10 16:09:46,084: -PUB [/feedback] /rviz_wng_8863_4026351648216089009 http://wng:42497/
[rosmaster.master][INFO] 2021-09-10 16:09:46,085: +PUB [/feedback] /rviz_wng_8863_4026351648216089009 http://wng:42497/
[rosmaster.master][INFO] 2021-09-10 16:09:46,086: -PUB [/goal] /rviz_wng_8863_4026351648216089009 http://wng:42497/
[rosmaster.master][INFO] 2021-09-10 16:09:46,086: -PUB [/initialpose] /rviz_wng_8863_4026351648216089009 http://wng:42497/
[rosmaster.master][INFO] 2021-09-10 16:09:46,101: +SERVICE [/rviz_wng_8863_4026351648216089009/reload_shaders] /rviz_wng_8863_4026351648216089009 http://wng:42497/
[rosmaster.master][INFO] 2021-09-10 16:09:46,101: +SERVICE [/rviz_wng_8863_4026351648216089009/load_config] /rviz_wng_8863_4026351648216089009 http://wng:42497/
[rosmaster.master][INFO] 2021-09-10 16:09:46,102: +SERVICE [/rviz_wng_8863_4026351648216089009/save_config] /rviz_wng_8863_4026351648216089009 http://wng:42497/
[rosmaster.master][INFO] 2021-09-10 16:09:46,162: +SERVICE [/rviz_wng_8863_4026351648216089009/motionplanning_planning_scene_monitor/set_parameters] /rviz_wng_8863_4026351648216089009 http://wng:42497/
[rosmaster.master][INFO] 2021-09-10 16:09:46,162: +PUB [/rviz_wng_8863_4026351648216089009/motionplanning_planning_scene_monitor/parameter_descriptions] /rviz_wng_8863_4026351648216089009 http://wng:42497/
[rosmaster.master][INFO] 2021-09-10 16:09:46,163: +PUB [/rviz_wng_8863_4026351648216089009/motionplanning_planning_scene_monitor/parameter_updates] /rviz_wng_8863_4026351648216089009 http://wng:42497/
[rosmaster.master][INFO] 2021-09-10 16:09:46,164: +PARAM [/rviz_wng_8863_4026351648216089009/motionplanning_planning_scene_monitor/publish_planning_scene] by /rviz_wng_8863_4026351648216089009
[rosmaster.master][INFO] 2021-09-10 16:09:46,164: +PARAM [/rviz_wng_8863_4026351648216089009/motionplanning_planning_scene_monitor/publish_planning_scene_hz] by /rviz_wng_8863_4026351648216089009
[rosmaster.master][INFO] 2021-09-10 16:09:46,164: +PARAM [/rviz_wng_8863_4026351648216089009/motionplanning_planning_scene_monitor/publish_geometry_updates] by /rviz_wng_8863_4026351648216089009
[rosmaster.master][INFO] 2021-09-10 16:09:46,164: +PARAM [/rviz_wng_8863_4026351648216089009/motionplanning_planning_scene_monitor/publish_state_updates] by /rviz_wng_8863_4026351648216089009
[rosmaster.master][INFO] 2021-09-10 16:09:46,164: +PARAM [/rviz_wng_8863_4026351648216089009/motionplanning_planning_scene_monitor/publish_transforms_updates] by /rviz_wng_8863_4026351648216089009
[rosmaster.master][INFO] 2021-09-10 16:09:46,165: +PARAM [/rviz_wng_8863_4026351648216089009/motionplanning_planning_scene_monitor/publish_planning_scene] by /rviz_wng_8863_4026351648216089009
[rosmaster.master][INFO] 2021-09-10 16:09:46,165: +PARAM [/rviz_wng_8863_4026351648216089009/motionplanning_planning_scene_monitor/publish_planning_scene_hz] by /rviz_wng_8863_4026351648216089009
[rosmaster.master][INFO] 2021-09-10 16:09:46,165: +PARAM [/rviz_wng_8863_4026351648216089009/motionplanning_planning_scene_monitor/publish_geometry_updates] by /rviz_wng_8863_4026351648216089009
[rosmaster.master][INFO] 2021-09-10 16:09:46,165: +PARAM [/rviz_wng_8863_4026351648216089009/motionplanning_planning_scene_monitor/publish_state_updates] by /rviz_wng_8863_4026351648216089009
[rosmaster.master][INFO] 2021-09-10 16:09:46,166: +PARAM [/rviz_wng_8863_4026351648216089009/motionplanning_planning_scene_monitor/publish_transforms_updates] by /rviz_wng_8863_4026351648216089009
[rosmaster.master][INFO] 2021-09-10 16:09:46,191: +SUB [/move_group/monitored_planning_scene] /rviz_wng_8863_4026351648216089009 http://wng:42497/
[rosmaster.master][INFO] 2021-09-10 16:09:46,417: +SUB [/move_group/display_planned_path] /rviz_wng_8863_4026351648216089009 http://wng:42497/
[rosmaster.master][INFO] 2021-09-10 16:09:46,417: +PUB [/rviz_moveit_motion_planning_display/robot_interaction_interactive_marker_topic/update_full] /rviz_wng_8863_4026351648216089009 http://wng:42497/
[rosmaster.master][INFO] 2021-09-10 16:09:46,418: +PUB [/rviz_moveit_motion_planning_display/robot_interaction_interactive_marker_topic/update] /rviz_wng_8863_4026351648216089009 http://wng:42497/
[rosmaster.master][INFO] 2021-09-10 16:09:46,419: +SUB [/rviz_moveit_motion_planning_display/robot_interaction_interactive_marker_topic/feedback] /rviz_wng_8863_4026351648216089009 http://wng:42497/
[rosmaster.master][INFO] 2021-09-10 16:09:46,419: -PUB [/feedback] /rviz_wng_8863_4026351648216089009 http://wng:42497/
[rosmaster.master][INFO] 2021-09-10 16:09:46,420: +SUB [/rviz_moveit_motion_planning_display/robot_interaction_interactive_marker_topic/update] /rviz_wng_8863_4026351648216089009 http://wng:42497/
[rosmaster.master][INFO] 2021-09-10 16:09:46,421: +SUB [/rviz_moveit_motion_planning_display/robot_interaction_interactive_marker_topic/update_full] /rviz_wng_8863_4026351648216089009 http://wng:42497/
[rosmaster.master][INFO] 2021-09-10 16:09:46,421: +PUB [/rviz_moveit_motion_planning_display/robot_interaction_interactive_marker_topic/feedback] /rviz_wng_8863_4026351648216089009 http://wng:42497/
[rosmaster.master][INFO] 2021-09-10 16:09:46,427: +PUB [/trajectory_execution_event] /rviz_wng_8863_4026351648216089009 http://wng:42497/
[rosmaster.master][INFO] 2021-09-10 16:09:46,427: +PUB [/attached_collision_object] /rviz_wng_8863_4026351648216089009 http://wng:42497/
[rosmaster.master][INFO] 2021-09-10 16:09:46,429: +SUB [/move_group/status] /rviz_wng_8863_4026351648216089009 http://wng:42497/
[rosmaster.master][INFO] 2021-09-10 16:09:46,430: +SUB [/move_group/feedback] /rviz_wng_8863_4026351648216089009 http://wng:42497/
[rosmaster.master][INFO] 2021-09-10 16:09:46,431: +SUB [/move_group/result] /rviz_wng_8863_4026351648216089009 http://wng:42497/
[rosmaster.master][INFO] 2021-09-10 16:09:46,431: +PUB [/move_group/goal] /rviz_wng_8863_4026351648216089009 http://wng:42497/
[rosmaster.master][INFO] 2021-09-10 16:09:46,431: +PUB [/move_group/cancel] /rviz_wng_8863_4026351648216089009 http://wng:42497/
[rosmaster.master][INFO] 2021-09-10 16:09:46,494: publisherUpdate[/rviz_moveit_motion_planning_display/robot_interaction_interactive_marker_topic/feedback] -> http://wng:42497/ ['http://wng:42497/']
[rosmaster.master][INFO] 2021-09-10 16:09:46,494: publisherUpdate[/trajectory_execution_event] -> http://wng:45913/ ['http://wng:42497/']
[rosmaster.master][INFO] 2021-09-10 16:09:46,497: publisherUpdate[/rviz_moveit_motion_planning_display/robot_interaction_interactive_marker_topic/feedback] -> http://wng:42497/ ['http://wng:42497/']: sec=0.00, result=[1, '', 0]
[rosmaster.master][INFO] 2021-09-10 16:09:46,498: publisherUpdate[/trajectory_execution_event] -> http://wng:45913/ ['http://wng:42497/']: sec=0.00, result=[1, '', 0]
[rosmaster.master][INFO] 2021-09-10 16:09:46,498: publisherUpdate[/attached_collision_object] -> http://wng:45913/ ['http://wng:42497/']
[rosmaster.master][INFO] 2021-09-10 16:09:46,499: publisherUpdate[/attached_collision_object] -> http://wng:45913/ ['http://wng:42497/']: sec=0.00, result=[1, '', 0]
[rosmaster.master][INFO] 2021-09-10 16:09:46,499: publisherUpdate[/move_group/goal] -> http://wng:45913/ ['http://wng:42497/']
[rosmaster.master][INFO] 2021-09-10 16:09:46,499: publisherUpdate[/move_group/goal] -> http://wng:45913/ ['http://wng:42497/']: sec=0.00, result=[1, '', 0]
[rosmaster.master][INFO] 2021-09-10 16:09:46,499: publisherUpdate[/move_group/cancel] -> http://wng:45913/ ['http://wng:42497/']
[rosmaster.master][INFO] 2021-09-10 16:09:46,499: publisherUpdate[/move_group/cancel] -> http://wng:45913/ ['http://wng:42497/']: sec=0.00, result=[1, '', 0]
[rosmaster.master][INFO] 2021-09-10 16:09:46,704: +SUB [/pickup/status] /rviz_wng_8863_4026351648216089009 http://wng:42497/
[rosmaster.master][INFO] 2021-09-10 16:09:46,705: +SUB [/pickup/feedback] /rviz_wng_8863_4026351648216089009 http://wng:42497/
[rosmaster.master][INFO] 2021-09-10 16:09:46,705: +SUB [/pickup/result] /rviz_wng_8863_4026351648216089009 http://wng:42497/
[rosmaster.master][INFO] 2021-09-10 16:09:46,706: +PUB [/pickup/goal] /rviz_wng_8863_4026351648216089009 http://wng:42497/
[rosmaster.master][INFO] 2021-09-10 16:09:46,706: +PUB [/pickup/cancel] /rviz_wng_8863_4026351648216089009 http://wng:42497/
[rosmaster.master][INFO] 2021-09-10 16:09:46,798: publisherUpdate[/pickup/goal] -> http://wng:45913/ ['http://wng:42497/']
[rosmaster.master][INFO] 2021-09-10 16:09:46,799: publisherUpdate[/pickup/goal] -> http://wng:45913/ ['http://wng:42497/']: sec=0.00, result=[1, '', 0]
[rosmaster.master][INFO] 2021-09-10 16:09:46,799: publisherUpdate[/pickup/cancel] -> http://wng:45913/ ['http://wng:42497/']
[rosmaster.master][INFO] 2021-09-10 16:09:46,799: publisherUpdate[/pickup/cancel] -> http://wng:45913/ ['http://wng:42497/']: sec=0.00, result=[1, '', 0]
[rosmaster.master][INFO] 2021-09-10 16:09:46,933: -SUB [/rviz_moveit_motion_planning_display/robot_interaction_interactive_marker_topic/update_full] /rviz_wng_8863_4026351648216089009 http://wng:42497/
[rosmaster.master][INFO] 2021-09-10 16:09:47,013: +SUB [/place/status] /rviz_wng_8863_4026351648216089009 http://wng:42497/
[rosmaster.master][INFO] 2021-09-10 16:09:47,015: +SUB [/place/feedback] /rviz_wng_8863_4026351648216089009 http://wng:42497/
[rosmaster.master][INFO] 2021-09-10 16:09:47,017: +SUB [/place/result] /rviz_wng_8863_4026351648216089009 http://wng:42497/
[rosmaster.master][INFO] 2021-09-10 16:09:47,017: +PUB [/place/goal] /rviz_wng_8863_4026351648216089009 http://wng:42497/
[rosmaster.master][INFO] 2021-09-10 16:09:47,017: +PUB [/place/cancel] /rviz_wng_8863_4026351648216089009 http://wng:42497/
[rosmaster.master][INFO] 2021-09-10 16:09:47,099: publisherUpdate[/place/goal] -> http://wng:45913/ ['http://wng:42497/']
[rosmaster.master][INFO] 2021-09-10 16:09:47,099: publisherUpdate[/place/goal] -> http://wng:45913/ ['http://wng:42497/']: sec=0.00, result=[1, '', 0]
[rosmaster.master][INFO] 2021-09-10 16:09:47,100: publisherUpdate[/place/cancel] -> http://wng:45913/ ['http://wng:42497/']
[rosmaster.master][INFO] 2021-09-10 16:09:47,100: publisherUpdate[/place/cancel] -> http://wng:45913/ ['http://wng:42497/']: sec=0.00, result=[1, '', 0]
[rosmaster.master][INFO] 2021-09-10 16:09:47,306: +SUB [/execute_trajectory/status] /rviz_wng_8863_4026351648216089009 http://wng:42497/
[rosmaster.master][INFO] 2021-09-10 16:09:47,307: +SUB [/execute_trajectory/feedback] /rviz_wng_8863_4026351648216089009 http://wng:42497/
[rosmaster.master][INFO] 2021-09-10 16:09:47,308: +SUB [/execute_trajectory/result] /rviz_wng_8863_4026351648216089009 http://wng:42497/
[rosmaster.master][INFO] 2021-09-10 16:09:47,308: +PUB [/execute_trajectory/goal] /rviz_wng_8863_4026351648216089009 http://wng:42497/
[rosmaster.master][INFO] 2021-09-10 16:09:47,308: +PUB [/execute_trajectory/cancel] /rviz_wng_8863_4026351648216089009 http://wng:42497/
[rosmaster.master][INFO] 2021-09-10 16:09:47,400: publisherUpdate[/execute_trajectory/goal] -> http://wng:45913/ ['http://wng:42497/']
[rosmaster.master][INFO] 2021-09-10 16:09:47,401: publisherUpdate[/execute_trajectory/goal] -> http://wng:45913/ ['http://wng:42497/']: sec=0.00, result=[1, '', 0]
[rosmaster.master][INFO] 2021-09-10 16:09:47,401: publisherUpdate[/execute_trajectory/cancel] -> http://wng:45913/ ['http://wng:42497/']
[rosmaster.master][INFO] 2021-09-10 16:09:47,401: publisherUpdate[/execute_trajectory/cancel] -> http://wng:45913/ ['http://wng:42497/']: sec=0.00, result=[1, '', 0]
[rosmaster.master][INFO] 2021-09-10 16:10:13,161: +PUB [/rosout] /move_group_commander_wrappers_1631257813160774320 http://wng:42883/
[rosmaster.master][INFO] 2021-09-10 16:10:13,162: +SERVICE [/move_group_commander_wrappers_1631257813160774320/get_loggers] /move_group_commander_wrappers_1631257813160774320 http://wng:42883/
[rosmaster.master][INFO] 2021-09-10 16:10:13,162: +SERVICE [/move_group_commander_wrappers_1631257813160774320/set_logger_level] /move_group_commander_wrappers_1631257813160774320 http://wng:42883/
[rosmaster.master][INFO] 2021-09-10 16:10:13,238: publisherUpdate[/rosout] -> http://wng:37299/ ['http://wng:43713/', 'http://wng:43669/', 'http://wng:45913/', 'http://wng:42497/', 'http://wng:43555/', 'http://wng:42883/']
[rosmaster.master][INFO] 2021-09-10 16:10:13,238: publisherUpdate[/rosout] -> http://wng:37299/ ['http://wng:43713/', 'http://wng:43669/', 'http://wng:45913/', 'http://wng:42497/', 'http://wng:43555/', 'http://wng:42883/']: sec=0.00, result=[1, '', 0]
[rosmaster.master][INFO] 2021-09-10 16:10:13,287: +PUB [/rosout] /LowLevelMotion_9051_1631257813162 http://wng:34975/
[rosmaster.master][INFO] 2021-09-10 16:10:13,288: +SERVICE [/LowLevelMotion_9051_1631257813162/get_loggers] /LowLevelMotion_9051_1631257813162 http://wng:34975/
[rosmaster.master][INFO] 2021-09-10 16:10:13,288: +SERVICE [/LowLevelMotion_9051_1631257813162/set_logger_level] /LowLevelMotion_9051_1631257813162 http://wng:34975/
[rosmaster.master][INFO] 2021-09-10 16:10:13,291: +CACHEDPARAM [/rosout_disable_topics_generation] by /move_group_commander_wrappers_1631257813160774320
[rosmaster.master][INFO] 2021-09-10 16:10:13,329: +SUB [/tf] /move_group_commander_wrappers_1631257813160774320 http://wng:42883/
[rosmaster.master][INFO] 2021-09-10 16:10:13,330: +SUB [/tf_static] /move_group_commander_wrappers_1631257813160774320 http://wng:42883/
[rosmaster.master][INFO] 2021-09-10 16:10:13,330: +PUB [/planning_scene] /move_group_commander_wrappers_1631257813160774320 http://wng:42883/
[rosmaster.master][INFO] 2021-09-10 16:10:13,331: +PUB [/collision_object] /LowLevelMotion_9051_1631257813162 http://wng:34975/
[rosmaster.master][INFO] 2021-09-10 16:10:13,332: +PUB [/attached_collision_object] /LowLevelMotion_9051_1631257813162 http://wng:34975/
[rosmaster.master][INFO] 2021-09-10 16:10:13,332: +PUB [/trajectory_execution_event] /move_group_commander_wrappers_1631257813160774320 http://wng:42883/
[rosmaster.master][INFO] 2021-09-10 16:10:13,332: +PUB [/attached_collision_object] /move_group_commander_wrappers_1631257813160774320 http://wng:42883/
[rosmaster.master][INFO] 2021-09-10 16:10:13,334: +SUB [/move_group/status] /move_group_commander_wrappers_1631257813160774320 http://wng:42883/
[rosmaster.master][INFO] 2021-09-10 16:10:13,334: +SUB [/move_group/feedback] /move_group_commander_wrappers_1631257813160774320 http://wng:42883/
[rosmaster.master][INFO] 2021-09-10 16:10:13,335: +SUB [/move_group/result] /move_group_commander_wrappers_1631257813160774320 http://wng:42883/
[rosmaster.master][INFO] 2021-09-10 16:10:13,336: +PUB [/move_group/goal] /move_group_commander_wrappers_1631257813160774320 http://wng:42883/
[rosmaster.master][INFO] 2021-09-10 16:10:13,336: +PUB [/move_group/cancel] /move_group_commander_wrappers_1631257813160774320 http://wng:42883/
[rosmaster.master][INFO] 2021-09-10 16:10:13,338: publisherUpdate[/rosout] -> http://wng:37299/ ['http://wng:43713/', 'http://wng:43669/', 'http://wng:45913/', 'http://wng:42497/', 'http://wng:43555/', 'http://wng:42883/', 'http://wng:34975/']
[rosmaster.master][INFO] 2021-09-10 16:10:13,339: publisherUpdate[/planning_scene] -> http://wng:45913/ ['http://wng:42497/', 'http://wng:42883/']
[rosmaster.master][INFO] 2021-09-10 16:10:13,339: publisherUpdate[/rosout] -> http://wng:37299/ ['http://wng:43713/', 'http://wng:43669/', 'http://wng:45913/', 'http://wng:42497/', 'http://wng:43555/', 'http://wng:42883/', 'http://wng:34975/']: sec=0.00, result=[1, '', 0]
[rosmaster.master][INFO] 2021-09-10 16:10:13,340: publisherUpdate[/planning_scene] -> http://wng:45913/ ['http://wng:42497/', 'http://wng:42883/']: sec=0.00, result=[1, '', 0]
[rosmaster.master][INFO] 2021-09-10 16:10:13,340: publisherUpdate[/collision_object] -> http://wng:45913/ ['http://wng:34975/']
[rosmaster.master][INFO] 2021-09-10 16:10:13,340: publisherUpdate[/collision_object] -> http://wng:45913/ ['http://wng:34975/']: sec=0.00, result=[1, '', 0]
[rosmaster.master][INFO] 2021-09-10 16:10:13,340: publisherUpdate[/attached_collision_object] -> http://wng:45913/ ['http://wng:42497/', 'http://wng:34975/']
[rosmaster.master][INFO] 2021-09-10 16:10:13,340: publisherUpdate[/attached_collision_object] -> http://wng:45913/ ['http://wng:42497/', 'http://wng:34975/']: sec=0.00, result=[1, '', 0]
[rosmaster.master][INFO] 2021-09-10 16:10:13,341: publisherUpdate[/trajectory_execution_event] -> http://wng:45913/ ['http://wng:42497/', 'http://wng:42883/']
[rosmaster.master][INFO] 2021-09-10 16:10:13,341: publisherUpdate[/trajectory_execution_event] -> http://wng:45913/ ['http://wng:42497/', 'http://wng:42883/']: sec=0.00, result=[1, '', 0]
[rosmaster.master][INFO] 2021-09-10 16:10:13,341: publisherUpdate[/attached_collision_object] -> http://wng:45913/ ['http://wng:42497/', 'http://wng:34975/', 'http://wng:42883/']
[rosmaster.master][INFO] 2021-09-10 16:10:13,341: publisherUpdate[/attached_collision_object] -> http://wng:45913/ ['http://wng:42497/', 'http://wng:34975/', 'http://wng:42883/']: sec=0.00, result=[1, '', 0]
[rosmaster.master][INFO] 2021-09-10 16:10:13,341: publisherUpdate[/move_group/goal] -> http://wng:45913/ ['http://wng:42497/', 'http://wng:42883/']
[rosmaster.master][INFO] 2021-09-10 16:10:13,341: publisherUpdate[/move_group/goal] -> http://wng:45913/ ['http://wng:42497/', 'http://wng:42883/']: sec=0.00, result=[1, '', 0]
[rosmaster.master][INFO] 2021-09-10 16:10:13,341: publisherUpdate[/move_group/cancel] -> http://wng:45913/ ['http://wng:42497/', 'http://wng:42883/']
[rosmaster.master][INFO] 2021-09-10 16:10:13,342: publisherUpdate[/move_group/cancel] -> http://wng:45913/ ['http://wng:42497/', 'http://wng:42883/']: sec=0.00, result=[1, '', 0]
[rosmaster.master][INFO] 2021-09-10 16:10:13,545: +SUB [/pickup/status] /move_group_commander_wrappers_1631257813160774320 http://wng:42883/
[rosmaster.master][INFO] 2021-09-10 16:10:13,547: +SUB [/pickup/feedback] /move_group_commander_wrappers_1631257813160774320 http://wng:42883/
[rosmaster.master][INFO] 2021-09-10 16:10:13,549: +SUB [/pickup/result] /move_group_commander_wrappers_1631257813160774320 http://wng:42883/
[rosmaster.master][INFO] 2021-09-10 16:10:13,549: +PUB [/pickup/goal] /move_group_commander_wrappers_1631257813160774320 http://wng:42883/
[rosmaster.master][INFO] 2021-09-10 16:10:13,550: +PUB [/pickup/cancel] /move_group_commander_wrappers_1631257813160774320 http://wng:42883/
[rosmaster.master][INFO] 2021-09-10 16:10:13,640: publisherUpdate[/pickup/goal] -> http://wng:45913/ ['http://wng:42497/', 'http://wng:42883/']
[rosmaster.master][INFO] 2021-09-10 16:10:13,641: publisherUpdate[/pickup/goal] -> http://wng:45913/ ['http://wng:42497/', 'http://wng:42883/']: sec=0.00, result=[1, '', 0]
[rosmaster.master][INFO] 2021-09-10 16:10:13,641: publisherUpdate[/pickup/cancel] -> http://wng:45913/ ['http://wng:42497/', 'http://wng:42883/']
[rosmaster.master][INFO] 2021-09-10 16:10:13,641: publisherUpdate[/pickup/cancel] -> http://wng:45913/ ['http://wng:42497/', 'http://wng:42883/']: sec=0.00, result=[1, '', 0]
[rosmaster.master][INFO] 2021-09-10 16:10:13,846: +SUB [/place/status] /move_group_commander_wrappers_1631257813160774320 http://wng:42883/
[rosmaster.master][INFO] 2021-09-10 16:10:13,848: +SUB [/place/feedback] /move_group_commander_wrappers_1631257813160774320 http://wng:42883/
[rosmaster.master][INFO] 2021-09-10 16:10:13,850: +SUB [/place/result] /move_group_commander_wrappers_1631257813160774320 http://wng:42883/
[rosmaster.master][INFO] 2021-09-10 16:10:13,850: +PUB [/place/goal] /move_group_commander_wrappers_1631257813160774320 http://wng:42883/
[rosmaster.master][INFO] 2021-09-10 16:10:13,851: +PUB [/place/cancel] /move_group_commander_wrappers_1631257813160774320 http://wng:42883/
[rosmaster.master][INFO] 2021-09-10 16:10:13,941: publisherUpdate[/place/goal] -> http://wng:45913/ ['http://wng:42497/', 'http://wng:42883/']
[rosmaster.master][INFO] 2021-09-10 16:10:13,961: publisherUpdate[/place/goal] -> http://wng:45913/ ['http://wng:42497/', 'http://wng:42883/']: sec=0.02, result=[1, '', 0]
[rosmaster.master][INFO] 2021-09-10 16:10:13,961: publisherUpdate[/place/cancel] -> http://wng:45913/ ['http://wng:42497/', 'http://wng:42883/']
[rosmaster.master][INFO] 2021-09-10 16:10:13,962: publisherUpdate[/place/cancel] -> http://wng:45913/ ['http://wng:42497/', 'http://wng:42883/']: sec=0.00, result=[1, '', 0]
[rosmaster.master][INFO] 2021-09-10 16:10:14,165: +SUB [/execute_trajectory/status] /move_group_commander_wrappers_1631257813160774320 http://wng:42883/
[rosmaster.master][INFO] 2021-09-10 16:10:14,167: +SUB [/execute_trajectory/feedback] /move_group_commander_wrappers_1631257813160774320 http://wng:42883/
[rosmaster.master][INFO] 2021-09-10 16:10:14,169: +SUB [/execute_trajectory/result] /move_group_commander_wrappers_1631257813160774320 http://wng:42883/
[rosmaster.master][INFO] 2021-09-10 16:10:14,169: +PUB [/execute_trajectory/goal] /move_group_commander_wrappers_1631257813160774320 http://wng:42883/
[rosmaster.master][INFO] 2021-09-10 16:10:14,170: +PUB [/execute_trajectory/cancel] /move_group_commander_wrappers_1631257813160774320 http://wng:42883/
[rosmaster.master][INFO] 2021-09-10 16:10:14,242: publisherUpdate[/execute_trajectory/goal] -> http://wng:45913/ ['http://wng:42497/', 'http://wng:42883/']
[rosmaster.master][INFO] 2021-09-10 16:10:14,243: publisherUpdate[/execute_trajectory/goal] -> http://wng:45913/ ['http://wng:42497/', 'http://wng:42883/']: sec=0.00, result=[1, '', 0]
[rosmaster.master][INFO] 2021-09-10 16:10:14,243: publisherUpdate[/execute_trajectory/cancel] -> http://wng:45913/ ['http://wng:42497/', 'http://wng:42883/']
[rosmaster.master][INFO] 2021-09-10 16:10:14,243: publisherUpdate[/execute_trajectory/cancel] -> http://wng:45913/ ['http://wng:42497/', 'http://wng:42883/']: sec=0.00, result=[1, '', 0]
[rosmaster.master][INFO] 2021-09-10 16:10:50,191: -SUB [/move_group/fake_controller_joint_states] /joint_state_publisher http://wng:43555/
[rosmaster.master][INFO] 2021-09-10 16:10:50,191: -PUB [/joint_states] /joint_state_publisher http://wng:43555/
[rosmaster.master][INFO] 2021-09-10 16:10:50,191: -PUB [/rosout] /joint_state_publisher http://wng:43555/
[rosmaster.master][INFO] 2021-09-10 16:10:50,192: -SERVICE [/joint_state_publisher/get_loggers] /joint_state_publisher rosrpc://wng:43213
[rosmaster.master][INFO] 2021-09-10 16:10:50,192: -SERVICE [/joint_state_publisher/set_logger_level] /joint_state_publisher rosrpc://wng:43213
[rosmaster.master][INFO] 2021-09-10 16:10:50,197: publisherUpdate[/joint_states] -> http://wng:43713/ []
[rosmaster.master][INFO] 2021-09-10 16:10:50,199: publisherUpdate[/joint_states] -> http://wng:43713/ []: sec=0.00, result=[1, '', 0]
[rosmaster.master][INFO] 2021-09-10 16:10:50,199: publisherUpdate[/joint_states] -> http://wng:43669/ []
[rosmaster.master][INFO] 2021-09-10 16:10:50,200: publisherUpdate[/joint_states] -> http://wng:43669/ []: sec=0.00, result=[1, '', 0]
[rosmaster.master][INFO] 2021-09-10 16:10:50,200: publisherUpdate[/rosout] -> http://wng:37299/ ['http://wng:43713/', 'http://wng:43669/', 'http://wng:45913/', 'http://wng:42497/', 'http://wng:42883/', 'http://wng:34975/']
[rosmaster.master][INFO] 2021-09-10 16:10:50,201: publisherUpdate[/rosout] -> http://wng:37299/ ['http://wng:43713/', 'http://wng:43669/', 'http://wng:45913/', 'http://wng:42497/', 'http://wng:42883/', 'http://wng:34975/']: sec=0.00, result=[1, '', 0]
[rosmaster.master][INFO] 2021-09-10 16:10:50,277: -PUB [/rosout] /move_group http://wng:45913/
[rosmaster.master][INFO] 2021-09-10 16:10:50,277: -PUB [/move_group/planning_scene_monitor/parameter_descriptions] /move_group http://wng:45913/
[rosmaster.master][INFO] 2021-09-10 16:10:50,277: -PUB [/move_group/planning_scene_monitor/parameter_updates] /move_group http://wng:45913/
[rosmaster.master][INFO] 2021-09-10 16:10:50,277: -PUB [/move_group/monitored_planning_scene] /move_group http://wng:45913/
[rosmaster.master][INFO] 2021-09-10 16:10:50,278: -PUB [/move_group/filtered_cloud] /move_group http://wng:45913/
[rosmaster.master][INFO] 2021-09-10 16:10:50,278: -PUB [/move_group/ompl/parameter_descriptions] /move_group http://wng:45913/
[rosmaster.master][INFO] 2021-09-10 16:10:50,278: -PUB [/move_group/ompl/parameter_updates] /move_group http://wng:45913/
[rosmaster.master][INFO] 2021-09-10 16:10:50,279: -PUB [/move_group/display_planned_path] /move_group http://wng:45913/
[rosmaster.master][INFO] 2021-09-10 16:10:50,279: -PUB [/move_group/display_contacts] /move_group http://wng:45913/
[rosmaster.master][INFO] 2021-09-10 16:10:50,279: -PUB [/move_group/fake_controller_joint_states] /move_group http://wng:45913/
[rosmaster.master][INFO] 2021-09-10 16:10:50,279: -PUB [/move_group/trajectory_execution/parameter_descriptions] /move_group http://wng:45913/
[rosmaster.master][INFO] 2021-09-10 16:10:50,280: -PUB [/move_group/trajectory_execution/parameter_updates] /move_group http://wng:45913/
[rosmaster.master][INFO] 2021-09-10 16:10:50,280: -PUB [/move_group/plan_execution/parameter_descriptions] /move_group http://wng:45913/
[rosmaster.master][INFO] 2021-09-10 16:10:50,280: -PUB [/move_group/plan_execution/parameter_updates] /move_group http://wng:45913/
[rosmaster.master][INFO] 2021-09-10 16:10:50,280: -PUB [/move_group/sense_for_plan/parameter_descriptions] /move_group http://wng:45913/
[rosmaster.master][INFO] 2021-09-10 16:10:50,281: -PUB [/move_group/sense_for_plan/parameter_updates] /move_group http://wng:45913/
[rosmaster.master][INFO] 2021-09-10 16:10:50,281: -PUB [/move_group/display_cost_sources] /move_group http://wng:45913/
[rosmaster.master][INFO] 2021-09-10 16:10:50,281: -PUB [/move_group/motion_plan_request] /move_group http://wng:45913/
[rosmaster.master][INFO] 2021-09-10 16:10:50,281: -PUB [/execute_trajectory/result] /move_group http://wng:45913/
[rosmaster.master][INFO] 2021-09-10 16:10:50,282: -PUB [/execute_trajectory/feedback] /move_group http://wng:45913/
[rosmaster.master][INFO] 2021-09-10 16:10:50,282: -PUB [/execute_trajectory/status] /move_group http://wng:45913/
[rosmaster.master][INFO] 2021-09-10 16:10:50,282: -PUB [/move_group/result] /move_group http://wng:45913/
[rosmaster.master][INFO] 2021-09-10 16:10:50,283: -PUB [/move_group/feedback] /move_group http://wng:45913/
[rosmaster.master][INFO] 2021-09-10 16:10:50,283: -PUB [/move_group/status] /move_group http://wng:45913/
[rosmaster.master][INFO] 2021-09-10 16:10:50,283: -PUB [/move_group/display_grasp_markers] /move_group http://wng:45913/
[rosmaster.master][INFO] 2021-09-10 16:10:50,283: -PUB [/pickup/result] /move_group http://wng:45913/
[rosmaster.master][INFO] 2021-09-10 16:10:50,284: -PUB [/pickup/feedback] /move_group http://wng:45913/
[rosmaster.master][INFO] 2021-09-10 16:10:50,284: -PUB [/pickup/status] /move_group http://wng:45913/
[rosmaster.master][INFO] 2021-09-10 16:10:50,284: -PUB [/place/result] /move_group http://wng:45913/
[rosmaster.master][INFO] 2021-09-10 16:10:50,285: -PUB [/place/feedback] /move_group http://wng:45913/
[rosmaster.master][INFO] 2021-09-10 16:10:50,285: -PUB [/place/status] /move_group http://wng:45913/
[rosmaster.master][INFO] 2021-09-10 16:10:50,285: -SUB [/tf] /move_group http://wng:45913/
[rosmaster.master][INFO] 2021-09-10 16:10:50,285: -SUB [/tf_static] /move_group http://wng:45913/
[rosmaster.master][INFO] 2021-09-10 16:10:50,286: -SUB [/planning_scene] /move_group http://wng:45913/
[rosmaster.master][INFO] 2021-09-10 16:10:50,286: -SUB [/collision_object] /move_group http://wng:45913/
[rosmaster.master][INFO] 2021-09-10 16:10:50,286: -SUB [/planning_scene_world] /move_group http://wng:45913/
[rosmaster.master][INFO] 2021-09-10 16:10:50,287: -SUB [/camera/depth_registered/points] /move_group http://wng:45913/
[rosmaster.master][INFO] 2021-09-10 16:10:50,287: -SUB [/joint_states_desired] /move_group http://wng:45913/
[rosmaster.master][INFO] 2021-09-10 16:10:50,287: -SUB [/attached_collision_object] /move_group http://wng:45913/
[rosmaster.master][INFO] 2021-09-10 16:10:50,287: -SUB [/trajectory_execution_event] /move_group http://wng:45913/
[rosmaster.master][INFO] 2021-09-10 16:10:50,288: -SUB [/execute_trajectory/goal] /move_group http://wng:45913/
[rosmaster.master][INFO] 2021-09-10 16:10:50,288: -SUB [/execute_trajectory/cancel] /move_group http://wng:45913/
[rosmaster.master][INFO] 2021-09-10 16:10:50,288: -SUB [/move_group/goal] /move_group http://wng:45913/
[rosmaster.master][INFO] 2021-09-10 16:10:50,288: -SUB [/move_group/cancel] /move_group http://wng:45913/
[rosmaster.master][INFO] 2021-09-10 16:10:50,289: -SUB [/pickup/goal] /move_group http://wng:45913/
[rosmaster.master][INFO] 2021-09-10 16:10:50,289: -SUB [/pickup/cancel] /move_group http://wng:45913/
[rosmaster.master][INFO] 2021-09-10 16:10:50,289: -SUB [/place/goal] /move_group http://wng:45913/
[rosmaster.master][INFO] 2021-09-10 16:10:50,290: -SUB [/place/cancel] /move_group http://wng:45913/
[rosmaster.master][INFO] 2021-09-10 16:10:50,290: -SERVICE [/move_group/get_loggers] /move_group rosrpc://wng:39023
[rosmaster.master][INFO] 2021-09-10 16:10:50,290: -SERVICE [/move_group/set_logger_level] /move_group rosrpc://wng:39023
[rosmaster.master][INFO] 2021-09-10 16:10:50,290: -SERVICE [/move_group/planning_scene_monitor/set_parameters] /move_group rosrpc://wng:39023
[rosmaster.master][INFO] 2021-09-10 16:10:50,291: -SERVICE [/move_group/save_map] /move_group rosrpc://wng:39023
[rosmaster.master][INFO] 2021-09-10 16:10:50,291: -SERVICE [/move_group/load_map] /move_group rosrpc://wng:39023
[rosmaster.master][INFO] 2021-09-10 16:10:50,291: -SERVICE [/move_group/ompl/set_parameters] /move_group rosrpc://wng:39023
[rosmaster.master][INFO] 2021-09-10 16:10:50,291: -SERVICE [/move_group/trajectory_execution/set_parameters] /move_group rosrpc://wng:39023
[rosmaster.master][INFO] 2021-09-10 16:10:50,292: -SERVICE [/move_group/plan_execution/set_parameters] /move_group rosrpc://wng:39023
[rosmaster.master][INFO] 2021-09-10 16:10:50,292: -SERVICE [/move_group/sense_for_plan/set_parameters] /move_group rosrpc://wng:39023
[rosmaster.master][INFO] 2021-09-10 16:10:50,292: -SERVICE [/apply_planning_scene] /move_group rosrpc://wng:39023
[rosmaster.master][INFO] 2021-09-10 16:10:50,292: -SERVICE [/clear_octomap] /move_group rosrpc://wng:39023
[rosmaster.master][INFO] 2021-09-10 16:10:50,293: -SERVICE [/compute_cartesian_path] /move_group rosrpc://wng:39023
[rosmaster.master][INFO] 2021-09-10 16:10:50,293: -SERVICE [/get_planning_scene] /move_group rosrpc://wng:39023
[rosmaster.master][INFO] 2021-09-10 16:10:50,293: -SERVICE [/compute_fk] /move_group rosrpc://wng:39023
[rosmaster.master][INFO] 2021-09-10 16:10:50,294: -SERVICE [/compute_ik] /move_group rosrpc://wng:39023
[rosmaster.master][INFO] 2021-09-10 16:10:50,294: -SERVICE [/plan_kinematic_path] /move_group rosrpc://wng:39023
[rosmaster.master][INFO] 2021-09-10 16:10:50,294: -SERVICE [/query_planner_interface] /move_group rosrpc://wng:39023
[rosmaster.master][INFO] 2021-09-10 16:10:50,294: -SERVICE [/get_planner_params] /move_group rosrpc://wng:39023
[rosmaster.master][INFO] 2021-09-10 16:10:50,295: -SERVICE [/set_planner_params] /move_group rosrpc://wng:39023
[rosmaster.master][INFO] 2021-09-10 16:10:50,295: -SERVICE [/check_state_validity] /move_group rosrpc://wng:39023
[rosmaster.master][INFO] 2021-09-10 16:10:50,295: -CACHEDPARAM [/rosout_disable_topics_generation] by /move_group
[rosmaster.master][INFO] 2021-09-10 16:10:50,299: -PUB [/rosout] /joint_state_desired_publisher http://wng:43713/
[rosmaster.master][INFO] 2021-09-10 16:10:50,300: -PUB [/joint_states_desired] /joint_state_desired_publisher http://wng:43713/
[rosmaster.master][INFO] 2021-09-10 16:10:50,300: -SUB [/joint_states] /joint_state_desired_publisher http://wng:43713/
[rosmaster.master][INFO] 2021-09-10 16:10:50,300: -SERVICE [/joint_state_desired_publisher/get_loggers] /joint_state_desired_publisher rosrpc://wng:57961
[rosmaster.master][INFO] 2021-09-10 16:10:50,300: -PUB [/rosout] /robot_state_publisher http://wng:43669/
[rosmaster.master][INFO] 2021-09-10 16:10:50,301: -SERVICE [/joint_state_desired_publisher/set_logger_level] /joint_state_desired_publisher rosrpc://wng:57961
[rosmaster.master][INFO] 2021-09-10 16:10:50,301: -PUB [/tf] /robot_state_publisher http://wng:43669/
[rosmaster.master][INFO] 2021-09-10 16:10:50,301: -CACHEDPARAM [/rosout_disable_topics_generation] by /joint_state_desired_publisher
[rosmaster.master][INFO] 2021-09-10 16:10:50,301: -PUB [/tf_static] /robot_state_publisher http://wng:43669/
[rosmaster.master][INFO] 2021-09-10 16:10:50,301: publisherUpdate[/rosout] -> http://wng:37299/ ['http://wng:43713/', 'http://wng:43669/', 'http://wng:42497/', 'http://wng:42883/', 'http://wng:34975/']
[rosmaster.master][INFO] 2021-09-10 16:10:50,302: publisherUpdate[/move_group/monitored_planning_scene] -> http://wng:42497/ []
[rosmaster.master][INFO] 2021-09-10 16:10:50,302: -SUB [/joint_states] /robot_state_publisher http://wng:43669/
[rosmaster.master][INFO] 2021-09-10 16:10:50,302: publisherUpdate[/rosout] -> http://wng:37299/ ['http://wng:43713/', 'http://wng:43669/', 'http://wng:42497/', 'http://wng:42883/', 'http://wng:34975/']: sec=0.00, result=[1, '', 0]
[rosmaster.master][INFO] 2021-09-10 16:10:50,302: publisherUpdate[/move_group/monitored_planning_scene] -> http://wng:42497/ []: sec=0.00, result=[0, 'Unknown Error', 0]
[rosmaster.master][INFO] 2021-09-10 16:10:50,302: publisherUpdate[/execute_trajectory/result] -> http://wng:42883/ []
[rosmaster.master][INFO] 2021-09-10 16:10:50,303: -SERVICE [/robot_state_publisher/get_loggers] /robot_state_publisher rosrpc://wng:59661
[rosmaster.master][INFO] 2021-09-10 16:10:50,303: publisherUpdate[/move_group/display_planned_path] -> http://wng:42497/ []
[rosmaster.master][INFO] 2021-09-10 16:10:50,303: -SERVICE [/robot_state_publisher/set_logger_level] /robot_state_publisher rosrpc://wng:59661
[rosmaster.master][INFO] 2021-09-10 16:10:50,303: publisherUpdate[/move_group/display_planned_path] -> http://wng:42497/ []: sec=0.00, result=[0, 'Unknown Error', 0]
[rosmaster.master][INFO] 2021-09-10 16:10:50,303: publisherUpdate[/execute_trajectory/result] -> http://wng:42497/ []
[rosmaster.master][INFO] 2021-09-10 16:10:50,304: publisherUpdate[/execute_trajectory/result] -> http://wng:42497/ []: sec=0.00, result=[0, 'Unknown Error', 0]
[rosmaster.master][INFO] 2021-09-10 16:10:50,304: publisherUpdate[/execute_trajectory/feedback] -> http://wng:42497/ []
[rosmaster.master][INFO] 2021-09-10 16:10:50,304: publisherUpdate[/execute_trajectory/feedback] -> http://wng:42497/ []: sec=0.00, result=[0, 'Unknown Error', 0]
[rosmaster.master][INFO] 2021-09-10 16:10:50,304: publisherUpdate[/execute_trajectory/status] -> http://wng:42497/ []
[rosmaster.master][INFO] 2021-09-10 16:10:50,304: publisherUpdate[/execute_trajectory/status] -> http://wng:42497/ []: sec=0.00, result=[0, 'Unknown Error', 0]
[rosmaster.master][INFO] 2021-09-10 16:10:50,305: publisherUpdate[/move_group/result] -> http://wng:42497/ []
[rosmaster.master][INFO] 2021-09-10 16:10:50,305: publisherUpdate[/move_group/result] -> http://wng:42497/ []: sec=0.00, result=[0, 'Unknown Error', 0]
[rosmaster.master][INFO] 2021-09-10 16:10:50,305: publisherUpdate[/move_group/feedback] -> http://wng:42497/ []
[rosmaster.master][INFO] 2021-09-10 16:10:50,305: publisherUpdate[/move_group/feedback] -> http://wng:42497/ []: sec=0.00, result=[0, 'Unknown Error', 0]
[rosmaster.master][INFO] 2021-09-10 16:10:50,305: publisherUpdate[/move_group/status] -> http://wng:42497/ []
[rosmaster.master][INFO] 2021-09-10 16:10:50,306: publisherUpdate[/move_group/status] -> http://wng:42497/ []: sec=0.00, result=[0, 'Unknown Error', 0]
[rosmaster.master][INFO] 2021-09-10 16:10:50,306: publisherUpdate[/pickup/result] -> http://wng:42497/ []
[rosmaster.master][INFO] 2021-09-10 16:10:50,306: publisherUpdate[/pickup/result] -> http://wng:42497/ []: sec=0.00, result=[0, 'Unknown Error', 0]
[rosmaster.master][INFO] 2021-09-10 16:10:50,306: publisherUpdate[/pickup/feedback] -> http://wng:42497/ []
[rosmaster.master][INFO] 2021-09-10 16:10:50,306: publisherUpdate[/pickup/feedback] -> http://wng:42497/ []: sec=0.00, result=[0, 'Unknown Error', 0]
[rosmaster.master][INFO] 2021-09-10 16:10:50,306: publisherUpdate[/pickup/status] -> http://wng:42497/ []
[rosmaster.master][INFO] 2021-09-10 16:10:50,307: publisherUpdate[/pickup/status] -> http://wng:42497/ []: sec=0.00, result=[0, 'Unknown Error', 0]
[rosmaster.master][INFO] 2021-09-10 16:10:50,307: publisherUpdate[/place/result] -> http://wng:42497/ []
[rosmaster.master][INFO] 2021-09-10 16:10:50,307: publisherUpdate[/place/result] -> http://wng:42497/ []: sec=0.00, result=[0, 'Unknown Error', 0]
[rosmaster.master][INFO] 2021-09-10 16:10:50,307: publisherUpdate[/place/feedback] -> http://wng:42497/ []
[rosmaster.master][INFO] 2021-09-10 16:10:50,307: publisherUpdate[/place/feedback] -> http://wng:42497/ []: sec=0.00, result=[0, 'Unknown Error', 0]
[rosmaster.master][INFO] 2021-09-10 16:10:50,307: publisherUpdate[/place/status] -> http://wng:42497/ []
[rosmaster.master][INFO] 2021-09-10 16:10:50,307: publisherUpdate[/place/status] -> http://wng:42497/ []: sec=0.00, result=[0, 'Unknown Error', 0]
[rosmaster.master][INFO] 2021-09-10 16:10:50,307: publisherUpdate[/rosout] -> http://wng:37299/ ['http://wng:43669/', 'http://wng:42497/', 'http://wng:42883/', 'http://wng:34975/']
[rosmaster.master][INFO] 2021-09-10 16:10:50,308: publisherUpdate[/rosout] -> http://wng:37299/ ['http://wng:43669/', 'http://wng:42497/', 'http://wng:42883/', 'http://wng:34975/']: sec=0.00, result=[1, '', 0]
[rosmaster.master][INFO] 2021-09-10 16:10:50,308: publisherUpdate[/rosout] -> http://wng:37299/ ['http://wng:42497/', 'http://wng:42883/', 'http://wng:34975/']
[rosmaster.master][INFO] 2021-09-10 16:10:50,308: publisherUpdate[/rosout] -> http://wng:37299/ ['http://wng:42497/', 'http://wng:42883/', 'http://wng:34975/']: sec=0.00, result=[1, '', 0]
[rosmaster.master][INFO] 2021-09-10 16:10:50,308: publisherUpdate[/tf] -> http://wng:42497/ []
[rosmaster.master][INFO] 2021-09-10 16:10:50,308: publisherUpdate[/tf] -> http://wng:42497/ []: sec=0.00, result=[0, 'Unknown Error', 0]
[rosmaster.master][INFO] 2021-09-10 16:10:50,308: publisherUpdate[/tf_static] -> http://wng:42497/ []
[rosmaster.master][INFO] 2021-09-10 16:10:50,308: publisherUpdate[/tf_static] -> http://wng:42497/ []: sec=0.00, result=[0, 'Unknown Error', 0]
[rosmaster.master][INFO] 2021-09-10 16:10:50,409: -PUB [/rosout] /rviz_wng_8863_4026351648216089009 http://wng:42497/
[rosmaster.master][INFO] 2021-09-10 16:10:50,410: -PUB [/planning_scene] /rviz_wng_8863_4026351648216089009 http://wng:42497/
[rosmaster.master][INFO] 2021-09-10 16:10:50,410: -PUB [/planning_scene_world] /rviz_wng_8863_4026351648216089009 http://wng:42497/
[rosmaster.master][INFO] 2021-09-10 16:10:50,410: -PUB [/rviz_wng_8863_4026351648216089009/motionplanning_planning_scene_monitor/parameter_descriptions] /rviz_wng_8863_4026351648216089009 http://wng:42497/
[rosmaster.master][INFO] 2021-09-10 16:10:50,410: -PUB [/rviz_wng_8863_4026351648216089009/motionplanning_planning_scene_monitor/parameter_updates] /rviz_wng_8863_4026351648216089009 http://wng:42497/
[rosmaster.master][INFO] 2021-09-10 16:10:50,411: -PUB [/rviz_moveit_motion_planning_display/robot_interaction_interactive_marker_topic/update_full] /rviz_wng_8863_4026351648216089009 http://wng:42497/
[rosmaster.master][INFO] 2021-09-10 16:10:50,411: -PUB [/rviz_moveit_motion_planning_display/robot_interaction_interactive_marker_topic/update] /rviz_wng_8863_4026351648216089009 http://wng:42497/
[rosmaster.master][INFO] 2021-09-10 16:10:50,411: -PUB [/rviz_moveit_motion_planning_display/robot_interaction_interactive_marker_topic/feedback] /rviz_wng_8863_4026351648216089009 http://wng:42497/
[rosmaster.master][INFO] 2021-09-10 16:10:50,411: -PUB [/trajectory_execution_event] /rviz_wng_8863_4026351648216089009 http://wng:42497/
[rosmaster.master][INFO] 2021-09-10 16:10:50,412: -PUB [/attached_collision_object] /rviz_wng_8863_4026351648216089009 http://wng:42497/
[rosmaster.master][INFO] 2021-09-10 16:10:50,412: -PUB [/move_group/goal] /rviz_wng_8863_4026351648216089009 http://wng:42497/
[rosmaster.master][INFO] 2021-09-10 16:10:50,412: -PUB [/move_group/cancel] /rviz_wng_8863_4026351648216089009 http://wng:42497/
[rosmaster.master][INFO] 2021-09-10 16:10:50,412: -PUB [/pickup/goal] /rviz_wng_8863_4026351648216089009 http://wng:42497/
[rosmaster.master][INFO] 2021-09-10 16:10:50,412: -PUB [/pickup/cancel] /rviz_wng_8863_4026351648216089009 http://wng:42497/
[rosmaster.master][INFO] 2021-09-10 16:10:50,413: -PUB [/place/goal] /rviz_wng_8863_4026351648216089009 http://wng:42497/
[rosmaster.master][INFO] 2021-09-10 16:10:50,413: -PUB [/place/cancel] /rviz_wng_8863_4026351648216089009 http://wng:42497/
[rosmaster.master][INFO] 2021-09-10 16:10:50,413: -PUB [/execute_trajectory/goal] /rviz_wng_8863_4026351648216089009 http://wng:42497/
[rosmaster.master][INFO] 2021-09-10 16:10:50,413: -PUB [/execute_trajectory/cancel] /rviz_wng_8863_4026351648216089009 http://wng:42497/
[rosmaster.master][INFO] 2021-09-10 16:10:50,413: -SUB [/tf] /rviz_wng_8863_4026351648216089009 http://wng:42497/
[rosmaster.master][INFO] 2021-09-10 16:10:50,414: -SUB [/tf_static] /rviz_wng_8863_4026351648216089009 http://wng:42497/
[rosmaster.master][INFO] 2021-09-10 16:10:50,414: -SUB [/action] /rviz_wng_8863_4026351648216089009 http://wng:42497/
[rosmaster.master][INFO] 2021-09-10 16:10:50,414: -SUB [/action_array] /rviz_wng_8863_4026351648216089009 http://wng:42497/
[rosmaster.master][INFO] 2021-09-10 16:10:50,414: -SUB [/recognized_object_array] /rviz_wng_8863_4026351648216089009 http://wng:42497/
[rosmaster.master][INFO] 2021-09-10 16:10:50,415: -SUB [/move_group/monitored_planning_scene] /rviz_wng_8863_4026351648216089009 http://wng:42497/
[rosmaster.master][INFO] 2021-09-10 16:10:50,415: -SUB [/move_group/display_planned_path] /rviz_wng_8863_4026351648216089009 http://wng:42497/
[rosmaster.master][INFO] 2021-09-10 16:10:50,415: -SUB [/rviz_moveit_motion_planning_display/robot_interaction_interactive_marker_topic/feedback] /rviz_wng_8863_4026351648216089009 http://wng:42497/
[rosmaster.master][INFO] 2021-09-10 16:10:50,415: -SUB [/rviz_moveit_motion_planning_display/robot_interaction_interactive_marker_topic/update] /rviz_wng_8863_4026351648216089009 http://wng:42497/
[rosmaster.master][INFO] 2021-09-10 16:10:50,415: -SUB [/move_group/status] /rviz_wng_8863_4026351648216089009 http://wng:42497/
[rosmaster.master][INFO] 2021-09-10 16:10:50,415: -SUB [/move_group/feedback] /rviz_wng_8863_4026351648216089009 http://wng:42497/
[rosmaster.master][INFO] 2021-09-10 16:10:50,416: -SUB [/move_group/result] /rviz_wng_8863_4026351648216089009 http://wng:42497/
[rosmaster.master][INFO] 2021-09-10 16:10:50,416: -SUB [/pickup/status] /rviz_wng_8863_4026351648216089009 http://wng:42497/
[rosmaster.master][INFO] 2021-09-10 16:10:50,416: -SUB [/pickup/feedback] /rviz_wng_8863_4026351648216089009 http://wng:42497/
[rosmaster.master][INFO] 2021-09-10 16:10:50,416: -SUB [/pickup/result] /rviz_wng_8863_4026351648216089009 http://wng:42497/
[rosmaster.master][INFO] 2021-09-10 16:10:50,417: -SUB [/place/status] /rviz_wng_8863_4026351648216089009 http://wng:42497/
[rosmaster.master][INFO] 2021-09-10 16:10:50,417: -SUB [/place/feedback] /rviz_wng_8863_4026351648216089009 http://wng:42497/
[rosmaster.master][INFO] 2021-09-10 16:10:50,417: -SUB [/place/result] /rviz_wng_8863_4026351648216089009 http://wng:42497/
[rosmaster.master][INFO] 2021-09-10 16:10:50,417: -SUB [/execute_trajectory/status] /rviz_wng_8863_4026351648216089009 http://wng:42497/
[rosmaster.master][INFO] 2021-09-10 16:10:50,417: -SUB [/execute_trajectory/feedback] /rviz_wng_8863_4026351648216089009 http://wng:42497/
[rosmaster.master][INFO] 2021-09-10 16:10:50,418: -SUB [/execute_trajectory/result] /rviz_wng_8863_4026351648216089009 http://wng:42497/
[rosmaster.master][INFO] 2021-09-10 16:10:50,418: -SERVICE [/rviz_wng_8863_4026351648216089009/get_loggers] /rviz_wng_8863_4026351648216089009 rosrpc://wng:41729
[rosmaster.master][INFO] 2021-09-10 16:10:50,418: -SERVICE [/rviz_wng_8863_4026351648216089009/set_logger_level] /rviz_wng_8863_4026351648216089009 rosrpc://wng:41729
[rosmaster.master][INFO] 2021-09-10 16:10:50,418: -SERVICE [/rviz_wng_8863_4026351648216089009/reload_shaders] /rviz_wng_8863_4026351648216089009 rosrpc://wng:41729
[rosmaster.master][INFO] 2021-09-10 16:10:50,418: -SERVICE [/rviz_wng_8863_4026351648216089009/load_config] /rviz_wng_8863_4026351648216089009 rosrpc://wng:41729
[rosmaster.master][INFO] 2021-09-10 16:10:50,419: -SERVICE [/rviz_wng_8863_4026351648216089009/save_config] /rviz_wng_8863_4026351648216089009 rosrpc://wng:41729
[rosmaster.master][INFO] 2021-09-10 16:10:50,419: -SERVICE [/rviz_wng_8863_4026351648216089009/motionplanning_planning_scene_monitor/set_parameters] /rviz_wng_8863_4026351648216089009 rosrpc://wng:41729
[rosmaster.master][INFO] 2021-09-10 16:10:50,419: -CACHEDPARAM [/rosout_disable_topics_generation] by /rviz_wng_8863_4026351648216089009
[rosmaster.master][INFO] 2021-09-10 16:10:50,420: publisherUpdate[/rosout] -> http://wng:37299/ ['http://wng:42883/', 'http://wng:34975/']
[rosmaster.master][INFO] 2021-09-10 16:10:50,420: publisherUpdate[/rosout] -> http://wng:37299/ ['http://wng:42883/', 'http://wng:34975/']: sec=0.00, result=[1, '', 0]
[rosmaster.master][INFO] 2021-09-10 16:10:50,420: publisherUpdate[/rviz_moveit_motion_planning_display/robot_interaction_interactive_marker_topic/update] -> http://wng:42497/ []
[rosmaster.master][INFO] 2021-09-10 16:10:50,421: publisherUpdate[/rviz_moveit_motion_planning_display/robot_interaction_interactive_marker_topic/update] -> http://wng:42497/ []: sec=0.00, exception=<Fault -1: 'publisherUpdate: unknown method name'>
[rosmaster.threadpool][ERROR] 2021-09-10 16:10:50,421: Traceback (most recent call last):
  File "/opt/ros/melodic/lib/python2.7/dist-packages/rosmaster/threadpool.py", line 218, in run
    result = cmd(*args)
  File "/opt/ros/melodic/lib/python2.7/dist-packages/rosmaster/master_api.py", line 210, in publisher_update_task
    ret = xmlrpcapi(api).publisherUpdate('/master', topic, pub_uris)
  File "/usr/lib/python2.7/xmlrpclib.py", line 1243, in __call__
    return self.__send(self.__name, args)
  File "/usr/lib/python2.7/xmlrpclib.py", line 1602, in __request
    verbose=self.__verbose
  File "/usr/lib/python2.7/xmlrpclib.py", line 1283, in request
    return self.single_request(host, handler, request_body, verbose)
  File "/usr/lib/python2.7/xmlrpclib.py", line 1316, in single_request
    return self.parse_response(response)
  File "/usr/lib/python2.7/xmlrpclib.py", line 1493, in parse_response
    return u.close()
  File "/usr/lib/python2.7/xmlrpclib.py", line 800, in close
    raise Fault(**self._stack[0])
Fault: <Fault -1: 'publisherUpdate: unknown method name'>

[rosmaster.master][INFO] 2021-09-10 16:10:50,421: publisherUpdate[/rviz_moveit_motion_planning_display/robot_interaction_interactive_marker_topic/feedback] -> http://wng:42497/ []
[rosmaster.master][INFO] 2021-09-10 16:10:50,422: publisherUpdate[/rviz_moveit_motion_planning_display/robot_interaction_interactive_marker_topic/feedback] -> http://wng:42497/ []: sec=0.00, exception=<Fault -1: 'publisherUpdate: unknown method name'>
[rosmaster.threadpool][ERROR] 2021-09-10 16:10:50,422: Traceback (most recent call last):
  File "/opt/ros/melodic/lib/python2.7/dist-packages/rosmaster/threadpool.py", line 218, in run
    result = cmd(*args)
  File "/opt/ros/melodic/lib/python2.7/dist-packages/rosmaster/master_api.py", line 210, in publisher_update_task
    ret = xmlrpcapi(api).publisherUpdate('/master', topic, pub_uris)
  File "/usr/lib/python2.7/xmlrpclib.py", line 1243, in __call__
    return self.__send(self.__name, args)
  File "/usr/lib/python2.7/xmlrpclib.py", line 1602, in __request
    verbose=self.__verbose
  File "/usr/lib/python2.7/xmlrpclib.py", line 1283, in request
    return self.single_request(host, handler, request_body, verbose)
  File "/usr/lib/python2.7/xmlrpclib.py", line 1316, in single_request
    return self.parse_response(response)
  File "/usr/lib/python2.7/xmlrpclib.py", line 1493, in parse_response
    return u.close()
  File "/usr/lib/python2.7/xmlrpclib.py", line 800, in close
    raise Fault(**self._stack[0])
Fault: <Fault -1: 'publisherUpdate: unknown method name'>

[rosmaster.master][INFO] 2021-09-10 16:10:50,821: -PUB [/rosout_agg] /rosout http://wng:37299/
[rosmaster.master][INFO] 2021-09-10 16:10:50,821: -SUB [/rosout] /rosout http://wng:37299/
[rosmaster.master][INFO] 2021-09-10 16:10:50,822: -SERVICE [/rosout/get_loggers] /rosout rosrpc://wng:48009
[rosmaster.master][INFO] 2021-09-10 16:10:50,822: -SERVICE [/rosout/set_logger_level] /rosout rosrpc://wng:48009
[rosmaster.master][INFO] 2021-09-10 16:10:50,822: -CACHEDPARAM [/rosout/omit_topics] by /rosout
[rosmaster.main][INFO] 2021-09-10 16:10:50,886: keyboard interrupt, will exit
[rosmaster.main][INFO] 2021-09-10 16:10:50,886: stopping master...
[rospy.core][INFO] 2021-09-10 16:10:50,886: signal_shutdown [atexit]
