[rospy.client][INFO] 2021-11-29 09:13:40,123: init_node, name[/joint_state_publisher], pid[5859]
[xmlrpc][INFO] 2021-11-29 09:13:40,124: XML-RPC server binding to 0.0.0.0:0
[xmlrpc][INFO] 2021-11-29 09:13:40,124: Started XML-RPC server [http://wng:37595/]
[rospy.init][INFO] 2021-11-29 09:13:40,124: ROS Slave URI: [http://wng:37595/]
[rospy.impl.masterslave][INFO] 2021-11-29 09:13:40,124: _ready: http://wng:37595/
[rospy.registration][INFO] 2021-11-29 09:13:40,124: Registering with master node http://localhost:11311
[xmlrpc][INFO] 2021-11-29 09:13:40,124: xml rpc node: starting XML-RPC server
[rospy.init][INFO] 2021-11-29 09:13:40,224: registered with master
[rospy.rosout][INFO] 2021-11-29 09:13:40,224: initializing /rosout core topic
[rospy.rosout][INFO] 2021-11-29 09:13:40,226: connected to core topic /rosout
[rospy.simtime][INFO] 2021-11-29 09:13:40,226: /use_sim_time is not set, will not subscribe to simulated time [/clock] topic
[rospy.internal][INFO] 2021-11-29 09:13:40,289: topic[/move_group/fake_controller_joint_states] adding connection to [http://wng:40555/], count 0
[rospy.internal][INFO] 2021-11-29 09:13:40,415: topic[/rosout] adding connection to [/rosout], count 0
[rospy.internal][INFO] 2021-11-29 09:13:40,514: topic[/joint_states] adding connection to [/joint_state_desired_publisher], count 0
[rospy.internal][INFO] 2021-11-29 09:13:40,514: topic[/joint_states] adding connection to [/robot_state_publisher], count 1
[rospy.internal][INFO] 2021-11-29 09:14:09,357: topic[/joint_states] adding connection to [/move_group_commander_wrappers_1638144828259928239], count 2
[rospy.internal][INFO] 2021-11-29 09:32:11,296: topic[/joint_states] removing connection to /move_group_commander_wrappers_1638144828259928239
[rospy.core][INFO] 2021-11-29 09:32:18,944: signal_shutdown [signal-2]
[rospy.internal][INFO] 2021-11-29 09:32:18,946: topic[/joint_states] removing connection to /joint_state_desired_publisher
[rospy.internal][INFO] 2021-11-29 09:32:18,946: topic[/joint_states] removing connection to /robot_state_publisher
[rospy.internal][INFO] 2021-11-29 09:32:18,946: topic[/rosout] removing connection to /rosout
[rospy.internal][INFO] 2021-11-29 09:32:18,946: topic[/move_group/fake_controller_joint_states] removing connection to http://wng:40555/
[rospy.impl.masterslave][INFO] 2021-11-29 09:32:18,946: signal-2
[rospy.core][INFO] 2021-11-29 09:32:19,062: signal_shutdown [atexit]
