[rospy.client][INFO] 2021-12-08 09:52:02,249: init_node, name[/joint_state_publisher], pid[26089]
[xmlrpc][INFO] 2021-12-08 09:52:02,249: XML-RPC server binding to 0.0.0.0:0
[xmlrpc][INFO] 2021-12-08 09:52:02,249: Started XML-RPC server [http://wng:46339/]
[rospy.init][INFO] 2021-12-08 09:52:02,249: ROS Slave URI: [http://wng:46339/]
[rospy.impl.masterslave][INFO] 2021-12-08 09:52:02,250: _ready: http://wng:46339/
[xmlrpc][INFO] 2021-12-08 09:52:02,250: xml rpc node: starting XML-RPC server
[rospy.registration][INFO] 2021-12-08 09:52:02,250: Registering with master node http://localhost:11311
[rospy.init][INFO] 2021-12-08 09:52:02,350: registered with master
[rospy.rosout][INFO] 2021-12-08 09:52:02,350: initializing /rosout core topic
[rospy.rosout][INFO] 2021-12-08 09:52:02,352: connected to core topic /rosout
[rospy.simtime][INFO] 2021-12-08 09:52:02,352: /use_sim_time is not set, will not subscribe to simulated time [/clock] topic
[rospy.internal][INFO] 2021-12-08 09:52:02,422: topic[/move_group/fake_controller_joint_states] adding connection to [http://wng:38963/], count 0
[rospy.internal][INFO] 2021-12-08 09:52:02,543: topic[/rosout] adding connection to [/rosout], count 0
[rospy.internal][INFO] 2021-12-08 09:52:02,643: topic[/joint_states] adding connection to [/robot_state_publisher], count 0
[rospy.internal][INFO] 2021-12-08 09:52:02,644: topic[/joint_states] adding connection to [/joint_state_desired_publisher], count 1
[rospy.internal][INFO] 2021-12-08 09:52:30,211: topic[/joint_states] adding connection to [/move_group_commander_wrappers_1638924728592860757], count 2
[rospy.internal][INFO] 2021-12-08 10:02:44,475: topic[/joint_states] removing connection to /move_group_commander_wrappers_1638924728592860757
[rospy.core][INFO] 2021-12-08 10:04:08,557: signal_shutdown [signal-2]
[rospy.internal][INFO] 2021-12-08 10:04:08,560: topic[/joint_states] removing connection to /robot_state_publisher
[rospy.internal][INFO] 2021-12-08 10:04:08,560: topic[/joint_states] removing connection to /joint_state_desired_publisher
[rospy.internal][INFO] 2021-12-08 10:04:08,561: topic[/rosout] removing connection to /rosout
[rospy.internal][INFO] 2021-12-08 10:04:08,561: topic[/move_group/fake_controller_joint_states] removing connection to http://wng:38963/
[rospy.internal][WARNING] 2021-12-08 10:04:08,562: Unknown error initiating TCP/IP socket to wng:60265 (http://wng:38963/): Traceback (most recent call last):
  File "/opt/ros/melodic/lib/python2.7/dist-packages/rospy/impl/tcpros_base.py", line 562, in connect
    self.read_header()
  File "/opt/ros/melodic/lib/python2.7/dist-packages/rospy/impl/tcpros_base.py", line 657, in read_header
    self._validate_header(read_ros_handshake_header(sock, self.read_buff, self.protocol.buff_size))
AttributeError: 'NoneType' object has no attribute 'buff_size'

[rospy.topics][ERROR] 2021-12-08 10:04:08,562: Traceback (most recent call last):
  File "/opt/ros/melodic/lib/python2.7/dist-packages/rospy/topics.py", line 326, in close
    c.close()
  File "/opt/ros/melodic/lib/python2.7/dist-packages/rospy/impl/tcpros_base.py", line 846, in close
    self.socket.close()
AttributeError: 'NoneType' object has no attribute 'close'

[rospy.impl.masterslave][INFO] 2021-12-08 10:04:08,562: signal-2
[rospy.core][INFO] 2021-12-08 10:04:08,694: signal_shutdown [atexit]
