[rospy.client][INFO] 2021-12-08 09:52:02,573: init_node, name[/server_endpoint], pid[26087]
[xmlrpc][INFO] 2021-12-08 09:52:02,574: XML-RPC server binding to 0.0.0.0:0
[xmlrpc][INFO] 2021-12-08 09:52:02,574: Started XML-RPC server [http://wng:33267/]
[rospy.init][INFO] 2021-12-08 09:52:02,574: ROS Slave URI: [http://wng:33267/]
[rospy.impl.masterslave][INFO] 2021-12-08 09:52:02,574: _ready: http://wng:33267/
[rospy.registration][INFO] 2021-12-08 09:52:02,574: Registering with master node http://localhost:11311
[xmlrpc][INFO] 2021-12-08 09:52:02,574: xml rpc node: starting XML-RPC server
[rospy.init][INFO] 2021-12-08 09:52:02,674: registered with master
[rospy.rosout][INFO] 2021-12-08 09:52:02,674: initializing /rosout core topic
[rospy.rosout][INFO] 2021-12-08 09:52:02,676: connected to core topic /rosout
[rospy.simtime][INFO] 2021-12-08 09:52:02,677: /use_sim_time is not set, will not subscribe to simulated time [/clock] topic
[rosout][INFO] 2021-12-08 09:52:02,682: Starting server on 125.129.64.66:10000
[rospy.internal][INFO] 2021-12-08 09:52:02,945: topic[/rosout] adding connection to [/rosout], count 0
[rosout][INFO] 2021-12-08 09:52:05,644: Connection from 125.129.64.66
[rosout][INFO] 2021-12-08 09:52:05,648: RegisterPublisher(execution_check, <class 'panda_move.msg._ExecutionCheck.ExecutionCheck'>) OK
[rospy.internal][INFO] 2021-12-08 09:52:05,754: topic[/execution_check] adding connection to [http://wng:33267/], count 0
[rospy.internal][INFO] 2021-12-08 09:52:05,755: topic[/execution_check] adding connection to [/server_endpoint], count 0
[rospy.core][INFO] 2021-12-08 10:04:08,557: signal_shutdown [signal-2]
[rospy.internal][INFO] 2021-12-08 10:04:08,562: topic[/execution_check] removing connection to /server_endpoint
[rospy.internal][INFO] 2021-12-08 10:04:08,562: topic[/rosout] removing connection to /rosout
[rospy.internal][INFO] 2021-12-08 10:04:08,563: topic[/execution_check] removing connection to http://wng:33267/
[rospy.impl.masterslave][INFO] 2021-12-08 10:04:08,563: signal-2
[rospy.internal][ERROR] 2021-12-08 10:04:08,563: Unable to initiate TCP/IP socket to wng:38343 (http://wng:33267/): Traceback (most recent call last):
  File "/opt/ros/melodic/lib/python2.7/dist-packages/rospy/impl/tcpros_base.py", line 562, in connect
    self.read_header()
  File "/opt/ros/melodic/lib/python2.7/dist-packages/rospy/impl/tcpros_base.py", line 657, in read_header
    self._validate_header(read_ros_handshake_header(sock, self.read_buff, self.protocol.buff_size))
  File "/opt/ros/melodic/lib/python2.7/dist-packages/rospy/impl/tcpros_base.py", line 600, in _validate_header
    raise TransportInitError("remote error reported: %s"%header['error'])
TransportInitError: remote error reported: node shutting down

[rospy.core][INFO] 2021-12-08 10:04:08,667: signal_shutdown [atexit]
