[rospy.client][INFO] 2021-09-26 09:32:58,625: init_node, name[/joint_state_publisher], pid[24647]
[xmlrpc][INFO] 2021-09-26 09:32:58,627: XML-RPC server binding to 0.0.0.0:0
[xmlrpc][INFO] 2021-09-26 09:32:58,627: Started XML-RPC server [http://wng:42347/]
[rospy.init][INFO] 2021-09-26 09:32:58,628: ROS Slave URI: [http://wng:42347/]
[rospy.impl.masterslave][INFO] 2021-09-26 09:32:58,628: _ready: http://wng:42347/
[rospy.registration][INFO] 2021-09-26 09:32:58,628: Registering with master node http://localhost:11311
[xmlrpc][INFO] 2021-09-26 09:32:58,628: xml rpc node: starting XML-RPC server
[rospy.init][INFO] 2021-09-26 09:32:58,728: registered with master
[rospy.rosout][INFO] 2021-09-26 09:32:58,728: initializing /rosout core topic
[rospy.rosout][INFO] 2021-09-26 09:32:58,730: connected to core topic /rosout
[rospy.simtime][INFO] 2021-09-26 09:32:58,731: /use_sim_time is not set, will not subscribe to simulated time [/clock] topic
[rospy.internal][INFO] 2021-09-26 09:32:58,793: topic[/move_group/fake_controller_joint_states] adding connection to [http://wng:35661/], count 0
[rospy.internal][INFO] 2021-09-26 09:32:58,991: topic[/rosout] adding connection to [/rosout], count 0
[rospy.internal][INFO] 2021-09-26 09:32:58,991: topic[/joint_states] adding connection to [/joint_state_desired_publisher], count 0
[rospy.internal][INFO] 2021-09-26 09:32:58,992: topic[/joint_states] adding connection to [/robot_state_publisher], count 1
[rospy.internal][INFO] 2021-09-26 09:33:41,504: topic[/joint_states] adding connection to [/move_group_commander_wrappers_1632616384979481098], count 2
[rospy.internal][INFO] 2021-09-26 10:05:14,682: topic[/joint_states] removing connection to /move_group_commander_wrappers_1632616384979481098
[rospy.core][INFO] 2021-09-26 10:05:18,613: signal_shutdown [signal-2]
[rospy.internal][INFO] 2021-09-26 10:05:18,616: topic[/joint_states] removing connection to /joint_state_desired_publisher
[rospy.internal][INFO] 2021-09-26 10:05:18,616: topic[/joint_states] removing connection to /robot_state_publisher
[rospy.internal][INFO] 2021-09-26 10:05:18,617: topic[/rosout] removing connection to /rosout
[rospy.internal][INFO] 2021-09-26 10:05:18,617: topic[/move_group/fake_controller_joint_states] removing connection to http://wng:35661/
[rospy.impl.masterslave][INFO] 2021-09-26 10:05:18,617: signal-2
[rospy.core][INFO] 2021-09-26 10:05:18,751: signal_shutdown [atexit]
