[rospy.client][INFO] 2021-09-18 21:35:43,896: init_node, name[/joint_state_publisher], pid[1521]
[xmlrpc][INFO] 2021-09-18 21:35:43,896: XML-RPC server binding to 0.0.0.0:0
[xmlrpc][INFO] 2021-09-18 21:35:43,896: Started XML-RPC server [http://wng:39249/]
[rospy.init][INFO] 2021-09-18 21:35:43,896: ROS Slave URI: [http://wng:39249/]
[rospy.impl.masterslave][INFO] 2021-09-18 21:35:43,896: _ready: http://wng:39249/
[xmlrpc][INFO] 2021-09-18 21:35:43,897: xml rpc node: starting XML-RPC server
[rospy.registration][INFO] 2021-09-18 21:35:43,897: Registering with master node http://localhost:11311
[rospy.init][INFO] 2021-09-18 21:35:43,997: registered with master
[rospy.rosout][INFO] 2021-09-18 21:35:43,997: initializing /rosout core topic
[rospy.rosout][INFO] 2021-09-18 21:35:43,999: connected to core topic /rosout
[rospy.simtime][INFO] 2021-09-18 21:35:44,000: /use_sim_time is not set, will not subscribe to simulated time [/clock] topic
[rospy.internal][INFO] 2021-09-18 21:35:44,061: topic[/move_group/fake_controller_joint_states] adding connection to [http://wng:46601/], count 0
[rospy.internal][INFO] 2021-09-18 21:35:44,261: topic[/rosout] adding connection to [/rosout], count 0
[rospy.internal][INFO] 2021-09-18 21:35:44,265: topic[/joint_states] adding connection to [/joint_state_desired_publisher], count 0
[rospy.internal][INFO] 2021-09-18 21:35:44,266: topic[/joint_states] adding connection to [/robot_state_publisher], count 1
[rospy.internal][INFO] 2021-09-18 21:36:26,181: topic[/joint_states] adding connection to [/move_group_commander_wrappers_1631968548938165340], count 2
[rospy.core][INFO] 2021-09-18 21:56:33,270: signal_shutdown [signal-2]
[rospy.internal][INFO] 2021-09-18 21:56:33,272: topic[/joint_states] removing connection to /joint_state_desired_publisher
[rospy.internal][INFO] 2021-09-18 21:56:33,272: topic[/joint_states] removing connection to /robot_state_publisher
[rospy.internal][INFO] 2021-09-18 21:56:33,272: topic[/joint_states] removing connection to /move_group_commander_wrappers_1631968548938165340
[rospy.internal][INFO] 2021-09-18 21:56:33,273: topic[/rosout] removing connection to /rosout
[rospy.internal][INFO] 2021-09-18 21:56:33,273: topic[/move_group/fake_controller_joint_states] removing connection to http://wng:46601/
[rospy.impl.masterslave][INFO] 2021-09-18 21:56:33,273: signal-2
[rospy.core][INFO] 2021-09-18 21:56:33,437: signal_shutdown [atexit]
