[rospy.client][INFO] 2021-12-14 10:39:12,587: init_node, name[/joint_state_publisher], pid[19189]
[xmlrpc][INFO] 2021-12-14 10:39:12,587: XML-RPC server binding to 0.0.0.0:0
[xmlrpc][INFO] 2021-12-14 10:39:12,588: Started XML-RPC server [http://wng:35143/]
[rospy.init][INFO] 2021-12-14 10:39:12,588: ROS Slave URI: [http://wng:35143/]
[rospy.impl.masterslave][INFO] 2021-12-14 10:39:12,588: _ready: http://wng:35143/
[rospy.registration][INFO] 2021-12-14 10:39:12,588: Registering with master node http://localhost:11311
[xmlrpc][INFO] 2021-12-14 10:39:12,588: xml rpc node: starting XML-RPC server
[rospy.init][INFO] 2021-12-14 10:39:12,688: registered with master
[rospy.rosout][INFO] 2021-12-14 10:39:12,688: initializing /rosout core topic
[rospy.rosout][INFO] 2021-12-14 10:39:12,690: connected to core topic /rosout
[rospy.simtime][INFO] 2021-12-14 10:39:12,691: /use_sim_time is not set, will not subscribe to simulated time [/clock] topic
[rospy.internal][INFO] 2021-12-14 10:39:12,753: topic[/move_group/fake_controller_joint_states] adding connection to [http://wng:40303/], count 0
[rospy.internal][INFO] 2021-12-14 10:39:12,959: topic[/rosout] adding connection to [/rosout], count 0
[rospy.internal][INFO] 2021-12-14 10:39:12,960: topic[/joint_states] adding connection to [/joint_state_desired_publisher], count 0
[rospy.internal][INFO] 2021-12-14 10:39:12,960: topic[/joint_states] adding connection to [/robot_state_publisher], count 1
[rospy.internal][INFO] 2021-12-14 10:40:27,957: topic[/joint_states] adding connection to [/move_group_commander_wrappers_1639445995570366521], count 2
[rospy.core][INFO] 2021-12-14 10:41:33,216: signal_shutdown [signal-2]
[rospy.internal][INFO] 2021-12-14 10:41:33,221: topic[/joint_states] removing connection to /joint_state_desired_publisher
[rospy.internal][INFO] 2021-12-14 10:41:33,222: topic[/joint_states] removing connection to /robot_state_publisher
[rospy.internal][INFO] 2021-12-14 10:41:33,222: topic[/joint_states] removing connection to /move_group_commander_wrappers_1639445995570366521
[rospy.internal][INFO] 2021-12-14 10:41:33,222: topic[/rosout] removing connection to /rosout
[rospy.internal][INFO] 2021-12-14 10:41:33,222: topic[/move_group/fake_controller_joint_states] removing connection to http://wng:40303/
[rospy.impl.masterslave][INFO] 2021-12-14 10:41:33,222: signal-2
[rospy.core][INFO] 2021-12-14 10:41:33,386: signal_shutdown [atexit]
