[rospy.client][INFO] 2021-12-02 13:51:51,676: init_node, name[/joint_state_publisher], pid[12043]
[xmlrpc][INFO] 2021-12-02 13:51:51,676: XML-RPC server binding to 0.0.0.0:0
[xmlrpc][INFO] 2021-12-02 13:51:51,676: Started XML-RPC server [http://wng:38501/]
[rospy.init][INFO] 2021-12-02 13:51:51,677: ROS Slave URI: [http://wng:38501/]
[rospy.impl.masterslave][INFO] 2021-12-02 13:51:51,677: _ready: http://wng:38501/
[rospy.registration][INFO] 2021-12-02 13:51:51,677: Registering with master node http://localhost:11311
[xmlrpc][INFO] 2021-12-02 13:51:51,677: xml rpc node: starting XML-RPC server
[rospy.init][INFO] 2021-12-02 13:51:51,777: registered with master
[rospy.rosout][INFO] 2021-12-02 13:51:51,777: initializing /rosout core topic
[rospy.rosout][INFO] 2021-12-02 13:51:51,780: connected to core topic /rosout
[rospy.simtime][INFO] 2021-12-02 13:51:51,781: /use_sim_time is not set, will not subscribe to simulated time [/clock] topic
[rospy.internal][INFO] 2021-12-02 13:51:51,842: topic[/move_group/fake_controller_joint_states] adding connection to [http://wng:38129/], count 0
[rospy.internal][INFO] 2021-12-02 13:51:52,010: topic[/rosout] adding connection to [/rosout], count 0
[rospy.internal][INFO] 2021-12-02 13:51:52,010: topic[/joint_states] adding connection to [/joint_state_desired_publisher], count 0
[rospy.internal][INFO] 2021-12-02 13:51:52,010: topic[/joint_states] adding connection to [/robot_state_publisher], count 1
[rospy.internal][INFO] 2021-12-02 13:52:29,716: topic[/joint_states] adding connection to [/move_group_commander_wrappers_1638420722249922282], count 2
[rospy.internal][INFO] 2021-12-02 14:09:34,738: topic[/joint_states] removing connection to /move_group_commander_wrappers_1638420722249922282
[rospy.core][INFO] 2021-12-02 14:09:46,757: signal_shutdown [signal-2]
[rospy.internal][INFO] 2021-12-02 14:09:46,762: topic[/joint_states] removing connection to /joint_state_desired_publisher
[rospy.internal][INFO] 2021-12-02 14:09:46,762: topic[/joint_states] removing connection to /robot_state_publisher
[rospy.internal][INFO] 2021-12-02 14:09:46,763: topic[/rosout] removing connection to /rosout
[rospy.internal][INFO] 2021-12-02 14:09:46,763: topic[/move_group/fake_controller_joint_states] removing connection to http://wng:38129/
[rospy.impl.masterslave][INFO] 2021-12-02 14:09:46,763: signal-2
[rospy.core][INFO] 2021-12-02 14:09:47,378: signal_shutdown [atexit]
