[rospy.client][INFO] 2021-12-02 13:51:51,996: init_node, name[/server_endpoint], pid[12041]
[xmlrpc][INFO] 2021-12-02 13:51:51,996: XML-RPC server binding to 0.0.0.0:0
[xmlrpc][INFO] 2021-12-02 13:51:51,997: Started XML-RPC server [http://wng:45509/]
[rospy.init][INFO] 2021-12-02 13:51:51,997: ROS Slave URI: [http://wng:45509/]
[rospy.impl.masterslave][INFO] 2021-12-02 13:51:51,997: _ready: http://wng:45509/
[rospy.registration][INFO] 2021-12-02 13:51:51,998: Registering with master node http://localhost:11311
[xmlrpc][INFO] 2021-12-02 13:51:51,998: xml rpc node: starting XML-RPC server
[rospy.init][INFO] 2021-12-02 13:51:52,097: registered with master
[rospy.rosout][INFO] 2021-12-02 13:51:52,098: initializing /rosout core topic
[rospy.rosout][INFO] 2021-12-02 13:51:52,099: connected to core topic /rosout
[rospy.simtime][INFO] 2021-12-02 13:51:52,099: /use_sim_time is not set, will not subscribe to simulated time [/clock] topic
[rosout][INFO] 2021-12-02 13:51:52,106: Starting server on 192.168.0.8:10000
[rospy.internal][INFO] 2021-12-02 13:51:52,311: topic[/rosout] adding connection to [/rosout], count 0
[rosout][INFO] 2021-12-02 13:51:55,482: Connection from 192.168.0.8
[rosout][INFO] 2021-12-02 13:51:55,487: RegisterPublisher(execution_check, <class 'panda_move.msg._ExecutionCheck.ExecutionCheck'>) OK
[rospy.internal][INFO] 2021-12-02 13:51:55,528: topic[/execution_check] adding connection to [http://wng:45509/], count 0
[rospy.internal][INFO] 2021-12-02 13:51:55,529: topic[/execution_check] adding connection to [/server_endpoint], count 0
[rospy.core][INFO] 2021-12-02 14:09:46,757: signal_shutdown [signal-2]
[rospy.internal][INFO] 2021-12-02 14:09:46,763: topic[/execution_check] removing connection to /server_endpoint
[rospy.internal][INFO] 2021-12-02 14:09:46,763: topic[/rosout] removing connection to /rosout
[rospy.internal][INFO] 2021-12-02 14:09:46,764: topic[/execution_check] removing connection to http://wng:45509/
[rospy.impl.masterslave][INFO] 2021-12-02 14:09:46,764: signal-2
[rospy.internal][ERROR] 2021-12-02 14:09:46,764: Unable to initiate TCP/IP socket to wng:33461 (http://wng:45509/): Traceback (most recent call last):
  File "/opt/ros/melodic/lib/python2.7/dist-packages/rospy/impl/tcpros_base.py", line 562, in connect
    self.read_header()
  File "/opt/ros/melodic/lib/python2.7/dist-packages/rospy/impl/tcpros_base.py", line 657, in read_header
    self._validate_header(read_ros_handshake_header(sock, self.read_buff, self.protocol.buff_size))
  File "/opt/ros/melodic/lib/python2.7/dist-packages/rospy/impl/tcpros_base.py", line 600, in _validate_header
    raise TransportInitError("remote error reported: %s"%header['error'])
TransportInitError: remote error reported: node shutting down

[rospy.core][INFO] 2021-12-02 14:09:46,896: signal_shutdown [atexit]
