[rospy.client][INFO] 2021-09-18 16:24:41,862: init_node, name[/joint_state_publisher], pid[7778]
[xmlrpc][INFO] 2021-09-18 16:24:41,862: XML-RPC server binding to 0.0.0.0:0
[xmlrpc][INFO] 2021-09-18 16:24:41,862: Started XML-RPC server [http://wng:42227/]
[rospy.init][INFO] 2021-09-18 16:24:41,862: ROS Slave URI: [http://wng:42227/]
[rospy.impl.masterslave][INFO] 2021-09-18 16:24:41,862: _ready: http://wng:42227/
[xmlrpc][INFO] 2021-09-18 16:24:41,863: xml rpc node: starting XML-RPC server
[rospy.registration][INFO] 2021-09-18 16:24:41,863: Registering with master node http://localhost:11311
[rospy.init][INFO] 2021-09-18 16:24:41,963: registered with master
[rospy.rosout][INFO] 2021-09-18 16:24:41,963: initializing /rosout core topic
[rospy.rosout][INFO] 2021-09-18 16:24:41,965: connected to core topic /rosout
[rospy.simtime][INFO] 2021-09-18 16:24:41,966: /use_sim_time is not set, will not subscribe to simulated time [/clock] topic
[rospy.internal][INFO] 2021-09-18 16:24:42,027: topic[/move_group/fake_controller_joint_states] adding connection to [http://wng:32773/], count 0
[rospy.internal][INFO] 2021-09-18 16:24:42,190: topic[/rosout] adding connection to [/rosout], count 0
[rospy.internal][INFO] 2021-09-18 16:24:42,190: topic[/joint_states] adding connection to [/joint_state_desired_publisher], count 0
[rospy.internal][INFO] 2021-09-18 16:24:42,190: topic[/joint_states] adding connection to [/robot_state_publisher], count 1
[rospy.internal][INFO] 2021-09-18 16:25:32,607: topic[/joint_states] adding connection to [/move_group_commander_wrappers_1631949888261971366], count 2
[rospy.internal][INFO] 2021-09-18 16:57:35,420: topic[/joint_states] removing connection to /move_group_commander_wrappers_1631949888261971366
[rospy.core][INFO] 2021-09-18 16:58:08,828: signal_shutdown [signal-2]
[rospy.internal][INFO] 2021-09-18 16:58:08,831: topic[/joint_states] removing connection to /joint_state_desired_publisher
[rospy.internal][INFO] 2021-09-18 16:58:08,831: topic[/joint_states] removing connection to /robot_state_publisher
[rospy.internal][INFO] 2021-09-18 16:58:08,832: topic[/rosout] removing connection to /rosout
[rospy.internal][INFO] 2021-09-18 16:58:08,832: topic[/move_group/fake_controller_joint_states] removing connection to http://wng:32773/
[rospy.impl.masterslave][INFO] 2021-09-18 16:58:08,832: signal-2
[rospy.core][INFO] 2021-09-18 16:58:08,964: signal_shutdown [atexit]
