[rospy.client][INFO] 2021-09-10 15:33:25,108: init_node, name[/PandaMove], pid[3670]
[xmlrpc][INFO] 2021-09-10 15:33:25,108: XML-RPC server binding to 0.0.0.0:0
[xmlrpc][INFO] 2021-09-10 15:33:25,109: Started XML-RPC server [http://wng:33275/]
[rospy.init][INFO] 2021-09-10 15:33:25,109: ROS Slave URI: [http://wng:33275/]
[rospy.impl.masterslave][INFO] 2021-09-10 15:33:25,109: _ready: http://wng:33275/
[rospy.registration][INFO] 2021-09-10 15:33:25,109: Registering with master node http://localhost:11311
[xmlrpc][INFO] 2021-09-10 15:33:25,109: xml rpc node: starting XML-RPC server
[rospy.init][INFO] 2021-09-10 15:33:25,209: registered with master
[rospy.rosout][INFO] 2021-09-10 15:33:25,209: initializing /rosout core topic
[rospy.rosout][INFO] 2021-09-10 15:33:25,211: connected to core topic /rosout
[rospy.simtime][INFO] 2021-09-10 15:33:25,211: /use_sim_time is not set, will not subscribe to simulated time [/clock] topic
[rospy.internal][INFO] 2021-09-10 15:33:26,941: topic[/rosout] adding connection to [/rosout], count 0
[rospy.internal][INFO] 2021-09-10 15:33:26,945: topic[/collision_object] adding connection to [/move_group], count 0
[rospy.internal][INFO] 2021-09-10 15:33:26,975: topic[/attached_collision_object] adding connection to [/move_group], count 0
[rosout][INFO] 2021-09-10 15:33:26,976: wait for update_place_pose_state
[rospy.internal][INFO] 2021-09-10 15:33:27,039: topic[/tf_static] adding connection to [/move_group], count 0
[rospy.internal][INFO] 2021-09-10 15:33:27,040: topic[/tf_static] adding connection to [/rviz_wng_3634_3610729359936002250], count 1
[rospy.internal][INFO] 2021-09-10 15:33:27,066: topic[/tf_static] adding connection to [/move_group_commander_wrappers_1631255605081567384], count 2
[rospy.internal][INFO] 2021-09-10 15:33:27,240: topic[/action] adding connection to [/rviz_wng_3634_3610729359936002250], count 0
[rosout][INFO] 2021-09-10 15:33:27,677: pan
[rosout][INFO] 2021-09-10 15:33:27,687: wait for update_place_pose_state
[rosout][INFO] 2021-09-10 15:33:28,398: pot
[rosout][INFO] 2021-09-10 15:33:28,425: wait for update_place_pose_state
[rosout][INFO] 2021-09-10 15:33:29,133: plate
[rosout][INFO] 2021-09-10 15:33:29,141: wait for update_place_pose_state
[rosout][INFO] 2021-09-10 15:33:29,853: bowl
[rosout][INFO] 2021-09-10 15:33:29,868: wait for update_place_pose_state
[rosout][INFO] 2021-09-10 15:33:30,580: spatula
[rosout][INFO] 2021-09-10 15:33:30,585: wait for update_place_pose_state
[rosout][INFO] 2021-09-10 15:33:31,303: spreader
[rosout][INFO] 2021-09-10 15:33:31,309: wait for update_place_pose_state
[rosout][INFO] 2021-09-10 15:33:32,027: scooper
[rosout][INFO] 2021-09-10 15:33:32,035: wait for update_place_pose_state
[rosout][INFO] 2021-09-10 15:33:32,762: knife
[rosout][INFO] 2021-09-10 15:33:32,771: wait for update_place_pose_state
[rosout][INFO] 2021-09-10 15:33:33,496: cutting_board
[rosout][INFO] 2021-09-10 15:33:33,503: wait for update_place_pose_state
[rosout][INFO] 2021-09-10 15:33:34,227: tuna
[rosout][INFO] 2021-09-10 15:33:34,234: wait for update_place_pose_state
[rosout][INFO] 2021-09-10 15:33:34,961: onion
[rosout][INFO] 2021-09-10 15:33:34,969: wait for update_place_pose_state
[rosout][INFO] 2021-09-10 15:33:35,715: butter
[rosout][INFO] 2021-09-10 15:33:35,718: wait for update_place_pose_state
[rosout][INFO] 2021-09-10 15:33:36,454: lettuce
[rosout][INFO] 2021-09-10 15:33:36,459: wait for update_place_pose_state
[rosout][INFO] 2021-09-10 15:33:37,194: bread1
[rosout][INFO] 2021-09-10 15:33:37,197: wait for update_place_pose_state
[rosout][INFO] 2021-09-10 15:33:37,934: bread2
[rosout][INFO] 2021-09-10 15:33:37,938: wait for update_place_pose_state
[rospy.core][INFO] 2021-09-10 15:33:38,412: signal_shutdown [signal-2]
[rospy.internal][INFO] 2021-09-10 15:33:38,415: topic[/collision_object] removing connection to /move_group
[rospy.internal][INFO] 2021-09-10 15:33:38,416: topic[/rosout] removing connection to /rosout
[rospy.internal][INFO] 2021-09-10 15:33:38,416: topic[/tf_static] removing connection to /move_group
[rospy.internal][INFO] 2021-09-10 15:33:38,416: topic[/tf_static] removing connection to /rviz_wng_3634_3610729359936002250
[rospy.internal][INFO] 2021-09-10 15:33:38,416: topic[/tf_static] removing connection to /move_group_commander_wrappers_1631255605081567384
[rospy.internal][INFO] 2021-09-10 15:33:38,416: topic[/attached_collision_object] removing connection to /move_group
[rospy.internal][INFO] 2021-09-10 15:33:38,416: topic[/action] removing connection to /rviz_wng_3634_3610729359936002250
[rospy.impl.masterslave][INFO] 2021-09-10 15:33:38,416: signal-2
[rosout][ERROR] 2021-09-10 15:33:38,610: cannot get object pose: pan
[rosout][ERROR] 2021-09-10 15:33:38,611: list index out of range
[rosout][ERROR] 2021-09-10 15:33:38,611: self.objects
[rospy.core][INFO] 2021-09-10 15:33:38,631: signal_shutdown [atexit]
