[rospy.client][INFO] 2021-11-25 10:29:03,557: init_node, name[/server_endpoint], pid[22331]
[xmlrpc][INFO] 2021-11-25 10:29:03,557: XML-RPC server binding to 0.0.0.0:0
[xmlrpc][INFO] 2021-11-25 10:29:03,557: Started XML-RPC server [http://wng:34351/]
[rospy.init][INFO] 2021-11-25 10:29:03,558: ROS Slave URI: [http://wng:34351/]
[rospy.impl.masterslave][INFO] 2021-11-25 10:29:03,558: _ready: http://wng:34351/
[xmlrpc][INFO] 2021-11-25 10:29:03,558: xml rpc node: starting XML-RPC server
[rospy.registration][INFO] 2021-11-25 10:29:03,558: Registering with master node http://localhost:11311
[rospy.init][INFO] 2021-11-25 10:29:03,658: registered with master
[rospy.rosout][INFO] 2021-11-25 10:29:03,658: initializing /rosout core topic
[rospy.rosout][INFO] 2021-11-25 10:29:03,659: connected to core topic /rosout
[rospy.simtime][INFO] 2021-11-25 10:29:03,660: /use_sim_time is not set, will not subscribe to simulated time [/clock] topic
[rosout][INFO] 2021-11-25 10:29:03,667: Starting server on 192.168.1.146:10000
[rospy.internal][INFO] 2021-11-25 10:29:03,926: topic[/rosout] adding connection to [/rosout], count 0
[rosout][INFO] 2021-11-25 10:29:22,801: Connection from 192.168.1.146
[rosout][INFO] 2021-11-25 10:29:22,805: RegisterPublisher(execution_check, <class 'panda_move.msg._ExecutionCheck.ExecutionCheck'>) OK
[rospy.internal][INFO] 2021-11-25 10:29:22,850: topic[/execution_check] adding connection to [http://wng:34351/], count 0
[rospy.internal][INFO] 2021-11-25 10:29:22,851: topic[/execution_check] adding connection to [/server_endpoint], count 0
[rospy.core][INFO] 2021-11-25 11:01:53,754: signal_shutdown [signal-2]
[rospy.internal][INFO] 2021-11-25 11:01:53,758: topic[/execution_check] removing connection to /server_endpoint
[rospy.internal][INFO] 2021-11-25 11:01:53,758: topic[/rosout] removing connection to /rosout
[rospy.internal][ERROR] 2021-11-25 11:01:53,759: Unable to initiate TCP/IP socket to wng:36591 (http://wng:34351/): Traceback (most recent call last):
  File "/opt/ros/melodic/lib/python2.7/dist-packages/rospy/impl/tcpros_base.py", line 562, in connect
    self.read_header()
  File "/opt/ros/melodic/lib/python2.7/dist-packages/rospy/impl/tcpros_base.py", line 657, in read_header
    self._validate_header(read_ros_handshake_header(sock, self.read_buff, self.protocol.buff_size))
  File "/opt/ros/melodic/lib/python2.7/dist-packages/rospy/impl/tcpros_base.py", line 600, in _validate_header
    raise TransportInitError("remote error reported: %s"%header['error'])
TransportInitError: remote error reported: node shutting down

[rospy.internal][INFO] 2021-11-25 11:01:53,759: topic[/execution_check] removing connection to http://wng:34351/
[rospy.impl.masterslave][INFO] 2021-11-25 11:01:53,759: signal-2
[rospy.core][INFO] 2021-11-25 11:01:53,891: signal_shutdown [atexit]
