[rosmaster.main][INFO] 2022-01-13 10:32:40,114: initialization complete, waiting for shutdown
[rosmaster.main][INFO] 2022-01-13 10:32:40,114: Starting ROS Master Node
[xmlrpc][INFO] 2022-01-13 10:32:40,115: XML-RPC server binding to 0.0.0.0:11311
[xmlrpc][INFO] 2022-01-13 10:32:40,115: Started XML-RPC server [http://wng:11311/]
[rosmaster.master][INFO] 2022-01-13 10:32:40,115: Master initialized: port[11311], uri[http://wng:11311/]
[xmlrpc][INFO] 2022-01-13 10:32:40,115: xml rpc node: starting XML-RPC server
[rosmaster.master][INFO] 2022-01-13 10:32:40,143: +PARAM [/run_id] by /roslaunch
[rosmaster.master][INFO] 2022-01-13 10:32:40,143: +PARAM [/roslaunch/uris/host_wng__45351] by /roslaunch
[rosmaster.master][INFO] 2022-01-13 10:32:40,189: +PARAM [/move_group/planner_configs/RRTkConfigDefault/goal_bias] by /roslaunch
[rosmaster.master][INFO] 2022-01-13 10:32:40,189: +PARAM [/robot_description_semantic] by /roslaunch
[rosmaster.master][INFO] 2022-01-13 10:32:40,189: +PARAM [/move_group/manipulator/longest_valid_segment_fraction] by /roslaunch
[rosmaster.master][INFO] 2022-01-13 10:32:40,189: +PARAM [/robot_description_planning/joint_limits/shoulder_pan_joint/has_velocity_limits] by /roslaunch
[rosmaster.master][INFO] 2022-01-13 10:32:40,189: +PARAM [/move_group/planner_configs/RRTstarkConfigDefault/range] by /roslaunch
[rosmaster.master][INFO] 2022-01-13 10:32:40,189: +PARAM [/move_group/controller_list] by /roslaunch
[rosmaster.master][INFO] 2022-01-13 10:32:40,190: +PARAM [/move_group/max_safe_path_cost] by /roslaunch
[rosmaster.master][INFO] 2022-01-13 10:32:40,190: +PARAM [/robot_description_planning/joint_limits/shoulder_pan_joint/max_velocity] by /roslaunch
[rosmaster.master][INFO] 2022-01-13 10:32:40,190: +PARAM [/rviz_wng_13661_528490923180035239/manipulator/kinematics_solver_attempts] by /roslaunch
[rosmaster.master][INFO] 2022-01-13 10:32:40,190: +PARAM [/move_group/planner_configs/RRTstarkConfigDefault/goal_bias] by /roslaunch
[rosmaster.master][INFO] 2022-01-13 10:32:40,190: +PARAM [/move_group/planning_scene_monitor/publish_planning_scene] by /roslaunch
[rosmaster.master][INFO] 2022-01-13 10:32:40,190: +PARAM [/move_group/planner_configs/PRMkConfigDefault/type] by /roslaunch
[rosmaster.master][INFO] 2022-01-13 10:32:40,190: +PARAM [/move_group/planner_configs/KPIECEkConfigDefault/min_valid_path_fraction] by /roslaunch
[rosmaster.master][INFO] 2022-01-13 10:32:40,190: +PARAM [/move_group/planner_configs/BKPIECEkConfigDefault/border_fraction] by /roslaunch
[rosmaster.master][INFO] 2022-01-13 10:32:40,190: +PARAM [/move_group/planner_configs/PRMkConfigDefault/max_nearest_neighbors] by /roslaunch
[rosmaster.master][INFO] 2022-01-13 10:32:40,191: +SERVICE [/rosout/get_loggers] /rosout http://wng:39443/
[rosmaster.master][INFO] 2022-01-13 10:32:40,191: +PARAM [/move_group/planner_configs/TRRTkConfigDefault/goal_bias] by /roslaunch
[rosmaster.master][INFO] 2022-01-13 10:32:40,191: +SERVICE [/rosout/set_logger_level] /rosout http://wng:39443/
[rosmaster.master][INFO] 2022-01-13 10:32:40,191: +PARAM [/robot_description_planning/joint_limits/shoulder_lift_joint/has_acceleration_limits] by /roslaunch
[rosmaster.master][INFO] 2022-01-13 10:32:40,192: +PARAM [/robot_description_planning/joint_limits/shoulder_lift_joint/max_velocity] by /roslaunch
[rosmaster.master][INFO] 2022-01-13 10:32:40,192: +PARAM [/robot_description_planning/joint_limits/shoulder_pan_joint/max_acceleration] by /roslaunch
[rosmaster.master][INFO] 2022-01-13 10:32:40,192: +PARAM [/move_group/planner_configs/RRTkConfigDefault/range] by /roslaunch
[rosmaster.master][INFO] 2022-01-13 10:32:40,192: +PUB [/rosout_agg] /rosout http://wng:39443/
[rosmaster.master][INFO] 2022-01-13 10:32:40,192: +PARAM [/move_group/planner_configs/BKPIECEkConfigDefault/min_valid_path_fraction] by /roslaunch
[rosmaster.master][INFO] 2022-01-13 10:32:40,193: +PARAM [/move_group/planner_configs/SBLkConfigDefault/range] by /roslaunch
[rosmaster.master][INFO] 2022-01-13 10:32:40,193: +PARAM [/move_group/manipulator/default_planner_config] by /roslaunch
[rosmaster.master][INFO] 2022-01-13 10:32:40,193: +PARAM [/move_group/planner_configs/TRRTkConfigDefault/frountierNodeRatio] by /roslaunch
[rosmaster.master][INFO] 2022-01-13 10:32:40,194: +PARAM [/rviz_wng_13661_528490923180035239/manipulator/kinematics_solver_timeout] by /roslaunch
[rosmaster.master][INFO] 2022-01-13 10:32:40,194: +PARAM [/move_group/endeffector/planner_configs] by /roslaunch
[rosmaster.master][INFO] 2022-01-13 10:32:40,194: +SUB [/rosout] /rosout http://wng:39443/
[rosmaster.master][INFO] 2022-01-13 10:32:40,194: +PARAM [/move_group/moveit_controller_manager] by /roslaunch
[rosmaster.master][INFO] 2022-01-13 10:32:40,195: +PARAM [/move_group/planning_plugin] by /roslaunch
[rosmaster.master][INFO] 2022-01-13 10:32:40,195: +PARAM [/robot_description_planning/joint_limits/wrist_1_joint/max_velocity] by /roslaunch
[rosmaster.master][INFO] 2022-01-13 10:32:40,195: +PARAM [/robot_description_planning/joint_limits/wrist_2_joint/max_acceleration] by /roslaunch
[rosmaster.master][INFO] 2022-01-13 10:32:40,195: +PARAM [/move_group/planner_configs/TRRTkConfigDefault/max_states_failed] by /roslaunch
[rosmaster.master][INFO] 2022-01-13 10:32:40,195: +PARAM [/robot_description_planning/joint_limits/wrist_3_joint/max_velocity] by /roslaunch
[rosmaster.master][INFO] 2022-01-13 10:32:40,195: +PARAM [/move_group/planner_configs/ESTkConfigDefault/range] by /roslaunch
[rosmaster.master][INFO] 2022-01-13 10:32:40,195: +PARAM [/move_group/trajectory_execution/allowed_goal_duration_margin] by /roslaunch
[rosmaster.master][INFO] 2022-01-13 10:32:40,195: +PARAM [/rosdistro] by /roslaunch
[rosmaster.master][INFO] 2022-01-13 10:32:40,195: +PARAM [/robot_description_planning/joint_limits/wrist_1_joint/has_acceleration_limits] by /roslaunch
[rosmaster.master][INFO] 2022-01-13 10:32:40,195: +PARAM [/move_group/planner_configs/PRMstarkConfigDefault/type] by /roslaunch
[rosmaster.master][INFO] 2022-01-13 10:32:40,195: +PARAM [/move_group/trajectory_execution/allowed_execution_duration_scaling] by /roslaunch
[rosmaster.master][INFO] 2022-01-13 10:32:40,195: +PARAM [/robot_description_planning/joint_limits/wrist_3_joint/max_acceleration] by /roslaunch
[rosmaster.master][INFO] 2022-01-13 10:32:40,195: +PARAM [/move_group/allow_trajectory_execution] by /roslaunch
[rosmaster.master][INFO] 2022-01-13 10:32:40,195: +PARAM [/ROS_IP] by /roslaunch
[rosmaster.master][INFO] 2022-01-13 10:32:40,195: +PARAM [/move_group/planner_configs/ESTkConfigDefault/type] by /roslaunch
[rosmaster.master][INFO] 2022-01-13 10:32:40,196: +PARAM [/robot_description_planning/joint_limits/wrist_3_joint/has_velocity_limits] by /roslaunch
[rosmaster.master][INFO] 2022-01-13 10:32:40,196: +PARAM [/move_group/start_state_max_bounds_error] by /roslaunch
[rosmaster.master][INFO] 2022-01-13 10:32:40,196: +PARAM [/robot_description_kinematics/manipulator/kinematics_solver_attempts] by /roslaunch
[rosmaster.master][INFO] 2022-01-13 10:32:40,196: +PARAM [/move_group/max_range] by /roslaunch
[rosmaster.master][INFO] 2022-01-13 10:32:40,196: +PARAM [/move_group/planner_configs/TRRTkConfigDefault/init_temperature] by /roslaunch
[rosmaster.master][INFO] 2022-01-13 10:32:40,196: +PARAM [/joint_state_publisher/use_gui] by /roslaunch
[rosmaster.master][INFO] 2022-01-13 10:32:40,196: +PARAM [/robot_description_planning/joint_limits/shoulder_pan_joint/has_acceleration_limits] by /roslaunch
[rosmaster.master][INFO] 2022-01-13 10:32:40,196: +PARAM [/move_group/planner_configs/BKPIECEkConfigDefault/type] by /roslaunch
[rosmaster.master][INFO] 2022-01-13 10:32:40,196: +PARAM [/robot_description_planning/joint_limits/shoulder_lift_joint/max_acceleration] by /roslaunch
[rosmaster.master][INFO] 2022-01-13 10:32:40,196: +PARAM [/move_group/planner_configs/KPIECEkConfigDefault/border_fraction] by /roslaunch
[rosmaster.master][INFO] 2022-01-13 10:32:40,196: +PARAM [/move_group/moveit_manage_controllers] by /roslaunch
[rosmaster.master][INFO] 2022-01-13 10:32:40,196: +PARAM [/robot_description_planning/joint_limits/elbow_joint/max_velocity] by /roslaunch
[rosmaster.master][INFO] 2022-01-13 10:32:40,196: +PARAM [/robot_description_kinematics/manipulator/kinematics_solver_search_resolution] by /roslaunch
[rosmaster.master][INFO] 2022-01-13 10:32:40,196: +PARAM [/robot_description_planning/joint_limits/wrist_2_joint/max_velocity] by /roslaunch
[rosmaster.master][INFO] 2022-01-13 10:32:40,196: +PARAM [/move_group/planner_configs/ESTkConfigDefault/goal_bias] by /roslaunch
[rosmaster.master][INFO] 2022-01-13 10:32:40,196: +PARAM [/move_group/planner_configs/LBKPIECEkConfigDefault/border_fraction] by /roslaunch
[rosmaster.master][INFO] 2022-01-13 10:32:40,196: +PARAM [/move_group/jiggle_fraction] by /roslaunch
[rosmaster.master][INFO] 2022-01-13 10:32:40,197: +PARAM [/robot_description_planning/joint_limits/shoulder_lift_joint/has_velocity_limits] by /roslaunch
[rosmaster.master][INFO] 2022-01-13 10:32:40,197: +PARAM [/move_group/planner_configs/TRRTkConfigDefault/range] by /roslaunch
[rosmaster.master][INFO] 2022-01-13 10:32:40,197: +PARAM [/move_group/planning_scene_monitor/publish_state_updates] by /roslaunch
[rosmaster.master][INFO] 2022-01-13 10:32:40,197: +PARAM [/robot_description_planning/joint_limits/elbow_joint/max_acceleration] by /roslaunch
[rosmaster.master][INFO] 2022-01-13 10:32:40,197: +PARAM [/move_group/planner_configs/TRRTkConfigDefault/temp_change_factor] by /roslaunch
[rosmaster.master][INFO] 2022-01-13 10:32:40,197: +PARAM [/move_group/planner_configs/BKPIECEkConfigDefault/range] by /roslaunch
[rosmaster.master][INFO] 2022-01-13 10:32:40,197: +PARAM [/move_group/planner_configs/SBLkConfigDefault/type] by /roslaunch
[rosmaster.master][INFO] 2022-01-13 10:32:40,197: +PARAM [/robot_description] by /roslaunch
[rosmaster.master][INFO] 2022-01-13 10:32:40,197: +PARAM [/move_group/capabilities] by /roslaunch
[rosmaster.master][INFO] 2022-01-13 10:32:40,197: +PARAM [/move_group/planner_configs/LBKPIECEkConfigDefault/range] by /roslaunch
[rosmaster.master][INFO] 2022-01-13 10:32:40,197: +PARAM [/robot_description_kinematics/manipulator/kinematics_solver_timeout] by /roslaunch
[rosmaster.master][INFO] 2022-01-13 10:32:40,197: +PARAM [/move_group/planner_configs/TRRTkConfigDefault/frountier_threshold] by /roslaunch
[rosmaster.master][INFO] 2022-01-13 10:32:40,197: +PARAM [/move_group/planner_configs/KPIECEkConfigDefault/range] by /roslaunch
[rosmaster.master][INFO] 2022-01-13 10:32:40,197: +PARAM [/robot_description_planning/joint_limits/wrist_1_joint/has_velocity_limits] by /roslaunch
[rosmaster.master][INFO] 2022-01-13 10:32:40,197: +PARAM [/robot_description_planning/joint_limits/wrist_3_joint/has_acceleration_limits] by /roslaunch
[rosmaster.master][INFO] 2022-01-13 10:32:40,197: +PARAM [/move_group/planner_configs/LBKPIECEkConfigDefault/type] by /roslaunch
[rosmaster.master][INFO] 2022-01-13 10:32:40,197: +PARAM [/move_group/planner_configs/TRRTkConfigDefault/type] by /roslaunch
[rosmaster.master][INFO] 2022-01-13 10:32:40,198: +PARAM [/move_group/planner_configs/KPIECEkConfigDefault/goal_bias] by /roslaunch
[rosmaster.master][INFO] 2022-01-13 10:32:40,198: +PARAM [/move_group/planner_configs/RRTConnectkConfigDefault/range] by /roslaunch
[rosmaster.master][INFO] 2022-01-13 10:32:40,198: +PARAM [/move_group/request_adapters] by /roslaunch
[rosmaster.master][INFO] 2022-01-13 10:32:40,198: +PARAM [/move_group/planner_configs/TRRTkConfigDefault/min_temperature] by /roslaunch
[rosmaster.master][INFO] 2022-01-13 10:32:40,198: +PARAM [/move_group/octomap_resolution] by /roslaunch
[rosmaster.master][INFO] 2022-01-13 10:32:40,198: +PARAM [/robot_description_planning/joint_limits/wrist_2_joint/has_velocity_limits] by /roslaunch
[rosmaster.master][INFO] 2022-01-13 10:32:40,198: +PARAM [/move_group/planning_scene_monitor/publish_geometry_updates] by /roslaunch
[rosmaster.master][INFO] 2022-01-13 10:32:40,198: +PARAM [/move_group/planner_configs/KPIECEkConfigDefault/failed_expansion_score_factor] by /roslaunch
[rosmaster.master][INFO] 2022-01-13 10:32:40,198: +PARAM [/move_group/planning_scene_monitor/publish_transforms_updates] by /roslaunch
[rosmaster.master][INFO] 2022-01-13 10:32:40,198: +PARAM [/robot_description_planning/joint_limits/elbow_joint/has_acceleration_limits] by /roslaunch
[rosmaster.master][INFO] 2022-01-13 10:32:40,198: +PARAM [/move_group/planner_configs/RRTstarkConfigDefault/type] by /roslaunch
[rosmaster.master][INFO] 2022-01-13 10:32:40,198: +PARAM [/move_group/planner_configs/RRTstarkConfigDefault/delay_collision_checking] by /roslaunch
[rosmaster.master][INFO] 2022-01-13 10:32:40,198: +PARAM [/move_group/planner_configs/KPIECEkConfigDefault/type] by /roslaunch
[rosmaster.master][INFO] 2022-01-13 10:32:40,198: +PARAM [/move_group/planner_configs/RRTConnectkConfigDefault/type] by /roslaunch
[rosmaster.master][INFO] 2022-01-13 10:32:40,198: +PARAM [/move_group/manipulator/planner_configs] by /roslaunch
[rosmaster.master][INFO] 2022-01-13 10:32:40,198: +PARAM [/robot_description_kinematics/manipulator/kinematics_solver] by /roslaunch
[rosmaster.master][INFO] 2022-01-13 10:32:40,199: +PARAM [/rviz_wng_13661_528490923180035239/manipulator/kinematics_solver] by /roslaunch
[rosmaster.master][INFO] 2022-01-13 10:32:40,199: +PARAM [/move_group/planner_configs/BKPIECEkConfigDefault/failed_expansion_score_factor] by /roslaunch
[rosmaster.master][INFO] 2022-01-13 10:32:40,199: +PARAM [/move_group/planner_configs/LBKPIECEkConfigDefault/min_valid_path_fraction] by /roslaunch
[rosmaster.master][INFO] 2022-01-13 10:32:40,199: +PARAM [/rviz_wng_13661_528490923180035239/manipulator/kinematics_solver_search_resolution] by /roslaunch
[rosmaster.master][INFO] 2022-01-13 10:32:40,199: +PARAM [/rosversion] by /roslaunch
[rosmaster.master][INFO] 2022-01-13 10:32:40,199: +PARAM [/move_group/planner_configs/TRRTkConfigDefault/k_constant] by /roslaunch
[rosmaster.master][INFO] 2022-01-13 10:32:40,199: +PARAM [/robot_description_planning/joint_limits/wrist_2_joint/has_acceleration_limits] by /roslaunch
[rosmaster.master][INFO] 2022-01-13 10:32:40,199: +PARAM [/robot_description_planning/joint_limits/wrist_1_joint/max_acceleration] by /roslaunch
[rosmaster.master][INFO] 2022-01-13 10:32:40,199: +PARAM [/robot_description_planning/joint_limits/elbow_joint/has_velocity_limits] by /roslaunch
[rosmaster.master][INFO] 2022-01-13 10:32:40,199: +PARAM [/move_group/planner_configs/RRTkConfigDefault/type] by /roslaunch
[rosmaster.master][INFO] 2022-01-13 10:32:40,199: +PARAM [/source_list] by /roslaunch
[rosmaster.master][INFO] 2022-01-13 10:32:40,238: +PUB [/rosout] /robot_state_publisher http://wng:42541/
[rosmaster.master][INFO] 2022-01-13 10:32:40,239: +SERVICE [/robot_state_publisher/get_loggers] /robot_state_publisher http://wng:42541/
[rosmaster.master][INFO] 2022-01-13 10:32:40,239: +SERVICE [/robot_state_publisher/set_logger_level] /robot_state_publisher http://wng:42541/
[rosmaster.master][INFO] 2022-01-13 10:32:40,243: +CACHEDPARAM [/rosout_disable_topics_generation] by /robot_state_publisher
[rosmaster.master][INFO] 2022-01-13 10:32:40,243: +PUB [/tf] /robot_state_publisher http://wng:42541/
[rosmaster.master][INFO] 2022-01-13 10:32:40,244: +PUB [/tf_static] /robot_state_publisher http://wng:42541/
[rosmaster.master][INFO] 2022-01-13 10:32:40,246: +SUB [/joint_states] /robot_state_publisher http://wng:42541/
[rosmaster.master][INFO] 2022-01-13 10:32:40,282: +PUB [/rosout] /move_group http://wng:41179/
[rosmaster.master][INFO] 2022-01-13 10:32:40,282: +SERVICE [/move_group/get_loggers] /move_group http://wng:41179/
[rosmaster.master][INFO] 2022-01-13 10:32:40,283: +SERVICE [/move_group/set_logger_level] /move_group http://wng:41179/
[rosmaster.master][INFO] 2022-01-13 10:32:40,284: +SUB [/tf] /move_group http://wng:41179/
[rosmaster.master][INFO] 2022-01-13 10:32:40,286: +SUB [/tf_static] /move_group http://wng:41179/
[rosmaster.master][INFO] 2022-01-13 10:32:40,289: +CACHEDPARAM [/rosout_disable_topics_generation] by /move_group
[rosmaster.master][INFO] 2022-01-13 10:32:40,315: publisherUpdate[/rosout] -> http://wng:39443/ ['http://wng:42541/']
[rosmaster.master][INFO] 2022-01-13 10:32:40,316: publisherUpdate[/rosout] -> http://wng:39443/ ['http://wng:42541/']: sec=0.00, result=[1, '', 0]
[rosmaster.master][INFO] 2022-01-13 10:32:40,316: publisherUpdate[/rosout] -> http://wng:39443/ ['http://wng:42541/', 'http://wng:41179/']
[rosmaster.master][INFO] 2022-01-13 10:32:40,316: publisherUpdate[/rosout] -> http://wng:39443/ ['http://wng:42541/', 'http://wng:41179/']: sec=0.00, result=[1, '', 0]
[rosmaster.master][INFO] 2022-01-13 10:32:40,371: +PUB [/rosout] /rviz_wng_13661_528490923180035239 http://wng:37413/
[rosmaster.master][INFO] 2022-01-13 10:32:40,371: +SERVICE [/rviz_wng_13661_528490923180035239/get_loggers] /rviz_wng_13661_528490923180035239 http://wng:37413/
[rosmaster.master][INFO] 2022-01-13 10:32:40,372: +SERVICE [/rviz_wng_13661_528490923180035239/set_logger_level] /rviz_wng_13661_528490923180035239 http://wng:37413/
[rosmaster.master][INFO] 2022-01-13 10:32:40,372: +CACHEDPARAM [/rosout_disable_topics_generation] by /rviz_wng_13661_528490923180035239
[rosmaster.master][INFO] 2022-01-13 10:32:40,416: publisherUpdate[/rosout] -> http://wng:39443/ ['http://wng:42541/', 'http://wng:41179/', 'http://wng:37413/']
[rosmaster.master][INFO] 2022-01-13 10:32:40,417: publisherUpdate[/rosout] -> http://wng:39443/ ['http://wng:42541/', 'http://wng:41179/', 'http://wng:37413/']: sec=0.00, result=[1, '', 0]
[rosmaster.master][INFO] 2022-01-13 10:32:40,518: +CACHEDPARAM [/rosout/omit_topics] by /rosout
[rosmaster.master][INFO] 2022-01-13 10:32:40,530: +PUB [/rosout] /joint_state_publisher http://wng:45579/
[rosmaster.master][INFO] 2022-01-13 10:32:40,532: +SERVICE [/joint_state_publisher/get_loggers] /joint_state_publisher http://wng:45579/
[rosmaster.master][INFO] 2022-01-13 10:32:40,532: +SERVICE [/joint_state_publisher/set_logger_level] /joint_state_publisher http://wng:45579/
[rosmaster.master][INFO] 2022-01-13 10:32:40,547: +SUB [/move_group/fake_controller_joint_states] /joint_state_publisher http://wng:45579/
[rosmaster.master][INFO] 2022-01-13 10:32:40,547: +PUB [/joint_states] /joint_state_publisher http://wng:45579/
[rosmaster.master][INFO] 2022-01-13 10:32:40,615: +SERVICE [/move_group/planning_scene_monitor/set_parameters] /move_group http://wng:41179/
[rosmaster.master][INFO] 2022-01-13 10:32:40,616: +PUB [/move_group/planning_scene_monitor/parameter_descriptions] /move_group http://wng:41179/
[rosmaster.master][INFO] 2022-01-13 10:32:40,616: +PUB [/move_group/planning_scene_monitor/parameter_updates] /move_group http://wng:41179/
[rosmaster.master][INFO] 2022-01-13 10:32:40,616: publisherUpdate[/rosout] -> http://wng:39443/ ['http://wng:42541/', 'http://wng:41179/', 'http://wng:37413/', 'http://wng:45579/']
[rosmaster.master][INFO] 2022-01-13 10:32:40,617: publisherUpdate[/joint_states] -> http://wng:42541/ ['http://wng:45579/']
[rosmaster.master][INFO] 2022-01-13 10:32:40,618: publisherUpdate[/rosout] -> http://wng:39443/ ['http://wng:42541/', 'http://wng:41179/', 'http://wng:37413/', 'http://wng:45579/']: sec=0.00, result=[1, '', 0]
[rosmaster.master][INFO] 2022-01-13 10:32:40,618: +PARAM [/move_group/planning_scene_monitor/publish_planning_scene] by /move_group
[rosmaster.master][INFO] 2022-01-13 10:32:40,619: +PARAM [/move_group/planning_scene_monitor/publish_planning_scene_hz] by /move_group
[rosmaster.master][INFO] 2022-01-13 10:32:40,619: publisherUpdate[/joint_states] -> http://wng:42541/ ['http://wng:45579/']: sec=0.00, result=[1, '', 0]
[rosmaster.master][INFO] 2022-01-13 10:32:40,619: +PARAM [/move_group/planning_scene_monitor/publish_geometry_updates] by /move_group
[rosmaster.master][INFO] 2022-01-13 10:32:40,620: +PARAM [/move_group/planning_scene_monitor/publish_state_updates] by /move_group
[rosmaster.master][INFO] 2022-01-13 10:32:40,620: +PARAM [/move_group/planning_scene_monitor/publish_transforms_updates] by /move_group
[rosmaster.master][INFO] 2022-01-13 10:32:40,620: +PUB [/move_group/monitored_planning_scene] /move_group http://wng:41179/
[rosmaster.master][INFO] 2022-01-13 10:32:40,621: +PARAM [/move_group/planning_scene_monitor/publish_planning_scene] by /move_group
[rosmaster.master][INFO] 2022-01-13 10:32:40,621: +PARAM [/move_group/planning_scene_monitor/publish_planning_scene_hz] by /move_group
[rosmaster.master][INFO] 2022-01-13 10:32:40,621: +PARAM [/move_group/planning_scene_monitor/publish_geometry_updates] by /move_group
[rosmaster.master][INFO] 2022-01-13 10:32:40,622: +PARAM [/move_group/planning_scene_monitor/publish_state_updates] by /move_group
[rosmaster.master][INFO] 2022-01-13 10:32:40,622: +PARAM [/move_group/planning_scene_monitor/publish_transforms_updates] by /move_group
[rosmaster.master][INFO] 2022-01-13 10:32:40,623: +SUB [/planning_scene] /move_group http://wng:41179/
[rosmaster.master][INFO] 2022-01-13 10:32:40,624: +SUB [/collision_object] /move_group http://wng:41179/
[rosmaster.master][INFO] 2022-01-13 10:32:40,626: +SUB [/planning_scene_world] /move_group http://wng:41179/
[rosmaster.master][INFO] 2022-01-13 10:32:40,626: +SERVICE [/move_group/save_map] /move_group http://wng:41179/
[rosmaster.master][INFO] 2022-01-13 10:32:40,627: +SERVICE [/move_group/load_map] /move_group http://wng:41179/
[rosmaster.master][INFO] 2022-01-13 10:32:40,628: +SUB [/joint_states] /move_group http://wng:41179/
[rosmaster.master][INFO] 2022-01-13 10:32:40,628: +SUB [/attached_collision_object] /move_group http://wng:41179/
[rosmaster.master][INFO] 2022-01-13 10:32:40,647: +SERVICE [/move_group/ompl/set_parameters] /move_group http://wng:41179/
[rosmaster.master][INFO] 2022-01-13 10:32:40,647: +PUB [/move_group/ompl/parameter_descriptions] /move_group http://wng:41179/
[rosmaster.master][INFO] 2022-01-13 10:32:40,647: +PUB [/move_group/ompl/parameter_updates] /move_group http://wng:41179/
[rosmaster.master][INFO] 2022-01-13 10:32:40,648: +PARAM [/move_group/ompl/simplify_solutions] by /move_group
[rosmaster.master][INFO] 2022-01-13 10:32:40,648: +PARAM [/move_group/ompl/minimum_waypoint_count] by /move_group
[rosmaster.master][INFO] 2022-01-13 10:32:40,648: +PARAM [/move_group/ompl/maximum_waypoint_distance] by /move_group
[rosmaster.master][INFO] 2022-01-13 10:32:40,649: +PARAM [/move_group/ompl/link_for_exploration_tree] by /move_group
[rosmaster.master][INFO] 2022-01-13 10:32:40,649: +PARAM [/move_group/ompl/display_random_valid_states] by /move_group
[rosmaster.master][INFO] 2022-01-13 10:32:40,649: +PARAM [/move_group/ompl/simplify_solutions] by /move_group
[rosmaster.master][INFO] 2022-01-13 10:32:40,649: +PARAM [/move_group/ompl/minimum_waypoint_count] by /move_group
[rosmaster.master][INFO] 2022-01-13 10:32:40,649: +PARAM [/move_group/ompl/maximum_waypoint_distance] by /move_group
[rosmaster.master][INFO] 2022-01-13 10:32:40,649: +PARAM [/move_group/ompl/link_for_exploration_tree] by /move_group
[rosmaster.master][INFO] 2022-01-13 10:32:40,650: +PARAM [/move_group/ompl/display_random_valid_states] by /move_group
[rosmaster.master][INFO] 2022-01-13 10:32:40,653: +PUB [/move_group/display_planned_path] /move_group http://wng:41179/
[rosmaster.master][INFO] 2022-01-13 10:32:40,653: +PUB [/move_group/display_contacts] /move_group http://wng:41179/
[rosmaster.master][INFO] 2022-01-13 10:32:40,655: +PUB [/move_group/fake_controller_joint_states] /move_group http://wng:41179/
[rosmaster.master][INFO] 2022-01-13 10:32:40,657: +SUB [/trajectory_execution_event] /move_group http://wng:41179/
[rosmaster.master][INFO] 2022-01-13 10:32:40,657: +SERVICE [/move_group/trajectory_execution/set_parameters] /move_group http://wng:41179/
[rosmaster.master][INFO] 2022-01-13 10:32:40,657: +PUB [/move_group/trajectory_execution/parameter_descriptions] /move_group http://wng:41179/
[rosmaster.master][INFO] 2022-01-13 10:32:40,658: +PUB [/move_group/trajectory_execution/parameter_updates] /move_group http://wng:41179/
[rosmaster.master][INFO] 2022-01-13 10:32:40,659: +PARAM [/move_group/trajectory_execution/execution_duration_monitoring] by /move_group
[rosmaster.master][INFO] 2022-01-13 10:32:40,659: +PARAM [/move_group/trajectory_execution/allowed_execution_duration_scaling] by /move_group
[rosmaster.master][INFO] 2022-01-13 10:32:40,660: +PARAM [/move_group/trajectory_execution/allowed_goal_duration_margin] by /move_group
[rosmaster.master][INFO] 2022-01-13 10:32:40,660: +PARAM [/move_group/trajectory_execution/execution_velocity_scaling] by /move_group
[rosmaster.master][INFO] 2022-01-13 10:32:40,660: +PARAM [/move_group/trajectory_execution/allowed_start_tolerance] by /move_group
[rosmaster.master][INFO] 2022-01-13 10:32:40,661: +PARAM [/move_group/trajectory_execution/wait_for_trajectory_completion] by /move_group
[rosmaster.master][INFO] 2022-01-13 10:32:40,661: +PARAM [/move_group/trajectory_execution/execution_duration_monitoring] by /move_group
[rosmaster.master][INFO] 2022-01-13 10:32:40,661: +PARAM [/move_group/trajectory_execution/allowed_execution_duration_scaling] by /move_group
[rosmaster.master][INFO] 2022-01-13 10:32:40,661: +PARAM [/move_group/trajectory_execution/allowed_goal_duration_margin] by /move_group
[rosmaster.master][INFO] 2022-01-13 10:32:40,662: +PARAM [/move_group/trajectory_execution/execution_velocity_scaling] by /move_group
[rosmaster.master][INFO] 2022-01-13 10:32:40,662: +PARAM [/move_group/trajectory_execution/allowed_start_tolerance] by /move_group
[rosmaster.master][INFO] 2022-01-13 10:32:40,662: +PARAM [/move_group/trajectory_execution/wait_for_trajectory_completion] by /move_group
[rosmaster.master][INFO] 2022-01-13 10:32:40,663: +SERVICE [/move_group/plan_execution/set_parameters] /move_group http://wng:41179/
[rosmaster.master][INFO] 2022-01-13 10:32:40,663: +PUB [/move_group/plan_execution/parameter_descriptions] /move_group http://wng:41179/
[rosmaster.master][INFO] 2022-01-13 10:32:40,663: +PUB [/move_group/plan_execution/parameter_updates] /move_group http://wng:41179/
[rosmaster.master][INFO] 2022-01-13 10:32:40,664: +PARAM [/move_group/plan_execution/max_replan_attempts] by /move_group
[rosmaster.master][INFO] 2022-01-13 10:32:40,664: +PARAM [/move_group/plan_execution/record_trajectory_state_frequency] by /move_group
[rosmaster.master][INFO] 2022-01-13 10:32:40,664: +PARAM [/move_group/plan_execution/max_replan_attempts] by /move_group
[rosmaster.master][INFO] 2022-01-13 10:32:40,664: +PARAM [/move_group/plan_execution/record_trajectory_state_frequency] by /move_group
[rosmaster.master][INFO] 2022-01-13 10:32:40,665: +SERVICE [/move_group/sense_for_plan/set_parameters] /move_group http://wng:41179/
[rosmaster.master][INFO] 2022-01-13 10:32:40,665: +PUB [/move_group/sense_for_plan/parameter_descriptions] /move_group http://wng:41179/
[rosmaster.master][INFO] 2022-01-13 10:32:40,665: +PUB [/move_group/sense_for_plan/parameter_updates] /move_group http://wng:41179/
[rosmaster.master][INFO] 2022-01-13 10:32:40,666: +PARAM [/move_group/sense_for_plan/max_safe_path_cost] by /move_group
[rosmaster.master][INFO] 2022-01-13 10:32:40,666: +PARAM [/move_group/sense_for_plan/max_look_attempts] by /move_group
[rosmaster.master][INFO] 2022-01-13 10:32:40,666: +PARAM [/move_group/sense_for_plan/max_cost_sources] by /move_group
[rosmaster.master][INFO] 2022-01-13 10:32:40,667: +PARAM [/move_group/sense_for_plan/discard_overlapping_cost_sources] by /move_group
[rosmaster.master][INFO] 2022-01-13 10:32:40,667: +PARAM [/move_group/sense_for_plan/max_safe_path_cost] by /move_group
[rosmaster.master][INFO] 2022-01-13 10:32:40,667: +PARAM [/move_group/sense_for_plan/max_look_attempts] by /move_group
[rosmaster.master][INFO] 2022-01-13 10:32:40,667: +PARAM [/move_group/sense_for_plan/max_cost_sources] by /move_group
[rosmaster.master][INFO] 2022-01-13 10:32:40,667: +PARAM [/move_group/sense_for_plan/discard_overlapping_cost_sources] by /move_group
[rosmaster.master][INFO] 2022-01-13 10:32:40,668: +PUB [/move_group/display_cost_sources] /move_group http://wng:41179/
[rosmaster.master][INFO] 2022-01-13 10:32:40,668: +PUB [/move_group/motion_plan_request] /move_group http://wng:41179/
[rosmaster.master][INFO] 2022-01-13 10:32:40,674: +SERVICE [/apply_planning_scene] /move_group http://wng:41179/
[rosmaster.master][INFO] 2022-01-13 10:32:40,675: +SERVICE [/clear_octomap] /move_group http://wng:41179/
[rosmaster.master][INFO] 2022-01-13 10:32:40,675: +SERVICE [/compute_cartesian_path] /move_group http://wng:41179/
[rosmaster.master][INFO] 2022-01-13 10:32:40,676: +PUB [/execute_trajectory/result] /move_group http://wng:41179/
[rosmaster.master][INFO] 2022-01-13 10:32:40,676: +PUB [/execute_trajectory/feedback] /move_group http://wng:41179/
[rosmaster.master][INFO] 2022-01-13 10:32:40,676: +PUB [/execute_trajectory/status] /move_group http://wng:41179/
[rosmaster.master][INFO] 2022-01-13 10:32:40,678: +SUB [/execute_trajectory/goal] /move_group http://wng:41179/
[rosmaster.master][INFO] 2022-01-13 10:32:40,679: +SUB [/execute_trajectory/cancel] /move_group http://wng:41179/
[rosmaster.master][INFO] 2022-01-13 10:32:40,679: +SERVICE [/get_planning_scene] /move_group http://wng:41179/
[rosmaster.master][INFO] 2022-01-13 10:32:40,679: +SERVICE [/compute_fk] /move_group http://wng:41179/
[rosmaster.master][INFO] 2022-01-13 10:32:40,680: +SERVICE [/compute_ik] /move_group http://wng:41179/
[rosmaster.master][INFO] 2022-01-13 10:32:40,680: +PUB [/move_group/result] /move_group http://wng:41179/
[rosmaster.master][INFO] 2022-01-13 10:32:40,681: +PUB [/move_group/feedback] /move_group http://wng:41179/
[rosmaster.master][INFO] 2022-01-13 10:32:40,681: +PUB [/move_group/status] /move_group http://wng:41179/
[rosmaster.master][INFO] 2022-01-13 10:32:40,682: +SUB [/move_group/goal] /move_group http://wng:41179/
[rosmaster.master][INFO] 2022-01-13 10:32:40,683: +SUB [/move_group/cancel] /move_group http://wng:41179/
[rosmaster.master][INFO] 2022-01-13 10:32:40,689: +PUB [/move_group/display_grasp_markers] /move_group http://wng:41179/
[rosmaster.master][INFO] 2022-01-13 10:32:40,690: +PUB [/pickup/result] /move_group http://wng:41179/
[rosmaster.master][INFO] 2022-01-13 10:32:40,690: +PUB [/pickup/feedback] /move_group http://wng:41179/
[rosmaster.master][INFO] 2022-01-13 10:32:40,690: +PUB [/pickup/status] /move_group http://wng:41179/
[rosmaster.master][INFO] 2022-01-13 10:32:40,691: +SUB [/pickup/goal] /move_group http://wng:41179/
[rosmaster.master][INFO] 2022-01-13 10:32:40,692: +SUB [/pickup/cancel] /move_group http://wng:41179/
[rosmaster.master][INFO] 2022-01-13 10:32:40,693: +PUB [/place/result] /move_group http://wng:41179/
[rosmaster.master][INFO] 2022-01-13 10:32:40,693: +PUB [/place/feedback] /move_group http://wng:41179/
[rosmaster.master][INFO] 2022-01-13 10:32:40,693: +PUB [/place/status] /move_group http://wng:41179/
[rosmaster.master][INFO] 2022-01-13 10:32:40,695: +SUB [/place/goal] /move_group http://wng:41179/
[rosmaster.master][INFO] 2022-01-13 10:32:40,696: +SUB [/place/cancel] /move_group http://wng:41179/
[rosmaster.master][INFO] 2022-01-13 10:32:40,696: +SERVICE [/plan_kinematic_path] /move_group http://wng:41179/
[rosmaster.master][INFO] 2022-01-13 10:32:40,696: +SERVICE [/query_planner_interface] /move_group http://wng:41179/
[rosmaster.master][INFO] 2022-01-13 10:32:40,697: +SERVICE [/get_planner_params] /move_group http://wng:41179/
[rosmaster.master][INFO] 2022-01-13 10:32:40,697: +SERVICE [/set_planner_params] /move_group http://wng:41179/
[rosmaster.master][INFO] 2022-01-13 10:32:40,697: +SERVICE [/check_state_validity] /move_group http://wng:41179/
[rosmaster.master][INFO] 2022-01-13 10:32:40,718: publisherUpdate[/move_group/fake_controller_joint_states] -> http://wng:45579/ ['http://wng:41179/']
[rosmaster.master][INFO] 2022-01-13 10:32:40,719: publisherUpdate[/move_group/fake_controller_joint_states] -> http://wng:45579/ ['http://wng:41179/']: sec=0.00, result=[1, '', 0]
[rosmaster.master][INFO] 2022-01-13 10:32:41,131: +SUB [/tf] /rviz_wng_13661_528490923180035239 http://wng:37413/
[rosmaster.master][INFO] 2022-01-13 10:32:41,132: +SUB [/tf_static] /rviz_wng_13661_528490923180035239 http://wng:37413/
[rosmaster.master][INFO] 2022-01-13 10:32:41,170: +PUB [/initialpose] /rviz_wng_13661_528490923180035239 http://wng:37413/
[rosmaster.master][INFO] 2022-01-13 10:32:41,171: +PUB [/goal] /rviz_wng_13661_528490923180035239 http://wng:37413/
[rosmaster.master][INFO] 2022-01-13 10:32:41,235: +PUB [/planning_scene] /rviz_wng_13661_528490923180035239 http://wng:37413/
[rosmaster.master][INFO] 2022-01-13 10:32:41,236: +PUB [/planning_scene_world] /rviz_wng_13661_528490923180035239 http://wng:37413/
[rosmaster.master][INFO] 2022-01-13 10:32:41,238: +SUB [/recognize_objects/status] /rviz_wng_13661_528490923180035239 http://wng:37413/
[rosmaster.master][INFO] 2022-01-13 10:32:41,239: +SUB [/recognize_objects/feedback] /rviz_wng_13661_528490923180035239 http://wng:37413/
[rosmaster.master][INFO] 2022-01-13 10:32:41,241: +SUB [/recognize_objects/result] /rviz_wng_13661_528490923180035239 http://wng:37413/
[rosmaster.master][INFO] 2022-01-13 10:32:41,241: +PUB [/recognize_objects/goal] /rviz_wng_13661_528490923180035239 http://wng:37413/
[rosmaster.master][INFO] 2022-01-13 10:32:41,242: +PUB [/recognize_objects/cancel] /rviz_wng_13661_528490923180035239 http://wng:37413/
[rosmaster.master][INFO] 2022-01-13 10:32:41,243: +SUB [/recognized_object_array] /rviz_wng_13661_528490923180035239 http://wng:37413/
[rosmaster.master][INFO] 2022-01-13 10:32:41,319: publisherUpdate[/planning_scene] -> http://wng:41179/ ['http://wng:37413/']
[rosmaster.master][INFO] 2022-01-13 10:32:41,320: publisherUpdate[/planning_scene] -> http://wng:41179/ ['http://wng:37413/']: sec=0.00, result=[1, '', 0]
[rosmaster.master][INFO] 2022-01-13 10:32:41,320: publisherUpdate[/planning_scene_world] -> http://wng:41179/ ['http://wng:37413/']
[rosmaster.master][INFO] 2022-01-13 10:32:41,321: publisherUpdate[/planning_scene_world] -> http://wng:41179/ ['http://wng:37413/']: sec=0.00, result=[1, '', 0]
[rosmaster.master][INFO] 2022-01-13 10:32:44,263: -SUB [/recognize_objects/status] /rviz_wng_13661_528490923180035239 http://wng:37413/
[rosmaster.master][INFO] 2022-01-13 10:32:44,263: -PUB [/recognize_objects/cancel] /rviz_wng_13661_528490923180035239 http://wng:37413/
[rosmaster.master][INFO] 2022-01-13 10:32:44,264: -PUB [/recognize_objects/goal] /rviz_wng_13661_528490923180035239 http://wng:37413/
[rosmaster.master][INFO] 2022-01-13 10:32:44,264: -SUB [/recognize_objects/feedback] /rviz_wng_13661_528490923180035239 http://wng:37413/
[rosmaster.master][INFO] 2022-01-13 10:32:44,264: -SUB [/recognize_objects/result] /rviz_wng_13661_528490923180035239 http://wng:37413/
[rosmaster.master][INFO] 2022-01-13 10:32:44,290: +PUB [/feedback] /rviz_wng_13661_528490923180035239 http://wng:37413/
[rosmaster.master][INFO] 2022-01-13 10:32:44,290: -PUB [/feedback] /rviz_wng_13661_528490923180035239 http://wng:37413/
[rosmaster.master][INFO] 2022-01-13 10:32:44,291: +PUB [/feedback] /rviz_wng_13661_528490923180035239 http://wng:37413/
[rosmaster.master][INFO] 2022-01-13 10:32:44,292: -PUB [/goal] /rviz_wng_13661_528490923180035239 http://wng:37413/
[rosmaster.master][INFO] 2022-01-13 10:32:44,292: -PUB [/initialpose] /rviz_wng_13661_528490923180035239 http://wng:37413/
[rosmaster.master][INFO] 2022-01-13 10:32:44,294: +PUB [/initialpose] /rviz_wng_13661_528490923180035239 http://wng:37413/
[rosmaster.master][INFO] 2022-01-13 10:32:44,294: +PUB [/goal] /rviz_wng_13661_528490923180035239 http://wng:37413/
[rosmaster.master][INFO] 2022-01-13 10:32:44,295: +PUB [/move_base_simple/goal] /rviz_wng_13661_528490923180035239 http://wng:37413/
[rosmaster.master][INFO] 2022-01-13 10:32:44,295: -PUB [/goal] /rviz_wng_13661_528490923180035239 http://wng:37413/
[rosmaster.master][INFO] 2022-01-13 10:32:44,295: +PUB [/clicked_point] /rviz_wng_13661_528490923180035239 http://wng:37413/
[rosmaster.master][INFO] 2022-01-13 10:32:44,316: +SERVICE [/rviz_wng_13661_528490923180035239/reload_shaders] /rviz_wng_13661_528490923180035239 http://wng:37413/
[rosmaster.master][INFO] 2022-01-13 10:32:44,316: +SERVICE [/rviz_wng_13661_528490923180035239/load_config] /rviz_wng_13661_528490923180035239 http://wng:37413/
[rosmaster.master][INFO] 2022-01-13 10:32:44,316: +SERVICE [/rviz_wng_13661_528490923180035239/save_config] /rviz_wng_13661_528490923180035239 http://wng:37413/
[rosmaster.master][INFO] 2022-01-13 10:32:44,624: +SERVICE [/rviz_wng_13661_528490923180035239/motionplanning_planning_scene_monitor/set_parameters] /rviz_wng_13661_528490923180035239 http://wng:37413/
[rosmaster.master][INFO] 2022-01-13 10:32:44,625: +PUB [/rviz_wng_13661_528490923180035239/motionplanning_planning_scene_monitor/parameter_descriptions] /rviz_wng_13661_528490923180035239 http://wng:37413/
[rosmaster.master][INFO] 2022-01-13 10:32:44,625: +PUB [/rviz_wng_13661_528490923180035239/motionplanning_planning_scene_monitor/parameter_updates] /rviz_wng_13661_528490923180035239 http://wng:37413/
[rosmaster.master][INFO] 2022-01-13 10:32:44,626: +PARAM [/rviz_wng_13661_528490923180035239/motionplanning_planning_scene_monitor/publish_planning_scene] by /rviz_wng_13661_528490923180035239
[rosmaster.master][INFO] 2022-01-13 10:32:44,626: +PARAM [/rviz_wng_13661_528490923180035239/motionplanning_planning_scene_monitor/publish_planning_scene_hz] by /rviz_wng_13661_528490923180035239
[rosmaster.master][INFO] 2022-01-13 10:32:44,627: +PARAM [/rviz_wng_13661_528490923180035239/motionplanning_planning_scene_monitor/publish_geometry_updates] by /rviz_wng_13661_528490923180035239
[rosmaster.master][INFO] 2022-01-13 10:32:44,627: +PARAM [/rviz_wng_13661_528490923180035239/motionplanning_planning_scene_monitor/publish_state_updates] by /rviz_wng_13661_528490923180035239
[rosmaster.master][INFO] 2022-01-13 10:32:44,627: +PARAM [/rviz_wng_13661_528490923180035239/motionplanning_planning_scene_monitor/publish_transforms_updates] by /rviz_wng_13661_528490923180035239
[rosmaster.master][INFO] 2022-01-13 10:32:44,628: +PARAM [/rviz_wng_13661_528490923180035239/motionplanning_planning_scene_monitor/publish_planning_scene] by /rviz_wng_13661_528490923180035239
[rosmaster.master][INFO] 2022-01-13 10:32:44,628: +PARAM [/rviz_wng_13661_528490923180035239/motionplanning_planning_scene_monitor/publish_planning_scene_hz] by /rviz_wng_13661_528490923180035239
[rosmaster.master][INFO] 2022-01-13 10:32:44,628: +PARAM [/rviz_wng_13661_528490923180035239/motionplanning_planning_scene_monitor/publish_geometry_updates] by /rviz_wng_13661_528490923180035239
[rosmaster.master][INFO] 2022-01-13 10:32:44,628: +PARAM [/rviz_wng_13661_528490923180035239/motionplanning_planning_scene_monitor/publish_state_updates] by /rviz_wng_13661_528490923180035239
[rosmaster.master][INFO] 2022-01-13 10:32:44,629: +PARAM [/rviz_wng_13661_528490923180035239/motionplanning_planning_scene_monitor/publish_transforms_updates] by /rviz_wng_13661_528490923180035239
[rosmaster.master][INFO] 2022-01-13 10:32:44,634: +SUB [/move_group/monitored_planning_scene] /rviz_wng_13661_528490923180035239 http://wng:37413/
[rosmaster.master][INFO] 2022-01-13 10:32:44,914: +SUB [/move_group/display_planned_path] /rviz_wng_13661_528490923180035239 http://wng:37413/
[rosmaster.master][INFO] 2022-01-13 10:32:44,915: +PUB [/rviz_moveit_motion_planning_display/robot_interaction_interactive_marker_topic/update_full] /rviz_wng_13661_528490923180035239 http://wng:37413/
[rosmaster.master][INFO] 2022-01-13 10:32:44,915: +PUB [/rviz_moveit_motion_planning_display/robot_interaction_interactive_marker_topic/update] /rviz_wng_13661_528490923180035239 http://wng:37413/
[rosmaster.master][INFO] 2022-01-13 10:32:44,916: +SUB [/rviz_moveit_motion_planning_display/robot_interaction_interactive_marker_topic/feedback] /rviz_wng_13661_528490923180035239 http://wng:37413/
[rosmaster.master][INFO] 2022-01-13 10:32:44,917: -PUB [/feedback] /rviz_wng_13661_528490923180035239 http://wng:37413/
[rosmaster.master][INFO] 2022-01-13 10:32:44,918: +SUB [/rviz_moveit_motion_planning_display/robot_interaction_interactive_marker_topic/update] /rviz_wng_13661_528490923180035239 http://wng:37413/
[rosmaster.master][INFO] 2022-01-13 10:32:44,919: +SUB [/rviz_moveit_motion_planning_display/robot_interaction_interactive_marker_topic/update_full] /rviz_wng_13661_528490923180035239 http://wng:37413/
[rosmaster.master][INFO] 2022-01-13 10:32:44,919: +PUB [/rviz_moveit_motion_planning_display/robot_interaction_interactive_marker_topic/feedback] /rviz_wng_13661_528490923180035239 http://wng:37413/
[rosmaster.master][INFO] 2022-01-13 10:32:44,926: publisherUpdate[/rviz_moveit_motion_planning_display/robot_interaction_interactive_marker_topic/feedback] -> http://wng:37413/ ['http://wng:37413/']
[rosmaster.master][INFO] 2022-01-13 10:32:44,927: publisherUpdate[/rviz_moveit_motion_planning_display/robot_interaction_interactive_marker_topic/feedback] -> http://wng:37413/ ['http://wng:37413/']: sec=0.00, result=[1, '', 0]
[rosmaster.master][INFO] 2022-01-13 10:32:45,480: -SUB [/rviz_moveit_motion_planning_display/robot_interaction_interactive_marker_topic/update_full] /rviz_wng_13661_528490923180035239 http://wng:37413/
[rosmaster.master][INFO] 2022-01-13 10:32:47,044: -SUB [/move_group/fake_controller_joint_states] /joint_state_publisher http://wng:45579/
[rosmaster.master][INFO] 2022-01-13 10:32:47,044: -PUB [/joint_states] /joint_state_publisher http://wng:45579/
[rosmaster.master][INFO] 2022-01-13 10:32:47,044: -PUB [/rosout] /joint_state_publisher http://wng:45579/
[rosmaster.master][INFO] 2022-01-13 10:32:47,044: -SERVICE [/joint_state_publisher/get_loggers] /joint_state_publisher rosrpc://wng:40183
[rosmaster.master][INFO] 2022-01-13 10:32:47,044: -SERVICE [/joint_state_publisher/set_logger_level] /joint_state_publisher rosrpc://wng:40183
[rosmaster.master][INFO] 2022-01-13 10:32:47,129: publisherUpdate[/joint_states] -> http://wng:42541/ []
[rosmaster.master][INFO] 2022-01-13 10:32:47,129: publisherUpdate[/joint_states] -> http://wng:42541/ []: sec=0.00, result=[1, '', 0]
[rosmaster.master][INFO] 2022-01-13 10:32:47,129: publisherUpdate[/joint_states] -> http://wng:41179/ []
[rosmaster.master][INFO] 2022-01-13 10:32:47,130: publisherUpdate[/rosout] -> http://wng:39443/ ['http://wng:42541/', 'http://wng:41179/', 'http://wng:37413/']
[rosmaster.master][INFO] 2022-01-13 10:32:47,130: -PUB [/rosout] /rviz_wng_13661_528490923180035239 http://wng:37413/
[rosmaster.master][INFO] 2022-01-13 10:32:47,131: publisherUpdate[/rosout] -> http://wng:39443/ ['http://wng:42541/', 'http://wng:41179/', 'http://wng:37413/']: sec=0.00, result=[1, '', 0]
[rosmaster.master][INFO] 2022-01-13 10:32:47,131: -PUB [/rosout] /move_group http://wng:41179/
[rosmaster.master][INFO] 2022-01-13 10:32:47,131: publisherUpdate[/rosout] -> http://wng:39443/ ['http://wng:42541/', 'http://wng:41179/']
[rosmaster.master][INFO] 2022-01-13 10:32:47,131: -PUB [/planning_scene] /rviz_wng_13661_528490923180035239 http://wng:37413/
[rosmaster.master][INFO] 2022-01-13 10:32:47,132: publisherUpdate[/rosout] -> http://wng:39443/ ['http://wng:42541/', 'http://wng:41179/']: sec=0.00, result=[1, '', 0]
[rosmaster.master][INFO] 2022-01-13 10:32:47,132: -PUB [/move_group/planning_scene_monitor/parameter_descriptions] /move_group http://wng:41179/
[rosmaster.master][INFO] 2022-01-13 10:32:47,132: publisherUpdate[/rosout] -> http://wng:39443/ ['http://wng:42541/']
[rosmaster.master][INFO] 2022-01-13 10:32:47,132: -PUB [/planning_scene_world] /rviz_wng_13661_528490923180035239 http://wng:37413/
[rosmaster.master][INFO] 2022-01-13 10:32:47,133: -PUB [/move_group/planning_scene_monitor/parameter_updates] /move_group http://wng:41179/
[rosmaster.master][INFO] 2022-01-13 10:32:47,133: publisherUpdate[/rosout] -> http://wng:39443/ ['http://wng:42541/']: sec=0.00, result=[1, '', 0]
[rosmaster.master][INFO] 2022-01-13 10:32:47,133: -PUB [/initialpose] /rviz_wng_13661_528490923180035239 http://wng:37413/
[rosmaster.master][INFO] 2022-01-13 10:32:47,134: -PUB [/move_group/monitored_planning_scene] /move_group http://wng:41179/
[rosmaster.master][INFO] 2022-01-13 10:32:47,134: -PUB [/move_base_simple/goal] /rviz_wng_13661_528490923180035239 http://wng:37413/
[rosmaster.master][INFO] 2022-01-13 10:32:47,134: -PUB [/move_group/ompl/parameter_descriptions] /move_group http://wng:41179/
[rosmaster.master][INFO] 2022-01-13 10:32:47,134: -PUB [/clicked_point] /rviz_wng_13661_528490923180035239 http://wng:37413/
[rosmaster.master][INFO] 2022-01-13 10:32:47,135: -PUB [/move_group/ompl/parameter_updates] /move_group http://wng:41179/
[rosmaster.master][INFO] 2022-01-13 10:32:47,135: -PUB [/rviz_wng_13661_528490923180035239/motionplanning_planning_scene_monitor/parameter_descriptions] /rviz_wng_13661_528490923180035239 http://wng:37413/
[rosmaster.master][INFO] 2022-01-13 10:32:47,135: -PUB [/move_group/display_planned_path] /move_group http://wng:41179/
[rosmaster.master][INFO] 2022-01-13 10:32:47,135: -PUB [/rviz_wng_13661_528490923180035239/motionplanning_planning_scene_monitor/parameter_updates] /rviz_wng_13661_528490923180035239 http://wng:37413/
[rosmaster.master][INFO] 2022-01-13 10:32:47,136: -PUB [/move_group/display_contacts] /move_group http://wng:41179/
[rosmaster.master][INFO] 2022-01-13 10:32:47,136: -PUB [/rviz_moveit_motion_planning_display/robot_interaction_interactive_marker_topic/update_full] /rviz_wng_13661_528490923180035239 http://wng:37413/
[rosmaster.master][INFO] 2022-01-13 10:32:47,136: -PUB [/move_group/fake_controller_joint_states] /move_group http://wng:41179/
[rosmaster.master][INFO] 2022-01-13 10:32:47,136: -PUB [/rviz_moveit_motion_planning_display/robot_interaction_interactive_marker_topic/update] /rviz_wng_13661_528490923180035239 http://wng:37413/
[rosmaster.master][INFO] 2022-01-13 10:32:47,137: -PUB [/move_group/trajectory_execution/parameter_descriptions] /move_group http://wng:41179/
[rosmaster.master][INFO] 2022-01-13 10:32:47,137: -PUB [/rviz_moveit_motion_planning_display/robot_interaction_interactive_marker_topic/feedback] /rviz_wng_13661_528490923180035239 http://wng:37413/
[rosmaster.master][INFO] 2022-01-13 10:32:47,137: -PUB [/move_group/trajectory_execution/parameter_updates] /move_group http://wng:41179/
[rosmaster.master][INFO] 2022-01-13 10:32:47,137: -SUB [/tf] /rviz_wng_13661_528490923180035239 http://wng:37413/
[rosmaster.master][INFO] 2022-01-13 10:32:47,137: -PUB [/move_group/plan_execution/parameter_descriptions] /move_group http://wng:41179/
[rosmaster.master][INFO] 2022-01-13 10:32:47,138: -SUB [/tf_static] /rviz_wng_13661_528490923180035239 http://wng:37413/
[rosmaster.master][INFO] 2022-01-13 10:32:47,138: -PUB [/move_group/plan_execution/parameter_updates] /move_group http://wng:41179/
[rosmaster.master][INFO] 2022-01-13 10:32:47,138: -SUB [/recognized_object_array] /rviz_wng_13661_528490923180035239 http://wng:37413/
[rosmaster.master][INFO] 2022-01-13 10:32:47,138: -PUB [/move_group/sense_for_plan/parameter_descriptions] /move_group http://wng:41179/
[rosmaster.master][INFO] 2022-01-13 10:32:47,139: -SUB [/move_group/monitored_planning_scene] /rviz_wng_13661_528490923180035239 http://wng:37413/
[rosmaster.master][INFO] 2022-01-13 10:32:47,139: -PUB [/move_group/sense_for_plan/parameter_updates] /move_group http://wng:41179/
[rosmaster.master][INFO] 2022-01-13 10:32:47,139: -SUB [/move_group/display_planned_path] /rviz_wng_13661_528490923180035239 http://wng:37413/
[rosmaster.master][INFO] 2022-01-13 10:32:47,139: -PUB [/move_group/display_cost_sources] /move_group http://wng:41179/
[rosmaster.master][INFO] 2022-01-13 10:32:47,139: -SUB [/rviz_moveit_motion_planning_display/robot_interaction_interactive_marker_topic/feedback] /rviz_wng_13661_528490923180035239 http://wng:37413/
[rosmaster.master][INFO] 2022-01-13 10:32:47,140: publisherUpdate[/joint_states] -> http://wng:41179/ []: sec=0.01, exception=<Fault -1: 'publisherUpdate: unknown method name'>
[rosmaster.master][INFO] 2022-01-13 10:32:47,140: -PUB [/move_group/motion_plan_request] /move_group http://wng:41179/
[rosmaster.master][INFO] 2022-01-13 10:32:47,140: -SUB [/rviz_moveit_motion_planning_display/robot_interaction_interactive_marker_topic/update] /rviz_wng_13661_528490923180035239 http://wng:37413/
[rosmaster.master][INFO] 2022-01-13 10:32:47,141: -PUB [/execute_trajectory/result] /move_group http://wng:41179/
[rosmaster.master][INFO] 2022-01-13 10:32:47,141: -SERVICE [/rviz_wng_13661_528490923180035239/get_loggers] /rviz_wng_13661_528490923180035239 rosrpc://wng:45345
[rosmaster.master][INFO] 2022-01-13 10:32:47,141: -PUB [/execute_trajectory/feedback] /move_group http://wng:41179/
[rosmaster.master][INFO] 2022-01-13 10:32:47,141: -SERVICE [/rviz_wng_13661_528490923180035239/set_logger_level] /rviz_wng_13661_528490923180035239 rosrpc://wng:45345
[rosmaster.master][INFO] 2022-01-13 10:32:47,141: -PUB [/execute_trajectory/status] /move_group http://wng:41179/
[rosmaster.master][INFO] 2022-01-13 10:32:47,142: -SERVICE [/rviz_wng_13661_528490923180035239/reload_shaders] /rviz_wng_13661_528490923180035239 rosrpc://wng:45345
[rosmaster.master][INFO] 2022-01-13 10:32:47,142: -PUB [/move_group/result] /move_group http://wng:41179/
[rosmaster.master][INFO] 2022-01-13 10:32:47,142: -SERVICE [/rviz_wng_13661_528490923180035239/load_config] /rviz_wng_13661_528490923180035239 rosrpc://wng:45345
[rosmaster.master][INFO] 2022-01-13 10:32:47,143: -PUB [/move_group/feedback] /move_group http://wng:41179/
[rosmaster.master][INFO] 2022-01-13 10:32:47,143: -SERVICE [/rviz_wng_13661_528490923180035239/save_config] /rviz_wng_13661_528490923180035239 rosrpc://wng:45345
[rosmaster.threadpool][ERROR] 2022-01-13 10:32:47,143: Traceback (most recent call last):
  File "/opt/ros/melodic/lib/python2.7/dist-packages/rosmaster/threadpool.py", line 218, in run
    result = cmd(*args)
  File "/opt/ros/melodic/lib/python2.7/dist-packages/rosmaster/master_api.py", line 210, in publisher_update_task
    ret = xmlrpcapi(api).publisherUpdate('/master', topic, pub_uris)
  File "/usr/lib/python2.7/xmlrpclib.py", line 1243, in __call__
    return self.__send(self.__name, args)
  File "/usr/lib/python2.7/xmlrpclib.py", line 1602, in __request
    verbose=self.__verbose
  File "/usr/lib/python2.7/xmlrpclib.py", line 1283, in request
    return self.single_request(host, handler, request_body, verbose)
  File "/usr/lib/python2.7/xmlrpclib.py", line 1316, in single_request
    return self.parse_response(response)
  File "/usr/lib/python2.7/xmlrpclib.py", line 1493, in parse_response
    return u.close()
  File "/usr/lib/python2.7/xmlrpclib.py", line 800, in close
    raise Fault(**self._stack[0])
Fault: <Fault -1: 'publisherUpdate: unknown method name'>

[rosmaster.master][INFO] 2022-01-13 10:32:47,143: -PUB [/move_group/status] /move_group http://wng:41179/
[rosmaster.master][INFO] 2022-01-13 10:32:47,143: publisherUpdate[/planning_scene] -> http://wng:41179/ []
[rosmaster.master][INFO] 2022-01-13 10:32:47,144: -SERVICE [/rviz_wng_13661_528490923180035239/motionplanning_planning_scene_monitor/set_parameters] /rviz_wng_13661_528490923180035239 rosrpc://wng:45345
[rosmaster.master][INFO] 2022-01-13 10:32:47,144: -PUB [/move_group/display_grasp_markers] /move_group http://wng:41179/
[rosmaster.master][INFO] 2022-01-13 10:32:47,144: publisherUpdate[/planning_scene] -> http://wng:41179/ []: sec=0.00, exception=<Fault -1: 'publisherUpdate: unknown method name'>
[rosmaster.master][INFO] 2022-01-13 10:32:47,144: -CACHEDPARAM [/rosout_disable_topics_generation] by /rviz_wng_13661_528490923180035239
[rosmaster.master][INFO] 2022-01-13 10:32:47,144: -PUB [/pickup/result] /move_group http://wng:41179/
[rosmaster.threadpool][ERROR] 2022-01-13 10:32:47,145: Traceback (most recent call last):
  File "/opt/ros/melodic/lib/python2.7/dist-packages/rosmaster/threadpool.py", line 218, in run
    result = cmd(*args)
  File "/opt/ros/melodic/lib/python2.7/dist-packages/rosmaster/master_api.py", line 210, in publisher_update_task
    ret = xmlrpcapi(api).publisherUpdate('/master', topic, pub_uris)
  File "/usr/lib/python2.7/xmlrpclib.py", line 1243, in __call__
    return self.__send(self.__name, args)
  File "/usr/lib/python2.7/xmlrpclib.py", line 1602, in __request
    verbose=self.__verbose
  File "/usr/lib/python2.7/xmlrpclib.py", line 1283, in request
    return self.single_request(host, handler, request_body, verbose)
  File "/usr/lib/python2.7/xmlrpclib.py", line 1316, in single_request
    return self.parse_response(response)
  File "/usr/lib/python2.7/xmlrpclib.py", line 1493, in parse_response
    return u.close()
  File "/usr/lib/python2.7/xmlrpclib.py", line 800, in close
    raise Fault(**self._stack[0])
Fault: <Fault -1: 'publisherUpdate: unknown method name'>

[rosmaster.master][INFO] 2022-01-13 10:32:47,145: -PUB [/pickup/feedback] /move_group http://wng:41179/
[rosmaster.master][INFO] 2022-01-13 10:32:47,145: publisherUpdate[/planning_scene_world] -> http://wng:41179/ []
[rosmaster.master][INFO] 2022-01-13 10:32:47,145: -PUB [/pickup/status] /move_group http://wng:41179/
[rosmaster.master][INFO] 2022-01-13 10:32:47,146: publisherUpdate[/planning_scene_world] -> http://wng:41179/ []: sec=0.00, exception=<Fault -1: 'publisherUpdate: unknown method name'>
[rosmaster.master][INFO] 2022-01-13 10:32:47,146: -PUB [/place/result] /move_group http://wng:41179/
[rosmaster.threadpool][ERROR] 2022-01-13 10:32:47,146: Traceback (most recent call last):
  File "/opt/ros/melodic/lib/python2.7/dist-packages/rosmaster/threadpool.py", line 218, in run
    result = cmd(*args)
  File "/opt/ros/melodic/lib/python2.7/dist-packages/rosmaster/master_api.py", line 210, in publisher_update_task
    ret = xmlrpcapi(api).publisherUpdate('/master', topic, pub_uris)
  File "/usr/lib/python2.7/xmlrpclib.py", line 1243, in __call__
    return self.__send(self.__name, args)
  File "/usr/lib/python2.7/xmlrpclib.py", line 1602, in __request
    verbose=self.__verbose
  File "/usr/lib/python2.7/xmlrpclib.py", line 1283, in request
    return self.single_request(host, handler, request_body, verbose)
  File "/usr/lib/python2.7/xmlrpclib.py", line 1316, in single_request
    return self.parse_response(response)
  File "/usr/lib/python2.7/xmlrpclib.py", line 1493, in parse_response
    return u.close()
  File "/usr/lib/python2.7/xmlrpclib.py", line 800, in close
    raise Fault(**self._stack[0])
Fault: <Fault -1: 'publisherUpdate: unknown method name'>

[rosmaster.master][INFO] 2022-01-13 10:32:47,146: -PUB [/place/feedback] /move_group http://wng:41179/
[rosmaster.master][INFO] 2022-01-13 10:32:47,146: publisherUpdate[/move_group/monitored_planning_scene] -> http://wng:37413/ []
[rosmaster.master][INFO] 2022-01-13 10:32:47,147: -PUB [/place/status] /move_group http://wng:41179/
[rosmaster.master][INFO] 2022-01-13 10:32:47,147: -SUB [/tf] /move_group http://wng:41179/
[rosmaster.master][INFO] 2022-01-13 10:32:47,147: publisherUpdate[/move_group/monitored_planning_scene] -> http://wng:37413/ []: sec=0.00, exception=<Fault -1: 'publisherUpdate: unknown method name'>
[rosmaster.master][INFO] 2022-01-13 10:32:47,147: -SUB [/tf_static] /move_group http://wng:41179/
[rosmaster.threadpool][ERROR] 2022-01-13 10:32:47,147: Traceback (most recent call last):
  File "/opt/ros/melodic/lib/python2.7/dist-packages/rosmaster/threadpool.py", line 218, in run
    result = cmd(*args)
  File "/opt/ros/melodic/lib/python2.7/dist-packages/rosmaster/master_api.py", line 210, in publisher_update_task
    ret = xmlrpcapi(api).publisherUpdate('/master', topic, pub_uris)
  File "/usr/lib/python2.7/xmlrpclib.py", line 1243, in __call__
    return self.__send(self.__name, args)
  File "/usr/lib/python2.7/xmlrpclib.py", line 1602, in __request
    verbose=self.__verbose
  File "/usr/lib/python2.7/xmlrpclib.py", line 1283, in request
    return self.single_request(host, handler, request_body, verbose)
  File "/usr/lib/python2.7/xmlrpclib.py", line 1316, in single_request
    return self.parse_response(response)
  File "/usr/lib/python2.7/xmlrpclib.py", line 1493, in parse_response
    return u.close()
  File "/usr/lib/python2.7/xmlrpclib.py", line 800, in close
    raise Fault(**self._stack[0])
Fault: <Fault -1: 'publisherUpdate: unknown method name'>

[rosmaster.master][INFO] 2022-01-13 10:32:47,148: -SUB [/planning_scene] /move_group http://wng:41179/
[rosmaster.master][INFO] 2022-01-13 10:32:47,148: publisherUpdate[/move_group/display_planned_path] -> http://wng:37413/ []
[rosmaster.master][INFO] 2022-01-13 10:32:47,148: -SUB [/collision_object] /move_group http://wng:41179/
[rosmaster.master][INFO] 2022-01-13 10:32:47,148: publisherUpdate[/move_group/display_planned_path] -> http://wng:37413/ []: sec=0.00, exception=<Fault -1: 'publisherUpdate: unknown method name'>
[rosmaster.master][INFO] 2022-01-13 10:32:47,148: -SUB [/planning_scene_world] /move_group http://wng:41179/
[rosmaster.threadpool][ERROR] 2022-01-13 10:32:47,149: Traceback (most recent call last):
  File "/opt/ros/melodic/lib/python2.7/dist-packages/rosmaster/threadpool.py", line 218, in run
    result = cmd(*args)
  File "/opt/ros/melodic/lib/python2.7/dist-packages/rosmaster/master_api.py", line 210, in publisher_update_task
    ret = xmlrpcapi(api).publisherUpdate('/master', topic, pub_uris)
  File "/usr/lib/python2.7/xmlrpclib.py", line 1243, in __call__
    return self.__send(self.__name, args)
  File "/usr/lib/python2.7/xmlrpclib.py", line 1602, in __request
    verbose=self.__verbose
  File "/usr/lib/python2.7/xmlrpclib.py", line 1283, in request
    return self.single_request(host, handler, request_body, verbose)
  File "/usr/lib/python2.7/xmlrpclib.py", line 1316, in single_request
    return self.parse_response(response)
  File "/usr/lib/python2.7/xmlrpclib.py", line 1493, in parse_response
    return u.close()
  File "/usr/lib/python2.7/xmlrpclib.py", line 800, in close
    raise Fault(**self._stack[0])
Fault: <Fault -1: 'publisherUpdate: unknown method name'>

[rosmaster.master][INFO] 2022-01-13 10:32:47,149: -SUB [/joint_states] /move_group http://wng:41179/
[rosmaster.master][INFO] 2022-01-13 10:32:47,149: publisherUpdate[/rviz_moveit_motion_planning_display/robot_interaction_interactive_marker_topic/update] -> http://wng:37413/ []
[rosmaster.master][INFO] 2022-01-13 10:32:47,149: -SUB [/attached_collision_object] /move_group http://wng:41179/
[rosmaster.master][INFO] 2022-01-13 10:32:47,149: publisherUpdate[/rviz_moveit_motion_planning_display/robot_interaction_interactive_marker_topic/update] -> http://wng:37413/ []: sec=0.00, exception=<Fault -1: 'publisherUpdate: unknown method name'>
[rosmaster.master][INFO] 2022-01-13 10:32:47,150: -SUB [/trajectory_execution_event] /move_group http://wng:41179/
[rosmaster.threadpool][ERROR] 2022-01-13 10:32:47,150: Traceback (most recent call last):
  File "/opt/ros/melodic/lib/python2.7/dist-packages/rosmaster/threadpool.py", line 218, in run
    result = cmd(*args)
  File "/opt/ros/melodic/lib/python2.7/dist-packages/rosmaster/master_api.py", line 210, in publisher_update_task
    ret = xmlrpcapi(api).publisherUpdate('/master', topic, pub_uris)
  File "/usr/lib/python2.7/xmlrpclib.py", line 1243, in __call__
    return self.__send(self.__name, args)
  File "/usr/lib/python2.7/xmlrpclib.py", line 1602, in __request
    verbose=self.__verbose
  File "/usr/lib/python2.7/xmlrpclib.py", line 1283, in request
    return self.single_request(host, handler, request_body, verbose)
  File "/usr/lib/python2.7/xmlrpclib.py", line 1316, in single_request
    return self.parse_response(response)
  File "/usr/lib/python2.7/xmlrpclib.py", line 1493, in parse_response
    return u.close()
  File "/usr/lib/python2.7/xmlrpclib.py", line 800, in close
    raise Fault(**self._stack[0])
Fault: <Fault -1: 'publisherUpdate: unknown method name'>

[rosmaster.master][INFO] 2022-01-13 10:32:47,150: -SUB [/execute_trajectory/goal] /move_group http://wng:41179/
[rosmaster.master][INFO] 2022-01-13 10:32:47,150: publisherUpdate[/rviz_moveit_motion_planning_display/robot_interaction_interactive_marker_topic/feedback] -> http://wng:37413/ []
[rosmaster.master][INFO] 2022-01-13 10:32:47,150: -SUB [/execute_trajectory/cancel] /move_group http://wng:41179/
[rosmaster.master][INFO] 2022-01-13 10:32:47,151: publisherUpdate[/rviz_moveit_motion_planning_display/robot_interaction_interactive_marker_topic/feedback] -> http://wng:37413/ []: sec=0.00, exception=<Fault -1: 'publisherUpdate: unknown method name'>
[rosmaster.master][INFO] 2022-01-13 10:32:47,151: -SUB [/move_group/goal] /move_group http://wng:41179/
[rosmaster.threadpool][ERROR] 2022-01-13 10:32:47,151: Traceback (most recent call last):
  File "/opt/ros/melodic/lib/python2.7/dist-packages/rosmaster/threadpool.py", line 218, in run
    result = cmd(*args)
  File "/opt/ros/melodic/lib/python2.7/dist-packages/rosmaster/master_api.py", line 210, in publisher_update_task
    ret = xmlrpcapi(api).publisherUpdate('/master', topic, pub_uris)
  File "/usr/lib/python2.7/xmlrpclib.py", line 1243, in __call__
    return self.__send(self.__name, args)
  File "/usr/lib/python2.7/xmlrpclib.py", line 1602, in __request
    verbose=self.__verbose
  File "/usr/lib/python2.7/xmlrpclib.py", line 1283, in request
    return self.single_request(host, handler, request_body, verbose)
  File "/usr/lib/python2.7/xmlrpclib.py", line 1316, in single_request
    return self.parse_response(response)
  File "/usr/lib/python2.7/xmlrpclib.py", line 1493, in parse_response
    return u.close()
  File "/usr/lib/python2.7/xmlrpclib.py", line 800, in close
    raise Fault(**self._stack[0])
Fault: <Fault -1: 'publisherUpdate: unknown method name'>

[rosmaster.master][INFO] 2022-01-13 10:32:47,151: -SUB [/move_group/cancel] /move_group http://wng:41179/
[rosmaster.master][INFO] 2022-01-13 10:32:47,151: -SUB [/pickup/goal] /move_group http://wng:41179/
[rosmaster.master][INFO] 2022-01-13 10:32:47,152: -SUB [/pickup/cancel] /move_group http://wng:41179/
[rosmaster.master][INFO] 2022-01-13 10:32:47,152: -SUB [/place/goal] /move_group http://wng:41179/
[rosmaster.master][INFO] 2022-01-13 10:32:47,152: -SUB [/place/cancel] /move_group http://wng:41179/
[rosmaster.master][INFO] 2022-01-13 10:32:47,152: -SERVICE [/move_group/get_loggers] /move_group rosrpc://wng:44061
[rosmaster.master][INFO] 2022-01-13 10:32:47,153: -SERVICE [/move_group/set_logger_level] /move_group rosrpc://wng:44061
[rosmaster.master][INFO] 2022-01-13 10:32:47,153: -SERVICE [/move_group/planning_scene_monitor/set_parameters] /move_group rosrpc://wng:44061
[rosmaster.master][INFO] 2022-01-13 10:32:47,153: -SERVICE [/move_group/save_map] /move_group rosrpc://wng:44061
[rosmaster.master][INFO] 2022-01-13 10:32:47,153: -SERVICE [/move_group/load_map] /move_group rosrpc://wng:44061
[rosmaster.master][INFO] 2022-01-13 10:32:47,153: -SERVICE [/move_group/ompl/set_parameters] /move_group rosrpc://wng:44061
[rosmaster.master][INFO] 2022-01-13 10:32:47,154: -SERVICE [/move_group/trajectory_execution/set_parameters] /move_group rosrpc://wng:44061
[rosmaster.master][INFO] 2022-01-13 10:32:47,154: -SERVICE [/move_group/plan_execution/set_parameters] /move_group rosrpc://wng:44061
[rosmaster.master][INFO] 2022-01-13 10:32:47,154: -SERVICE [/move_group/sense_for_plan/set_parameters] /move_group rosrpc://wng:44061
[rosmaster.master][INFO] 2022-01-13 10:32:47,154: -SERVICE [/apply_planning_scene] /move_group rosrpc://wng:44061
[rosmaster.master][INFO] 2022-01-13 10:32:47,155: -SERVICE [/clear_octomap] /move_group rosrpc://wng:44061
[rosmaster.master][INFO] 2022-01-13 10:32:47,155: -SERVICE [/compute_cartesian_path] /move_group rosrpc://wng:44061
[rosmaster.master][INFO] 2022-01-13 10:32:47,155: -SERVICE [/get_planning_scene] /move_group rosrpc://wng:44061
[rosmaster.master][INFO] 2022-01-13 10:32:47,155: -SERVICE [/compute_fk] /move_group rosrpc://wng:44061
[rosmaster.master][INFO] 2022-01-13 10:32:47,156: -SERVICE [/compute_ik] /move_group rosrpc://wng:44061
[rosmaster.master][INFO] 2022-01-13 10:32:47,156: -SERVICE [/plan_kinematic_path] /move_group rosrpc://wng:44061
[rosmaster.master][INFO] 2022-01-13 10:32:47,156: -SERVICE [/query_planner_interface] /move_group rosrpc://wng:44061
[rosmaster.master][INFO] 2022-01-13 10:32:47,156: -SERVICE [/get_planner_params] /move_group rosrpc://wng:44061
[rosmaster.master][INFO] 2022-01-13 10:32:47,157: -SERVICE [/set_planner_params] /move_group rosrpc://wng:44061
[rosmaster.master][INFO] 2022-01-13 10:32:47,157: -SERVICE [/check_state_validity] /move_group rosrpc://wng:44061
[rosmaster.master][INFO] 2022-01-13 10:32:47,157: -CACHEDPARAM [/rosout_disable_topics_generation] by /move_group
[rosmaster.master][INFO] 2022-01-13 10:32:47,230: -PUB [/rosout] /robot_state_publisher http://wng:42541/
[rosmaster.master][INFO] 2022-01-13 10:32:47,230: -PUB [/tf] /robot_state_publisher http://wng:42541/
[rosmaster.master][INFO] 2022-01-13 10:32:47,231: -PUB [/tf_static] /robot_state_publisher http://wng:42541/
[rosmaster.master][INFO] 2022-01-13 10:32:47,231: publisherUpdate[/rosout] -> http://wng:39443/ []
[rosmaster.master][INFO] 2022-01-13 10:32:47,231: -SUB [/joint_states] /robot_state_publisher http://wng:42541/
[rosmaster.master][INFO] 2022-01-13 10:32:47,231: publisherUpdate[/rosout] -> http://wng:39443/ []: sec=0.00, result=[1, '', 0]
[rosmaster.master][INFO] 2022-01-13 10:32:47,232: -SERVICE [/robot_state_publisher/get_loggers] /robot_state_publisher rosrpc://wng:43875
[rosmaster.master][INFO] 2022-01-13 10:32:47,232: -SERVICE [/robot_state_publisher/set_logger_level] /robot_state_publisher rosrpc://wng:43875
[rosmaster.master][INFO] 2022-01-13 10:32:47,233: -CACHEDPARAM [/rosout_disable_topics_generation] by /robot_state_publisher
[rosmaster.master][INFO] 2022-01-13 10:32:47,632: -PUB [/rosout_agg] /rosout http://wng:39443/
[rosmaster.master][INFO] 2022-01-13 10:32:47,632: -SUB [/rosout] /rosout http://wng:39443/
[rosmaster.master][INFO] 2022-01-13 10:32:47,633: -SERVICE [/rosout/get_loggers] /rosout rosrpc://wng:53841
[rosmaster.master][INFO] 2022-01-13 10:32:47,633: -SERVICE [/rosout/set_logger_level] /rosout rosrpc://wng:53841
[rosmaster.master][INFO] 2022-01-13 10:32:47,633: -CACHEDPARAM [/rosout/omit_topics] by /rosout
[rosmaster.main][INFO] 2022-01-13 10:32:47,644: keyboard interrupt, will exit
[rosmaster.main][INFO] 2022-01-13 10:32:47,644: stopping master...
[rospy.core][INFO] 2022-01-13 10:32:47,644: signal_shutdown [atexit]
