[rospy.client][INFO] 2021-12-14 09:57:09,842: init_node, name[/server_endpoint], pid[11290]
[xmlrpc][INFO] 2021-12-14 09:57:09,842: XML-RPC server binding to 0.0.0.0:0
[xmlrpc][INFO] 2021-12-14 09:57:09,842: Started XML-RPC server [http://wng:45221/]
[rospy.init][INFO] 2021-12-14 09:57:09,843: ROS Slave URI: [http://wng:45221/]
[rospy.impl.masterslave][INFO] 2021-12-14 09:57:09,843: _ready: http://wng:45221/
[rospy.registration][INFO] 2021-12-14 09:57:09,843: Registering with master node http://localhost:11311
[xmlrpc][INFO] 2021-12-14 09:57:09,844: xml rpc node: starting XML-RPC server
[rospy.init][INFO] 2021-12-14 09:57:09,943: registered with master
[rospy.rosout][INFO] 2021-12-14 09:57:09,943: initializing /rosout core topic
[rospy.rosout][INFO] 2021-12-14 09:57:09,944: connected to core topic /rosout
[rospy.simtime][INFO] 2021-12-14 09:57:09,945: /use_sim_time is not set, will not subscribe to simulated time [/clock] topic
[rosout][INFO] 2021-12-14 09:57:09,951: Starting server on 192.168.0.8:10000
[rospy.internal][INFO] 2021-12-14 09:57:10,200: topic[/rosout] adding connection to [/rosout], count 0
[rosout][INFO] 2021-12-14 09:57:12,737: Connection from 192.168.0.8
[rosout][INFO] 2021-12-14 09:57:12,742: RegisterPublisher(execution_check, <class 'panda_move.msg._ExecutionCheck.ExecutionCheck'>) OK
[rospy.internal][INFO] 2021-12-14 09:57:12,823: topic[/execution_check] adding connection to [http://wng:45221/], count 0
[rospy.internal][INFO] 2021-12-14 09:57:12,825: topic[/execution_check] adding connection to [/server_endpoint], count 0
[rospy.core][INFO] 2021-12-14 09:58:13,822: signal_shutdown [signal-2]
[rospy.internal][INFO] 2021-12-14 09:58:13,827: topic[/execution_check] removing connection to /server_endpoint
[rospy.internal][INFO] 2021-12-14 09:58:13,828: topic[/rosout] removing connection to /rosout
[rospy.internal][INFO] 2021-12-14 09:58:13,828: topic[/execution_check] removing connection to http://wng:45221/
[rospy.impl.masterslave][INFO] 2021-12-14 09:58:13,828: signal-2
[rospy.internal][WARNING] 2021-12-14 09:58:13,829: Unknown error initiating TCP/IP socket to wng:33879 (http://wng:45221/): Traceback (most recent call last):
  File "/opt/ros/melodic/lib/python2.7/dist-packages/rospy/impl/tcpros_base.py", line 563, in connect
    self.local_endpoint = self.socket.getsockname()
AttributeError: 'NoneType' object has no attribute 'getsockname'

[rospy.core][INFO] 2021-12-14 09:58:13,944: signal_shutdown [atexit]
