[rospy.client][INFO] 2021-09-23 16:20:59,418: init_node, name[/server_endpoint], pid[22587]
[xmlrpc][INFO] 2021-09-23 16:20:59,418: XML-RPC server binding to 0.0.0.0:0
[xmlrpc][INFO] 2021-09-23 16:20:59,418: Started XML-RPC server [http://wng:39787/]
[rospy.init][INFO] 2021-09-23 16:20:59,418: ROS Slave URI: [http://wng:39787/]
[rospy.impl.masterslave][INFO] 2021-09-23 16:20:59,418: _ready: http://wng:39787/
[rospy.registration][INFO] 2021-09-23 16:20:59,419: Registering with master node http://localhost:11311
[xmlrpc][INFO] 2021-09-23 16:20:59,419: xml rpc node: starting XML-RPC server
[rospy.init][INFO] 2021-09-23 16:20:59,519: registered with master
[rospy.rosout][INFO] 2021-09-23 16:20:59,520: initializing /rosout core topic
[rospy.rosout][INFO] 2021-09-23 16:20:59,523: connected to core topic /rosout
[rospy.simtime][INFO] 2021-09-23 16:20:59,527: /use_sim_time is not set, will not subscribe to simulated time [/clock] topic
[rosout][INFO] 2021-09-23 16:20:59,544: Starting server on 192.168.1.146:10000
[rospy.internal][INFO] 2021-09-23 16:20:59,723: topic[/rosout] adding connection to [/rosout], count 0
[rosout][INFO] 2021-09-23 16:21:09,272: Connection from 192.168.1.146
[rosout][INFO] 2021-09-23 16:21:09,278: RegisterPublisher(execution_check, <class 'panda_move.msg._ExecutionCheck.ExecutionCheck'>) OK
[rospy.internal][INFO] 2021-09-23 16:21:09,302: topic[/execution_check] adding connection to [http://wng:39787/], count 0
[rospy.internal][INFO] 2021-09-23 16:21:09,304: topic[/execution_check] adding connection to [/server_endpoint], count 0
[rospy.core][INFO] 2021-09-23 16:59:41,557: signal_shutdown [signal-2]
[rospy.internal][INFO] 2021-09-23 16:59:41,561: topic[/execution_check] removing connection to /server_endpoint
[rospy.internal][INFO] 2021-09-23 16:59:41,561: topic[/rosout] removing connection to /rosout
[rospy.internal][INFO] 2021-09-23 16:59:41,561: topic[/execution_check] removing connection to http://wng:39787/
[rospy.impl.masterslave][INFO] 2021-09-23 16:59:41,561: signal-2
[rospy.core][INFO] 2021-09-23 16:59:41,693: signal_shutdown [atexit]
