[rospy.client][INFO] 2021-12-01 16:41:33,566: init_node, name[/joint_state_publisher], pid[16900]
[xmlrpc][INFO] 2021-12-01 16:41:33,566: XML-RPC server binding to 0.0.0.0:0
[xmlrpc][INFO] 2021-12-01 16:41:33,567: Started XML-RPC server [http://wng:45827/]
[rospy.init][INFO] 2021-12-01 16:41:33,567: ROS Slave URI: [http://wng:45827/]
[rospy.impl.masterslave][INFO] 2021-12-01 16:41:33,567: _ready: http://wng:45827/
[rospy.registration][INFO] 2021-12-01 16:41:33,567: Registering with master node http://localhost:11311
[xmlrpc][INFO] 2021-12-01 16:41:33,567: xml rpc node: starting XML-RPC server
[rospy.init][INFO] 2021-12-01 16:41:33,667: registered with master
[rospy.rosout][INFO] 2021-12-01 16:41:33,667: initializing /rosout core topic
[rospy.rosout][INFO] 2021-12-01 16:41:33,669: connected to core topic /rosout
[rospy.simtime][INFO] 2021-12-01 16:41:33,670: /use_sim_time is not set, will not subscribe to simulated time [/clock] topic
[rospy.internal][INFO] 2021-12-01 16:41:33,733: topic[/move_group/fake_controller_joint_states] adding connection to [http://wng:41607/], count 0
[rospy.internal][INFO] 2021-12-01 16:41:33,863: topic[/rosout] adding connection to [/rosout], count 0
[rospy.internal][INFO] 2021-12-01 16:41:33,963: topic[/joint_states] adding connection to [/joint_state_desired_publisher], count 0
[rospy.internal][INFO] 2021-12-01 16:41:33,964: topic[/joint_states] adding connection to [/robot_state_publisher], count 1
[rospy.internal][INFO] 2021-12-01 16:42:02,422: topic[/joint_states] adding connection to [/move_group_commander_wrappers_1638344503047485574], count 2
[rospy.internal][INFO] 2021-12-01 16:54:55,692: topic[/joint_states] removing connection to /move_group_commander_wrappers_1638344503047485574
[rospy.core][INFO] 2021-12-01 16:54:57,644: signal_shutdown [signal-2]
[rospy.internal][INFO] 2021-12-01 16:54:57,649: topic[/joint_states] removing connection to /joint_state_desired_publisher
[rospy.internal][INFO] 2021-12-01 16:54:57,649: topic[/joint_states] removing connection to /robot_state_publisher
[rospy.internal][INFO] 2021-12-01 16:54:57,650: topic[/rosout] removing connection to /rosout
[rospy.internal][INFO] 2021-12-01 16:54:57,650: topic[/move_group/fake_controller_joint_states] removing connection to http://wng:41607/
[rospy.internal][WARNING] 2021-12-01 16:54:57,651: Unknown error initiating TCP/IP socket to wng:53419 (http://wng:41607/): Traceback (most recent call last):
  File "/opt/ros/melodic/lib/python2.7/dist-packages/rospy/impl/tcpros_base.py", line 562, in connect
    self.read_header()
  File "/opt/ros/melodic/lib/python2.7/dist-packages/rospy/impl/tcpros_base.py", line 657, in read_header
    self._validate_header(read_ros_handshake_header(sock, self.read_buff, self.protocol.buff_size))
AttributeError: 'NoneType' object has no attribute 'buff_size'

[rospy.topics][ERROR] 2021-12-01 16:54:57,651: Traceback (most recent call last):
  File "/opt/ros/melodic/lib/python2.7/dist-packages/rospy/topics.py", line 326, in close
    c.close()
  File "/opt/ros/melodic/lib/python2.7/dist-packages/rospy/impl/tcpros_base.py", line 846, in close
    self.socket.close()
AttributeError: 'NoneType' object has no attribute 'close'

[rospy.impl.masterslave][INFO] 2021-12-01 16:54:57,651: signal-2
[rospy.core][INFO] 2021-12-01 16:54:57,783: signal_shutdown [atexit]
