[rospy.client][INFO] 2021-12-14 09:45:16,240: init_node, name[/server_endpoint], pid[9309]
[xmlrpc][INFO] 2021-12-14 09:45:16,240: XML-RPC server binding to 0.0.0.0:0
[xmlrpc][INFO] 2021-12-14 09:45:16,241: Started XML-RPC server [http://wng:37233/]
[rospy.init][INFO] 2021-12-14 09:45:16,241: ROS Slave URI: [http://wng:37233/]
[rospy.impl.masterslave][INFO] 2021-12-14 09:45:16,241: _ready: http://wng:37233/
[rospy.registration][INFO] 2021-12-14 09:45:16,241: Registering with master node http://localhost:11311
[xmlrpc][INFO] 2021-12-14 09:45:16,241: xml rpc node: starting XML-RPC server
[rospy.init][INFO] 2021-12-14 09:45:16,341: registered with master
[rospy.rosout][INFO] 2021-12-14 09:45:16,341: initializing /rosout core topic
[rospy.rosout][INFO] 2021-12-14 09:45:16,342: connected to core topic /rosout
[rospy.simtime][INFO] 2021-12-14 09:45:16,343: /use_sim_time is not set, will not subscribe to simulated time [/clock] topic
[rosout][INFO] 2021-12-14 09:45:16,348: Starting server on 192.168.0.8:10000
[rospy.internal][INFO] 2021-12-14 09:45:16,452: topic[/rosout] adding connection to [/rosout], count 0
[rosout][INFO] 2021-12-14 09:45:49,718: Connection from 192.168.0.8
[rosout][INFO] 2021-12-14 09:45:49,722: RegisterPublisher(execution_check, <class 'panda_move.msg._ExecutionCheck.ExecutionCheck'>) OK
[rospy.internal][INFO] 2021-12-14 09:45:49,729: topic[/execution_check] adding connection to [http://wng:37233/], count 0
[rospy.internal][INFO] 2021-12-14 09:45:49,730: topic[/execution_check] adding connection to [/server_endpoint], count 0
[rospy.core][INFO] 2021-12-14 09:46:45,311: signal_shutdown [signal-2]
[rospy.internal][INFO] 2021-12-14 09:46:45,316: topic[/execution_check] removing connection to /server_endpoint
[rospy.internal][INFO] 2021-12-14 09:46:45,316: topic[/rosout] removing connection to /rosout
[rospy.internal][INFO] 2021-12-14 09:46:45,317: topic[/execution_check] removing connection to http://wng:37233/
[rospy.impl.masterslave][INFO] 2021-12-14 09:46:45,317: signal-2
[rospy.internal][WARNING] 2021-12-14 09:46:45,319: Unknown error initiating TCP/IP socket to wng:46257 (http://wng:37233/): Traceback (most recent call last):
  File "/opt/ros/melodic/lib/python2.7/dist-packages/rospy/impl/tcpros_base.py", line 563, in connect
    self.local_endpoint = self.socket.getsockname()
AttributeError: 'NoneType' object has no attribute 'getsockname'

[rospy.core][INFO] 2021-12-14 09:46:45,480: signal_shutdown [atexit]
