[rospy.client][INFO] 2021-09-18 21:35:01,798: init_node, name[/joint_state_publisher], pid[802]
[xmlrpc][INFO] 2021-09-18 21:35:01,798: XML-RPC server binding to 0.0.0.0:0
[xmlrpc][INFO] 2021-09-18 21:35:01,799: Started XML-RPC server [http://wng:35293/]
[rospy.impl.masterslave][INFO] 2021-09-18 21:35:01,799: _ready: http://wng:35293/
[xmlrpc][INFO] 2021-09-18 21:35:01,800: xml rpc node: starting XML-RPC server
[rospy.init][INFO] 2021-09-18 21:35:01,801: ROS Slave URI: [http://wng:35293/]
[rospy.registration][INFO] 2021-09-18 21:35:01,800: Registering with master node http://localhost:11311
[rospy.init][INFO] 2021-09-18 21:35:01,901: registered with master
[rospy.rosout][INFO] 2021-09-18 21:35:01,901: initializing /rosout core topic
[rospy.rosout][INFO] 2021-09-18 21:35:01,911: connected to core topic /rosout
[rospy.simtime][INFO] 2021-09-18 21:35:01,912: /use_sim_time is not set, will not subscribe to simulated time [/clock] topic
[rospy.internal][INFO] 2021-09-18 21:35:01,979: topic[/move_group/fake_controller_joint_states] adding connection to [http://wng:44815/], count 0
[rospy.internal][INFO] 2021-09-18 21:35:02,134: topic[/rosout] adding connection to [/rosout], count 0
[rospy.internal][INFO] 2021-09-18 21:35:02,138: topic[/joint_states] adding connection to [/joint_state_desired_publisher], count 0
[rospy.internal][INFO] 2021-09-18 21:35:02,230: topic[/joint_states] adding connection to [/robot_state_publisher], count 1
[rospy.core][INFO] 2021-09-18 21:35:16,003: signal_shutdown [signal-2]
[rospy.internal][INFO] 2021-09-18 21:35:16,006: topic[/joint_states] removing connection to /joint_state_desired_publisher
[rospy.internal][INFO] 2021-09-18 21:35:16,006: topic[/joint_states] removing connection to /robot_state_publisher
[rospy.internal][INFO] 2021-09-18 21:35:16,006: topic[/rosout] removing connection to /rosout
[rospy.internal][INFO] 2021-09-18 21:35:16,006: topic[/move_group/fake_controller_joint_states] removing connection to http://wng:44815/
[rospy.impl.masterslave][INFO] 2021-09-18 21:35:16,006: signal-2
[rospy.core][INFO] 2021-09-18 21:35:16,622: signal_shutdown [atexit]
