[rospy.client][INFO] 2021-11-29 09:53:49,512: init_node, name[/server_endpoint], pid[12700]
[xmlrpc][INFO] 2021-11-29 09:53:49,513: XML-RPC server binding to 0.0.0.0:0
[xmlrpc][INFO] 2021-11-29 09:53:49,513: Started XML-RPC server [http://wng:33813/]
[rospy.init][INFO] 2021-11-29 09:53:49,513: ROS Slave URI: [http://wng:33813/]
[rospy.impl.masterslave][INFO] 2021-11-29 09:53:49,513: _ready: http://wng:33813/
[rospy.registration][INFO] 2021-11-29 09:53:49,513: Registering with master node http://localhost:11311
[xmlrpc][INFO] 2021-11-29 09:53:49,513: xml rpc node: starting XML-RPC server
[rospy.init][INFO] 2021-11-29 09:53:49,613: registered with master
[rospy.rosout][INFO] 2021-11-29 09:53:49,613: initializing /rosout core topic
[rospy.rosout][INFO] 2021-11-29 09:53:49,614: connected to core topic /rosout
[rospy.simtime][INFO] 2021-11-29 09:53:49,615: /use_sim_time is not set, will not subscribe to simulated time [/clock] topic
[rosout][INFO] 2021-11-29 09:53:49,619: Starting server on 192.168.1.146:10000
[rospy.internal][INFO] 2021-11-29 09:53:49,865: topic[/rosout] adding connection to [/rosout], count 0
[rosout][INFO] 2021-11-29 09:54:01,454: Connection from 192.168.1.146
[rosout][INFO] 2021-11-29 09:54:01,459: RegisterPublisher(execution_check, <class 'panda_move.msg._ExecutionCheck.ExecutionCheck'>) OK
[rospy.internal][INFO] 2021-11-29 09:54:01,496: topic[/execution_check] adding connection to [http://wng:33813/], count 0
[rospy.internal][INFO] 2021-11-29 09:54:01,497: topic[/execution_check] adding connection to [/server_endpoint], count 0
[rospy.core][INFO] 2021-11-29 10:13:09,741: signal_shutdown [signal-2]
[rospy.internal][INFO] 2021-11-29 10:13:09,744: topic[/execution_check] removing connection to /server_endpoint
[rospy.internal][INFO] 2021-11-29 10:13:09,744: topic[/rosout] removing connection to /rosout
[rospy.internal][INFO] 2021-11-29 10:13:09,744: topic[/execution_check] removing connection to http://wng:33813/
[rospy.internal][WARNING] 2021-11-29 10:13:09,744: Unknown error initiating TCP/IP socket to wng:40979 (http://wng:33813/): Traceback (most recent call last):
  File "/opt/ros/melodic/lib/python2.7/dist-packages/rospy/impl/tcpros_base.py", line 562, in connect
    self.read_header()
  File "/opt/ros/melodic/lib/python2.7/dist-packages/rospy/impl/tcpros_base.py", line 657, in read_header
    self._validate_header(read_ros_handshake_header(sock, self.read_buff, self.protocol.buff_size))
AttributeError: 'NoneType' object has no attribute 'buff_size'

[rospy.topics][ERROR] 2021-11-29 10:13:09,745: Traceback (most recent call last):
  File "/opt/ros/melodic/lib/python2.7/dist-packages/rospy/topics.py", line 326, in close
    c.close()
  File "/opt/ros/melodic/lib/python2.7/dist-packages/rospy/impl/tcpros_base.py", line 846, in close
    self.socket.close()
AttributeError: 'NoneType' object has no attribute 'close'

[rospy.impl.masterslave][INFO] 2021-11-29 10:13:09,745: signal-2
[rospy.core][INFO] 2021-11-29 10:13:09,908: signal_shutdown [atexit]
