[rospy.client][INFO] 2021-09-26 11:53:20,407: init_node, name[/joint_state_publisher], pid[6141]
[xmlrpc][INFO] 2021-09-26 11:53:20,407: XML-RPC server binding to 0.0.0.0:0
[xmlrpc][INFO] 2021-09-26 11:53:20,407: Started XML-RPC server [http://wng:42217/]
[rospy.init][INFO] 2021-09-26 11:53:20,407: ROS Slave URI: [http://wng:42217/]
[rospy.impl.masterslave][INFO] 2021-09-26 11:53:20,407: _ready: http://wng:42217/
[xmlrpc][INFO] 2021-09-26 11:53:20,408: xml rpc node: starting XML-RPC server
[rospy.registration][INFO] 2021-09-26 11:53:20,408: Registering with master node http://localhost:11311
[rospy.init][INFO] 2021-09-26 11:53:20,507: registered with master
[rospy.rosout][INFO] 2021-09-26 11:53:20,508: initializing /rosout core topic
[rospy.rosout][INFO] 2021-09-26 11:53:20,510: connected to core topic /rosout
[rospy.simtime][INFO] 2021-09-26 11:53:20,510: /use_sim_time is not set, will not subscribe to simulated time [/clock] topic
[rospy.internal][INFO] 2021-09-26 11:53:20,572: topic[/move_group/fake_controller_joint_states] adding connection to [http://wng:41055/], count 0
[rospy.internal][INFO] 2021-09-26 11:53:20,763: topic[/rosout] adding connection to [/rosout], count 0
[rospy.internal][INFO] 2021-09-26 11:53:20,763: topic[/joint_states] adding connection to [/joint_state_desired_publisher], count 0
[rospy.internal][INFO] 2021-09-26 11:53:20,763: topic[/joint_states] adding connection to [/robot_state_publisher], count 1
[rospy.internal][INFO] 2021-09-26 11:54:14,482: topic[/joint_states] adding connection to [/move_group_commander_wrappers_1632624827100279162], count 2
[rospy.internal][INFO] 2021-09-26 12:26:03,925: topic[/joint_states] removing connection to /move_group_commander_wrappers_1632624827100279162
[rospy.core][INFO] 2021-09-26 12:26:15,511: signal_shutdown [signal-2]
[rospy.internal][INFO] 2021-09-26 12:26:15,515: topic[/joint_states] removing connection to /joint_state_desired_publisher
[rospy.internal][INFO] 2021-09-26 12:26:15,520: topic[/joint_states] removing connection to /robot_state_publisher
[rospy.internal][INFO] 2021-09-26 12:26:15,521: topic[/rosout] removing connection to /rosout
[rospy.internal][INFO] 2021-09-26 12:26:15,521: topic[/move_group/fake_controller_joint_states] removing connection to http://wng:41055/
[rospy.impl.masterslave][INFO] 2021-09-26 12:26:15,521: signal-2
[rospy.core][INFO] 2021-09-26 12:26:15,624: signal_shutdown [atexit]
