[rospy.client][INFO] 2021-09-26 11:53:20,898: init_node, name[/server_endpoint], pid[6139]
[xmlrpc][INFO] 2021-09-26 11:53:20,898: XML-RPC server binding to 0.0.0.0:0
[xmlrpc][INFO] 2021-09-26 11:53:20,898: Started XML-RPC server [http://wng:42435/]
[rospy.init][INFO] 2021-09-26 11:53:20,898: ROS Slave URI: [http://wng:42435/]
[rospy.impl.masterslave][INFO] 2021-09-26 11:53:20,898: _ready: http://wng:42435/
[rospy.registration][INFO] 2021-09-26 11:53:20,898: Registering with master node http://localhost:11311
[xmlrpc][INFO] 2021-09-26 11:53:20,899: xml rpc node: starting XML-RPC server
[rospy.init][INFO] 2021-09-26 11:53:20,999: registered with master
[rospy.rosout][INFO] 2021-09-26 11:53:20,999: initializing /rosout core topic
[rospy.rosout][INFO] 2021-09-26 11:53:21,000: connected to core topic /rosout
[rospy.simtime][INFO] 2021-09-26 11:53:21,001: /use_sim_time is not set, will not subscribe to simulated time [/clock] topic
[rosout][INFO] 2021-09-26 11:53:21,012: Starting server on 192.168.1.146:10000
[rospy.internal][INFO] 2021-09-26 11:53:21,268: topic[/rosout] adding connection to [/rosout], count 0
[rosout][INFO] 2021-09-26 11:53:59,533: Connection from 192.168.1.146
[rosout][INFO] 2021-09-26 11:53:59,537: RegisterPublisher(execution_check, <class 'panda_move.msg._ExecutionCheck.ExecutionCheck'>) OK
[rospy.internal][INFO] 2021-09-26 11:53:59,546: topic[/execution_check] adding connection to [http://wng:42435/], count 0
[rospy.internal][INFO] 2021-09-26 11:53:59,547: topic[/execution_check] adding connection to [/server_endpoint], count 0
[rospy.core][INFO] 2021-09-26 12:26:15,511: signal_shutdown [signal-2]
[rospy.internal][INFO] 2021-09-26 12:26:15,515: topic[/execution_check] removing connection to /server_endpoint
[rospy.internal][INFO] 2021-09-26 12:26:15,515: topic[/rosout] removing connection to /rosout
[rospy.internal][INFO] 2021-09-26 12:26:15,516: topic[/execution_check] removing connection to http://wng:42435/
[rospy.impl.masterslave][INFO] 2021-09-26 12:26:15,516: signal-2
[rospy.internal][ERROR] 2021-09-26 12:26:15,516: Unable to initiate TCP/IP socket to wng:44719 (http://wng:42435/): Traceback (most recent call last):
  File "/opt/ros/melodic/lib/python2.7/dist-packages/rospy/impl/tcpros_base.py", line 562, in connect
    self.read_header()
  File "/opt/ros/melodic/lib/python2.7/dist-packages/rospy/impl/tcpros_base.py", line 657, in read_header
    self._validate_header(read_ros_handshake_header(sock, self.read_buff, self.protocol.buff_size))
  File "/opt/ros/melodic/lib/python2.7/dist-packages/rospy/impl/tcpros_base.py", line 600, in _validate_header
    raise TransportInitError("remote error reported: %s"%header['error'])
TransportInitError: remote error reported: node shutting down

[rospy.core][INFO] 2021-09-26 12:26:15,624: signal_shutdown [atexit]
