[rospy.client][INFO] 2021-11-26 08:33:04,928: init_node, name[/joint_state_publisher], pid[27906]
[xmlrpc][INFO] 2021-11-26 08:33:04,928: XML-RPC server binding to 0.0.0.0:0
[xmlrpc][INFO] 2021-11-26 08:33:04,928: Started XML-RPC server [http://wng:34849/]
[rospy.init][INFO] 2021-11-26 08:33:04,928: ROS Slave URI: [http://wng:34849/]
[rospy.impl.masterslave][INFO] 2021-11-26 08:33:04,928: _ready: http://wng:34849/
[xmlrpc][INFO] 2021-11-26 08:33:04,929: xml rpc node: starting XML-RPC server
[rospy.registration][INFO] 2021-11-26 08:33:04,929: Registering with master node http://localhost:11311
[rospy.init][INFO] 2021-11-26 08:33:05,029: registered with master
[rospy.rosout][INFO] 2021-11-26 08:33:05,029: initializing /rosout core topic
[rospy.rosout][INFO] 2021-11-26 08:33:05,030: connected to core topic /rosout
[rospy.simtime][INFO] 2021-11-26 08:33:05,031: /use_sim_time is not set, will not subscribe to simulated time [/clock] topic
[rospy.internal][INFO] 2021-11-26 08:33:05,097: topic[/move_group/fake_controller_joint_states] adding connection to [http://wng:46495/], count 0
[rospy.internal][INFO] 2021-11-26 08:33:05,238: topic[/rosout] adding connection to [/rosout], count 0
[rospy.internal][INFO] 2021-11-26 08:33:05,338: topic[/joint_states] adding connection to [/robot_state_publisher], count 0
[rospy.internal][INFO] 2021-11-26 08:33:05,338: topic[/joint_states] adding connection to [/joint_state_desired_publisher], count 1
[rospy.internal][INFO] 2021-11-26 08:33:40,247: topic[/joint_states] adding connection to [/move_group_commander_wrappers_1637883194041287562], count 2
[rospy.internal][INFO] 2021-11-26 09:05:26,051: topic[/joint_states] removing connection to /move_group_commander_wrappers_1637883194041287562
[rospy.core][INFO] 2021-11-26 09:09:21,826: signal_shutdown [signal-2]
[rospy.internal][INFO] 2021-11-26 09:09:21,828: topic[/joint_states] removing connection to /robot_state_publisher
[rospy.internal][INFO] 2021-11-26 09:09:21,828: topic[/joint_states] removing connection to /joint_state_desired_publisher
[rospy.internal][INFO] 2021-11-26 09:09:21,828: topic[/rosout] removing connection to /rosout
[rospy.internal][INFO] 2021-11-26 09:09:21,829: topic[/move_group/fake_controller_joint_states] removing connection to http://wng:46495/
[rospy.impl.masterslave][INFO] 2021-11-26 09:09:21,829: signal-2
[rospy.core][INFO] 2021-11-26 09:09:21,961: signal_shutdown [atexit]
