[rospy.client][INFO] 2021-09-06 16:12:04,574: init_node, name[/joint_state_publisher], pid[32508]
[xmlrpc][INFO] 2021-09-06 16:12:04,575: XML-RPC server binding to 0.0.0.0:0
[xmlrpc][INFO] 2021-09-06 16:12:04,575: Started XML-RPC server [http://wng:33923/]
[rospy.init][INFO] 2021-09-06 16:12:04,575: ROS Slave URI: [http://wng:33923/]
[rospy.impl.masterslave][INFO] 2021-09-06 16:12:04,575: _ready: http://wng:33923/
[xmlrpc][INFO] 2021-09-06 16:12:04,576: xml rpc node: starting XML-RPC server
[rospy.registration][INFO] 2021-09-06 16:12:04,576: Registering with master node http://localhost:11311
[rospy.init][INFO] 2021-09-06 16:12:04,675: registered with master
[rospy.rosout][INFO] 2021-09-06 16:12:04,676: initializing /rosout core topic
[rospy.rosout][INFO] 2021-09-06 16:12:04,678: connected to core topic /rosout
[rospy.simtime][INFO] 2021-09-06 16:12:04,678: /use_sim_time is not set, will not subscribe to simulated time [/clock] topic
[rospy.internal][INFO] 2021-09-06 16:12:04,740: topic[/move_group/fake_controller_joint_states] adding connection to [http://wng:44843/], count 0
[rospy.internal][INFO] 2021-09-06 16:12:04,955: topic[/rosout] adding connection to [/rosout], count 0
[rospy.internal][INFO] 2021-09-06 16:12:04,958: topic[/joint_states] adding connection to [/joint_state_desired_publisher], count 0
[rospy.internal][INFO] 2021-09-06 16:12:04,958: topic[/joint_states] adding connection to [/robot_state_publisher], count 1
[rospy.core][INFO] 2021-09-06 16:12:41,002: signal_shutdown [signal-2]
[rospy.internal][INFO] 2021-09-06 16:12:41,005: topic[/joint_states] removing connection to /joint_state_desired_publisher
[rospy.internal][INFO] 2021-09-06 16:12:41,005: topic[/joint_states] removing connection to /robot_state_publisher
[rospy.internal][INFO] 2021-09-06 16:12:41,005: topic[/rosout] removing connection to /rosout
[rospy.internal][INFO] 2021-09-06 16:12:41,005: topic[/move_group/fake_controller_joint_states] removing connection to http://wng:44843/
[rospy.impl.masterslave][INFO] 2021-09-06 16:12:41,006: signal-2
[rospy.core][INFO] 2021-09-06 16:12:41,121: signal_shutdown [atexit]
