[rospy.client][INFO] 2021-09-06 16:12:13,273: init_node, name[/PandaMove], pid[32507]
[xmlrpc][INFO] 2021-09-06 16:12:13,273: XML-RPC server binding to 0.0.0.0:0
[xmlrpc][INFO] 2021-09-06 16:12:13,274: Started XML-RPC server [http://wng:35653/]
[rospy.impl.masterslave][INFO] 2021-09-06 16:12:13,274: _ready: http://wng:35653/
[rospy.registration][INFO] 2021-09-06 16:12:13,274: Registering with master node http://localhost:11311
[xmlrpc][INFO] 2021-09-06 16:12:13,275: xml rpc node: starting XML-RPC server
[rospy.init][INFO] 2021-09-06 16:12:13,277: ROS Slave URI: [http://wng:35653/]
[rospy.init][INFO] 2021-09-06 16:12:13,277: registered with master
[rospy.rosout][INFO] 2021-09-06 16:12:13,277: initializing /rosout core topic
[rospy.rosout][INFO] 2021-09-06 16:12:13,285: connected to core topic /rosout
[rospy.simtime][INFO] 2021-09-06 16:12:13,286: /use_sim_time is not set, will not subscribe to simulated time [/clock] topic
[rospy.internal][INFO] 2021-09-06 16:12:15,117: topic[/attached_collision_object] adding connection to [/move_group], count 0
[rospy.internal][INFO] 2021-09-06 16:12:15,125: topic[/collision_object] adding connection to [/move_group], count 0
[rospy.internal][INFO] 2021-09-06 16:12:15,130: topic[/rosout] adding connection to [/rosout], count 0
[rospy.internal][INFO] 2021-09-06 16:12:15,221: topic[/tf_static] adding connection to [/rviz_wng_32472_5739996599066738449], count 0
[rosout][INFO] 2021-09-06 16:12:15,210: wait for update_place_pose_state
[rospy.internal][INFO] 2021-09-06 16:12:15,230: topic[/tf_static] adding connection to [/move_group], count 1
[rospy.internal][INFO] 2021-09-06 16:12:15,247: topic[/tf_static] adding connection to [/move_group_commander_wrappers_1630912333218300877], count 2
[rospy.internal][INFO] 2021-09-06 16:12:15,413: topic[/action] adding connection to [/rviz_wng_32472_5739996599066738449], count 0
[rosout][INFO] 2021-09-06 16:12:15,926: pan
[rosout][INFO] 2021-09-06 16:12:15,947: wait for update_place_pose_state
[rosout][INFO] 2021-09-06 16:12:16,654: pot
[rosout][INFO] 2021-09-06 16:12:16,684: wait for update_place_pose_state
[rosout][INFO] 2021-09-06 16:12:17,396: plate
[rosout][INFO] 2021-09-06 16:12:17,413: wait for update_place_pose_state
[rosout][INFO] 2021-09-06 16:12:18,136: bowl
[rosout][INFO] 2021-09-06 16:12:18,167: wait for update_place_pose_state
[rosout][INFO] 2021-09-06 16:12:18,888: spatula
[rosout][INFO] 2021-09-06 16:12:18,895: wait for update_place_pose_state
[rosout][INFO] 2021-09-06 16:12:19,623: spreader
[rosout][INFO] 2021-09-06 16:12:19,637: wait for update_place_pose_state
[rosout][INFO] 2021-09-06 16:12:20,393: scooper
[rosout][INFO] 2021-09-06 16:12:20,409: wait for update_place_pose_state
[rosout][INFO] 2021-09-06 16:12:21,144: knife
[rosout][INFO] 2021-09-06 16:12:21,165: wait for update_place_pose_state
[rosout][INFO] 2021-09-06 16:12:21,921: cutting_board
[rosout][INFO] 2021-09-06 16:12:21,931: wait for update_place_pose_state
[rosout][INFO] 2021-09-06 16:12:22,677: onion
[rosout][INFO] 2021-09-06 16:12:22,696: wait for update_place_pose_state
[rosout][INFO] 2021-09-06 16:12:23,468: spinach
[rosout][INFO] 2021-09-06 16:12:23,482: wait for update_place_pose_state
[rosout][INFO] 2021-09-06 16:12:24,235: green_pepper
[rosout][INFO] 2021-09-06 16:12:24,258: wait for update_place_pose_state
[rosout][INFO] 2021-09-06 16:12:25,043: cheese
[rosout][INFO] 2021-09-06 16:12:25,049: wait for update_place_pose_state
[rosout][INFO] 2021-09-06 16:12:25,820: oregano
[rosout][INFO] 2021-09-06 16:12:26,002: wait for update_place_pose_state
[rosout][INFO] 2021-09-06 16:12:26,790: black_olive
[rosout][INFO] 2021-09-06 16:12:26,803: wait for update_place_pose_state
[rosout][INFO] 2021-09-06 16:12:27,572: tomato
[rosout][INFO] 2021-09-06 16:12:27,582: wait for update_place_pose_state
[rosout][INFO] 2021-09-06 16:12:28,393: chopped_onion
[rosout][INFO] 2021-09-06 16:12:28,407: wait for update_place_pose_state
[rosout][INFO] 2021-09-06 16:12:29,230: chopped_spinach
[rosout][INFO] 2021-09-06 16:12:29,275: wait for update_place_pose_state
[rosout][ERROR] 2021-09-06 16:12:30,098: 'chopped_green_pepper'
[rosout][INFO] 2021-09-06 16:12:30,099: wait for update_place_pose_state
[rosout][ERROR] 2021-09-06 16:12:30,916: 'chopped_cheese'
[rosout][INFO] 2021-09-06 16:12:30,918: wait for update_place_pose_state
[rosout][INFO] 2021-09-06 16:12:31,711: chopped_tomato
[rospy.core][INFO] 2021-09-06 16:12:41,017: signal_shutdown [signal-2]
[rospy.internal][INFO] 2021-09-06 16:12:41,023: topic[/collision_object] removing connection to /move_group
[rospy.internal][INFO] 2021-09-06 16:12:41,023: topic[/rosout] removing connection to /rosout
[rospy.internal][INFO] 2021-09-06 16:12:41,024: topic[/tf_static] removing connection to /rviz_wng_32472_5739996599066738449
[rospy.internal][INFO] 2021-09-06 16:12:41,024: topic[/tf_static] removing connection to /move_group
[rospy.internal][INFO] 2021-09-06 16:12:41,024: topic[/tf_static] removing connection to /move_group_commander_wrappers_1630912333218300877
[rospy.internal][INFO] 2021-09-06 16:12:41,024: topic[/attached_collision_object] removing connection to /move_group
[rospy.internal][INFO] 2021-09-06 16:12:41,025: topic[/action] removing connection to /rviz_wng_32472_5739996599066738449
[rospy.impl.masterslave][INFO] 2021-09-06 16:12:41,025: signal-2
[rospy.core][INFO] 2021-09-06 16:12:56,041: signal_shutdown [signal-15]
