[rospy.client][INFO] 2021-09-17 10:25:45,711: init_node, name[/joint_state_publisher], pid[29432]
[xmlrpc][INFO] 2021-09-17 10:25:45,711: XML-RPC server binding to 0.0.0.0:0
[xmlrpc][INFO] 2021-09-17 10:25:45,712: Started XML-RPC server [http://wng:38519/]
[rospy.init][INFO] 2021-09-17 10:25:45,712: ROS Slave URI: [http://wng:38519/]
[rospy.impl.masterslave][INFO] 2021-09-17 10:25:45,712: _ready: http://wng:38519/
[rospy.registration][INFO] 2021-09-17 10:25:45,712: Registering with master node http://localhost:11311
[xmlrpc][INFO] 2021-09-17 10:25:45,712: xml rpc node: starting XML-RPC server
[rospy.init][INFO] 2021-09-17 10:25:45,812: registered with master
[rospy.rosout][INFO] 2021-09-17 10:25:45,812: initializing /rosout core topic
[rospy.rosout][INFO] 2021-09-17 10:25:45,814: connected to core topic /rosout
[rospy.simtime][INFO] 2021-09-17 10:25:45,815: /use_sim_time is not set, will not subscribe to simulated time [/clock] topic
[rospy.internal][INFO] 2021-09-17 10:25:45,877: topic[/move_group/fake_controller_joint_states] adding connection to [http://wng:43827/], count 0
[rospy.internal][INFO] 2021-09-17 10:25:45,966: topic[/rosout] adding connection to [/rosout], count 0
[rospy.internal][INFO] 2021-09-17 10:25:46,067: topic[/joint_states] adding connection to [/joint_state_desired_publisher], count 0
[rospy.internal][INFO] 2021-09-17 10:25:46,067: topic[/joint_states] adding connection to [/robot_state_publisher], count 1
[rospy.internal][INFO] 2021-09-17 10:26:36,373: topic[/joint_states] adding connection to [/move_group_commander_wrappers_1631841953377769371], count 2
[rospy.core][INFO] 2021-09-17 10:43:19,240: signal_shutdown [signal-2]
[rospy.internal][INFO] 2021-09-17 10:43:19,244: topic[/joint_states] removing connection to /joint_state_desired_publisher
[rospy.internal][INFO] 2021-09-17 10:43:19,249: topic[/joint_states] removing connection to /robot_state_publisher
[rospy.internal][INFO] 2021-09-17 10:43:19,249: topic[/joint_states] removing connection to /move_group_commander_wrappers_1631841953377769371
[rospy.internal][INFO] 2021-09-17 10:43:19,249: topic[/rosout] removing connection to /rosout
[rospy.internal][INFO] 2021-09-17 10:43:19,250: topic[/move_group/fake_controller_joint_states] removing connection to http://wng:43827/
[rospy.impl.masterslave][INFO] 2021-09-17 10:43:19,253: signal-2
[rospy.core][INFO] 2021-09-17 10:43:19,353: signal_shutdown [atexit]
