[rospy.client][INFO] 2021-09-17 10:25:46,170: init_node, name[/server_endpoint], pid[29430]
[xmlrpc][INFO] 2021-09-17 10:25:46,171: XML-RPC server binding to 0.0.0.0:0
[xmlrpc][INFO] 2021-09-17 10:25:46,171: Started XML-RPC server [http://wng:36535/]
[rospy.init][INFO] 2021-09-17 10:25:46,171: ROS Slave URI: [http://wng:36535/]
[rospy.impl.masterslave][INFO] 2021-09-17 10:25:46,171: _ready: http://wng:36535/
[rospy.registration][INFO] 2021-09-17 10:25:46,171: Registering with master node http://localhost:11311
[xmlrpc][INFO] 2021-09-17 10:25:46,172: xml rpc node: starting XML-RPC server
[rospy.init][INFO] 2021-09-17 10:25:46,271: registered with master
[rospy.rosout][INFO] 2021-09-17 10:25:46,272: initializing /rosout core topic
[rospy.rosout][INFO] 2021-09-17 10:25:46,272: connected to core topic /rosout
[rospy.simtime][INFO] 2021-09-17 10:25:46,273: /use_sim_time is not set, will not subscribe to simulated time [/clock] topic
[rosout][INFO] 2021-09-17 10:25:46,278: Starting server on 192.168.1.146:10000
[rospy.internal][INFO] 2021-09-17 10:25:46,572: topic[/rosout] adding connection to [/rosout], count 0
[rosout][INFO] 2021-09-17 10:26:25,317: Connection from 192.168.1.146
[rosout][INFO] 2021-09-17 10:26:25,321: RegisterPublisher(execution_check, <class 'panda_move.msg._ExecutionCheck.ExecutionCheck'>) OK
[rospy.internal][INFO] 2021-09-17 10:26:25,365: topic[/execution_check] adding connection to [http://wng:36535/], count 0
[rospy.internal][INFO] 2021-09-17 10:26:25,366: topic[/execution_check] adding connection to [/server_endpoint], count 0
[rospy.core][INFO] 2021-09-17 10:43:19,241: signal_shutdown [signal-2]
[rospy.internal][INFO] 2021-09-17 10:43:19,248: topic[/execution_check] removing connection to /server_endpoint
[rospy.internal][ERROR] 2021-09-17 10:43:19,248: Unable to initiate TCP/IP socket to wng:43003 (http://wng:36535/): Traceback (most recent call last):
  File "/opt/ros/melodic/lib/python2.7/dist-packages/rospy/impl/tcpros_base.py", line 562, in connect
    self.read_header()
  File "/opt/ros/melodic/lib/python2.7/dist-packages/rospy/impl/tcpros_base.py", line 657, in read_header
    self._validate_header(read_ros_handshake_header(sock, self.read_buff, self.protocol.buff_size))
  File "/opt/ros/melodic/lib/python2.7/dist-packages/rospy/impl/tcpros_base.py", line 600, in _validate_header
    raise TransportInitError("remote error reported: %s"%header['error'])
TransportInitError: remote error reported: node shutting down

[rospy.internal][INFO] 2021-09-17 10:43:19,248: topic[/rosout] removing connection to /rosout
[rospy.internal][INFO] 2021-09-17 10:43:19,249: topic[/execution_check] removing connection to http://wng:36535/
[rospy.impl.masterslave][INFO] 2021-09-17 10:43:19,249: signal-2
[rospy.core][INFO] 2021-09-17 10:43:19,350: signal_shutdown [atexit]
