[rospy.client][INFO] 2021-12-14 10:53:19,526: init_node, name[/joint_state_publisher], pid[22068]
[xmlrpc][INFO] 2021-12-14 10:53:19,527: XML-RPC server binding to 0.0.0.0:0
[xmlrpc][INFO] 2021-12-14 10:53:19,527: Started XML-RPC server [http://wng:36005/]
[rospy.init][INFO] 2021-12-14 10:53:19,527: ROS Slave URI: [http://wng:36005/]
[rospy.impl.masterslave][INFO] 2021-12-14 10:53:19,527: _ready: http://wng:36005/
[rospy.registration][INFO] 2021-12-14 10:53:19,527: Registering with master node http://localhost:11311
[xmlrpc][INFO] 2021-12-14 10:53:19,528: xml rpc node: starting XML-RPC server
[rospy.init][INFO] 2021-12-14 10:53:19,627: registered with master
[rospy.rosout][INFO] 2021-12-14 10:53:19,628: initializing /rosout core topic
[rospy.rosout][INFO] 2021-12-14 10:53:19,630: connected to core topic /rosout
[rospy.simtime][INFO] 2021-12-14 10:53:19,631: /use_sim_time is not set, will not subscribe to simulated time [/clock] topic
[rospy.internal][INFO] 2021-12-14 10:53:19,693: topic[/move_group/fake_controller_joint_states] adding connection to [http://wng:36161/], count 0
[rospy.internal][INFO] 2021-12-14 10:53:19,793: topic[/rosout] adding connection to [/rosout], count 0
[rospy.internal][INFO] 2021-12-14 10:53:19,894: topic[/joint_states] adding connection to [/joint_state_desired_publisher], count 0
[rospy.internal][INFO] 2021-12-14 10:53:19,895: topic[/joint_states] adding connection to [/robot_state_publisher], count 1
[rospy.internal][INFO] 2021-12-14 10:53:54,265: topic[/joint_states] adding connection to [/move_group_commander_wrappers_1639446808076532133], count 2
[rospy.core][INFO] 2021-12-14 10:54:51,242: signal_shutdown [signal-2]
[rospy.internal][INFO] 2021-12-14 10:54:51,246: topic[/joint_states] removing connection to /joint_state_desired_publisher
[rospy.internal][INFO] 2021-12-14 10:54:51,246: topic[/joint_states] removing connection to /robot_state_publisher
[rospy.internal][INFO] 2021-12-14 10:54:51,246: topic[/joint_states] removing connection to /move_group_commander_wrappers_1639446808076532133
[rospy.internal][INFO] 2021-12-14 10:54:51,251: topic[/rosout] removing connection to /rosout
[rospy.internal][INFO] 2021-12-14 10:54:51,251: topic[/move_group/fake_controller_joint_states] removing connection to http://wng:36161/
[rospy.internal][WARNING] 2021-12-14 10:54:51,252: Unknown error initiating TCP/IP socket to wng:59917 (http://wng:36161/): Traceback (most recent call last):
  File "/opt/ros/melodic/lib/python2.7/dist-packages/rospy/impl/tcpros_base.py", line 562, in connect
    self.read_header()
  File "/opt/ros/melodic/lib/python2.7/dist-packages/rospy/impl/tcpros_base.py", line 657, in read_header
    self._validate_header(read_ros_handshake_header(sock, self.read_buff, self.protocol.buff_size))
AttributeError: 'NoneType' object has no attribute 'buff_size'

[rospy.topics][ERROR] 2021-12-14 10:54:51,252: Traceback (most recent call last):
  File "/opt/ros/melodic/lib/python2.7/dist-packages/rospy/topics.py", line 326, in close
    c.close()
  File "/opt/ros/melodic/lib/python2.7/dist-packages/rospy/impl/tcpros_base.py", line 846, in close
    self.socket.close()
AttributeError: 'NoneType' object has no attribute 'close'

[rospy.impl.masterslave][INFO] 2021-12-14 10:54:51,253: signal-2
[rospy.core][INFO] 2021-12-14 10:54:51,353: signal_shutdown [atexit]
