[rospy.client][INFO] 2021-12-14 10:53:19,769: init_node, name[/server_endpoint], pid[22066]
[xmlrpc][INFO] 2021-12-14 10:53:19,770: XML-RPC server binding to 0.0.0.0:0
[xmlrpc][INFO] 2021-12-14 10:53:19,770: Started XML-RPC server [http://wng:43813/]
[rospy.init][INFO] 2021-12-14 10:53:19,770: ROS Slave URI: [http://wng:43813/]
[rospy.impl.masterslave][INFO] 2021-12-14 10:53:19,770: _ready: http://wng:43813/
[rospy.registration][INFO] 2021-12-14 10:53:19,771: Registering with master node http://localhost:11311
[xmlrpc][INFO] 2021-12-14 10:53:19,771: xml rpc node: starting XML-RPC server
[rospy.init][INFO] 2021-12-14 10:53:19,871: registered with master
[rospy.rosout][INFO] 2021-12-14 10:53:19,871: initializing /rosout core topic
[rospy.rosout][INFO] 2021-12-14 10:53:19,872: connected to core topic /rosout
[rospy.simtime][INFO] 2021-12-14 10:53:19,873: /use_sim_time is not set, will not subscribe to simulated time [/clock] topic
[rosout][INFO] 2021-12-14 10:53:19,878: Starting server on 192.168.0.8:10000
[rospy.internal][INFO] 2021-12-14 10:53:20,095: topic[/rosout] adding connection to [/rosout], count 0
[rosout][INFO] 2021-12-14 10:53:22,702: Connection from 192.168.0.8
[rosout][INFO] 2021-12-14 10:53:22,707: RegisterPublisher(execution_check, <class 'panda_move.msg._ExecutionCheck.ExecutionCheck'>) OK
[rospy.internal][INFO] 2021-12-14 10:53:22,851: topic[/execution_check] adding connection to [http://wng:43813/], count 0
[rospy.internal][INFO] 2021-12-14 10:53:22,852: topic[/execution_check] adding connection to [/server_endpoint], count 0
[rospy.core][INFO] 2021-12-14 10:54:51,242: signal_shutdown [signal-2]
[rospy.internal][INFO] 2021-12-14 10:54:51,247: topic[/execution_check] removing connection to /server_endpoint
[rospy.internal][INFO] 2021-12-14 10:54:51,247: topic[/rosout] removing connection to /rosout
[rospy.internal][INFO] 2021-12-14 10:54:51,248: topic[/execution_check] removing connection to http://wng:43813/
[rospy.impl.masterslave][INFO] 2021-12-14 10:54:51,248: signal-2
[rospy.internal][ERROR] 2021-12-14 10:54:51,248: Unable to initiate TCP/IP socket to wng:42639 (http://wng:43813/): Traceback (most recent call last):
  File "/opt/ros/melodic/lib/python2.7/dist-packages/rospy/impl/tcpros_base.py", line 562, in connect
    self.read_header()
  File "/opt/ros/melodic/lib/python2.7/dist-packages/rospy/impl/tcpros_base.py", line 657, in read_header
    self._validate_header(read_ros_handshake_header(sock, self.read_buff, self.protocol.buff_size))
  File "/opt/ros/melodic/lib/python2.7/dist-packages/rospy/impl/tcpros_base.py", line 600, in _validate_header
    raise TransportInitError("remote error reported: %s"%header['error'])
TransportInitError: remote error reported: node shutting down

[rospy.core][INFO] 2021-12-14 10:54:51,412: signal_shutdown [atexit]
