[rospy.client][INFO] 2021-09-25 20:28:19,484: init_node, name[/joint_state_publisher], pid[25062]
[xmlrpc][INFO] 2021-09-25 20:28:19,484: XML-RPC server binding to 0.0.0.0:0
[xmlrpc][INFO] 2021-09-25 20:28:19,484: Started XML-RPC server [http://wng:33675/]
[rospy.init][INFO] 2021-09-25 20:28:19,484: ROS Slave URI: [http://wng:33675/]
[rospy.impl.masterslave][INFO] 2021-09-25 20:28:19,484: _ready: http://wng:33675/
[xmlrpc][INFO] 2021-09-25 20:28:19,485: xml rpc node: starting XML-RPC server
[rospy.registration][INFO] 2021-09-25 20:28:19,485: Registering with master node http://localhost:11311
[rospy.init][INFO] 2021-09-25 20:28:19,585: registered with master
[rospy.rosout][INFO] 2021-09-25 20:28:19,585: initializing /rosout core topic
[rospy.rosout][INFO] 2021-09-25 20:28:19,587: connected to core topic /rosout
[rospy.simtime][INFO] 2021-09-25 20:28:19,588: /use_sim_time is not set, will not subscribe to simulated time [/clock] topic
[rospy.internal][INFO] 2021-09-25 20:28:19,649: topic[/move_group/fake_controller_joint_states] adding connection to [http://wng:38341/], count 0
[rospy.internal][INFO] 2021-09-25 20:28:19,842: topic[/rosout] adding connection to [/rosout], count 0
[rospy.internal][INFO] 2021-09-25 20:28:19,848: topic[/joint_states] adding connection to [/joint_state_desired_publisher], count 0
[rospy.internal][INFO] 2021-09-25 20:28:19,848: topic[/joint_states] adding connection to [/robot_state_publisher], count 1
[rospy.internal][INFO] 2021-09-25 20:28:57,140: topic[/joint_states] adding connection to [/move_group_commander_wrappers_1632569305574168456], count 2
[rospy.internal][INFO] 2021-09-25 21:00:01,020: topic[/joint_states] removing connection to /move_group_commander_wrappers_1632569305574168456
[rospy.core][INFO] 2021-09-25 21:00:19,896: signal_shutdown [signal-2]
[rospy.internal][INFO] 2021-09-25 21:00:19,899: topic[/joint_states] removing connection to /joint_state_desired_publisher
[rospy.internal][INFO] 2021-09-25 21:00:19,903: topic[/joint_states] removing connection to /robot_state_publisher
[rospy.internal][INFO] 2021-09-25 21:00:19,909: topic[/rosout] removing connection to /rosout
[rospy.internal][INFO] 2021-09-25 21:00:19,909: topic[/move_group/fake_controller_joint_states] removing connection to http://wng:38341/
[rospy.impl.masterslave][INFO] 2021-09-25 21:00:19,913: signal-2
[rospy.core][INFO] 2021-09-25 21:00:20,045: signal_shutdown [atexit]
