[rospy.client][INFO] 2021-09-25 20:28:19,945: init_node, name[/server_endpoint], pid[25060]
[xmlrpc][INFO] 2021-09-25 20:28:19,945: XML-RPC server binding to 0.0.0.0:0
[xmlrpc][INFO] 2021-09-25 20:28:19,945: Started XML-RPC server [http://wng:40755/]
[rospy.init][INFO] 2021-09-25 20:28:19,946: ROS Slave URI: [http://wng:40755/]
[rospy.impl.masterslave][INFO] 2021-09-25 20:28:19,946: _ready: http://wng:40755/
[rospy.registration][INFO] 2021-09-25 20:28:19,946: Registering with master node http://localhost:11311
[xmlrpc][INFO] 2021-09-25 20:28:19,946: xml rpc node: starting XML-RPC server
[rospy.init][INFO] 2021-09-25 20:28:20,046: registered with master
[rospy.rosout][INFO] 2021-09-25 20:28:20,046: initializing /rosout core topic
[rospy.rosout][INFO] 2021-09-25 20:28:20,048: connected to core topic /rosout
[rospy.simtime][INFO] 2021-09-25 20:28:20,048: /use_sim_time is not set, will not subscribe to simulated time [/clock] topic
[rosout][INFO] 2021-09-25 20:28:20,059: Starting server on 192.168.1.146:10000
[rospy.internal][INFO] 2021-09-25 20:28:20,348: topic[/rosout] adding connection to [/rosout], count 0
[rosout][INFO] 2021-09-25 20:28:35,634: Connection from 192.168.1.146
[rosout][INFO] 2021-09-25 20:28:35,638: RegisterPublisher(execution_check, <class 'panda_move.msg._ExecutionCheck.ExecutionCheck'>) OK
[rospy.internal][INFO] 2021-09-25 20:28:35,681: topic[/execution_check] adding connection to [http://wng:40755/], count 0
[rospy.internal][INFO] 2021-09-25 20:28:35,682: topic[/execution_check] adding connection to [/server_endpoint], count 0
[rospy.core][INFO] 2021-09-25 21:00:19,898: signal_shutdown [signal-2]
[rospy.internal][INFO] 2021-09-25 21:00:19,901: topic[/execution_check] removing connection to /server_endpoint
[rospy.internal][INFO] 2021-09-25 21:00:19,901: topic[/rosout] removing connection to /rosout
[rospy.internal][INFO] 2021-09-25 21:00:19,901: topic[/execution_check] removing connection to http://wng:40755/
[rospy.impl.masterslave][INFO] 2021-09-25 21:00:19,902: signal-2
[rospy.internal][WARNING] 2021-09-25 21:00:19,902: Unknown error initiating TCP/IP socket to wng:46173 (http://wng:40755/): Traceback (most recent call last):
  File "/opt/ros/melodic/lib/python2.7/dist-packages/rospy/impl/tcpros_base.py", line 562, in connect
    self.read_header()
  File "/opt/ros/melodic/lib/python2.7/dist-packages/rospy/impl/tcpros_base.py", line 657, in read_header
    self._validate_header(read_ros_handshake_header(sock, self.read_buff, self.protocol.buff_size))
AttributeError: 'NoneType' object has no attribute 'buff_size'

[rospy.core][INFO] 2021-09-25 21:00:20,005: signal_shutdown [atexit]
