[rospy.client][INFO] 2021-12-09 18:15:36,363: init_node, name[/joint_state_publisher], pid[16643]
[xmlrpc][INFO] 2021-12-09 18:15:36,363: XML-RPC server binding to 0.0.0.0:0
[xmlrpc][INFO] 2021-12-09 18:15:36,363: Started XML-RPC server [http://wng:37957/]
[rospy.init][INFO] 2021-12-09 18:15:36,363: ROS Slave URI: [http://wng:37957/]
[rospy.impl.masterslave][INFO] 2021-12-09 18:15:36,363: _ready: http://wng:37957/
[rospy.registration][INFO] 2021-12-09 18:15:36,364: Registering with master node http://localhost:11311
[xmlrpc][INFO] 2021-12-09 18:15:36,364: xml rpc node: starting XML-RPC server
[rospy.init][INFO] 2021-12-09 18:15:36,464: registered with master
[rospy.rosout][INFO] 2021-12-09 18:15:36,464: initializing /rosout core topic
[rospy.rosout][INFO] 2021-12-09 18:15:36,466: connected to core topic /rosout
[rospy.simtime][INFO] 2021-12-09 18:15:36,467: /use_sim_time is not set, will not subscribe to simulated time [/clock] topic
[rospy.internal][INFO] 2021-12-09 18:15:36,533: topic[/move_group/fake_controller_joint_states] adding connection to [http://wng:41493/], count 0
[rospy.internal][INFO] 2021-12-09 18:15:36,626: topic[/rosout] adding connection to [/rosout], count 0
[rospy.internal][INFO] 2021-12-09 18:15:36,727: topic[/joint_states] adding connection to [/robot_state_publisher], count 0
[rospy.internal][INFO] 2021-12-09 18:15:36,727: topic[/joint_states] adding connection to [/joint_state_desired_publisher], count 1
[rospy.internal][INFO] 2021-12-09 18:16:17,114: topic[/joint_states] adding connection to [/move_group_commander_wrappers_1639041344836582713], count 2
[rospy.internal][INFO] 2021-12-09 18:36:13,377: topic[/joint_states] removing connection to /move_group_commander_wrappers_1639041344836582713
[rospy.core][INFO] 2021-12-09 18:36:20,017: signal_shutdown [signal-2]
[rospy.internal][INFO] 2021-12-09 18:36:20,021: topic[/joint_states] removing connection to /robot_state_publisher
[rospy.internal][INFO] 2021-12-09 18:36:20,022: topic[/joint_states] removing connection to /joint_state_desired_publisher
[rospy.internal][INFO] 2021-12-09 18:36:20,022: topic[/rosout] removing connection to /rosout
[rospy.internal][INFO] 2021-12-09 18:36:20,022: topic[/move_group/fake_controller_joint_states] removing connection to http://wng:41493/
[rospy.internal][WARNING] 2021-12-09 18:36:20,022: Unknown error initiating TCP/IP socket to wng:57311 (http://wng:41493/): Traceback (most recent call last):
  File "/opt/ros/melodic/lib/python2.7/dist-packages/rospy/impl/tcpros_base.py", line 562, in connect
    self.read_header()
  File "/opt/ros/melodic/lib/python2.7/dist-packages/rospy/impl/tcpros_base.py", line 657, in read_header
    self._validate_header(read_ros_handshake_header(sock, self.read_buff, self.protocol.buff_size))
AttributeError: 'NoneType' object has no attribute 'buff_size'

[rospy.topics][ERROR] 2021-12-09 18:36:20,024: Traceback (most recent call last):
  File "/opt/ros/melodic/lib/python2.7/dist-packages/rospy/topics.py", line 326, in close
    c.close()
  File "/opt/ros/melodic/lib/python2.7/dist-packages/rospy/impl/tcpros_base.py", line 846, in close
    self.socket.close()
AttributeError: 'NoneType' object has no attribute 'close'

[rospy.impl.masterslave][INFO] 2021-12-09 18:36:20,024: signal-2
[rospy.core][INFO] 2021-12-09 18:36:20,156: signal_shutdown [atexit]
