[rospy.client][INFO] 2021-11-26 10:23:04,978: init_node, name[/joint_state_publisher], pid[8311]
[xmlrpc][INFO] 2021-11-26 10:23:04,978: XML-RPC server binding to 0.0.0.0:0
[xmlrpc][INFO] 2021-11-26 10:23:04,979: Started XML-RPC server [http://wng:45329/]
[rospy.impl.masterslave][INFO] 2021-11-26 10:23:04,979: _ready: http://wng:45329/
[rospy.registration][INFO] 2021-11-26 10:23:04,979: Registering with master node http://localhost:11311
[xmlrpc][INFO] 2021-11-26 10:23:04,983: xml rpc node: starting XML-RPC server
[rospy.init][INFO] 2021-11-26 10:23:04,983: ROS Slave URI: [http://wng:45329/]
[rospy.init][INFO] 2021-11-26 10:23:04,983: registered with master
[rospy.rosout][INFO] 2021-11-26 10:23:04,983: initializing /rosout core topic
[rospy.rosout][INFO] 2021-11-26 10:23:04,985: connected to core topic /rosout
[rospy.simtime][INFO] 2021-11-26 10:23:04,985: /use_sim_time is not set, will not subscribe to simulated time [/clock] topic
[rospy.internal][INFO] 2021-11-26 10:23:05,048: topic[/move_group/fake_controller_joint_states] adding connection to [http://wng:41081/], count 0
[rospy.internal][INFO] 2021-11-26 10:23:05,170: topic[/rosout] adding connection to [/rosout], count 0
[rospy.internal][INFO] 2021-11-26 10:23:05,242: topic[/joint_states] adding connection to [/joint_state_desired_publisher], count 0
[rospy.internal][INFO] 2021-11-26 10:23:05,247: topic[/joint_states] adding connection to [/robot_state_publisher], count 1
[rospy.internal][INFO] 2021-11-26 10:23:52,914: topic[/joint_states] adding connection to [/move_group_commander_wrappers_1637889791482356888], count 2
[rospy.internal][INFO] 2021-11-26 10:56:16,488: topic[/joint_states] removing connection to /move_group_commander_wrappers_1637889791482356888
[rospy.core][INFO] 2021-11-26 11:02:35,032: signal_shutdown [signal-2]
[rospy.internal][INFO] 2021-11-26 11:02:35,034: topic[/joint_states] removing connection to /joint_state_desired_publisher
[rospy.internal][INFO] 2021-11-26 11:02:35,034: topic[/joint_states] removing connection to /robot_state_publisher
[rospy.internal][INFO] 2021-11-26 11:02:35,034: topic[/rosout] removing connection to /rosout
[rospy.internal][INFO] 2021-11-26 11:02:35,035: topic[/move_group/fake_controller_joint_states] removing connection to http://wng:41081/
[rospy.impl.masterslave][INFO] 2021-11-26 11:02:35,035: signal-2
[rospy.internal][WARNING] 2021-11-26 11:02:35,103: Unknown error initiating TCP/IP socket to wng:49087 (http://wng:41081/): Traceback (most recent call last):
  File "/opt/ros/melodic/lib/python2.7/dist-packages/rospy/impl/tcpros_base.py", line 562, in connect
    self.read_header()
  File "/opt/ros/melodic/lib/python2.7/dist-packages/rospy/impl/tcpros_base.py", line 657, in read_header
    self._validate_header(read_ros_handshake_header(sock, self.read_buff, self.protocol.buff_size))
  File "/opt/ros/melodic/lib/python2.7/dist-packages/rosgraph/network.py", line 357, in read_ros_handshake_header
    d = sock.recv(buff_size)
error: [Errno 104] Connection reset by peer

[rospy.core][INFO] 2021-11-26 11:02:35,143: signal_shutdown [atexit]
