[rospy.client][INFO] 2021-12-01 15:06:28,991: init_node, name[/joint_state_publisher], pid[4108]
[xmlrpc][INFO] 2021-12-01 15:06:28,992: XML-RPC server binding to 0.0.0.0:0
[xmlrpc][INFO] 2021-12-01 15:06:28,992: Started XML-RPC server [http://wng:41231/]
[rospy.init][INFO] 2021-12-01 15:06:28,992: ROS Slave URI: [http://wng:41231/]
[rospy.impl.masterslave][INFO] 2021-12-01 15:06:28,992: _ready: http://wng:41231/
[rospy.registration][INFO] 2021-12-01 15:06:28,993: Registering with master node http://localhost:11311
[xmlrpc][INFO] 2021-12-01 15:06:28,993: xml rpc node: starting XML-RPC server
[rospy.init][INFO] 2021-12-01 15:06:29,092: registered with master
[rospy.rosout][INFO] 2021-12-01 15:06:29,093: initializing /rosout core topic
[rospy.rosout][INFO] 2021-12-01 15:06:29,095: connected to core topic /rosout
[rospy.simtime][INFO] 2021-12-01 15:06:29,096: /use_sim_time is not set, will not subscribe to simulated time [/clock] topic
[rospy.internal][INFO] 2021-12-01 15:06:29,157: topic[/move_group/fake_controller_joint_states] adding connection to [http://wng:38813/], count 0
[rospy.internal][INFO] 2021-12-01 15:06:29,248: topic[/rosout] adding connection to [/rosout], count 0
[rospy.internal][INFO] 2021-12-01 15:06:29,348: topic[/joint_states] adding connection to [/joint_state_desired_publisher], count 0
[rospy.internal][INFO] 2021-12-01 15:06:29,349: topic[/joint_states] adding connection to [/robot_state_publisher], count 1
[rospy.internal][INFO] 2021-12-01 15:07:00,911: topic[/joint_states] adding connection to [/move_group_commander_wrappers_1638338800076396556], count 2
[rospy.internal][INFO] 2021-12-01 15:19:41,119: topic[/joint_states] removing connection to /move_group_commander_wrappers_1638338800076396556
[rospy.core][INFO] 2021-12-01 15:20:39,021: signal_shutdown [signal-2]
[rospy.internal][INFO] 2021-12-01 15:20:39,026: topic[/joint_states] removing connection to /joint_state_desired_publisher
[rospy.internal][INFO] 2021-12-01 15:20:39,026: topic[/joint_states] removing connection to /robot_state_publisher
[rospy.internal][INFO] 2021-12-01 15:20:39,026: topic[/rosout] removing connection to /rosout
[rospy.internal][INFO] 2021-12-01 15:20:39,026: topic[/move_group/fake_controller_joint_states] removing connection to http://wng:38813/
[rospy.impl.masterslave][INFO] 2021-12-01 15:20:39,027: signal-2
[rospy.core][INFO] 2021-12-01 15:20:39,158: signal_shutdown [atexit]
