[rospy.client][INFO] 2021-11-24 15:23:32,772: init_node, name[/joint_state_publisher], pid[9943]
[xmlrpc][INFO] 2021-11-24 15:23:32,772: XML-RPC server binding to 0.0.0.0:0
[xmlrpc][INFO] 2021-11-24 15:23:32,772: Started XML-RPC server [http://wng:37177/]
[rospy.init][INFO] 2021-11-24 15:23:32,772: ROS Slave URI: [http://wng:37177/]
[rospy.impl.masterslave][INFO] 2021-11-24 15:23:32,772: _ready: http://wng:37177/
[rospy.registration][INFO] 2021-11-24 15:23:32,773: Registering with master node http://localhost:11311
[xmlrpc][INFO] 2021-11-24 15:23:32,773: xml rpc node: starting XML-RPC server
[rospy.init][INFO] 2021-11-24 15:23:32,873: registered with master
[rospy.rosout][INFO] 2021-11-24 15:23:32,873: initializing /rosout core topic
[rospy.rosout][INFO] 2021-11-24 15:23:32,874: connected to core topic /rosout
[rospy.simtime][INFO] 2021-11-24 15:23:32,875: /use_sim_time is not set, will not subscribe to simulated time [/clock] topic
[rospy.internal][INFO] 2021-11-24 15:23:32,937: topic[/move_group/fake_controller_joint_states] adding connection to [http://wng:34349/], count 0
[rospy.internal][INFO] 2021-11-24 15:23:33,172: topic[/rosout] adding connection to [/rosout], count 0
[rospy.internal][INFO] 2021-11-24 15:23:33,172: topic[/joint_states] adding connection to [/joint_state_desired_publisher], count 0
[rospy.internal][INFO] 2021-11-24 15:23:33,172: topic[/joint_states] adding connection to [/robot_state_publisher], count 1
[rospy.internal][INFO] 2021-11-24 15:24:11,407: topic[/joint_states] adding connection to [/move_group_commander_wrappers_1637735020484840836], count 2
[rospy.internal][INFO] 2021-11-24 15:56:42,679: topic[/joint_states] removing connection to /move_group_commander_wrappers_1637735020484840836
[rospy.core][INFO] 2021-11-24 15:56:48,143: signal_shutdown [signal-2]
[rospy.internal][INFO] 2021-11-24 15:56:48,145: topic[/joint_states] removing connection to /joint_state_desired_publisher
[rospy.internal][INFO] 2021-11-24 15:56:48,151: topic[/joint_states] removing connection to /robot_state_publisher
[rospy.internal][INFO] 2021-11-24 15:56:48,151: topic[/rosout] removing connection to /rosout
[rospy.internal][INFO] 2021-11-24 15:56:48,151: topic[/move_group/fake_controller_joint_states] removing connection to http://wng:34349/
[rospy.impl.masterslave][INFO] 2021-11-24 15:56:48,151: signal-2
[rospy.internal][WARNING] 2021-11-24 15:56:48,239: Unknown error initiating TCP/IP socket to wng:44951 (http://wng:34349/): Traceback (most recent call last):
  File "/opt/ros/melodic/lib/python2.7/dist-packages/rospy/impl/tcpros_base.py", line 562, in connect
    self.read_header()
  File "/opt/ros/melodic/lib/python2.7/dist-packages/rospy/impl/tcpros_base.py", line 657, in read_header
    self._validate_header(read_ros_handshake_header(sock, self.read_buff, self.protocol.buff_size))
  File "/opt/ros/melodic/lib/python2.7/dist-packages/rosgraph/network.py", line 357, in read_ros_handshake_header
    d = sock.recv(buff_size)
error: [Errno 104] Connection reset by peer

[rospy.core][INFO] 2021-11-24 15:56:48,252: signal_shutdown [atexit]
