[rospy.client][INFO] 2021-11-24 15:23:33,276: init_node, name[/server_endpoint], pid[9941]
[xmlrpc][INFO] 2021-11-24 15:23:33,276: XML-RPC server binding to 0.0.0.0:0
[xmlrpc][INFO] 2021-11-24 15:23:33,276: Started XML-RPC server [http://wng:32853/]
[rospy.init][INFO] 2021-11-24 15:23:33,277: ROS Slave URI: [http://wng:32853/]
[rospy.impl.masterslave][INFO] 2021-11-24 15:23:33,277: _ready: http://wng:32853/
[xmlrpc][INFO] 2021-11-24 15:23:33,277: xml rpc node: starting XML-RPC server
[rospy.registration][INFO] 2021-11-24 15:23:33,277: Registering with master node http://localhost:11311
[rospy.init][INFO] 2021-11-24 15:23:33,377: registered with master
[rospy.rosout][INFO] 2021-11-24 15:23:33,377: initializing /rosout core topic
[rospy.rosout][INFO] 2021-11-24 15:23:33,378: connected to core topic /rosout
[rospy.simtime][INFO] 2021-11-24 15:23:33,379: /use_sim_time is not set, will not subscribe to simulated time [/clock] topic
[rosout][INFO] 2021-11-24 15:23:33,384: Starting server on 192.168.1.146:10000
[rospy.internal][INFO] 2021-11-24 15:23:33,675: topic[/rosout] adding connection to [/rosout], count 0
[rosout][INFO] 2021-11-24 15:23:47,079: Connection from 192.168.1.146
[rosout][INFO] 2021-11-24 15:23:47,083: RegisterPublisher(execution_check, <class 'panda_move.msg._ExecutionCheck.ExecutionCheck'>) OK
[rospy.internal][INFO] 2021-11-24 15:23:47,111: topic[/execution_check] adding connection to [http://wng:32853/], count 0
[rospy.internal][INFO] 2021-11-24 15:23:47,113: topic[/execution_check] adding connection to [/server_endpoint], count 0
[rospy.core][INFO] 2021-11-24 15:56:48,147: signal_shutdown [signal-2]
[rospy.internal][INFO] 2021-11-24 15:56:48,150: topic[/execution_check] removing connection to /server_endpoint
[rospy.internal][INFO] 2021-11-24 15:56:48,150: topic[/rosout] removing connection to /rosout
[rospy.internal][INFO] 2021-11-24 15:56:48,150: topic[/execution_check] removing connection to http://wng:32853/
[rospy.impl.masterslave][INFO] 2021-11-24 15:56:48,150: signal-2
[rospy.core][INFO] 2021-11-24 15:56:48,765: signal_shutdown [atexit]
