[rospy.client][INFO] 2021-09-26 10:43:14,881: init_node, name[/PandaMove], pid[32482]
[xmlrpc][INFO] 2021-09-26 10:43:14,881: XML-RPC server binding to 0.0.0.0:0
[xmlrpc][INFO] 2021-09-26 10:43:14,882: Started XML-RPC server [http://wng:35881/]
[rospy.init][INFO] 2021-09-26 10:43:14,882: ROS Slave URI: [http://wng:35881/]
[rospy.impl.masterslave][INFO] 2021-09-26 10:43:14,882: _ready: http://wng:35881/
[xmlrpc][INFO] 2021-09-26 10:43:14,882: xml rpc node: starting XML-RPC server
[rospy.registration][INFO] 2021-09-26 10:43:14,882: Registering with master node http://localhost:11311
[rospy.init][INFO] 2021-09-26 10:43:14,982: registered with master
[rospy.rosout][INFO] 2021-09-26 10:43:14,982: initializing /rosout core topic
[rospy.rosout][INFO] 2021-09-26 10:43:14,987: connected to core topic /rosout
[rospy.simtime][INFO] 2021-09-26 10:43:14,988: /use_sim_time is not set, will not subscribe to simulated time [/clock] topic
[rosout][INFO] 2021-09-26 10:43:15,043: pan, pan, None
[rosout][INFO] 2021-09-26 10:43:15,044: pot, pot, None
[rosout][INFO] 2021-09-26 10:43:15,044: plate, plate, None
[rosout][INFO] 2021-09-26 10:43:15,045: bowl, bowl, None
[rosout][INFO] 2021-09-26 10:43:15,045: spatula, spatula, None
[rosout][INFO] 2021-09-26 10:43:15,046: spreader, spreader, None
[rosout][INFO] 2021-09-26 10:43:15,046: scooper, scooper, None
[rosout][INFO] 2021-09-26 10:43:15,047: knife, knife, None
[rosout][INFO] 2021-09-26 10:43:15,047: table, table, None
[rosout][INFO] 2021-09-26 10:43:15,048: stove, stove, None
[rosout][INFO] 2021-09-26 10:43:15,048: cutting_board, cutting_board, None
[rosout][INFO] 2021-09-26 10:43:15,049: near_cutting_board, near_cutting_board, None
[rosout][INFO] 2021-09-26 10:43:15,049: onion, onion, ['exist']
[rosout][INFO] 2021-09-26 10:43:15,050: butter, butter, ['exist']
[rosout][INFO] 2021-09-26 10:43:15,050: cabbage, cabbage, ['exist']
[rosout][INFO] 2021-09-26 10:43:15,051: bread1, bread, ['exist']
[rosout][INFO] 2021-09-26 10:43:15,051: bread2, bread, ['exist']
[rosout][INFO] 2021-09-26 10:43:15,052: tuna, tuna, ['exist']
[rosout][INFO] 2021-09-26 10:43:15,052: sandwich, sandwich, []
[rosout][INFO] 2021-09-26 10:43:15,053: tuna_spread, tuna_spread, []
[rosout][INFO] 2021-09-26 10:43:15,053: salt, salt, ['exist']
[rosout][INFO] 2021-09-26 10:43:15,054: pepper, pepper, ['exist']
[rosout][INFO] 2021-09-26 10:43:15,054: mayonnaise, mayonnaise, ['exist']
[rosout][INFO] 2021-09-26 10:43:15,055: salt_bottle, salt_bottle, None
[rosout][INFO] 2021-09-26 10:43:15,055: pepper_bottle, pepper_bottle, None
[rosout][INFO] 2021-09-26 10:43:15,056: mayonnaise_bottle, mayonnaise_bottle, None
[rospy.internal][INFO] 2021-09-26 10:43:15,196: topic[/rosout] adding connection to [/rosout], count 0
[rospy.core][INFO] 2021-09-26 10:43:19,953: signal_shutdown [signal-2]
[rospy.internal][INFO] 2021-09-26 10:43:19,955: topic[/rosout] removing connection to /rosout
[rospy.impl.masterslave][INFO] 2021-09-26 10:43:19,955: signal-2
[rospy.core][INFO] 2021-09-26 10:43:34,980: signal_shutdown [signal-15]
