[rospy.client][INFO] 2021-09-06 15:39:44,176: init_node, name[/server_endpoint], pid[28509]
[xmlrpc][INFO] 2021-09-06 15:39:44,176: XML-RPC server binding to 0.0.0.0:0
[xmlrpc][INFO] 2021-09-06 15:39:44,176: Started XML-RPC server [http://wng:43341/]
[rospy.init][INFO] 2021-09-06 15:39:44,176: ROS Slave URI: [http://wng:43341/]
[rospy.impl.masterslave][INFO] 2021-09-06 15:39:44,176: _ready: http://wng:43341/
[xmlrpc][INFO] 2021-09-06 15:39:44,177: xml rpc node: starting XML-RPC server
[rospy.registration][INFO] 2021-09-06 15:39:44,177: Registering with master node http://localhost:11311
[rospy.init][INFO] 2021-09-06 15:39:44,277: registered with master
[rospy.rosout][INFO] 2021-09-06 15:39:44,277: initializing /rosout core topic
[rospy.rosout][INFO] 2021-09-06 15:39:44,278: connected to core topic /rosout
[rospy.simtime][INFO] 2021-09-06 15:39:44,279: /use_sim_time is not set, will not subscribe to simulated time [/clock] topic
[rosout][INFO] 2021-09-06 15:39:44,287: Starting server on 192.168.1.146:10000
[rospy.internal][INFO] 2021-09-06 15:39:44,482: topic[/rosout] adding connection to [/rosout], count 0
[rosout][INFO] 2021-09-06 15:40:12,086: Connection from 192.168.1.146
[rosout][INFO] 2021-09-06 15:40:12,091: RegisterPublisher(execution_check, <class 'panda_move.msg._ExecutionCheck.ExecutionCheck'>) OK
[rospy.internal][INFO] 2021-09-06 15:40:12,169: topic[/execution_check] adding connection to [http://wng:43341/], count 0
[rospy.internal][INFO] 2021-09-06 15:40:12,172: topic[/execution_check] adding connection to [/server_endpoint], count 0
[rospy.core][INFO] 2021-09-06 15:51:58,946: signal_shutdown [signal-2]
[rospy.internal][INFO] 2021-09-06 15:51:58,951: topic[/execution_check] removing connection to /server_endpoint
[rospy.internal][INFO] 2021-09-06 15:51:58,951: topic[/rosout] removing connection to /rosout
[rospy.internal][INFO] 2021-09-06 15:51:58,951: topic[/execution_check] removing connection to http://wng:43341/
[rospy.topics][ERROR] 2021-09-06 15:51:58,952: Traceback (most recent call last):
  File "/opt/ros/melodic/lib/python2.7/dist-packages/rospy/topics.py", line 326, in close
    c.close()
  File "/opt/ros/melodic/lib/python2.7/dist-packages/rospy/impl/tcpros_base.py", line 846, in close
    self.socket.close()
AttributeError: 'NoneType' object has no attribute 'close'

[rospy.impl.masterslave][INFO] 2021-09-06 15:51:58,952: signal-2
[rospy.internal][WARNING] 2021-09-06 15:51:58,953: Unknown error initiating TCP/IP socket to wng:34315 (http://wng:43341/): Traceback (most recent call last):
  File "/opt/ros/melodic/lib/python2.7/dist-packages/rospy/impl/tcpros_base.py", line 562, in connect
    self.read_header()
  File "/opt/ros/melodic/lib/python2.7/dist-packages/rospy/impl/tcpros_base.py", line 657, in read_header
    self._validate_header(read_ros_handshake_header(sock, self.read_buff, self.protocol.buff_size))
AttributeError: 'NoneType' object has no attribute 'buff_size'

[rospy.core][INFO] 2021-09-06 15:51:59,068: signal_shutdown [atexit]
