[rospy.client][INFO] 2021-12-08 11:59:53,849: init_node, name[/server_endpoint], pid[9350]
[xmlrpc][INFO] 2021-12-08 11:59:53,850: XML-RPC server binding to 0.0.0.0:0
[xmlrpc][INFO] 2021-12-08 11:59:53,850: Started XML-RPC server [http://wng:45047/]
[rospy.init][INFO] 2021-12-08 11:59:53,850: ROS Slave URI: [http://wng:45047/]
[rospy.impl.masterslave][INFO] 2021-12-08 11:59:53,850: _ready: http://wng:45047/
[rospy.registration][INFO] 2021-12-08 11:59:53,851: Registering with master node http://localhost:11311
[xmlrpc][INFO] 2021-12-08 11:59:53,851: xml rpc node: starting XML-RPC server
[rospy.init][INFO] 2021-12-08 11:59:53,951: registered with master
[rospy.rosout][INFO] 2021-12-08 11:59:53,951: initializing /rosout core topic
[rospy.rosout][INFO] 2021-12-08 11:59:53,952: connected to core topic /rosout
[rospy.simtime][INFO] 2021-12-08 11:59:53,952: /use_sim_time is not set, will not subscribe to simulated time [/clock] topic
[rosout][INFO] 2021-12-08 11:59:53,959: Starting server on 125.129.64.66:10000
[rospy.internal][INFO] 2021-12-08 11:59:54,139: topic[/rosout] adding connection to [/rosout], count 0
[rosout][INFO] 2021-12-08 11:59:57,230: Connection from 125.129.64.66
[rosout][INFO] 2021-12-08 11:59:57,234: RegisterPublisher(execution_check, <class 'panda_move.msg._ExecutionCheck.ExecutionCheck'>) OK
[rospy.internal][INFO] 2021-12-08 11:59:57,281: topic[/execution_check] adding connection to [http://wng:45047/], count 0
[rospy.internal][INFO] 2021-12-08 11:59:57,282: topic[/execution_check] adding connection to [/server_endpoint], count 0
[rospy.core][INFO] 2021-12-08 12:18:27,490: signal_shutdown [signal-2]
[rospy.internal][INFO] 2021-12-08 12:18:27,496: topic[/execution_check] removing connection to /server_endpoint
[rospy.internal][INFO] 2021-12-08 12:18:27,496: topic[/rosout] removing connection to /rosout
[rospy.internal][INFO] 2021-12-08 12:18:27,497: topic[/execution_check] removing connection to http://wng:45047/
[rospy.impl.masterslave][INFO] 2021-12-08 12:18:27,497: signal-2
[rospy.internal][ERROR] 2021-12-08 12:18:27,497: Unable to initiate TCP/IP socket to wng:37543 (http://wng:45047/): Traceback (most recent call last):
  File "/opt/ros/melodic/lib/python2.7/dist-packages/rospy/impl/tcpros_base.py", line 562, in connect
    self.read_header()
  File "/opt/ros/melodic/lib/python2.7/dist-packages/rospy/impl/tcpros_base.py", line 657, in read_header
    self._validate_header(read_ros_handshake_header(sock, self.read_buff, self.protocol.buff_size))
  File "/opt/ros/melodic/lib/python2.7/dist-packages/rospy/impl/tcpros_base.py", line 600, in _validate_header
    raise TransportInitError("remote error reported: %s"%header['error'])
TransportInitError: remote error reported: node shutting down

[rospy.core][INFO] 2021-12-08 12:18:27,605: signal_shutdown [atexit]
