[rospy.client][INFO] 2021-12-02 15:09:15,658: init_node, name[/joint_state_publisher], pid[23870]
[xmlrpc][INFO] 2021-12-02 15:09:15,659: XML-RPC server binding to 0.0.0.0:0
[xmlrpc][INFO] 2021-12-02 15:09:15,659: Started XML-RPC server [http://wng:46499/]
[rospy.init][INFO] 2021-12-02 15:09:15,659: ROS Slave URI: [http://wng:46499/]
[rospy.impl.masterslave][INFO] 2021-12-02 15:09:15,659: _ready: http://wng:46499/
[rospy.registration][INFO] 2021-12-02 15:09:15,660: Registering with master node http://localhost:11311
[xmlrpc][INFO] 2021-12-02 15:09:15,660: xml rpc node: starting XML-RPC server
[rospy.init][INFO] 2021-12-02 15:09:15,759: registered with master
[rospy.rosout][INFO] 2021-12-02 15:09:15,760: initializing /rosout core topic
[rospy.rosout][INFO] 2021-12-02 15:09:15,765: connected to core topic /rosout
[rospy.simtime][INFO] 2021-12-02 15:09:15,766: /use_sim_time is not set, will not subscribe to simulated time [/clock] topic
[rospy.internal][INFO] 2021-12-02 15:09:15,824: topic[/move_group/fake_controller_joint_states] adding connection to [http://wng:36801/], count 0
[rospy.internal][INFO] 2021-12-02 15:09:16,022: topic[/joint_states] adding connection to [/robot_state_publisher], count 0
[rospy.internal][INFO] 2021-12-02 15:09:16,022: topic[/joint_states] adding connection to [/joint_state_desired_publisher], count 1
[rospy.internal][INFO] 2021-12-02 15:09:16,022: topic[/rosout] adding connection to [/rosout], count 0
[rospy.internal][INFO] 2021-12-02 15:09:56,585: topic[/joint_states] adding connection to [/move_group_commander_wrappers_1638425369264696145], count 2
[rospy.internal][INFO] 2021-12-02 15:27:00,083: topic[/joint_states] removing connection to /move_group_commander_wrappers_1638425369264696145
[rospy.core][INFO] 2021-12-02 15:27:05,627: signal_shutdown [signal-2]
[rospy.internal][INFO] 2021-12-02 15:27:05,632: topic[/joint_states] removing connection to /robot_state_publisher
[rospy.internal][INFO] 2021-12-02 15:27:05,632: topic[/joint_states] removing connection to /joint_state_desired_publisher
[rospy.internal][INFO] 2021-12-02 15:27:05,632: topic[/rosout] removing connection to /rosout
[rospy.internal][INFO] 2021-12-02 15:27:05,632: topic[/move_group/fake_controller_joint_states] removing connection to http://wng:36801/
[rospy.impl.masterslave][INFO] 2021-12-02 15:27:05,633: signal-2
[rospy.core][INFO] 2021-12-02 15:27:05,797: signal_shutdown [atexit]
