[rospy.client][INFO] 2021-12-02 15:09:15,906: init_node, name[/server_endpoint], pid[23868]
[xmlrpc][INFO] 2021-12-02 15:09:15,906: XML-RPC server binding to 0.0.0.0:0
[xmlrpc][INFO] 2021-12-02 15:09:15,906: Started XML-RPC server [http://wng:35521/]
[rospy.init][INFO] 2021-12-02 15:09:15,907: ROS Slave URI: [http://wng:35521/]
[rospy.impl.masterslave][INFO] 2021-12-02 15:09:15,907: _ready: http://wng:35521/
[xmlrpc][INFO] 2021-12-02 15:09:15,907: xml rpc node: starting XML-RPC server
[rospy.registration][INFO] 2021-12-02 15:09:15,907: Registering with master node http://localhost:11311
[rospy.init][INFO] 2021-12-02 15:09:16,007: registered with master
[rospy.rosout][INFO] 2021-12-02 15:09:16,007: initializing /rosout core topic
[rospy.rosout][INFO] 2021-12-02 15:09:16,009: connected to core topic /rosout
[rospy.simtime][INFO] 2021-12-02 15:09:16,009: /use_sim_time is not set, will not subscribe to simulated time [/clock] topic
[rosout][INFO] 2021-12-02 15:09:16,015: Starting server on 192.168.0.8:10000
[rospy.internal][INFO] 2021-12-02 15:09:16,123: topic[/rosout] adding connection to [/rosout], count 0
[rosout][INFO] 2021-12-02 15:09:19,666: Connection from 192.168.0.8
[rosout][INFO] 2021-12-02 15:09:19,673: RegisterPublisher(execution_check, <class 'panda_move.msg._ExecutionCheck.ExecutionCheck'>) OK
[rospy.internal][INFO] 2021-12-02 15:09:19,738: topic[/execution_check] adding connection to [http://wng:35521/], count 0
[rospy.internal][INFO] 2021-12-02 15:09:19,740: topic[/execution_check] adding connection to [/server_endpoint], count 0
[rospy.core][INFO] 2021-12-02 15:27:05,627: signal_shutdown [signal-2]
[rospy.internal][INFO] 2021-12-02 15:27:05,633: topic[/execution_check] removing connection to /server_endpoint
[rospy.internal][INFO] 2021-12-02 15:27:05,633: topic[/rosout] removing connection to /rosout
[rospy.internal][INFO] 2021-12-02 15:27:05,634: topic[/execution_check] removing connection to http://wng:35521/
[rospy.impl.masterslave][INFO] 2021-12-02 15:27:05,634: signal-2
[rospy.internal][ERROR] 2021-12-02 15:27:05,634: Unable to initiate TCP/IP socket to wng:34287 (http://wng:35521/): Traceback (most recent call last):
  File "/opt/ros/melodic/lib/python2.7/dist-packages/rospy/impl/tcpros_base.py", line 562, in connect
    self.read_header()
  File "/opt/ros/melodic/lib/python2.7/dist-packages/rospy/impl/tcpros_base.py", line 657, in read_header
    self._validate_header(read_ros_handshake_header(sock, self.read_buff, self.protocol.buff_size))
  File "/opt/ros/melodic/lib/python2.7/dist-packages/rospy/impl/tcpros_base.py", line 600, in _validate_header
    raise TransportInitError("remote error reported: %s"%header['error'])
TransportInitError: remote error reported: node shutting down

[rospy.core][INFO] 2021-12-02 15:27:06,248: signal_shutdown [atexit]
