[rospy.client][INFO] 2021-12-08 08:03:33,586: init_node, name[/joint_state_publisher], pid[11747]
[xmlrpc][INFO] 2021-12-08 08:03:33,586: XML-RPC server binding to 0.0.0.0:0
[xmlrpc][INFO] 2021-12-08 08:03:33,587: Started XML-RPC server [http://wng:33867/]
[rospy.impl.masterslave][INFO] 2021-12-08 08:03:33,587: _ready: http://wng:33867/
[rospy.init][INFO] 2021-12-08 08:03:33,587: ROS Slave URI: [http://wng:33867/]
[rospy.registration][INFO] 2021-12-08 08:03:33,588: Registering with master node http://localhost:11311
[xmlrpc][INFO] 2021-12-08 08:03:33,588: xml rpc node: starting XML-RPC server
[rospy.init][INFO] 2021-12-08 08:03:33,688: registered with master
[rospy.rosout][INFO] 2021-12-08 08:03:33,688: initializing /rosout core topic
[rospy.rosout][INFO] 2021-12-08 08:03:33,690: connected to core topic /rosout
[rospy.simtime][INFO] 2021-12-08 08:03:33,691: /use_sim_time is not set, will not subscribe to simulated time [/clock] topic
[rospy.internal][INFO] 2021-12-08 08:03:33,757: topic[/move_group/fake_controller_joint_states] adding connection to [http://wng:38277/], count 0
[rospy.internal][INFO] 2021-12-08 08:03:33,920: topic[/rosout] adding connection to [/rosout], count 0
[rospy.internal][INFO] 2021-12-08 08:03:33,921: topic[/joint_states] adding connection to [/joint_state_desired_publisher], count 0
[rospy.internal][INFO] 2021-12-08 08:03:33,921: topic[/joint_states] adding connection to [/robot_state_publisher], count 1
[rospy.internal][INFO] 2021-12-08 08:04:13,009: topic[/joint_states] adding connection to [/move_group_commander_wrappers_1638918226210617660], count 2
[rospy.core][INFO] 2021-12-08 08:04:20,311: signal_shutdown [signal-2]
[rospy.internal][INFO] 2021-12-08 08:04:20,317: topic[/joint_states] removing connection to /joint_state_desired_publisher
[rospy.internal][INFO] 2021-12-08 08:04:20,317: topic[/joint_states] removing connection to /robot_state_publisher
[rospy.internal][INFO] 2021-12-08 08:04:20,317: topic[/joint_states] removing connection to /move_group_commander_wrappers_1638918226210617660
[rospy.internal][INFO] 2021-12-08 08:04:20,317: topic[/rosout] removing connection to /rosout
[rospy.internal][INFO] 2021-12-08 08:04:20,318: topic[/move_group/fake_controller_joint_states] removing connection to http://wng:38277/
[rospy.impl.masterslave][INFO] 2021-12-08 08:04:20,318: signal-2
[rospy.core][INFO] 2021-12-08 08:04:20,433: signal_shutdown [atexit]
