[rospy.client][INFO] 2021-11-25 19:04:05,619: init_node, name[/joint_state_publisher], pid[28679]
[xmlrpc][INFO] 2021-11-25 19:04:05,619: XML-RPC server binding to 0.0.0.0:0
[xmlrpc][INFO] 2021-11-25 19:04:05,619: Started XML-RPC server [http://wng:36167/]
[rospy.init][INFO] 2021-11-25 19:04:05,619: ROS Slave URI: [http://wng:36167/]
[rospy.impl.masterslave][INFO] 2021-11-25 19:04:05,620: _ready: http://wng:36167/
[rospy.registration][INFO] 2021-11-25 19:04:05,620: Registering with master node http://localhost:11311
[xmlrpc][INFO] 2021-11-25 19:04:05,621: xml rpc node: starting XML-RPC server
[rospy.init][INFO] 2021-11-25 19:04:05,720: registered with master
[rospy.rosout][INFO] 2021-11-25 19:04:05,720: initializing /rosout core topic
[rospy.rosout][INFO] 2021-11-25 19:04:05,721: connected to core topic /rosout
[rospy.simtime][INFO] 2021-11-25 19:04:05,722: /use_sim_time is not set, will not subscribe to simulated time [/clock] topic
[rospy.internal][INFO] 2021-11-25 19:04:05,785: topic[/move_group/fake_controller_joint_states] adding connection to [http://wng:36025/], count 0
[rospy.internal][INFO] 2021-11-25 19:04:05,924: topic[/rosout] adding connection to [/rosout], count 0
[rospy.internal][INFO] 2021-11-25 19:04:06,024: topic[/joint_states] adding connection to [/joint_state_desired_publisher], count 0
[rospy.internal][INFO] 2021-11-25 19:04:06,027: topic[/joint_states] adding connection to [/robot_state_publisher], count 1
[rospy.internal][INFO] 2021-11-25 19:04:58,037: topic[/joint_states] adding connection to [/move_group_commander_wrappers_1637834654298659773], count 2
[rospy.internal][INFO] 2021-11-25 19:34:26,037: topic[/joint_states] removing connection to /move_group_commander_wrappers_1637834654298659773
[rospy.core][INFO] 2021-11-25 19:41:11,702: signal_shutdown [signal-2]
[rospy.internal][INFO] 2021-11-25 19:41:11,704: topic[/joint_states] removing connection to /joint_state_desired_publisher
[rospy.internal][INFO] 2021-11-25 19:41:11,705: topic[/joint_states] removing connection to /robot_state_publisher
[rospy.internal][INFO] 2021-11-25 19:41:11,705: topic[/rosout] removing connection to /rosout
[rospy.internal][INFO] 2021-11-25 19:41:11,705: topic[/move_group/fake_controller_joint_states] removing connection to http://wng:36025/
[rospy.internal][WARNING] 2021-11-25 19:41:11,705: Unknown error initiating TCP/IP socket to wng:43783 (http://wng:36025/): Traceback (most recent call last):
  File "/opt/ros/melodic/lib/python2.7/dist-packages/rospy/impl/tcpros_base.py", line 562, in connect
    self.read_header()
  File "/opt/ros/melodic/lib/python2.7/dist-packages/rospy/impl/tcpros_base.py", line 657, in read_header
    self._validate_header(read_ros_handshake_header(sock, self.read_buff, self.protocol.buff_size))
AttributeError: 'NoneType' object has no attribute 'buff_size'

[rospy.topics][ERROR] 2021-11-25 19:41:11,705: Traceback (most recent call last):
  File "/opt/ros/melodic/lib/python2.7/dist-packages/rospy/topics.py", line 326, in close
    c.close()
  File "/opt/ros/melodic/lib/python2.7/dist-packages/rospy/impl/tcpros_base.py", line 846, in close
    self.socket.close()
AttributeError: 'NoneType' object has no attribute 'close'

[rospy.impl.masterslave][INFO] 2021-11-25 19:41:11,706: signal-2
[rospy.core][INFO] 2021-11-25 19:41:11,837: signal_shutdown [atexit]
