[rosmaster.main][INFO] 2021-09-23 10:53:07,413: initialization complete, waiting for shutdown
[rosmaster.main][INFO] 2021-09-23 10:53:07,414: Starting ROS Master Node
[xmlrpc][INFO] 2021-09-23 10:53:07,414: XML-RPC server binding to 0.0.0.0:11311
[xmlrpc][INFO] 2021-09-23 10:53:07,414: Started XML-RPC server [http://wng:11311/]
[xmlrpc][INFO] 2021-09-23 10:53:07,414: xml rpc node: starting XML-RPC server
[rosmaster.master][INFO] 2021-09-23 10:53:07,414: Master initialized: port[11311], uri[http://wng:11311/]
[rosmaster.master][INFO] 2021-09-23 10:53:07,476: +PARAM [/run_id] by /roslaunch
[rosmaster.master][INFO] 2021-09-23 10:53:07,477: +PARAM [/roslaunch/uris/host_wng__32803] by /roslaunch
[rosmaster.master][INFO] 2021-09-23 10:53:07,523: +SERVICE [/rosout/get_loggers] /rosout http://wng:37819/
[rosmaster.master][INFO] 2021-09-23 10:53:07,523: +SERVICE [/rosout/set_logger_level] /rosout http://wng:37819/
[rosmaster.master][INFO] 2021-09-23 10:53:07,523: +PUB [/rosout_agg] /rosout http://wng:37819/
[rosmaster.master][INFO] 2021-09-23 10:53:07,524: +SUB [/rosout] /rosout http://wng:37819/
[rosmaster.master][INFO] 2021-09-23 10:53:07,573: +PARAM [/move_group/planner_configs/RRTkConfigDefault/goal_bias] by /roslaunch
[rosmaster.master][INFO] 2021-09-23 10:53:07,573: +PARAM [/move_group/panda_arm/planner_configs] by /roslaunch
[rosmaster.master][INFO] 2021-09-23 10:53:07,573: +PARAM [/robot_description_semantic] by /roslaunch
[rosmaster.master][INFO] 2021-09-23 10:53:07,573: +PARAM [/move_group/planner_configs/SPARStwokConfigDefault/stretch_factor] by /roslaunch
[rosmaster.master][INFO] 2021-09-23 10:53:07,573: +PARAM [/robot_description_planning/joint_limits/panda_joint3/has_acceleration_limits] by /roslaunch
[rosmaster.master][INFO] 2021-09-23 10:53:07,573: +PARAM [/move_group/planner_configs/STRIDEkConfigDefault/max_degree] by /roslaunch
[rosmaster.master][INFO] 2021-09-23 10:53:07,573: +PARAM [/move_group/planner_configs/RRTstarkConfigDefault/range] by /roslaunch
[rosmaster.master][INFO] 2021-09-23 10:53:07,573: +PARAM [/move_group/planner_configs/SPARSkConfigDefault/sparse_delta_fraction] by /roslaunch
[rosmaster.master][INFO] 2021-09-23 10:53:07,573: +PARAM [/move_group/planner_configs/FMTkConfigDefault/radius_multiplier] by /roslaunch
[rosmaster.master][INFO] 2021-09-23 10:53:07,573: +PARAM [/move_group/controller_list] by /roslaunch
[rosmaster.master][INFO] 2021-09-23 10:53:07,573: +PARAM [/move_group/planner_configs/BFMTkConfigDefault/cache_cc] by /roslaunch
[rosmaster.master][INFO] 2021-09-23 10:53:07,573: +PARAM [/move_group/planner_configs/STRIDEkConfigDefault/goal_bias] by /roslaunch
[rosmaster.master][INFO] 2021-09-23 10:53:07,574: +PARAM [/move_group/max_safe_path_cost] by /roslaunch
[rosmaster.master][INFO] 2021-09-23 10:53:07,574: +PARAM [/move_group/planner_configs/BiTRRTkConfigDefault/temp_change_factor] by /roslaunch
[rosmaster.master][INFO] 2021-09-23 10:53:07,574: +PARAM [/move_group/planner_configs/SPARStwokConfigDefault/sparse_delta_fraction] by /roslaunch
[rosmaster.master][INFO] 2021-09-23 10:53:07,574: +PARAM [/move_group/hand/planner_configs] by /roslaunch
[rosmaster.master][INFO] 2021-09-23 10:53:07,574: +PARAM [/move_group/planner_configs/RRTstarkConfigDefault/goal_bias] by /roslaunch
[rosmaster.master][INFO] 2021-09-23 10:53:07,574: +PARAM [/move_group/planner_configs/STRIDEkConfigDefault/range] by /roslaunch
[rosmaster.master][INFO] 2021-09-23 10:53:07,574: +PARAM [/move_group/planning_scene_monitor/publish_planning_scene] by /roslaunch
[rosmaster.master][INFO] 2021-09-23 10:53:07,574: +PARAM [/move_group/octomap_frame] by /roslaunch
[rosmaster.master][INFO] 2021-09-23 10:53:07,574: +PARAM [/move_group/planner_configs/PRMkConfigDefault/type] by /roslaunch
[rosmaster.master][INFO] 2021-09-23 10:53:07,574: +PARAM [/move_group/planner_configs/BiESTkConfigDefault/range] by /roslaunch
[rosmaster.master][INFO] 2021-09-23 10:53:07,574: +PARAM [/move_group/planner_configs/ESTkConfigDefault/range] by /roslaunch
[rosmaster.master][INFO] 2021-09-23 10:53:07,574: +PARAM [/move_group/planner_configs/KPIECEkConfigDefault/min_valid_path_fraction] by /roslaunch
[rosmaster.master][INFO] 2021-09-23 10:53:07,574: +PARAM [/robot_description_planning/joint_limits/panda_finger_joint2/max_acceleration] by /roslaunch
[rosmaster.master][INFO] 2021-09-23 10:53:07,574: +PARAM [/move_group/planner_configs/BKPIECEkConfigDefault/border_fraction] by /roslaunch
[rosmaster.master][INFO] 2021-09-23 10:53:07,574: +PARAM [/move_group/planner_configs/SPARStwokConfigDefault/max_failures] by /roslaunch
[rosmaster.master][INFO] 2021-09-23 10:53:07,574: +PARAM [/move_group/planner_configs/BiTRRTkConfigDefault/frountier_node_ratio] by /roslaunch
[rosmaster.master][INFO] 2021-09-23 10:53:07,574: +PARAM [/move_group/planner_configs/PRMkConfigDefault/max_nearest_neighbors] by /roslaunch
[rosmaster.master][INFO] 2021-09-23 10:53:07,575: +PARAM [/move_group/planner_configs/BiTRRTkConfigDefault/cost_threshold] by /roslaunch
[rosmaster.master][INFO] 2021-09-23 10:53:07,575: +PARAM [/robot_description_kinematics/panda_arm/kinematics_solver] by /roslaunch
[rosmaster.master][INFO] 2021-09-23 10:53:07,575: +PARAM [/move_group/planner_configs/TRRTkConfigDefault/goal_bias] by /roslaunch
[rosmaster.master][INFO] 2021-09-23 10:53:07,575: +PARAM [/move_group/planner_configs/LBTRRTkConfigDefault/type] by /roslaunch
[rosmaster.master][INFO] 2021-09-23 10:53:07,575: +PARAM [/move_group/planner_configs/FMTkConfigDefault/cache_cc] by /roslaunch
[rosmaster.master][INFO] 2021-09-23 10:53:07,575: +PARAM [/robot_description_planning/joint_limits/panda_joint2/max_velocity] by /roslaunch
[rosmaster.master][INFO] 2021-09-23 10:53:07,575: +PARAM [/robot_description_planning/joint_limits/panda_joint5/max_acceleration] by /roslaunch
[rosmaster.master][INFO] 2021-09-23 10:53:07,575: +PARAM [/move_group/planner_configs/FMTkConfigDefault/type] by /roslaunch
[rosmaster.master][INFO] 2021-09-23 10:53:07,575: +PARAM [/move_group/planner_configs/ProjESTkConfigDefault/type] by /roslaunch
[rosmaster.master][INFO] 2021-09-23 10:53:07,575: +PARAM [/move_group/planner_configs/LBTRRTkConfigDefault/epsilon] by /roslaunch
[rosmaster.master][INFO] 2021-09-23 10:53:07,575: +PARAM [/move_group/planner_configs/LazyPRMkConfigDefault/type] by /roslaunch
[rosmaster.master][INFO] 2021-09-23 10:53:07,575: +PARAM [/move_group/planner_configs/STRIDEkConfigDefault/min_degree] by /roslaunch
[rosmaster.master][INFO] 2021-09-23 10:53:07,575: +PARAM [/move_group/planner_configs/TRRTkConfigDefault/max_states_failed] by /roslaunch
[rosmaster.master][INFO] 2021-09-23 10:53:07,575: +PARAM [/move_group/planner_configs/BKPIECEkConfigDefault/min_valid_path_fraction] by /roslaunch
[rosmaster.master][INFO] 2021-09-23 10:53:07,575: +PARAM [/move_group/planner_configs/SBLkConfigDefault/range] by /roslaunch
[rosmaster.master][INFO] 2021-09-23 10:53:07,575: +PARAM [/robot_description_planning/joint_limits/panda_finger_joint2/has_acceleration_limits] by /roslaunch
[rosmaster.master][INFO] 2021-09-23 10:53:07,575: +PARAM [/robot_description_planning/joint_limits/panda_joint6/max_velocity] by /roslaunch
[rosmaster.master][INFO] 2021-09-23 10:53:07,576: +PARAM [/move_group/planner_configs/TRRTkConfigDefault/frountierNodeRatio] by /roslaunch
[rosmaster.master][INFO] 2021-09-23 10:53:07,576: +PARAM [/move_group/planner_configs/BFMTkConfigDefault/type] by /roslaunch
[rosmaster.master][INFO] 2021-09-23 10:53:07,576: +PARAM [/rviz_wng_28784_8007540370732014797/panda_arm/kinematics_solver_search_resolution] by /roslaunch
[rosmaster.master][INFO] 2021-09-23 10:53:07,576: +PARAM [/robot_description_planning/joint_limits/panda_joint3/max_acceleration] by /roslaunch
[rosmaster.master][INFO] 2021-09-23 10:53:07,576: +PARAM [/move_group/planning_plugin] by /roslaunch
[rosmaster.master][INFO] 2021-09-23 10:53:07,576: +PARAM [/robot_description_planning/joint_limits/panda_joint7/max_velocity] by /roslaunch
[rosmaster.master][INFO] 2021-09-23 10:53:07,576: +PARAM [/move_group/planning_scene_monitor/publish_geometry_updates] by /roslaunch
[rosmaster.master][INFO] 2021-09-23 10:53:07,576: +PARAM [/rviz_wng_28784_8007540370732014797/panda_arm/kinematics_solver] by /roslaunch
[rosmaster.master][INFO] 2021-09-23 10:53:07,576: +PARAM [/move_group/planner_configs/LazyPRMkConfigDefault/range] by /roslaunch
[rosmaster.master][INFO] 2021-09-23 10:53:07,576: +PARAM [/move_group/planner_configs/TRRTkConfigDefault/type] by /roslaunch
[rosmaster.master][INFO] 2021-09-23 10:53:07,576: +PARAM [/robot_description_planning/joint_limits/panda_joint5/max_velocity] by /roslaunch
[rosmaster.master][INFO] 2021-09-23 10:53:07,576: +PARAM [/move_group/planner_configs/BiTRRTkConfigDefault/init_temperature] by /roslaunch
[rosmaster.master][INFO] 2021-09-23 10:53:07,576: +PARAM [/move_group/planner_configs/SPARSkConfigDefault/max_failures] by /roslaunch
[rosmaster.master][INFO] 2021-09-23 10:53:07,576: +PARAM [/move_group/planner_configs/BiTRRTkConfigDefault/range] by /roslaunch
[rosmaster.master][INFO] 2021-09-23 10:53:07,576: +PARAM [/move_group/planner_configs/PDSTkConfigDefault/type] by /roslaunch
[rosmaster.master][INFO] 2021-09-23 10:53:07,576: +PARAM [/move_group/trajectory_execution/allowed_goal_duration_margin] by /roslaunch
[rosmaster.master][INFO] 2021-09-23 10:53:07,576: +PARAM [/rosdistro] by /roslaunch
[rosmaster.master][INFO] 2021-09-23 10:53:07,577: +PARAM [/robot_description_planning/joint_limits/panda_joint1/has_velocity_limits] by /roslaunch
[rosmaster.master][INFO] 2021-09-23 10:53:07,577: +PARAM [/move_group/planner_configs/STRIDEkConfigDefault/max_pts_per_leaf] by /roslaunch
[rosmaster.master][INFO] 2021-09-23 10:53:07,577: +PARAM [/move_group/planner_configs/BFMTkConfigDefault/nearest_k] by /roslaunch
[rosmaster.master][INFO] 2021-09-23 10:53:07,577: +PARAM [/move_group/planner_configs/LazyPRMstarkConfigDefault/type] by /roslaunch
[rosmaster.master][INFO] 2021-09-23 10:53:07,577: +PARAM [/robot_description_kinematics/panda_arm/kinematics_solver_timeout] by /roslaunch
[rosmaster.master][INFO] 2021-09-23 10:53:07,577: +PARAM [/move_group/planner_configs/PRMstarkConfigDefault/type] by /roslaunch
[rosmaster.master][INFO] 2021-09-23 10:53:07,577: +PARAM [/move_group/planner_configs/RRTkConfigDefault/range] by /roslaunch
[rosmaster.master][INFO] 2021-09-23 10:53:07,577: +PARAM [/move_group/allow_trajectory_execution] by /roslaunch
[rosmaster.master][INFO] 2021-09-23 10:53:07,577: +PARAM [/move_group/planner_configs/SPARSkConfigDefault/stretch_factor] by /roslaunch
[rosmaster.master][INFO] 2021-09-23 10:53:07,577: +PARAM [/move_group/planner_configs/ESTkConfigDefault/type] by /roslaunch
[rosmaster.master][INFO] 2021-09-23 10:53:07,577: +PARAM [/robot_description_planning/joint_limits/panda_joint4/max_acceleration] by /roslaunch
[rosmaster.master][INFO] 2021-09-23 10:53:07,577: +PARAM [/move_group/start_state_max_bounds_error] by /roslaunch
[rosmaster.master][INFO] 2021-09-23 10:53:07,577: +PARAM [/robot_description_planning/joint_limits/panda_finger_joint2/has_velocity_limits] by /roslaunch
[rosmaster.master][INFO] 2021-09-23 10:53:07,577: +PARAM [/move_group/max_range] by /roslaunch
[rosmaster.master][INFO] 2021-09-23 10:53:07,577: +PARAM [/robot_description_kinematics/panda_arm/kinematics_solver_search_resolution] by /roslaunch
[rosmaster.master][INFO] 2021-09-23 10:53:07,577: +PARAM [/robot_description_planning/joint_limits/panda_joint2/max_acceleration] by /roslaunch
[rosmaster.master][INFO] 2021-09-23 10:53:07,577: +PARAM [/move_group/planner_configs/RRTstarkConfigDefault/type] by /roslaunch
[rosmaster.master][INFO] 2021-09-23 10:53:07,578: +PARAM [/move_group/planner_configs/STRIDEkConfigDefault/min_valid_path_fraction] by /roslaunch
[rosmaster.master][INFO] 2021-09-23 10:53:07,578: +PARAM [/robot_description_planning/joint_limits/panda_joint7/has_acceleration_limits] by /roslaunch
[rosmaster.master][INFO] 2021-09-23 10:53:07,578: +PARAM [/move_group/planner_configs/BiTRRTkConfigDefault/frountier_threshold] by /roslaunch
[rosmaster.master][INFO] 2021-09-23 10:53:07,578: +PARAM [/robot_description_planning/joint_limits/panda_joint5/has_acceleration_limits] by /roslaunch
[rosmaster.master][INFO] 2021-09-23 10:53:07,578: +PARAM [/joint_state_publisher/use_gui] by /roslaunch
[rosmaster.master][INFO] 2021-09-23 10:53:07,578: +PARAM [/move_group/planner_configs/BKPIECEkConfigDefault/type] by /roslaunch
[rosmaster.master][INFO] 2021-09-23 10:53:07,578: +PARAM [/robot_description_planning/joint_limits/panda_joint7/max_acceleration] by /roslaunch
[rosmaster.master][INFO] 2021-09-23 10:53:07,578: +PARAM [/robot_description_planning/joint_limits/panda_joint6/max_acceleration] by /roslaunch
[rosmaster.master][INFO] 2021-09-23 10:53:07,578: +PARAM [/move_group/trajectory_execution/allowed_execution_duration_scaling] by /roslaunch
[rosmaster.master][INFO] 2021-09-23 10:53:07,578: +PARAM [/rviz_wng_28784_8007540370732014797/panda_arm/kinematics_solver_timeout] by /roslaunch
[rosmaster.master][INFO] 2021-09-23 10:53:07,578: +PARAM [/move_group/planner_configs/KPIECEkConfigDefault/border_fraction] by /roslaunch
[rosmaster.master][INFO] 2021-09-23 10:53:07,578: +PARAM [/move_group/trajectory_execution/allowed_start_tolerance] by /roslaunch
[rosmaster.master][INFO] 2021-09-23 10:53:07,578: +PARAM [/robot_description_planning/joint_limits/panda_joint3/max_velocity] by /roslaunch
[rosmaster.master][INFO] 2021-09-23 10:53:07,578: +PARAM [/move_group/moveit_manage_controllers] by /roslaunch
[rosmaster.master][INFO] 2021-09-23 10:53:07,578: +PARAM [/move_group/panda_arm_hand/planner_configs] by /roslaunch
[rosmaster.master][INFO] 2021-09-23 10:53:07,578: +PARAM [/move_group/planner_configs/FMTkConfigDefault/heuristics] by /roslaunch
[rosmaster.master][INFO] 2021-09-23 10:53:07,578: +PARAM [/move_group/planner_configs/BFMTkConfigDefault/optimality] by /roslaunch
[rosmaster.master][INFO] 2021-09-23 10:53:07,578: +PARAM [/robot_description_planning/joint_limits/panda_joint2/has_acceleration_limits] by /roslaunch
[rosmaster.master][INFO] 2021-09-23 10:53:07,579: +PARAM [/move_group/planner_configs/FMTkConfigDefault/nearest_k] by /roslaunch
[rosmaster.master][INFO] 2021-09-23 10:53:07,579: +PARAM [/move_group/planner_configs/ProjESTkConfigDefault/goal_bias] by /roslaunch
[rosmaster.master][INFO] 2021-09-23 10:53:07,579: +PARAM [/move_group/planner_configs/ESTkConfigDefault/goal_bias] by /roslaunch
[rosmaster.master][INFO] 2021-09-23 10:53:07,579: +PARAM [/move_group/planner_configs/BFMTkConfigDefault/radius_multiplier] by /roslaunch
[rosmaster.master][INFO] 2021-09-23 10:53:07,579: +PARAM [/move_group/planner_configs/LBKPIECEkConfigDefault/border_fraction] by /roslaunch
[rosmaster.master][INFO] 2021-09-23 10:53:07,579: +PARAM [/move_group/jiggle_fraction] by /roslaunch
[rosmaster.master][INFO] 2021-09-23 10:53:07,579: +PARAM [/move_group/planner_configs/SPARStwokConfigDefault/dense_delta_fraction] by /roslaunch
[rosmaster.master][INFO] 2021-09-23 10:53:07,579: +PARAM [/move_group/planner_configs/BFMTkConfigDefault/num_samples] by /roslaunch
[rosmaster.master][INFO] 2021-09-23 10:53:07,579: +PARAM [/move_group/planner_configs/TRRTkConfigDefault/range] by /roslaunch
[rosmaster.master][INFO] 2021-09-23 10:53:07,579: +PARAM [/move_group/planning_scene_monitor/publish_state_updates] by /roslaunch
[rosmaster.master][INFO] 2021-09-23 10:53:07,579: +PARAM [/move_group/planner_configs/TRRTkConfigDefault/temp_change_factor] by /roslaunch
[rosmaster.master][INFO] 2021-09-23 10:53:07,579: +PARAM [/robot_description_planning/joint_limits/panda_joint1/max_velocity] by /roslaunch
[rosmaster.master][INFO] 2021-09-23 10:53:07,579: +PARAM [/move_group/planner_configs/BKPIECEkConfigDefault/range] by /roslaunch
[rosmaster.master][INFO] 2021-09-23 10:53:07,579: +PARAM [/move_group/planner_configs/SBLkConfigDefault/type] by /roslaunch
[rosmaster.master][INFO] 2021-09-23 10:53:07,579: +PARAM [/robot_description_planning/joint_limits/panda_finger_joint1/has_velocity_limits] by /roslaunch
[rosmaster.master][INFO] 2021-09-23 10:53:07,579: +PARAM [/move_group/planner_configs/LBTRRTkConfigDefault/range] by /roslaunch
[rosmaster.master][INFO] 2021-09-23 10:53:07,579: +PARAM [/robot_description] by /roslaunch
[rosmaster.master][INFO] 2021-09-23 10:53:07,580: +PARAM [/move_group/planner_configs/FMTkConfigDefault/extended_fmt] by /roslaunch
[rosmaster.master][INFO] 2021-09-23 10:53:07,580: +PARAM [/move_group/planner_configs/LBKPIECEkConfigDefault/range] by /roslaunch
[rosmaster.master][INFO] 2021-09-23 10:53:07,580: +PARAM [/robot_description_planning/joint_limits/panda_joint5/has_velocity_limits] by /roslaunch
[rosmaster.master][INFO] 2021-09-23 10:53:07,580: +PARAM [/robot_description_planning/joint_limits/panda_finger_joint1/max_velocity] by /roslaunch
[rosmaster.master][INFO] 2021-09-23 10:53:07,580: +PARAM [/move_group/moveit_controller_manager] by /roslaunch
[rosmaster.master][INFO] 2021-09-23 10:53:07,580: +PARAM [/robot_description_planning/joint_limits/panda_joint1/max_acceleration] by /roslaunch
[rosmaster.master][INFO] 2021-09-23 10:53:07,580: +PARAM [/move_group/planner_configs/TRRTkConfigDefault/frountier_threshold] by /roslaunch
[rosmaster.master][INFO] 2021-09-23 10:53:07,580: +PARAM [/move_group/planner_configs/BFMTkConfigDefault/heuristics] by /roslaunch
[rosmaster.master][INFO] 2021-09-23 10:53:07,580: +PARAM [/robot_description_planning/joint_limits/panda_finger_joint1/has_acceleration_limits] by /roslaunch
[rosmaster.master][INFO] 2021-09-23 10:53:07,580: +PARAM [/move_group/planner_configs/KPIECEkConfigDefault/range] by /roslaunch
[rosmaster.master][INFO] 2021-09-23 10:53:07,580: +PARAM [/robot_description_planning/joint_limits/panda_joint7/has_velocity_limits] by /roslaunch
[rosmaster.master][INFO] 2021-09-23 10:53:07,580: +PARAM [/move_group/planner_configs/KPIECEkConfigDefault/goal_bias] by /roslaunch
[rosmaster.master][INFO] 2021-09-23 10:53:07,580: +PARAM [/move_group/planner_configs/RRTConnectkConfigDefault/range] by /roslaunch
[rosmaster.master][INFO] 2021-09-23 10:53:07,580: +PARAM [/robot_description_planning/joint_limits/panda_joint4/has_velocity_limits] by /roslaunch
[rosmaster.master][INFO] 2021-09-23 10:53:07,580: +PARAM [/move_group/request_adapters] by /roslaunch
[rosmaster.master][INFO] 2021-09-23 10:53:07,580: +PARAM [/move_group/planner_configs/TRRTkConfigDefault/min_temperature] by /roslaunch
[rosmaster.master][INFO] 2021-09-23 10:53:07,580: +PARAM [/robot_description_planning/joint_limits/panda_joint6/has_acceleration_limits] by /roslaunch
[rosmaster.master][INFO] 2021-09-23 10:53:07,581: +PARAM [/move_group/planner_configs/BFMTkConfigDefault/balanced] by /roslaunch
[rosmaster.master][INFO] 2021-09-23 10:53:07,581: +PARAM [/move_group/planner_configs/ProjESTkConfigDefault/range] by /roslaunch
[rosmaster.master][INFO] 2021-09-23 10:53:07,581: +PARAM [/move_group/octomap_resolution] by /roslaunch
[rosmaster.master][INFO] 2021-09-23 10:53:07,581: +PARAM [/move_group/planner_configs/STRIDEkConfigDefault/degree] by /roslaunch
[rosmaster.master][INFO] 2021-09-23 10:53:07,581: +PARAM [/move_group/planner_configs/KPIECEkConfigDefault/failed_expansion_score_factor] by /roslaunch
[rosmaster.master][INFO] 2021-09-23 10:53:07,581: +PARAM [/move_group/initial] by /roslaunch
[rosmaster.master][INFO] 2021-09-23 10:53:07,581: +PARAM [/move_group/planning_scene_monitor/publish_transforms_updates] by /roslaunch
[rosmaster.master][INFO] 2021-09-23 10:53:07,581: +PARAM [/move_group/planner_configs/SPARSkConfigDefault/type] by /roslaunch
[rosmaster.master][INFO] 2021-09-23 10:53:07,581: +PARAM [/move_group/planner_configs/TRRTkConfigDefault/init_temperature] by /roslaunch
[rosmaster.master][INFO] 2021-09-23 10:53:07,581: +PARAM [/move_group/sensors] by /roslaunch
[rosmaster.master][INFO] 2021-09-23 10:53:07,581: +PARAM [/robot_description_planning/joint_limits/panda_joint1/has_acceleration_limits] by /roslaunch
[rosmaster.master][INFO] 2021-09-23 10:53:07,581: +PARAM [/move_group/planner_configs/STRIDEkConfigDefault/type] by /roslaunch
[rosmaster.master][INFO] 2021-09-23 10:53:07,581: +PARAM [/move_group/planner_configs/TrajOptDefault/type] by /roslaunch
[rosmaster.master][INFO] 2021-09-23 10:53:07,581: +PARAM [/move_group/planner_configs/RRTstarkConfigDefault/delay_collision_checking] by /roslaunch
[rosmaster.master][INFO] 2021-09-23 10:53:07,581: +PARAM [/move_group/planner_configs/KPIECEkConfigDefault/type] by /roslaunch
[rosmaster.master][INFO] 2021-09-23 10:53:07,581: +PARAM [/robot_description_planning/joint_limits/panda_joint3/has_velocity_limits] by /roslaunch
[rosmaster.master][INFO] 2021-09-23 10:53:07,581: +PARAM [/robot_description_planning/joint_limits/panda_joint6/has_velocity_limits] by /roslaunch
[rosmaster.master][INFO] 2021-09-23 10:53:07,582: +PARAM [/move_group/planner_configs/BiTRRTkConfigDefault/type] by /roslaunch
[rosmaster.master][INFO] 2021-09-23 10:53:07,582: +PARAM [/robot_description_planning/joint_limits/panda_finger_joint2/max_velocity] by /roslaunch
[rosmaster.master][INFO] 2021-09-23 10:53:07,582: +PARAM [/move_group/planner_configs/RRTConnectkConfigDefault/type] by /roslaunch
[rosmaster.master][INFO] 2021-09-23 10:53:07,582: +PARAM [/move_group/planner_configs/SPARSkConfigDefault/dense_delta_fraction] by /roslaunch
[rosmaster.master][INFO] 2021-09-23 10:53:07,582: +PARAM [/move_group/planner_configs/LBTRRTkConfigDefault/goal_bias] by /roslaunch
[rosmaster.master][INFO] 2021-09-23 10:53:07,582: +PARAM [/robot_description_planning/joint_limits/panda_finger_joint1/max_acceleration] by /roslaunch
[rosmaster.master][INFO] 2021-09-23 10:53:07,582: +PARAM [/move_group/planner_configs/BKPIECEkConfigDefault/failed_expansion_score_factor] by /roslaunch
[rosmaster.master][INFO] 2021-09-23 10:53:07,582: +PARAM [/move_group/planner_configs/LBKPIECEkConfigDefault/min_valid_path_fraction] by /roslaunch
[rosmaster.master][INFO] 2021-09-23 10:53:07,582: +PARAM [/rosversion] by /roslaunch
[rosmaster.master][INFO] 2021-09-23 10:53:07,582: +PARAM [/move_group/planner_configs/BiESTkConfigDefault/type] by /roslaunch
[rosmaster.master][INFO] 2021-09-23 10:53:07,582: +PARAM [/robot_description_planning/joint_limits/panda_joint2/has_velocity_limits] by /roslaunch
[rosmaster.master][INFO] 2021-09-23 10:53:07,582: +PARAM [/move_group/planner_configs/STRIDEkConfigDefault/estimated_dimension] by /roslaunch
[rosmaster.master][INFO] 2021-09-23 10:53:07,582: +PARAM [/move_group/planner_configs/STRIDEkConfigDefault/use_projected_distance] by /roslaunch
[rosmaster.master][INFO] 2021-09-23 10:53:07,582: +PARAM [/move_group/planner_configs/TRRTkConfigDefault/k_constant] by /roslaunch
[rosmaster.master][INFO] 2021-09-23 10:53:07,582: +PARAM [/move_group/planner_configs/FMTkConfigDefault/num_samples] by /roslaunch
[rosmaster.master][INFO] 2021-09-23 10:53:07,582: +PARAM [/move_group/planner_configs/LBKPIECEkConfigDefault/type] by /roslaunch
[rosmaster.master][INFO] 2021-09-23 10:53:07,582: +PARAM [/move_group/planner_configs/BFMTkConfigDefault/extended_fmt] by /roslaunch
[rosmaster.master][INFO] 2021-09-23 10:53:07,583: +PARAM [/robot_description_planning/joint_limits/panda_joint4/max_velocity] by /roslaunch
[rosmaster.master][INFO] 2021-09-23 10:53:07,583: +PARAM [/robot_description_planning/joint_limits/panda_joint4/has_acceleration_limits] by /roslaunch
[rosmaster.master][INFO] 2021-09-23 10:53:07,583: +PARAM [/move_group/planner_configs/SPARStwokConfigDefault/type] by /roslaunch
[rosmaster.master][INFO] 2021-09-23 10:53:07,583: +PARAM [/move_group/planner_configs/RRTkConfigDefault/type] by /roslaunch
[rosmaster.master][INFO] 2021-09-23 10:53:07,583: +PARAM [/source_list] by /roslaunch
[rosmaster.master][INFO] 2021-09-23 10:53:07,604: +PUB [/rosout] /joint_state_desired_publisher http://wng:40097/
[rosmaster.master][INFO] 2021-09-23 10:53:07,604: +SERVICE [/joint_state_desired_publisher/get_loggers] /joint_state_desired_publisher http://wng:40097/
[rosmaster.master][INFO] 2021-09-23 10:53:07,605: +SERVICE [/joint_state_desired_publisher/set_logger_level] /joint_state_desired_publisher http://wng:40097/
[rosmaster.master][INFO] 2021-09-23 10:53:07,606: +SUB [/joint_states] /joint_state_desired_publisher http://wng:40097/
[rosmaster.master][INFO] 2021-09-23 10:53:07,612: +PUB [/rosout] /robot_state_publisher http://wng:43617/
[rosmaster.master][INFO] 2021-09-23 10:53:07,612: +SERVICE [/robot_state_publisher/get_loggers] /robot_state_publisher http://wng:43617/
[rosmaster.master][INFO] 2021-09-23 10:53:07,612: +SERVICE [/robot_state_publisher/set_logger_level] /robot_state_publisher http://wng:43617/
[rosmaster.master][INFO] 2021-09-23 10:53:07,614: publisherUpdate[/rosout] -> http://wng:37819/ ['http://wng:40097/']
[rosmaster.master][INFO] 2021-09-23 10:53:07,615: +PUB [/tf] /robot_state_publisher http://wng:43617/
[rosmaster.master][INFO] 2021-09-23 10:53:07,615: +PUB [/tf_static] /robot_state_publisher http://wng:43617/
[rosmaster.master][INFO] 2021-09-23 10:53:07,615: publisherUpdate[/rosout] -> http://wng:37819/ ['http://wng:40097/']: sec=0.00, result=[1, '', 0]
[rosmaster.master][INFO] 2021-09-23 10:53:07,615: publisherUpdate[/rosout] -> http://wng:37819/ ['http://wng:40097/', 'http://wng:43617/']
[rosmaster.master][INFO] 2021-09-23 10:53:07,616: publisherUpdate[/rosout] -> http://wng:37819/ ['http://wng:40097/', 'http://wng:43617/']: sec=0.00, result=[1, '', 0]
[rosmaster.master][INFO] 2021-09-23 10:53:07,617: +SUB [/joint_states] /robot_state_publisher http://wng:43617/
[rosmaster.master][INFO] 2021-09-23 10:53:07,647: +PUB [/rosout] /move_group http://wng:38683/
[rosmaster.master][INFO] 2021-09-23 10:53:07,648: +SERVICE [/move_group/get_loggers] /move_group http://wng:38683/
[rosmaster.master][INFO] 2021-09-23 10:53:07,648: +SERVICE [/move_group/set_logger_level] /move_group http://wng:38683/
[rosmaster.master][INFO] 2021-09-23 10:53:07,650: +SUB [/tf] /move_group http://wng:38683/
[rosmaster.master][INFO] 2021-09-23 10:53:07,651: +SUB [/tf_static] /move_group http://wng:38683/
[rosmaster.master][INFO] 2021-09-23 10:53:07,654: +CACHEDPARAM [/rosout_disable_topics_generation] by /move_group
[rosmaster.master][INFO] 2021-09-23 10:53:07,709: +SERVICE [/move_group/planning_scene_monitor/set_parameters] /move_group http://wng:38683/
[rosmaster.master][INFO] 2021-09-23 10:53:07,709: +PUB [/move_group/planning_scene_monitor/parameter_descriptions] /move_group http://wng:38683/
[rosmaster.master][INFO] 2021-09-23 10:53:07,709: +PUB [/move_group/planning_scene_monitor/parameter_updates] /move_group http://wng:38683/
[rosmaster.master][INFO] 2021-09-23 10:53:07,711: +PARAM [/move_group/planning_scene_monitor/publish_planning_scene] by /move_group
[rosmaster.master][INFO] 2021-09-23 10:53:07,711: +PARAM [/move_group/planning_scene_monitor/publish_planning_scene_hz] by /move_group
[rosmaster.master][INFO] 2021-09-23 10:53:07,711: +PARAM [/move_group/planning_scene_monitor/publish_geometry_updates] by /move_group
[rosmaster.master][INFO] 2021-09-23 10:53:07,712: +PARAM [/move_group/planning_scene_monitor/publish_state_updates] by /move_group
[rosmaster.master][INFO] 2021-09-23 10:53:07,712: +PARAM [/move_group/planning_scene_monitor/publish_transforms_updates] by /move_group
[rosmaster.master][INFO] 2021-09-23 10:53:07,712: +PUB [/move_group/monitored_planning_scene] /move_group http://wng:38683/
[rosmaster.master][INFO] 2021-09-23 10:53:07,713: +PARAM [/move_group/planning_scene_monitor/publish_planning_scene] by /move_group
[rosmaster.master][INFO] 2021-09-23 10:53:07,713: +PARAM [/move_group/planning_scene_monitor/publish_planning_scene_hz] by /move_group
[rosmaster.master][INFO] 2021-09-23 10:53:07,713: +PARAM [/move_group/planning_scene_monitor/publish_geometry_updates] by /move_group
[rosmaster.master][INFO] 2021-09-23 10:53:07,714: +PARAM [/move_group/planning_scene_monitor/publish_state_updates] by /move_group
[rosmaster.master][INFO] 2021-09-23 10:53:07,714: +PARAM [/move_group/planning_scene_monitor/publish_transforms_updates] by /move_group
[rosmaster.master][INFO] 2021-09-23 10:53:07,714: publisherUpdate[/rosout] -> http://wng:37819/ ['http://wng:40097/', 'http://wng:43617/', 'http://wng:38683/']
[rosmaster.master][INFO] 2021-09-23 10:53:07,715: +SUB [/planning_scene] /move_group http://wng:38683/
[rosmaster.master][INFO] 2021-09-23 10:53:07,715: publisherUpdate[/rosout] -> http://wng:37819/ ['http://wng:40097/', 'http://wng:43617/', 'http://wng:38683/']: sec=0.00, result=[1, '', 0]
[rosmaster.master][INFO] 2021-09-23 10:53:07,717: +SUB [/collision_object] /move_group http://wng:38683/
[rosmaster.master][INFO] 2021-09-23 10:53:07,718: +SUB [/planning_scene_world] /move_group http://wng:38683/
[rosmaster.master][INFO] 2021-09-23 10:53:07,722: +PUB [/rosout] /rviz_wng_28784_8007540370732014797 http://wng:34555/
[rosmaster.master][INFO] 2021-09-23 10:53:07,722: +SERVICE [/rviz_wng_28784_8007540370732014797/get_loggers] /rviz_wng_28784_8007540370732014797 http://wng:34555/
[rosmaster.master][INFO] 2021-09-23 10:53:07,723: +PUB [/move_group/filtered_cloud] /move_group http://wng:38683/
[rosmaster.master][INFO] 2021-09-23 10:53:07,723: +SERVICE [/rviz_wng_28784_8007540370732014797/set_logger_level] /rviz_wng_28784_8007540370732014797 http://wng:34555/
[rosmaster.master][INFO] 2021-09-23 10:53:07,723: +SERVICE [/move_group/save_map] /move_group http://wng:38683/
[rosmaster.master][INFO] 2021-09-23 10:53:07,723: +SERVICE [/move_group/load_map] /move_group http://wng:38683/
[rosmaster.master][INFO] 2021-09-23 10:53:07,724: +CACHEDPARAM [/rosout_disable_topics_generation] by /rviz_wng_28784_8007540370732014797
[rosmaster.master][INFO] 2021-09-23 10:53:07,726: +SUB [/camera/depth_registered/points] /move_group http://wng:38683/
[rosmaster.master][INFO] 2021-09-23 10:53:07,728: +SUB [/joint_states_desired] /move_group http://wng:38683/
[rosmaster.master][INFO] 2021-09-23 10:53:07,729: +SUB [/attached_collision_object] /move_group http://wng:38683/
[rosmaster.master][INFO] 2021-09-23 10:53:07,761: +SERVICE [/move_group/ompl/set_parameters] /move_group http://wng:38683/
[rosmaster.master][INFO] 2021-09-23 10:53:07,761: +PUB [/move_group/ompl/parameter_descriptions] /move_group http://wng:38683/
[rosmaster.master][INFO] 2021-09-23 10:53:07,762: +PUB [/move_group/ompl/parameter_updates] /move_group http://wng:38683/
[rosmaster.master][INFO] 2021-09-23 10:53:07,762: +PARAM [/move_group/ompl/simplify_solutions] by /move_group
[rosmaster.master][INFO] 2021-09-23 10:53:07,763: +PARAM [/move_group/ompl/minimum_waypoint_count] by /move_group
[rosmaster.master][INFO] 2021-09-23 10:53:07,763: +PARAM [/move_group/ompl/maximum_waypoint_distance] by /move_group
[rosmaster.master][INFO] 2021-09-23 10:53:07,763: +PARAM [/move_group/ompl/link_for_exploration_tree] by /move_group
[rosmaster.master][INFO] 2021-09-23 10:53:07,763: +PARAM [/move_group/ompl/display_random_valid_states] by /move_group
[rosmaster.master][INFO] 2021-09-23 10:53:07,763: +PARAM [/move_group/ompl/simplify_solutions] by /move_group
[rosmaster.master][INFO] 2021-09-23 10:53:07,764: +PARAM [/move_group/ompl/minimum_waypoint_count] by /move_group
[rosmaster.master][INFO] 2021-09-23 10:53:07,764: +PARAM [/move_group/ompl/maximum_waypoint_distance] by /move_group
[rosmaster.master][INFO] 2021-09-23 10:53:07,764: +PARAM [/move_group/ompl/link_for_exploration_tree] by /move_group
[rosmaster.master][INFO] 2021-09-23 10:53:07,764: +PARAM [/move_group/ompl/display_random_valid_states] by /move_group
[rosmaster.master][INFO] 2021-09-23 10:53:07,767: +PUB [/move_group/display_planned_path] /move_group http://wng:38683/
[rosmaster.master][INFO] 2021-09-23 10:53:07,767: +PUB [/move_group/display_contacts] /move_group http://wng:38683/
[rosmaster.master][INFO] 2021-09-23 10:53:07,770: +PUB [/move_group/fake_controller_joint_states] /move_group http://wng:38683/
[rosmaster.master][INFO] 2021-09-23 10:53:07,794: +SUB [/trajectory_execution_event] /move_group http://wng:38683/
[rosmaster.master][INFO] 2021-09-23 10:53:07,794: +SERVICE [/move_group/trajectory_execution/set_parameters] /move_group http://wng:38683/
[rosmaster.master][INFO] 2021-09-23 10:53:07,794: +PUB [/move_group/trajectory_execution/parameter_descriptions] /move_group http://wng:38683/
[rosmaster.master][INFO] 2021-09-23 10:53:07,794: +PUB [/move_group/trajectory_execution/parameter_updates] /move_group http://wng:38683/
[rosmaster.master][INFO] 2021-09-23 10:53:07,795: +PARAM [/move_group/trajectory_execution/execution_duration_monitoring] by /move_group
[rosmaster.master][INFO] 2021-09-23 10:53:07,795: +PARAM [/move_group/trajectory_execution/allowed_execution_duration_scaling] by /move_group
[rosmaster.master][INFO] 2021-09-23 10:53:07,796: +PARAM [/move_group/trajectory_execution/allowed_goal_duration_margin] by /move_group
[rosmaster.master][INFO] 2021-09-23 10:53:07,796: +PARAM [/move_group/trajectory_execution/execution_velocity_scaling] by /move_group
[rosmaster.master][INFO] 2021-09-23 10:53:07,796: +PARAM [/move_group/trajectory_execution/allowed_start_tolerance] by /move_group
[rosmaster.master][INFO] 2021-09-23 10:53:07,796: +PARAM [/move_group/trajectory_execution/wait_for_trajectory_completion] by /move_group
[rosmaster.master][INFO] 2021-09-23 10:53:07,797: +PARAM [/move_group/trajectory_execution/execution_duration_monitoring] by /move_group
[rosmaster.master][INFO] 2021-09-23 10:53:07,797: +PARAM [/move_group/trajectory_execution/allowed_execution_duration_scaling] by /move_group
[rosmaster.master][INFO] 2021-09-23 10:53:07,798: +PARAM [/move_group/trajectory_execution/allowed_goal_duration_margin] by /move_group
[rosmaster.master][INFO] 2021-09-23 10:53:07,798: +PARAM [/move_group/trajectory_execution/execution_velocity_scaling] by /move_group
[rosmaster.master][INFO] 2021-09-23 10:53:07,798: +PARAM [/move_group/trajectory_execution/allowed_start_tolerance] by /move_group
[rosmaster.master][INFO] 2021-09-23 10:53:07,798: +PARAM [/move_group/trajectory_execution/wait_for_trajectory_completion] by /move_group
[rosmaster.master][INFO] 2021-09-23 10:53:07,799: +SERVICE [/move_group/plan_execution/set_parameters] /move_group http://wng:38683/
[rosmaster.master][INFO] 2021-09-23 10:53:07,799: +PUB [/move_group/plan_execution/parameter_descriptions] /move_group http://wng:38683/
[rosmaster.master][INFO] 2021-09-23 10:53:07,799: +PUB [/move_group/plan_execution/parameter_updates] /move_group http://wng:38683/
[rosmaster.master][INFO] 2021-09-23 10:53:07,800: +PARAM [/move_group/plan_execution/max_replan_attempts] by /move_group
[rosmaster.master][INFO] 2021-09-23 10:53:07,800: +PARAM [/move_group/plan_execution/record_trajectory_state_frequency] by /move_group
[rosmaster.master][INFO] 2021-09-23 10:53:07,800: +PARAM [/move_group/plan_execution/max_replan_attempts] by /move_group
[rosmaster.master][INFO] 2021-09-23 10:53:07,800: +PARAM [/move_group/plan_execution/record_trajectory_state_frequency] by /move_group
[rosmaster.master][INFO] 2021-09-23 10:53:07,801: +SERVICE [/move_group/sense_for_plan/set_parameters] /move_group http://wng:38683/
[rosmaster.master][INFO] 2021-09-23 10:53:07,801: +PUB [/move_group/sense_for_plan/parameter_descriptions] /move_group http://wng:38683/
[rosmaster.master][INFO] 2021-09-23 10:53:07,801: +PUB [/move_group/sense_for_plan/parameter_updates] /move_group http://wng:38683/
[rosmaster.master][INFO] 2021-09-23 10:53:07,802: +PARAM [/move_group/sense_for_plan/max_safe_path_cost] by /move_group
[rosmaster.master][INFO] 2021-09-23 10:53:07,802: +PARAM [/move_group/sense_for_plan/max_look_attempts] by /move_group
[rosmaster.master][INFO] 2021-09-23 10:53:07,803: +PARAM [/move_group/sense_for_plan/max_cost_sources] by /move_group
[rosmaster.master][INFO] 2021-09-23 10:53:07,803: +PARAM [/move_group/sense_for_plan/discard_overlapping_cost_sources] by /move_group
[rosmaster.master][INFO] 2021-09-23 10:53:07,803: +PARAM [/move_group/sense_for_plan/max_safe_path_cost] by /move_group
[rosmaster.master][INFO] 2021-09-23 10:53:07,803: +PARAM [/move_group/sense_for_plan/max_look_attempts] by /move_group
[rosmaster.master][INFO] 2021-09-23 10:53:07,803: +PARAM [/move_group/sense_for_plan/max_cost_sources] by /move_group
[rosmaster.master][INFO] 2021-09-23 10:53:07,804: +PARAM [/move_group/sense_for_plan/discard_overlapping_cost_sources] by /move_group
[rosmaster.master][INFO] 2021-09-23 10:53:07,804: +PUB [/move_group/display_cost_sources] /move_group http://wng:38683/
[rosmaster.master][INFO] 2021-09-23 10:53:07,804: +PUB [/move_group/motion_plan_request] /move_group http://wng:38683/
[rosmaster.master][INFO] 2021-09-23 10:53:07,808: +SERVICE [/apply_planning_scene] /move_group http://wng:38683/
[rosmaster.master][INFO] 2021-09-23 10:53:07,808: +SERVICE [/clear_octomap] /move_group http://wng:38683/
[rosmaster.master][INFO] 2021-09-23 10:53:07,808: +SERVICE [/compute_cartesian_path] /move_group http://wng:38683/
[rosmaster.master][INFO] 2021-09-23 10:53:07,809: +PUB [/execute_trajectory/result] /move_group http://wng:38683/
[rosmaster.master][INFO] 2021-09-23 10:53:07,809: +PUB [/execute_trajectory/feedback] /move_group http://wng:38683/
[rosmaster.master][INFO] 2021-09-23 10:53:07,810: +PUB [/execute_trajectory/status] /move_group http://wng:38683/
[rosmaster.master][INFO] 2021-09-23 10:53:07,811: +SUB [/execute_trajectory/goal] /move_group http://wng:38683/
[rosmaster.master][INFO] 2021-09-23 10:53:07,812: +SUB [/execute_trajectory/cancel] /move_group http://wng:38683/
[rosmaster.master][INFO] 2021-09-23 10:53:07,812: +SERVICE [/get_planning_scene] /move_group http://wng:38683/
[rosmaster.master][INFO] 2021-09-23 10:53:07,812: +SERVICE [/compute_fk] /move_group http://wng:38683/
[rosmaster.master][INFO] 2021-09-23 10:53:07,812: +SERVICE [/compute_ik] /move_group http://wng:38683/
[rosmaster.master][INFO] 2021-09-23 10:53:07,813: +PUB [/move_group/result] /move_group http://wng:38683/
[rosmaster.master][INFO] 2021-09-23 10:53:07,813: +PUB [/move_group/feedback] /move_group http://wng:38683/
[rosmaster.master][INFO] 2021-09-23 10:53:07,813: +PUB [/move_group/status] /move_group http://wng:38683/
[rosmaster.master][INFO] 2021-09-23 10:53:07,815: +SUB [/move_group/goal] /move_group http://wng:38683/
[rosmaster.master][INFO] 2021-09-23 10:53:07,815: publisherUpdate[/rosout] -> http://wng:37819/ ['http://wng:40097/', 'http://wng:43617/', 'http://wng:38683/', 'http://wng:34555/']
[rosmaster.master][INFO] 2021-09-23 10:53:07,816: +SUB [/move_group/cancel] /move_group http://wng:38683/
[rosmaster.master][INFO] 2021-09-23 10:53:07,816: publisherUpdate[/rosout] -> http://wng:37819/ ['http://wng:40097/', 'http://wng:43617/', 'http://wng:38683/', 'http://wng:34555/']: sec=0.00, result=[1, '', 0]
[rosmaster.master][INFO] 2021-09-23 10:53:07,818: +PUB [/move_group/display_grasp_markers] /move_group http://wng:38683/
[rosmaster.master][INFO] 2021-09-23 10:53:07,819: +PUB [/pickup/result] /move_group http://wng:38683/
[rosmaster.master][INFO] 2021-09-23 10:53:07,819: +PUB [/pickup/feedback] /move_group http://wng:38683/
[rosmaster.master][INFO] 2021-09-23 10:53:07,820: +PUB [/pickup/status] /move_group http://wng:38683/
[rosmaster.master][INFO] 2021-09-23 10:53:07,821: +SUB [/pickup/goal] /move_group http://wng:38683/
[rosmaster.master][INFO] 2021-09-23 10:53:07,822: +SUB [/pickup/cancel] /move_group http://wng:38683/
[rosmaster.master][INFO] 2021-09-23 10:53:07,823: +PUB [/place/result] /move_group http://wng:38683/
[rosmaster.master][INFO] 2021-09-23 10:53:07,823: +PUB [/place/feedback] /move_group http://wng:38683/
[rosmaster.master][INFO] 2021-09-23 10:53:07,823: +PUB [/place/status] /move_group http://wng:38683/
[rosmaster.master][INFO] 2021-09-23 10:53:07,824: +SUB [/place/goal] /move_group http://wng:38683/
[rosmaster.master][INFO] 2021-09-23 10:53:07,825: +SUB [/place/cancel] /move_group http://wng:38683/
[rosmaster.master][INFO] 2021-09-23 10:53:07,826: +SERVICE [/plan_kinematic_path] /move_group http://wng:38683/
[rosmaster.master][INFO] 2021-09-23 10:53:07,826: +SERVICE [/query_planner_interface] /move_group http://wng:38683/
[rosmaster.master][INFO] 2021-09-23 10:53:07,826: +SERVICE [/get_planner_params] /move_group http://wng:38683/
[rosmaster.master][INFO] 2021-09-23 10:53:07,826: +SERVICE [/set_planner_params] /move_group http://wng:38683/
[rosmaster.master][INFO] 2021-09-23 10:53:07,826: +SERVICE [/check_state_validity] /move_group http://wng:38683/
[rosmaster.master][INFO] 2021-09-23 10:53:07,889: +PUB [/rosout] /joint_state_publisher http://wng:43543/
[rosmaster.master][INFO] 2021-09-23 10:53:07,891: +SERVICE [/joint_state_publisher/get_loggers] /joint_state_publisher http://wng:43543/
[rosmaster.master][INFO] 2021-09-23 10:53:07,892: +SERVICE [/joint_state_publisher/set_logger_level] /joint_state_publisher http://wng:43543/
[rosmaster.master][INFO] 2021-09-23 10:53:07,903: +SUB [/move_group/fake_controller_joint_states] /joint_state_publisher http://wng:43543/
[rosmaster.master][INFO] 2021-09-23 10:53:07,904: +PUB [/joint_states] /joint_state_publisher http://wng:43543/
[rosmaster.master][INFO] 2021-09-23 10:53:07,916: publisherUpdate[/rosout] -> http://wng:37819/ ['http://wng:40097/', 'http://wng:43617/', 'http://wng:38683/', 'http://wng:34555/', 'http://wng:43543/']
[rosmaster.master][INFO] 2021-09-23 10:53:07,916: publisherUpdate[/joint_states] -> http://wng:40097/ ['http://wng:43543/']
[rosmaster.master][INFO] 2021-09-23 10:53:07,916: publisherUpdate[/rosout] -> http://wng:37819/ ['http://wng:40097/', 'http://wng:43617/', 'http://wng:38683/', 'http://wng:34555/', 'http://wng:43543/']: sec=0.00, result=[1, '', 0]
[rosmaster.master][INFO] 2021-09-23 10:53:07,917: publisherUpdate[/joint_states] -> http://wng:43617/ ['http://wng:43543/']
[rosmaster.master][INFO] 2021-09-23 10:53:07,917: publisherUpdate[/joint_states] -> http://wng:40097/ ['http://wng:43543/']: sec=0.00, result=[1, '', 0]
[rosmaster.master][INFO] 2021-09-23 10:53:07,917: +CACHEDPARAM [/rosout/omit_topics] by /rosout
[rosmaster.master][INFO] 2021-09-23 10:53:07,917: publisherUpdate[/joint_states] -> http://wng:43617/ ['http://wng:43543/']: sec=0.00, result=[1, '', 0]
[rosmaster.master][INFO] 2021-09-23 10:53:08,182: +SUB [/tf] /rviz_wng_28784_8007540370732014797 http://wng:34555/
[rosmaster.master][INFO] 2021-09-23 10:53:08,183: +SUB [/tf_static] /rviz_wng_28784_8007540370732014797 http://wng:34555/
[rosmaster.master][INFO] 2021-09-23 10:53:08,206: +PUB [/joint_states_desired] /joint_state_desired_publisher http://wng:40097/
[rosmaster.master][INFO] 2021-09-23 10:53:08,206: +CACHEDPARAM [/rosout_disable_topics_generation] by /joint_state_desired_publisher
[rosmaster.master][INFO] 2021-09-23 10:53:08,209: +PUB [/initialpose] /rviz_wng_28784_8007540370732014797 http://wng:34555/
[rosmaster.master][INFO] 2021-09-23 10:53:08,209: +PUB [/goal] /rviz_wng_28784_8007540370732014797 http://wng:34555/
[rosmaster.master][INFO] 2021-09-23 10:53:08,217: publisherUpdate[/joint_states_desired] -> http://wng:38683/ ['http://wng:40097/']
[rosmaster.master][INFO] 2021-09-23 10:53:08,217: publisherUpdate[/joint_states_desired] -> http://wng:38683/ ['http://wng:40097/']: sec=0.00, result=[1, '', 0]
[rosmaster.master][INFO] 2021-09-23 10:53:08,251: +SUB [/visualization_marker] /rviz_wng_28784_8007540370732014797 http://wng:34555/
[rosmaster.master][INFO] 2021-09-23 10:53:08,252: +SUB [/visualization_marker_array] /rviz_wng_28784_8007540370732014797 http://wng:34555/
[rosmaster.master][INFO] 2021-09-23 10:53:08,252: -SUB [/visualization_marker] /rviz_wng_28784_8007540370732014797 http://wng:34555/
[rosmaster.master][INFO] 2021-09-23 10:53:08,252: -SUB [/visualization_marker_array] /rviz_wng_28784_8007540370732014797 http://wng:34555/
[rosmaster.master][INFO] 2021-09-23 10:53:08,253: +SUB [/action] /rviz_wng_28784_8007540370732014797 http://wng:34555/
[rosmaster.master][INFO] 2021-09-23 10:53:08,254: +SUB [/action_array] /rviz_wng_28784_8007540370732014797 http://wng:34555/
[rosmaster.master][INFO] 2021-09-23 10:53:08,262: +PUB [/planning_scene] /rviz_wng_28784_8007540370732014797 http://wng:34555/
[rosmaster.master][INFO] 2021-09-23 10:53:08,263: +PUB [/planning_scene_world] /rviz_wng_28784_8007540370732014797 http://wng:34555/
[rosmaster.master][INFO] 2021-09-23 10:53:08,264: +SUB [/recognize_objects/status] /rviz_wng_28784_8007540370732014797 http://wng:34555/
[rosmaster.master][INFO] 2021-09-23 10:53:08,265: +SUB [/recognize_objects/feedback] /rviz_wng_28784_8007540370732014797 http://wng:34555/
[rosmaster.master][INFO] 2021-09-23 10:53:08,266: +SUB [/recognize_objects/result] /rviz_wng_28784_8007540370732014797 http://wng:34555/
[rosmaster.master][INFO] 2021-09-23 10:53:08,266: +PUB [/recognize_objects/goal] /rviz_wng_28784_8007540370732014797 http://wng:34555/
[rosmaster.master][INFO] 2021-09-23 10:53:08,266: +PUB [/recognize_objects/cancel] /rviz_wng_28784_8007540370732014797 http://wng:34555/
[rosmaster.master][INFO] 2021-09-23 10:53:08,267: +SUB [/recognized_object_array] /rviz_wng_28784_8007540370732014797 http://wng:34555/
[rosmaster.master][INFO] 2021-09-23 10:53:08,318: publisherUpdate[/planning_scene] -> http://wng:38683/ ['http://wng:34555/']
[rosmaster.master][INFO] 2021-09-23 10:53:08,318: publisherUpdate[/planning_scene] -> http://wng:38683/ ['http://wng:34555/']: sec=0.00, result=[1, '', 0]
[rosmaster.master][INFO] 2021-09-23 10:53:08,318: publisherUpdate[/planning_scene_world] -> http://wng:38683/ ['http://wng:34555/']
[rosmaster.master][INFO] 2021-09-23 10:53:08,319: publisherUpdate[/planning_scene_world] -> http://wng:38683/ ['http://wng:34555/']: sec=0.00, result=[1, '', 0]
[rosmaster.master][INFO] 2021-09-23 10:53:11,288: -SUB [/recognize_objects/status] /rviz_wng_28784_8007540370732014797 http://wng:34555/
[rosmaster.master][INFO] 2021-09-23 10:53:11,290: -PUB [/recognize_objects/cancel] /rviz_wng_28784_8007540370732014797 http://wng:34555/
[rosmaster.master][INFO] 2021-09-23 10:53:11,291: -PUB [/recognize_objects/goal] /rviz_wng_28784_8007540370732014797 http://wng:34555/
[rosmaster.master][INFO] 2021-09-23 10:53:11,292: -SUB [/recognize_objects/feedback] /rviz_wng_28784_8007540370732014797 http://wng:34555/
[rosmaster.master][INFO] 2021-09-23 10:53:11,293: -SUB [/recognize_objects/result] /rviz_wng_28784_8007540370732014797 http://wng:34555/
[rosmaster.master][INFO] 2021-09-23 10:53:11,319: +PUB [/feedback] /rviz_wng_28784_8007540370732014797 http://wng:34555/
[rosmaster.master][INFO] 2021-09-23 10:53:11,320: -PUB [/feedback] /rviz_wng_28784_8007540370732014797 http://wng:34555/
[rosmaster.master][INFO] 2021-09-23 10:53:11,320: +PUB [/feedback] /rviz_wng_28784_8007540370732014797 http://wng:34555/
[rosmaster.master][INFO] 2021-09-23 10:53:11,321: -PUB [/goal] /rviz_wng_28784_8007540370732014797 http://wng:34555/
[rosmaster.master][INFO] 2021-09-23 10:53:11,321: -PUB [/initialpose] /rviz_wng_28784_8007540370732014797 http://wng:34555/
[rosmaster.master][INFO] 2021-09-23 10:53:11,336: +SERVICE [/rviz_wng_28784_8007540370732014797/reload_shaders] /rviz_wng_28784_8007540370732014797 http://wng:34555/
[rosmaster.master][INFO] 2021-09-23 10:53:11,336: +SERVICE [/rviz_wng_28784_8007540370732014797/load_config] /rviz_wng_28784_8007540370732014797 http://wng:34555/
[rosmaster.master][INFO] 2021-09-23 10:53:11,336: +SERVICE [/rviz_wng_28784_8007540370732014797/save_config] /rviz_wng_28784_8007540370732014797 http://wng:34555/
[rosmaster.master][INFO] 2021-09-23 10:53:11,405: +SERVICE [/rviz_wng_28784_8007540370732014797/motionplanning_planning_scene_monitor/set_parameters] /rviz_wng_28784_8007540370732014797 http://wng:34555/
[rosmaster.master][INFO] 2021-09-23 10:53:11,405: +PUB [/rviz_wng_28784_8007540370732014797/motionplanning_planning_scene_monitor/parameter_descriptions] /rviz_wng_28784_8007540370732014797 http://wng:34555/
[rosmaster.master][INFO] 2021-09-23 10:53:11,406: +PUB [/rviz_wng_28784_8007540370732014797/motionplanning_planning_scene_monitor/parameter_updates] /rviz_wng_28784_8007540370732014797 http://wng:34555/
[rosmaster.master][INFO] 2021-09-23 10:53:11,407: +PARAM [/rviz_wng_28784_8007540370732014797/motionplanning_planning_scene_monitor/publish_planning_scene] by /rviz_wng_28784_8007540370732014797
[rosmaster.master][INFO] 2021-09-23 10:53:11,408: +PARAM [/rviz_wng_28784_8007540370732014797/motionplanning_planning_scene_monitor/publish_planning_scene_hz] by /rviz_wng_28784_8007540370732014797
[rosmaster.master][INFO] 2021-09-23 10:53:11,408: +PARAM [/rviz_wng_28784_8007540370732014797/motionplanning_planning_scene_monitor/publish_geometry_updates] by /rviz_wng_28784_8007540370732014797
[rosmaster.master][INFO] 2021-09-23 10:53:11,408: +PARAM [/rviz_wng_28784_8007540370732014797/motionplanning_planning_scene_monitor/publish_state_updates] by /rviz_wng_28784_8007540370732014797
[rosmaster.master][INFO] 2021-09-23 10:53:11,408: +PARAM [/rviz_wng_28784_8007540370732014797/motionplanning_planning_scene_monitor/publish_transforms_updates] by /rviz_wng_28784_8007540370732014797
[rosmaster.master][INFO] 2021-09-23 10:53:11,409: +PARAM [/rviz_wng_28784_8007540370732014797/motionplanning_planning_scene_monitor/publish_planning_scene] by /rviz_wng_28784_8007540370732014797
[rosmaster.master][INFO] 2021-09-23 10:53:11,409: +PARAM [/rviz_wng_28784_8007540370732014797/motionplanning_planning_scene_monitor/publish_planning_scene_hz] by /rviz_wng_28784_8007540370732014797
[rosmaster.master][INFO] 2021-09-23 10:53:11,409: +PARAM [/rviz_wng_28784_8007540370732014797/motionplanning_planning_scene_monitor/publish_geometry_updates] by /rviz_wng_28784_8007540370732014797
[rosmaster.master][INFO] 2021-09-23 10:53:11,410: +PARAM [/rviz_wng_28784_8007540370732014797/motionplanning_planning_scene_monitor/publish_state_updates] by /rviz_wng_28784_8007540370732014797
[rosmaster.master][INFO] 2021-09-23 10:53:11,410: +PARAM [/rviz_wng_28784_8007540370732014797/motionplanning_planning_scene_monitor/publish_transforms_updates] by /rviz_wng_28784_8007540370732014797
[rosmaster.master][INFO] 2021-09-23 10:53:11,453: +SUB [/move_group/monitored_planning_scene] /rviz_wng_28784_8007540370732014797 http://wng:34555/
[rosmaster.master][INFO] 2021-09-23 10:53:11,674: +SUB [/move_group/display_planned_path] /rviz_wng_28784_8007540370732014797 http://wng:34555/
[rosmaster.master][INFO] 2021-09-23 10:53:11,675: +PUB [/rviz_moveit_motion_planning_display/robot_interaction_interactive_marker_topic/update_full] /rviz_wng_28784_8007540370732014797 http://wng:34555/
[rosmaster.master][INFO] 2021-09-23 10:53:11,675: +PUB [/rviz_moveit_motion_planning_display/robot_interaction_interactive_marker_topic/update] /rviz_wng_28784_8007540370732014797 http://wng:34555/
[rosmaster.master][INFO] 2021-09-23 10:53:11,676: +SUB [/rviz_moveit_motion_planning_display/robot_interaction_interactive_marker_topic/feedback] /rviz_wng_28784_8007540370732014797 http://wng:34555/
[rosmaster.master][INFO] 2021-09-23 10:53:11,676: -PUB [/feedback] /rviz_wng_28784_8007540370732014797 http://wng:34555/
[rosmaster.master][INFO] 2021-09-23 10:53:11,677: +SUB [/rviz_moveit_motion_planning_display/robot_interaction_interactive_marker_topic/update] /rviz_wng_28784_8007540370732014797 http://wng:34555/
[rosmaster.master][INFO] 2021-09-23 10:53:11,678: +SUB [/rviz_moveit_motion_planning_display/robot_interaction_interactive_marker_topic/update_full] /rviz_wng_28784_8007540370732014797 http://wng:34555/
[rosmaster.master][INFO] 2021-09-23 10:53:11,678: +PUB [/rviz_moveit_motion_planning_display/robot_interaction_interactive_marker_topic/feedback] /rviz_wng_28784_8007540370732014797 http://wng:34555/
[rosmaster.master][INFO] 2021-09-23 10:53:11,684: +PUB [/trajectory_execution_event] /rviz_wng_28784_8007540370732014797 http://wng:34555/
[rosmaster.master][INFO] 2021-09-23 10:53:11,685: +PUB [/attached_collision_object] /rviz_wng_28784_8007540370732014797 http://wng:34555/
[rosmaster.master][INFO] 2021-09-23 10:53:11,687: +SUB [/move_group/status] /rviz_wng_28784_8007540370732014797 http://wng:34555/
[rosmaster.master][INFO] 2021-09-23 10:53:11,688: +SUB [/move_group/feedback] /rviz_wng_28784_8007540370732014797 http://wng:34555/
[rosmaster.master][INFO] 2021-09-23 10:53:11,690: +SUB [/move_group/result] /rviz_wng_28784_8007540370732014797 http://wng:34555/
[rosmaster.master][INFO] 2021-09-23 10:53:11,690: +PUB [/move_group/goal] /rviz_wng_28784_8007540370732014797 http://wng:34555/
[rosmaster.master][INFO] 2021-09-23 10:53:11,690: +PUB [/move_group/cancel] /rviz_wng_28784_8007540370732014797 http://wng:34555/
[rosmaster.master][INFO] 2021-09-23 10:53:11,723: publisherUpdate[/rviz_moveit_motion_planning_display/robot_interaction_interactive_marker_topic/feedback] -> http://wng:34555/ ['http://wng:34555/']
[rosmaster.master][INFO] 2021-09-23 10:53:11,723: publisherUpdate[/trajectory_execution_event] -> http://wng:38683/ ['http://wng:34555/']
[rosmaster.master][INFO] 2021-09-23 10:53:11,725: publisherUpdate[/trajectory_execution_event] -> http://wng:38683/ ['http://wng:34555/']: sec=0.00, result=[1, '', 0]
[rosmaster.master][INFO] 2021-09-23 10:53:11,725: publisherUpdate[/rviz_moveit_motion_planning_display/robot_interaction_interactive_marker_topic/feedback] -> http://wng:34555/ ['http://wng:34555/']: sec=0.00, result=[1, '', 0]
[rosmaster.master][INFO] 2021-09-23 10:53:11,725: publisherUpdate[/attached_collision_object] -> http://wng:38683/ ['http://wng:34555/']
[rosmaster.master][INFO] 2021-09-23 10:53:11,725: publisherUpdate[/attached_collision_object] -> http://wng:38683/ ['http://wng:34555/']: sec=0.00, result=[1, '', 0]
[rosmaster.master][INFO] 2021-09-23 10:53:11,726: publisherUpdate[/move_group/goal] -> http://wng:38683/ ['http://wng:34555/']
[rosmaster.master][INFO] 2021-09-23 10:53:11,726: publisherUpdate[/move_group/goal] -> http://wng:38683/ ['http://wng:34555/']: sec=0.00, result=[1, '', 0]
[rosmaster.master][INFO] 2021-09-23 10:53:11,726: publisherUpdate[/move_group/cancel] -> http://wng:38683/ ['http://wng:34555/']
[rosmaster.master][INFO] 2021-09-23 10:53:11,726: publisherUpdate[/move_group/cancel] -> http://wng:38683/ ['http://wng:34555/']: sec=0.00, result=[1, '', 0]
[rosmaster.master][INFO] 2021-09-23 10:53:11,930: +SUB [/pickup/status] /rviz_wng_28784_8007540370732014797 http://wng:34555/
[rosmaster.master][INFO] 2021-09-23 10:53:11,931: +SUB [/pickup/feedback] /rviz_wng_28784_8007540370732014797 http://wng:34555/
[rosmaster.master][INFO] 2021-09-23 10:53:11,932: +SUB [/pickup/result] /rviz_wng_28784_8007540370732014797 http://wng:34555/
[rosmaster.master][INFO] 2021-09-23 10:53:11,933: +PUB [/pickup/goal] /rviz_wng_28784_8007540370732014797 http://wng:34555/
[rosmaster.master][INFO] 2021-09-23 10:53:11,933: +PUB [/pickup/cancel] /rviz_wng_28784_8007540370732014797 http://wng:34555/
[rosmaster.master][INFO] 2021-09-23 10:53:12,025: publisherUpdate[/pickup/goal] -> http://wng:38683/ ['http://wng:34555/']
[rosmaster.master][INFO] 2021-09-23 10:53:12,026: publisherUpdate[/pickup/goal] -> http://wng:38683/ ['http://wng:34555/']: sec=0.00, result=[1, '', 0]
[rosmaster.master][INFO] 2021-09-23 10:53:12,026: publisherUpdate[/pickup/cancel] -> http://wng:38683/ ['http://wng:34555/']
[rosmaster.master][INFO] 2021-09-23 10:53:12,027: publisherUpdate[/pickup/cancel] -> http://wng:38683/ ['http://wng:34555/']: sec=0.00, result=[1, '', 0]
[rosmaster.master][INFO] 2021-09-23 10:53:12,186: -SUB [/rviz_moveit_motion_planning_display/robot_interaction_interactive_marker_topic/update_full] /rviz_wng_28784_8007540370732014797 http://wng:34555/
[rosmaster.master][INFO] 2021-09-23 10:53:12,233: +SUB [/place/status] /rviz_wng_28784_8007540370732014797 http://wng:34555/
[rosmaster.master][INFO] 2021-09-23 10:53:12,235: +SUB [/place/feedback] /rviz_wng_28784_8007540370732014797 http://wng:34555/
[rosmaster.master][INFO] 2021-09-23 10:53:12,237: +SUB [/place/result] /rviz_wng_28784_8007540370732014797 http://wng:34555/
[rosmaster.master][INFO] 2021-09-23 10:53:12,237: +PUB [/place/goal] /rviz_wng_28784_8007540370732014797 http://wng:34555/
[rosmaster.master][INFO] 2021-09-23 10:53:12,237: +PUB [/place/cancel] /rviz_wng_28784_8007540370732014797 http://wng:34555/
[rosmaster.master][INFO] 2021-09-23 10:53:12,326: publisherUpdate[/place/goal] -> http://wng:38683/ ['http://wng:34555/']
[rosmaster.master][INFO] 2021-09-23 10:53:12,327: publisherUpdate[/place/goal] -> http://wng:38683/ ['http://wng:34555/']: sec=0.00, result=[1, '', 0]
[rosmaster.master][INFO] 2021-09-23 10:53:12,327: publisherUpdate[/place/cancel] -> http://wng:38683/ ['http://wng:34555/']
[rosmaster.master][INFO] 2021-09-23 10:53:12,327: publisherUpdate[/place/cancel] -> http://wng:38683/ ['http://wng:34555/']: sec=0.00, result=[1, '', 0]
[rosmaster.master][INFO] 2021-09-23 10:53:12,532: +SUB [/execute_trajectory/status] /rviz_wng_28784_8007540370732014797 http://wng:34555/
[rosmaster.master][INFO] 2021-09-23 10:53:12,533: +SUB [/execute_trajectory/feedback] /rviz_wng_28784_8007540370732014797 http://wng:34555/
[rosmaster.master][INFO] 2021-09-23 10:53:12,534: +SUB [/execute_trajectory/result] /rviz_wng_28784_8007540370732014797 http://wng:34555/
[rosmaster.master][INFO] 2021-09-23 10:53:12,534: +PUB [/execute_trajectory/goal] /rviz_wng_28784_8007540370732014797 http://wng:34555/
[rosmaster.master][INFO] 2021-09-23 10:53:12,534: +PUB [/execute_trajectory/cancel] /rviz_wng_28784_8007540370732014797 http://wng:34555/
[rosmaster.master][INFO] 2021-09-23 10:53:12,628: publisherUpdate[/execute_trajectory/goal] -> http://wng:38683/ ['http://wng:34555/']
[rosmaster.master][INFO] 2021-09-23 10:53:12,628: publisherUpdate[/execute_trajectory/goal] -> http://wng:38683/ ['http://wng:34555/']: sec=0.00, result=[1, '', 0]
[rosmaster.master][INFO] 2021-09-23 10:53:12,628: publisherUpdate[/execute_trajectory/cancel] -> http://wng:38683/ ['http://wng:34555/']
[rosmaster.master][INFO] 2021-09-23 10:53:12,628: publisherUpdate[/execute_trajectory/cancel] -> http://wng:38683/ ['http://wng:34555/']: sec=0.00, result=[1, '', 0]
[rosmaster.master][INFO] 2021-09-23 10:53:13,596: +PUB [/rosout] /move_group_commander_wrappers_1632361993595591658 http://wng:45547/
[rosmaster.master][INFO] 2021-09-23 10:53:13,597: +SERVICE [/move_group_commander_wrappers_1632361993595591658/get_loggers] /move_group_commander_wrappers_1632361993595591658 http://wng:45547/
[rosmaster.master][INFO] 2021-09-23 10:53:13,597: +SERVICE [/move_group_commander_wrappers_1632361993595591658/set_logger_level] /move_group_commander_wrappers_1632361993595591658 http://wng:45547/
[rosmaster.master][INFO] 2021-09-23 10:53:13,629: publisherUpdate[/rosout] -> http://wng:37819/ ['http://wng:40097/', 'http://wng:43617/', 'http://wng:38683/', 'http://wng:34555/', 'http://wng:43543/', 'http://wng:45547/']
[rosmaster.master][INFO] 2021-09-23 10:53:13,629: publisherUpdate[/rosout] -> http://wng:37819/ ['http://wng:40097/', 'http://wng:43617/', 'http://wng:38683/', 'http://wng:34555/', 'http://wng:43543/', 'http://wng:45547/']: sec=0.00, result=[1, '', 0]
[rosmaster.master][INFO] 2021-09-23 10:53:13,723: +PUB [/rosout] /LowLevelMotion_28942_1632361993597 http://wng:42513/
[rosmaster.master][INFO] 2021-09-23 10:53:13,724: +SERVICE [/LowLevelMotion_28942_1632361993597/get_loggers] /LowLevelMotion_28942_1632361993597 http://wng:42513/
[rosmaster.master][INFO] 2021-09-23 10:53:13,725: +SERVICE [/LowLevelMotion_28942_1632361993597/set_logger_level] /LowLevelMotion_28942_1632361993597 http://wng:42513/
[rosmaster.master][INFO] 2021-09-23 10:53:13,727: +CACHEDPARAM [/rosout_disable_topics_generation] by /move_group_commander_wrappers_1632361993595591658
[rosmaster.master][INFO] 2021-09-23 10:53:13,730: publisherUpdate[/rosout] -> http://wng:37819/ ['http://wng:40097/', 'http://wng:43617/', 'http://wng:38683/', 'http://wng:34555/', 'http://wng:43543/', 'http://wng:45547/', 'http://wng:42513/']
[rosmaster.master][INFO] 2021-09-23 10:53:13,730: publisherUpdate[/rosout] -> http://wng:37819/ ['http://wng:40097/', 'http://wng:43617/', 'http://wng:38683/', 'http://wng:34555/', 'http://wng:43543/', 'http://wng:45547/', 'http://wng:42513/']: sec=0.00, result=[1, '', 0]
[rosmaster.master][INFO] 2021-09-23 10:53:13,773: +SUB [/tf] /move_group_commander_wrappers_1632361993595591658 http://wng:45547/
[rosmaster.master][INFO] 2021-09-23 10:53:13,774: +SUB [/tf_static] /move_group_commander_wrappers_1632361993595591658 http://wng:45547/
[rosmaster.master][INFO] 2021-09-23 10:53:13,774: +PUB [/planning_scene] /move_group_commander_wrappers_1632361993595591658 http://wng:45547/
[rosmaster.master][INFO] 2021-09-23 10:53:13,776: +PUB [/collision_object] /LowLevelMotion_28942_1632361993597 http://wng:42513/
[rosmaster.master][INFO] 2021-09-23 10:53:13,777: +PUB [/attached_collision_object] /LowLevelMotion_28942_1632361993597 http://wng:42513/
[rosmaster.master][INFO] 2021-09-23 10:53:13,777: +PUB [/trajectory_execution_event] /move_group_commander_wrappers_1632361993595591658 http://wng:45547/
[rosmaster.master][INFO] 2021-09-23 10:53:13,777: +PUB [/attached_collision_object] /move_group_commander_wrappers_1632361993595591658 http://wng:45547/
[rosmaster.master][INFO] 2021-09-23 10:53:13,778: +SUB [/move_group/status] /move_group_commander_wrappers_1632361993595591658 http://wng:45547/
[rosmaster.master][INFO] 2021-09-23 10:53:13,779: +SUB [/move_group/feedback] /move_group_commander_wrappers_1632361993595591658 http://wng:45547/
[rosmaster.master][INFO] 2021-09-23 10:53:13,781: +SUB [/move_group/result] /move_group_commander_wrappers_1632361993595591658 http://wng:45547/
[rosmaster.master][INFO] 2021-09-23 10:53:13,781: +PUB [/move_group/goal] /move_group_commander_wrappers_1632361993595591658 http://wng:45547/
[rosmaster.master][INFO] 2021-09-23 10:53:13,781: +PUB [/move_group/cancel] /move_group_commander_wrappers_1632361993595591658 http://wng:45547/
[rosmaster.master][INFO] 2021-09-23 10:53:13,830: publisherUpdate[/planning_scene] -> http://wng:38683/ ['http://wng:34555/', 'http://wng:45547/']
[rosmaster.master][INFO] 2021-09-23 10:53:13,832: publisherUpdate[/planning_scene] -> http://wng:38683/ ['http://wng:34555/', 'http://wng:45547/']: sec=0.00, result=[1, '', 0]
[rosmaster.master][INFO] 2021-09-23 10:53:13,832: publisherUpdate[/collision_object] -> http://wng:38683/ ['http://wng:42513/']
[rosmaster.master][INFO] 2021-09-23 10:53:13,833: publisherUpdate[/collision_object] -> http://wng:38683/ ['http://wng:42513/']: sec=0.00, result=[1, '', 0]
[rosmaster.master][INFO] 2021-09-23 10:53:13,834: publisherUpdate[/attached_collision_object] -> http://wng:38683/ ['http://wng:34555/', 'http://wng:42513/']
[rosmaster.master][INFO] 2021-09-23 10:53:13,835: publisherUpdate[/attached_collision_object] -> http://wng:38683/ ['http://wng:34555/', 'http://wng:42513/']: sec=0.00, result=[1, '', 0]
[rosmaster.master][INFO] 2021-09-23 10:53:13,835: publisherUpdate[/trajectory_execution_event] -> http://wng:38683/ ['http://wng:34555/', 'http://wng:45547/']
[rosmaster.master][INFO] 2021-09-23 10:53:13,836: publisherUpdate[/trajectory_execution_event] -> http://wng:38683/ ['http://wng:34555/', 'http://wng:45547/']: sec=0.00, result=[1, '', 0]
[rosmaster.master][INFO] 2021-09-23 10:53:13,837: publisherUpdate[/attached_collision_object] -> http://wng:38683/ ['http://wng:34555/', 'http://wng:42513/', 'http://wng:45547/']
[rosmaster.master][INFO] 2021-09-23 10:53:13,838: publisherUpdate[/attached_collision_object] -> http://wng:38683/ ['http://wng:34555/', 'http://wng:42513/', 'http://wng:45547/']: sec=0.00, result=[1, '', 0]
[rosmaster.master][INFO] 2021-09-23 10:53:13,838: publisherUpdate[/move_group/goal] -> http://wng:38683/ ['http://wng:34555/', 'http://wng:45547/']
[rosmaster.master][INFO] 2021-09-23 10:53:13,839: publisherUpdate[/move_group/goal] -> http://wng:38683/ ['http://wng:34555/', 'http://wng:45547/']: sec=0.00, result=[1, '', 0]
[rosmaster.master][INFO] 2021-09-23 10:53:13,839: publisherUpdate[/move_group/cancel] -> http://wng:38683/ ['http://wng:34555/', 'http://wng:45547/']
[rosmaster.master][INFO] 2021-09-23 10:53:13,840: publisherUpdate[/move_group/cancel] -> http://wng:38683/ ['http://wng:34555/', 'http://wng:45547/']: sec=0.00, result=[1, '', 0]
[rosmaster.master][INFO] 2021-09-23 10:53:14,044: +SUB [/pickup/status] /move_group_commander_wrappers_1632361993595591658 http://wng:45547/
[rosmaster.master][INFO] 2021-09-23 10:53:14,045: +SUB [/pickup/feedback] /move_group_commander_wrappers_1632361993595591658 http://wng:45547/
[rosmaster.master][INFO] 2021-09-23 10:53:14,046: +SUB [/pickup/result] /move_group_commander_wrappers_1632361993595591658 http://wng:45547/
[rosmaster.master][INFO] 2021-09-23 10:53:14,046: +PUB [/pickup/goal] /move_group_commander_wrappers_1632361993595591658 http://wng:45547/
[rosmaster.master][INFO] 2021-09-23 10:53:14,046: +PUB [/pickup/cancel] /move_group_commander_wrappers_1632361993595591658 http://wng:45547/
[rosmaster.master][INFO] 2021-09-23 10:53:14,131: publisherUpdate[/pickup/goal] -> http://wng:38683/ ['http://wng:34555/', 'http://wng:45547/']
[rosmaster.master][INFO] 2021-09-23 10:53:14,132: publisherUpdate[/pickup/goal] -> http://wng:38683/ ['http://wng:34555/', 'http://wng:45547/']: sec=0.00, result=[1, '', 0]
[rosmaster.master][INFO] 2021-09-23 10:53:14,132: publisherUpdate[/pickup/cancel] -> http://wng:38683/ ['http://wng:34555/', 'http://wng:45547/']
[rosmaster.master][INFO] 2021-09-23 10:53:14,132: publisherUpdate[/pickup/cancel] -> http://wng:38683/ ['http://wng:34555/', 'http://wng:45547/']: sec=0.00, result=[1, '', 0]
[rosmaster.master][INFO] 2021-09-23 10:53:14,336: +SUB [/place/status] /move_group_commander_wrappers_1632361993595591658 http://wng:45547/
[rosmaster.master][INFO] 2021-09-23 10:53:14,338: +SUB [/place/feedback] /move_group_commander_wrappers_1632361993595591658 http://wng:45547/
[rosmaster.master][INFO] 2021-09-23 10:53:14,339: +SUB [/place/result] /move_group_commander_wrappers_1632361993595591658 http://wng:45547/
[rosmaster.master][INFO] 2021-09-23 10:53:14,340: +PUB [/place/goal] /move_group_commander_wrappers_1632361993595591658 http://wng:45547/
[rosmaster.master][INFO] 2021-09-23 10:53:14,340: +PUB [/place/cancel] /move_group_commander_wrappers_1632361993595591658 http://wng:45547/
[rosmaster.master][INFO] 2021-09-23 10:53:14,341: publisherUpdate[/place/goal] -> http://wng:38683/ ['http://wng:34555/', 'http://wng:45547/']
[rosmaster.master][INFO] 2021-09-23 10:53:14,377: publisherUpdate[/place/goal] -> http://wng:38683/ ['http://wng:34555/', 'http://wng:45547/']: sec=0.04, result=[1, '', 0]
[rosmaster.master][INFO] 2021-09-23 10:53:14,377: publisherUpdate[/place/cancel] -> http://wng:38683/ ['http://wng:34555/', 'http://wng:45547/']
[rosmaster.master][INFO] 2021-09-23 10:53:14,378: publisherUpdate[/place/cancel] -> http://wng:38683/ ['http://wng:34555/', 'http://wng:45547/']: sec=0.00, result=[1, '', 0]
[rosmaster.master][INFO] 2021-09-23 10:53:14,581: +SUB [/execute_trajectory/status] /move_group_commander_wrappers_1632361993595591658 http://wng:45547/
[rosmaster.master][INFO] 2021-09-23 10:53:14,582: +SUB [/execute_trajectory/feedback] /move_group_commander_wrappers_1632361993595591658 http://wng:45547/
[rosmaster.master][INFO] 2021-09-23 10:53:14,583: +SUB [/execute_trajectory/result] /move_group_commander_wrappers_1632361993595591658 http://wng:45547/
[rosmaster.master][INFO] 2021-09-23 10:53:14,583: +PUB [/execute_trajectory/goal] /move_group_commander_wrappers_1632361993595591658 http://wng:45547/
[rosmaster.master][INFO] 2021-09-23 10:53:14,584: +PUB [/execute_trajectory/cancel] /move_group_commander_wrappers_1632361993595591658 http://wng:45547/
[rosmaster.master][INFO] 2021-09-23 10:53:14,632: publisherUpdate[/execute_trajectory/goal] -> http://wng:38683/ ['http://wng:34555/', 'http://wng:45547/']
[rosmaster.master][INFO] 2021-09-23 10:53:14,633: publisherUpdate[/execute_trajectory/goal] -> http://wng:38683/ ['http://wng:34555/', 'http://wng:45547/']: sec=0.00, result=[1, '', 0]
[rosmaster.master][INFO] 2021-09-23 10:53:14,633: publisherUpdate[/execute_trajectory/cancel] -> http://wng:38683/ ['http://wng:34555/', 'http://wng:45547/']
[rosmaster.master][INFO] 2021-09-23 10:53:14,633: publisherUpdate[/execute_trajectory/cancel] -> http://wng:38683/ ['http://wng:34555/', 'http://wng:45547/']: sec=0.00, result=[1, '', 0]
[rosmaster.master][INFO] 2021-09-23 10:57:10,353: -SUB [/move_group/fake_controller_joint_states] /joint_state_publisher http://wng:43543/
[rosmaster.master][INFO] 2021-09-23 10:57:10,353: -PUB [/joint_states] /joint_state_publisher http://wng:43543/
[rosmaster.master][INFO] 2021-09-23 10:57:10,353: -PUB [/rosout] /joint_state_publisher http://wng:43543/
[rosmaster.master][INFO] 2021-09-23 10:57:10,353: -SERVICE [/joint_state_publisher/get_loggers] /joint_state_publisher rosrpc://wng:43721
[rosmaster.master][INFO] 2021-09-23 10:57:10,353: -SERVICE [/joint_state_publisher/set_logger_level] /joint_state_publisher rosrpc://wng:43721
[rosmaster.master][INFO] 2021-09-23 10:57:10,372: publisherUpdate[/joint_states] -> http://wng:40097/ []
[rosmaster.master][INFO] 2021-09-23 10:57:10,372: publisherUpdate[/joint_states] -> http://wng:40097/ []: sec=0.00, result=[1, '', 0]
[rosmaster.master][INFO] 2021-09-23 10:57:10,372: publisherUpdate[/joint_states] -> http://wng:43617/ []
[rosmaster.master][INFO] 2021-09-23 10:57:10,373: publisherUpdate[/joint_states] -> http://wng:43617/ []: sec=0.00, result=[1, '', 0]
[rosmaster.master][INFO] 2021-09-23 10:57:10,373: publisherUpdate[/rosout] -> http://wng:37819/ ['http://wng:40097/', 'http://wng:43617/', 'http://wng:38683/', 'http://wng:34555/', 'http://wng:45547/', 'http://wng:42513/']
[rosmaster.master][INFO] 2021-09-23 10:57:10,373: publisherUpdate[/rosout] -> http://wng:37819/ ['http://wng:40097/', 'http://wng:43617/', 'http://wng:38683/', 'http://wng:34555/', 'http://wng:45547/', 'http://wng:42513/']: sec=0.00, result=[1, '', 0]
[rosmaster.master][INFO] 2021-09-23 10:57:10,468: -PUB [/rosout] /rviz_wng_28784_8007540370732014797 http://wng:34555/
[rosmaster.master][INFO] 2021-09-23 10:57:10,468: -PUB [/planning_scene] /rviz_wng_28784_8007540370732014797 http://wng:34555/
[rosmaster.master][INFO] 2021-09-23 10:57:10,468: -PUB [/planning_scene_world] /rviz_wng_28784_8007540370732014797 http://wng:34555/
[rosmaster.master][INFO] 2021-09-23 10:57:10,469: -PUB [/rviz_wng_28784_8007540370732014797/motionplanning_planning_scene_monitor/parameter_descriptions] /rviz_wng_28784_8007540370732014797 http://wng:34555/
[rosmaster.master][INFO] 2021-09-23 10:57:10,469: -PUB [/rviz_wng_28784_8007540370732014797/motionplanning_planning_scene_monitor/parameter_updates] /rviz_wng_28784_8007540370732014797 http://wng:34555/
[rosmaster.master][INFO] 2021-09-23 10:57:10,469: -PUB [/rviz_moveit_motion_planning_display/robot_interaction_interactive_marker_topic/update_full] /rviz_wng_28784_8007540370732014797 http://wng:34555/
[rosmaster.master][INFO] 2021-09-23 10:57:10,469: -PUB [/rviz_moveit_motion_planning_display/robot_interaction_interactive_marker_topic/update] /rviz_wng_28784_8007540370732014797 http://wng:34555/
[rosmaster.master][INFO] 2021-09-23 10:57:10,469: -PUB [/rviz_moveit_motion_planning_display/robot_interaction_interactive_marker_topic/feedback] /rviz_wng_28784_8007540370732014797 http://wng:34555/
[rosmaster.master][INFO] 2021-09-23 10:57:10,470: -PUB [/trajectory_execution_event] /rviz_wng_28784_8007540370732014797 http://wng:34555/
[rosmaster.master][INFO] 2021-09-23 10:57:10,470: -PUB [/attached_collision_object] /rviz_wng_28784_8007540370732014797 http://wng:34555/
[rosmaster.master][INFO] 2021-09-23 10:57:10,470: -PUB [/move_group/goal] /rviz_wng_28784_8007540370732014797 http://wng:34555/
[rosmaster.master][INFO] 2021-09-23 10:57:10,470: -PUB [/move_group/cancel] /rviz_wng_28784_8007540370732014797 http://wng:34555/
[rosmaster.master][INFO] 2021-09-23 10:57:10,471: -PUB [/pickup/goal] /rviz_wng_28784_8007540370732014797 http://wng:34555/
[rosmaster.master][INFO] 2021-09-23 10:57:10,471: -PUB [/pickup/cancel] /rviz_wng_28784_8007540370732014797 http://wng:34555/
[rosmaster.master][INFO] 2021-09-23 10:57:10,471: -PUB [/place/goal] /rviz_wng_28784_8007540370732014797 http://wng:34555/
[rosmaster.master][INFO] 2021-09-23 10:57:10,471: -PUB [/place/cancel] /rviz_wng_28784_8007540370732014797 http://wng:34555/
[rosmaster.master][INFO] 2021-09-23 10:57:10,471: -PUB [/execute_trajectory/goal] /rviz_wng_28784_8007540370732014797 http://wng:34555/
[rosmaster.master][INFO] 2021-09-23 10:57:10,472: -PUB [/execute_trajectory/cancel] /rviz_wng_28784_8007540370732014797 http://wng:34555/
[rosmaster.master][INFO] 2021-09-23 10:57:10,472: -SUB [/tf] /rviz_wng_28784_8007540370732014797 http://wng:34555/
[rosmaster.master][INFO] 2021-09-23 10:57:10,472: -SUB [/tf_static] /rviz_wng_28784_8007540370732014797 http://wng:34555/
[rosmaster.master][INFO] 2021-09-23 10:57:10,472: -SUB [/action] /rviz_wng_28784_8007540370732014797 http://wng:34555/
[rosmaster.master][INFO] 2021-09-23 10:57:10,472: -SUB [/action_array] /rviz_wng_28784_8007540370732014797 http://wng:34555/
[rosmaster.master][INFO] 2021-09-23 10:57:10,473: -PUB [/rosout] /joint_state_desired_publisher http://wng:40097/
[rosmaster.master][INFO] 2021-09-23 10:57:10,473: -SUB [/recognized_object_array] /rviz_wng_28784_8007540370732014797 http://wng:34555/
[rosmaster.master][INFO] 2021-09-23 10:57:10,473: -PUB [/rosout] /robot_state_publisher http://wng:43617/
[rosmaster.master][INFO] 2021-09-23 10:57:10,473: publisherUpdate[/rosout] -> http://wng:37819/ ['http://wng:40097/', 'http://wng:43617/', 'http://wng:38683/', 'http://wng:45547/', 'http://wng:42513/']
[rosmaster.master][INFO] 2021-09-23 10:57:10,473: -PUB [/joint_states_desired] /joint_state_desired_publisher http://wng:40097/
[rosmaster.master][INFO] 2021-09-23 10:57:10,474: -SUB [/joint_states] /joint_state_desired_publisher http://wng:40097/
[rosmaster.master][INFO] 2021-09-23 10:57:10,474: -SUB [/move_group/monitored_planning_scene] /rviz_wng_28784_8007540370732014797 http://wng:34555/
[rosmaster.master][INFO] 2021-09-23 10:57:10,475: publisherUpdate[/rosout] -> http://wng:37819/ ['http://wng:40097/', 'http://wng:43617/', 'http://wng:38683/', 'http://wng:45547/', 'http://wng:42513/']: sec=0.00, result=[1, '', 0]
[rosmaster.master][INFO] 2021-09-23 10:57:10,475: -PUB [/tf] /robot_state_publisher http://wng:43617/
[rosmaster.master][INFO] 2021-09-23 10:57:10,475: publisherUpdate[/planning_scene] -> http://wng:38683/ ['http://wng:45547/']
[rosmaster.master][INFO] 2021-09-23 10:57:10,475: -SERVICE [/joint_state_desired_publisher/get_loggers] /joint_state_desired_publisher rosrpc://wng:57349
[rosmaster.master][INFO] 2021-09-23 10:57:10,476: publisherUpdate[/planning_scene] -> http://wng:38683/ ['http://wng:45547/']: sec=0.00, result=[0, 'panda_arm[RRTConnectkConfigDefault]: Unable to sample any valid states for goal tree', 0]
[rosmaster.master][INFO] 2021-09-23 10:57:10,476: -SUB [/move_group/display_planned_path] /rviz_wng_28784_8007540370732014797 http://wng:34555/
[rosmaster.master][INFO] 2021-09-23 10:57:10,476: publisherUpdate[/planning_scene_world] -> http://wng:38683/ []
[rosmaster.master][INFO] 2021-09-23 10:57:10,476: -PUB [/tf_static] /robot_state_publisher http://wng:43617/
[rosmaster.master][INFO] 2021-09-23 10:57:10,477: -SERVICE [/joint_state_desired_publisher/set_logger_level] /joint_state_desired_publisher rosrpc://wng:57349
[rosmaster.master][INFO] 2021-09-23 10:57:10,477: publisherUpdate[/planning_scene_world] -> http://wng:38683/ []: sec=0.00, result=[0, 'panda_arm[RRTConnectkConfigDefault]: Unable to sample any valid states for goal tree', 0]
[rosmaster.master][INFO] 2021-09-23 10:57:10,477: -SUB [/rviz_moveit_motion_planning_display/robot_interaction_interactive_marker_topic/feedback] /rviz_wng_28784_8007540370732014797 http://wng:34555/
[rosmaster.master][INFO] 2021-09-23 10:57:10,477: publisherUpdate[/rviz_moveit_motion_planning_display/robot_interaction_interactive_marker_topic/update] -> http://wng:34555/ []
[rosmaster.master][INFO] 2021-09-23 10:57:10,478: -SUB [/joint_states] /robot_state_publisher http://wng:43617/
[rosmaster.master][INFO] 2021-09-23 10:57:10,478: -CACHEDPARAM [/rosout_disable_topics_generation] by /joint_state_desired_publisher
[rosmaster.master][INFO] 2021-09-23 10:57:10,478: -SUB [/rviz_moveit_motion_planning_display/robot_interaction_interactive_marker_topic/update] /rviz_wng_28784_8007540370732014797 http://wng:34555/
[rosmaster.master][INFO] 2021-09-23 10:57:10,479: publisherUpdate[/rviz_moveit_motion_planning_display/robot_interaction_interactive_marker_topic/update] -> http://wng:34555/ []: sec=0.00, exception=<Fault -1: 'publisherUpdate: unknown method name'>
[rosmaster.master][INFO] 2021-09-23 10:57:10,479: -SERVICE [/robot_state_publisher/get_loggers] /robot_state_publisher rosrpc://wng:41315
[rosmaster.master][INFO] 2021-09-23 10:57:10,479: -SUB [/move_group/status] /rviz_wng_28784_8007540370732014797 http://wng:34555/
[rosmaster.master][INFO] 2021-09-23 10:57:10,480: -SERVICE [/robot_state_publisher/set_logger_level] /robot_state_publisher rosrpc://wng:41315
[rosmaster.master][INFO] 2021-09-23 10:57:10,480: -SUB [/move_group/feedback] /rviz_wng_28784_8007540370732014797 http://wng:34555/
[rosmaster.threadpool][ERROR] 2021-09-23 10:57:10,480: Traceback (most recent call last):
  File "/opt/ros/melodic/lib/python2.7/dist-packages/rosmaster/threadpool.py", line 218, in run
    result = cmd(*args)
  File "/opt/ros/melodic/lib/python2.7/dist-packages/rosmaster/master_api.py", line 210, in publisher_update_task
    ret = xmlrpcapi(api).publisherUpdate('/master', topic, pub_uris)
  File "/usr/lib/python2.7/xmlrpclib.py", line 1243, in __call__
    return self.__send(self.__name, args)
  File "/usr/lib/python2.7/xmlrpclib.py", line 1602, in __request
    verbose=self.__verbose
  File "/usr/lib/python2.7/xmlrpclib.py", line 1283, in request
    return self.single_request(host, handler, request_body, verbose)
  File "/usr/lib/python2.7/xmlrpclib.py", line 1316, in single_request
    return self.parse_response(response)
  File "/usr/lib/python2.7/xmlrpclib.py", line 1493, in parse_response
    return u.close()
  File "/usr/lib/python2.7/xmlrpclib.py", line 800, in close
    raise Fault(**self._stack[0])
Fault: <Fault -1: 'publisherUpdate: unknown method name'>

[rosmaster.master][INFO] 2021-09-23 10:57:10,480: publisherUpdate[/rviz_moveit_motion_planning_display/robot_interaction_interactive_marker_topic/feedback] -> http://wng:34555/ []
[rosmaster.master][INFO] 2021-09-23 10:57:10,481: -SUB [/move_group/result] /rviz_wng_28784_8007540370732014797 http://wng:34555/
[rosmaster.master][INFO] 2021-09-23 10:57:10,481: -SUB [/pickup/status] /rviz_wng_28784_8007540370732014797 http://wng:34555/
[rosmaster.master][INFO] 2021-09-23 10:57:10,481: -SUB [/pickup/feedback] /rviz_wng_28784_8007540370732014797 http://wng:34555/
[rosmaster.master][INFO] 2021-09-23 10:57:10,482: -SUB [/pickup/result] /rviz_wng_28784_8007540370732014797 http://wng:34555/
[rosmaster.master][INFO] 2021-09-23 10:57:10,482: -SUB [/place/status] /rviz_wng_28784_8007540370732014797 http://wng:34555/
[rosmaster.master][INFO] 2021-09-23 10:57:10,482: publisherUpdate[/rviz_moveit_motion_planning_display/robot_interaction_interactive_marker_topic/feedback] -> http://wng:34555/ []: sec=0.00, exception=<Fault -1: 'publisherUpdate: unknown method name'>
[rosmaster.master][INFO] 2021-09-23 10:57:10,483: -SUB [/place/feedback] /rviz_wng_28784_8007540370732014797 http://wng:34555/
[rosmaster.master][INFO] 2021-09-23 10:57:10,483: -SUB [/place/result] /rviz_wng_28784_8007540370732014797 http://wng:34555/
[rosmaster.threadpool][ERROR] 2021-09-23 10:57:10,483: Traceback (most recent call last):
  File "/opt/ros/melodic/lib/python2.7/dist-packages/rosmaster/threadpool.py", line 218, in run
    result = cmd(*args)
  File "/opt/ros/melodic/lib/python2.7/dist-packages/rosmaster/master_api.py", line 210, in publisher_update_task
    ret = xmlrpcapi(api).publisherUpdate('/master', topic, pub_uris)
  File "/usr/lib/python2.7/xmlrpclib.py", line 1243, in __call__
    return self.__send(self.__name, args)
  File "/usr/lib/python2.7/xmlrpclib.py", line 1602, in __request
    verbose=self.__verbose
  File "/usr/lib/python2.7/xmlrpclib.py", line 1283, in request
    return self.single_request(host, handler, request_body, verbose)
  File "/usr/lib/python2.7/xmlrpclib.py", line 1316, in single_request
    return self.parse_response(response)
  File "/usr/lib/python2.7/xmlrpclib.py", line 1493, in parse_response
    return u.close()
  File "/usr/lib/python2.7/xmlrpclib.py", line 800, in close
    raise Fault(**self._stack[0])
Fault: <Fault -1: 'publisherUpdate: unknown method name'>

[rosmaster.master][INFO] 2021-09-23 10:57:10,484: -SUB [/execute_trajectory/status] /rviz_wng_28784_8007540370732014797 http://wng:34555/
[rosmaster.master][INFO] 2021-09-23 10:57:10,484: publisherUpdate[/trajectory_execution_event] -> http://wng:38683/ ['http://wng:45547/']
[rosmaster.master][INFO] 2021-09-23 10:57:10,484: -SUB [/execute_trajectory/feedback] /rviz_wng_28784_8007540370732014797 http://wng:34555/
[rosmaster.master][INFO] 2021-09-23 10:57:10,484: -SUB [/execute_trajectory/result] /rviz_wng_28784_8007540370732014797 http://wng:34555/
[rosmaster.master][INFO] 2021-09-23 10:57:10,485: -SERVICE [/rviz_wng_28784_8007540370732014797/get_loggers] /rviz_wng_28784_8007540370732014797 rosrpc://wng:49075
[rosmaster.master][INFO] 2021-09-23 10:57:10,485: -SERVICE [/rviz_wng_28784_8007540370732014797/set_logger_level] /rviz_wng_28784_8007540370732014797 rosrpc://wng:49075
[rosmaster.master][INFO] 2021-09-23 10:57:10,485: publisherUpdate[/trajectory_execution_event] -> http://wng:38683/ ['http://wng:45547/']: sec=0.00, result=[0, 'panda_arm[RRTConnectkConfigDefault]: Unable to sample any valid states for goal tree', 0]
[rosmaster.master][INFO] 2021-09-23 10:57:10,485: -SERVICE [/rviz_wng_28784_8007540370732014797/reload_shaders] /rviz_wng_28784_8007540370732014797 rosrpc://wng:49075
[rosmaster.master][INFO] 2021-09-23 10:57:10,486: -SERVICE [/rviz_wng_28784_8007540370732014797/load_config] /rviz_wng_28784_8007540370732014797 rosrpc://wng:49075
[rosmaster.master][INFO] 2021-09-23 10:57:10,485: publisherUpdate[/attached_collision_object] -> http://wng:38683/ ['http://wng:42513/', 'http://wng:45547/']
[rosmaster.master][INFO] 2021-09-23 10:57:10,486: -SERVICE [/rviz_wng_28784_8007540370732014797/save_config] /rviz_wng_28784_8007540370732014797 rosrpc://wng:49075
[rosmaster.master][INFO] 2021-09-23 10:57:10,486: -SERVICE [/rviz_wng_28784_8007540370732014797/motionplanning_planning_scene_monitor/set_parameters] /rviz_wng_28784_8007540370732014797 rosrpc://wng:49075
[rosmaster.master][INFO] 2021-09-23 10:57:10,487: publisherUpdate[/attached_collision_object] -> http://wng:38683/ ['http://wng:42513/', 'http://wng:45547/']: sec=0.00, result=[0, 'panda_arm[RRTConnectkConfigDefault]: Unable to sample any valid states for goal tree', 0]
[rosmaster.master][INFO] 2021-09-23 10:57:10,487: -CACHEDPARAM [/rosout_disable_topics_generation] by /rviz_wng_28784_8007540370732014797
[rosmaster.master][INFO] 2021-09-23 10:57:10,487: publisherUpdate[/move_group/goal] -> http://wng:38683/ ['http://wng:45547/']
[rosmaster.master][INFO] 2021-09-23 10:57:10,487: publisherUpdate[/move_group/goal] -> http://wng:38683/ ['http://wng:45547/']: sec=0.00, result=[0, 'panda_arm[RRTConnectkConfigDefault]: Unable to sample any valid states for goal tree', 0]
[rosmaster.master][INFO] 2021-09-23 10:57:10,487: publisherUpdate[/move_group/cancel] -> http://wng:38683/ ['http://wng:45547/']
[rosmaster.master][INFO] 2021-09-23 10:57:10,487: publisherUpdate[/move_group/cancel] -> http://wng:38683/ ['http://wng:45547/']: sec=0.00, result=[0, 'panda_arm[RRTConnectkConfigDefault]: Unable to sample any valid states for goal tree', 0]
[rosmaster.master][INFO] 2021-09-23 10:57:10,487: publisherUpdate[/pickup/goal] -> http://wng:38683/ ['http://wng:45547/']
[rosmaster.master][INFO] 2021-09-23 10:57:10,488: publisherUpdate[/pickup/goal] -> http://wng:38683/ ['http://wng:45547/']: sec=0.00, result=[0, 'panda_arm[RRTConnectkConfigDefault]: Unable to sample any valid states for goal tree', 0]
[rosmaster.master][INFO] 2021-09-23 10:57:10,488: publisherUpdate[/pickup/cancel] -> http://wng:38683/ ['http://wng:45547/']
[rosmaster.master][INFO] 2021-09-23 10:57:10,488: publisherUpdate[/pickup/cancel] -> http://wng:38683/ ['http://wng:45547/']: sec=0.00, result=[0, 'panda_arm[RRTConnectkConfigDefault]: Unable to sample any valid states for goal tree', 0]
[rosmaster.master][INFO] 2021-09-23 10:57:10,488: publisherUpdate[/place/goal] -> http://wng:38683/ ['http://wng:45547/']
[rosmaster.master][INFO] 2021-09-23 10:57:10,488: publisherUpdate[/place/goal] -> http://wng:38683/ ['http://wng:45547/']: sec=0.00, result=[0, 'panda_arm[RRTConnectkConfigDefault]: Unable to sample any valid states for goal tree', 0]
[rosmaster.master][INFO] 2021-09-23 10:57:10,488: publisherUpdate[/place/cancel] -> http://wng:38683/ ['http://wng:45547/']
[rosmaster.master][INFO] 2021-09-23 10:57:10,488: publisherUpdate[/place/cancel] -> http://wng:38683/ ['http://wng:45547/']: sec=0.00, result=[0, 'panda_arm[RRTConnectkConfigDefault]: Unable to sample any valid states for goal tree', 0]
[rosmaster.master][INFO] 2021-09-23 10:57:10,488: publisherUpdate[/execute_trajectory/goal] -> http://wng:38683/ ['http://wng:45547/']
[rosmaster.master][INFO] 2021-09-23 10:57:10,489: publisherUpdate[/execute_trajectory/goal] -> http://wng:38683/ ['http://wng:45547/']: sec=0.00, result=[0, 'panda_arm[RRTConnectkConfigDefault]: Unable to sample any valid states for goal tree', 0]
[rosmaster.master][INFO] 2021-09-23 10:57:10,489: publisherUpdate[/execute_trajectory/cancel] -> http://wng:38683/ ['http://wng:45547/']
[rosmaster.master][INFO] 2021-09-23 10:57:10,489: publisherUpdate[/execute_trajectory/cancel] -> http://wng:38683/ ['http://wng:45547/']: sec=0.00, result=[0, 'panda_arm[RRTConnectkConfigDefault]: Unable to sample any valid states for goal tree', 0]
[rosmaster.master][INFO] 2021-09-23 10:57:10,489: publisherUpdate[/rosout] -> http://wng:37819/ ['http://wng:43617/', 'http://wng:38683/', 'http://wng:45547/', 'http://wng:42513/']
[rosmaster.master][INFO] 2021-09-23 10:57:10,489: publisherUpdate[/rosout] -> http://wng:37819/ ['http://wng:43617/', 'http://wng:38683/', 'http://wng:45547/', 'http://wng:42513/']: sec=0.00, result=[1, '', 0]
[rosmaster.master][INFO] 2021-09-23 10:57:10,489: publisherUpdate[/rosout] -> http://wng:37819/ ['http://wng:38683/', 'http://wng:45547/', 'http://wng:42513/']
[rosmaster.master][INFO] 2021-09-23 10:57:10,489: publisherUpdate[/rosout] -> http://wng:37819/ ['http://wng:38683/', 'http://wng:45547/', 'http://wng:42513/']: sec=0.00, result=[1, '', 0]
[rosmaster.master][INFO] 2021-09-23 10:57:10,489: publisherUpdate[/joint_states_desired] -> http://wng:38683/ []
[rosmaster.master][INFO] 2021-09-23 10:57:10,490: publisherUpdate[/joint_states_desired] -> http://wng:38683/ []: sec=0.00, result=[0, 'panda_arm[RRTConnectkConfigDefault]: Unable to sample any valid states for goal tree', 0]
[rosmaster.master][INFO] 2021-09-23 10:57:10,490: publisherUpdate[/tf] -> http://wng:38683/ []
[rosmaster.master][INFO] 2021-09-23 10:57:10,490: publisherUpdate[/tf] -> http://wng:38683/ []: sec=0.00, result=[0, 'panda_arm[RRTConnectkConfigDefault]: Unable to sample any valid states for goal tree', 0]
[rosmaster.master][INFO] 2021-09-23 10:57:10,490: publisherUpdate[/tf] -> http://wng:45547/ []
[rosmaster.master][INFO] 2021-09-23 10:57:10,525: publisherUpdate[/tf_static] -> http://wng:38683/ []
[rosmaster.master][INFO] 2021-09-23 10:57:10,526: publisherUpdate[/tf_static] -> http://wng:38683/ []: sec=0.00, result=[0, 'panda_arm[RRTConnectkConfigDefault]: Unable to sample any valid states for goal tree', 0]
[rosmaster.master][INFO] 2021-09-23 10:57:10,526: -PUB [/rosout] /move_group http://wng:38683/
[rosmaster.master][INFO] 2021-09-23 10:57:10,526: -PUB [/move_group/planning_scene_monitor/parameter_descriptions] /move_group http://wng:38683/
[rosmaster.master][INFO] 2021-09-23 10:57:10,527: -PUB [/move_group/planning_scene_monitor/parameter_updates] /move_group http://wng:38683/
[rosmaster.master][INFO] 2021-09-23 10:57:10,527: -PUB [/move_group/monitored_planning_scene] /move_group http://wng:38683/
[rosmaster.master][INFO] 2021-09-23 10:57:10,527: -PUB [/move_group/filtered_cloud] /move_group http://wng:38683/
[rosmaster.master][INFO] 2021-09-23 10:57:10,528: -PUB [/move_group/ompl/parameter_descriptions] /move_group http://wng:38683/
[rosmaster.master][INFO] 2021-09-23 10:57:10,528: -PUB [/move_group/ompl/parameter_updates] /move_group http://wng:38683/
[rosmaster.master][INFO] 2021-09-23 10:57:10,528: -PUB [/move_group/display_planned_path] /move_group http://wng:38683/
[rosmaster.master][INFO] 2021-09-23 10:57:10,529: -PUB [/move_group/display_contacts] /move_group http://wng:38683/
[rosmaster.master][INFO] 2021-09-23 10:57:10,529: -PUB [/move_group/fake_controller_joint_states] /move_group http://wng:38683/
[rosmaster.master][INFO] 2021-09-23 10:57:10,529: -PUB [/move_group/trajectory_execution/parameter_descriptions] /move_group http://wng:38683/
[rosmaster.master][INFO] 2021-09-23 10:57:10,529: -PUB [/move_group/trajectory_execution/parameter_updates] /move_group http://wng:38683/
[rosmaster.master][INFO] 2021-09-23 10:57:10,530: -PUB [/move_group/plan_execution/parameter_descriptions] /move_group http://wng:38683/
[rosmaster.master][INFO] 2021-09-23 10:57:10,530: -PUB [/move_group/plan_execution/parameter_updates] /move_group http://wng:38683/
[rosmaster.master][INFO] 2021-09-23 10:57:10,530: -PUB [/move_group/sense_for_plan/parameter_descriptions] /move_group http://wng:38683/
[rosmaster.master][INFO] 2021-09-23 10:57:10,531: -PUB [/move_group/sense_for_plan/parameter_updates] /move_group http://wng:38683/
[rosmaster.master][INFO] 2021-09-23 10:57:10,531: -PUB [/move_group/display_cost_sources] /move_group http://wng:38683/
[rosmaster.master][INFO] 2021-09-23 10:57:10,531: -PUB [/move_group/motion_plan_request] /move_group http://wng:38683/
[rosmaster.master][INFO] 2021-09-23 10:57:10,532: -PUB [/execute_trajectory/result] /move_group http://wng:38683/
[rosmaster.master][INFO] 2021-09-23 10:57:10,532: -PUB [/execute_trajectory/feedback] /move_group http://wng:38683/
[rosmaster.master][INFO] 2021-09-23 10:57:10,532: -PUB [/execute_trajectory/status] /move_group http://wng:38683/
[rosmaster.master][INFO] 2021-09-23 10:57:10,533: -PUB [/move_group/result] /move_group http://wng:38683/
[rosmaster.master][INFO] 2021-09-23 10:57:10,533: -PUB [/move_group/feedback] /move_group http://wng:38683/
[rosmaster.master][INFO] 2021-09-23 10:57:10,533: -PUB [/move_group/status] /move_group http://wng:38683/
[rosmaster.master][INFO] 2021-09-23 10:57:10,534: -PUB [/move_group/display_grasp_markers] /move_group http://wng:38683/
[rosmaster.master][INFO] 2021-09-23 10:57:10,534: -PUB [/pickup/result] /move_group http://wng:38683/
[rosmaster.master][INFO] 2021-09-23 10:57:10,534: -PUB [/pickup/feedback] /move_group http://wng:38683/
[rosmaster.master][INFO] 2021-09-23 10:57:10,534: -PUB [/pickup/status] /move_group http://wng:38683/
[rosmaster.master][INFO] 2021-09-23 10:57:10,535: -PUB [/place/result] /move_group http://wng:38683/
[rosmaster.master][INFO] 2021-09-23 10:57:10,535: -PUB [/place/feedback] /move_group http://wng:38683/
[rosmaster.master][INFO] 2021-09-23 10:57:10,535: -PUB [/place/status] /move_group http://wng:38683/
[rosmaster.master][INFO] 2021-09-23 10:57:10,536: -SUB [/tf] /move_group http://wng:38683/
[rosmaster.master][INFO] 2021-09-23 10:57:10,536: -SUB [/tf_static] /move_group http://wng:38683/
[rosmaster.master][INFO] 2021-09-23 10:57:10,536: -SUB [/planning_scene] /move_group http://wng:38683/
[rosmaster.master][INFO] 2021-09-23 10:57:10,537: -SUB [/collision_object] /move_group http://wng:38683/
[rosmaster.master][INFO] 2021-09-23 10:57:10,537: -SUB [/planning_scene_world] /move_group http://wng:38683/
[rosmaster.master][INFO] 2021-09-23 10:57:10,537: -SUB [/camera/depth_registered/points] /move_group http://wng:38683/
[rosmaster.master][INFO] 2021-09-23 10:57:10,538: -SUB [/joint_states_desired] /move_group http://wng:38683/
[rosmaster.master][INFO] 2021-09-23 10:57:10,538: -SUB [/attached_collision_object] /move_group http://wng:38683/
[rosmaster.master][INFO] 2021-09-23 10:57:10,538: -SUB [/trajectory_execution_event] /move_group http://wng:38683/
[rosmaster.master][INFO] 2021-09-23 10:57:10,539: -SUB [/execute_trajectory/goal] /move_group http://wng:38683/
[rosmaster.master][INFO] 2021-09-23 10:57:10,539: -SUB [/execute_trajectory/cancel] /move_group http://wng:38683/
[rosmaster.master][INFO] 2021-09-23 10:57:10,539: -SUB [/move_group/goal] /move_group http://wng:38683/
[rosmaster.master][INFO] 2021-09-23 10:57:10,539: -SUB [/move_group/cancel] /move_group http://wng:38683/
[rosmaster.master][INFO] 2021-09-23 10:57:10,540: -SUB [/pickup/goal] /move_group http://wng:38683/
[rosmaster.master][INFO] 2021-09-23 10:57:10,540: -SUB [/pickup/cancel] /move_group http://wng:38683/
[rosmaster.master][INFO] 2021-09-23 10:57:10,540: -SUB [/place/goal] /move_group http://wng:38683/
[rosmaster.master][INFO] 2021-09-23 10:57:10,541: -SUB [/place/cancel] /move_group http://wng:38683/
[rosmaster.master][INFO] 2021-09-23 10:57:10,541: -SERVICE [/move_group/get_loggers] /move_group rosrpc://wng:34983
[rosmaster.master][INFO] 2021-09-23 10:57:10,541: -SERVICE [/move_group/set_logger_level] /move_group rosrpc://wng:34983
[rosmaster.master][INFO] 2021-09-23 10:57:10,542: -SERVICE [/move_group/planning_scene_monitor/set_parameters] /move_group rosrpc://wng:34983
[rosmaster.master][INFO] 2021-09-23 10:57:10,542: -SERVICE [/move_group/save_map] /move_group rosrpc://wng:34983
[rosmaster.master][INFO] 2021-09-23 10:57:10,542: -SERVICE [/move_group/load_map] /move_group rosrpc://wng:34983
[rosmaster.master][INFO] 2021-09-23 10:57:10,542: -SERVICE [/move_group/ompl/set_parameters] /move_group rosrpc://wng:34983
[rosmaster.master][INFO] 2021-09-23 10:57:10,543: -SERVICE [/move_group/trajectory_execution/set_parameters] /move_group rosrpc://wng:34983
[rosmaster.master][INFO] 2021-09-23 10:57:10,543: -SERVICE [/move_group/plan_execution/set_parameters] /move_group rosrpc://wng:34983
[rosmaster.master][INFO] 2021-09-23 10:57:10,543: -SERVICE [/move_group/sense_for_plan/set_parameters] /move_group rosrpc://wng:34983
[rosmaster.master][INFO] 2021-09-23 10:57:10,543: -SERVICE [/apply_planning_scene] /move_group rosrpc://wng:34983
[rosmaster.master][INFO] 2021-09-23 10:57:10,544: -SERVICE [/clear_octomap] /move_group rosrpc://wng:34983
[rosmaster.master][INFO] 2021-09-23 10:57:10,544: -SERVICE [/compute_cartesian_path] /move_group rosrpc://wng:34983
[rosmaster.master][INFO] 2021-09-23 10:57:10,544: -SERVICE [/get_planning_scene] /move_group rosrpc://wng:34983
[rosmaster.master][INFO] 2021-09-23 10:57:10,544: -SERVICE [/compute_fk] /move_group rosrpc://wng:34983
[rosmaster.master][INFO] 2021-09-23 10:57:10,545: -SERVICE [/compute_ik] /move_group rosrpc://wng:34983
[rosmaster.master][INFO] 2021-09-23 10:57:10,545: -SERVICE [/plan_kinematic_path] /move_group rosrpc://wng:34983
[rosmaster.master][INFO] 2021-09-23 10:57:10,545: -SERVICE [/query_planner_interface] /move_group rosrpc://wng:34983
[rosmaster.master][INFO] 2021-09-23 10:57:10,546: -SERVICE [/get_planner_params] /move_group rosrpc://wng:34983
[rosmaster.master][INFO] 2021-09-23 10:57:10,546: -SERVICE [/set_planner_params] /move_group rosrpc://wng:34983
[rosmaster.master][INFO] 2021-09-23 10:57:10,546: -SERVICE [/check_state_validity] /move_group rosrpc://wng:34983
[rosmaster.master][INFO] 2021-09-23 10:57:10,547: -CACHEDPARAM [/rosout_disable_topics_generation] by /move_group
[rosmaster.master][INFO] 2021-09-23 10:57:10,552: publisherUpdate[/rosout] -> http://wng:37819/ ['http://wng:45547/', 'http://wng:42513/']
[rosmaster.master][INFO] 2021-09-23 10:57:10,553: publisherUpdate[/rosout] -> http://wng:37819/ ['http://wng:45547/', 'http://wng:42513/']: sec=0.00, result=[1, '', 0]
[rosmaster.master][INFO] 2021-09-23 10:57:10,854: -PUB [/rosout_agg] /rosout http://wng:37819/
[rosmaster.master][INFO] 2021-09-23 10:57:10,855: -SUB [/rosout] /rosout http://wng:37819/
[rosmaster.master][INFO] 2021-09-23 10:57:10,857: -SERVICE [/rosout/get_loggers] /rosout rosrpc://wng:52931
[rosmaster.master][INFO] 2021-09-23 10:57:10,858: -SERVICE [/rosout/set_logger_level] /rosout rosrpc://wng:52931
[rosmaster.master][INFO] 2021-09-23 10:57:10,859: -CACHEDPARAM [/rosout/omit_topics] by /rosout
[rosmaster.main][INFO] 2021-09-23 10:57:10,954: keyboard interrupt, will exit
[rosmaster.main][INFO] 2021-09-23 10:57:10,955: stopping master...
[rospy.core][INFO] 2021-09-23 10:57:10,955: signal_shutdown [atexit]
