[rospy.client][INFO] 2021-09-25 21:37:16,268: init_node, name[/server_endpoint], pid[32624]
[xmlrpc][INFO] 2021-09-25 21:37:16,268: XML-RPC server binding to 0.0.0.0:0
[xmlrpc][INFO] 2021-09-25 21:37:16,268: Started XML-RPC server [http://wng:44585/]
[rospy.init][INFO] 2021-09-25 21:37:16,268: ROS Slave URI: [http://wng:44585/]
[rospy.impl.masterslave][INFO] 2021-09-25 21:37:16,268: _ready: http://wng:44585/
[rospy.registration][INFO] 2021-09-25 21:37:16,268: Registering with master node http://localhost:11311
[xmlrpc][INFO] 2021-09-25 21:37:16,269: xml rpc node: starting XML-RPC server
[rospy.init][INFO] 2021-09-25 21:37:16,369: registered with master
[rospy.rosout][INFO] 2021-09-25 21:37:16,369: initializing /rosout core topic
[rospy.rosout][INFO] 2021-09-25 21:37:16,370: connected to core topic /rosout
[rospy.simtime][INFO] 2021-09-25 21:37:16,371: /use_sim_time is not set, will not subscribe to simulated time [/clock] topic
[rosout][INFO] 2021-09-25 21:37:16,390: Starting server on 192.168.1.146:10000
[rospy.internal][INFO] 2021-09-25 21:37:16,635: topic[/rosout] adding connection to [/rosout], count 0
[rosout][INFO] 2021-09-25 21:37:36,810: Connection from 192.168.1.146
[rosout][INFO] 2021-09-25 21:37:36,815: RegisterPublisher(execution_check, <class 'panda_move.msg._ExecutionCheck.ExecutionCheck'>) OK
[rospy.internal][INFO] 2021-09-25 21:37:36,908: topic[/execution_check] adding connection to [http://wng:44585/], count 0
[rospy.internal][INFO] 2021-09-25 21:37:36,909: topic[/execution_check] adding connection to [/server_endpoint], count 0
[rospy.core][INFO] 2021-09-25 22:13:23,054: signal_shutdown [signal-2]
[rospy.internal][INFO] 2021-09-25 22:13:23,059: topic[/execution_check] removing connection to /server_endpoint
[rospy.internal][ERROR] 2021-09-25 22:13:23,060: Unable to initiate TCP/IP socket to wng:39251 (http://wng:44585/): Traceback (most recent call last):
  File "/opt/ros/melodic/lib/python2.7/dist-packages/rospy/impl/tcpros_base.py", line 562, in connect
    self.read_header()
  File "/opt/ros/melodic/lib/python2.7/dist-packages/rospy/impl/tcpros_base.py", line 657, in read_header
    self._validate_header(read_ros_handshake_header(sock, self.read_buff, self.protocol.buff_size))
  File "/opt/ros/melodic/lib/python2.7/dist-packages/rospy/impl/tcpros_base.py", line 600, in _validate_header
    raise TransportInitError("remote error reported: %s"%header['error'])
TransportInitError: remote error reported: node shutting down

[rospy.internal][INFO] 2021-09-25 22:13:23,060: topic[/rosout] removing connection to /rosout
[rospy.internal][INFO] 2021-09-25 22:13:23,060: topic[/execution_check] removing connection to http://wng:44585/
[rospy.impl.masterslave][INFO] 2021-09-25 22:13:23,060: signal-2
[rospy.core][INFO] 2021-09-25 22:13:23,192: signal_shutdown [atexit]
