[rospy.client][INFO] 2021-11-26 08:26:45,611: init_node, name[/joint_state_publisher], pid[27121]
[xmlrpc][INFO] 2021-11-26 08:26:45,611: XML-RPC server binding to 0.0.0.0:0
[xmlrpc][INFO] 2021-11-26 08:26:45,611: Started XML-RPC server [http://wng:40989/]
[rospy.impl.masterslave][INFO] 2021-11-26 08:26:45,611: _ready: http://wng:40989/
[rospy.registration][INFO] 2021-11-26 08:26:45,612: Registering with master node http://localhost:11311
[xmlrpc][INFO] 2021-11-26 08:26:45,615: xml rpc node: starting XML-RPC server
[rospy.init][INFO] 2021-11-26 08:26:45,615: ROS Slave URI: [http://wng:40989/]
[rospy.init][INFO] 2021-11-26 08:26:45,615: registered with master
[rospy.rosout][INFO] 2021-11-26 08:26:45,615: initializing /rosout core topic
[rospy.rosout][INFO] 2021-11-26 08:26:45,616: connected to core topic /rosout
[rospy.simtime][INFO] 2021-11-26 08:26:45,617: /use_sim_time is not set, will not subscribe to simulated time [/clock] topic
[rospy.internal][INFO] 2021-11-26 08:26:45,747: topic[/move_group/fake_controller_joint_states] adding connection to [http://wng:37651/], count 0
[rospy.internal][INFO] 2021-11-26 08:26:45,896: topic[/rosout] adding connection to [/rosout], count 0
[rospy.internal][INFO] 2021-11-26 08:26:45,996: topic[/joint_states] adding connection to [/joint_state_desired_publisher], count 0
[rospy.internal][INFO] 2021-11-26 08:26:45,996: topic[/joint_states] adding connection to [/robot_state_publisher], count 1
[rospy.internal][INFO] 2021-11-26 08:27:34,275: topic[/joint_states] adding connection to [/move_group_commander_wrappers_1637882823442392395], count 2
[rospy.core][INFO] 2021-11-26 08:31:50,677: signal_shutdown [signal-2]
[rospy.internal][INFO] 2021-11-26 08:31:50,679: topic[/joint_states] removing connection to /joint_state_desired_publisher
[rospy.internal][INFO] 2021-11-26 08:31:50,685: topic[/joint_states] removing connection to /robot_state_publisher
[rospy.internal][INFO] 2021-11-26 08:31:50,688: topic[/joint_states] removing connection to /move_group_commander_wrappers_1637882823442392395
[rospy.internal][INFO] 2021-11-26 08:31:50,688: topic[/rosout] removing connection to /rosout
[rospy.internal][INFO] 2021-11-26 08:31:50,688: topic[/move_group/fake_controller_joint_states] removing connection to http://wng:37651/
[rospy.impl.masterslave][INFO] 2021-11-26 08:31:50,688: signal-2
[rospy.core][INFO] 2021-11-26 08:31:50,820: signal_shutdown [atexit]
