[rospy.client][INFO] 2021-09-23 10:51:47,555: init_node, name[/joint_state_publisher], pid[27665]
[xmlrpc][INFO] 2021-09-23 10:51:47,556: XML-RPC server binding to 0.0.0.0:0
[xmlrpc][INFO] 2021-09-23 10:51:47,556: Started XML-RPC server [http://wng:42653/]
[rospy.init][INFO] 2021-09-23 10:51:47,556: ROS Slave URI: [http://wng:42653/]
[rospy.impl.masterslave][INFO] 2021-09-23 10:51:47,556: _ready: http://wng:42653/
[xmlrpc][INFO] 2021-09-23 10:51:47,556: xml rpc node: starting XML-RPC server
[rospy.registration][INFO] 2021-09-23 10:51:47,556: Registering with master node http://localhost:11311
[rospy.init][INFO] 2021-09-23 10:51:47,656: registered with master
[rospy.rosout][INFO] 2021-09-23 10:51:47,656: initializing /rosout core topic
[rospy.rosout][INFO] 2021-09-23 10:51:47,658: connected to core topic /rosout
[rospy.simtime][INFO] 2021-09-23 10:51:47,659: /use_sim_time is not set, will not subscribe to simulated time [/clock] topic
[rospy.internal][INFO] 2021-09-23 10:51:47,671: topic[/move_group/fake_controller_joint_states] adding connection to [http://wng:41387/], count 0
[rospy.internal][INFO] 2021-09-23 10:51:47,896: topic[/rosout] adding connection to [/rosout], count 0
[rospy.internal][INFO] 2021-09-23 10:51:47,897: topic[/joint_states] adding connection to [/joint_state_desired_publisher], count 0
[rospy.internal][INFO] 2021-09-23 10:51:47,997: topic[/joint_states] adding connection to [/robot_state_publisher], count 1
[rospy.core][INFO] 2021-09-23 10:52:10,490: signal_shutdown [signal-2]
[rospy.internal][INFO] 2021-09-23 10:52:10,491: topic[/joint_states] removing connection to /joint_state_desired_publisher
[rospy.internal][INFO] 2021-09-23 10:52:10,491: topic[/joint_states] removing connection to /robot_state_publisher
[rospy.internal][INFO] 2021-09-23 10:52:10,491: topic[/rosout] removing connection to /rosout
[rospy.internal][INFO] 2021-09-23 10:52:10,491: topic[/move_group/fake_controller_joint_states] removing connection to http://wng:41387/
[rospy.internal][WARNING] 2021-09-23 10:52:10,492: Unknown error initiating TCP/IP socket to wng:36929 (http://wng:41387/): Traceback (most recent call last):
  File "/opt/ros/melodic/lib/python2.7/dist-packages/rospy/impl/tcpros_base.py", line 562, in connect
    self.read_header()
  File "/opt/ros/melodic/lib/python2.7/dist-packages/rospy/impl/tcpros_base.py", line 657, in read_header
    self._validate_header(read_ros_handshake_header(sock, self.read_buff, self.protocol.buff_size))
AttributeError: 'NoneType' object has no attribute 'buff_size'

[rospy.topics][ERROR] 2021-09-23 10:52:10,492: Traceback (most recent call last):
  File "/opt/ros/melodic/lib/python2.7/dist-packages/rospy/topics.py", line 326, in close
    c.close()
  File "/opt/ros/melodic/lib/python2.7/dist-packages/rospy/impl/tcpros_base.py", line 846, in close
    self.socket.close()
AttributeError: 'NoneType' object has no attribute 'close'

[rospy.impl.masterslave][INFO] 2021-09-23 10:52:10,492: signal-2
[rospy.core][INFO] 2021-09-23 10:52:10,594: signal_shutdown [atexit]
