[rospy.client][INFO] 2021-12-14 10:30:32,201: init_node, name[/joint_state_publisher], pid[17872]
[xmlrpc][INFO] 2021-12-14 10:30:32,201: XML-RPC server binding to 0.0.0.0:0
[xmlrpc][INFO] 2021-12-14 10:30:32,201: Started XML-RPC server [http://wng:41751/]
[rospy.init][INFO] 2021-12-14 10:30:32,201: ROS Slave URI: [http://wng:41751/]
[rospy.impl.masterslave][INFO] 2021-12-14 10:30:32,202: _ready: http://wng:41751/
[xmlrpc][INFO] 2021-12-14 10:30:32,202: xml rpc node: starting XML-RPC server
[rospy.registration][INFO] 2021-12-14 10:30:32,202: Registering with master node http://localhost:11311
[rospy.init][INFO] 2021-12-14 10:30:32,302: registered with master
[rospy.rosout][INFO] 2021-12-14 10:30:32,302: initializing /rosout core topic
[rospy.rosout][INFO] 2021-12-14 10:30:32,304: connected to core topic /rosout
[rospy.simtime][INFO] 2021-12-14 10:30:32,304: /use_sim_time is not set, will not subscribe to simulated time [/clock] topic
[rospy.internal][INFO] 2021-12-14 10:30:32,368: topic[/move_group/fake_controller_joint_states] adding connection to [http://wng:37475/], count 0
[rospy.internal][INFO] 2021-12-14 10:30:32,568: topic[/rosout] adding connection to [/rosout], count 0
[rospy.internal][INFO] 2021-12-14 10:30:32,569: topic[/joint_states] adding connection to [/joint_state_desired_publisher], count 0
[rospy.internal][INFO] 2021-12-14 10:30:32,569: topic[/joint_states] adding connection to [/robot_state_publisher], count 1
[rospy.internal][INFO] 2021-12-14 10:31:08,039: topic[/joint_states] adding connection to [/move_group_commander_wrappers_1639445439472071990], count 2
[rospy.core][INFO] 2021-12-14 10:33:36,685: signal_shutdown [signal-2]
[rospy.internal][INFO] 2021-12-14 10:33:36,690: topic[/joint_states] removing connection to /joint_state_desired_publisher
[rospy.internal][INFO] 2021-12-14 10:33:36,690: topic[/joint_states] removing connection to /robot_state_publisher
[rospy.internal][INFO] 2021-12-14 10:33:36,690: topic[/joint_states] removing connection to /move_group_commander_wrappers_1639445439472071990
[rospy.internal][INFO] 2021-12-14 10:33:36,691: topic[/rosout] removing connection to /rosout
[rospy.internal][INFO] 2021-12-14 10:33:36,691: topic[/move_group/fake_controller_joint_states] removing connection to http://wng:37475/
[rospy.internal][WARNING] 2021-12-14 10:33:36,691: Unknown error initiating TCP/IP socket to wng:45411 (http://wng:37475/): Traceback (most recent call last):
  File "/opt/ros/melodic/lib/python2.7/dist-packages/rospy/impl/tcpros_base.py", line 562, in connect
    self.read_header()
  File "/opt/ros/melodic/lib/python2.7/dist-packages/rospy/impl/tcpros_base.py", line 657, in read_header
    self._validate_header(read_ros_handshake_header(sock, self.read_buff, self.protocol.buff_size))
AttributeError: 'NoneType' object has no attribute 'buff_size'

[rospy.topics][ERROR] 2021-12-14 10:33:36,692: Traceback (most recent call last):
  File "/opt/ros/melodic/lib/python2.7/dist-packages/rospy/topics.py", line 326, in close
    c.close()
  File "/opt/ros/melodic/lib/python2.7/dist-packages/rospy/impl/tcpros_base.py", line 846, in close
    self.socket.close()
AttributeError: 'NoneType' object has no attribute 'close'

[rospy.impl.masterslave][INFO] 2021-12-14 10:33:36,692: signal-2
[rospy.core][INFO] 2021-12-14 10:33:36,856: signal_shutdown [atexit]
