[rospy.client][INFO] 2021-12-14 10:30:32,436: init_node, name[/server_endpoint], pid[17870]
[xmlrpc][INFO] 2021-12-14 10:30:32,436: XML-RPC server binding to 0.0.0.0:0
[xmlrpc][INFO] 2021-12-14 10:30:32,437: Started XML-RPC server [http://wng:43139/]
[rospy.init][INFO] 2021-12-14 10:30:32,437: ROS Slave URI: [http://wng:43139/]
[rospy.impl.masterslave][INFO] 2021-12-14 10:30:32,437: _ready: http://wng:43139/
[rospy.registration][INFO] 2021-12-14 10:30:32,437: Registering with master node http://localhost:11311
[xmlrpc][INFO] 2021-12-14 10:30:32,437: xml rpc node: starting XML-RPC server
[rospy.init][INFO] 2021-12-14 10:30:32,537: registered with master
[rospy.rosout][INFO] 2021-12-14 10:30:32,537: initializing /rosout core topic
[rospy.rosout][INFO] 2021-12-14 10:30:32,538: connected to core topic /rosout
[rospy.simtime][INFO] 2021-12-14 10:30:32,539: /use_sim_time is not set, will not subscribe to simulated time [/clock] topic
[rosout][INFO] 2021-12-14 10:30:32,545: Starting server on 192.168.0.8:10000
[rospy.internal][INFO] 2021-12-14 10:30:32,770: topic[/rosout] adding connection to [/rosout], count 0
[rosout][INFO] 2021-12-14 10:31:07,120: Connection from 192.168.0.8
[rosout][INFO] 2021-12-14 10:31:07,126: RegisterPublisher(execution_check, <class 'panda_move.msg._ExecutionCheck.ExecutionCheck'>) OK
[rospy.internal][INFO] 2021-12-14 10:31:07,175: topic[/execution_check] adding connection to [http://wng:43139/], count 0
[rospy.internal][INFO] 2021-12-14 10:31:07,177: topic[/execution_check] adding connection to [/server_endpoint], count 0
[rosout][ERROR] 2021-12-14 10:31:46,694: Exception: No more data available
[rosout][INFO] 2021-12-14 10:31:46,696: Disconnected from 192.168.0.8
[rospy.core][INFO] 2021-12-14 10:33:36,685: signal_shutdown [signal-2]
[rospy.internal][INFO] 2021-12-14 10:33:36,693: topic[/execution_check] removing connection to /server_endpoint
[rospy.internal][INFO] 2021-12-14 10:33:36,693: topic[/rosout] removing connection to /rosout
[rospy.internal][INFO] 2021-12-14 10:33:36,694: topic[/execution_check] removing connection to http://wng:43139/
[rospy.impl.masterslave][INFO] 2021-12-14 10:33:36,694: signal-2
[rospy.internal][ERROR] 2021-12-14 10:33:36,694: Unable to initiate TCP/IP socket to wng:43321 (http://wng:43139/): Traceback (most recent call last):
  File "/opt/ros/melodic/lib/python2.7/dist-packages/rospy/impl/tcpros_base.py", line 562, in connect
    self.read_header()
  File "/opt/ros/melodic/lib/python2.7/dist-packages/rospy/impl/tcpros_base.py", line 657, in read_header
    self._validate_header(read_ros_handshake_header(sock, self.read_buff, self.protocol.buff_size))
  File "/opt/ros/melodic/lib/python2.7/dist-packages/rospy/impl/tcpros_base.py", line 600, in _validate_header
    raise TransportInitError("remote error reported: %s"%header['error'])
TransportInitError: remote error reported: node shutting down

[rospy.core][INFO] 2021-12-14 10:33:36,826: signal_shutdown [atexit]
