[rospy.client][INFO] 2021-09-18 15:14:51,708: init_node, name[/joint_state_publisher], pid[32165]
[xmlrpc][INFO] 2021-09-18 15:14:51,708: XML-RPC server binding to 0.0.0.0:0
[xmlrpc][INFO] 2021-09-18 15:14:51,709: Started XML-RPC server [http://wng:46391/]
[rospy.init][INFO] 2021-09-18 15:14:51,709: ROS Slave URI: [http://wng:46391/]
[rospy.impl.masterslave][INFO] 2021-09-18 15:14:51,709: _ready: http://wng:46391/
[xmlrpc][INFO] 2021-09-18 15:14:51,709: xml rpc node: starting XML-RPC server
[rospy.registration][INFO] 2021-09-18 15:14:51,710: Registering with master node http://localhost:11311
[rospy.init][INFO] 2021-09-18 15:14:51,809: registered with master
[rospy.rosout][INFO] 2021-09-18 15:14:51,809: initializing /rosout core topic
[rospy.rosout][INFO] 2021-09-18 15:14:51,812: connected to core topic /rosout
[rospy.simtime][INFO] 2021-09-18 15:14:51,812: /use_sim_time is not set, will not subscribe to simulated time [/clock] topic
[rospy.internal][INFO] 2021-09-18 15:14:51,874: topic[/move_group/fake_controller_joint_states] adding connection to [http://wng:35325/], count 0
[rospy.internal][INFO] 2021-09-18 15:14:51,936: topic[/rosout] adding connection to [/rosout], count 0
[rospy.internal][INFO] 2021-09-18 15:14:52,037: topic[/joint_states] adding connection to [/joint_state_desired_publisher], count 0
[rospy.internal][INFO] 2021-09-18 15:14:52,037: topic[/joint_states] adding connection to [/robot_state_publisher], count 1
[rospy.internal][INFO] 2021-09-18 15:16:16,010: topic[/joint_states] adding connection to [/move_group_commander_wrappers_1631945699433180479], count 2
[rospy.internal][INFO] 2021-09-18 15:49:38,127: topic[/joint_states] removing connection to /move_group_commander_wrappers_1631945699433180479
[rospy.core][INFO] 2021-09-18 15:49:55,616: signal_shutdown [signal-2]
[rospy.internal][INFO] 2021-09-18 15:49:55,619: topic[/joint_states] removing connection to /joint_state_desired_publisher
[rospy.internal][INFO] 2021-09-18 15:49:55,625: topic[/joint_states] removing connection to /robot_state_publisher
[rospy.internal][INFO] 2021-09-18 15:49:55,625: topic[/rosout] removing connection to /rosout
[rospy.internal][INFO] 2021-09-18 15:49:55,625: topic[/move_group/fake_controller_joint_states] removing connection to http://wng:35325/
[rospy.impl.masterslave][INFO] 2021-09-18 15:49:55,626: signal-2
[rospy.core][INFO] 2021-09-18 15:49:55,726: signal_shutdown [atexit]
