[rospy.client][INFO] 2021-09-18 15:14:52,206: init_node, name[/server_endpoint], pid[32163]
[xmlrpc][INFO] 2021-09-18 15:14:52,206: XML-RPC server binding to 0.0.0.0:0
[xmlrpc][INFO] 2021-09-18 15:14:52,206: Started XML-RPC server [http://wng:37393/]
[rospy.init][INFO] 2021-09-18 15:14:52,206: ROS Slave URI: [http://wng:37393/]
[rospy.impl.masterslave][INFO] 2021-09-18 15:14:52,206: _ready: http://wng:37393/
[rospy.registration][INFO] 2021-09-18 15:14:52,207: Registering with master node http://localhost:11311
[xmlrpc][INFO] 2021-09-18 15:14:52,207: xml rpc node: starting XML-RPC server
[rospy.init][INFO] 2021-09-18 15:14:52,307: registered with master
[rospy.rosout][INFO] 2021-09-18 15:14:52,307: initializing /rosout core topic
[rospy.rosout][INFO] 2021-09-18 15:14:52,310: connected to core topic /rosout
[rospy.simtime][INFO] 2021-09-18 15:14:52,311: /use_sim_time is not set, will not subscribe to simulated time [/clock] topic
[rosout][INFO] 2021-09-18 15:14:52,338: Starting server on 192.168.1.146:10000
[rospy.internal][INFO] 2021-09-18 15:14:52,545: topic[/rosout] adding connection to [/rosout], count 0
[rosout][INFO] 2021-09-18 15:16:01,418: Connection from 192.168.1.146
[rosout][INFO] 2021-09-18 15:16:01,425: RegisterPublisher(execution_check, <class 'panda_move.msg._ExecutionCheck.ExecutionCheck'>) OK
[rospy.internal][INFO] 2021-09-18 15:16:01,459: topic[/execution_check] adding connection to [http://wng:37393/], count 0
[rospy.internal][INFO] 2021-09-18 15:16:01,468: topic[/execution_check] adding connection to [/server_endpoint], count 0
[rospy.core][INFO] 2021-09-18 15:49:55,618: signal_shutdown [signal-2]
[rospy.internal][INFO] 2021-09-18 15:49:55,622: topic[/execution_check] removing connection to /server_endpoint
[rospy.internal][ERROR] 2021-09-18 15:49:55,623: Unable to initiate TCP/IP socket to wng:38483 (http://wng:37393/): Traceback (most recent call last):
  File "/opt/ros/melodic/lib/python2.7/dist-packages/rospy/impl/tcpros_base.py", line 562, in connect
    self.read_header()
  File "/opt/ros/melodic/lib/python2.7/dist-packages/rospy/impl/tcpros_base.py", line 657, in read_header
    self._validate_header(read_ros_handshake_header(sock, self.read_buff, self.protocol.buff_size))
  File "/opt/ros/melodic/lib/python2.7/dist-packages/rospy/impl/tcpros_base.py", line 600, in _validate_header
    raise TransportInitError("remote error reported: %s"%header['error'])
TransportInitError: remote error reported: node shutting down

[rospy.internal][INFO] 2021-09-18 15:49:55,623: topic[/rosout] removing connection to /rosout
[rospy.internal][INFO] 2021-09-18 15:49:55,624: topic[/execution_check] removing connection to http://wng:37393/
[rospy.impl.masterslave][INFO] 2021-09-18 15:49:55,624: signal-2
[rospy.core][INFO] 2021-09-18 15:49:55,788: signal_shutdown [atexit]
