[rospy.client][INFO] 2021-09-09 16:11:04,776: init_node, name[/joint_state_publisher], pid[3800]
[xmlrpc][INFO] 2021-09-09 16:11:04,776: XML-RPC server binding to 0.0.0.0:0
[xmlrpc][INFO] 2021-09-09 16:11:04,776: Started XML-RPC server [http://wng:39793/]
[rospy.init][INFO] 2021-09-09 16:11:04,776: ROS Slave URI: [http://wng:39793/]
[rospy.impl.masterslave][INFO] 2021-09-09 16:11:04,777: _ready: http://wng:39793/
[xmlrpc][INFO] 2021-09-09 16:11:04,777: xml rpc node: starting XML-RPC server
[rospy.registration][INFO] 2021-09-09 16:11:04,777: Registering with master node http://localhost:11311
[rospy.init][INFO] 2021-09-09 16:11:04,877: registered with master
[rospy.rosout][INFO] 2021-09-09 16:11:04,877: initializing /rosout core topic
[rospy.rosout][INFO] 2021-09-09 16:11:04,879: connected to core topic /rosout
[rospy.simtime][INFO] 2021-09-09 16:11:04,880: /use_sim_time is not set, will not subscribe to simulated time [/clock] topic
[rospy.internal][INFO] 2021-09-09 16:11:04,941: topic[/move_group/fake_controller_joint_states] adding connection to [http://wng:36601/], count 0
[rospy.internal][INFO] 2021-09-09 16:11:05,174: topic[/rosout] adding connection to [/rosout], count 0
[rospy.internal][INFO] 2021-09-09 16:11:05,175: topic[/joint_states] adding connection to [/joint_state_desired_publisher], count 0
[rospy.internal][INFO] 2021-09-09 16:11:05,274: topic[/joint_states] adding connection to [/robot_state_publisher], count 1
[rospy.internal][INFO] 2021-09-09 16:11:53,894: topic[/joint_states] adding connection to [/move_group_commander_wrappers_1631171479524837289], count 2
[rospy.internal][INFO] 2021-09-09 16:42:18,267: topic[/joint_states] removing connection to /move_group_commander_wrappers_1631171479524837289
[rospy.core][INFO] 2021-09-09 16:42:50,613: signal_shutdown [signal-2]
[rospy.internal][INFO] 2021-09-09 16:42:50,615: topic[/joint_states] removing connection to /joint_state_desired_publisher
[rospy.internal][INFO] 2021-09-09 16:42:50,615: topic[/joint_states] removing connection to /robot_state_publisher
[rospy.internal][INFO] 2021-09-09 16:42:50,616: topic[/rosout] removing connection to /rosout
[rospy.internal][INFO] 2021-09-09 16:42:50,616: topic[/move_group/fake_controller_joint_states] removing connection to http://wng:36601/
[rospy.impl.masterslave][INFO] 2021-09-09 16:42:50,616: signal-2
[rospy.core][INFO] 2021-09-09 16:42:50,748: signal_shutdown [atexit]
