[rospy.client][INFO] 2021-12-14 10:42:33,613: init_node, name[/joint_state_publisher], pid[19900]
[xmlrpc][INFO] 2021-12-14 10:42:33,613: XML-RPC server binding to 0.0.0.0:0
[xmlrpc][INFO] 2021-12-14 10:42:33,614: Started XML-RPC server [http://wng:35797/]
[rospy.init][INFO] 2021-12-14 10:42:33,614: ROS Slave URI: [http://wng:35797/]
[rospy.impl.masterslave][INFO] 2021-12-14 10:42:33,614: _ready: http://wng:35797/
[rospy.registration][INFO] 2021-12-14 10:42:33,615: Registering with master node http://localhost:11311
[xmlrpc][INFO] 2021-12-14 10:42:33,615: xml rpc node: starting XML-RPC server
[rospy.init][INFO] 2021-12-14 10:42:33,714: registered with master
[rospy.rosout][INFO] 2021-12-14 10:42:33,714: initializing /rosout core topic
[rospy.rosout][INFO] 2021-12-14 10:42:33,716: connected to core topic /rosout
[rospy.simtime][INFO] 2021-12-14 10:42:33,717: /use_sim_time is not set, will not subscribe to simulated time [/clock] topic
[rospy.internal][INFO] 2021-12-14 10:42:33,779: topic[/move_group/fake_controller_joint_states] adding connection to [http://wng:33075/], count 0
[rospy.internal][INFO] 2021-12-14 10:42:33,951: topic[/joint_states] adding connection to [/joint_state_desired_publisher], count 0
[rospy.internal][INFO] 2021-12-14 10:42:33,951: topic[/rosout] adding connection to [/rosout], count 0
[rospy.internal][INFO] 2021-12-14 10:42:33,952: topic[/joint_states] adding connection to [/robot_state_publisher], count 1
[rospy.internal][INFO] 2021-12-14 10:43:06,731: topic[/joint_states] adding connection to [/move_group_commander_wrappers_1639446158454221368], count 2
[rospy.core][INFO] 2021-12-14 10:43:30,367: signal_shutdown [signal-2]
[rospy.internal][INFO] 2021-12-14 10:43:30,374: topic[/joint_states] removing connection to /joint_state_desired_publisher
[rospy.internal][INFO] 2021-12-14 10:43:30,374: topic[/joint_states] removing connection to /robot_state_publisher
[rospy.internal][INFO] 2021-12-14 10:43:30,374: topic[/joint_states] removing connection to /move_group_commander_wrappers_1639446158454221368
[rospy.internal][INFO] 2021-12-14 10:43:30,374: topic[/rosout] removing connection to /rosout
[rospy.internal][INFO] 2021-12-14 10:43:30,375: topic[/move_group/fake_controller_joint_states] removing connection to http://wng:33075/
[rospy.impl.masterslave][INFO] 2021-12-14 10:43:30,375: signal-2
[rospy.core][INFO] 2021-12-14 10:43:30,539: signal_shutdown [atexit]
