[rospy.client][INFO] 2021-09-25 19:54:50,342: init_node, name[/joint_state_publisher], pid[21527]
[xmlrpc][INFO] 2021-09-25 19:54:50,342: XML-RPC server binding to 0.0.0.0:0
[xmlrpc][INFO] 2021-09-25 19:54:50,343: Started XML-RPC server [http://wng:37321/]
[rospy.init][INFO] 2021-09-25 19:54:50,343: ROS Slave URI: [http://wng:37321/]
[rospy.impl.masterslave][INFO] 2021-09-25 19:54:50,343: _ready: http://wng:37321/
[rospy.registration][INFO] 2021-09-25 19:54:50,343: Registering with master node http://localhost:11311
[xmlrpc][INFO] 2021-09-25 19:54:50,343: xml rpc node: starting XML-RPC server
[rospy.init][INFO] 2021-09-25 19:54:50,443: registered with master
[rospy.rosout][INFO] 2021-09-25 19:54:50,443: initializing /rosout core topic
[rospy.rosout][INFO] 2021-09-25 19:54:50,445: connected to core topic /rosout
[rospy.simtime][INFO] 2021-09-25 19:54:50,446: /use_sim_time is not set, will not subscribe to simulated time [/clock] topic
[rospy.internal][INFO] 2021-09-25 19:54:50,508: topic[/move_group/fake_controller_joint_states] adding connection to [http://wng:33735/], count 0
[rospy.internal][INFO] 2021-09-25 19:54:50,685: topic[/rosout] adding connection to [/rosout], count 0
[rospy.internal][INFO] 2021-09-25 19:54:50,686: topic[/joint_states] adding connection to [/joint_state_desired_publisher], count 0
[rospy.internal][INFO] 2021-09-25 19:54:50,686: topic[/joint_states] adding connection to [/robot_state_publisher], count 1
[rospy.internal][INFO] 2021-09-25 19:55:29,909: topic[/joint_states] adding connection to [/move_group_commander_wrappers_1632567296175927458], count 2
[rospy.internal][INFO] 2021-09-25 20:26:59,858: topic[/joint_states] removing connection to /move_group_commander_wrappers_1632567296175927458
[rospy.core][INFO] 2021-09-25 20:27:07,382: signal_shutdown [signal-2]
[rospy.internal][INFO] 2021-09-25 20:27:07,385: topic[/joint_states] removing connection to /joint_state_desired_publisher
[rospy.internal][INFO] 2021-09-25 20:27:07,389: topic[/joint_states] removing connection to /robot_state_publisher
[rospy.internal][INFO] 2021-09-25 20:27:07,393: topic[/rosout] removing connection to /rosout
[rospy.internal][INFO] 2021-09-25 20:27:07,397: topic[/move_group/fake_controller_joint_states] removing connection to http://wng:33735/
[rospy.impl.masterslave][INFO] 2021-09-25 20:27:07,397: signal-2
[rospy.core][INFO] 2021-09-25 20:27:07,505: signal_shutdown [atexit]
