[rospy.client][INFO] 2021-12-14 10:44:07,063: init_node, name[/joint_state_publisher], pid[20282]
[xmlrpc][INFO] 2021-12-14 10:44:07,063: XML-RPC server binding to 0.0.0.0:0
[xmlrpc][INFO] 2021-12-14 10:44:07,064: Started XML-RPC server [http://wng:34877/]
[rospy.init][INFO] 2021-12-14 10:44:07,064: ROS Slave URI: [http://wng:34877/]
[rospy.impl.masterslave][INFO] 2021-12-14 10:44:07,064: _ready: http://wng:34877/
[xmlrpc][INFO] 2021-12-14 10:44:07,064: xml rpc node: starting XML-RPC server
[rospy.registration][INFO] 2021-12-14 10:44:07,065: Registering with master node http://localhost:11311
[rospy.init][INFO] 2021-12-14 10:44:07,164: registered with master
[rospy.rosout][INFO] 2021-12-14 10:44:07,164: initializing /rosout core topic
[rospy.rosout][INFO] 2021-12-14 10:44:07,166: connected to core topic /rosout
[rospy.simtime][INFO] 2021-12-14 10:44:07,167: /use_sim_time is not set, will not subscribe to simulated time [/clock] topic
[rospy.internal][INFO] 2021-12-14 10:44:07,237: topic[/move_group/fake_controller_joint_states] adding connection to [http://wng:35039/], count 0
[rospy.internal][INFO] 2021-12-14 10:44:07,356: topic[/rosout] adding connection to [/rosout], count 0
[rospy.internal][INFO] 2021-12-14 10:44:07,456: topic[/joint_states] adding connection to [/joint_state_desired_publisher], count 0
[rospy.internal][INFO] 2021-12-14 10:44:07,457: topic[/joint_states] adding connection to [/robot_state_publisher], count 1
[rospy.internal][INFO] 2021-12-14 10:44:48,460: topic[/joint_states] adding connection to [/move_group_commander_wrappers_1639446262293699307], count 2
[rospy.core][INFO] 2021-12-14 10:45:38,115: signal_shutdown [signal-2]
[rospy.internal][INFO] 2021-12-14 10:45:38,121: topic[/joint_states] removing connection to /joint_state_desired_publisher
[rospy.internal][INFO] 2021-12-14 10:45:38,121: topic[/joint_states] removing connection to /robot_state_publisher
[rospy.internal][INFO] 2021-12-14 10:45:38,121: topic[/joint_states] removing connection to /move_group_commander_wrappers_1639446262293699307
[rospy.internal][INFO] 2021-12-14 10:45:38,121: topic[/rosout] removing connection to /rosout
[rospy.internal][INFO] 2021-12-14 10:45:38,121: topic[/move_group/fake_controller_joint_states] removing connection to http://wng:35039/
[rospy.impl.masterslave][INFO] 2021-12-14 10:45:38,122: signal-2
[rospy.core][INFO] 2021-12-14 10:45:38,229: signal_shutdown [atexit]
