[rospy.client][INFO] 2021-09-23 13:52:59,733: init_node, name[/joint_state_publisher], pid[7781]
[xmlrpc][INFO] 2021-09-23 13:52:59,733: XML-RPC server binding to 0.0.0.0:0
[xmlrpc][INFO] 2021-09-23 13:52:59,734: Started XML-RPC server [http://wng:39627/]
[rospy.init][INFO] 2021-09-23 13:52:59,734: ROS Slave URI: [http://wng:39627/]
[rospy.impl.masterslave][INFO] 2021-09-23 13:52:59,734: _ready: http://wng:39627/
[xmlrpc][INFO] 2021-09-23 13:52:59,734: xml rpc node: starting XML-RPC server
[rospy.registration][INFO] 2021-09-23 13:52:59,734: Registering with master node http://localhost:11311
[rospy.init][INFO] 2021-09-23 13:52:59,834: registered with master
[rospy.rosout][INFO] 2021-09-23 13:52:59,834: initializing /rosout core topic
[rospy.rosout][INFO] 2021-09-23 13:52:59,836: connected to core topic /rosout
[rospy.simtime][INFO] 2021-09-23 13:52:59,837: /use_sim_time is not set, will not subscribe to simulated time [/clock] topic
[rospy.internal][INFO] 2021-09-23 13:52:59,899: topic[/move_group/fake_controller_joint_states] adding connection to [http://wng:39607/], count 0
[rospy.internal][INFO] 2021-09-23 13:53:00,062: topic[/rosout] adding connection to [/rosout], count 0
[rospy.internal][INFO] 2021-09-23 13:53:00,062: topic[/joint_states] adding connection to [/joint_state_desired_publisher], count 0
[rospy.internal][INFO] 2021-09-23 13:53:00,062: topic[/joint_states] adding connection to [/robot_state_publisher], count 1
[rospy.internal][INFO] 2021-09-23 13:53:33,691: topic[/joint_states] adding connection to [/move_group_commander_wrappers_1632372788351942919], count 2
[rospy.internal][INFO] 2021-09-23 14:20:40,051: topic[/joint_states] removing connection to /move_group_commander_wrappers_1632372788351942919
[rospy.core][INFO] 2021-09-23 14:20:47,178: signal_shutdown [signal-2]
[rospy.internal][INFO] 2021-09-23 14:20:47,180: topic[/joint_states] removing connection to /joint_state_desired_publisher
[rospy.internal][INFO] 2021-09-23 14:20:47,181: topic[/joint_states] removing connection to /robot_state_publisher
[rospy.internal][INFO] 2021-09-23 14:20:47,181: topic[/rosout] removing connection to /rosout
[rospy.internal][INFO] 2021-09-23 14:20:47,181: topic[/move_group/fake_controller_joint_states] removing connection to http://wng:39607/
[rospy.impl.masterslave][INFO] 2021-09-23 14:20:47,185: signal-2
[rospy.core][INFO] 2021-09-23 14:20:47,323: signal_shutdown [atexit]
