[rospy.client][INFO] 2021-09-23 13:53:00,239: init_node, name[/server_endpoint], pid[7779]
[xmlrpc][INFO] 2021-09-23 13:53:00,239: XML-RPC server binding to 0.0.0.0:0
[xmlrpc][INFO] 2021-09-23 13:53:00,239: Started XML-RPC server [http://wng:33707/]
[rospy.init][INFO] 2021-09-23 13:53:00,239: ROS Slave URI: [http://wng:33707/]
[rospy.impl.masterslave][INFO] 2021-09-23 13:53:00,239: _ready: http://wng:33707/
[rospy.registration][INFO] 2021-09-23 13:53:00,239: Registering with master node http://localhost:11311
[xmlrpc][INFO] 2021-09-23 13:53:00,239: xml rpc node: starting XML-RPC server
[rospy.init][INFO] 2021-09-23 13:53:00,339: registered with master
[rospy.rosout][INFO] 2021-09-23 13:53:00,340: initializing /rosout core topic
[rospy.rosout][INFO] 2021-09-23 13:53:00,340: connected to core topic /rosout
[rospy.simtime][INFO] 2021-09-23 13:53:00,341: /use_sim_time is not set, will not subscribe to simulated time [/clock] topic
[rosout][INFO] 2021-09-23 13:53:00,345: Starting server on 192.168.1.146:10000
[rospy.internal][INFO] 2021-09-23 13:53:00,566: topic[/rosout] adding connection to [/rosout], count 0
[rosout][INFO] 2021-09-23 13:53:13,206: Connection from 192.168.1.146
[rosout][INFO] 2021-09-23 13:53:13,212: RegisterPublisher(execution_check, <class 'panda_move.msg._ExecutionCheck.ExecutionCheck'>) OK
[rospy.internal][INFO] 2021-09-23 13:53:13,275: topic[/execution_check] adding connection to [http://wng:33707/], count 0
[rospy.internal][INFO] 2021-09-23 13:53:13,277: topic[/execution_check] adding connection to [/server_endpoint], count 0
[rospy.core][INFO] 2021-09-23 14:20:47,181: signal_shutdown [signal-2]
[rospy.internal][INFO] 2021-09-23 14:20:47,185: topic[/execution_check] removing connection to /server_endpoint
[rospy.internal][INFO] 2021-09-23 14:20:47,185: topic[/rosout] removing connection to /rosout
[rospy.internal][INFO] 2021-09-23 14:20:47,186: topic[/execution_check] removing connection to http://wng:33707/
[rospy.impl.masterslave][INFO] 2021-09-23 14:20:47,186: signal-2
[rospy.core][INFO] 2021-09-23 14:20:47,800: signal_shutdown [atexit]
