[rosmaster.main][INFO] 2021-12-08 09:13:10,059: initialization complete, waiting for shutdown
[rosmaster.main][INFO] 2021-12-08 09:13:10,059: Starting ROS Master Node
[xmlrpc][INFO] 2021-12-08 09:13:10,060: XML-RPC server binding to 0.0.0.0:11311
[xmlrpc][INFO] 2021-12-08 09:13:10,060: Started XML-RPC server [http://wng:11311/]
[rosmaster.master][INFO] 2021-12-08 09:13:10,060: Master initialized: port[11311], uri[http://wng:11311/]
[xmlrpc][INFO] 2021-12-08 09:13:10,060: xml rpc node: starting XML-RPC server
[rosmaster.master][INFO] 2021-12-08 09:13:10,079: +PARAM [/run_id] by /roslaunch
[rosmaster.master][INFO] 2021-12-08 09:13:10,079: +PARAM [/roslaunch/uris/host_wng__39811] by /roslaunch
[rosmaster.master][INFO] 2021-12-08 09:13:10,122: +SERVICE [/rosout/get_loggers] /rosout http://wng:36209/
[rosmaster.master][INFO] 2021-12-08 09:13:10,122: +SERVICE [/rosout/set_logger_level] /rosout http://wng:36209/
[rosmaster.master][INFO] 2021-12-08 09:13:10,123: +PUB [/rosout_agg] /rosout http://wng:36209/
[rosmaster.master][INFO] 2021-12-08 09:13:10,125: +SUB [/rosout] /rosout http://wng:36209/
[rosmaster.master][INFO] 2021-12-08 09:13:10,174: +PARAM [/move_group/planner_configs/RRTkConfigDefault/goal_bias] by /roslaunch
[rosmaster.master][INFO] 2021-12-08 09:13:10,174: +PARAM [/move_group/panda_arm/planner_configs] by /roslaunch
[rosmaster.master][INFO] 2021-12-08 09:13:10,174: +PARAM [/robot_description_semantic] by /roslaunch
[rosmaster.master][INFO] 2021-12-08 09:13:10,174: +PARAM [/move_group/planner_configs/SPARStwokConfigDefault/stretch_factor] by /roslaunch
[rosmaster.master][INFO] 2021-12-08 09:13:10,174: +PARAM [/robot_description_planning/joint_limits/panda_joint3/has_acceleration_limits] by /roslaunch
[rosmaster.master][INFO] 2021-12-08 09:13:10,175: +PARAM [/move_group/planner_configs/STRIDEkConfigDefault/max_degree] by /roslaunch
[rosmaster.master][INFO] 2021-12-08 09:13:10,175: +PARAM [/move_group/planner_configs/RRTstarkConfigDefault/range] by /roslaunch
[rosmaster.master][INFO] 2021-12-08 09:13:10,175: +PARAM [/move_group/planner_configs/SPARSkConfigDefault/sparse_delta_fraction] by /roslaunch
[rosmaster.master][INFO] 2021-12-08 09:13:10,175: +PARAM [/move_group/planner_configs/FMTkConfigDefault/radius_multiplier] by /roslaunch
[rosmaster.master][INFO] 2021-12-08 09:13:10,175: +PARAM [/move_group/controller_list] by /roslaunch
[rosmaster.master][INFO] 2021-12-08 09:13:10,175: +PARAM [/move_group/planner_configs/BFMTkConfigDefault/cache_cc] by /roslaunch
[rosmaster.master][INFO] 2021-12-08 09:13:10,175: +PARAM [/move_group/planner_configs/STRIDEkConfigDefault/goal_bias] by /roslaunch
[rosmaster.master][INFO] 2021-12-08 09:13:10,175: +PARAM [/move_group/max_safe_path_cost] by /roslaunch
[rosmaster.master][INFO] 2021-12-08 09:13:10,175: +PARAM [/move_group/planner_configs/BiTRRTkConfigDefault/temp_change_factor] by /roslaunch
[rosmaster.master][INFO] 2021-12-08 09:13:10,175: +PARAM [/move_group/planner_configs/SPARStwokConfigDefault/sparse_delta_fraction] by /roslaunch
[rosmaster.master][INFO] 2021-12-08 09:13:10,175: +PARAM [/move_group/hand/planner_configs] by /roslaunch
[rosmaster.master][INFO] 2021-12-08 09:13:10,175: +PARAM [/move_group/planner_configs/RRTstarkConfigDefault/goal_bias] by /roslaunch
[rosmaster.master][INFO] 2021-12-08 09:13:10,175: +PARAM [/move_group/planner_configs/STRIDEkConfigDefault/range] by /roslaunch
[rosmaster.master][INFO] 2021-12-08 09:13:10,175: +PARAM [/move_group/planning_scene_monitor/publish_planning_scene] by /roslaunch
[rosmaster.master][INFO] 2021-12-08 09:13:10,175: +PARAM [/move_group/octomap_frame] by /roslaunch
[rosmaster.master][INFO] 2021-12-08 09:13:10,175: +PARAM [/move_group/planner_configs/PRMkConfigDefault/type] by /roslaunch
[rosmaster.master][INFO] 2021-12-08 09:13:10,175: +PARAM [/move_group/planner_configs/BiESTkConfigDefault/range] by /roslaunch
[rosmaster.master][INFO] 2021-12-08 09:13:10,175: +PARAM [/move_group/planner_configs/ESTkConfigDefault/range] by /roslaunch
[rosmaster.master][INFO] 2021-12-08 09:13:10,175: +PARAM [/rviz_wng_22010_1794197980404243367/panda_arm/kinematics_solver] by /roslaunch
[rosmaster.master][INFO] 2021-12-08 09:13:10,175: +PARAM [/move_group/planner_configs/KPIECEkConfigDefault/min_valid_path_fraction] by /roslaunch
[rosmaster.master][INFO] 2021-12-08 09:13:10,175: +PARAM [/robot_description_planning/joint_limits/panda_finger_joint2/max_acceleration] by /roslaunch
[rosmaster.master][INFO] 2021-12-08 09:13:10,175: +PARAM [/move_group/planner_configs/BKPIECEkConfigDefault/border_fraction] by /roslaunch
[rosmaster.master][INFO] 2021-12-08 09:13:10,175: +PARAM [/move_group/planner_configs/SPARStwokConfigDefault/max_failures] by /roslaunch
[rosmaster.master][INFO] 2021-12-08 09:13:10,176: +PARAM [/move_group/planner_configs/BiTRRTkConfigDefault/frountier_node_ratio] by /roslaunch
[rosmaster.master][INFO] 2021-12-08 09:13:10,176: +PARAM [/move_group/planner_configs/PRMkConfigDefault/max_nearest_neighbors] by /roslaunch
[rosmaster.master][INFO] 2021-12-08 09:13:10,176: +PARAM [/move_group/planner_configs/BiTRRTkConfigDefault/cost_threshold] by /roslaunch
[rosmaster.master][INFO] 2021-12-08 09:13:10,176: +PARAM [/robot_description_kinematics/panda_arm/kinematics_solver] by /roslaunch
[rosmaster.master][INFO] 2021-12-08 09:13:10,176: +PARAM [/move_group/planner_configs/TRRTkConfigDefault/goal_bias] by /roslaunch
[rosmaster.master][INFO] 2021-12-08 09:13:10,176: +PARAM [/move_group/planner_configs/LBTRRTkConfigDefault/type] by /roslaunch
[rosmaster.master][INFO] 2021-12-08 09:13:10,176: +PARAM [/move_group/planner_configs/FMTkConfigDefault/cache_cc] by /roslaunch
[rosmaster.master][INFO] 2021-12-08 09:13:10,176: +PARAM [/robot_description_planning/joint_limits/panda_joint2/max_velocity] by /roslaunch
[rosmaster.master][INFO] 2021-12-08 09:13:10,176: +PARAM [/robot_description_planning/joint_limits/panda_joint5/max_acceleration] by /roslaunch
[rosmaster.master][INFO] 2021-12-08 09:13:10,176: +PARAM [/move_group/planner_configs/FMTkConfigDefault/type] by /roslaunch
[rosmaster.master][INFO] 2021-12-08 09:13:10,176: +PARAM [/move_group/planner_configs/ProjESTkConfigDefault/type] by /roslaunch
[rosmaster.master][INFO] 2021-12-08 09:13:10,176: +PARAM [/move_group/planner_configs/LBTRRTkConfigDefault/epsilon] by /roslaunch
[rosmaster.master][INFO] 2021-12-08 09:13:10,176: +PARAM [/move_group/planner_configs/LazyPRMkConfigDefault/type] by /roslaunch
[rosmaster.master][INFO] 2021-12-08 09:13:10,176: +PARAM [/move_group/planner_configs/STRIDEkConfigDefault/min_degree] by /roslaunch
[rosmaster.master][INFO] 2021-12-08 09:13:10,176: +PARAM [/move_group/planner_configs/TRRTkConfigDefault/max_states_failed] by /roslaunch
[rosmaster.master][INFO] 2021-12-08 09:13:10,176: +PARAM [/move_group/planner_configs/BKPIECEkConfigDefault/min_valid_path_fraction] by /roslaunch
[rosmaster.master][INFO] 2021-12-08 09:13:10,176: +PARAM [/move_group/planner_configs/SBLkConfigDefault/range] by /roslaunch
[rosmaster.master][INFO] 2021-12-08 09:13:10,176: +PARAM [/robot_description_planning/joint_limits/panda_finger_joint2/has_acceleration_limits] by /roslaunch
[rosmaster.master][INFO] 2021-12-08 09:13:10,176: +PARAM [/robot_description_planning/joint_limits/panda_joint6/max_velocity] by /roslaunch
[rosmaster.master][INFO] 2021-12-08 09:13:10,176: +PARAM [/move_group/planner_configs/TRRTkConfigDefault/frountierNodeRatio] by /roslaunch
[rosmaster.master][INFO] 2021-12-08 09:13:10,176: +PARAM [/move_group/planner_configs/BFMTkConfigDefault/type] by /roslaunch
[rosmaster.master][INFO] 2021-12-08 09:13:10,176: +PARAM [/robot_description_planning/joint_limits/panda_joint3/max_acceleration] by /roslaunch
[rosmaster.master][INFO] 2021-12-08 09:13:10,176: +PARAM [/move_group/planning_plugin] by /roslaunch
[rosmaster.master][INFO] 2021-12-08 09:13:10,176: +PARAM [/robot_description_planning/joint_limits/panda_joint7/max_velocity] by /roslaunch
[rosmaster.master][INFO] 2021-12-08 09:13:10,176: +PARAM [/move_group/planning_scene_monitor/publish_geometry_updates] by /roslaunch
[rosmaster.master][INFO] 2021-12-08 09:13:10,177: +PARAM [/move_group/planner_configs/LazyPRMkConfigDefault/range] by /roslaunch
[rosmaster.master][INFO] 2021-12-08 09:13:10,177: +PARAM [/move_group/planner_configs/TRRTkConfigDefault/type] by /roslaunch
[rosmaster.master][INFO] 2021-12-08 09:13:10,177: +PARAM [/robot_description_planning/joint_limits/panda_joint5/max_velocity] by /roslaunch
[rosmaster.master][INFO] 2021-12-08 09:13:10,177: +PARAM [/move_group/planner_configs/BiTRRTkConfigDefault/init_temperature] by /roslaunch
[rosmaster.master][INFO] 2021-12-08 09:13:10,177: +PARAM [/move_group/planner_configs/SPARSkConfigDefault/max_failures] by /roslaunch
[rosmaster.master][INFO] 2021-12-08 09:13:10,177: +PARAM [/move_group/planner_configs/BiTRRTkConfigDefault/range] by /roslaunch
[rosmaster.master][INFO] 2021-12-08 09:13:10,177: +PARAM [/move_group/planner_configs/PDSTkConfigDefault/type] by /roslaunch
[rosmaster.master][INFO] 2021-12-08 09:13:10,177: +PARAM [/move_group/trajectory_execution/allowed_goal_duration_margin] by /roslaunch
[rosmaster.master][INFO] 2021-12-08 09:13:10,177: +PARAM [/rosdistro] by /roslaunch
[rosmaster.master][INFO] 2021-12-08 09:13:10,177: +PARAM [/robot_description_planning/joint_limits/panda_joint1/has_velocity_limits] by /roslaunch
[rosmaster.master][INFO] 2021-12-08 09:13:10,177: +PARAM [/move_group/planner_configs/STRIDEkConfigDefault/max_pts_per_leaf] by /roslaunch
[rosmaster.master][INFO] 2021-12-08 09:13:10,177: +PARAM [/move_group/planner_configs/BFMTkConfigDefault/nearest_k] by /roslaunch
[rosmaster.master][INFO] 2021-12-08 09:13:10,177: +PARAM [/move_group/planner_configs/LazyPRMstarkConfigDefault/type] by /roslaunch
[rosmaster.master][INFO] 2021-12-08 09:13:10,177: +PARAM [/robot_description_kinematics/panda_arm/kinematics_solver_timeout] by /roslaunch
[rosmaster.master][INFO] 2021-12-08 09:13:10,177: +PARAM [/move_group/planner_configs/PRMstarkConfigDefault/type] by /roslaunch
[rosmaster.master][INFO] 2021-12-08 09:13:10,177: +PARAM [/move_group/planner_configs/RRTkConfigDefault/range] by /roslaunch
[rosmaster.master][INFO] 2021-12-08 09:13:10,177: +PARAM [/move_group/allow_trajectory_execution] by /roslaunch
[rosmaster.master][INFO] 2021-12-08 09:13:10,177: +PARAM [/rviz_wng_22010_1794197980404243367/panda_arm/kinematics_solver_timeout] by /roslaunch
[rosmaster.master][INFO] 2021-12-08 09:13:10,177: +PARAM [/move_group/planner_configs/SPARSkConfigDefault/stretch_factor] by /roslaunch
[rosmaster.master][INFO] 2021-12-08 09:13:10,177: +PARAM [/ROS_IP] by /roslaunch
[rosmaster.master][INFO] 2021-12-08 09:13:10,177: +PARAM [/move_group/planner_configs/ESTkConfigDefault/type] by /roslaunch
[rosmaster.master][INFO] 2021-12-08 09:13:10,177: +PARAM [/robot_description_planning/joint_limits/panda_joint4/max_acceleration] by /roslaunch
[rosmaster.master][INFO] 2021-12-08 09:13:10,177: +PARAM [/move_group/start_state_max_bounds_error] by /roslaunch
[rosmaster.master][INFO] 2021-12-08 09:13:10,177: +PARAM [/rviz_wng_22010_1794197980404243367/panda_arm/kinematics_solver_search_resolution] by /roslaunch
[rosmaster.master][INFO] 2021-12-08 09:13:10,177: +PARAM [/robot_description_planning/joint_limits/panda_finger_joint2/has_velocity_limits] by /roslaunch
[rosmaster.master][INFO] 2021-12-08 09:13:10,178: +PARAM [/move_group/max_range] by /roslaunch
[rosmaster.master][INFO] 2021-12-08 09:13:10,178: +PARAM [/robot_description_kinematics/panda_arm/kinematics_solver_search_resolution] by /roslaunch
[rosmaster.master][INFO] 2021-12-08 09:13:10,178: +PARAM [/robot_description_planning/joint_limits/panda_joint2/max_acceleration] by /roslaunch
[rosmaster.master][INFO] 2021-12-08 09:13:10,178: +PARAM [/move_group/planner_configs/RRTstarkConfigDefault/type] by /roslaunch
[rosmaster.master][INFO] 2021-12-08 09:13:10,178: +PARAM [/move_group/planner_configs/STRIDEkConfigDefault/min_valid_path_fraction] by /roslaunch
[rosmaster.master][INFO] 2021-12-08 09:13:10,178: +PARAM [/robot_description_planning/joint_limits/panda_joint7/has_acceleration_limits] by /roslaunch
[rosmaster.master][INFO] 2021-12-08 09:13:10,178: +PARAM [/move_group/planner_configs/BiTRRTkConfigDefault/frountier_threshold] by /roslaunch
[rosmaster.master][INFO] 2021-12-08 09:13:10,178: +PARAM [/robot_description_planning/joint_limits/panda_joint5/has_acceleration_limits] by /roslaunch
[rosmaster.master][INFO] 2021-12-08 09:13:10,178: +PARAM [/joint_state_publisher/use_gui] by /roslaunch
[rosmaster.master][INFO] 2021-12-08 09:13:10,178: +PARAM [/move_group/planner_configs/BKPIECEkConfigDefault/type] by /roslaunch
[rosmaster.master][INFO] 2021-12-08 09:13:10,178: +PARAM [/robot_description_planning/joint_limits/panda_joint7/max_acceleration] by /roslaunch
[rosmaster.master][INFO] 2021-12-08 09:13:10,178: +PARAM [/robot_description_planning/joint_limits/panda_joint6/max_acceleration] by /roslaunch
[rosmaster.master][INFO] 2021-12-08 09:13:10,178: +PARAM [/move_group/trajectory_execution/allowed_execution_duration_scaling] by /roslaunch
[rosmaster.master][INFO] 2021-12-08 09:13:10,178: +PARAM [/move_group/planner_configs/KPIECEkConfigDefault/border_fraction] by /roslaunch
[rosmaster.master][INFO] 2021-12-08 09:13:10,178: +PARAM [/move_group/trajectory_execution/allowed_start_tolerance] by /roslaunch
[rosmaster.master][INFO] 2021-12-08 09:13:10,178: +PARAM [/robot_description_planning/joint_limits/panda_joint3/max_velocity] by /roslaunch
[rosmaster.master][INFO] 2021-12-08 09:13:10,178: +PARAM [/move_group/moveit_manage_controllers] by /roslaunch
[rosmaster.master][INFO] 2021-12-08 09:13:10,178: +PARAM [/move_group/panda_arm_hand/planner_configs] by /roslaunch
[rosmaster.master][INFO] 2021-12-08 09:13:10,178: +PARAM [/move_group/planner_configs/FMTkConfigDefault/heuristics] by /roslaunch
[rosmaster.master][INFO] 2021-12-08 09:13:10,178: +PARAM [/move_group/planner_configs/BFMTkConfigDefault/optimality] by /roslaunch
[rosmaster.master][INFO] 2021-12-08 09:13:10,178: +PARAM [/robot_description_planning/joint_limits/panda_joint2/has_acceleration_limits] by /roslaunch
[rosmaster.master][INFO] 2021-12-08 09:13:10,178: +PARAM [/move_group/planner_configs/FMTkConfigDefault/nearest_k] by /roslaunch
[rosmaster.master][INFO] 2021-12-08 09:13:10,178: +PARAM [/move_group/planner_configs/ProjESTkConfigDefault/goal_bias] by /roslaunch
[rosmaster.master][INFO] 2021-12-08 09:13:10,178: +PARAM [/move_group/planner_configs/ESTkConfigDefault/goal_bias] by /roslaunch
[rosmaster.master][INFO] 2021-12-08 09:13:10,178: +PARAM [/move_group/planner_configs/BFMTkConfigDefault/radius_multiplier] by /roslaunch
[rosmaster.master][INFO] 2021-12-08 09:13:10,179: +PARAM [/move_group/planner_configs/LBKPIECEkConfigDefault/border_fraction] by /roslaunch
[rosmaster.master][INFO] 2021-12-08 09:13:10,179: +PARAM [/move_group/jiggle_fraction] by /roslaunch
[rosmaster.master][INFO] 2021-12-08 09:13:10,179: +PARAM [/move_group/planner_configs/SPARStwokConfigDefault/dense_delta_fraction] by /roslaunch
[rosmaster.master][INFO] 2021-12-08 09:13:10,179: +PARAM [/move_group/planner_configs/BFMTkConfigDefault/num_samples] by /roslaunch
[rosmaster.master][INFO] 2021-12-08 09:13:10,179: +PARAM [/move_group/planner_configs/TRRTkConfigDefault/range] by /roslaunch
[rosmaster.master][INFO] 2021-12-08 09:13:10,179: +PARAM [/move_group/planning_scene_monitor/publish_state_updates] by /roslaunch
[rosmaster.master][INFO] 2021-12-08 09:13:10,179: +PARAM [/move_group/planner_configs/TRRTkConfigDefault/temp_change_factor] by /roslaunch
[rosmaster.master][INFO] 2021-12-08 09:13:10,179: +PARAM [/robot_description_planning/joint_limits/panda_joint1/max_velocity] by /roslaunch
[rosmaster.master][INFO] 2021-12-08 09:13:10,179: +PARAM [/move_group/planner_configs/BKPIECEkConfigDefault/range] by /roslaunch
[rosmaster.master][INFO] 2021-12-08 09:13:10,179: +PARAM [/move_group/planner_configs/SBLkConfigDefault/type] by /roslaunch
[rosmaster.master][INFO] 2021-12-08 09:13:10,179: +PARAM [/robot_description_planning/joint_limits/panda_finger_joint1/has_velocity_limits] by /roslaunch
[rosmaster.master][INFO] 2021-12-08 09:13:10,179: +PARAM [/move_group/planner_configs/LBTRRTkConfigDefault/range] by /roslaunch
[rosmaster.master][INFO] 2021-12-08 09:13:10,179: +PARAM [/robot_description] by /roslaunch
[rosmaster.master][INFO] 2021-12-08 09:13:10,179: +PARAM [/move_group/planner_configs/FMTkConfigDefault/extended_fmt] by /roslaunch
[rosmaster.master][INFO] 2021-12-08 09:13:10,179: +PARAM [/move_group/planner_configs/LBKPIECEkConfigDefault/range] by /roslaunch
[rosmaster.master][INFO] 2021-12-08 09:13:10,179: +PARAM [/robot_description_planning/joint_limits/panda_joint5/has_velocity_limits] by /roslaunch
[rosmaster.master][INFO] 2021-12-08 09:13:10,179: +PARAM [/robot_description_planning/joint_limits/panda_finger_joint1/max_velocity] by /roslaunch
[rosmaster.master][INFO] 2021-12-08 09:13:10,179: +PARAM [/move_group/moveit_controller_manager] by /roslaunch
[rosmaster.master][INFO] 2021-12-08 09:13:10,179: +PARAM [/robot_description_planning/joint_limits/panda_joint1/max_acceleration] by /roslaunch
[rosmaster.master][INFO] 2021-12-08 09:13:10,179: +PARAM [/move_group/planner_configs/TRRTkConfigDefault/frountier_threshold] by /roslaunch
[rosmaster.master][INFO] 2021-12-08 09:13:10,179: +PARAM [/move_group/planner_configs/BFMTkConfigDefault/heuristics] by /roslaunch
[rosmaster.master][INFO] 2021-12-08 09:13:10,179: +PARAM [/robot_description_planning/joint_limits/panda_finger_joint1/has_acceleration_limits] by /roslaunch
[rosmaster.master][INFO] 2021-12-08 09:13:10,179: +PARAM [/move_group/planner_configs/KPIECEkConfigDefault/range] by /roslaunch
[rosmaster.master][INFO] 2021-12-08 09:13:10,179: +PARAM [/robot_description_planning/joint_limits/panda_joint7/has_velocity_limits] by /roslaunch
[rosmaster.master][INFO] 2021-12-08 09:13:10,180: +PARAM [/move_group/planner_configs/KPIECEkConfigDefault/goal_bias] by /roslaunch
[rosmaster.master][INFO] 2021-12-08 09:13:10,180: +PARAM [/move_group/planner_configs/RRTConnectkConfigDefault/range] by /roslaunch
[rosmaster.master][INFO] 2021-12-08 09:13:10,180: +PARAM [/robot_description_planning/joint_limits/panda_joint4/has_velocity_limits] by /roslaunch
[rosmaster.master][INFO] 2021-12-08 09:13:10,180: +PARAM [/move_group/request_adapters] by /roslaunch
[rosmaster.master][INFO] 2021-12-08 09:13:10,180: +PARAM [/move_group/planner_configs/TRRTkConfigDefault/min_temperature] by /roslaunch
[rosmaster.master][INFO] 2021-12-08 09:13:10,180: +PARAM [/robot_description_planning/joint_limits/panda_joint6/has_acceleration_limits] by /roslaunch
[rosmaster.master][INFO] 2021-12-08 09:13:10,180: +PARAM [/move_group/planner_configs/BFMTkConfigDefault/balanced] by /roslaunch
[rosmaster.master][INFO] 2021-12-08 09:13:10,180: +PARAM [/move_group/planner_configs/ProjESTkConfigDefault/range] by /roslaunch
[rosmaster.master][INFO] 2021-12-08 09:13:10,180: +PARAM [/move_group/octomap_resolution] by /roslaunch
[rosmaster.master][INFO] 2021-12-08 09:13:10,180: +PARAM [/move_group/planner_configs/STRIDEkConfigDefault/degree] by /roslaunch
[rosmaster.master][INFO] 2021-12-08 09:13:10,180: +PARAM [/move_group/planner_configs/KPIECEkConfigDefault/failed_expansion_score_factor] by /roslaunch
[rosmaster.master][INFO] 2021-12-08 09:13:10,180: +PARAM [/move_group/initial] by /roslaunch
[rosmaster.master][INFO] 2021-12-08 09:13:10,180: +PARAM [/move_group/planning_scene_monitor/publish_transforms_updates] by /roslaunch
[rosmaster.master][INFO] 2021-12-08 09:13:10,180: +PARAM [/move_group/planner_configs/SPARSkConfigDefault/type] by /roslaunch
[rosmaster.master][INFO] 2021-12-08 09:13:10,180: +PARAM [/move_group/planner_configs/TRRTkConfigDefault/init_temperature] by /roslaunch
[rosmaster.master][INFO] 2021-12-08 09:13:10,180: +PARAM [/move_group/sensors] by /roslaunch
[rosmaster.master][INFO] 2021-12-08 09:13:10,180: +PARAM [/robot_description_planning/joint_limits/panda_joint1/has_acceleration_limits] by /roslaunch
[rosmaster.master][INFO] 2021-12-08 09:13:10,180: +PARAM [/move_group/planner_configs/STRIDEkConfigDefault/type] by /roslaunch
[rosmaster.master][INFO] 2021-12-08 09:13:10,180: +PARAM [/move_group/planner_configs/TrajOptDefault/type] by /roslaunch
[rosmaster.master][INFO] 2021-12-08 09:13:10,180: +PARAM [/move_group/planner_configs/RRTstarkConfigDefault/delay_collision_checking] by /roslaunch
[rosmaster.master][INFO] 2021-12-08 09:13:10,180: +PARAM [/move_group/planner_configs/KPIECEkConfigDefault/type] by /roslaunch
[rosmaster.master][INFO] 2021-12-08 09:13:10,180: +PARAM [/robot_description_planning/joint_limits/panda_joint3/has_velocity_limits] by /roslaunch
[rosmaster.master][INFO] 2021-12-08 09:13:10,180: +PARAM [/robot_description_planning/joint_limits/panda_joint6/has_velocity_limits] by /roslaunch
[rosmaster.master][INFO] 2021-12-08 09:13:10,180: +PARAM [/move_group/planner_configs/BiTRRTkConfigDefault/type] by /roslaunch
[rosmaster.master][INFO] 2021-12-08 09:13:10,180: +PARAM [/robot_description_planning/joint_limits/panda_finger_joint2/max_velocity] by /roslaunch
[rosmaster.master][INFO] 2021-12-08 09:13:10,181: +PARAM [/move_group/planner_configs/RRTConnectkConfigDefault/type] by /roslaunch
[rosmaster.master][INFO] 2021-12-08 09:13:10,181: +PARAM [/move_group/planner_configs/SPARSkConfigDefault/dense_delta_fraction] by /roslaunch
[rosmaster.master][INFO] 2021-12-08 09:13:10,181: +PARAM [/move_group/planner_configs/LBTRRTkConfigDefault/goal_bias] by /roslaunch
[rosmaster.master][INFO] 2021-12-08 09:13:10,181: +PARAM [/robot_description_planning/joint_limits/panda_finger_joint1/max_acceleration] by /roslaunch
[rosmaster.master][INFO] 2021-12-08 09:13:10,181: +PARAM [/move_group/planner_configs/BKPIECEkConfigDefault/failed_expansion_score_factor] by /roslaunch
[rosmaster.master][INFO] 2021-12-08 09:13:10,181: +PARAM [/move_group/planner_configs/LBKPIECEkConfigDefault/min_valid_path_fraction] by /roslaunch
[rosmaster.master][INFO] 2021-12-08 09:13:10,181: +PARAM [/rosversion] by /roslaunch
[rosmaster.master][INFO] 2021-12-08 09:13:10,181: +PARAM [/move_group/planner_configs/BiESTkConfigDefault/type] by /roslaunch
[rosmaster.master][INFO] 2021-12-08 09:13:10,181: +PARAM [/robot_description_planning/joint_limits/panda_joint2/has_velocity_limits] by /roslaunch
[rosmaster.master][INFO] 2021-12-08 09:13:10,181: +PARAM [/move_group/planner_configs/STRIDEkConfigDefault/estimated_dimension] by /roslaunch
[rosmaster.master][INFO] 2021-12-08 09:13:10,181: +PARAM [/move_group/planner_configs/STRIDEkConfigDefault/use_projected_distance] by /roslaunch
[rosmaster.master][INFO] 2021-12-08 09:13:10,181: +PARAM [/move_group/planner_configs/TRRTkConfigDefault/k_constant] by /roslaunch
[rosmaster.master][INFO] 2021-12-08 09:13:10,181: +PARAM [/move_group/planner_configs/FMTkConfigDefault/num_samples] by /roslaunch
[rosmaster.master][INFO] 2021-12-08 09:13:10,181: +PARAM [/move_group/planner_configs/LBKPIECEkConfigDefault/type] by /roslaunch
[rosmaster.master][INFO] 2021-12-08 09:13:10,181: +PARAM [/move_group/planner_configs/BFMTkConfigDefault/extended_fmt] by /roslaunch
[rosmaster.master][INFO] 2021-12-08 09:13:10,181: +PARAM [/robot_description_planning/joint_limits/panda_joint4/max_velocity] by /roslaunch
[rosmaster.master][INFO] 2021-12-08 09:13:10,181: +PARAM [/robot_description_planning/joint_limits/panda_joint4/has_acceleration_limits] by /roslaunch
[rosmaster.master][INFO] 2021-12-08 09:13:10,181: +PARAM [/move_group/planner_configs/SPARStwokConfigDefault/type] by /roslaunch
[rosmaster.master][INFO] 2021-12-08 09:13:10,181: +PARAM [/move_group/planner_configs/RRTkConfigDefault/type] by /roslaunch
[rosmaster.master][INFO] 2021-12-08 09:13:10,181: +PARAM [/source_list] by /roslaunch
[rosmaster.master][INFO] 2021-12-08 09:13:10,236: +PUB [/rosout] /joint_state_desired_publisher http://wng:42349/
[rosmaster.master][INFO] 2021-12-08 09:13:10,237: +SERVICE [/joint_state_desired_publisher/get_loggers] /joint_state_desired_publisher http://wng:42349/
[rosmaster.master][INFO] 2021-12-08 09:13:10,237: +SERVICE [/joint_state_desired_publisher/set_logger_level] /joint_state_desired_publisher http://wng:42349/
[rosmaster.master][INFO] 2021-12-08 09:13:10,239: +SUB [/joint_states] /joint_state_desired_publisher http://wng:42349/
[rosmaster.master][INFO] 2021-12-08 09:13:10,248: +PUB [/rosout] /robot_state_publisher http://wng:42703/
[rosmaster.master][INFO] 2021-12-08 09:13:10,248: +SERVICE [/robot_state_publisher/get_loggers] /robot_state_publisher http://wng:42703/
[rosmaster.master][INFO] 2021-12-08 09:13:10,248: +SERVICE [/robot_state_publisher/set_logger_level] /robot_state_publisher http://wng:42703/
[rosmaster.master][INFO] 2021-12-08 09:13:10,250: +PUB [/tf] /robot_state_publisher http://wng:42703/
[rosmaster.master][INFO] 2021-12-08 09:13:10,250: +PUB [/tf_static] /robot_state_publisher http://wng:42703/
[rosmaster.master][INFO] 2021-12-08 09:13:10,252: +SUB [/joint_states] /robot_state_publisher http://wng:42703/
[rosmaster.master][INFO] 2021-12-08 09:13:10,260: publisherUpdate[/rosout] -> http://wng:36209/ ['http://wng:42349/']
[rosmaster.master][INFO] 2021-12-08 09:13:10,262: publisherUpdate[/rosout] -> http://wng:36209/ ['http://wng:42349/']: sec=0.00, result=[1, '', 0]
[rosmaster.master][INFO] 2021-12-08 09:13:10,262: publisherUpdate[/rosout] -> http://wng:36209/ ['http://wng:42349/', 'http://wng:42703/']
[rosmaster.master][INFO] 2021-12-08 09:13:10,262: publisherUpdate[/rosout] -> http://wng:36209/ ['http://wng:42349/', 'http://wng:42703/']: sec=0.00, result=[1, '', 0]
[rosmaster.master][INFO] 2021-12-08 09:13:10,274: +PUB [/rosout] /move_group http://wng:38173/
[rosmaster.master][INFO] 2021-12-08 09:13:10,274: +SERVICE [/move_group/get_loggers] /move_group http://wng:38173/
[rosmaster.master][INFO] 2021-12-08 09:13:10,275: +SERVICE [/move_group/set_logger_level] /move_group http://wng:38173/
[rosmaster.master][INFO] 2021-12-08 09:13:10,276: +SUB [/tf] /move_group http://wng:38173/
[rosmaster.master][INFO] 2021-12-08 09:13:10,278: +SUB [/tf_static] /move_group http://wng:38173/
[rosmaster.master][INFO] 2021-12-08 09:13:10,280: +CACHEDPARAM [/rosout_disable_topics_generation] by /move_group
[rosmaster.master][INFO] 2021-12-08 09:13:10,330: +SERVICE [/move_group/planning_scene_monitor/set_parameters] /move_group http://wng:38173/
[rosmaster.master][INFO] 2021-12-08 09:13:10,330: +PUB [/move_group/planning_scene_monitor/parameter_descriptions] /move_group http://wng:38173/
[rosmaster.master][INFO] 2021-12-08 09:13:10,331: +PUB [/move_group/planning_scene_monitor/parameter_updates] /move_group http://wng:38173/
[rosmaster.master][INFO] 2021-12-08 09:13:10,332: +PARAM [/move_group/planning_scene_monitor/publish_planning_scene] by /move_group
[rosmaster.master][INFO] 2021-12-08 09:13:10,332: +PARAM [/move_group/planning_scene_monitor/publish_planning_scene_hz] by /move_group
[rosmaster.master][INFO] 2021-12-08 09:13:10,332: +PARAM [/move_group/planning_scene_monitor/publish_geometry_updates] by /move_group
[rosmaster.master][INFO] 2021-12-08 09:13:10,333: +PARAM [/move_group/planning_scene_monitor/publish_state_updates] by /move_group
[rosmaster.master][INFO] 2021-12-08 09:13:10,333: +PARAM [/move_group/planning_scene_monitor/publish_transforms_updates] by /move_group
[rosmaster.master][INFO] 2021-12-08 09:13:10,333: +PUB [/move_group/monitored_planning_scene] /move_group http://wng:38173/
[rosmaster.master][INFO] 2021-12-08 09:13:10,334: +PARAM [/move_group/planning_scene_monitor/publish_planning_scene] by /move_group
[rosmaster.master][INFO] 2021-12-08 09:13:10,334: +PARAM [/move_group/planning_scene_monitor/publish_planning_scene_hz] by /move_group
[rosmaster.master][INFO] 2021-12-08 09:13:10,334: +PARAM [/move_group/planning_scene_monitor/publish_geometry_updates] by /move_group
[rosmaster.master][INFO] 2021-12-08 09:13:10,335: +PARAM [/move_group/planning_scene_monitor/publish_state_updates] by /move_group
[rosmaster.master][INFO] 2021-12-08 09:13:10,335: +PARAM [/move_group/planning_scene_monitor/publish_transforms_updates] by /move_group
[rosmaster.master][INFO] 2021-12-08 09:13:10,336: +SUB [/planning_scene] /move_group http://wng:38173/
[rosmaster.master][INFO] 2021-12-08 09:13:10,337: +SUB [/collision_object] /move_group http://wng:38173/
[rosmaster.master][INFO] 2021-12-08 09:13:10,339: +SUB [/planning_scene_world] /move_group http://wng:38173/
[rosmaster.master][INFO] 2021-12-08 09:13:10,344: +PUB [/move_group/filtered_cloud] /move_group http://wng:38173/
[rosmaster.master][INFO] 2021-12-08 09:13:10,344: +SERVICE [/move_group/save_map] /move_group http://wng:38173/
[rosmaster.master][INFO] 2021-12-08 09:13:10,345: +SERVICE [/move_group/load_map] /move_group http://wng:38173/
[rosmaster.master][INFO] 2021-12-08 09:13:10,348: +SUB [/camera/depth_registered/points] /move_group http://wng:38173/
[rosmaster.master][INFO] 2021-12-08 09:13:10,349: +SUB [/joint_states_desired] /move_group http://wng:38173/
[rosmaster.master][INFO] 2021-12-08 09:13:10,351: +SUB [/attached_collision_object] /move_group http://wng:38173/
[rosmaster.master][INFO] 2021-12-08 09:13:10,360: publisherUpdate[/rosout] -> http://wng:36209/ ['http://wng:42349/', 'http://wng:42703/', 'http://wng:38173/']
[rosmaster.master][INFO] 2021-12-08 09:13:10,361: publisherUpdate[/rosout] -> http://wng:36209/ ['http://wng:42349/', 'http://wng:42703/', 'http://wng:38173/']: sec=0.00, result=[1, '', 0]
[rosmaster.master][INFO] 2021-12-08 09:13:10,392: +SERVICE [/move_group/ompl/set_parameters] /move_group http://wng:38173/
[rosmaster.master][INFO] 2021-12-08 09:13:10,393: +PUB [/move_group/ompl/parameter_descriptions] /move_group http://wng:38173/
[rosmaster.master][INFO] 2021-12-08 09:13:10,393: +PUB [/move_group/ompl/parameter_updates] /move_group http://wng:38173/
[rosmaster.master][INFO] 2021-12-08 09:13:10,394: +PARAM [/move_group/ompl/simplify_solutions] by /move_group
[rosmaster.master][INFO] 2021-12-08 09:13:10,394: +PARAM [/move_group/ompl/minimum_waypoint_count] by /move_group
[rosmaster.master][INFO] 2021-12-08 09:13:10,395: +PARAM [/move_group/ompl/maximum_waypoint_distance] by /move_group
[rosmaster.master][INFO] 2021-12-08 09:13:10,395: +PARAM [/move_group/ompl/link_for_exploration_tree] by /move_group
[rosmaster.master][INFO] 2021-12-08 09:13:10,395: +PARAM [/move_group/ompl/display_random_valid_states] by /move_group
[rosmaster.master][INFO] 2021-12-08 09:13:10,395: +PARAM [/move_group/ompl/simplify_solutions] by /move_group
[rosmaster.master][INFO] 2021-12-08 09:13:10,396: +PARAM [/move_group/ompl/minimum_waypoint_count] by /move_group
[rosmaster.master][INFO] 2021-12-08 09:13:10,396: +PARAM [/move_group/ompl/maximum_waypoint_distance] by /move_group
[rosmaster.master][INFO] 2021-12-08 09:13:10,396: +PARAM [/move_group/ompl/link_for_exploration_tree] by /move_group
[rosmaster.master][INFO] 2021-12-08 09:13:10,397: +PARAM [/move_group/ompl/display_random_valid_states] by /move_group
[rosmaster.master][INFO] 2021-12-08 09:13:10,400: +PUB [/move_group/display_planned_path] /move_group http://wng:38173/
[rosmaster.master][INFO] 2021-12-08 09:13:10,400: +PUB [/move_group/display_contacts] /move_group http://wng:38173/
[rosmaster.master][INFO] 2021-12-08 09:13:10,403: +PUB [/move_group/fake_controller_joint_states] /move_group http://wng:38173/
[rosmaster.master][INFO] 2021-12-08 09:13:10,431: +SUB [/trajectory_execution_event] /move_group http://wng:38173/
[rosmaster.master][INFO] 2021-12-08 09:13:10,431: +SERVICE [/move_group/trajectory_execution/set_parameters] /move_group http://wng:38173/
[rosmaster.master][INFO] 2021-12-08 09:13:10,431: +PUB [/move_group/trajectory_execution/parameter_descriptions] /move_group http://wng:38173/
[rosmaster.master][INFO] 2021-12-08 09:13:10,432: +PUB [/move_group/trajectory_execution/parameter_updates] /move_group http://wng:38173/
[rosmaster.master][INFO] 2021-12-08 09:13:10,433: +PARAM [/move_group/trajectory_execution/execution_duration_monitoring] by /move_group
[rosmaster.master][INFO] 2021-12-08 09:13:10,433: +PARAM [/move_group/trajectory_execution/allowed_execution_duration_scaling] by /move_group
[rosmaster.master][INFO] 2021-12-08 09:13:10,433: +PARAM [/move_group/trajectory_execution/allowed_goal_duration_margin] by /move_group
[rosmaster.master][INFO] 2021-12-08 09:13:10,433: +PARAM [/move_group/trajectory_execution/execution_velocity_scaling] by /move_group
[rosmaster.master][INFO] 2021-12-08 09:13:10,433: +PARAM [/move_group/trajectory_execution/allowed_start_tolerance] by /move_group
[rosmaster.master][INFO] 2021-12-08 09:13:10,434: +PARAM [/move_group/trajectory_execution/wait_for_trajectory_completion] by /move_group
[rosmaster.master][INFO] 2021-12-08 09:13:10,434: +PARAM [/move_group/trajectory_execution/execution_duration_monitoring] by /move_group
[rosmaster.master][INFO] 2021-12-08 09:13:10,434: +PARAM [/move_group/trajectory_execution/allowed_execution_duration_scaling] by /move_group
[rosmaster.master][INFO] 2021-12-08 09:13:10,434: +PARAM [/move_group/trajectory_execution/allowed_goal_duration_margin] by /move_group
[rosmaster.master][INFO] 2021-12-08 09:13:10,434: +PARAM [/move_group/trajectory_execution/execution_velocity_scaling] by /move_group
[rosmaster.master][INFO] 2021-12-08 09:13:10,435: +PARAM [/move_group/trajectory_execution/allowed_start_tolerance] by /move_group
[rosmaster.master][INFO] 2021-12-08 09:13:10,435: +PARAM [/move_group/trajectory_execution/wait_for_trajectory_completion] by /move_group
[rosmaster.master][INFO] 2021-12-08 09:13:10,435: +SERVICE [/move_group/plan_execution/set_parameters] /move_group http://wng:38173/
[rosmaster.master][INFO] 2021-12-08 09:13:10,435: +PUB [/move_group/plan_execution/parameter_descriptions] /move_group http://wng:38173/
[rosmaster.master][INFO] 2021-12-08 09:13:10,435: +PUB [/move_group/plan_execution/parameter_updates] /move_group http://wng:38173/
[rosmaster.master][INFO] 2021-12-08 09:13:10,436: +PARAM [/move_group/plan_execution/max_replan_attempts] by /move_group
[rosmaster.master][INFO] 2021-12-08 09:13:10,436: +PARAM [/move_group/plan_execution/record_trajectory_state_frequency] by /move_group
[rosmaster.master][INFO] 2021-12-08 09:13:10,437: +PARAM [/move_group/plan_execution/max_replan_attempts] by /move_group
[rosmaster.master][INFO] 2021-12-08 09:13:10,437: +PARAM [/move_group/plan_execution/record_trajectory_state_frequency] by /move_group
[rosmaster.master][INFO] 2021-12-08 09:13:10,437: +SERVICE [/move_group/sense_for_plan/set_parameters] /move_group http://wng:38173/
[rosmaster.master][INFO] 2021-12-08 09:13:10,438: +PUB [/move_group/sense_for_plan/parameter_descriptions] /move_group http://wng:38173/
[rosmaster.master][INFO] 2021-12-08 09:13:10,438: +PUB [/move_group/sense_for_plan/parameter_updates] /move_group http://wng:38173/
[rosmaster.master][INFO] 2021-12-08 09:13:10,439: +PARAM [/move_group/sense_for_plan/max_safe_path_cost] by /move_group
[rosmaster.master][INFO] 2021-12-08 09:13:10,439: +PARAM [/move_group/sense_for_plan/max_look_attempts] by /move_group
[rosmaster.master][INFO] 2021-12-08 09:13:10,439: +PARAM [/move_group/sense_for_plan/max_cost_sources] by /move_group
[rosmaster.master][INFO] 2021-12-08 09:13:10,440: +PARAM [/move_group/sense_for_plan/discard_overlapping_cost_sources] by /move_group
[rosmaster.master][INFO] 2021-12-08 09:13:10,441: +PARAM [/move_group/sense_for_plan/max_safe_path_cost] by /move_group
[rosmaster.master][INFO] 2021-12-08 09:13:10,441: +PUB [/rosout] /rviz_wng_22010_1794197980404243367 http://wng:35619/
[rosmaster.master][INFO] 2021-12-08 09:13:10,441: +PARAM [/move_group/sense_for_plan/max_look_attempts] by /move_group
[rosmaster.master][INFO] 2021-12-08 09:13:10,442: +SERVICE [/rviz_wng_22010_1794197980404243367/get_loggers] /rviz_wng_22010_1794197980404243367 http://wng:35619/
[rosmaster.master][INFO] 2021-12-08 09:13:10,442: +PARAM [/move_group/sense_for_plan/max_cost_sources] by /move_group
[rosmaster.master][INFO] 2021-12-08 09:13:10,442: +SERVICE [/rviz_wng_22010_1794197980404243367/set_logger_level] /rviz_wng_22010_1794197980404243367 http://wng:35619/
[rosmaster.master][INFO] 2021-12-08 09:13:10,442: +PARAM [/move_group/sense_for_plan/discard_overlapping_cost_sources] by /move_group
[rosmaster.master][INFO] 2021-12-08 09:13:10,443: +PUB [/move_group/display_cost_sources] /move_group http://wng:38173/
[rosmaster.master][INFO] 2021-12-08 09:13:10,443: +CACHEDPARAM [/rosout_disable_topics_generation] by /rviz_wng_22010_1794197980404243367
[rosmaster.master][INFO] 2021-12-08 09:13:10,443: +PUB [/move_group/motion_plan_request] /move_group http://wng:38173/
[rosmaster.master][INFO] 2021-12-08 09:13:10,448: +SERVICE [/apply_planning_scene] /move_group http://wng:38173/
[rosmaster.master][INFO] 2021-12-08 09:13:10,449: +SERVICE [/clear_octomap] /move_group http://wng:38173/
[rosmaster.master][INFO] 2021-12-08 09:13:10,449: +SERVICE [/compute_cartesian_path] /move_group http://wng:38173/
[rosmaster.master][INFO] 2021-12-08 09:13:10,450: +PUB [/execute_trajectory/result] /move_group http://wng:38173/
[rosmaster.master][INFO] 2021-12-08 09:13:10,450: +PUB [/execute_trajectory/feedback] /move_group http://wng:38173/
[rosmaster.master][INFO] 2021-12-08 09:13:10,450: +PUB [/execute_trajectory/status] /move_group http://wng:38173/
[rosmaster.master][INFO] 2021-12-08 09:13:10,452: +SUB [/execute_trajectory/goal] /move_group http://wng:38173/
[rosmaster.master][INFO] 2021-12-08 09:13:10,453: +SUB [/execute_trajectory/cancel] /move_group http://wng:38173/
[rosmaster.master][INFO] 2021-12-08 09:13:10,453: +SERVICE [/get_planning_scene] /move_group http://wng:38173/
[rosmaster.master][INFO] 2021-12-08 09:13:10,454: +SERVICE [/compute_fk] /move_group http://wng:38173/
[rosmaster.master][INFO] 2021-12-08 09:13:10,454: +SERVICE [/compute_ik] /move_group http://wng:38173/
[rosmaster.master][INFO] 2021-12-08 09:13:10,455: +PUB [/move_group/result] /move_group http://wng:38173/
[rosmaster.master][INFO] 2021-12-08 09:13:10,455: +PUB [/move_group/feedback] /move_group http://wng:38173/
[rosmaster.master][INFO] 2021-12-08 09:13:10,455: +PUB [/move_group/status] /move_group http://wng:38173/
[rosmaster.master][INFO] 2021-12-08 09:13:10,457: +SUB [/move_group/goal] /move_group http://wng:38173/
[rosmaster.master][INFO] 2021-12-08 09:13:10,458: +SUB [/move_group/cancel] /move_group http://wng:38173/
[rosmaster.master][INFO] 2021-12-08 09:13:10,461: publisherUpdate[/rosout] -> http://wng:36209/ ['http://wng:42349/', 'http://wng:42703/', 'http://wng:38173/', 'http://wng:35619/']
[rosmaster.master][INFO] 2021-12-08 09:13:10,462: publisherUpdate[/rosout] -> http://wng:36209/ ['http://wng:42349/', 'http://wng:42703/', 'http://wng:38173/', 'http://wng:35619/']: sec=0.00, result=[1, '', 0]
[rosmaster.master][INFO] 2021-12-08 09:13:10,462: +PUB [/move_group/display_grasp_markers] /move_group http://wng:38173/
[rosmaster.master][INFO] 2021-12-08 09:13:10,463: +PUB [/pickup/result] /move_group http://wng:38173/
[rosmaster.master][INFO] 2021-12-08 09:13:10,463: +PUB [/pickup/feedback] /move_group http://wng:38173/
[rosmaster.master][INFO] 2021-12-08 09:13:10,463: +PUB [/pickup/status] /move_group http://wng:38173/
[rosmaster.master][INFO] 2021-12-08 09:13:10,465: +SUB [/pickup/goal] /move_group http://wng:38173/
[rosmaster.master][INFO] 2021-12-08 09:13:10,466: +SUB [/pickup/cancel] /move_group http://wng:38173/
[rosmaster.master][INFO] 2021-12-08 09:13:10,467: +PUB [/place/result] /move_group http://wng:38173/
[rosmaster.master][INFO] 2021-12-08 09:13:10,467: +PUB [/place/feedback] /move_group http://wng:38173/
[rosmaster.master][INFO] 2021-12-08 09:13:10,467: +PUB [/place/status] /move_group http://wng:38173/
[rosmaster.master][INFO] 2021-12-08 09:13:10,469: +SUB [/place/goal] /move_group http://wng:38173/
[rosmaster.master][INFO] 2021-12-08 09:13:10,470: +SUB [/place/cancel] /move_group http://wng:38173/
[rosmaster.master][INFO] 2021-12-08 09:13:10,470: +SERVICE [/plan_kinematic_path] /move_group http://wng:38173/
[rosmaster.master][INFO] 2021-12-08 09:13:10,471: +SERVICE [/query_planner_interface] /move_group http://wng:38173/
[rosmaster.master][INFO] 2021-12-08 09:13:10,471: +SERVICE [/get_planner_params] /move_group http://wng:38173/
[rosmaster.master][INFO] 2021-12-08 09:13:10,471: +SERVICE [/set_planner_params] /move_group http://wng:38173/
[rosmaster.master][INFO] 2021-12-08 09:13:10,472: +SERVICE [/check_state_validity] /move_group http://wng:38173/
[rosmaster.master][INFO] 2021-12-08 09:13:10,563: +CACHEDPARAM [/rosout/omit_topics] by /rosout
[rosmaster.master][INFO] 2021-12-08 09:13:10,612: +PUB [/rosout] /joint_state_publisher http://wng:45191/
[rosmaster.master][INFO] 2021-12-08 09:13:10,614: +SERVICE [/joint_state_publisher/get_loggers] /joint_state_publisher http://wng:45191/
[rosmaster.master][INFO] 2021-12-08 09:13:10,615: +SERVICE [/joint_state_publisher/set_logger_level] /joint_state_publisher http://wng:45191/
[rosmaster.master][INFO] 2021-12-08 09:13:10,633: +SUB [/move_group/fake_controller_joint_states] /joint_state_publisher http://wng:45191/
[rosmaster.master][INFO] 2021-12-08 09:13:10,634: +PUB [/joint_states] /joint_state_publisher http://wng:45191/
[rosmaster.master][INFO] 2021-12-08 09:13:10,661: publisherUpdate[/rosout] -> http://wng:36209/ ['http://wng:42349/', 'http://wng:42703/', 'http://wng:38173/', 'http://wng:35619/', 'http://wng:45191/']
[rosmaster.master][INFO] 2021-12-08 09:13:10,662: publisherUpdate[/rosout] -> http://wng:36209/ ['http://wng:42349/', 'http://wng:42703/', 'http://wng:38173/', 'http://wng:35619/', 'http://wng:45191/']: sec=0.00, result=[1, '', 0]
[rosmaster.master][INFO] 2021-12-08 09:13:10,662: publisherUpdate[/joint_states] -> http://wng:42349/ ['http://wng:45191/']
[rosmaster.master][INFO] 2021-12-08 09:13:10,662: publisherUpdate[/joint_states] -> http://wng:42703/ ['http://wng:45191/']
[rosmaster.master][INFO] 2021-12-08 09:13:10,663: publisherUpdate[/joint_states] -> http://wng:42349/ ['http://wng:45191/']: sec=0.00, result=[1, '', 0]
[rosmaster.master][INFO] 2021-12-08 09:13:10,663: publisherUpdate[/joint_states] -> http://wng:42703/ ['http://wng:45191/']: sec=0.00, result=[1, '', 0]
[rosmaster.master][INFO] 2021-12-08 09:13:10,857: +PUB [/rosout] /server_endpoint http://wng:32823/
[rosmaster.master][INFO] 2021-12-08 09:13:10,859: +SERVICE [/server_endpoint/get_loggers] /server_endpoint http://wng:32823/
[rosmaster.master][INFO] 2021-12-08 09:13:10,860: +SERVICE [/server_endpoint/set_logger_level] /server_endpoint http://wng:32823/
[rosmaster.master][INFO] 2021-12-08 09:13:10,860: +SERVICE [/init_sync] /server_endpoint http://wng:32823/
[rosmaster.master][INFO] 2021-12-08 09:13:10,861: +SERVICE [/scene_sync] /server_endpoint http://wng:32823/
[rosmaster.master][INFO] 2021-12-08 09:13:10,862: +SERVICE [/panda_plan] /server_endpoint http://wng:32823/
[rosmaster.master][INFO] 2021-12-08 09:13:10,862: +SERVICE [/hand_sync] /server_endpoint http://wng:32823/
[rosmaster.master][INFO] 2021-12-08 09:13:10,863: publisherUpdate[/rosout] -> http://wng:36209/ ['http://wng:42349/', 'http://wng:42703/', 'http://wng:38173/', 'http://wng:35619/', 'http://wng:45191/', 'http://wng:32823/']
[rosmaster.master][INFO] 2021-12-08 09:13:10,863: +SERVICE [/motion_check] /server_endpoint http://wng:32823/
[rosmaster.master][INFO] 2021-12-08 09:13:10,864: publisherUpdate[/rosout] -> http://wng:36209/ ['http://wng:42349/', 'http://wng:42703/', 'http://wng:38173/', 'http://wng:35619/', 'http://wng:45191/', 'http://wng:32823/']: sec=0.00, result=[1, '', 0]
[rosmaster.master][INFO] 2021-12-08 09:13:10,865: +SUB [/execution_check] /server_endpoint http://wng:32823/
[rosmaster.master][INFO] 2021-12-08 09:13:10,866: +CACHEDPARAM [/rosout_disable_topics_generation] by /server_endpoint
[rosmaster.master][INFO] 2021-12-08 09:13:10,937: +PUB [/joint_states_desired] /joint_state_desired_publisher http://wng:42349/
[rosmaster.master][INFO] 2021-12-08 09:13:10,937: +CACHEDPARAM [/rosout_disable_topics_generation] by /joint_state_desired_publisher
[rosmaster.master][INFO] 2021-12-08 09:13:10,964: publisherUpdate[/joint_states_desired] -> http://wng:38173/ ['http://wng:42349/']
[rosmaster.master][INFO] 2021-12-08 09:13:10,965: publisherUpdate[/joint_states_desired] -> http://wng:38173/ ['http://wng:42349/']: sec=0.00, result=[1, '', 0]
[rosmaster.master][INFO] 2021-12-08 09:13:11,082: +PUB [/rosout] /PandaMove http://wng:44989/
[rosmaster.master][INFO] 2021-12-08 09:13:11,084: +SERVICE [/PandaMove/get_loggers] /PandaMove http://wng:44989/
[rosmaster.master][INFO] 2021-12-08 09:13:11,085: +SERVICE [/PandaMove/set_logger_level] /PandaMove http://wng:44989/
[rosmaster.master][INFO] 2021-12-08 09:13:11,134: +CACHEDPARAM [/rosout_disable_topics_generation] by /PandaMove
[rosmaster.master][INFO] 2021-12-08 09:13:11,134: +CACHEDPARAM [/rosout_disable_topics_generation] by /PandaMove
[rosmaster.master][INFO] 2021-12-08 09:13:11,135: +CACHEDPARAM [/rosout_disable_topics_generation] by /PandaMove
[rosmaster.master][INFO] 2021-12-08 09:13:11,135: +CACHEDPARAM [/rosout_disable_topics_generation] by /PandaMove
[rosmaster.master][INFO] 2021-12-08 09:13:11,136: +CACHEDPARAM [/rosout_disable_topics_generation] by /PandaMove
[rosmaster.master][INFO] 2021-12-08 09:13:11,137: +CACHEDPARAM [/rosout_disable_topics_generation] by /PandaMove
[rosmaster.master][INFO] 2021-12-08 09:13:11,137: +CACHEDPARAM [/rosout_disable_topics_generation] by /PandaMove
[rosmaster.master][INFO] 2021-12-08 09:13:11,138: +SUB [/tf] /rviz_wng_22010_1794197980404243367 http://wng:35619/
[rosmaster.master][INFO] 2021-12-08 09:13:11,138: +CACHEDPARAM [/rosout_disable_topics_generation] by /PandaMove
[rosmaster.master][INFO] 2021-12-08 09:13:11,139: +CACHEDPARAM [/rosout_disable_topics_generation] by /PandaMove
[rosmaster.master][INFO] 2021-12-08 09:13:11,139: +CACHEDPARAM [/rosout_disable_topics_generation] by /PandaMove
[rosmaster.master][INFO] 2021-12-08 09:13:11,140: +SUB [/tf_static] /rviz_wng_22010_1794197980404243367 http://wng:35619/
[rosmaster.master][INFO] 2021-12-08 09:13:11,140: +CACHEDPARAM [/rosout_disable_topics_generation] by /PandaMove
[rosmaster.master][INFO] 2021-12-08 09:13:11,140: +CACHEDPARAM [/rosout_disable_topics_generation] by /PandaMove
[rosmaster.master][INFO] 2021-12-08 09:13:11,141: +CACHEDPARAM [/rosout_disable_topics_generation] by /PandaMove
[rosmaster.master][INFO] 2021-12-08 09:13:11,141: +CACHEDPARAM [/rosout_disable_topics_generation] by /PandaMove
[rosmaster.master][INFO] 2021-12-08 09:13:11,142: +CACHEDPARAM [/rosout_disable_topics_generation] by /PandaMove
[rosmaster.master][INFO] 2021-12-08 09:13:11,142: +CACHEDPARAM [/rosout_disable_topics_generation] by /PandaMove
[rosmaster.master][INFO] 2021-12-08 09:13:11,143: +CACHEDPARAM [/rosout_disable_topics_generation] by /PandaMove
[rosmaster.master][INFO] 2021-12-08 09:13:11,143: +CACHEDPARAM [/rosout_disable_topics_generation] by /PandaMove
[rosmaster.master][INFO] 2021-12-08 09:13:11,143: +CACHEDPARAM [/rosout_disable_topics_generation] by /PandaMove
[rosmaster.master][INFO] 2021-12-08 09:13:11,144: +CACHEDPARAM [/rosout_disable_topics_generation] by /PandaMove
[rosmaster.master][INFO] 2021-12-08 09:13:11,145: +CACHEDPARAM [/rosout_disable_topics_generation] by /PandaMove
[rosmaster.master][INFO] 2021-12-08 09:13:11,145: +CACHEDPARAM [/rosout_disable_topics_generation] by /PandaMove
[rosmaster.master][INFO] 2021-12-08 09:13:11,146: +CACHEDPARAM [/rosout_disable_topics_generation] by /PandaMove
[rosmaster.master][INFO] 2021-12-08 09:13:11,147: +CACHEDPARAM [/rosout_disable_topics_generation] by /PandaMove
[rosmaster.master][INFO] 2021-12-08 09:13:11,164: publisherUpdate[/rosout] -> http://wng:36209/ ['http://wng:42349/', 'http://wng:42703/', 'http://wng:38173/', 'http://wng:35619/', 'http://wng:45191/', 'http://wng:32823/', 'http://wng:44989/']
[rosmaster.master][INFO] 2021-12-08 09:13:11,165: publisherUpdate[/rosout] -> http://wng:36209/ ['http://wng:42349/', 'http://wng:42703/', 'http://wng:38173/', 'http://wng:35619/', 'http://wng:45191/', 'http://wng:32823/', 'http://wng:44989/']: sec=0.00, result=[1, '', 0]
[rosmaster.master][INFO] 2021-12-08 09:13:11,211: +PUB [/initialpose] /rviz_wng_22010_1794197980404243367 http://wng:35619/
[rosmaster.master][INFO] 2021-12-08 09:13:11,212: +PUB [/goal] /rviz_wng_22010_1794197980404243367 http://wng:35619/
[rosmaster.master][INFO] 2021-12-08 09:13:11,249: +SUB [/visualization_marker] /rviz_wng_22010_1794197980404243367 http://wng:35619/
[rosmaster.master][INFO] 2021-12-08 09:13:11,250: +SUB [/visualization_marker_array] /rviz_wng_22010_1794197980404243367 http://wng:35619/
[rosmaster.master][INFO] 2021-12-08 09:13:11,250: -SUB [/visualization_marker] /rviz_wng_22010_1794197980404243367 http://wng:35619/
[rosmaster.master][INFO] 2021-12-08 09:13:11,251: -SUB [/visualization_marker_array] /rviz_wng_22010_1794197980404243367 http://wng:35619/
[rosmaster.master][INFO] 2021-12-08 09:13:11,252: +SUB [/action] /rviz_wng_22010_1794197980404243367 http://wng:35619/
[rosmaster.master][INFO] 2021-12-08 09:13:11,253: +SUB [/action_array] /rviz_wng_22010_1794197980404243367 http://wng:35619/
[rosmaster.master][INFO] 2021-12-08 09:13:11,266: +PUB [/planning_scene] /rviz_wng_22010_1794197980404243367 http://wng:35619/
[rosmaster.master][INFO] 2021-12-08 09:13:11,267: +PUB [/planning_scene_world] /rviz_wng_22010_1794197980404243367 http://wng:35619/
[rosmaster.master][INFO] 2021-12-08 09:13:11,269: +SUB [/recognize_objects/status] /rviz_wng_22010_1794197980404243367 http://wng:35619/
[rosmaster.master][INFO] 2021-12-08 09:13:11,270: +SUB [/recognize_objects/feedback] /rviz_wng_22010_1794197980404243367 http://wng:35619/
[rosmaster.master][INFO] 2021-12-08 09:13:11,271: +SUB [/recognize_objects/result] /rviz_wng_22010_1794197980404243367 http://wng:35619/
[rosmaster.master][INFO] 2021-12-08 09:13:11,272: +PUB [/recognize_objects/goal] /rviz_wng_22010_1794197980404243367 http://wng:35619/
[rosmaster.master][INFO] 2021-12-08 09:13:11,272: +PUB [/recognize_objects/cancel] /rviz_wng_22010_1794197980404243367 http://wng:35619/
[rosmaster.master][INFO] 2021-12-08 09:13:11,274: +SUB [/recognized_object_array] /rviz_wng_22010_1794197980404243367 http://wng:35619/
[rosmaster.master][INFO] 2021-12-08 09:13:11,365: publisherUpdate[/planning_scene] -> http://wng:38173/ ['http://wng:35619/']
[rosmaster.master][INFO] 2021-12-08 09:13:11,366: publisherUpdate[/planning_scene] -> http://wng:38173/ ['http://wng:35619/']: sec=0.00, result=[1, '', 0]
[rosmaster.master][INFO] 2021-12-08 09:13:11,366: publisherUpdate[/planning_scene_world] -> http://wng:38173/ ['http://wng:35619/']
[rosmaster.master][INFO] 2021-12-08 09:13:11,366: publisherUpdate[/planning_scene_world] -> http://wng:38173/ ['http://wng:35619/']: sec=0.00, result=[1, '', 0]
[rosmaster.master][INFO] 2021-12-08 09:13:14,285: -SUB [/recognize_objects/status] /rviz_wng_22010_1794197980404243367 http://wng:35619/
[rosmaster.master][INFO] 2021-12-08 09:13:14,285: -PUB [/recognize_objects/cancel] /rviz_wng_22010_1794197980404243367 http://wng:35619/
[rosmaster.master][INFO] 2021-12-08 09:13:14,286: -PUB [/recognize_objects/goal] /rviz_wng_22010_1794197980404243367 http://wng:35619/
[rosmaster.master][INFO] 2021-12-08 09:13:14,286: -SUB [/recognize_objects/feedback] /rviz_wng_22010_1794197980404243367 http://wng:35619/
[rosmaster.master][INFO] 2021-12-08 09:13:14,286: -SUB [/recognize_objects/result] /rviz_wng_22010_1794197980404243367 http://wng:35619/
[rosmaster.master][INFO] 2021-12-08 09:13:14,313: +PUB [/feedback] /rviz_wng_22010_1794197980404243367 http://wng:35619/
[rosmaster.master][INFO] 2021-12-08 09:13:14,314: -PUB [/feedback] /rviz_wng_22010_1794197980404243367 http://wng:35619/
[rosmaster.master][INFO] 2021-12-08 09:13:14,314: +PUB [/feedback] /rviz_wng_22010_1794197980404243367 http://wng:35619/
[rosmaster.master][INFO] 2021-12-08 09:13:14,315: -PUB [/goal] /rviz_wng_22010_1794197980404243367 http://wng:35619/
[rosmaster.master][INFO] 2021-12-08 09:13:14,315: -PUB [/initialpose] /rviz_wng_22010_1794197980404243367 http://wng:35619/
[rosmaster.master][INFO] 2021-12-08 09:13:14,341: +SERVICE [/rviz_wng_22010_1794197980404243367/reload_shaders] /rviz_wng_22010_1794197980404243367 http://wng:35619/
[rosmaster.master][INFO] 2021-12-08 09:13:14,342: +SERVICE [/rviz_wng_22010_1794197980404243367/load_config] /rviz_wng_22010_1794197980404243367 http://wng:35619/
[rosmaster.master][INFO] 2021-12-08 09:13:14,342: +SERVICE [/rviz_wng_22010_1794197980404243367/save_config] /rviz_wng_22010_1794197980404243367 http://wng:35619/
[rosmaster.master][INFO] 2021-12-08 09:13:14,403: +SERVICE [/rviz_wng_22010_1794197980404243367/motionplanning_planning_scene_monitor/set_parameters] /rviz_wng_22010_1794197980404243367 http://wng:35619/
[rosmaster.master][INFO] 2021-12-08 09:13:14,404: +PUB [/rviz_wng_22010_1794197980404243367/motionplanning_planning_scene_monitor/parameter_descriptions] /rviz_wng_22010_1794197980404243367 http://wng:35619/
[rosmaster.master][INFO] 2021-12-08 09:13:14,404: +PUB [/rviz_wng_22010_1794197980404243367/motionplanning_planning_scene_monitor/parameter_updates] /rviz_wng_22010_1794197980404243367 http://wng:35619/
[rosmaster.master][INFO] 2021-12-08 09:13:14,405: +PARAM [/rviz_wng_22010_1794197980404243367/motionplanning_planning_scene_monitor/publish_planning_scene] by /rviz_wng_22010_1794197980404243367
[rosmaster.master][INFO] 2021-12-08 09:13:14,406: +PARAM [/rviz_wng_22010_1794197980404243367/motionplanning_planning_scene_monitor/publish_planning_scene_hz] by /rviz_wng_22010_1794197980404243367
[rosmaster.master][INFO] 2021-12-08 09:13:14,406: +PARAM [/rviz_wng_22010_1794197980404243367/motionplanning_planning_scene_monitor/publish_geometry_updates] by /rviz_wng_22010_1794197980404243367
[rosmaster.master][INFO] 2021-12-08 09:13:14,406: +PARAM [/rviz_wng_22010_1794197980404243367/motionplanning_planning_scene_monitor/publish_state_updates] by /rviz_wng_22010_1794197980404243367
[rosmaster.master][INFO] 2021-12-08 09:13:14,406: +PARAM [/rviz_wng_22010_1794197980404243367/motionplanning_planning_scene_monitor/publish_transforms_updates] by /rviz_wng_22010_1794197980404243367
[rosmaster.master][INFO] 2021-12-08 09:13:14,407: +PARAM [/rviz_wng_22010_1794197980404243367/motionplanning_planning_scene_monitor/publish_planning_scene] by /rviz_wng_22010_1794197980404243367
[rosmaster.master][INFO] 2021-12-08 09:13:14,407: +PARAM [/rviz_wng_22010_1794197980404243367/motionplanning_planning_scene_monitor/publish_planning_scene_hz] by /rviz_wng_22010_1794197980404243367
[rosmaster.master][INFO] 2021-12-08 09:13:14,407: +PARAM [/rviz_wng_22010_1794197980404243367/motionplanning_planning_scene_monitor/publish_geometry_updates] by /rviz_wng_22010_1794197980404243367
[rosmaster.master][INFO] 2021-12-08 09:13:14,408: +PARAM [/rviz_wng_22010_1794197980404243367/motionplanning_planning_scene_monitor/publish_state_updates] by /rviz_wng_22010_1794197980404243367
[rosmaster.master][INFO] 2021-12-08 09:13:14,408: +PARAM [/rviz_wng_22010_1794197980404243367/motionplanning_planning_scene_monitor/publish_transforms_updates] by /rviz_wng_22010_1794197980404243367
[rosmaster.master][INFO] 2021-12-08 09:13:14,431: +SUB [/move_group/monitored_planning_scene] /rviz_wng_22010_1794197980404243367 http://wng:35619/
[rosmaster.master][INFO] 2021-12-08 09:13:14,659: +SUB [/move_group/display_planned_path] /rviz_wng_22010_1794197980404243367 http://wng:35619/
[rosmaster.master][INFO] 2021-12-08 09:13:14,659: +PUB [/rviz_moveit_motion_planning_display/robot_interaction_interactive_marker_topic/update_full] /rviz_wng_22010_1794197980404243367 http://wng:35619/
[rosmaster.master][INFO] 2021-12-08 09:13:14,659: +PUB [/rviz_moveit_motion_planning_display/robot_interaction_interactive_marker_topic/update] /rviz_wng_22010_1794197980404243367 http://wng:35619/
[rosmaster.master][INFO] 2021-12-08 09:13:14,661: +SUB [/rviz_moveit_motion_planning_display/robot_interaction_interactive_marker_topic/feedback] /rviz_wng_22010_1794197980404243367 http://wng:35619/
[rosmaster.master][INFO] 2021-12-08 09:13:14,661: -PUB [/feedback] /rviz_wng_22010_1794197980404243367 http://wng:35619/
[rosmaster.master][INFO] 2021-12-08 09:13:14,663: +SUB [/rviz_moveit_motion_planning_display/robot_interaction_interactive_marker_topic/update] /rviz_wng_22010_1794197980404243367 http://wng:35619/
[rosmaster.master][INFO] 2021-12-08 09:13:14,664: +SUB [/rviz_moveit_motion_planning_display/robot_interaction_interactive_marker_topic/update_full] /rviz_wng_22010_1794197980404243367 http://wng:35619/
[rosmaster.master][INFO] 2021-12-08 09:13:14,665: +PUB [/rviz_moveit_motion_planning_display/robot_interaction_interactive_marker_topic/feedback] /rviz_wng_22010_1794197980404243367 http://wng:35619/
[rosmaster.master][INFO] 2021-12-08 09:13:14,669: publisherUpdate[/rviz_moveit_motion_planning_display/robot_interaction_interactive_marker_topic/feedback] -> http://wng:35619/ ['http://wng:35619/']
[rosmaster.master][INFO] 2021-12-08 09:13:14,670: publisherUpdate[/rviz_moveit_motion_planning_display/robot_interaction_interactive_marker_topic/feedback] -> http://wng:35619/ ['http://wng:35619/']: sec=0.00, result=[1, '', 0]
[rosmaster.master][INFO] 2021-12-08 09:13:14,676: +PUB [/trajectory_execution_event] /rviz_wng_22010_1794197980404243367 http://wng:35619/
[rosmaster.master][INFO] 2021-12-08 09:13:14,676: +PUB [/attached_collision_object] /rviz_wng_22010_1794197980404243367 http://wng:35619/
[rosmaster.master][INFO] 2021-12-08 09:13:14,678: +SUB [/move_group/status] /rviz_wng_22010_1794197980404243367 http://wng:35619/
[rosmaster.master][INFO] 2021-12-08 09:13:14,680: +SUB [/move_group/feedback] /rviz_wng_22010_1794197980404243367 http://wng:35619/
[rosmaster.master][INFO] 2021-12-08 09:13:14,681: +SUB [/move_group/result] /rviz_wng_22010_1794197980404243367 http://wng:35619/
[rosmaster.master][INFO] 2021-12-08 09:13:14,682: +PUB [/move_group/goal] /rviz_wng_22010_1794197980404243367 http://wng:35619/
[rosmaster.master][INFO] 2021-12-08 09:13:14,682: +PUB [/move_group/cancel] /rviz_wng_22010_1794197980404243367 http://wng:35619/
[rosmaster.master][INFO] 2021-12-08 09:13:14,769: publisherUpdate[/trajectory_execution_event] -> http://wng:38173/ ['http://wng:35619/']
[rosmaster.master][INFO] 2021-12-08 09:13:14,770: publisherUpdate[/trajectory_execution_event] -> http://wng:38173/ ['http://wng:35619/']: sec=0.00, result=[1, '', 0]
[rosmaster.master][INFO] 2021-12-08 09:13:14,770: publisherUpdate[/attached_collision_object] -> http://wng:38173/ ['http://wng:35619/']
[rosmaster.master][INFO] 2021-12-08 09:13:14,770: publisherUpdate[/attached_collision_object] -> http://wng:38173/ ['http://wng:35619/']: sec=0.00, result=[1, '', 0]
[rosmaster.master][INFO] 2021-12-08 09:13:14,771: publisherUpdate[/move_group/goal] -> http://wng:38173/ ['http://wng:35619/']
[rosmaster.master][INFO] 2021-12-08 09:13:14,771: publisherUpdate[/move_group/goal] -> http://wng:38173/ ['http://wng:35619/']: sec=0.00, result=[1, '', 0]
[rosmaster.master][INFO] 2021-12-08 09:13:14,771: publisherUpdate[/move_group/cancel] -> http://wng:38173/ ['http://wng:35619/']
[rosmaster.master][INFO] 2021-12-08 09:13:14,771: publisherUpdate[/move_group/cancel] -> http://wng:38173/ ['http://wng:35619/']: sec=0.00, result=[1, '', 0]
[rosmaster.master][INFO] 2021-12-08 09:13:14,999: +SUB [/pickup/status] /rviz_wng_22010_1794197980404243367 http://wng:35619/
[rosmaster.master][INFO] 2021-12-08 09:13:15,001: +SUB [/pickup/feedback] /rviz_wng_22010_1794197980404243367 http://wng:35619/
[rosmaster.master][INFO] 2021-12-08 09:13:15,002: +SUB [/pickup/result] /rviz_wng_22010_1794197980404243367 http://wng:35619/
[rosmaster.master][INFO] 2021-12-08 09:13:15,003: +PUB [/pickup/goal] /rviz_wng_22010_1794197980404243367 http://wng:35619/
[rosmaster.master][INFO] 2021-12-08 09:13:15,003: +PUB [/pickup/cancel] /rviz_wng_22010_1794197980404243367 http://wng:35619/
[rosmaster.master][INFO] 2021-12-08 09:13:15,070: publisherUpdate[/pickup/goal] -> http://wng:38173/ ['http://wng:35619/']
[rosmaster.master][INFO] 2021-12-08 09:13:15,071: publisherUpdate[/pickup/goal] -> http://wng:38173/ ['http://wng:35619/']: sec=0.00, result=[1, '', 0]
[rosmaster.master][INFO] 2021-12-08 09:13:15,071: publisherUpdate[/pickup/cancel] -> http://wng:38173/ ['http://wng:35619/']
[rosmaster.master][INFO] 2021-12-08 09:13:15,072: publisherUpdate[/pickup/cancel] -> http://wng:38173/ ['http://wng:35619/']: sec=0.00, result=[1, '', 0]
[rosmaster.master][INFO] 2021-12-08 09:13:15,164: -SUB [/rviz_moveit_motion_planning_display/robot_interaction_interactive_marker_topic/update_full] /rviz_wng_22010_1794197980404243367 http://wng:35619/
[rosmaster.master][INFO] 2021-12-08 09:13:15,276: +SUB [/place/status] /rviz_wng_22010_1794197980404243367 http://wng:35619/
[rosmaster.master][INFO] 2021-12-08 09:13:15,278: +SUB [/place/feedback] /rviz_wng_22010_1794197980404243367 http://wng:35619/
[rosmaster.master][INFO] 2021-12-08 09:13:15,279: +SUB [/place/result] /rviz_wng_22010_1794197980404243367 http://wng:35619/
[rosmaster.master][INFO] 2021-12-08 09:13:15,279: +PUB [/place/goal] /rviz_wng_22010_1794197980404243367 http://wng:35619/
[rosmaster.master][INFO] 2021-12-08 09:13:15,280: +PUB [/place/cancel] /rviz_wng_22010_1794197980404243367 http://wng:35619/
[rosmaster.master][INFO] 2021-12-08 09:13:15,371: publisherUpdate[/place/goal] -> http://wng:38173/ ['http://wng:35619/']
[rosmaster.master][INFO] 2021-12-08 09:13:15,372: publisherUpdate[/place/goal] -> http://wng:38173/ ['http://wng:35619/']: sec=0.00, result=[1, '', 0]
[rosmaster.master][INFO] 2021-12-08 09:13:15,372: publisherUpdate[/place/cancel] -> http://wng:38173/ ['http://wng:35619/']
[rosmaster.master][INFO] 2021-12-08 09:13:15,373: publisherUpdate[/place/cancel] -> http://wng:38173/ ['http://wng:35619/']: sec=0.00, result=[1, '', 0]
[rosmaster.master][INFO] 2021-12-08 09:13:15,577: +SUB [/execute_trajectory/status] /rviz_wng_22010_1794197980404243367 http://wng:35619/
[rosmaster.master][INFO] 2021-12-08 09:13:15,578: +SUB [/execute_trajectory/feedback] /rviz_wng_22010_1794197980404243367 http://wng:35619/
[rosmaster.master][INFO] 2021-12-08 09:13:15,580: +SUB [/execute_trajectory/result] /rviz_wng_22010_1794197980404243367 http://wng:35619/
[rosmaster.master][INFO] 2021-12-08 09:13:15,580: +PUB [/execute_trajectory/goal] /rviz_wng_22010_1794197980404243367 http://wng:35619/
[rosmaster.master][INFO] 2021-12-08 09:13:15,581: +PUB [/execute_trajectory/cancel] /rviz_wng_22010_1794197980404243367 http://wng:35619/
[rosmaster.master][INFO] 2021-12-08 09:13:15,673: publisherUpdate[/execute_trajectory/goal] -> http://wng:38173/ ['http://wng:35619/']
[rosmaster.master][INFO] 2021-12-08 09:13:15,674: publisherUpdate[/execute_trajectory/goal] -> http://wng:38173/ ['http://wng:35619/']: sec=0.00, result=[1, '', 0]
[rosmaster.master][INFO] 2021-12-08 09:13:15,674: publisherUpdate[/execute_trajectory/cancel] -> http://wng:38173/ ['http://wng:35619/']
[rosmaster.master][INFO] 2021-12-08 09:13:15,674: publisherUpdate[/execute_trajectory/cancel] -> http://wng:38173/ ['http://wng:35619/']: sec=0.00, result=[1, '', 0]
[rosmaster.master][INFO] 2021-12-08 09:13:35,306: -PUB [/rosout] /PandaMove http://wng:44989/
[rosmaster.master][INFO] 2021-12-08 09:13:35,308: -SUB [/move_group/fake_controller_joint_states] /joint_state_publisher http://wng:45191/
[rosmaster.master][INFO] 2021-12-08 09:13:35,308: -SUB [/execution_check] /server_endpoint http://wng:32823/
[rosmaster.master][INFO] 2021-12-08 09:13:35,309: -SERVICE [/PandaMove/get_loggers] /PandaMove rosrpc://wng:38651
[rosmaster.master][INFO] 2021-12-08 09:13:35,309: -PUB [/joint_states] /joint_state_publisher http://wng:45191/
[rosmaster.master][INFO] 2021-12-08 09:13:35,309: -PUB [/rosout] /server_endpoint http://wng:32823/
[rosmaster.master][INFO] 2021-12-08 09:13:35,309: -SERVICE [/PandaMove/set_logger_level] /PandaMove rosrpc://wng:38651
[rosmaster.master][INFO] 2021-12-08 09:13:35,309: -PUB [/rosout] /joint_state_publisher http://wng:45191/
[rosmaster.master][INFO] 2021-12-08 09:13:35,309: -SERVICE [/hand_sync] /server_endpoint rosrpc://wng:39485
[rosmaster.master][INFO] 2021-12-08 09:13:35,310: -SERVICE [/joint_state_publisher/get_loggers] /joint_state_publisher rosrpc://wng:38919
[rosmaster.master][INFO] 2021-12-08 09:13:35,310: -SERVICE [/panda_plan] /server_endpoint rosrpc://wng:39485
[rosmaster.master][INFO] 2021-12-08 09:13:35,310: -SERVICE [/joint_state_publisher/set_logger_level] /joint_state_publisher rosrpc://wng:38919
[rosmaster.master][INFO] 2021-12-08 09:13:35,310: -SERVICE [/server_endpoint/get_loggers] /server_endpoint rosrpc://wng:39485
[rosmaster.master][INFO] 2021-12-08 09:13:35,310: -SERVICE [/scene_sync] /server_endpoint rosrpc://wng:39485
[rosmaster.master][INFO] 2021-12-08 09:13:35,310: -SERVICE [/server_endpoint/set_logger_level] /server_endpoint rosrpc://wng:39485
[rosmaster.master][INFO] 2021-12-08 09:13:35,310: -SERVICE [/motion_check] /server_endpoint rosrpc://wng:39485
[rosmaster.master][INFO] 2021-12-08 09:13:35,311: -SERVICE [/init_sync] /server_endpoint rosrpc://wng:39485
[rosmaster.master][INFO] 2021-12-08 09:13:35,391: -PUB [/rosout] /robot_state_publisher http://wng:42703/
[rosmaster.master][INFO] 2021-12-08 09:13:35,391: -PUB [/tf] /robot_state_publisher http://wng:42703/
[rosmaster.master][INFO] 2021-12-08 09:13:35,392: -PUB [/tf_static] /robot_state_publisher http://wng:42703/
[rosmaster.master][INFO] 2021-12-08 09:13:35,392: -SUB [/joint_states] /robot_state_publisher http://wng:42703/
[rosmaster.master][INFO] 2021-12-08 09:13:35,392: -SERVICE [/robot_state_publisher/get_loggers] /robot_state_publisher rosrpc://wng:59883
[rosmaster.master][INFO] 2021-12-08 09:13:35,392: -SERVICE [/robot_state_publisher/set_logger_level] /robot_state_publisher rosrpc://wng:59883
[rosmaster.master][INFO] 2021-12-08 09:13:35,393: -PUB [/rosout] /joint_state_desired_publisher http://wng:42349/
[rosmaster.master][INFO] 2021-12-08 09:13:35,393: -PUB [/joint_states_desired] /joint_state_desired_publisher http://wng:42349/
[rosmaster.master][INFO] 2021-12-08 09:13:35,393: -SUB [/joint_states] /joint_state_desired_publisher http://wng:42349/
[rosmaster.master][INFO] 2021-12-08 09:13:35,394: -SERVICE [/joint_state_desired_publisher/get_loggers] /joint_state_desired_publisher rosrpc://wng:60621
[rosmaster.master][INFO] 2021-12-08 09:13:35,394: -SERVICE [/joint_state_desired_publisher/set_logger_level] /joint_state_desired_publisher rosrpc://wng:60621
[rosmaster.master][INFO] 2021-12-08 09:13:35,394: -CACHEDPARAM [/rosout_disable_topics_generation] by /joint_state_desired_publisher
[rosmaster.master][INFO] 2021-12-08 09:13:35,397: publisherUpdate[/rosout] -> http://wng:36209/ ['http://wng:42349/', 'http://wng:42703/', 'http://wng:38173/', 'http://wng:35619/', 'http://wng:45191/', 'http://wng:32823/']
[rosmaster.master][INFO] 2021-12-08 09:13:35,397: publisherUpdate[/joint_states] -> http://wng:42349/ []
[rosmaster.master][INFO] 2021-12-08 09:13:35,397: -PUB [/rosout] /move_group http://wng:38173/
[rosmaster.master][INFO] 2021-12-08 09:13:35,398: publisherUpdate[/joint_states] -> http://wng:42703/ []
[rosmaster.master][INFO] 2021-12-08 09:13:35,398: publisherUpdate[/rosout] -> http://wng:36209/ ['http://wng:42349/', 'http://wng:42703/', 'http://wng:38173/', 'http://wng:35619/', 'http://wng:45191/', 'http://wng:32823/']: sec=0.00, result=[1, '', 0]
[rosmaster.master][INFO] 2021-12-08 09:13:35,398: -PUB [/move_group/planning_scene_monitor/parameter_descriptions] /move_group http://wng:38173/
[rosmaster.master][INFO] 2021-12-08 09:13:35,398: publisherUpdate[/rosout] -> http://wng:36209/ ['http://wng:42349/', 'http://wng:42703/', 'http://wng:38173/', 'http://wng:35619/', 'http://wng:45191/']
[rosmaster.master][INFO] 2021-12-08 09:13:35,399: -PUB [/move_group/planning_scene_monitor/parameter_updates] /move_group http://wng:38173/
[rosmaster.master][INFO] 2021-12-08 09:13:35,399: publisherUpdate[/rosout] -> http://wng:36209/ ['http://wng:42349/', 'http://wng:42703/', 'http://wng:38173/', 'http://wng:35619/', 'http://wng:45191/']: sec=0.00, result=[1, '', 0]
[rosmaster.master][INFO] 2021-12-08 09:13:35,399: -PUB [/move_group/monitored_planning_scene] /move_group http://wng:38173/
[rosmaster.master][INFO] 2021-12-08 09:13:35,399: publisherUpdate[/rosout] -> http://wng:36209/ ['http://wng:42349/', 'http://wng:42703/', 'http://wng:38173/', 'http://wng:35619/']
[rosmaster.master][INFO] 2021-12-08 09:13:35,400: -PUB [/move_group/filtered_cloud] /move_group http://wng:38173/
[rosmaster.master][INFO] 2021-12-08 09:13:35,400: publisherUpdate[/rosout] -> http://wng:36209/ ['http://wng:42349/', 'http://wng:42703/', 'http://wng:38173/', 'http://wng:35619/']: sec=0.00, result=[1, '', 0]
[rosmaster.master][INFO] 2021-12-08 09:13:35,400: publisherUpdate[/rosout] -> http://wng:36209/ ['http://wng:42349/', 'http://wng:38173/', 'http://wng:35619/']
[rosmaster.master][INFO] 2021-12-08 09:13:35,401: -PUB [/move_group/ompl/parameter_descriptions] /move_group http://wng:38173/
[rosmaster.master][INFO] 2021-12-08 09:13:35,401: publisherUpdate[/rosout] -> http://wng:36209/ ['http://wng:42349/', 'http://wng:38173/', 'http://wng:35619/']: sec=0.00, result=[1, '', 0]
[rosmaster.master][INFO] 2021-12-08 09:13:35,401: publisherUpdate[/joint_states] -> http://wng:42703/ []: sec=0.00, exception=[Errno 111] Connection refused
[rosmaster.master][INFO] 2021-12-08 09:13:35,402: publisherUpdate[/tf] -> http://wng:38173/ []
[rosmaster.master][INFO] 2021-12-08 09:13:35,402: -PUB [/move_group/ompl/parameter_updates] /move_group http://wng:38173/
[rosmaster.master][INFO] 2021-12-08 09:13:35,402: -PUB [/move_group/display_planned_path] /move_group http://wng:38173/
[rosmaster.master][INFO] 2021-12-08 09:13:35,403: -PUB [/move_group/display_contacts] /move_group http://wng:38173/
[rosmaster.master][INFO] 2021-12-08 09:13:35,403: publisherUpdate[/joint_states] -> http://wng:42349/ []: sec=0.01, exception=[Errno 111] Connection refused
[rosmaster.master][INFO] 2021-12-08 09:13:35,404: -PUB [/move_group/fake_controller_joint_states] /move_group http://wng:38173/
[rosmaster.master][INFO] 2021-12-08 09:13:35,404: -PUB [/move_group/trajectory_execution/parameter_descriptions] /move_group http://wng:38173/
[rosmaster.master][INFO] 2021-12-08 09:13:35,405: -PUB [/move_group/trajectory_execution/parameter_updates] /move_group http://wng:38173/
[rosmaster.threadpool][ERROR] 2021-12-08 09:13:35,405: Traceback (most recent call last):
  File "/opt/ros/melodic/lib/python2.7/dist-packages/rosmaster/threadpool.py", line 218, in run
    result = cmd(*args)
  File "/opt/ros/melodic/lib/python2.7/dist-packages/rosmaster/master_api.py", line 210, in publisher_update_task
    ret = xmlrpcapi(api).publisherUpdate('/master', topic, pub_uris)
  File "/usr/lib/python2.7/xmlrpclib.py", line 1243, in __call__
    return self.__send(self.__name, args)
  File "/usr/lib/python2.7/xmlrpclib.py", line 1602, in __request
    verbose=self.__verbose
  File "/usr/lib/python2.7/xmlrpclib.py", line 1283, in request
    return self.single_request(host, handler, request_body, verbose)
  File "/usr/lib/python2.7/xmlrpclib.py", line 1311, in single_request
    self.send_content(h, request_body)
  File "/usr/lib/python2.7/xmlrpclib.py", line 1459, in send_content
    connection.endheaders(request_body)
  File "/usr/lib/python2.7/httplib.py", line 1095, in endheaders
    self._send_output(message_body)
  File "/usr/lib/python2.7/httplib.py", line 898, in _send_output
    self.send(msg)
  File "/usr/lib/python2.7/httplib.py", line 860, in send
    self.connect()
  File "/usr/lib/python2.7/httplib.py", line 837, in connect
    self.timeout, self.source_address)
  File "/usr/lib/python2.7/socket.py", line 575, in create_connection
    raise err
error: [Errno 111] Connection refused

[rosmaster.master][INFO] 2021-12-08 09:13:35,405: -PUB [/move_group/plan_execution/parameter_descriptions] /move_group http://wng:38173/
[rosmaster.threadpool][ERROR] 2021-12-08 09:13:35,405: Traceback (most recent call last):
  File "/opt/ros/melodic/lib/python2.7/dist-packages/rosmaster/threadpool.py", line 218, in run
    result = cmd(*args)
  File "/opt/ros/melodic/lib/python2.7/dist-packages/rosmaster/master_api.py", line 210, in publisher_update_task
    ret = xmlrpcapi(api).publisherUpdate('/master', topic, pub_uris)
  File "/usr/lib/python2.7/xmlrpclib.py", line 1243, in __call__
    return self.__send(self.__name, args)
  File "/usr/lib/python2.7/xmlrpclib.py", line 1602, in __request
    verbose=self.__verbose
  File "/usr/lib/python2.7/xmlrpclib.py", line 1283, in request
    return self.single_request(host, handler, request_body, verbose)
  File "/usr/lib/python2.7/xmlrpclib.py", line 1311, in single_request
    self.send_content(h, request_body)
  File "/usr/lib/python2.7/xmlrpclib.py", line 1459, in send_content
    connection.endheaders(request_body)
  File "/usr/lib/python2.7/httplib.py", line 1095, in endheaders
    self._send_output(message_body)
  File "/usr/lib/python2.7/httplib.py", line 898, in _send_output
    self.send(msg)
  File "/usr/lib/python2.7/httplib.py", line 860, in send
    self.connect()
  File "/usr/lib/python2.7/httplib.py", line 837, in connect
    self.timeout, self.source_address)
  File "/usr/lib/python2.7/socket.py", line 575, in create_connection
    raise err
error: [Errno 111] Connection refused

[rosmaster.master][INFO] 2021-12-08 09:13:35,406: publisherUpdate[/tf] -> http://wng:35619/ []
[rosmaster.master][INFO] 2021-12-08 09:13:35,406: -PUB [/move_group/plan_execution/parameter_updates] /move_group http://wng:38173/
[rosmaster.master][INFO] 2021-12-08 09:13:35,406: publisherUpdate[/rosout] -> http://wng:36209/ ['http://wng:38173/', 'http://wng:35619/']
[rosmaster.master][INFO] 2021-12-08 09:13:35,407: publisherUpdate[/tf] -> http://wng:35619/ []: sec=0.00, result=[1, '', 0]
[rosmaster.master][INFO] 2021-12-08 09:13:35,407: -PUB [/move_group/sense_for_plan/parameter_descriptions] /move_group http://wng:38173/
[rosmaster.master][INFO] 2021-12-08 09:13:35,407: publisherUpdate[/tf_static] -> http://wng:35619/ []
[rosmaster.master][INFO] 2021-12-08 09:13:35,407: publisherUpdate[/rosout] -> http://wng:36209/ ['http://wng:38173/', 'http://wng:35619/']: sec=0.00, result=[1, '', 0]
[rosmaster.master][INFO] 2021-12-08 09:13:35,407: -PUB [/move_group/sense_for_plan/parameter_updates] /move_group http://wng:38173/
[rosmaster.master][INFO] 2021-12-08 09:13:35,408: publisherUpdate[/tf_static] -> http://wng:35619/ []: sec=0.00, result=[1, '', 0]
[rosmaster.master][INFO] 2021-12-08 09:13:35,408: publisherUpdate[/tf] -> http://wng:38173/ []: sec=0.01, exception=<Fault -1: 'publisherUpdate: unknown method name'>
[rosmaster.master][INFO] 2021-12-08 09:13:35,408: publisherUpdate[/rosout] -> http://wng:36209/ ['http://wng:35619/']
[rosmaster.master][INFO] 2021-12-08 09:13:35,408: -PUB [/move_group/display_cost_sources] /move_group http://wng:38173/
[rosmaster.master][INFO] 2021-12-08 09:13:35,408: publisherUpdate[/move_group/monitored_planning_scene] -> http://wng:35619/ []
[rosmaster.threadpool][ERROR] 2021-12-08 09:13:35,408: Traceback (most recent call last):
  File "/opt/ros/melodic/lib/python2.7/dist-packages/rosmaster/threadpool.py", line 218, in run
    result = cmd(*args)
  File "/opt/ros/melodic/lib/python2.7/dist-packages/rosmaster/master_api.py", line 210, in publisher_update_task
    ret = xmlrpcapi(api).publisherUpdate('/master', topic, pub_uris)
  File "/usr/lib/python2.7/xmlrpclib.py", line 1243, in __call__
    return self.__send(self.__name, args)
  File "/usr/lib/python2.7/xmlrpclib.py", line 1602, in __request
    verbose=self.__verbose
  File "/usr/lib/python2.7/xmlrpclib.py", line 1283, in request
    return self.single_request(host, handler, request_body, verbose)
  File "/usr/lib/python2.7/xmlrpclib.py", line 1316, in single_request
    return self.parse_response(response)
  File "/usr/lib/python2.7/xmlrpclib.py", line 1493, in parse_response
    return u.close()
  File "/usr/lib/python2.7/xmlrpclib.py", line 800, in close
    raise Fault(**self._stack[0])
Fault: <Fault -1: 'publisherUpdate: unknown method name'>

[rosmaster.master][INFO] 2021-12-08 09:13:35,409: publisherUpdate[/rosout] -> http://wng:36209/ ['http://wng:35619/']: sec=0.00, result=[1, '', 0]
[rosmaster.master][INFO] 2021-12-08 09:13:35,409: -PUB [/move_group/motion_plan_request] /move_group http://wng:38173/
[rosmaster.master][INFO] 2021-12-08 09:13:35,409: publisherUpdate[/tf_static] -> http://wng:38173/ []
[rosmaster.master][INFO] 2021-12-08 09:13:35,409: publisherUpdate[/move_group/monitored_planning_scene] -> http://wng:35619/ []: sec=0.00, result=[1, '', 0]
[rosmaster.master][INFO] 2021-12-08 09:13:35,410: -PUB [/execute_trajectory/result] /move_group http://wng:38173/
[rosmaster.master][INFO] 2021-12-08 09:13:35,410: publisherUpdate[/tf_static] -> http://wng:38173/ []: sec=0.00, exception=<Fault -1: 'publisherUpdate: unknown method name'>
[rosmaster.master][INFO] 2021-12-08 09:13:35,410: publisherUpdate[/move_group/display_planned_path] -> http://wng:35619/ []
[rosmaster.master][INFO] 2021-12-08 09:13:35,410: -PUB [/execute_trajectory/feedback] /move_group http://wng:38173/
[rosmaster.threadpool][ERROR] 2021-12-08 09:13:35,410: Traceback (most recent call last):
  File "/opt/ros/melodic/lib/python2.7/dist-packages/rosmaster/threadpool.py", line 218, in run
    result = cmd(*args)
  File "/opt/ros/melodic/lib/python2.7/dist-packages/rosmaster/master_api.py", line 210, in publisher_update_task
    ret = xmlrpcapi(api).publisherUpdate('/master', topic, pub_uris)
  File "/usr/lib/python2.7/xmlrpclib.py", line 1243, in __call__
    return self.__send(self.__name, args)
  File "/usr/lib/python2.7/xmlrpclib.py", line 1602, in __request
    verbose=self.__verbose
  File "/usr/lib/python2.7/xmlrpclib.py", line 1283, in request
    return self.single_request(host, handler, request_body, verbose)
  File "/usr/lib/python2.7/xmlrpclib.py", line 1316, in single_request
    return self.parse_response(response)
  File "/usr/lib/python2.7/xmlrpclib.py", line 1493, in parse_response
    return u.close()
  File "/usr/lib/python2.7/xmlrpclib.py", line 800, in close
    raise Fault(**self._stack[0])
Fault: <Fault -1: 'publisherUpdate: unknown method name'>

[rosmaster.master][INFO] 2021-12-08 09:13:35,411: publisherUpdate[/move_group/display_planned_path] -> http://wng:35619/ []: sec=0.00, result=[1, '', 0]
[rosmaster.master][INFO] 2021-12-08 09:13:35,411: -PUB [/execute_trajectory/status] /move_group http://wng:38173/
[rosmaster.master][INFO] 2021-12-08 09:13:35,411: publisherUpdate[/joint_states_desired] -> http://wng:38173/ []
[rosmaster.master][INFO] 2021-12-08 09:13:35,411: publisherUpdate[/execute_trajectory/result] -> http://wng:35619/ []
[rosmaster.master][INFO] 2021-12-08 09:13:35,411: -PUB [/move_group/result] /move_group http://wng:38173/
[rosmaster.master][INFO] 2021-12-08 09:13:35,412: publisherUpdate[/joint_states_desired] -> http://wng:38173/ []: sec=0.00, exception=<Fault -1: 'publisherUpdate: unknown method name'>
[rosmaster.master][INFO] 2021-12-08 09:13:35,412: publisherUpdate[/execute_trajectory/result] -> http://wng:35619/ []: sec=0.00, result=[1, '', 0]
[rosmaster.master][INFO] 2021-12-08 09:13:35,413: -PUB [/move_group/feedback] /move_group http://wng:38173/
[rosmaster.threadpool][ERROR] 2021-12-08 09:13:35,413: Traceback (most recent call last):
  File "/opt/ros/melodic/lib/python2.7/dist-packages/rosmaster/threadpool.py", line 218, in run
    result = cmd(*args)
  File "/opt/ros/melodic/lib/python2.7/dist-packages/rosmaster/master_api.py", line 210, in publisher_update_task
    ret = xmlrpcapi(api).publisherUpdate('/master', topic, pub_uris)
  File "/usr/lib/python2.7/xmlrpclib.py", line 1243, in __call__
    return self.__send(self.__name, args)
  File "/usr/lib/python2.7/xmlrpclib.py", line 1602, in __request
    verbose=self.__verbose
  File "/usr/lib/python2.7/xmlrpclib.py", line 1283, in request
    return self.single_request(host, handler, request_body, verbose)
  File "/usr/lib/python2.7/xmlrpclib.py", line 1316, in single_request
    return self.parse_response(response)
  File "/usr/lib/python2.7/xmlrpclib.py", line 1493, in parse_response
    return u.close()
  File "/usr/lib/python2.7/xmlrpclib.py", line 800, in close
    raise Fault(**self._stack[0])
Fault: <Fault -1: 'publisherUpdate: unknown method name'>

[rosmaster.master][INFO] 2021-12-08 09:13:35,413: publisherUpdate[/execute_trajectory/feedback] -> http://wng:35619/ []
[rosmaster.master][INFO] 2021-12-08 09:13:35,413: -PUB [/move_group/status] /move_group http://wng:38173/
[rosmaster.master][INFO] 2021-12-08 09:13:35,414: publisherUpdate[/execute_trajectory/feedback] -> http://wng:35619/ []: sec=0.00, result=[1, '', 0]
[rosmaster.master][INFO] 2021-12-08 09:13:35,414: -PUB [/move_group/display_grasp_markers] /move_group http://wng:38173/
[rosmaster.master][INFO] 2021-12-08 09:13:35,414: publisherUpdate[/execute_trajectory/status] -> http://wng:35619/ []
[rosmaster.master][INFO] 2021-12-08 09:13:35,414: -PUB [/pickup/result] /move_group http://wng:38173/
[rosmaster.master][INFO] 2021-12-08 09:13:35,415: publisherUpdate[/execute_trajectory/status] -> http://wng:35619/ []: sec=0.00, result=[1, '', 0]
[rosmaster.master][INFO] 2021-12-08 09:13:35,415: publisherUpdate[/move_group/result] -> http://wng:35619/ []
[rosmaster.master][INFO] 2021-12-08 09:13:35,415: -PUB [/pickup/feedback] /move_group http://wng:38173/
[rosmaster.master][INFO] 2021-12-08 09:13:35,415: publisherUpdate[/move_group/result] -> http://wng:35619/ []: sec=0.00, result=[1, '', 0]
[rosmaster.master][INFO] 2021-12-08 09:13:35,416: -PUB [/pickup/status] /move_group http://wng:38173/
[rosmaster.master][INFO] 2021-12-08 09:13:35,416: publisherUpdate[/move_group/feedback] -> http://wng:35619/ []
[rosmaster.master][INFO] 2021-12-08 09:13:35,416: -PUB [/place/result] /move_group http://wng:38173/
[rosmaster.master][INFO] 2021-12-08 09:13:35,416: publisherUpdate[/move_group/feedback] -> http://wng:35619/ []: sec=0.00, result=[1, '', 0]
[rosmaster.master][INFO] 2021-12-08 09:13:35,416: publisherUpdate[/move_group/status] -> http://wng:35619/ []
[rosmaster.master][INFO] 2021-12-08 09:13:35,417: -PUB [/place/feedback] /move_group http://wng:38173/
[rosmaster.master][INFO] 2021-12-08 09:13:35,417: publisherUpdate[/move_group/status] -> http://wng:35619/ []: sec=0.00, result=[1, '', 0]
[rosmaster.master][INFO] 2021-12-08 09:13:35,417: publisherUpdate[/pickup/result] -> http://wng:35619/ []
[rosmaster.master][INFO] 2021-12-08 09:13:35,417: -PUB [/place/status] /move_group http://wng:38173/
[rosmaster.master][INFO] 2021-12-08 09:13:35,418: publisherUpdate[/pickup/result] -> http://wng:35619/ []: sec=0.00, result=[1, '', 0]
[rosmaster.master][INFO] 2021-12-08 09:13:35,418: -SUB [/tf] /move_group http://wng:38173/
[rosmaster.master][INFO] 2021-12-08 09:13:35,418: publisherUpdate[/pickup/feedback] -> http://wng:35619/ []
[rosmaster.master][INFO] 2021-12-08 09:13:35,418: -SUB [/tf_static] /move_group http://wng:38173/
[rosmaster.master][INFO] 2021-12-08 09:13:35,418: publisherUpdate[/pickup/feedback] -> http://wng:35619/ []: sec=0.00, result=[1, '', 0]
[rosmaster.master][INFO] 2021-12-08 09:13:35,419: publisherUpdate[/pickup/status] -> http://wng:35619/ []
[rosmaster.master][INFO] 2021-12-08 09:13:35,419: -SUB [/planning_scene] /move_group http://wng:38173/
[rosmaster.master][INFO] 2021-12-08 09:13:35,419: publisherUpdate[/pickup/status] -> http://wng:35619/ []: sec=0.00, result=[1, '', 0]
[rosmaster.master][INFO] 2021-12-08 09:13:35,419: -SUB [/collision_object] /move_group http://wng:38173/
[rosmaster.master][INFO] 2021-12-08 09:13:35,420: publisherUpdate[/place/result] -> http://wng:35619/ []
[rosmaster.master][INFO] 2021-12-08 09:13:35,420: -SUB [/planning_scene_world] /move_group http://wng:38173/
[rosmaster.master][INFO] 2021-12-08 09:13:35,420: publisherUpdate[/place/result] -> http://wng:35619/ []: sec=0.00, result=[1, '', 0]
[rosmaster.master][INFO] 2021-12-08 09:13:35,420: publisherUpdate[/place/feedback] -> http://wng:35619/ []
[rosmaster.master][INFO] 2021-12-08 09:13:35,421: -SUB [/camera/depth_registered/points] /move_group http://wng:38173/
[rosmaster.master][INFO] 2021-12-08 09:13:35,421: publisherUpdate[/place/feedback] -> http://wng:35619/ []: sec=0.00, result=[1, '', 0]
[rosmaster.master][INFO] 2021-12-08 09:13:35,421: -SUB [/joint_states_desired] /move_group http://wng:38173/
[rosmaster.master][INFO] 2021-12-08 09:13:35,421: publisherUpdate[/place/status] -> http://wng:35619/ []
[rosmaster.master][INFO] 2021-12-08 09:13:35,422: -SUB [/attached_collision_object] /move_group http://wng:38173/
[rosmaster.master][INFO] 2021-12-08 09:13:35,422: publisherUpdate[/place/status] -> http://wng:35619/ []: sec=0.00, result=[1, '', 0]
[rosmaster.master][INFO] 2021-12-08 09:13:35,422: -SUB [/trajectory_execution_event] /move_group http://wng:38173/
[rosmaster.master][INFO] 2021-12-08 09:13:35,423: -SUB [/execute_trajectory/goal] /move_group http://wng:38173/
[rosmaster.master][INFO] 2021-12-08 09:13:35,423: -SUB [/execute_trajectory/cancel] /move_group http://wng:38173/
[rosmaster.master][INFO] 2021-12-08 09:13:35,423: -SUB [/move_group/goal] /move_group http://wng:38173/
[rosmaster.master][INFO] 2021-12-08 09:13:35,423: -SUB [/move_group/cancel] /move_group http://wng:38173/
[rosmaster.master][INFO] 2021-12-08 09:13:35,424: -SUB [/pickup/goal] /move_group http://wng:38173/
[rosmaster.master][INFO] 2021-12-08 09:13:35,424: -SUB [/pickup/cancel] /move_group http://wng:38173/
[rosmaster.master][INFO] 2021-12-08 09:13:35,424: -SUB [/place/goal] /move_group http://wng:38173/
[rosmaster.master][INFO] 2021-12-08 09:13:35,424: -SUB [/place/cancel] /move_group http://wng:38173/
[rosmaster.master][INFO] 2021-12-08 09:13:35,425: -SERVICE [/move_group/get_loggers] /move_group rosrpc://wng:35299
[rosmaster.master][INFO] 2021-12-08 09:13:35,425: -SERVICE [/move_group/set_logger_level] /move_group rosrpc://wng:35299
[rosmaster.master][INFO] 2021-12-08 09:13:35,425: -SERVICE [/move_group/planning_scene_monitor/set_parameters] /move_group rosrpc://wng:35299
[rosmaster.master][INFO] 2021-12-08 09:13:35,425: -SERVICE [/move_group/save_map] /move_group rosrpc://wng:35299
[rosmaster.master][INFO] 2021-12-08 09:13:35,425: -SERVICE [/move_group/load_map] /move_group rosrpc://wng:35299
[rosmaster.master][INFO] 2021-12-08 09:13:35,426: -SERVICE [/move_group/ompl/set_parameters] /move_group rosrpc://wng:35299
[rosmaster.master][INFO] 2021-12-08 09:13:35,426: -SERVICE [/move_group/trajectory_execution/set_parameters] /move_group rosrpc://wng:35299
[rosmaster.master][INFO] 2021-12-08 09:13:35,426: -SERVICE [/move_group/plan_execution/set_parameters] /move_group rosrpc://wng:35299
[rosmaster.master][INFO] 2021-12-08 09:13:35,426: -SERVICE [/move_group/sense_for_plan/set_parameters] /move_group rosrpc://wng:35299
[rosmaster.master][INFO] 2021-12-08 09:13:35,427: -SERVICE [/apply_planning_scene] /move_group rosrpc://wng:35299
[rosmaster.master][INFO] 2021-12-08 09:13:35,427: -SERVICE [/clear_octomap] /move_group rosrpc://wng:35299
[rosmaster.master][INFO] 2021-12-08 09:13:35,427: -SERVICE [/compute_cartesian_path] /move_group rosrpc://wng:35299
[rosmaster.master][INFO] 2021-12-08 09:13:35,427: -SERVICE [/get_planning_scene] /move_group rosrpc://wng:35299
[rosmaster.master][INFO] 2021-12-08 09:13:35,428: -SERVICE [/compute_fk] /move_group rosrpc://wng:35299
[rosmaster.master][INFO] 2021-12-08 09:13:35,428: -SERVICE [/compute_ik] /move_group rosrpc://wng:35299
[rosmaster.master][INFO] 2021-12-08 09:13:35,428: -SERVICE [/plan_kinematic_path] /move_group rosrpc://wng:35299
[rosmaster.master][INFO] 2021-12-08 09:13:35,428: -SERVICE [/query_planner_interface] /move_group rosrpc://wng:35299
[rosmaster.master][INFO] 2021-12-08 09:13:35,429: -SERVICE [/get_planner_params] /move_group rosrpc://wng:35299
[rosmaster.master][INFO] 2021-12-08 09:13:35,429: -SERVICE [/set_planner_params] /move_group rosrpc://wng:35299
[rosmaster.master][INFO] 2021-12-08 09:13:35,429: -SERVICE [/check_state_validity] /move_group rosrpc://wng:35299
[rosmaster.master][INFO] 2021-12-08 09:13:35,430: -CACHEDPARAM [/rosout_disable_topics_generation] by /move_group
[rosmaster.master][INFO] 2021-12-08 09:13:35,522: -PUB [/rosout] /rviz_wng_22010_1794197980404243367 http://wng:35619/
[rosmaster.master][INFO] 2021-12-08 09:13:35,523: -PUB [/planning_scene] /rviz_wng_22010_1794197980404243367 http://wng:35619/
[rosmaster.master][INFO] 2021-12-08 09:13:35,523: publisherUpdate[/rosout] -> http://wng:36209/ []
[rosmaster.master][INFO] 2021-12-08 09:13:35,523: -PUB [/planning_scene_world] /rviz_wng_22010_1794197980404243367 http://wng:35619/
[rosmaster.master][INFO] 2021-12-08 09:13:35,524: publisherUpdate[/rosout] -> http://wng:36209/ []: sec=0.00, result=[1, '', 0]
[rosmaster.master][INFO] 2021-12-08 09:13:35,524: -PUB [/rviz_wng_22010_1794197980404243367/motionplanning_planning_scene_monitor/parameter_descriptions] /rviz_wng_22010_1794197980404243367 http://wng:35619/
[rosmaster.master][INFO] 2021-12-08 09:13:35,524: -PUB [/rviz_wng_22010_1794197980404243367/motionplanning_planning_scene_monitor/parameter_updates] /rviz_wng_22010_1794197980404243367 http://wng:35619/
[rosmaster.master][INFO] 2021-12-08 09:13:35,525: -PUB [/rviz_moveit_motion_planning_display/robot_interaction_interactive_marker_topic/update_full] /rviz_wng_22010_1794197980404243367 http://wng:35619/
[rosmaster.master][INFO] 2021-12-08 09:13:35,525: -PUB [/rviz_moveit_motion_planning_display/robot_interaction_interactive_marker_topic/update] /rviz_wng_22010_1794197980404243367 http://wng:35619/
[rosmaster.master][INFO] 2021-12-08 09:13:35,525: -PUB [/rviz_moveit_motion_planning_display/robot_interaction_interactive_marker_topic/feedback] /rviz_wng_22010_1794197980404243367 http://wng:35619/
[rosmaster.master][INFO] 2021-12-08 09:13:35,526: -PUB [/trajectory_execution_event] /rviz_wng_22010_1794197980404243367 http://wng:35619/
[rosmaster.master][INFO] 2021-12-08 09:13:35,526: -PUB [/attached_collision_object] /rviz_wng_22010_1794197980404243367 http://wng:35619/
[rosmaster.master][INFO] 2021-12-08 09:13:35,526: -PUB [/move_group/goal] /rviz_wng_22010_1794197980404243367 http://wng:35619/
[rosmaster.master][INFO] 2021-12-08 09:13:35,526: -PUB [/move_group/cancel] /rviz_wng_22010_1794197980404243367 http://wng:35619/
[rosmaster.master][INFO] 2021-12-08 09:13:35,527: -PUB [/pickup/goal] /rviz_wng_22010_1794197980404243367 http://wng:35619/
[rosmaster.master][INFO] 2021-12-08 09:13:35,527: -PUB [/pickup/cancel] /rviz_wng_22010_1794197980404243367 http://wng:35619/
[rosmaster.master][INFO] 2021-12-08 09:13:35,527: -PUB [/place/goal] /rviz_wng_22010_1794197980404243367 http://wng:35619/
[rosmaster.master][INFO] 2021-12-08 09:13:35,528: -PUB [/place/cancel] /rviz_wng_22010_1794197980404243367 http://wng:35619/
[rosmaster.master][INFO] 2021-12-08 09:13:35,528: -PUB [/execute_trajectory/goal] /rviz_wng_22010_1794197980404243367 http://wng:35619/
[rosmaster.master][INFO] 2021-12-08 09:13:35,528: -PUB [/execute_trajectory/cancel] /rviz_wng_22010_1794197980404243367 http://wng:35619/
[rosmaster.master][INFO] 2021-12-08 09:13:35,528: -SUB [/tf] /rviz_wng_22010_1794197980404243367 http://wng:35619/
[rosmaster.master][INFO] 2021-12-08 09:13:35,529: -SUB [/tf_static] /rviz_wng_22010_1794197980404243367 http://wng:35619/
[rosmaster.master][INFO] 2021-12-08 09:13:35,529: -SUB [/action] /rviz_wng_22010_1794197980404243367 http://wng:35619/
[rosmaster.master][INFO] 2021-12-08 09:13:35,529: -SUB [/action_array] /rviz_wng_22010_1794197980404243367 http://wng:35619/
[rosmaster.master][INFO] 2021-12-08 09:13:35,529: -SUB [/recognized_object_array] /rviz_wng_22010_1794197980404243367 http://wng:35619/
[rosmaster.master][INFO] 2021-12-08 09:13:35,530: -SUB [/move_group/monitored_planning_scene] /rviz_wng_22010_1794197980404243367 http://wng:35619/
[rosmaster.master][INFO] 2021-12-08 09:13:35,530: -SUB [/move_group/display_planned_path] /rviz_wng_22010_1794197980404243367 http://wng:35619/
[rosmaster.master][INFO] 2021-12-08 09:13:35,530: -SUB [/rviz_moveit_motion_planning_display/robot_interaction_interactive_marker_topic/feedback] /rviz_wng_22010_1794197980404243367 http://wng:35619/
[rosmaster.master][INFO] 2021-12-08 09:13:35,530: -SUB [/rviz_moveit_motion_planning_display/robot_interaction_interactive_marker_topic/update] /rviz_wng_22010_1794197980404243367 http://wng:35619/
[rosmaster.master][INFO] 2021-12-08 09:13:35,531: -SUB [/move_group/status] /rviz_wng_22010_1794197980404243367 http://wng:35619/
[rosmaster.master][INFO] 2021-12-08 09:13:35,531: -SUB [/move_group/feedback] /rviz_wng_22010_1794197980404243367 http://wng:35619/
[rosmaster.master][INFO] 2021-12-08 09:13:35,531: -SUB [/move_group/result] /rviz_wng_22010_1794197980404243367 http://wng:35619/
[rosmaster.master][INFO] 2021-12-08 09:13:35,531: -SUB [/pickup/status] /rviz_wng_22010_1794197980404243367 http://wng:35619/
[rosmaster.master][INFO] 2021-12-08 09:13:35,532: -SUB [/pickup/feedback] /rviz_wng_22010_1794197980404243367 http://wng:35619/
[rosmaster.master][INFO] 2021-12-08 09:13:35,532: -SUB [/pickup/result] /rviz_wng_22010_1794197980404243367 http://wng:35619/
[rosmaster.master][INFO] 2021-12-08 09:13:35,532: -SUB [/place/status] /rviz_wng_22010_1794197980404243367 http://wng:35619/
[rosmaster.master][INFO] 2021-12-08 09:13:35,532: -SUB [/place/feedback] /rviz_wng_22010_1794197980404243367 http://wng:35619/
[rosmaster.master][INFO] 2021-12-08 09:13:35,533: -SUB [/place/result] /rviz_wng_22010_1794197980404243367 http://wng:35619/
[rosmaster.master][INFO] 2021-12-08 09:13:35,533: -SUB [/execute_trajectory/status] /rviz_wng_22010_1794197980404243367 http://wng:35619/
[rosmaster.master][INFO] 2021-12-08 09:13:35,533: -SUB [/execute_trajectory/feedback] /rviz_wng_22010_1794197980404243367 http://wng:35619/
[rosmaster.master][INFO] 2021-12-08 09:13:35,533: -SUB [/execute_trajectory/result] /rviz_wng_22010_1794197980404243367 http://wng:35619/
[rosmaster.master][INFO] 2021-12-08 09:13:35,534: -SERVICE [/rviz_wng_22010_1794197980404243367/get_loggers] /rviz_wng_22010_1794197980404243367 rosrpc://wng:42073
[rosmaster.master][INFO] 2021-12-08 09:13:35,534: -SERVICE [/rviz_wng_22010_1794197980404243367/set_logger_level] /rviz_wng_22010_1794197980404243367 rosrpc://wng:42073
[rosmaster.master][INFO] 2021-12-08 09:13:35,534: -SERVICE [/rviz_wng_22010_1794197980404243367/reload_shaders] /rviz_wng_22010_1794197980404243367 rosrpc://wng:42073
[rosmaster.master][INFO] 2021-12-08 09:13:35,534: -SERVICE [/rviz_wng_22010_1794197980404243367/load_config] /rviz_wng_22010_1794197980404243367 rosrpc://wng:42073
[rosmaster.master][INFO] 2021-12-08 09:13:35,535: -SERVICE [/rviz_wng_22010_1794197980404243367/save_config] /rviz_wng_22010_1794197980404243367 rosrpc://wng:42073
[rosmaster.master][INFO] 2021-12-08 09:13:35,535: -SERVICE [/rviz_wng_22010_1794197980404243367/motionplanning_planning_scene_monitor/set_parameters] /rviz_wng_22010_1794197980404243367 rosrpc://wng:42073
[rosmaster.master][INFO] 2021-12-08 09:13:35,535: -CACHEDPARAM [/rosout_disable_topics_generation] by /rviz_wng_22010_1794197980404243367
[rosmaster.master][INFO] 2021-12-08 09:13:35,610: publisherUpdate[/rviz_moveit_motion_planning_display/robot_interaction_interactive_marker_topic/update] -> http://wng:35619/ []
[rosmaster.master][INFO] 2021-12-08 09:13:35,610: publisherUpdate[/rviz_moveit_motion_planning_display/robot_interaction_interactive_marker_topic/update] -> http://wng:35619/ []: sec=0.00, exception=<Fault -1: 'publisherUpdate: unknown method name'>
[rosmaster.threadpool][ERROR] 2021-12-08 09:13:35,610: Traceback (most recent call last):
  File "/opt/ros/melodic/lib/python2.7/dist-packages/rosmaster/threadpool.py", line 218, in run
    result = cmd(*args)
  File "/opt/ros/melodic/lib/python2.7/dist-packages/rosmaster/master_api.py", line 210, in publisher_update_task
    ret = xmlrpcapi(api).publisherUpdate('/master', topic, pub_uris)
  File "/usr/lib/python2.7/xmlrpclib.py", line 1243, in __call__
    return self.__send(self.__name, args)
  File "/usr/lib/python2.7/xmlrpclib.py", line 1602, in __request
    verbose=self.__verbose
  File "/usr/lib/python2.7/xmlrpclib.py", line 1283, in request
    return self.single_request(host, handler, request_body, verbose)
  File "/usr/lib/python2.7/xmlrpclib.py", line 1316, in single_request
    return self.parse_response(response)
  File "/usr/lib/python2.7/xmlrpclib.py", line 1493, in parse_response
    return u.close()
  File "/usr/lib/python2.7/xmlrpclib.py", line 800, in close
    raise Fault(**self._stack[0])
Fault: <Fault -1: 'publisherUpdate: unknown method name'>

[rosmaster.master][INFO] 2021-12-08 09:13:35,611: publisherUpdate[/rviz_moveit_motion_planning_display/robot_interaction_interactive_marker_topic/feedback] -> http://wng:35619/ []
[rosmaster.master][INFO] 2021-12-08 09:13:35,611: publisherUpdate[/rviz_moveit_motion_planning_display/robot_interaction_interactive_marker_topic/feedback] -> http://wng:35619/ []: sec=0.00, exception=<Fault -1: 'publisherUpdate: unknown method name'>
[rosmaster.threadpool][ERROR] 2021-12-08 09:13:35,611: Traceback (most recent call last):
  File "/opt/ros/melodic/lib/python2.7/dist-packages/rosmaster/threadpool.py", line 218, in run
    result = cmd(*args)
  File "/opt/ros/melodic/lib/python2.7/dist-packages/rosmaster/master_api.py", line 210, in publisher_update_task
    ret = xmlrpcapi(api).publisherUpdate('/master', topic, pub_uris)
  File "/usr/lib/python2.7/xmlrpclib.py", line 1243, in __call__
    return self.__send(self.__name, args)
  File "/usr/lib/python2.7/xmlrpclib.py", line 1602, in __request
    verbose=self.__verbose
  File "/usr/lib/python2.7/xmlrpclib.py", line 1283, in request
    return self.single_request(host, handler, request_body, verbose)
  File "/usr/lib/python2.7/xmlrpclib.py", line 1316, in single_request
    return self.parse_response(response)
  File "/usr/lib/python2.7/xmlrpclib.py", line 1493, in parse_response
    return u.close()
  File "/usr/lib/python2.7/xmlrpclib.py", line 800, in close
    raise Fault(**self._stack[0])
Fault: <Fault -1: 'publisherUpdate: unknown method name'>

[rosmaster.master][INFO] 2021-12-08 09:13:52,443: -PUB [/rosout_agg] /rosout http://wng:36209/
[rosmaster.master][INFO] 2021-12-08 09:13:52,443: -SUB [/rosout] /rosout http://wng:36209/
[rosmaster.master][INFO] 2021-12-08 09:13:52,444: -SERVICE [/rosout/get_loggers] /rosout rosrpc://wng:40743
[rosmaster.master][INFO] 2021-12-08 09:13:52,444: -SERVICE [/rosout/set_logger_level] /rosout rosrpc://wng:40743
[rosmaster.master][INFO] 2021-12-08 09:13:52,445: -CACHEDPARAM [/rosout/omit_topics] by /rosout
[rosmaster.main][INFO] 2021-12-08 09:13:52,528: keyboard interrupt, will exit
[rosmaster.main][INFO] 2021-12-08 09:13:52,529: stopping master...
[rospy.core][INFO] 2021-12-08 09:13:52,529: signal_shutdown [atexit]
