[rospy.client][INFO] 2021-12-08 09:13:10,979: init_node, name[/PandaMove], pid[22091]
[xmlrpc][INFO] 2021-12-08 09:13:10,980: XML-RPC server binding to 0.0.0.0:0
[xmlrpc][INFO] 2021-12-08 09:13:10,980: Started XML-RPC server [http://wng:44989/]
[rospy.init][INFO] 2021-12-08 09:13:10,980: ROS Slave URI: [http://wng:44989/]
[rospy.impl.masterslave][INFO] 2021-12-08 09:13:10,980: _ready: http://wng:44989/
[rospy.registration][INFO] 2021-12-08 09:13:10,981: Registering with master node http://localhost:11311
[xmlrpc][INFO] 2021-12-08 09:13:10,981: xml rpc node: starting XML-RPC server
[rospy.init][INFO] 2021-12-08 09:13:11,080: registered with master
[rospy.rosout][INFO] 2021-12-08 09:13:11,081: initializing /rosout core topic
[rospy.rosout][INFO] 2021-12-08 09:13:11,082: connected to core topic /rosout
[rospy.simtime][INFO] 2021-12-08 09:13:11,083: /use_sim_time is not set, will not subscribe to simulated time [/clock] topic
[rosout][INFO] 2021-12-08 09:13:11,133: pan, pan, None
[rosout][INFO] 2021-12-08 09:13:11,134: pot, pot, None
[rosout][INFO] 2021-12-08 09:13:11,135: plate, plate, None
[rosout][INFO] 2021-12-08 09:13:11,135: bowl, bowl, None
[rosout][INFO] 2021-12-08 09:13:11,136: spatula, spatula, None
[rosout][INFO] 2021-12-08 09:13:11,136: spreader, spreader, None
[rosout][INFO] 2021-12-08 09:13:11,137: scooper, scooper, None
[rosout][INFO] 2021-12-08 09:13:11,138: knife, knife, None
[rosout][INFO] 2021-12-08 09:13:11,138: table, table, None
[rosout][INFO] 2021-12-08 09:13:11,139: stove, stove, None
[rosout][INFO] 2021-12-08 09:13:11,140: cutting_board, cutting_board, None
[rosout][INFO] 2021-12-08 09:13:11,140: near_cutting_board, near_cutting_board, None
[rosout][INFO] 2021-12-08 09:13:11,141: bacon, bacon, ['exist']
[rosout][INFO] 2021-12-08 09:13:11,141: tomato, tomato, ['exist']
[rosout][INFO] 2021-12-08 09:13:11,141: ham, ham, ['exist']
[rosout][INFO] 2021-12-08 09:13:11,142: bread1, bread, ['exist']
[rosout][INFO] 2021-12-08 09:13:11,142: bread2, bread, ['exist']
[rosout][INFO] 2021-12-08 09:13:11,143: bread3, bread, ['exist']
[rosout][INFO] 2021-12-08 09:13:11,143: turkey, turkey, ['exist']
[rosout][INFO] 2021-12-08 09:13:11,144: cheese, cheese, ['exist']
[rosout][INFO] 2021-12-08 09:13:11,144: lettuce, lettuce, ['exist']
[rosout][INFO] 2021-12-08 09:13:11,145: sandwich, sandwich, []
[rosout][INFO] 2021-12-08 09:13:11,146: mayonnaise, mayonnaise, ['exist']
[rosout][INFO] 2021-12-08 09:13:11,146: mayonnaise_bottle, mayonnaise_bottle, None
[rospy.internal][INFO] 2021-12-08 09:13:11,366: topic[/rosout] adding connection to [/rosout], count 0
[rospy.core][INFO] 2021-12-08 09:13:35,305: signal_shutdown [signal-2]
[rospy.internal][INFO] 2021-12-08 09:13:35,310: topic[/rosout] removing connection to /rosout
[rospy.impl.masterslave][INFO] 2021-12-08 09:13:35,310: signal-2
[rospy.core][INFO] 2021-12-08 09:13:50,324: signal_shutdown [signal-15]
