[rospy.client][INFO] 2021-09-07 13:45:10,593: init_node, name[/joint_state_publisher], pid[23968]
[xmlrpc][INFO] 2021-09-07 13:45:10,593: XML-RPC server binding to 0.0.0.0:0
[xmlrpc][INFO] 2021-09-07 13:45:10,594: Started XML-RPC server [http://wng:38581/]
[rospy.impl.masterslave][INFO] 2021-09-07 13:45:10,594: _ready: http://wng:38581/
[rospy.registration][INFO] 2021-09-07 13:45:10,594: Registering with master node http://localhost:11311
[rospy.init][INFO] 2021-09-07 13:45:10,597: ROS Slave URI: [http://wng:38581/]
[rospy.init][INFO] 2021-09-07 13:45:10,597: registered with master
[rospy.rosout][INFO] 2021-09-07 13:45:10,597: initializing /rosout core topic
[rospy.rosout][INFO] 2021-09-07 13:45:10,600: connected to core topic /rosout
[rospy.simtime][INFO] 2021-09-07 13:45:10,601: /use_sim_time is not set, will not subscribe to simulated time [/clock] topic
[xmlrpc][INFO] 2021-09-07 13:45:10,605: xml rpc node: starting XML-RPC server
[rospy.internal][INFO] 2021-09-07 13:45:10,680: topic[/move_group/fake_controller_joint_states] adding connection to [http://wng:41063/], count 0
[rospy.internal][INFO] 2021-09-07 13:45:10,871: topic[/joint_states] adding connection to [/joint_state_desired_publisher], count 0
[rospy.internal][INFO] 2021-09-07 13:45:10,901: topic[/joint_states] adding connection to [/robot_state_publisher], count 1
[rospy.internal][INFO] 2021-09-07 13:45:10,902: topic[/rosout] adding connection to [/rosout], count 0
[rospy.internal][INFO] 2021-09-07 13:45:40,966: topic[/joint_states] adding connection to [/move_group_commander_wrappers_1630989917398522261], count 2
[rospy.internal][INFO] 2021-09-07 14:04:04,452: topic[/joint_states] removing connection to /move_group_commander_wrappers_1630989917398522261
[rospy.core][INFO] 2021-09-07 14:04:10,169: signal_shutdown [signal-2]
[rospy.internal][INFO] 2021-09-07 14:04:10,172: topic[/joint_states] removing connection to /joint_state_desired_publisher
[rospy.internal][INFO] 2021-09-07 14:04:10,172: topic[/joint_states] removing connection to /robot_state_publisher
[rospy.internal][INFO] 2021-09-07 14:04:10,172: topic[/rosout] removing connection to /rosout
[rospy.internal][INFO] 2021-09-07 14:04:10,172: topic[/move_group/fake_controller_joint_states] removing connection to http://wng:41063/
[rospy.internal][WARNING] 2021-09-07 14:04:10,173: Unknown error initiating TCP/IP socket to wng:45943 (http://wng:41063/): Traceback (most recent call last):
  File "/opt/ros/melodic/lib/python2.7/dist-packages/rospy/impl/tcpros_base.py", line 562, in connect
    self.read_header()
  File "/opt/ros/melodic/lib/python2.7/dist-packages/rospy/impl/tcpros_base.py", line 657, in read_header
    self._validate_header(read_ros_handshake_header(sock, self.read_buff, self.protocol.buff_size))
AttributeError: 'NoneType' object has no attribute 'buff_size'

[rospy.impl.masterslave][INFO] 2021-09-07 14:04:10,173: signal-2
[rospy.core][INFO] 2021-09-07 14:04:10,790: signal_shutdown [atexit]
