[rospy.client][INFO] 2021-09-07 13:45:10,899: init_node, name[/server_endpoint], pid[23966]
[xmlrpc][INFO] 2021-09-07 13:45:10,900: XML-RPC server binding to 0.0.0.0:0
[xmlrpc][INFO] 2021-09-07 13:45:10,900: Started XML-RPC server [http://wng:46591/]
[rospy.init][INFO] 2021-09-07 13:45:10,900: ROS Slave URI: [http://wng:46591/]
[rospy.impl.masterslave][INFO] 2021-09-07 13:45:10,900: _ready: http://wng:46591/
[rospy.registration][INFO] 2021-09-07 13:45:10,901: Registering with master node http://localhost:11311
[xmlrpc][INFO] 2021-09-07 13:45:10,903: xml rpc node: starting XML-RPC server
[rospy.init][INFO] 2021-09-07 13:45:11,001: registered with master
[rospy.rosout][INFO] 2021-09-07 13:45:11,001: initializing /rosout core topic
[rospy.rosout][INFO] 2021-09-07 13:45:11,002: connected to core topic /rosout
[rospy.simtime][INFO] 2021-09-07 13:45:11,003: /use_sim_time is not set, will not subscribe to simulated time [/clock] topic
[rosout][INFO] 2021-09-07 13:45:11,009: Starting server on 192.168.1.146:10000
[rospy.internal][INFO] 2021-09-07 13:45:11,282: topic[/rosout] adding connection to [/rosout], count 0
[rosout][INFO] 2021-09-07 13:45:28,054: Connection from 192.168.1.146
[rosout][INFO] 2021-09-07 13:45:28,058: RegisterPublisher(execution_check, <class 'panda_move.msg._ExecutionCheck.ExecutionCheck'>) OK
[rospy.internal][INFO] 2021-09-07 13:45:28,157: topic[/execution_check] adding connection to [http://wng:46591/], count 0
[rospy.internal][INFO] 2021-09-07 13:45:28,159: topic[/execution_check] adding connection to [/server_endpoint], count 0
[rospy.core][INFO] 2021-09-07 14:04:10,179: signal_shutdown [signal-2]
[rospy.internal][INFO] 2021-09-07 14:04:10,186: topic[/execution_check] removing connection to /server_endpoint
[rospy.internal][INFO] 2021-09-07 14:04:10,186: topic[/rosout] removing connection to /rosout
[rospy.internal][INFO] 2021-09-07 14:04:10,186: topic[/execution_check] removing connection to http://wng:46591/
[rospy.impl.masterslave][INFO] 2021-09-07 14:04:10,186: signal-2
[rospy.internal][ERROR] 2021-09-07 14:04:10,187: Unable to initiate TCP/IP socket to wng:42841 (http://wng:46591/): Traceback (most recent call last):
  File "/opt/ros/melodic/lib/python2.7/dist-packages/rospy/impl/tcpros_base.py", line 562, in connect
    self.read_header()
  File "/opt/ros/melodic/lib/python2.7/dist-packages/rospy/impl/tcpros_base.py", line 657, in read_header
    self._validate_header(read_ros_handshake_header(sock, self.read_buff, self.protocol.buff_size))
  File "/opt/ros/melodic/lib/python2.7/dist-packages/rospy/impl/tcpros_base.py", line 600, in _validate_header
    raise TransportInitError("remote error reported: %s"%header['error'])
TransportInitError: remote error reported: node shutting down

[rospy.core][INFO] 2021-09-07 14:04:10,302: signal_shutdown [atexit]
