[rospy.client][INFO] 2021-09-18 22:23:00,385: init_node, name[/joint_state_publisher], pid[9617]
[xmlrpc][INFO] 2021-09-18 22:23:00,386: XML-RPC server binding to 0.0.0.0:0
[xmlrpc][INFO] 2021-09-18 22:23:00,386: Started XML-RPC server [http://wng:43757/]
[rospy.init][INFO] 2021-09-18 22:23:00,386: ROS Slave URI: [http://wng:43757/]
[rospy.impl.masterslave][INFO] 2021-09-18 22:23:00,386: _ready: http://wng:43757/
[xmlrpc][INFO] 2021-09-18 22:23:00,387: xml rpc node: starting XML-RPC server
[rospy.registration][INFO] 2021-09-18 22:23:00,386: Registering with master node http://localhost:11311
[rospy.init][INFO] 2021-09-18 22:23:00,486: registered with master
[rospy.rosout][INFO] 2021-09-18 22:23:00,486: initializing /rosout core topic
[rospy.rosout][INFO] 2021-09-18 22:23:00,489: connected to core topic /rosout
[rospy.simtime][INFO] 2021-09-18 22:23:00,489: /use_sim_time is not set, will not subscribe to simulated time [/clock] topic
[rospy.internal][INFO] 2021-09-18 22:23:00,551: topic[/move_group/fake_controller_joint_states] adding connection to [http://wng:35017/], count 0
[rospy.internal][INFO] 2021-09-18 22:23:00,696: topic[/rosout] adding connection to [/rosout], count 0
[rospy.internal][INFO] 2021-09-18 22:23:00,796: topic[/joint_states] adding connection to [/joint_state_desired_publisher], count 0
[rospy.internal][INFO] 2021-09-18 22:23:00,896: topic[/joint_states] adding connection to [/robot_state_publisher], count 1
[rospy.internal][INFO] 2021-09-18 22:23:29,982: topic[/joint_states] adding connection to [/move_group_commander_wrappers_1631971387002066914], count 2
[rospy.internal][INFO] 2021-09-18 22:46:53,609: topic[/joint_states] removing connection to /move_group_commander_wrappers_1631971387002066914
[rospy.core][INFO] 2021-09-18 22:47:17,859: signal_shutdown [signal-2]
[rospy.internal][INFO] 2021-09-18 22:47:17,863: topic[/joint_states] removing connection to /joint_state_desired_publisher
[rospy.internal][INFO] 2021-09-18 22:47:17,863: topic[/joint_states] removing connection to /robot_state_publisher
[rospy.internal][INFO] 2021-09-18 22:47:17,863: topic[/rosout] removing connection to /rosout
[rospy.internal][INFO] 2021-09-18 22:47:17,864: topic[/move_group/fake_controller_joint_states] removing connection to http://wng:35017/
[rospy.impl.masterslave][INFO] 2021-09-18 22:47:17,864: signal-2
[rospy.core][INFO] 2021-09-18 22:47:18,028: signal_shutdown [atexit]
