[rosmaster.main][INFO] 2022-01-11 16:39:52,211: initialization complete, waiting for shutdown
[rosmaster.main][INFO] 2022-01-11 16:39:52,211: Starting ROS Master Node
[xmlrpc][INFO] 2022-01-11 16:39:52,212: XML-RPC server binding to 0.0.0.0:11311
[xmlrpc][INFO] 2022-01-11 16:39:52,212: Started XML-RPC server [http://wng:11311/]
[rosmaster.master][INFO] 2022-01-11 16:39:52,212: Master initialized: port[11311], uri[http://wng:11311/]
[xmlrpc][INFO] 2022-01-11 16:39:52,212: xml rpc node: starting XML-RPC server
[rosmaster.master][INFO] 2022-01-11 16:39:52,238: +PARAM [/run_id] by /roslaunch
[rosmaster.master][INFO] 2022-01-11 16:39:52,238: +PARAM [/roslaunch/uris/host_wng__46867] by /roslaunch
[rosmaster.master][INFO] 2022-01-11 16:39:52,280: +PARAM [/move_group/planner_configs/RRTkConfigDefault/goal_bias] by /roslaunch
[rosmaster.master][INFO] 2022-01-11 16:39:52,281: +PARAM [/robot_description_semantic] by /roslaunch
[rosmaster.master][INFO] 2022-01-11 16:39:52,281: +PARAM [/move_group/manipulator/longest_valid_segment_fraction] by /roslaunch
[rosmaster.master][INFO] 2022-01-11 16:39:52,281: +PARAM [/robot_description_planning/joint_limits/shoulder_pan_joint/has_velocity_limits] by /roslaunch
[rosmaster.master][INFO] 2022-01-11 16:39:52,281: +PARAM [/move_group/planner_configs/RRTstarkConfigDefault/range] by /roslaunch
[rosmaster.master][INFO] 2022-01-11 16:39:52,281: +PARAM [/move_group/controller_list] by /roslaunch
[rosmaster.master][INFO] 2022-01-11 16:39:52,281: +PARAM [/rviz_wng_828_607911685156765912/manipulator/kinematics_solver] by /roslaunch
[rosmaster.master][INFO] 2022-01-11 16:39:52,281: +PARAM [/rviz_wng_828_607911685156765912/manipulator/kinematics_solver_search_resolution] by /roslaunch
[rosmaster.master][INFO] 2022-01-11 16:39:52,281: +PARAM [/move_group/max_safe_path_cost] by /roslaunch
[rosmaster.master][INFO] 2022-01-11 16:39:52,281: +PARAM [/robot_description_planning/joint_limits/shoulder_pan_joint/max_velocity] by /roslaunch
[rosmaster.master][INFO] 2022-01-11 16:39:52,281: +PARAM [/move_group/planner_configs/RRTstarkConfigDefault/goal_bias] by /roslaunch
[rosmaster.master][INFO] 2022-01-11 16:39:52,281: +PARAM [/move_group/planning_scene_monitor/publish_planning_scene] by /roslaunch
[rosmaster.master][INFO] 2022-01-11 16:39:52,281: +PARAM [/move_group/planner_configs/PRMkConfigDefault/type] by /roslaunch
[rosmaster.master][INFO] 2022-01-11 16:39:52,281: +PARAM [/move_group/planner_configs/KPIECEkConfigDefault/min_valid_path_fraction] by /roslaunch
[rosmaster.master][INFO] 2022-01-11 16:39:52,281: +PARAM [/move_group/planner_configs/BKPIECEkConfigDefault/border_fraction] by /roslaunch
[rosmaster.master][INFO] 2022-01-11 16:39:52,281: +PARAM [/move_group/planner_configs/PRMkConfigDefault/max_nearest_neighbors] by /roslaunch
[rosmaster.master][INFO] 2022-01-11 16:39:52,281: +PARAM [/move_group/planner_configs/TRRTkConfigDefault/goal_bias] by /roslaunch
[rosmaster.master][INFO] 2022-01-11 16:39:52,282: +PARAM [/robot_description_planning/joint_limits/shoulder_lift_joint/has_acceleration_limits] by /roslaunch
[rosmaster.master][INFO] 2022-01-11 16:39:52,282: +PARAM [/robot_description_planning/joint_limits/shoulder_lift_joint/max_velocity] by /roslaunch
[rosmaster.master][INFO] 2022-01-11 16:39:52,282: +PARAM [/robot_description_planning/joint_limits/wrist_1_joint/max_acceleration] by /roslaunch
[rosmaster.master][INFO] 2022-01-11 16:39:52,282: +PARAM [/move_group/planner_configs/RRTkConfigDefault/range] by /roslaunch
[rosmaster.master][INFO] 2022-01-11 16:39:52,282: +PARAM [/move_group/planner_configs/BKPIECEkConfigDefault/min_valid_path_fraction] by /roslaunch
[rosmaster.master][INFO] 2022-01-11 16:39:52,282: +PARAM [/move_group/planner_configs/SBLkConfigDefault/range] by /roslaunch
[rosmaster.master][INFO] 2022-01-11 16:39:52,282: +PARAM [/move_group/manipulator/default_planner_config] by /roslaunch
[rosmaster.master][INFO] 2022-01-11 16:39:52,282: +PARAM [/robot_description_planning/joint_limits/shoulder_pan_joint/max_acceleration] by /roslaunch
[rosmaster.master][INFO] 2022-01-11 16:39:52,282: +PARAM [/move_group/planner_configs/TRRTkConfigDefault/frountierNodeRatio] by /roslaunch
[rosmaster.master][INFO] 2022-01-11 16:39:52,282: +PARAM [/move_group/endeffector/planner_configs] by /roslaunch
[rosmaster.master][INFO] 2022-01-11 16:39:52,282: +PARAM [/move_group/moveit_controller_manager] by /roslaunch
[rosmaster.master][INFO] 2022-01-11 16:39:52,282: +PARAM [/move_group/planning_plugin] by /roslaunch
[rosmaster.master][INFO] 2022-01-11 16:39:52,282: +PARAM [/robot_description_planning/joint_limits/wrist_1_joint/max_velocity] by /roslaunch
[rosmaster.master][INFO] 2022-01-11 16:39:52,282: +PARAM [/robot_description_planning/joint_limits/wrist_2_joint/max_acceleration] by /roslaunch
[rosmaster.master][INFO] 2022-01-11 16:39:52,282: +PARAM [/move_group/planner_configs/RRTConnectkConfigDefault/range] by /roslaunch
[rosmaster.master][INFO] 2022-01-11 16:39:52,282: +PARAM [/move_group/planner_configs/TRRTkConfigDefault/max_states_failed] by /roslaunch
[rosmaster.master][INFO] 2022-01-11 16:39:52,283: +PARAM [/rviz_wng_828_607911685156765912/manipulator/kinematics_solver_attempts] by /roslaunch
[rosmaster.master][INFO] 2022-01-11 16:39:52,283: +PARAM [/robot_description_planning/joint_limits/wrist_3_joint/max_velocity] by /roslaunch
[rosmaster.master][INFO] 2022-01-11 16:39:52,283: +PARAM [/move_group/planner_configs/ESTkConfigDefault/range] by /roslaunch
[rosmaster.master][INFO] 2022-01-11 16:39:52,283: +PARAM [/rosdistro] by /roslaunch
[rosmaster.master][INFO] 2022-01-11 16:39:52,283: +PARAM [/robot_description_planning/joint_limits/wrist_1_joint/has_acceleration_limits] by /roslaunch
[rosmaster.master][INFO] 2022-01-11 16:39:52,283: +PARAM [/move_group/planner_configs/PRMstarkConfigDefault/type] by /roslaunch
[rosmaster.master][INFO] 2022-01-11 16:39:52,283: +PARAM [/move_group/trajectory_execution/allowed_execution_duration_scaling] by /roslaunch
[rosmaster.master][INFO] 2022-01-11 16:39:52,283: +PARAM [/robot_description_planning/joint_limits/wrist_3_joint/max_acceleration] by /roslaunch
[rosmaster.master][INFO] 2022-01-11 16:39:52,283: +PARAM [/move_group/allow_trajectory_execution] by /roslaunch
[rosmaster.master][INFO] 2022-01-11 16:39:52,283: +PARAM [/ROS_IP] by /roslaunch
[rosmaster.master][INFO] 2022-01-11 16:39:52,283: +PARAM [/move_group/planner_configs/ESTkConfigDefault/type] by /roslaunch
[rosmaster.master][INFO] 2022-01-11 16:39:52,283: +PARAM [/robot_description_planning/joint_limits/wrist_3_joint/has_velocity_limits] by /roslaunch
[rosmaster.master][INFO] 2022-01-11 16:39:52,283: +PARAM [/move_group/start_state_max_bounds_error] by /roslaunch
[rosmaster.master][INFO] 2022-01-11 16:39:52,283: +PARAM [/robot_description_kinematics/manipulator/kinematics_solver_attempts] by /roslaunch
[rosmaster.master][INFO] 2022-01-11 16:39:52,283: +PARAM [/move_group/max_range] by /roslaunch
[rosmaster.master][INFO] 2022-01-11 16:39:52,284: +PARAM [/move_group/planner_configs/TRRTkConfigDefault/init_temperature] by /roslaunch
[rosmaster.master][INFO] 2022-01-11 16:39:52,284: +PARAM [/joint_state_publisher/use_gui] by /roslaunch
[rosmaster.master][INFO] 2022-01-11 16:39:52,284: +PARAM [/robot_description_planning/joint_limits/shoulder_pan_joint/has_acceleration_limits] by /roslaunch
[rosmaster.master][INFO] 2022-01-11 16:39:52,284: +PARAM [/move_group/planner_configs/BKPIECEkConfigDefault/type] by /roslaunch
[rosmaster.master][INFO] 2022-01-11 16:39:52,284: +PARAM [/robot_description_planning/joint_limits/shoulder_lift_joint/max_acceleration] by /roslaunch
[rosmaster.master][INFO] 2022-01-11 16:39:52,284: +PARAM [/move_group/planner_configs/KPIECEkConfigDefault/border_fraction] by /roslaunch
[rosmaster.master][INFO] 2022-01-11 16:39:52,284: +PARAM [/move_group/moveit_manage_controllers] by /roslaunch
[rosmaster.master][INFO] 2022-01-11 16:39:52,284: +PARAM [/robot_description_planning/joint_limits/elbow_joint/max_velocity] by /roslaunch
[rosmaster.master][INFO] 2022-01-11 16:39:52,284: +PARAM [/robot_description_kinematics/manipulator/kinematics_solver_search_resolution] by /roslaunch
[rosmaster.master][INFO] 2022-01-11 16:39:52,284: +PARAM [/robot_description_planning/joint_limits/wrist_2_joint/max_velocity] by /roslaunch
[rosmaster.master][INFO] 2022-01-11 16:39:52,284: +PARAM [/move_group/planner_configs/ESTkConfigDefault/goal_bias] by /roslaunch
[rosmaster.master][INFO] 2022-01-11 16:39:52,284: +PARAM [/move_group/planner_configs/LBKPIECEkConfigDefault/border_fraction] by /roslaunch
[rosmaster.master][INFO] 2022-01-11 16:39:52,284: +PARAM [/move_group/jiggle_fraction] by /roslaunch
[rosmaster.master][INFO] 2022-01-11 16:39:52,284: +PARAM [/robot_description_planning/joint_limits/shoulder_lift_joint/has_velocity_limits] by /roslaunch
[rosmaster.master][INFO] 2022-01-11 16:39:52,284: +PARAM [/move_group/planner_configs/TRRTkConfigDefault/range] by /roslaunch
[rosmaster.master][INFO] 2022-01-11 16:39:52,284: +PARAM [/move_group/planning_scene_monitor/publish_state_updates] by /roslaunch
[rosmaster.master][INFO] 2022-01-11 16:39:52,284: +PARAM [/robot_description_planning/joint_limits/elbow_joint/max_acceleration] by /roslaunch
[rosmaster.master][INFO] 2022-01-11 16:39:52,285: +PARAM [/move_group/planner_configs/TRRTkConfigDefault/temp_change_factor] by /roslaunch
[rosmaster.master][INFO] 2022-01-11 16:39:52,285: +PARAM [/robot_description_planning/joint_limits/wrist_3_joint/has_acceleration_limits] by /roslaunch
[rosmaster.master][INFO] 2022-01-11 16:39:52,285: +PARAM [/move_group/planner_configs/SBLkConfigDefault/type] by /roslaunch
[rosmaster.master][INFO] 2022-01-11 16:39:52,285: +PARAM [/move_group/planner_configs/KPIECEkConfigDefault/failed_expansion_score_factor] by /roslaunch
[rosmaster.master][INFO] 2022-01-11 16:39:52,285: +PARAM [/move_group/capabilities] by /roslaunch
[rosmaster.master][INFO] 2022-01-11 16:39:52,285: +PARAM [/move_group/planner_configs/LBKPIECEkConfigDefault/range] by /roslaunch
[rosmaster.master][INFO] 2022-01-11 16:39:52,285: +PARAM [/robot_description_kinematics/manipulator/kinematics_solver_timeout] by /roslaunch
[rosmaster.master][INFO] 2022-01-11 16:39:52,285: +PARAM [/move_group/planner_configs/TRRTkConfigDefault/frountier_threshold] by /roslaunch
[rosmaster.master][INFO] 2022-01-11 16:39:52,285: +PARAM [/move_group/planner_configs/KPIECEkConfigDefault/range] by /roslaunch
[rosmaster.master][INFO] 2022-01-11 16:39:52,285: +PARAM [/robot_description_planning/joint_limits/wrist_1_joint/has_velocity_limits] by /roslaunch
[rosmaster.master][INFO] 2022-01-11 16:39:52,285: +PARAM [/move_group/planner_configs/BKPIECEkConfigDefault/range] by /roslaunch
[rosmaster.master][INFO] 2022-01-11 16:39:52,285: +PARAM [/rviz_wng_828_607911685156765912/manipulator/kinematics_solver_timeout] by /roslaunch
[rosmaster.master][INFO] 2022-01-11 16:39:52,285: +PARAM [/move_group/planner_configs/TRRTkConfigDefault/type] by /roslaunch
[rosmaster.master][INFO] 2022-01-11 16:39:52,285: +PARAM [/move_group/planner_configs/KPIECEkConfigDefault/goal_bias] by /roslaunch
[rosmaster.master][INFO] 2022-01-11 16:39:52,285: +PARAM [/move_group/trajectory_execution/allowed_goal_duration_margin] by /roslaunch
[rosmaster.master][INFO] 2022-01-11 16:39:52,285: +PARAM [/move_group/request_adapters] by /roslaunch
[rosmaster.master][INFO] 2022-01-11 16:39:52,285: +PARAM [/move_group/planner_configs/TRRTkConfigDefault/min_temperature] by /roslaunch
[rosmaster.master][INFO] 2022-01-11 16:39:52,286: +PARAM [/move_group/octomap_resolution] by /roslaunch
[rosmaster.master][INFO] 2022-01-11 16:39:52,286: +PARAM [/robot_description_planning/joint_limits/wrist_2_joint/has_velocity_limits] by /roslaunch
[rosmaster.master][INFO] 2022-01-11 16:39:52,286: +PARAM [/move_group/planning_scene_monitor/publish_geometry_updates] by /roslaunch
[rosmaster.master][INFO] 2022-01-11 16:39:52,286: +PARAM [/move_group/planning_scene_monitor/publish_transforms_updates] by /roslaunch
[rosmaster.master][INFO] 2022-01-11 16:39:52,286: +PARAM [/robot_description_planning/joint_limits/elbow_joint/has_acceleration_limits] by /roslaunch
[rosmaster.master][INFO] 2022-01-11 16:39:52,286: +PARAM [/move_group/planner_configs/RRTstarkConfigDefault/type] by /roslaunch
[rosmaster.master][INFO] 2022-01-11 16:39:52,286: +PARAM [/move_group/planner_configs/RRTstarkConfigDefault/delay_collision_checking] by /roslaunch
[rosmaster.master][INFO] 2022-01-11 16:39:52,286: +PARAM [/move_group/planner_configs/KPIECEkConfigDefault/type] by /roslaunch
[rosmaster.master][INFO] 2022-01-11 16:39:52,286: +PARAM [/move_group/planner_configs/RRTConnectkConfigDefault/type] by /roslaunch
[rosmaster.master][INFO] 2022-01-11 16:39:52,286: +PARAM [/move_group/manipulator/planner_configs] by /roslaunch
[rosmaster.master][INFO] 2022-01-11 16:39:52,286: +PARAM [/robot_description_kinematics/manipulator/kinematics_solver] by /roslaunch
[rosmaster.master][INFO] 2022-01-11 16:39:52,287: +PARAM [/move_group/planner_configs/BKPIECEkConfigDefault/failed_expansion_score_factor] by /roslaunch
[rosmaster.master][INFO] 2022-01-11 16:39:52,287: +PARAM [/move_group/planner_configs/LBKPIECEkConfigDefault/min_valid_path_fraction] by /roslaunch
[rosmaster.master][INFO] 2022-01-11 16:39:52,287: +PARAM [/rosversion] by /roslaunch
[rosmaster.master][INFO] 2022-01-11 16:39:52,287: +PARAM [/move_group/planner_configs/TRRTkConfigDefault/k_constant] by /roslaunch
[rosmaster.master][INFO] 2022-01-11 16:39:52,287: +PARAM [/robot_description_planning/joint_limits/wrist_2_joint/has_acceleration_limits] by /roslaunch
[rosmaster.master][INFO] 2022-01-11 16:39:52,287: +PARAM [/move_group/planner_configs/LBKPIECEkConfigDefault/type] by /roslaunch
[rosmaster.master][INFO] 2022-01-11 16:39:52,287: +PARAM [/robot_description_planning/joint_limits/elbow_joint/has_velocity_limits] by /roslaunch
[rosmaster.master][INFO] 2022-01-11 16:39:52,287: +PARAM [/move_group/planner_configs/RRTkConfigDefault/type] by /roslaunch
[rosmaster.master][INFO] 2022-01-11 16:39:52,287: +PARAM [/source_list] by /roslaunch
[rosmaster.master][INFO] 2022-01-11 16:39:52,288: +SERVICE [/rosout/get_loggers] /rosout http://wng:42765/
[rosmaster.master][INFO] 2022-01-11 16:39:52,288: +SERVICE [/rosout/set_logger_level] /rosout http://wng:42765/
[rosmaster.master][INFO] 2022-01-11 16:39:52,289: +PUB [/rosout_agg] /rosout http://wng:42765/
[rosmaster.master][INFO] 2022-01-11 16:39:52,291: +SUB [/rosout] /rosout http://wng:42765/
[rosmaster.master][INFO] 2022-01-11 16:39:52,488: -PUB [/rosout_agg] /rosout http://wng:42765/
[rosmaster.master][INFO] 2022-01-11 16:39:52,488: -SUB [/rosout] /rosout http://wng:42765/
[rosmaster.master][INFO] 2022-01-11 16:39:52,489: -SERVICE [/rosout/get_loggers] /rosout rosrpc://wng:56185
[rosmaster.master][INFO] 2022-01-11 16:39:52,489: -SERVICE [/rosout/set_logger_level] /rosout rosrpc://wng:56185
[rosmaster.main][INFO] 2022-01-11 16:39:52,520: keyboard interrupt, will exit
[rosmaster.main][INFO] 2022-01-11 16:39:52,520: stopping master...
[rospy.core][INFO] 2022-01-11 16:39:52,521: signal_shutdown [atexit]
