[rospy.client][INFO] 2021-09-26 15:11:38,597: init_node, name[/joint_state_publisher], pid[23980]
[xmlrpc][INFO] 2021-09-26 15:11:38,597: XML-RPC server binding to 0.0.0.0:0
[xmlrpc][INFO] 2021-09-26 15:11:38,597: Started XML-RPC server [http://wng:34963/]
[rospy.impl.masterslave][INFO] 2021-09-26 15:11:38,597: _ready: http://wng:34963/
[rospy.init][INFO] 2021-09-26 15:11:38,598: ROS Slave URI: [http://wng:34963/]
[xmlrpc][INFO] 2021-09-26 15:11:38,598: xml rpc node: starting XML-RPC server
[rospy.registration][INFO] 2021-09-26 15:11:38,598: Registering with master node http://localhost:11311
[rospy.init][INFO] 2021-09-26 15:11:38,698: registered with master
[rospy.rosout][INFO] 2021-09-26 15:11:38,698: initializing /rosout core topic
[rospy.rosout][INFO] 2021-09-26 15:11:38,701: connected to core topic /rosout
[rospy.simtime][INFO] 2021-09-26 15:11:38,701: /use_sim_time is not set, will not subscribe to simulated time [/clock] topic
[rospy.internal][INFO] 2021-09-26 15:11:38,763: topic[/move_group/fake_controller_joint_states] adding connection to [http://wng:36519/], count 0
[rospy.internal][INFO] 2021-09-26 15:11:38,918: topic[/joint_states] adding connection to [/joint_state_desired_publisher], count 0
[rospy.internal][INFO] 2021-09-26 15:11:38,919: topic[/rosout] adding connection to [/rosout], count 0
[rospy.internal][INFO] 2021-09-26 15:11:38,919: topic[/joint_states] adding connection to [/robot_state_publisher], count 1
[rospy.internal][INFO] 2021-09-26 15:12:20,446: topic[/joint_states] adding connection to [/move_group_commander_wrappers_1632636705562932417], count 2
[rospy.internal][INFO] 2021-09-26 15:42:33,091: topic[/joint_states] removing connection to /move_group_commander_wrappers_1632636705562932417
[rospy.core][INFO] 2021-09-26 15:56:22,978: signal_shutdown [signal-2]
[rospy.internal][INFO] 2021-09-26 15:56:22,980: topic[/joint_states] removing connection to /joint_state_desired_publisher
[rospy.internal][INFO] 2021-09-26 15:56:22,985: topic[/joint_states] removing connection to /robot_state_publisher
[rospy.internal][INFO] 2021-09-26 15:56:22,986: topic[/rosout] removing connection to /rosout
[rospy.internal][INFO] 2021-09-26 15:56:22,986: topic[/move_group/fake_controller_joint_states] removing connection to http://wng:36519/
[rospy.impl.masterslave][INFO] 2021-09-26 15:56:22,986: signal-2
[rospy.core][INFO] 2021-09-26 15:56:23,087: signal_shutdown [atexit]
