[rospy.client][INFO] 2021-09-23 10:25:45,697: init_node, name[/joint_state_publisher], pid[24814]
[xmlrpc][INFO] 2021-09-23 10:25:45,697: XML-RPC server binding to 0.0.0.0:0
[xmlrpc][INFO] 2021-09-23 10:25:45,697: Started XML-RPC server [http://wng:45877/]
[rospy.init][INFO] 2021-09-23 10:25:45,697: ROS Slave URI: [http://wng:45877/]
[rospy.impl.masterslave][INFO] 2021-09-23 10:25:45,697: _ready: http://wng:45877/
[xmlrpc][INFO] 2021-09-23 10:25:45,698: xml rpc node: starting XML-RPC server
[rospy.registration][INFO] 2021-09-23 10:25:45,698: Registering with master node http://localhost:11311
[rospy.init][INFO] 2021-09-23 10:25:45,797: registered with master
[rospy.rosout][INFO] 2021-09-23 10:25:45,798: initializing /rosout core topic
[rospy.rosout][INFO] 2021-09-23 10:25:45,800: connected to core topic /rosout
[rospy.simtime][INFO] 2021-09-23 10:25:45,800: /use_sim_time is not set, will not subscribe to simulated time [/clock] topic
[rospy.internal][INFO] 2021-09-23 10:25:45,862: topic[/move_group/fake_controller_joint_states] adding connection to [http://wng:35737/], count 0
[rospy.internal][INFO] 2021-09-23 10:25:46,041: topic[/rosout] adding connection to [/rosout], count 0
[rospy.internal][INFO] 2021-09-23 10:25:46,042: topic[/joint_states] adding connection to [/joint_state_desired_publisher], count 0
[rospy.internal][INFO] 2021-09-23 10:25:46,042: topic[/joint_states] adding connection to [/robot_state_publisher], count 1
[rospy.core][INFO] 2021-09-23 10:28:27,687: signal_shutdown [signal-2]
[rospy.internal][INFO] 2021-09-23 10:28:27,688: topic[/joint_states] removing connection to /joint_state_desired_publisher
[rospy.internal][INFO] 2021-09-23 10:28:27,688: topic[/joint_states] removing connection to /robot_state_publisher
[rospy.internal][INFO] 2021-09-23 10:28:27,689: topic[/rosout] removing connection to /rosout
[rospy.internal][INFO] 2021-09-23 10:28:27,689: topic[/move_group/fake_controller_joint_states] removing connection to http://wng:35737/
[rospy.impl.masterslave][INFO] 2021-09-23 10:28:27,689: signal-2
[rospy.core][INFO] 2021-09-23 10:28:27,792: signal_shutdown [atexit]
