[rospy.client][INFO] 2021-09-23 10:47:29,405: init_node, name[/joint_state_publisher], pid[27190]
[xmlrpc][INFO] 2021-09-23 10:47:29,405: XML-RPC server binding to 0.0.0.0:0
[xmlrpc][INFO] 2021-09-23 10:47:29,406: Started XML-RPC server [http://wng:45019/]
[rospy.init][INFO] 2021-09-23 10:47:29,406: ROS Slave URI: [http://wng:45019/]
[rospy.impl.masterslave][INFO] 2021-09-23 10:47:29,406: _ready: http://wng:45019/
[rospy.registration][INFO] 2021-09-23 10:47:29,406: Registering with master node http://localhost:11311
[xmlrpc][INFO] 2021-09-23 10:47:29,406: xml rpc node: starting XML-RPC server
[rospy.init][INFO] 2021-09-23 10:47:29,506: registered with master
[rospy.rosout][INFO] 2021-09-23 10:47:29,506: initializing /rosout core topic
[rospy.rosout][INFO] 2021-09-23 10:47:29,509: connected to core topic /rosout
[rospy.simtime][INFO] 2021-09-23 10:47:29,509: /use_sim_time is not set, will not subscribe to simulated time [/clock] topic
[rospy.internal][INFO] 2021-09-23 10:47:29,571: topic[/move_group/fake_controller_joint_states] adding connection to [http://wng:42829/], count 0
[rospy.internal][INFO] 2021-09-23 10:47:29,709: topic[/rosout] adding connection to [/rosout], count 0
[rospy.internal][INFO] 2021-09-23 10:47:29,807: topic[/joint_states] adding connection to [/joint_state_desired_publisher], count 0
[rospy.internal][INFO] 2021-09-23 10:47:29,809: topic[/joint_states] adding connection to [/robot_state_publisher], count 1
[rospy.core][INFO] 2021-09-23 10:51:39,648: signal_shutdown [signal-2]
[rospy.internal][INFO] 2021-09-23 10:51:39,650: topic[/joint_states] removing connection to /joint_state_desired_publisher
[rospy.internal][INFO] 2021-09-23 10:51:39,650: topic[/joint_states] removing connection to /robot_state_publisher
[rospy.internal][INFO] 2021-09-23 10:51:39,650: topic[/rosout] removing connection to /rosout
[rospy.internal][INFO] 2021-09-23 10:51:39,650: topic[/move_group/fake_controller_joint_states] removing connection to http://wng:42829/
[rospy.internal][WARNING] 2021-09-23 10:51:39,651: Unknown error initiating TCP/IP socket to wng:51577 (http://wng:42829/): Traceback (most recent call last):
  File "/opt/ros/melodic/lib/python2.7/dist-packages/rospy/impl/tcpros_base.py", line 562, in connect
    self.read_header()
  File "/opt/ros/melodic/lib/python2.7/dist-packages/rospy/impl/tcpros_base.py", line 657, in read_header
    self._validate_header(read_ros_handshake_header(sock, self.read_buff, self.protocol.buff_size))
AttributeError: 'NoneType' object has no attribute 'buff_size'

[rospy.topics][ERROR] 2021-09-23 10:51:39,651: Traceback (most recent call last):
  File "/opt/ros/melodic/lib/python2.7/dist-packages/rospy/topics.py", line 326, in close
    c.close()
  File "/opt/ros/melodic/lib/python2.7/dist-packages/rospy/impl/tcpros_base.py", line 846, in close
    self.socket.close()
AttributeError: 'NoneType' object has no attribute 'close'

[rospy.impl.masterslave][INFO] 2021-09-23 10:51:39,651: signal-2
[rospy.core][INFO] 2021-09-23 10:51:39,783: signal_shutdown [atexit]
